[2024-06-24 12:55:18,174] {taskinstance.py:851} INFO - Dependencies all met for <TaskInstance: our_dag_with_python_operator_v07.get_name 2021-12-16T00:00:00+00:00 [queued]>
[2024-06-24 12:55:18,215] {taskinstance.py:851} INFO - Dependencies all met for <TaskInstance: our_dag_with_python_operator_v07.get_name 2021-12-16T00:00:00+00:00 [queued]>
[2024-06-24 12:55:18,216] {taskinstance.py:1042} INFO - 
--------------------------------------------------------------------------------
[2024-06-24 12:55:18,222] {taskinstance.py:1043} INFO - Starting attempt 1 of 6
[2024-06-24 12:55:18,224] {taskinstance.py:1044} INFO - 
--------------------------------------------------------------------------------
[2024-06-24 12:55:18,275] {taskinstance.py:1063} INFO - Executing <Task(PythonOperator): get_name> on 2021-12-16T00:00:00+00:00
[2024-06-24 12:55:18,289] {standard_task_runner.py:52} INFO - Started process 30469 to run task
[2024-06-24 12:55:18,306] {standard_task_runner.py:76} INFO - Running: ['airflow', 'tasks', 'run', 'our_dag_with_python_operator_v07', 'get_name', '2021-12-16T00:00:00+00:00', '--job-id', '1239', '--pool', 'default_pool', '--raw', '--subdir', 'DAGS_FOLDER/create_dag_with_python_operator.py', '--cfg-path', '/tmp/tmphbxr3v5d', '--error-file', '/tmp/tmpg687lcd7']
[2024-06-24 12:55:18,321] {standard_task_runner.py:77} INFO - Job 1239: Subtask get_name
[2024-06-24 12:55:18,624] {logging_mixin.py:104} INFO - Running <TaskInstance: our_dag_with_python_operator_v07.get_name 2021-12-16T00:00:00+00:00 [running]> on host 799b1e36e3f1
[2024-06-24 12:55:19,093] {taskinstance.py:1257} INFO - Exporting the following env vars:
AIRFLOW_CTX_DAG_OWNER=coder2j
AIRFLOW_CTX_DAG_ID=our_dag_with_python_operator_v07
AIRFLOW_CTX_TASK_ID=get_name
AIRFLOW_CTX_EXECUTION_DATE=2021-12-16T00:00:00+00:00
AIRFLOW_CTX_DAG_RUN_ID=scheduled__2021-12-16T00:00:00+00:00
[2024-06-24 12:55:19,494] {python.py:118} INFO - Done. Returned value was: None
[2024-06-24 12:55:19,597] {taskinstance.py:1166} INFO - Marking task as SUCCESS. dag_id=our_dag_with_python_operator_v07, task_id=get_name, execution_date=20211216T000000, start_date=20240624T125518, end_date=20240624T125519
[2024-06-24 12:55:19,855] {taskinstance.py:1220} INFO - 1 downstream tasks scheduled from follow-on schedule check
[2024-06-24 12:55:19,887] {local_task_job.py:146} INFO - Task exited with return code 0
