[2024-07-16 04:53:21,576] {taskinstance.py:851} INFO - Dependencies all met for <TaskInstance: our_dag_with_python_operator_v07.greet 2024-07-15T00:00:00+00:00 [queued]>
[2024-07-16 04:53:21,615] {taskinstance.py:851} INFO - Dependencies all met for <TaskInstance: our_dag_with_python_operator_v07.greet 2024-07-15T00:00:00+00:00 [queued]>
[2024-07-16 04:53:21,617] {taskinstance.py:1042} INFO - 
--------------------------------------------------------------------------------
[2024-07-16 04:53:21,618] {taskinstance.py:1043} INFO - Starting attempt 1 of 6
[2024-07-16 04:53:21,619] {taskinstance.py:1044} INFO - 
--------------------------------------------------------------------------------
[2024-07-16 04:53:21,669] {taskinstance.py:1063} INFO - Executing <Task(PythonOperator): greet> on 2024-07-15T00:00:00+00:00
[2024-07-16 04:53:21,681] {standard_task_runner.py:52} INFO - Started process 14930 to run task
[2024-07-16 04:53:21,703] {standard_task_runner.py:76} INFO - Running: ['airflow', 'tasks', 'run', 'our_dag_with_python_operator_v07', 'greet', '2024-07-15T00:00:00+00:00', '--job-id', '12440', '--pool', 'default_pool', '--raw', '--subdir', 'DAGS_FOLDER/create_dag_with_python_operator.py', '--cfg-path', '/tmp/tmpzmbg0bkj', '--error-file', '/tmp/tmpaf1c1j4k']
[2024-07-16 04:53:21,720] {standard_task_runner.py:77} INFO - Job 12440: Subtask greet
[2024-07-16 04:53:21,890] {logging_mixin.py:104} INFO - Running <TaskInstance: our_dag_with_python_operator_v07.greet 2024-07-15T00:00:00+00:00 [running]> on host 799b1e36e3f1
[2024-07-16 04:53:22,016] {taskinstance.py:1257} INFO - Exporting the following env vars:
AIRFLOW_CTX_DAG_OWNER=coder2j
AIRFLOW_CTX_DAG_ID=our_dag_with_python_operator_v07
AIRFLOW_CTX_TASK_ID=greet
AIRFLOW_CTX_EXECUTION_DATE=2024-07-15T00:00:00+00:00
AIRFLOW_CTX_DAG_RUN_ID=scheduled__2024-07-15T00:00:00+00:00
[2024-07-16 04:53:22,019] {logging_mixin.py:104} INFO - some dict:  {'a': 1, 'b': 2}
[2024-07-16 04:53:22,093] {logging_mixin.py:104} INFO - Hello World! My name is Jerry Fridman, and I am 19 years old!
[2024-07-16 04:53:22,133] {python.py:118} INFO - Done. Returned value was: None
[2024-07-16 04:53:22,163] {taskinstance.py:1166} INFO - Marking task as SUCCESS. dag_id=our_dag_with_python_operator_v07, task_id=greet, execution_date=20240715T000000, start_date=20240716T045321, end_date=20240716T045322
[2024-07-16 04:53:22,223] {taskinstance.py:1220} INFO - 0 downstream tasks scheduled from follow-on schedule check
[2024-07-16 04:53:22,264] {local_task_job.py:146} INFO - Task exited with return code 0
