[2024-06-24 13:01:04,063] {taskinstance.py:851} INFO - Dependencies all met for <TaskInstance: our_dag_with_python_operator_v07.get_name 2022-04-12T00:00:00+00:00 [queued]>
[2024-06-24 13:01:04,263] {taskinstance.py:851} INFO - Dependencies all met for <TaskInstance: our_dag_with_python_operator_v07.get_name 2022-04-12T00:00:00+00:00 [queued]>
[2024-06-24 13:01:04,343] {taskinstance.py:1042} INFO - 
--------------------------------------------------------------------------------
[2024-06-24 13:01:04,380] {taskinstance.py:1043} INFO - Starting attempt 1 of 6
[2024-06-24 13:01:04,417] {taskinstance.py:1044} INFO - 
--------------------------------------------------------------------------------
[2024-06-24 13:01:04,485] {taskinstance.py:1063} INFO - Executing <Task(PythonOperator): get_name> on 2022-04-12T00:00:00+00:00
[2024-06-24 13:01:04,627] {standard_task_runner.py:52} INFO - Started process 35942 to run task
[2024-06-24 13:01:04,663] {standard_task_runner.py:76} INFO - Running: ['airflow', 'tasks', 'run', 'our_dag_with_python_operator_v07', 'get_name', '2022-04-12T00:00:00+00:00', '--job-id', '2574', '--pool', 'default_pool', '--raw', '--subdir', 'DAGS_FOLDER/create_dag_with_python_operator.py', '--cfg-path', '/tmp/tmpbvkl61mq', '--error-file', '/tmp/tmp3hwe26yc']
[2024-06-24 13:01:04,680] {standard_task_runner.py:77} INFO - Job 2574: Subtask get_name
[2024-06-24 13:01:05,277] {logging_mixin.py:104} INFO - Running <TaskInstance: our_dag_with_python_operator_v07.get_name 2022-04-12T00:00:00+00:00 [running]> on host 799b1e36e3f1
[2024-06-24 13:01:05,851] {taskinstance.py:1257} INFO - Exporting the following env vars:
AIRFLOW_CTX_DAG_OWNER=coder2j
AIRFLOW_CTX_DAG_ID=our_dag_with_python_operator_v07
AIRFLOW_CTX_TASK_ID=get_name
AIRFLOW_CTX_EXECUTION_DATE=2022-04-12T00:00:00+00:00
AIRFLOW_CTX_DAG_RUN_ID=scheduled__2022-04-12T00:00:00+00:00
[2024-06-24 13:01:06,130] {python.py:118} INFO - Done. Returned value was: None
[2024-06-24 13:01:06,330] {taskinstance.py:1166} INFO - Marking task as SUCCESS. dag_id=our_dag_with_python_operator_v07, task_id=get_name, execution_date=20220412T000000, start_date=20240624T130104, end_date=20240624T130106
[2024-06-24 13:01:06,824] {taskinstance.py:1220} INFO - 1 downstream tasks scheduled from follow-on schedule check
[2024-06-24 13:01:06,956] {local_task_job.py:146} INFO - Task exited with return code 0
