[2024-06-24 15:06:42,193] {taskinstance.py:851} INFO - Dependencies all met for <TaskInstance: our_first_dag_v5.second_task 2024-06-20T00:00:00+00:00 [queued]>
[2024-06-24 15:06:42,236] {taskinstance.py:851} INFO - Dependencies all met for <TaskInstance: our_first_dag_v5.second_task 2024-06-20T00:00:00+00:00 [queued]>
[2024-06-24 15:06:42,237] {taskinstance.py:1042} INFO - 
--------------------------------------------------------------------------------
[2024-06-24 15:06:42,238] {taskinstance.py:1043} INFO - Starting attempt 1 of 6
[2024-06-24 15:06:42,239] {taskinstance.py:1044} INFO - 
--------------------------------------------------------------------------------
[2024-06-24 15:06:42,333] {taskinstance.py:1063} INFO - Executing <Task(BashOperator): second_task> on 2024-06-20T00:00:00+00:00
[2024-06-24 15:06:42,346] {standard_task_runner.py:52} INFO - Started process 35714 to run task
[2024-06-24 15:06:42,365] {standard_task_runner.py:76} INFO - Running: ['airflow', 'tasks', 'run', 'our_first_dag_v5', 'second_task', '2024-06-20T00:00:00+00:00', '--job-id', '11956', '--pool', 'default_pool', '--raw', '--subdir', 'DAGS_FOLDER/our_first_dag.py', '--cfg-path', '/tmp/tmp9w0xhtgc', '--error-file', '/tmp/tmpt_0lo13x']
[2024-06-24 15:06:42,372] {standard_task_runner.py:77} INFO - Job 11956: Subtask second_task
[2024-06-24 15:06:42,663] {logging_mixin.py:104} INFO - Running <TaskInstance: our_first_dag_v5.second_task 2024-06-20T00:00:00+00:00 [running]> on host 799b1e36e3f1
[2024-06-24 15:06:42,819] {taskinstance.py:1257} INFO - Exporting the following env vars:
AIRFLOW_CTX_DAG_OWNER=coder2j
AIRFLOW_CTX_DAG_ID=our_first_dag_v5
AIRFLOW_CTX_TASK_ID=second_task
AIRFLOW_CTX_EXECUTION_DATE=2024-06-20T00:00:00+00:00
AIRFLOW_CTX_DAG_RUN_ID=scheduled__2024-06-20T00:00:00+00:00
[2024-06-24 15:06:42,825] {bash.py:135} INFO - Tmp dir root location: 
 /tmp
[2024-06-24 15:06:42,828] {bash.py:158} INFO - Running command: echo hey, I am task2 and will be running after task1!
[2024-06-24 15:06:42,856] {bash.py:169} INFO - Output:
[2024-06-24 15:06:42,858] {bash.py:173} INFO - hey, I am task2 and will be running after task1!
[2024-06-24 15:06:42,861] {bash.py:177} INFO - Command exited with return code 0
[2024-06-24 15:06:42,938] {taskinstance.py:1166} INFO - Marking task as SUCCESS. dag_id=our_first_dag_v5, task_id=second_task, execution_date=20240620T000000, start_date=20240624T150642, end_date=20240624T150642
[2024-06-24 15:06:43,069] {taskinstance.py:1220} INFO - 0 downstream tasks scheduled from follow-on schedule check
[2024-06-24 15:06:43,085] {local_task_job.py:146} INFO - Task exited with return code 0
