[2024-06-24 14:24:34,757] {taskinstance.py:851} INFO - Dependencies all met for <TaskInstance: dag_with_python_dependencies_v03.get_sklearn 2022-10-21T00:00:00+00:00 [queued]>
[2024-06-24 14:24:34,868] {taskinstance.py:851} INFO - Dependencies all met for <TaskInstance: dag_with_python_dependencies_v03.get_sklearn 2022-10-21T00:00:00+00:00 [queued]>
[2024-06-24 14:24:34,869] {taskinstance.py:1042} INFO - 
--------------------------------------------------------------------------------
[2024-06-24 14:24:34,870] {taskinstance.py:1043} INFO - Starting attempt 1 of 1
[2024-06-24 14:24:34,870] {taskinstance.py:1044} INFO - 
--------------------------------------------------------------------------------
[2024-06-24 14:24:34,916] {taskinstance.py:1063} INFO - Executing <Task(PythonOperator): get_sklearn> on 2022-10-21T00:00:00+00:00
[2024-06-24 14:24:34,935] {standard_task_runner.py:52} INFO - Started process 9806 to run task
[2024-06-24 14:24:34,947] {standard_task_runner.py:76} INFO - Running: ['airflow', 'tasks', 'run', 'dag_with_python_dependencies_v03', 'get_sklearn', '2022-10-21T00:00:00+00:00', '--job-id', '5409', '--pool', 'default_pool', '--raw', '--subdir', 'DAGS_FOLDER/dag_with_python_dependencies.py', '--cfg-path', '/tmp/tmp4b59m0c_', '--error-file', '/tmp/tmp72zxkme8']
[2024-06-24 14:24:34,960] {standard_task_runner.py:77} INFO - Job 5409: Subtask get_sklearn
[2024-06-24 14:24:35,275] {logging_mixin.py:104} INFO - Running <TaskInstance: dag_with_python_dependencies_v03.get_sklearn 2022-10-21T00:00:00+00:00 [running]> on host 799b1e36e3f1
[2024-06-24 14:24:35,816] {taskinstance.py:1257} INFO - Exporting the following env vars:
AIRFLOW_CTX_DAG_OWNER=coder2j
AIRFLOW_CTX_DAG_ID=dag_with_python_dependencies_v03
AIRFLOW_CTX_TASK_ID=get_sklearn
AIRFLOW_CTX_EXECUTION_DATE=2022-10-21T00:00:00+00:00
AIRFLOW_CTX_DAG_RUN_ID=scheduled__2022-10-21T00:00:00+00:00
[2024-06-24 14:24:38,826] {logging_mixin.py:104} INFO - sklearn with version: 0.24.2
[2024-06-24 14:24:38,828] {python.py:118} INFO - Done. Returned value was: None
[2024-06-24 14:24:38,908] {taskinstance.py:1166} INFO - Marking task as SUCCESS. dag_id=dag_with_python_dependencies_v03, task_id=get_sklearn, execution_date=20221021T000000, start_date=20240624T142434, end_date=20240624T142438
[2024-06-24 14:24:39,014] {taskinstance.py:1220} INFO - 1 downstream tasks scheduled from follow-on schedule check
[2024-06-24 14:24:39,096] {local_task_job.py:146} INFO - Task exited with return code 0
