[2024-06-24 14:23:13,606] {taskinstance.py:851} INFO - Dependencies all met for <TaskInstance: dag_with_taskflow_api_v02.get_age 2022-11-01T00:00:00+00:00 [queued]>
[2024-06-24 14:23:13,655] {taskinstance.py:851} INFO - Dependencies all met for <TaskInstance: dag_with_taskflow_api_v02.get_age 2022-11-01T00:00:00+00:00 [queued]>
[2024-06-24 14:23:13,657] {taskinstance.py:1042} INFO - 
--------------------------------------------------------------------------------
[2024-06-24 14:23:13,660] {taskinstance.py:1043} INFO - Starting attempt 1 of 6
[2024-06-24 14:23:13,661] {taskinstance.py:1044} INFO - 
--------------------------------------------------------------------------------
[2024-06-24 14:23:13,695] {taskinstance.py:1063} INFO - Executing <Task(_PythonDecoratedOperator): get_age> on 2022-11-01T00:00:00+00:00
[2024-06-24 14:23:13,716] {standard_task_runner.py:52} INFO - Started process 7602 to run task
[2024-06-24 14:23:13,732] {standard_task_runner.py:76} INFO - Running: ['airflow', 'tasks', 'run', 'dag_with_taskflow_api_v02', 'get_age', '2022-11-01T00:00:00+00:00', '--job-id', '4797', '--pool', 'default_pool', '--raw', '--subdir', 'DAGS_FOLDER/dag_with_taskflow_api.py', '--cfg-path', '/tmp/tmpa0mgtpd7', '--error-file', '/tmp/tmp4kctwzpn']
[2024-06-24 14:23:13,746] {standard_task_runner.py:77} INFO - Job 4797: Subtask get_age
[2024-06-24 14:23:13,959] {logging_mixin.py:104} INFO - Running <TaskInstance: dag_with_taskflow_api_v02.get_age 2022-11-01T00:00:00+00:00 [running]> on host 799b1e36e3f1
[2024-06-24 14:23:14,169] {taskinstance.py:1257} INFO - Exporting the following env vars:
AIRFLOW_CTX_DAG_OWNER=coder2j
AIRFLOW_CTX_DAG_ID=dag_with_taskflow_api_v02
AIRFLOW_CTX_TASK_ID=get_age
AIRFLOW_CTX_EXECUTION_DATE=2022-11-01T00:00:00+00:00
AIRFLOW_CTX_DAG_RUN_ID=scheduled__2022-11-01T00:00:00+00:00
[2024-06-24 14:23:14,324] {taskinstance.py:1166} INFO - Marking task as SUCCESS. dag_id=dag_with_taskflow_api_v02, task_id=get_age, execution_date=20221101T000000, start_date=20240624T142313, end_date=20240624T142314
[2024-06-24 14:23:14,517] {taskinstance.py:1220} INFO - 1 downstream tasks scheduled from follow-on schedule check
[2024-06-24 14:23:14,559] {local_task_job.py:146} INFO - Task exited with return code 0
