[2024-06-24 14:30:38,813] {taskinstance.py:851} INFO - Dependencies all met for <TaskInstance: our_dag_with_python_operator_v07.get_age 2023-08-13T00:00:00+00:00 [queued]>
[2024-06-24 14:30:38,926] {taskinstance.py:851} INFO - Dependencies all met for <TaskInstance: our_dag_with_python_operator_v07.get_age 2023-08-13T00:00:00+00:00 [queued]>
[2024-06-24 14:30:38,953] {taskinstance.py:1042} INFO - 
--------------------------------------------------------------------------------
[2024-06-24 14:30:38,956] {taskinstance.py:1043} INFO - Starting attempt 1 of 6
[2024-06-24 14:30:38,958] {taskinstance.py:1044} INFO - 
--------------------------------------------------------------------------------
[2024-06-24 14:30:39,064] {taskinstance.py:1063} INFO - Executing <Task(PythonOperator): get_age> on 2023-08-13T00:00:00+00:00
[2024-06-24 14:30:39,087] {standard_task_runner.py:52} INFO - Started process 19575 to run task
[2024-06-24 14:30:39,095] {standard_task_runner.py:76} INFO - Running: ['airflow', 'tasks', 'run', 'our_dag_with_python_operator_v07', 'get_age', '2023-08-13T00:00:00+00:00', '--job-id', '8023', '--pool', 'default_pool', '--raw', '--subdir', 'DAGS_FOLDER/create_dag_with_python_operator.py', '--cfg-path', '/tmp/tmpiti18qdj', '--error-file', '/tmp/tmpbzop9ob4']
[2024-06-24 14:30:39,101] {standard_task_runner.py:77} INFO - Job 8023: Subtask get_age
[2024-06-24 14:30:39,477] {logging_mixin.py:104} INFO - Running <TaskInstance: our_dag_with_python_operator_v07.get_age 2023-08-13T00:00:00+00:00 [running]> on host 799b1e36e3f1
[2024-06-24 14:30:39,730] {taskinstance.py:1257} INFO - Exporting the following env vars:
AIRFLOW_CTX_DAG_OWNER=coder2j
AIRFLOW_CTX_DAG_ID=our_dag_with_python_operator_v07
AIRFLOW_CTX_TASK_ID=get_age
AIRFLOW_CTX_EXECUTION_DATE=2023-08-13T00:00:00+00:00
AIRFLOW_CTX_DAG_RUN_ID=scheduled__2023-08-13T00:00:00+00:00
[2024-06-24 14:30:39,864] {python.py:118} INFO - Done. Returned value was: None
[2024-06-24 14:30:40,059] {taskinstance.py:1166} INFO - Marking task as SUCCESS. dag_id=our_dag_with_python_operator_v07, task_id=get_age, execution_date=20230813T000000, start_date=20240624T143038, end_date=20240624T143040
[2024-06-24 14:30:40,191] {taskinstance.py:1220} INFO - 1 downstream tasks scheduled from follow-on schedule check
[2024-06-24 14:30:40,264] {local_task_job.py:146} INFO - Task exited with return code 0
