[2024-07-23 11:11:25,717] {taskinstance.py:851} INFO - Dependencies all met for <TaskInstance: our_dag_with_python_operator_v07.greet 2024-07-16T00:00:00+00:00 [queued]>
[2024-07-23 11:11:26,270] {taskinstance.py:851} INFO - Dependencies all met for <TaskInstance: our_dag_with_python_operator_v07.greet 2024-07-16T00:00:00+00:00 [queued]>
[2024-07-23 11:11:26,271] {taskinstance.py:1042} INFO - 
--------------------------------------------------------------------------------
[2024-07-23 11:11:26,272] {taskinstance.py:1043} INFO - Starting attempt 1 of 6
[2024-07-23 11:11:26,277] {taskinstance.py:1044} INFO - 
--------------------------------------------------------------------------------
[2024-07-23 11:11:26,399] {taskinstance.py:1063} INFO - Executing <Task(PythonOperator): greet> on 2024-07-16T00:00:00+00:00
[2024-07-23 11:11:26,421] {standard_task_runner.py:52} INFO - Started process 344 to run task
[2024-07-23 11:11:26,434] {standard_task_runner.py:76} INFO - Running: ['airflow', 'tasks', 'run', 'our_dag_with_python_operator_v07', 'greet', '2024-07-16T00:00:00+00:00', '--job-id', '12490', '--pool', 'default_pool', '--raw', '--subdir', 'DAGS_FOLDER/create_dag_with_python_operator.py', '--cfg-path', '/tmp/tmpg36c8fnn', '--error-file', '/tmp/tmph_0jxxb_']
[2024-07-23 11:11:26,456] {standard_task_runner.py:77} INFO - Job 12490: Subtask greet
[2024-07-23 11:11:27,316] {logging_mixin.py:104} INFO - Running <TaskInstance: our_dag_with_python_operator_v07.greet 2024-07-16T00:00:00+00:00 [running]> on host 799b1e36e3f1
[2024-07-23 11:11:27,674] {taskinstance.py:1257} INFO - Exporting the following env vars:
AIRFLOW_CTX_DAG_OWNER=coder2j
AIRFLOW_CTX_DAG_ID=our_dag_with_python_operator_v07
AIRFLOW_CTX_TASK_ID=greet
AIRFLOW_CTX_EXECUTION_DATE=2024-07-16T00:00:00+00:00
AIRFLOW_CTX_DAG_RUN_ID=scheduled__2024-07-16T00:00:00+00:00
[2024-07-23 11:11:27,688] {logging_mixin.py:104} INFO - some dict:  {'a': 1, 'b': 2}
[2024-07-23 11:11:27,991] {logging_mixin.py:104} INFO - Hello World! My name is Jerry Fridman, and I am 19 years old!
[2024-07-23 11:11:28,004] {python.py:118} INFO - Done. Returned value was: None
[2024-07-23 11:11:28,188] {taskinstance.py:1166} INFO - Marking task as SUCCESS. dag_id=our_dag_with_python_operator_v07, task_id=greet, execution_date=20240716T000000, start_date=20240723T111125, end_date=20240723T111128
[2024-07-23 11:11:28,413] {taskinstance.py:1220} INFO - 0 downstream tasks scheduled from follow-on schedule check
[2024-07-23 11:11:28,466] {local_task_job.py:146} INFO - Task exited with return code 0
