[2024-07-04 19:07:08,336] {taskinstance.py:851} INFO - Dependencies all met for <TaskInstance: dag_with_cron_expression_v04.task1 2024-07-02T03:00:00+00:00 [queued]>
[2024-07-04 19:07:08,386] {taskinstance.py:851} INFO - Dependencies all met for <TaskInstance: dag_with_cron_expression_v04.task1 2024-07-02T03:00:00+00:00 [queued]>
[2024-07-04 19:07:08,388] {taskinstance.py:1042} INFO - 
--------------------------------------------------------------------------------
[2024-07-04 19:07:08,392] {taskinstance.py:1043} INFO - Starting attempt 1 of 6
[2024-07-04 19:07:08,393] {taskinstance.py:1044} INFO - 
--------------------------------------------------------------------------------
[2024-07-04 19:07:08,418] {taskinstance.py:1063} INFO - Executing <Task(BashOperator): task1> on 2024-07-02T03:00:00+00:00
[2024-07-04 19:07:08,433] {standard_task_runner.py:52} INFO - Started process 256 to run task
[2024-07-04 19:07:08,441] {standard_task_runner.py:76} INFO - Running: ['airflow', 'tasks', 'run', 'dag_with_cron_expression_v04', 'task1', '2024-07-02T03:00:00+00:00', '--job-id', '12228', '--pool', 'default_pool', '--raw', '--subdir', 'DAGS_FOLDER/dag_with_cron_expression.py', '--cfg-path', '/tmp/tmp3ac7wpen', '--error-file', '/tmp/tmpexa11u03']
[2024-07-04 19:07:08,451] {standard_task_runner.py:77} INFO - Job 12228: Subtask task1
[2024-07-04 19:07:08,666] {logging_mixin.py:104} INFO - Running <TaskInstance: dag_with_cron_expression_v04.task1 2024-07-02T03:00:00+00:00 [running]> on host 799b1e36e3f1
[2024-07-04 19:07:08,947] {taskinstance.py:1257} INFO - Exporting the following env vars:
AIRFLOW_CTX_DAG_OWNER=coder2j
AIRFLOW_CTX_DAG_ID=dag_with_cron_expression_v04
AIRFLOW_CTX_TASK_ID=task1
AIRFLOW_CTX_EXECUTION_DATE=2024-07-02T03:00:00+00:00
AIRFLOW_CTX_DAG_RUN_ID=scheduled__2024-07-02T03:00:00+00:00
[2024-07-04 19:07:09,042] {bash.py:135} INFO - Tmp dir root location: 
 /tmp
[2024-07-04 19:07:09,052] {bash.py:158} INFO - Running command: echo dag with cron expression!
[2024-07-04 19:07:09,167] {bash.py:169} INFO - Output:
[2024-07-04 19:07:09,176] {bash.py:173} INFO - dag with cron expression!
[2024-07-04 19:07:09,177] {bash.py:177} INFO - Command exited with return code 0
[2024-07-04 19:07:09,358] {taskinstance.py:1166} INFO - Marking task as SUCCESS. dag_id=dag_with_cron_expression_v04, task_id=task1, execution_date=20240702T030000, start_date=20240704T190708, end_date=20240704T190709
[2024-07-04 19:07:09,812] {taskinstance.py:1220} INFO - 0 downstream tasks scheduled from follow-on schedule check
[2024-07-04 19:07:09,829] {local_task_job.py:146} INFO - Task exited with return code 0
