[2024-07-04 19:07:05,986] {taskinstance.py:851} INFO - Dependencies all met for <TaskInstance: dag_with_taskflow_api_v02.get_name 2024-06-27T00:00:00+00:00 [queued]>
[2024-07-04 19:07:06,263] {taskinstance.py:851} INFO - Dependencies all met for <TaskInstance: dag_with_taskflow_api_v02.get_name 2024-06-27T00:00:00+00:00 [queued]>
[2024-07-04 19:07:06,282] {taskinstance.py:1042} INFO - 
--------------------------------------------------------------------------------
[2024-07-04 19:07:06,283] {taskinstance.py:1043} INFO - Starting attempt 1 of 6
[2024-07-04 19:07:06,284] {taskinstance.py:1044} INFO - 
--------------------------------------------------------------------------------
[2024-07-04 19:07:06,467] {taskinstance.py:1063} INFO - Executing <Task(_PythonDecoratedOperator): get_name> on 2024-06-27T00:00:00+00:00
[2024-07-04 19:07:06,536] {standard_task_runner.py:52} INFO - Started process 209 to run task
[2024-07-04 19:07:06,558] {standard_task_runner.py:76} INFO - Running: ['airflow', 'tasks', 'run', 'dag_with_taskflow_api_v02', 'get_name', '2024-06-27T00:00:00+00:00', '--job-id', '12215', '--pool', 'default_pool', '--raw', '--subdir', 'DAGS_FOLDER/dag_with_taskflow_api.py', '--cfg-path', '/tmp/tmpuq33jl9z', '--error-file', '/tmp/tmp007k14sm']
[2024-07-04 19:07:06,622] {standard_task_runner.py:77} INFO - Job 12215: Subtask get_name
[2024-07-04 19:07:07,040] {logging_mixin.py:104} INFO - Running <TaskInstance: dag_with_taskflow_api_v02.get_name 2024-06-27T00:00:00+00:00 [running]> on host 799b1e36e3f1
[2024-07-04 19:07:07,391] {taskinstance.py:1257} INFO - Exporting the following env vars:
AIRFLOW_CTX_DAG_OWNER=coder2j
AIRFLOW_CTX_DAG_ID=dag_with_taskflow_api_v02
AIRFLOW_CTX_TASK_ID=get_name
AIRFLOW_CTX_EXECUTION_DATE=2024-06-27T00:00:00+00:00
AIRFLOW_CTX_DAG_RUN_ID=scheduled__2024-06-27T00:00:00+00:00
[2024-07-04 19:07:07,682] {taskinstance.py:1166} INFO - Marking task as SUCCESS. dag_id=dag_with_taskflow_api_v02, task_id=get_name, execution_date=20240627T000000, start_date=20240704T190705, end_date=20240704T190707
[2024-07-04 19:07:07,988] {taskinstance.py:1220} INFO - 0 downstream tasks scheduled from follow-on schedule check
[2024-07-04 19:07:08,035] {local_task_job.py:146} INFO - Task exited with return code 0
