[2024-06-24 14:19:40,835] {taskinstance.py:851} INFO - Dependencies all met for <TaskInstance: dag_with_taskflow_api_v02.get_age 2022-07-02T00:00:00+00:00 [queued]>
[2024-06-24 14:19:40,936] {taskinstance.py:851} INFO - Dependencies all met for <TaskInstance: dag_with_taskflow_api_v02.get_age 2022-07-02T00:00:00+00:00 [queued]>
[2024-06-24 14:19:40,940] {taskinstance.py:1042} INFO - 
--------------------------------------------------------------------------------
[2024-06-24 14:19:40,940] {taskinstance.py:1043} INFO - Starting attempt 1 of 6
[2024-06-24 14:19:40,941] {taskinstance.py:1044} INFO - 
--------------------------------------------------------------------------------
[2024-06-24 14:19:41,024] {taskinstance.py:1063} INFO - Executing <Task(_PythonDecoratedOperator): get_age> on 2022-07-02T00:00:00+00:00
[2024-06-24 14:19:41,045] {standard_task_runner.py:52} INFO - Started process 2652 to run task
[2024-06-24 14:19:41,062] {standard_task_runner.py:76} INFO - Running: ['airflow', 'tasks', 'run', 'dag_with_taskflow_api_v02', 'get_age', '2022-07-02T00:00:00+00:00', '--job-id', '3504', '--pool', 'default_pool', '--raw', '--subdir', 'DAGS_FOLDER/dag_with_taskflow_api.py', '--cfg-path', '/tmp/tmpyh_jpehs', '--error-file', '/tmp/tmppvgpd98g']
[2024-06-24 14:19:41,070] {standard_task_runner.py:77} INFO - Job 3504: Subtask get_age
[2024-06-24 14:19:41,376] {logging_mixin.py:104} INFO - Running <TaskInstance: dag_with_taskflow_api_v02.get_age 2022-07-02T00:00:00+00:00 [running]> on host 799b1e36e3f1
[2024-06-24 14:19:41,617] {taskinstance.py:1257} INFO - Exporting the following env vars:
AIRFLOW_CTX_DAG_OWNER=coder2j
AIRFLOW_CTX_DAG_ID=dag_with_taskflow_api_v02
AIRFLOW_CTX_TASK_ID=get_age
AIRFLOW_CTX_EXECUTION_DATE=2022-07-02T00:00:00+00:00
AIRFLOW_CTX_DAG_RUN_ID=scheduled__2022-07-02T00:00:00+00:00
[2024-06-24 14:19:41,780] {taskinstance.py:1166} INFO - Marking task as SUCCESS. dag_id=dag_with_taskflow_api_v02, task_id=get_age, execution_date=20220702T000000, start_date=20240624T141940, end_date=20240624T141941
[2024-06-24 14:19:41,926] {taskinstance.py:1220} INFO - 0 downstream tasks scheduled from follow-on schedule check
[2024-06-24 14:19:41,966] {local_task_job.py:146} INFO - Task exited with return code 0
