[2024-06-24 12:58:57,481] {taskinstance.py:851} INFO - Dependencies all met for <TaskInstance: our_dag_with_python_operator_v07.get_age 2022-02-18T00:00:00+00:00 [queued]>
[2024-06-24 12:58:57,672] {taskinstance.py:851} INFO - Dependencies all met for <TaskInstance: our_dag_with_python_operator_v07.get_age 2022-02-18T00:00:00+00:00 [queued]>
[2024-06-24 12:58:57,683] {taskinstance.py:1042} INFO - 
--------------------------------------------------------------------------------
[2024-06-24 12:58:57,684] {taskinstance.py:1043} INFO - Starting attempt 1 of 6
[2024-06-24 12:58:57,686] {taskinstance.py:1044} INFO - 
--------------------------------------------------------------------------------
[2024-06-24 12:58:57,995] {taskinstance.py:1063} INFO - Executing <Task(PythonOperator): get_age> on 2022-02-18T00:00:00+00:00
[2024-06-24 12:58:58,073] {standard_task_runner.py:52} INFO - Started process 33943 to run task
[2024-06-24 12:58:58,139] {standard_task_runner.py:76} INFO - Running: ['airflow', 'tasks', 'run', 'our_dag_with_python_operator_v07', 'get_age', '2022-02-18T00:00:00+00:00', '--job-id', '2065', '--pool', 'default_pool', '--raw', '--subdir', 'DAGS_FOLDER/create_dag_with_python_operator.py', '--cfg-path', '/tmp/tmp93inngzk', '--error-file', '/tmp/tmp40tb7asi']
[2024-06-24 12:58:58,154] {standard_task_runner.py:77} INFO - Job 2065: Subtask get_age
[2024-06-24 12:58:58,456] {logging_mixin.py:104} INFO - Running <TaskInstance: our_dag_with_python_operator_v07.get_age 2022-02-18T00:00:00+00:00 [running]> on host 799b1e36e3f1
[2024-06-24 12:58:58,733] {taskinstance.py:1257} INFO - Exporting the following env vars:
AIRFLOW_CTX_DAG_OWNER=coder2j
AIRFLOW_CTX_DAG_ID=our_dag_with_python_operator_v07
AIRFLOW_CTX_TASK_ID=get_age
AIRFLOW_CTX_EXECUTION_DATE=2022-02-18T00:00:00+00:00
AIRFLOW_CTX_DAG_RUN_ID=scheduled__2022-02-18T00:00:00+00:00
[2024-06-24 12:58:58,999] {python.py:118} INFO - Done. Returned value was: None
[2024-06-24 12:58:59,114] {taskinstance.py:1166} INFO - Marking task as SUCCESS. dag_id=our_dag_with_python_operator_v07, task_id=get_age, execution_date=20220218T000000, start_date=20240624T125857, end_date=20240624T125859
[2024-06-24 12:58:59,413] {taskinstance.py:1220} INFO - 1 downstream tasks scheduled from follow-on schedule check
[2024-06-24 12:58:59,491] {local_task_job.py:146} INFO - Task exited with return code 0
