[2024-06-24 15:04:25,412] {taskinstance.py:851} INFO - Dependencies all met for <TaskInstance: dag_with_python_dependencies_v03.get_sklearn 2024-01-13T00:00:00+00:00 [queued]>
[2024-06-24 15:04:25,461] {taskinstance.py:851} INFO - Dependencies all met for <TaskInstance: dag_with_python_dependencies_v03.get_sklearn 2024-01-13T00:00:00+00:00 [queued]>
[2024-06-24 15:04:25,462] {taskinstance.py:1042} INFO - 
--------------------------------------------------------------------------------
[2024-06-24 15:04:25,467] {taskinstance.py:1043} INFO - Starting attempt 1 of 1
[2024-06-24 15:04:25,468] {taskinstance.py:1044} INFO - 
--------------------------------------------------------------------------------
[2024-06-24 15:04:25,539] {taskinstance.py:1063} INFO - Executing <Task(PythonOperator): get_sklearn> on 2024-01-13T00:00:00+00:00
[2024-06-24 15:04:25,555] {standard_task_runner.py:52} INFO - Started process 32063 to run task
[2024-06-24 15:04:25,564] {standard_task_runner.py:76} INFO - Running: ['airflow', 'tasks', 'run', 'dag_with_python_dependencies_v03', 'get_sklearn', '2024-01-13T00:00:00+00:00', '--job-id', '11099', '--pool', 'default_pool', '--raw', '--subdir', 'DAGS_FOLDER/dag_with_python_dependencies.py', '--cfg-path', '/tmp/tmpd2pp3h5m', '--error-file', '/tmp/tmppxz4ijl8']
[2024-06-24 15:04:25,575] {standard_task_runner.py:77} INFO - Job 11099: Subtask get_sklearn
[2024-06-24 15:04:25,932] {logging_mixin.py:104} INFO - Running <TaskInstance: dag_with_python_dependencies_v03.get_sklearn 2024-01-13T00:00:00+00:00 [running]> on host 799b1e36e3f1
[2024-06-24 15:04:26,138] {taskinstance.py:1257} INFO - Exporting the following env vars:
AIRFLOW_CTX_DAG_OWNER=coder2j
AIRFLOW_CTX_DAG_ID=dag_with_python_dependencies_v03
AIRFLOW_CTX_TASK_ID=get_sklearn
AIRFLOW_CTX_EXECUTION_DATE=2024-01-13T00:00:00+00:00
AIRFLOW_CTX_DAG_RUN_ID=scheduled__2024-01-13T00:00:00+00:00
[2024-06-24 15:04:29,575] {logging_mixin.py:104} INFO - sklearn with version: 0.24.2
[2024-06-24 15:04:29,576] {python.py:118} INFO - Done. Returned value was: None
[2024-06-24 15:04:29,609] {taskinstance.py:1166} INFO - Marking task as SUCCESS. dag_id=dag_with_python_dependencies_v03, task_id=get_sklearn, execution_date=20240113T000000, start_date=20240624T150425, end_date=20240624T150429
[2024-06-24 15:04:29,764] {taskinstance.py:1220} INFO - 1 downstream tasks scheduled from follow-on schedule check
[2024-06-24 15:04:29,832] {local_task_job.py:146} INFO - Task exited with return code 0
