[2024-07-14 01:18:22,103] {taskinstance.py:851} INFO - Dependencies all met for <TaskInstance: dag_with_taskflow_api_v02.get_age 2024-07-13T00:00:00+00:00 [queued]>
[2024-07-14 01:18:22,179] {taskinstance.py:851} INFO - Dependencies all met for <TaskInstance: dag_with_taskflow_api_v02.get_age 2024-07-13T00:00:00+00:00 [queued]>
[2024-07-14 01:18:22,181] {taskinstance.py:1042} INFO - 
--------------------------------------------------------------------------------
[2024-07-14 01:18:22,182] {taskinstance.py:1043} INFO - Starting attempt 1 of 6
[2024-07-14 01:18:22,183] {taskinstance.py:1044} INFO - 
--------------------------------------------------------------------------------
[2024-07-14 01:18:22,208] {taskinstance.py:1063} INFO - Executing <Task(_PythonDecoratedOperator): get_age> on 2024-07-13T00:00:00+00:00
[2024-07-14 01:18:22,221] {standard_task_runner.py:52} INFO - Started process 35208 to run task
[2024-07-14 01:18:22,243] {standard_task_runner.py:76} INFO - Running: ['airflow', 'tasks', 'run', 'dag_with_taskflow_api_v02', 'get_age', '2024-07-13T00:00:00+00:00', '--job-id', '12409', '--pool', 'default_pool', '--raw', '--subdir', 'DAGS_FOLDER/dag_with_taskflow_api.py', '--cfg-path', '/tmp/tmpmos6xwp8', '--error-file', '/tmp/tmpl4nmzljf']
[2024-07-14 01:18:22,269] {standard_task_runner.py:77} INFO - Job 12409: Subtask get_age
[2024-07-14 01:18:34,510] {logging_mixin.py:104} INFO - Running <TaskInstance: dag_with_taskflow_api_v02.get_age 2024-07-13T00:00:00+00:00 [running]> on host 799b1e36e3f1
[2024-07-14 01:18:35,532] {taskinstance.py:1257} INFO - Exporting the following env vars:
AIRFLOW_CTX_DAG_OWNER=coder2j
AIRFLOW_CTX_DAG_ID=dag_with_taskflow_api_v02
AIRFLOW_CTX_TASK_ID=get_age
AIRFLOW_CTX_EXECUTION_DATE=2024-07-13T00:00:00+00:00
AIRFLOW_CTX_DAG_RUN_ID=scheduled__2024-07-13T00:00:00+00:00
[2024-07-14 01:18:35,753] {taskinstance.py:1166} INFO - Marking task as SUCCESS. dag_id=dag_with_taskflow_api_v02, task_id=get_age, execution_date=20240713T000000, start_date=20240714T011822, end_date=20240714T011835
[2024-07-14 01:18:36,089] {taskinstance.py:1220} INFO - 0 downstream tasks scheduled from follow-on schedule check
[2024-07-14 01:18:36,407] {local_task_job.py:146} INFO - Task exited with return code 0
