[2024-06-24 14:43:25,893] {taskinstance.py:851} INFO - Dependencies all met for <TaskInstance: dag_with_python_dependencies_v03.get_sklearn 2023-07-31T00:00:00+00:00 [queued]>
[2024-06-24 14:43:25,915] {taskinstance.py:851} INFO - Dependencies all met for <TaskInstance: dag_with_python_dependencies_v03.get_sklearn 2023-07-31T00:00:00+00:00 [queued]>
[2024-06-24 14:43:25,917] {taskinstance.py:1042} INFO - 
--------------------------------------------------------------------------------
[2024-06-24 14:43:25,937] {taskinstance.py:1043} INFO - Starting attempt 1 of 1
[2024-06-24 14:43:25,938] {taskinstance.py:1044} INFO - 
--------------------------------------------------------------------------------
[2024-06-24 14:43:25,991] {taskinstance.py:1063} INFO - Executing <Task(PythonOperator): get_sklearn> on 2023-07-31T00:00:00+00:00
[2024-06-24 14:43:26,005] {standard_task_runner.py:52} INFO - Started process 23392 to run task
[2024-06-24 14:43:26,023] {standard_task_runner.py:76} INFO - Running: ['airflow', 'tasks', 'run', 'dag_with_python_dependencies_v03', 'get_sklearn', '2023-07-31T00:00:00+00:00', '--job-id', '8960', '--pool', 'default_pool', '--raw', '--subdir', 'DAGS_FOLDER/dag_with_python_dependencies.py', '--cfg-path', '/tmp/tmpjq6fqa7s', '--error-file', '/tmp/tmpzv5dy0ie']
[2024-06-24 14:43:26,052] {standard_task_runner.py:77} INFO - Job 8960: Subtask get_sklearn
[2024-06-24 14:43:26,282] {logging_mixin.py:104} INFO - Running <TaskInstance: dag_with_python_dependencies_v03.get_sklearn 2023-07-31T00:00:00+00:00 [running]> on host 799b1e36e3f1
[2024-06-24 14:43:26,490] {taskinstance.py:1257} INFO - Exporting the following env vars:
AIRFLOW_CTX_DAG_OWNER=coder2j
AIRFLOW_CTX_DAG_ID=dag_with_python_dependencies_v03
AIRFLOW_CTX_TASK_ID=get_sklearn
AIRFLOW_CTX_EXECUTION_DATE=2023-07-31T00:00:00+00:00
AIRFLOW_CTX_DAG_RUN_ID=scheduled__2023-07-31T00:00:00+00:00
[2024-06-24 14:43:30,667] {logging_mixin.py:104} INFO - sklearn with version: 0.24.2
[2024-06-24 14:43:30,669] {python.py:118} INFO - Done. Returned value was: None
[2024-06-24 14:43:30,699] {taskinstance.py:1166} INFO - Marking task as SUCCESS. dag_id=dag_with_python_dependencies_v03, task_id=get_sklearn, execution_date=20230731T000000, start_date=20240624T144325, end_date=20240624T144330
[2024-06-24 14:43:30,839] {taskinstance.py:1220} INFO - 1 downstream tasks scheduled from follow-on schedule check
[2024-06-24 14:43:30,897] {local_task_job.py:146} INFO - Task exited with return code 0
