[2024-06-24 12:56:34,943] {taskinstance.py:851} INFO - Dependencies all met for <TaskInstance: our_first_dag_v5.thrid_task 2021-10-29T00:00:00+00:00 [queued]>
[2024-06-24 12:56:34,998] {taskinstance.py:851} INFO - Dependencies all met for <TaskInstance: our_first_dag_v5.thrid_task 2021-10-29T00:00:00+00:00 [queued]>
[2024-06-24 12:56:35,010] {taskinstance.py:1042} INFO - 
--------------------------------------------------------------------------------
[2024-06-24 12:56:35,012] {taskinstance.py:1043} INFO - Starting attempt 1 of 6
[2024-06-24 12:56:35,015] {taskinstance.py:1044} INFO - 
--------------------------------------------------------------------------------
[2024-06-24 12:56:35,125] {taskinstance.py:1063} INFO - Executing <Task(BashOperator): thrid_task> on 2021-10-29T00:00:00+00:00
[2024-06-24 12:56:35,192] {standard_task_runner.py:52} INFO - Started process 31732 to run task
[2024-06-24 12:56:35,253] {standard_task_runner.py:76} INFO - Running: ['airflow', 'tasks', 'run', 'our_first_dag_v5', 'thrid_task', '2021-10-29T00:00:00+00:00', '--job-id', '1534', '--pool', 'default_pool', '--raw', '--subdir', 'DAGS_FOLDER/our_first_dag.py', '--cfg-path', '/tmp/tmpa0j628l2', '--error-file', '/tmp/tmpb_ouechs']
[2024-06-24 12:56:35,287] {standard_task_runner.py:77} INFO - Job 1534: Subtask thrid_task
[2024-06-24 12:56:35,847] {logging_mixin.py:104} INFO - Running <TaskInstance: our_first_dag_v5.thrid_task 2021-10-29T00:00:00+00:00 [running]> on host 799b1e36e3f1
[2024-06-24 12:56:36,176] {taskinstance.py:1257} INFO - Exporting the following env vars:
AIRFLOW_CTX_DAG_OWNER=coder2j
AIRFLOW_CTX_DAG_ID=our_first_dag_v5
AIRFLOW_CTX_TASK_ID=thrid_task
AIRFLOW_CTX_EXECUTION_DATE=2021-10-29T00:00:00+00:00
AIRFLOW_CTX_DAG_RUN_ID=scheduled__2021-10-29T00:00:00+00:00
[2024-06-24 12:56:36,188] {bash.py:135} INFO - Tmp dir root location: 
 /tmp
[2024-06-24 12:56:36,199] {bash.py:158} INFO - Running command: echo hey, I am task3 and will be running after task1 at the same time as task2!
[2024-06-24 12:56:36,269] {bash.py:169} INFO - Output:
[2024-06-24 12:56:36,274] {bash.py:173} INFO - hey, I am task3 and will be running after task1 at the same time as task2!
[2024-06-24 12:56:36,285] {bash.py:177} INFO - Command exited with return code 0
[2024-06-24 12:56:36,497] {taskinstance.py:1166} INFO - Marking task as SUCCESS. dag_id=our_first_dag_v5, task_id=thrid_task, execution_date=20211029T000000, start_date=20240624T125634, end_date=20240624T125636
[2024-06-24 12:56:36,663] {taskinstance.py:1220} INFO - 0 downstream tasks scheduled from follow-on schedule check
[2024-06-24 12:56:36,738] {local_task_job.py:146} INFO - Task exited with return code 0
