[2024-06-24 12:55:18,483] {taskinstance.py:851} INFO - Dependencies all met for <TaskInstance: dag_with_taskflow_api_v02.get_age 2021-12-28T00:00:00+00:00 [queued]>
[2024-06-24 12:55:18,563] {taskinstance.py:851} INFO - Dependencies all met for <TaskInstance: dag_with_taskflow_api_v02.get_age 2021-12-28T00:00:00+00:00 [queued]>
[2024-06-24 12:55:18,575] {taskinstance.py:1042} INFO - 
--------------------------------------------------------------------------------
[2024-06-24 12:55:18,578] {taskinstance.py:1043} INFO - Starting attempt 1 of 6
[2024-06-24 12:55:18,581] {taskinstance.py:1044} INFO - 
--------------------------------------------------------------------------------
[2024-06-24 12:55:18,661] {taskinstance.py:1063} INFO - Executing <Task(_PythonDecoratedOperator): get_age> on 2021-12-28T00:00:00+00:00
[2024-06-24 12:55:18,678] {standard_task_runner.py:52} INFO - Started process 30481 to run task
[2024-06-24 12:55:18,718] {standard_task_runner.py:76} INFO - Running: ['airflow', 'tasks', 'run', 'dag_with_taskflow_api_v02', 'get_age', '2021-12-28T00:00:00+00:00', '--job-id', '1247', '--pool', 'default_pool', '--raw', '--subdir', 'DAGS_FOLDER/dag_with_taskflow_api.py', '--cfg-path', '/tmp/tmpl87fmdgv', '--error-file', '/tmp/tmpphei6qp3']
[2024-06-24 12:55:18,785] {standard_task_runner.py:77} INFO - Job 1247: Subtask get_age
[2024-06-24 12:55:19,527] {logging_mixin.py:104} INFO - Running <TaskInstance: dag_with_taskflow_api_v02.get_age 2021-12-28T00:00:00+00:00 [running]> on host 799b1e36e3f1
[2024-06-24 12:55:19,823] {taskinstance.py:1257} INFO - Exporting the following env vars:
AIRFLOW_CTX_DAG_OWNER=coder2j
AIRFLOW_CTX_DAG_ID=dag_with_taskflow_api_v02
AIRFLOW_CTX_TASK_ID=get_age
AIRFLOW_CTX_EXECUTION_DATE=2021-12-28T00:00:00+00:00
AIRFLOW_CTX_DAG_RUN_ID=scheduled__2021-12-28T00:00:00+00:00
[2024-06-24 12:55:20,186] {taskinstance.py:1166} INFO - Marking task as SUCCESS. dag_id=dag_with_taskflow_api_v02, task_id=get_age, execution_date=20211228T000000, start_date=20240624T125518, end_date=20240624T125520
[2024-06-24 12:55:20,444] {taskinstance.py:1220} INFO - 0 downstream tasks scheduled from follow-on schedule check
[2024-06-24 12:55:20,482] {local_task_job.py:146} INFO - Task exited with return code 0
