[2024-07-23 11:11:26,730] {taskinstance.py:851} INFO - Dependencies all met for <TaskInstance: our_first_dag_v5.first_task 2024-07-21T00:00:00+00:00 [queued]>
[2024-07-23 11:11:26,911] {taskinstance.py:851} INFO - Dependencies all met for <TaskInstance: our_first_dag_v5.first_task 2024-07-21T00:00:00+00:00 [queued]>
[2024-07-23 11:11:26,922] {taskinstance.py:1042} INFO - 
--------------------------------------------------------------------------------
[2024-07-23 11:11:26,925] {taskinstance.py:1043} INFO - Starting attempt 1 of 6
[2024-07-23 11:11:26,930] {taskinstance.py:1044} INFO - 
--------------------------------------------------------------------------------
[2024-07-23 11:11:27,117] {taskinstance.py:1063} INFO - Executing <Task(BashOperator): first_task> on 2024-07-21T00:00:00+00:00
[2024-07-23 11:11:27,135] {standard_task_runner.py:52} INFO - Started process 354 to run task
[2024-07-23 11:11:27,194] {standard_task_runner.py:76} INFO - Running: ['airflow', 'tasks', 'run', 'our_first_dag_v5', 'first_task', '2024-07-21T00:00:00+00:00', '--job-id', '12495', '--pool', 'default_pool', '--raw', '--subdir', 'DAGS_FOLDER/our_first_dag.py', '--cfg-path', '/tmp/tmppqpusfij', '--error-file', '/tmp/tmpcffmu0i4']
[2024-07-23 11:11:27,314] {standard_task_runner.py:77} INFO - Job 12495: Subtask first_task
[2024-07-23 11:11:27,850] {logging_mixin.py:104} INFO - Running <TaskInstance: our_first_dag_v5.first_task 2024-07-21T00:00:00+00:00 [running]> on host 799b1e36e3f1
[2024-07-23 11:11:28,692] {taskinstance.py:1257} INFO - Exporting the following env vars:
AIRFLOW_CTX_DAG_OWNER=coder2j
AIRFLOW_CTX_DAG_ID=our_first_dag_v5
AIRFLOW_CTX_TASK_ID=first_task
AIRFLOW_CTX_EXECUTION_DATE=2024-07-21T00:00:00+00:00
AIRFLOW_CTX_DAG_RUN_ID=scheduled__2024-07-21T00:00:00+00:00
[2024-07-23 11:11:28,697] {bash.py:135} INFO - Tmp dir root location: 
 /tmp
[2024-07-23 11:11:28,706] {bash.py:158} INFO - Running command: echo hello world, this is the first task!
[2024-07-23 11:11:28,783] {bash.py:169} INFO - Output:
[2024-07-23 11:11:28,791] {bash.py:173} INFO - hello world, this is the first task!
[2024-07-23 11:11:28,798] {bash.py:177} INFO - Command exited with return code 0
[2024-07-23 11:11:29,025] {taskinstance.py:1166} INFO - Marking task as SUCCESS. dag_id=our_first_dag_v5, task_id=first_task, execution_date=20240721T000000, start_date=20240723T111126, end_date=20240723T111129
[2024-07-23 11:11:29,720] {taskinstance.py:1220} INFO - 0 downstream tasks scheduled from follow-on schedule check
[2024-07-23 11:11:29,757] {local_task_job.py:146} INFO - Task exited with return code 0
