[2024-08-01 17:19:37,424] {taskinstance.py:851} INFO - Dependencies all met for <TaskInstance: dag_with_python_dependencies_v03.get_sklearn 2024-07-27T00:00:00+00:00 [queued]>
[2024-08-01 17:19:37,524] {taskinstance.py:851} INFO - Dependencies all met for <TaskInstance: dag_with_python_dependencies_v03.get_sklearn 2024-07-27T00:00:00+00:00 [queued]>
[2024-08-01 17:19:37,535] {taskinstance.py:1042} INFO - 
--------------------------------------------------------------------------------
[2024-08-01 17:19:37,536] {taskinstance.py:1043} INFO - Starting attempt 1 of 1
[2024-08-01 17:19:37,540] {taskinstance.py:1044} INFO - 
--------------------------------------------------------------------------------
[2024-08-01 17:19:37,775] {taskinstance.py:1063} INFO - Executing <Task(PythonOperator): get_sklearn> on 2024-07-27T00:00:00+00:00
[2024-08-01 17:19:37,855] {standard_task_runner.py:52} INFO - Started process 186 to run task
[2024-08-01 17:19:37,915] {standard_task_runner.py:76} INFO - Running: ['airflow', 'tasks', 'run', 'dag_with_python_dependencies_v03', 'get_sklearn', '2024-07-27T00:00:00+00:00', '--job-id', '12584', '--pool', 'default_pool', '--raw', '--subdir', 'DAGS_FOLDER/dag_with_python_dependencies.py', '--cfg-path', '/tmp/tmpvn84sskl', '--error-file', '/tmp/tmp69hlc0k_']
[2024-08-01 17:19:38,007] {standard_task_runner.py:77} INFO - Job 12584: Subtask get_sklearn
[2024-08-01 17:19:38,758] {logging_mixin.py:104} INFO - Running <TaskInstance: dag_with_python_dependencies_v03.get_sklearn 2024-07-27T00:00:00+00:00 [running]> on host 799b1e36e3f1
[2024-08-01 17:19:39,116] {taskinstance.py:1257} INFO - Exporting the following env vars:
AIRFLOW_CTX_DAG_OWNER=coder2j
AIRFLOW_CTX_DAG_ID=dag_with_python_dependencies_v03
AIRFLOW_CTX_TASK_ID=get_sklearn
AIRFLOW_CTX_EXECUTION_DATE=2024-07-27T00:00:00+00:00
AIRFLOW_CTX_DAG_RUN_ID=scheduled__2024-07-27T00:00:00+00:00
[2024-08-01 17:19:52,634] {logging_mixin.py:104} INFO - sklearn with version: 0.24.2
[2024-08-01 17:19:52,639] {python.py:118} INFO - Done. Returned value was: None
[2024-08-01 17:19:52,819] {taskinstance.py:1166} INFO - Marking task as SUCCESS. dag_id=dag_with_python_dependencies_v03, task_id=get_sklearn, execution_date=20240727T000000, start_date=20240801T171937, end_date=20240801T171952
[2024-08-01 17:19:53,775] {taskinstance.py:1220} INFO - 1 downstream tasks scheduled from follow-on schedule check
[2024-08-01 17:19:53,927] {local_task_job.py:146} INFO - Task exited with return code 0
