[2024-06-24 12:51:26,118] {taskinstance.py:851} INFO - Dependencies all met for <TaskInstance: dag_with_cron_expression_v04.task1 2023-03-28T03:00:00+00:00 [queued]>
[2024-06-24 12:51:26,138] {taskinstance.py:851} INFO - Dependencies all met for <TaskInstance: dag_with_cron_expression_v04.task1 2023-03-28T03:00:00+00:00 [queued]>
[2024-06-24 12:51:26,139] {taskinstance.py:1042} INFO - 
--------------------------------------------------------------------------------
[2024-06-24 12:51:26,140] {taskinstance.py:1043} INFO - Starting attempt 1 of 6
[2024-06-24 12:51:26,141] {taskinstance.py:1044} INFO - 
--------------------------------------------------------------------------------
[2024-06-24 12:51:26,171] {taskinstance.py:1063} INFO - Executing <Task(BashOperator): task1> on 2023-03-28T03:00:00+00:00
[2024-06-24 12:51:26,179] {standard_task_runner.py:52} INFO - Started process 26881 to run task
[2024-06-24 12:51:26,187] {standard_task_runner.py:76} INFO - Running: ['airflow', 'tasks', 'run', 'dag_with_cron_expression_v04', 'task1', '2023-03-28T03:00:00+00:00', '--job-id', '381', '--pool', 'default_pool', '--raw', '--subdir', 'DAGS_FOLDER/dag_with_cron_expression.py', '--cfg-path', '/tmp/tmp7domi3og', '--error-file', '/tmp/tmp5abeibu1']
[2024-06-24 12:51:26,194] {standard_task_runner.py:77} INFO - Job 381: Subtask task1
[2024-06-24 12:51:26,268] {logging_mixin.py:104} INFO - Running <TaskInstance: dag_with_cron_expression_v04.task1 2023-03-28T03:00:00+00:00 [running]> on host 799b1e36e3f1
[2024-06-24 12:51:26,335] {taskinstance.py:1257} INFO - Exporting the following env vars:
AIRFLOW_CTX_DAG_OWNER=coder2j
AIRFLOW_CTX_DAG_ID=dag_with_cron_expression_v04
AIRFLOW_CTX_TASK_ID=task1
AIRFLOW_CTX_EXECUTION_DATE=2023-03-28T03:00:00+00:00
AIRFLOW_CTX_DAG_RUN_ID=scheduled__2023-03-28T03:00:00+00:00
[2024-06-24 12:51:26,337] {bash.py:135} INFO - Tmp dir root location: 
 /tmp
[2024-06-24 12:51:26,338] {bash.py:158} INFO - Running command: echo dag with cron expression!
[2024-06-24 12:51:26,348] {bash.py:169} INFO - Output:
[2024-06-24 12:51:26,350] {bash.py:173} INFO - dag with cron expression!
[2024-06-24 12:51:26,351] {bash.py:177} INFO - Command exited with return code 0
[2024-06-24 12:51:26,392] {taskinstance.py:1166} INFO - Marking task as SUCCESS. dag_id=dag_with_cron_expression_v04, task_id=task1, execution_date=20230328T030000, start_date=20240624T125126, end_date=20240624T125126
[2024-06-24 12:51:26,432] {taskinstance.py:1220} INFO - 0 downstream tasks scheduled from follow-on schedule check
[2024-06-24 12:51:26,449] {local_task_job.py:146} INFO - Task exited with return code 0
