[2024-06-24 14:54:30,910] {taskinstance.py:851} INFO - Dependencies all met for <TaskInstance: dag_with_taskflow_api_v02.get_age 2023-12-31T00:00:00+00:00 [queued]>
[2024-06-24 14:54:30,996] {taskinstance.py:851} INFO - Dependencies all met for <TaskInstance: dag_with_taskflow_api_v02.get_age 2023-12-31T00:00:00+00:00 [queued]>
[2024-06-24 14:54:31,003] {taskinstance.py:1042} INFO - 
--------------------------------------------------------------------------------
[2024-06-24 14:54:31,007] {taskinstance.py:1043} INFO - Starting attempt 1 of 6
[2024-06-24 14:54:31,026] {taskinstance.py:1044} INFO - 
--------------------------------------------------------------------------------
[2024-06-24 14:54:31,133] {taskinstance.py:1063} INFO - Executing <Task(_PythonDecoratedOperator): get_age> on 2023-12-31T00:00:00+00:00
[2024-06-24 14:54:31,143] {standard_task_runner.py:52} INFO - Started process 26779 to run task
[2024-06-24 14:54:31,163] {standard_task_runner.py:76} INFO - Running: ['airflow', 'tasks', 'run', 'dag_with_taskflow_api_v02', 'get_age', '2023-12-31T00:00:00+00:00', '--job-id', '9746', '--pool', 'default_pool', '--raw', '--subdir', 'DAGS_FOLDER/dag_with_taskflow_api.py', '--cfg-path', '/tmp/tmpa60st1yq', '--error-file', '/tmp/tmp84ogp8uj']
[2024-06-24 14:54:31,178] {standard_task_runner.py:77} INFO - Job 9746: Subtask get_age
[2024-06-24 14:54:31,415] {logging_mixin.py:104} INFO - Running <TaskInstance: dag_with_taskflow_api_v02.get_age 2023-12-31T00:00:00+00:00 [running]> on host 799b1e36e3f1
[2024-06-24 14:54:31,579] {taskinstance.py:1257} INFO - Exporting the following env vars:
AIRFLOW_CTX_DAG_OWNER=coder2j
AIRFLOW_CTX_DAG_ID=dag_with_taskflow_api_v02
AIRFLOW_CTX_TASK_ID=get_age
AIRFLOW_CTX_EXECUTION_DATE=2023-12-31T00:00:00+00:00
AIRFLOW_CTX_DAG_RUN_ID=scheduled__2023-12-31T00:00:00+00:00
[2024-06-24 14:54:31,662] {taskinstance.py:1166} INFO - Marking task as SUCCESS. dag_id=dag_with_taskflow_api_v02, task_id=get_age, execution_date=20231231T000000, start_date=20240624T145430, end_date=20240624T145431
[2024-06-24 14:54:31,791] {taskinstance.py:1220} INFO - 1 downstream tasks scheduled from follow-on schedule check
[2024-06-24 14:54:31,833] {local_task_job.py:146} INFO - Task exited with return code 0
