[2024-06-24 12:51:55,053] {taskinstance.py:851} INFO - Dependencies all met for <TaskInstance: dag_with_python_dependencies_v03.get_matplotlib 2021-10-19T00:00:00+00:00 [queued]>
[2024-06-24 12:51:55,128] {taskinstance.py:851} INFO - Dependencies all met for <TaskInstance: dag_with_python_dependencies_v03.get_matplotlib 2021-10-19T00:00:00+00:00 [queued]>
[2024-06-24 12:51:55,144] {taskinstance.py:1042} INFO - 
--------------------------------------------------------------------------------
[2024-06-24 12:51:55,146] {taskinstance.py:1043} INFO - Starting attempt 1 of 1
[2024-06-24 12:51:55,148] {taskinstance.py:1044} INFO - 
--------------------------------------------------------------------------------
[2024-06-24 12:51:55,320] {taskinstance.py:1063} INFO - Executing <Task(PythonOperator): get_matplotlib> on 2021-10-19T00:00:00+00:00
[2024-06-24 12:51:55,357] {standard_task_runner.py:52} INFO - Started process 27273 to run task
[2024-06-24 12:51:55,413] {standard_task_runner.py:76} INFO - Running: ['airflow', 'tasks', 'run', 'dag_with_python_dependencies_v03', 'get_matplotlib', '2021-10-19T00:00:00+00:00', '--job-id', '464', '--pool', 'default_pool', '--raw', '--subdir', 'DAGS_FOLDER/dag_with_python_dependencies.py', '--cfg-path', '/tmp/tmp8wtsirwr', '--error-file', '/tmp/tmpszuv8rv9']
[2024-06-24 12:51:55,458] {standard_task_runner.py:77} INFO - Job 464: Subtask get_matplotlib
[2024-06-24 12:51:55,970] {logging_mixin.py:104} INFO - Running <TaskInstance: dag_with_python_dependencies_v03.get_matplotlib 2021-10-19T00:00:00+00:00 [running]> on host 799b1e36e3f1
[2024-06-24 12:51:56,483] {taskinstance.py:1257} INFO - Exporting the following env vars:
AIRFLOW_CTX_DAG_OWNER=coder2j
AIRFLOW_CTX_DAG_ID=dag_with_python_dependencies_v03
AIRFLOW_CTX_TASK_ID=get_matplotlib
AIRFLOW_CTX_EXECUTION_DATE=2021-10-19T00:00:00+00:00
AIRFLOW_CTX_DAG_RUN_ID=scheduled__2021-10-19T00:00:00+00:00
[2024-06-24 12:51:57,724] {__init__.py:482} WARNING - Matplotlib created a temporary config/cache directory at /tmp/matplotlib-yqleanlg because the default path (/home/airflow/.config/matplotlib) is not a writable directory; it is highly recommended to set the MPLCONFIGDIR environment variable to a writable directory, in particular to speed up the import of Matplotlib and to better support multiprocessing.
[2024-06-24 12:51:57,781] {logging_mixin.py:104} INFO - matplotlib with version: 3.3.3
[2024-06-24 12:51:57,800] {python.py:118} INFO - Done. Returned value was: None
[2024-06-24 12:51:58,136] {taskinstance.py:1166} INFO - Marking task as SUCCESS. dag_id=dag_with_python_dependencies_v03, task_id=get_matplotlib, execution_date=20211019T000000, start_date=20240624T125155, end_date=20240624T125158
[2024-06-24 12:51:58,483] {taskinstance.py:1220} INFO - 0 downstream tasks scheduled from follow-on schedule check
[2024-06-24 12:51:58,759] {local_task_job.py:146} INFO - Task exited with return code 0
