[2024-06-24 12:53:50,576] {taskinstance.py:851} INFO - Dependencies all met for <TaskInstance: dag_with_cron_expression_v04.task1 2023-10-11T03:00:00+00:00 [queued]>
[2024-06-24 12:53:50,699] {taskinstance.py:851} INFO - Dependencies all met for <TaskInstance: dag_with_cron_expression_v04.task1 2023-10-11T03:00:00+00:00 [queued]>
[2024-06-24 12:53:50,726] {taskinstance.py:1042} INFO - 
--------------------------------------------------------------------------------
[2024-06-24 12:53:50,730] {taskinstance.py:1043} INFO - Starting attempt 1 of 6
[2024-06-24 12:53:50,731] {taskinstance.py:1044} INFO - 
--------------------------------------------------------------------------------
[2024-06-24 12:53:51,179] {taskinstance.py:1063} INFO - Executing <Task(BashOperator): task1> on 2023-10-11T03:00:00+00:00
[2024-06-24 12:53:51,434] {standard_task_runner.py:52} INFO - Started process 28978 to run task
[2024-06-24 12:53:51,533] {standard_task_runner.py:76} INFO - Running: ['airflow', 'tasks', 'run', 'dag_with_cron_expression_v04', 'task1', '2023-10-11T03:00:00+00:00', '--job-id', '866', '--pool', 'default_pool', '--raw', '--subdir', 'DAGS_FOLDER/dag_with_cron_expression.py', '--cfg-path', '/tmp/tmp8fijbnln', '--error-file', '/tmp/tmp1m5k_ba2']
[2024-06-24 12:53:51,613] {standard_task_runner.py:77} INFO - Job 866: Subtask task1
[2024-06-24 12:53:52,544] {logging_mixin.py:104} INFO - Running <TaskInstance: dag_with_cron_expression_v04.task1 2023-10-11T03:00:00+00:00 [running]> on host 799b1e36e3f1
[2024-06-24 12:53:52,980] {taskinstance.py:1257} INFO - Exporting the following env vars:
AIRFLOW_CTX_DAG_OWNER=coder2j
AIRFLOW_CTX_DAG_ID=dag_with_cron_expression_v04
AIRFLOW_CTX_TASK_ID=task1
AIRFLOW_CTX_EXECUTION_DATE=2023-10-11T03:00:00+00:00
AIRFLOW_CTX_DAG_RUN_ID=scheduled__2023-10-11T03:00:00+00:00
[2024-06-24 12:53:52,994] {bash.py:135} INFO - Tmp dir root location: 
 /tmp
[2024-06-24 12:53:53,006] {bash.py:158} INFO - Running command: echo dag with cron expression!
[2024-06-24 12:53:53,056] {bash.py:169} INFO - Output:
[2024-06-24 12:53:53,085] {bash.py:173} INFO - dag with cron expression!
[2024-06-24 12:53:53,105] {bash.py:177} INFO - Command exited with return code 0
[2024-06-24 12:53:53,536] {taskinstance.py:1166} INFO - Marking task as SUCCESS. dag_id=dag_with_cron_expression_v04, task_id=task1, execution_date=20231011T030000, start_date=20240624T125350, end_date=20240624T125353
[2024-06-24 12:53:53,908] {taskinstance.py:1220} INFO - 0 downstream tasks scheduled from follow-on schedule check
[2024-06-24 12:53:54,071] {local_task_job.py:146} INFO - Task exited with return code 0
