[2024-06-24 14:27:40,347] {taskinstance.py:851} INFO - Dependencies all met for <TaskInstance: our_first_dag_v5.thrid_task 2023-02-07T00:00:00+00:00 [queued]>
[2024-06-24 14:27:40,469] {taskinstance.py:851} INFO - Dependencies all met for <TaskInstance: our_first_dag_v5.thrid_task 2023-02-07T00:00:00+00:00 [queued]>
[2024-06-24 14:27:40,478] {taskinstance.py:1042} INFO - 
--------------------------------------------------------------------------------
[2024-06-24 14:27:40,484] {taskinstance.py:1043} INFO - Starting attempt 1 of 6
[2024-06-24 14:27:40,492] {taskinstance.py:1044} INFO - 
--------------------------------------------------------------------------------
[2024-06-24 14:27:40,542] {taskinstance.py:1063} INFO - Executing <Task(BashOperator): thrid_task> on 2023-02-07T00:00:00+00:00
[2024-06-24 14:27:40,554] {standard_task_runner.py:52} INFO - Started process 14831 to run task
[2024-06-24 14:27:40,571] {standard_task_runner.py:76} INFO - Running: ['airflow', 'tasks', 'run', 'our_first_dag_v5', 'thrid_task', '2023-02-07T00:00:00+00:00', '--job-id', '6747', '--pool', 'default_pool', '--raw', '--subdir', 'DAGS_FOLDER/our_first_dag.py', '--cfg-path', '/tmp/tmpy6p6r8s2', '--error-file', '/tmp/tmpdy801diu']
[2024-06-24 14:27:40,591] {standard_task_runner.py:77} INFO - Job 6747: Subtask thrid_task
[2024-06-24 14:27:40,874] {logging_mixin.py:104} INFO - Running <TaskInstance: our_first_dag_v5.thrid_task 2023-02-07T00:00:00+00:00 [running]> on host 799b1e36e3f1
[2024-06-24 14:27:41,088] {taskinstance.py:1257} INFO - Exporting the following env vars:
AIRFLOW_CTX_DAG_OWNER=coder2j
AIRFLOW_CTX_DAG_ID=our_first_dag_v5
AIRFLOW_CTX_TASK_ID=thrid_task
AIRFLOW_CTX_EXECUTION_DATE=2023-02-07T00:00:00+00:00
AIRFLOW_CTX_DAG_RUN_ID=scheduled__2023-02-07T00:00:00+00:00
[2024-06-24 14:27:41,095] {bash.py:135} INFO - Tmp dir root location: 
 /tmp
[2024-06-24 14:27:41,102] {bash.py:158} INFO - Running command: echo hey, I am task3 and will be running after task1 at the same time as task2!
[2024-06-24 14:27:41,147] {bash.py:169} INFO - Output:
[2024-06-24 14:27:41,153] {bash.py:173} INFO - hey, I am task3 and will be running after task1 at the same time as task2!
[2024-06-24 14:27:41,154] {bash.py:177} INFO - Command exited with return code 0
[2024-06-24 14:27:41,363] {taskinstance.py:1166} INFO - Marking task as SUCCESS. dag_id=our_first_dag_v5, task_id=thrid_task, execution_date=20230207T000000, start_date=20240624T142740, end_date=20240624T142741
[2024-06-24 14:27:41,641] {taskinstance.py:1220} INFO - 0 downstream tasks scheduled from follow-on schedule check
[2024-06-24 14:27:41,711] {local_task_job.py:146} INFO - Task exited with return code 0
