[2024-06-24 14:39:41,133] {taskinstance.py:851} INFO - Dependencies all met for <TaskInstance: dag_with_taskflow_api_v02.get_age 2023-10-12T00:00:00+00:00 [queued]>
[2024-06-24 14:39:41,292] {taskinstance.py:851} INFO - Dependencies all met for <TaskInstance: dag_with_taskflow_api_v02.get_age 2023-10-12T00:00:00+00:00 [queued]>
[2024-06-24 14:39:41,308] {taskinstance.py:1042} INFO - 
--------------------------------------------------------------------------------
[2024-06-24 14:39:41,319] {taskinstance.py:1043} INFO - Starting attempt 1 of 6
[2024-06-24 14:39:41,325] {taskinstance.py:1044} INFO - 
--------------------------------------------------------------------------------
[2024-06-24 14:39:41,716] {taskinstance.py:1063} INFO - Executing <Task(_PythonDecoratedOperator): get_age> on 2023-10-12T00:00:00+00:00
[2024-06-24 14:39:41,756] {standard_task_runner.py:52} INFO - Started process 22415 to run task
[2024-06-24 14:39:41,838] {standard_task_runner.py:76} INFO - Running: ['airflow', 'tasks', 'run', 'dag_with_taskflow_api_v02', 'get_age', '2023-10-12T00:00:00+00:00', '--job-id', '8750', '--pool', 'default_pool', '--raw', '--subdir', 'DAGS_FOLDER/dag_with_taskflow_api.py', '--cfg-path', '/tmp/tmpln9bmyvp', '--error-file', '/tmp/tmp9q6vjb4z']
[2024-06-24 14:39:41,865] {standard_task_runner.py:77} INFO - Job 8750: Subtask get_age
[2024-06-24 14:39:42,765] {logging_mixin.py:104} INFO - Running <TaskInstance: dag_with_taskflow_api_v02.get_age 2023-10-12T00:00:00+00:00 [running]> on host 799b1e36e3f1
[2024-06-24 14:39:43,971] {taskinstance.py:1257} INFO - Exporting the following env vars:
AIRFLOW_CTX_DAG_OWNER=coder2j
AIRFLOW_CTX_DAG_ID=dag_with_taskflow_api_v02
AIRFLOW_CTX_TASK_ID=get_age
AIRFLOW_CTX_EXECUTION_DATE=2023-10-12T00:00:00+00:00
AIRFLOW_CTX_DAG_RUN_ID=scheduled__2023-10-12T00:00:00+00:00
[2024-06-24 14:39:44,458] {taskinstance.py:1166} INFO - Marking task as SUCCESS. dag_id=dag_with_taskflow_api_v02, task_id=get_age, execution_date=20231012T000000, start_date=20240624T143941, end_date=20240624T143944
[2024-06-24 14:39:45,412] {taskinstance.py:1220} INFO - 0 downstream tasks scheduled from follow-on schedule check
[2024-06-24 14:39:45,734] {local_task_job.py:146} INFO - Task exited with return code 0
