[2024-06-24 12:56:20,836] {taskinstance.py:851} INFO - Dependencies all met for <TaskInstance: our_first_dag_v5.second_task 2021-10-14T00:00:00+00:00 [queued]>
[2024-06-24 12:56:20,954] {taskinstance.py:851} INFO - Dependencies all met for <TaskInstance: our_first_dag_v5.second_task 2021-10-14T00:00:00+00:00 [queued]>
[2024-06-24 12:56:20,957] {taskinstance.py:1042} INFO - 
--------------------------------------------------------------------------------
[2024-06-24 12:56:20,959] {taskinstance.py:1043} INFO - Starting attempt 1 of 6
[2024-06-24 12:56:20,962] {taskinstance.py:1044} INFO - 
--------------------------------------------------------------------------------
[2024-06-24 12:56:21,006] {taskinstance.py:1063} INFO - Executing <Task(BashOperator): second_task> on 2021-10-14T00:00:00+00:00
[2024-06-24 12:56:21,036] {standard_task_runner.py:52} INFO - Started process 31486 to run task
[2024-06-24 12:56:21,051] {standard_task_runner.py:76} INFO - Running: ['airflow', 'tasks', 'run', 'our_first_dag_v5', 'second_task', '2021-10-14T00:00:00+00:00', '--job-id', '1487', '--pool', 'default_pool', '--raw', '--subdir', 'DAGS_FOLDER/our_first_dag.py', '--cfg-path', '/tmp/tmps63o1nxu', '--error-file', '/tmp/tmphe7x1tu9']
[2024-06-24 12:56:21,076] {standard_task_runner.py:77} INFO - Job 1487: Subtask second_task
[2024-06-24 12:56:21,381] {logging_mixin.py:104} INFO - Running <TaskInstance: our_first_dag_v5.second_task 2021-10-14T00:00:00+00:00 [running]> on host 799b1e36e3f1
[2024-06-24 12:56:21,734] {taskinstance.py:1257} INFO - Exporting the following env vars:
AIRFLOW_CTX_DAG_OWNER=coder2j
AIRFLOW_CTX_DAG_ID=our_first_dag_v5
AIRFLOW_CTX_TASK_ID=second_task
AIRFLOW_CTX_EXECUTION_DATE=2021-10-14T00:00:00+00:00
AIRFLOW_CTX_DAG_RUN_ID=scheduled__2021-10-14T00:00:00+00:00
[2024-06-24 12:56:21,745] {bash.py:135} INFO - Tmp dir root location: 
 /tmp
[2024-06-24 12:56:21,750] {bash.py:158} INFO - Running command: echo hey, I am task2 and will be running after task1!
[2024-06-24 12:56:21,790] {bash.py:169} INFO - Output:
[2024-06-24 12:56:21,795] {bash.py:173} INFO - hey, I am task2 and will be running after task1!
[2024-06-24 12:56:21,798] {bash.py:177} INFO - Command exited with return code 0
[2024-06-24 12:56:21,958] {taskinstance.py:1166} INFO - Marking task as SUCCESS. dag_id=our_first_dag_v5, task_id=second_task, execution_date=20211014T000000, start_date=20240624T125620, end_date=20240624T125621
[2024-06-24 12:56:22,138] {taskinstance.py:1220} INFO - 0 downstream tasks scheduled from follow-on schedule check
[2024-06-24 12:56:22,206] {local_task_job.py:146} INFO - Task exited with return code 0
