[2024-06-24 12:49:33,986] {taskinstance.py:851} INFO - Dependencies all met for <TaskInstance: dag_with_taskflow_api_v02.get_name 2024-06-24T11:10:31.338859+00:00 [queued]>
[2024-06-24 12:49:34,047] {taskinstance.py:851} INFO - Dependencies all met for <TaskInstance: dag_with_taskflow_api_v02.get_name 2024-06-24T11:10:31.338859+00:00 [queued]>
[2024-06-24 12:49:34,057] {taskinstance.py:1042} INFO - 
--------------------------------------------------------------------------------
[2024-06-24 12:49:34,061] {taskinstance.py:1043} INFO - Starting attempt 1 of 6
[2024-06-24 12:49:34,077] {taskinstance.py:1044} INFO - 
--------------------------------------------------------------------------------
[2024-06-24 12:49:34,196] {taskinstance.py:1063} INFO - Executing <Task(_PythonDecoratedOperator): get_name> on 2024-06-24T11:10:31.338859+00:00
[2024-06-24 12:49:34,239] {standard_task_runner.py:52} INFO - Started process 25440 to run task
[2024-06-24 12:49:34,249] {standard_task_runner.py:76} INFO - Running: ['airflow', 'tasks', 'run', 'dag_with_taskflow_api_v02', 'get_name', '2024-06-24T11:10:31.338859+00:00', '--job-id', '40', '--pool', 'default_pool', '--raw', '--subdir', 'DAGS_FOLDER/dag_with_taskflow_api.py', '--cfg-path', '/tmp/tmp9lw9v_gc', '--error-file', '/tmp/tmpsklhnygl']
[2024-06-24 12:49:34,260] {standard_task_runner.py:77} INFO - Job 40: Subtask get_name
[2024-06-24 12:49:34,455] {logging_mixin.py:104} INFO - Running <TaskInstance: dag_with_taskflow_api_v02.get_name 2024-06-24T11:10:31.338859+00:00 [running]> on host 799b1e36e3f1
[2024-06-24 12:49:34,724] {taskinstance.py:1257} INFO - Exporting the following env vars:
AIRFLOW_CTX_DAG_OWNER=coder2j
AIRFLOW_CTX_DAG_ID=dag_with_taskflow_api_v02
AIRFLOW_CTX_TASK_ID=get_name
AIRFLOW_CTX_EXECUTION_DATE=2024-06-24T11:10:31.338859+00:00
AIRFLOW_CTX_DAG_RUN_ID=manual__2024-06-24T11:10:31.338859+00:00
[2024-06-24 12:49:34,990] {taskinstance.py:1166} INFO - Marking task as SUCCESS. dag_id=dag_with_taskflow_api_v02, task_id=get_name, execution_date=20240624T111031, start_date=20240624T124933, end_date=20240624T124934
[2024-06-24 12:49:35,294] {taskinstance.py:1220} INFO - 0 downstream tasks scheduled from follow-on schedule check
[2024-06-24 12:49:35,415] {local_task_job.py:146} INFO - Task exited with return code 0
