[2024-06-24 12:56:56,876] {taskinstance.py:851} INFO - Dependencies all met for <TaskInstance: dag_with_python_dependencies_v03.get_sklearn 2022-01-17T00:00:00+00:00 [queued]>
[2024-06-24 12:56:57,008] {taskinstance.py:851} INFO - Dependencies all met for <TaskInstance: dag_with_python_dependencies_v03.get_sklearn 2022-01-17T00:00:00+00:00 [queued]>
[2024-06-24 12:56:57,047] {taskinstance.py:1042} INFO - 
--------------------------------------------------------------------------------
[2024-06-24 12:56:57,080] {taskinstance.py:1043} INFO - Starting attempt 1 of 1
[2024-06-24 12:56:57,082] {taskinstance.py:1044} INFO - 
--------------------------------------------------------------------------------
[2024-06-24 12:56:57,215] {taskinstance.py:1063} INFO - Executing <Task(PythonOperator): get_sklearn> on 2022-01-17T00:00:00+00:00
[2024-06-24 12:56:57,239] {standard_task_runner.py:52} INFO - Started process 32125 to run task
[2024-06-24 12:56:57,269] {standard_task_runner.py:76} INFO - Running: ['airflow', 'tasks', 'run', 'dag_with_python_dependencies_v03', 'get_sklearn', '2022-01-17T00:00:00+00:00', '--job-id', '1631', '--pool', 'default_pool', '--raw', '--subdir', 'DAGS_FOLDER/dag_with_python_dependencies.py', '--cfg-path', '/tmp/tmp4ecd2z2v', '--error-file', '/tmp/tmpsmboolzl']
[2024-06-24 12:56:57,302] {standard_task_runner.py:77} INFO - Job 1631: Subtask get_sklearn
[2024-06-24 12:56:57,662] {logging_mixin.py:104} INFO - Running <TaskInstance: dag_with_python_dependencies_v03.get_sklearn 2022-01-17T00:00:00+00:00 [running]> on host 799b1e36e3f1
[2024-06-24 12:56:58,008] {taskinstance.py:1257} INFO - Exporting the following env vars:
AIRFLOW_CTX_DAG_OWNER=coder2j
AIRFLOW_CTX_DAG_ID=dag_with_python_dependencies_v03
AIRFLOW_CTX_TASK_ID=get_sklearn
AIRFLOW_CTX_EXECUTION_DATE=2022-01-17T00:00:00+00:00
AIRFLOW_CTX_DAG_RUN_ID=scheduled__2022-01-17T00:00:00+00:00
[2024-06-24 12:57:04,247] {logging_mixin.py:104} INFO - sklearn with version: 0.24.2
[2024-06-24 12:57:04,248] {python.py:118} INFO - Done. Returned value was: None
[2024-06-24 12:57:04,373] {taskinstance.py:1166} INFO - Marking task as SUCCESS. dag_id=dag_with_python_dependencies_v03, task_id=get_sklearn, execution_date=20220117T000000, start_date=20240624T125656, end_date=20240624T125704
[2024-06-24 12:57:04,567] {taskinstance.py:1220} INFO - 1 downstream tasks scheduled from follow-on schedule check
[2024-06-24 12:57:04,731] {local_task_job.py:146} INFO - Task exited with return code 0
