[2024-08-01 17:19:44,319] {taskinstance.py:851} INFO - Dependencies all met for <TaskInstance: our_dag_with_python_operator_v07.get_name 2024-07-28T00:00:00+00:00 [queued]>
[2024-08-01 17:19:44,575] {taskinstance.py:851} INFO - Dependencies all met for <TaskInstance: our_dag_with_python_operator_v07.get_name 2024-07-28T00:00:00+00:00 [queued]>
[2024-08-01 17:19:44,612] {taskinstance.py:1042} INFO - 
--------------------------------------------------------------------------------
[2024-08-01 17:19:44,617] {taskinstance.py:1043} INFO - Starting attempt 1 of 6
[2024-08-01 17:19:44,618] {taskinstance.py:1044} INFO - 
--------------------------------------------------------------------------------
[2024-08-01 17:19:44,885] {taskinstance.py:1063} INFO - Executing <Task(PythonOperator): get_name> on 2024-07-28T00:00:00+00:00
[2024-08-01 17:19:44,970] {standard_task_runner.py:52} INFO - Started process 233 to run task
[2024-08-01 17:19:45,015] {standard_task_runner.py:76} INFO - Running: ['airflow', 'tasks', 'run', 'our_dag_with_python_operator_v07', 'get_name', '2024-07-28T00:00:00+00:00', '--job-id', '12597', '--pool', 'default_pool', '--raw', '--subdir', 'DAGS_FOLDER/create_dag_with_python_operator.py', '--cfg-path', '/tmp/tmpap5d48i7', '--error-file', '/tmp/tmp6fhimb2c']
[2024-08-01 17:19:45,044] {standard_task_runner.py:77} INFO - Job 12597: Subtask get_name
[2024-08-01 17:19:46,917] {logging_mixin.py:104} INFO - Running <TaskInstance: our_dag_with_python_operator_v07.get_name 2024-07-28T00:00:00+00:00 [running]> on host 799b1e36e3f1
[2024-08-01 17:19:47,833] {taskinstance.py:1257} INFO - Exporting the following env vars:
AIRFLOW_CTX_DAG_OWNER=coder2j
AIRFLOW_CTX_DAG_ID=our_dag_with_python_operator_v07
AIRFLOW_CTX_TASK_ID=get_name
AIRFLOW_CTX_EXECUTION_DATE=2024-07-28T00:00:00+00:00
AIRFLOW_CTX_DAG_RUN_ID=scheduled__2024-07-28T00:00:00+00:00
[2024-08-01 17:19:48,243] {python.py:118} INFO - Done. Returned value was: None
[2024-08-01 17:19:48,335] {taskinstance.py:1166} INFO - Marking task as SUCCESS. dag_id=our_dag_with_python_operator_v07, task_id=get_name, execution_date=20240728T000000, start_date=20240801T171944, end_date=20240801T171948
[2024-08-01 17:19:49,926] {taskinstance.py:1220} INFO - 0 downstream tasks scheduled from follow-on schedule check
[2024-08-01 17:19:49,995] {local_task_job.py:146} INFO - Task exited with return code 0
