[2024-08-01 17:19:45,083] {taskinstance.py:851} INFO - Dependencies all met for <TaskInstance: dag_with_python_dependencies_v03.get_sklearn 2024-07-29T00:00:00+00:00 [queued]>
[2024-08-01 17:19:45,252] {taskinstance.py:851} INFO - Dependencies all met for <TaskInstance: dag_with_python_dependencies_v03.get_sklearn 2024-07-29T00:00:00+00:00 [queued]>
[2024-08-01 17:19:45,264] {taskinstance.py:1042} INFO - 
--------------------------------------------------------------------------------
[2024-08-01 17:19:45,265] {taskinstance.py:1043} INFO - Starting attempt 1 of 1
[2024-08-01 17:19:45,266] {taskinstance.py:1044} INFO - 
--------------------------------------------------------------------------------
[2024-08-01 17:19:45,590] {taskinstance.py:1063} INFO - Executing <Task(PythonOperator): get_sklearn> on 2024-07-29T00:00:00+00:00
[2024-08-01 17:19:45,622] {standard_task_runner.py:52} INFO - Started process 246 to run task
[2024-08-01 17:19:45,694] {standard_task_runner.py:76} INFO - Running: ['airflow', 'tasks', 'run', 'dag_with_python_dependencies_v03', 'get_sklearn', '2024-07-29T00:00:00+00:00', '--job-id', '12600', '--pool', 'default_pool', '--raw', '--subdir', 'DAGS_FOLDER/dag_with_python_dependencies.py', '--cfg-path', '/tmp/tmpi5tdwaxq', '--error-file', '/tmp/tmpayfxpq2e']
[2024-08-01 17:19:45,751] {standard_task_runner.py:77} INFO - Job 12600: Subtask get_sklearn
[2024-08-01 17:19:46,145] {logging_mixin.py:104} INFO - Running <TaskInstance: dag_with_python_dependencies_v03.get_sklearn 2024-07-29T00:00:00+00:00 [running]> on host 799b1e36e3f1
[2024-08-01 17:19:46,709] {taskinstance.py:1257} INFO - Exporting the following env vars:
AIRFLOW_CTX_DAG_OWNER=coder2j
AIRFLOW_CTX_DAG_ID=dag_with_python_dependencies_v03
AIRFLOW_CTX_TASK_ID=get_sklearn
AIRFLOW_CTX_EXECUTION_DATE=2024-07-29T00:00:00+00:00
AIRFLOW_CTX_DAG_RUN_ID=scheduled__2024-07-29T00:00:00+00:00
[2024-08-01 17:20:01,395] {logging_mixin.py:104} INFO - sklearn with version: 0.24.2
[2024-08-01 17:20:01,400] {python.py:118} INFO - Done. Returned value was: None
[2024-08-01 17:20:01,580] {taskinstance.py:1166} INFO - Marking task as SUCCESS. dag_id=dag_with_python_dependencies_v03, task_id=get_sklearn, execution_date=20240729T000000, start_date=20240801T171945, end_date=20240801T172001
[2024-08-01 17:20:01,977] {local_task_job.py:188} WARNING - State of this instance has been externally set to success. Terminating instance.
[2024-08-01 17:20:01,989] {process_utils.py:100} INFO - Sending Signals.SIGTERM to GPID 246
[2024-08-01 17:20:02,436] {taskinstance.py:1239} ERROR - Received SIGTERM. Terminating subprocesses.
[2024-08-01 17:20:02,592] {process_utils.py:66} INFO - Process psutil.Process(pid=246, status='terminated', exitcode=1, started='17:19:44') (246) terminated with exit code 1
