[2024-06-24 12:51:45,746] {taskinstance.py:851} INFO - Dependencies all met for <TaskInstance: dag_with_cron_expression_v04.task1 2023-07-13T03:00:00+00:00 [queued]>
[2024-06-24 12:51:45,762] {taskinstance.py:851} INFO - Dependencies all met for <TaskInstance: dag_with_cron_expression_v04.task1 2023-07-13T03:00:00+00:00 [queued]>
[2024-06-24 12:51:45,763] {taskinstance.py:1042} INFO - 
--------------------------------------------------------------------------------
[2024-06-24 12:51:45,764] {taskinstance.py:1043} INFO - Starting attempt 1 of 6
[2024-06-24 12:51:45,765] {taskinstance.py:1044} INFO - 
--------------------------------------------------------------------------------
[2024-06-24 12:51:45,789] {taskinstance.py:1063} INFO - Executing <Task(BashOperator): task1> on 2023-07-13T03:00:00+00:00
[2024-06-24 12:51:45,795] {standard_task_runner.py:52} INFO - Started process 27157 to run task
[2024-06-24 12:51:45,804] {standard_task_runner.py:76} INFO - Running: ['airflow', 'tasks', 'run', 'dag_with_cron_expression_v04', 'task1', '2023-07-13T03:00:00+00:00', '--job-id', '443', '--pool', 'default_pool', '--raw', '--subdir', 'DAGS_FOLDER/dag_with_cron_expression.py', '--cfg-path', '/tmp/tmp1z4tdjq3', '--error-file', '/tmp/tmpin0mtdsp']
[2024-06-24 12:51:45,809] {standard_task_runner.py:77} INFO - Job 443: Subtask task1
[2024-06-24 12:51:45,890] {logging_mixin.py:104} INFO - Running <TaskInstance: dag_with_cron_expression_v04.task1 2023-07-13T03:00:00+00:00 [running]> on host 799b1e36e3f1
[2024-06-24 12:51:45,963] {taskinstance.py:1257} INFO - Exporting the following env vars:
AIRFLOW_CTX_DAG_OWNER=coder2j
AIRFLOW_CTX_DAG_ID=dag_with_cron_expression_v04
AIRFLOW_CTX_TASK_ID=task1
AIRFLOW_CTX_EXECUTION_DATE=2023-07-13T03:00:00+00:00
AIRFLOW_CTX_DAG_RUN_ID=scheduled__2023-07-13T03:00:00+00:00
[2024-06-24 12:51:45,964] {bash.py:135} INFO - Tmp dir root location: 
 /tmp
[2024-06-24 12:51:45,966] {bash.py:158} INFO - Running command: echo dag with cron expression!
[2024-06-24 12:51:45,975] {bash.py:169} INFO - Output:
[2024-06-24 12:51:45,977] {bash.py:173} INFO - dag with cron expression!
[2024-06-24 12:51:45,978] {bash.py:177} INFO - Command exited with return code 0
[2024-06-24 12:51:46,016] {taskinstance.py:1166} INFO - Marking task as SUCCESS. dag_id=dag_with_cron_expression_v04, task_id=task1, execution_date=20230713T030000, start_date=20240624T125145, end_date=20240624T125146
[2024-06-24 12:51:46,067] {taskinstance.py:1220} INFO - 0 downstream tasks scheduled from follow-on schedule check
[2024-06-24 12:51:46,106] {local_task_job.py:146} INFO - Task exited with return code 0
