[2024-07-23 11:11:15,772] {taskinstance.py:851} INFO - Dependencies all met for <TaskInstance: dag_with_taskflow_api_v02.get_age 2024-07-18T00:00:00+00:00 [queued]>
[2024-07-23 11:11:15,835] {taskinstance.py:851} INFO - Dependencies all met for <TaskInstance: dag_with_taskflow_api_v02.get_age 2024-07-18T00:00:00+00:00 [queued]>
[2024-07-23 11:11:15,867] {taskinstance.py:1042} INFO - 
--------------------------------------------------------------------------------
[2024-07-23 11:11:15,869] {taskinstance.py:1043} INFO - Starting attempt 1 of 6
[2024-07-23 11:11:15,871] {taskinstance.py:1044} INFO - 
--------------------------------------------------------------------------------
[2024-07-23 11:11:15,998] {taskinstance.py:1063} INFO - Executing <Task(_PythonDecoratedOperator): get_age> on 2024-07-18T00:00:00+00:00
[2024-07-23 11:11:16,016] {standard_task_runner.py:52} INFO - Started process 216 to run task
[2024-07-23 11:11:16,034] {standard_task_runner.py:76} INFO - Running: ['airflow', 'tasks', 'run', 'dag_with_taskflow_api_v02', 'get_age', '2024-07-18T00:00:00+00:00', '--job-id', '12463', '--pool', 'default_pool', '--raw', '--subdir', 'DAGS_FOLDER/dag_with_taskflow_api.py', '--cfg-path', '/tmp/tmp2rhujdys', '--error-file', '/tmp/tmpnionkjd8']
[2024-07-23 11:11:16,045] {standard_task_runner.py:77} INFO - Job 12463: Subtask get_age
[2024-07-23 11:11:16,690] {logging_mixin.py:104} INFO - Running <TaskInstance: dag_with_taskflow_api_v02.get_age 2024-07-18T00:00:00+00:00 [running]> on host 799b1e36e3f1
[2024-07-23 11:11:17,694] {taskinstance.py:1257} INFO - Exporting the following env vars:
AIRFLOW_CTX_DAG_OWNER=coder2j
AIRFLOW_CTX_DAG_ID=dag_with_taskflow_api_v02
AIRFLOW_CTX_TASK_ID=get_age
AIRFLOW_CTX_EXECUTION_DATE=2024-07-18T00:00:00+00:00
AIRFLOW_CTX_DAG_RUN_ID=scheduled__2024-07-18T00:00:00+00:00
[2024-07-23 11:11:17,954] {taskinstance.py:1166} INFO - Marking task as SUCCESS. dag_id=dag_with_taskflow_api_v02, task_id=get_age, execution_date=20240718T000000, start_date=20240723T111115, end_date=20240723T111117
[2024-07-23 11:11:18,814] {taskinstance.py:1220} INFO - 0 downstream tasks scheduled from follow-on schedule check
[2024-07-23 11:11:18,860] {local_task_job.py:146} INFO - Task exited with return code 0
