[2024-06-24 15:03:47,155] {taskinstance.py:851} INFO - Dependencies all met for <TaskInstance: our_dag_with_python_operator_v07.get_age 2024-04-02T00:00:00+00:00 [queued]>
[2024-06-24 15:03:47,227] {taskinstance.py:851} INFO - Dependencies all met for <TaskInstance: our_dag_with_python_operator_v07.get_age 2024-04-02T00:00:00+00:00 [queued]>
[2024-06-24 15:03:47,231] {taskinstance.py:1042} INFO - 
--------------------------------------------------------------------------------
[2024-06-24 15:03:47,233] {taskinstance.py:1043} INFO - Starting attempt 1 of 6
[2024-06-24 15:03:47,234] {taskinstance.py:1044} INFO - 
--------------------------------------------------------------------------------
[2024-06-24 15:03:47,315] {taskinstance.py:1063} INFO - Executing <Task(PythonOperator): get_age> on 2024-04-02T00:00:00+00:00
[2024-06-24 15:03:47,374] {standard_task_runner.py:52} INFO - Started process 31227 to run task
[2024-06-24 15:03:47,402] {standard_task_runner.py:76} INFO - Running: ['airflow', 'tasks', 'run', 'our_dag_with_python_operator_v07', 'get_age', '2024-04-02T00:00:00+00:00', '--job-id', '10882', '--pool', 'default_pool', '--raw', '--subdir', 'DAGS_FOLDER/create_dag_with_python_operator.py', '--cfg-path', '/tmp/tmpq20wjbsw', '--error-file', '/tmp/tmp7918g8v5']
[2024-06-24 15:03:47,412] {standard_task_runner.py:77} INFO - Job 10882: Subtask get_age
[2024-06-24 15:03:47,890] {logging_mixin.py:104} INFO - Running <TaskInstance: our_dag_with_python_operator_v07.get_age 2024-04-02T00:00:00+00:00 [running]> on host 799b1e36e3f1
[2024-06-24 15:03:48,354] {taskinstance.py:1257} INFO - Exporting the following env vars:
AIRFLOW_CTX_DAG_OWNER=coder2j
AIRFLOW_CTX_DAG_ID=our_dag_with_python_operator_v07
AIRFLOW_CTX_TASK_ID=get_age
AIRFLOW_CTX_EXECUTION_DATE=2024-04-02T00:00:00+00:00
AIRFLOW_CTX_DAG_RUN_ID=scheduled__2024-04-02T00:00:00+00:00
[2024-06-24 15:03:48,423] {python.py:118} INFO - Done. Returned value was: None
[2024-06-24 15:03:48,487] {taskinstance.py:1166} INFO - Marking task as SUCCESS. dag_id=our_dag_with_python_operator_v07, task_id=get_age, execution_date=20240402T000000, start_date=20240624T150347, end_date=20240624T150348
[2024-06-24 15:03:48,637] {taskinstance.py:1220} INFO - 1 downstream tasks scheduled from follow-on schedule check
[2024-06-24 15:03:48,708] {local_task_job.py:146} INFO - Task exited with return code 0
