[2024-06-24 12:55:04,309] {taskinstance.py:851} INFO - Dependencies all met for <TaskInstance: dag_with_python_dependencies_v03.get_sklearn 2021-12-06T00:00:00+00:00 [queued]>
[2024-06-24 12:55:04,337] {taskinstance.py:851} INFO - Dependencies all met for <TaskInstance: dag_with_python_dependencies_v03.get_sklearn 2021-12-06T00:00:00+00:00 [queued]>
[2024-06-24 12:55:04,343] {taskinstance.py:1042} INFO - 
--------------------------------------------------------------------------------
[2024-06-24 12:55:04,347] {taskinstance.py:1043} INFO - Starting attempt 1 of 1
[2024-06-24 12:55:04,348] {taskinstance.py:1044} INFO - 
--------------------------------------------------------------------------------
[2024-06-24 12:55:04,508] {taskinstance.py:1063} INFO - Executing <Task(PythonOperator): get_sklearn> on 2021-12-06T00:00:00+00:00
[2024-06-24 12:55:04,541] {standard_task_runner.py:52} INFO - Started process 30236 to run task
[2024-06-24 12:55:04,575] {standard_task_runner.py:76} INFO - Running: ['airflow', 'tasks', 'run', 'dag_with_python_dependencies_v03', 'get_sklearn', '2021-12-06T00:00:00+00:00', '--job-id', '1180', '--pool', 'default_pool', '--raw', '--subdir', 'DAGS_FOLDER/dag_with_python_dependencies.py', '--cfg-path', '/tmp/tmph80kkusx', '--error-file', '/tmp/tmp536whdoi']
[2024-06-24 12:55:04,617] {standard_task_runner.py:77} INFO - Job 1180: Subtask get_sklearn
[2024-06-24 12:55:04,951] {logging_mixin.py:104} INFO - Running <TaskInstance: dag_with_python_dependencies_v03.get_sklearn 2021-12-06T00:00:00+00:00 [running]> on host 799b1e36e3f1
[2024-06-24 12:55:05,332] {taskinstance.py:1257} INFO - Exporting the following env vars:
AIRFLOW_CTX_DAG_OWNER=coder2j
AIRFLOW_CTX_DAG_ID=dag_with_python_dependencies_v03
AIRFLOW_CTX_TASK_ID=get_sklearn
AIRFLOW_CTX_EXECUTION_DATE=2021-12-06T00:00:00+00:00
AIRFLOW_CTX_DAG_RUN_ID=scheduled__2021-12-06T00:00:00+00:00
[2024-06-24 12:55:11,673] {logging_mixin.py:104} INFO - sklearn with version: 0.24.2
[2024-06-24 12:55:11,679] {python.py:118} INFO - Done. Returned value was: None
[2024-06-24 12:55:11,813] {taskinstance.py:1166} INFO - Marking task as SUCCESS. dag_id=dag_with_python_dependencies_v03, task_id=get_sklearn, execution_date=20211206T000000, start_date=20240624T125504, end_date=20240624T125511
[2024-06-24 12:55:12,089] {taskinstance.py:1220} INFO - 1 downstream tasks scheduled from follow-on schedule check
[2024-06-24 12:55:12,200] {local_task_job.py:146} INFO - Task exited with return code 0
