[2024-06-24 14:19:28,427] {taskinstance.py:851} INFO - Dependencies all met for <TaskInstance: dag_with_taskflow_api_v02.get_age 2022-06-22T00:00:00+00:00 [queued]>
[2024-06-24 14:19:28,538] {taskinstance.py:851} INFO - Dependencies all met for <TaskInstance: dag_with_taskflow_api_v02.get_age 2022-06-22T00:00:00+00:00 [queued]>
[2024-06-24 14:19:28,543] {taskinstance.py:1042} INFO - 
--------------------------------------------------------------------------------
[2024-06-24 14:19:28,546] {taskinstance.py:1043} INFO - Starting attempt 1 of 6
[2024-06-24 14:19:28,547] {taskinstance.py:1044} INFO - 
--------------------------------------------------------------------------------
[2024-06-24 14:19:28,651] {taskinstance.py:1063} INFO - Executing <Task(_PythonDecoratedOperator): get_age> on 2022-06-22T00:00:00+00:00
[2024-06-24 14:19:28,672] {standard_task_runner.py:52} INFO - Started process 2321 to run task
[2024-06-24 14:19:28,684] {standard_task_runner.py:76} INFO - Running: ['airflow', 'tasks', 'run', 'dag_with_taskflow_api_v02', 'get_age', '2022-06-22T00:00:00+00:00', '--job-id', '3427', '--pool', 'default_pool', '--raw', '--subdir', 'DAGS_FOLDER/dag_with_taskflow_api.py', '--cfg-path', '/tmp/tmppnkz_1i_', '--error-file', '/tmp/tmpmajemmdj']
[2024-06-24 14:19:28,696] {standard_task_runner.py:77} INFO - Job 3427: Subtask get_age
[2024-06-24 14:19:29,266] {logging_mixin.py:104} INFO - Running <TaskInstance: dag_with_taskflow_api_v02.get_age 2022-06-22T00:00:00+00:00 [running]> on host 799b1e36e3f1
[2024-06-24 14:19:29,485] {taskinstance.py:1257} INFO - Exporting the following env vars:
AIRFLOW_CTX_DAG_OWNER=coder2j
AIRFLOW_CTX_DAG_ID=dag_with_taskflow_api_v02
AIRFLOW_CTX_TASK_ID=get_age
AIRFLOW_CTX_EXECUTION_DATE=2022-06-22T00:00:00+00:00
AIRFLOW_CTX_DAG_RUN_ID=scheduled__2022-06-22T00:00:00+00:00
[2024-06-24 14:19:29,552] {taskinstance.py:1166} INFO - Marking task as SUCCESS. dag_id=dag_with_taskflow_api_v02, task_id=get_age, execution_date=20220622T000000, start_date=20240624T141928, end_date=20240624T141929
[2024-06-24 14:19:29,654] {taskinstance.py:1220} INFO - 1 downstream tasks scheduled from follow-on schedule check
[2024-06-24 14:19:29,705] {local_task_job.py:146} INFO - Task exited with return code 0
