[2024-06-24 14:24:50,028] {taskinstance.py:851} INFO - Dependencies all met for <TaskInstance: our_dag_with_python_operator_v07.get_name 2022-12-28T00:00:00+00:00 [queued]>
[2024-06-24 14:24:50,090] {taskinstance.py:851} INFO - Dependencies all met for <TaskInstance: our_dag_with_python_operator_v07.get_name 2022-12-28T00:00:00+00:00 [queued]>
[2024-06-24 14:24:50,092] {taskinstance.py:1042} INFO - 
--------------------------------------------------------------------------------
[2024-06-24 14:24:50,093] {taskinstance.py:1043} INFO - Starting attempt 1 of 6
[2024-06-24 14:24:50,097] {taskinstance.py:1044} INFO - 
--------------------------------------------------------------------------------
[2024-06-24 14:24:50,191] {taskinstance.py:1063} INFO - Executing <Task(PythonOperator): get_name> on 2022-12-28T00:00:00+00:00
[2024-06-24 14:24:50,202] {standard_task_runner.py:52} INFO - Started process 10202 to run task
[2024-06-24 14:24:50,212] {standard_task_runner.py:76} INFO - Running: ['airflow', 'tasks', 'run', 'our_dag_with_python_operator_v07', 'get_name', '2022-12-28T00:00:00+00:00', '--job-id', '5513', '--pool', 'default_pool', '--raw', '--subdir', 'DAGS_FOLDER/create_dag_with_python_operator.py', '--cfg-path', '/tmp/tmptg_otuce', '--error-file', '/tmp/tmpe65_bo1b']
[2024-06-24 14:24:50,219] {standard_task_runner.py:77} INFO - Job 5513: Subtask get_name
[2024-06-24 14:24:50,400] {logging_mixin.py:104} INFO - Running <TaskInstance: our_dag_with_python_operator_v07.get_name 2022-12-28T00:00:00+00:00 [running]> on host 799b1e36e3f1
[2024-06-24 14:24:50,713] {taskinstance.py:1257} INFO - Exporting the following env vars:
AIRFLOW_CTX_DAG_OWNER=coder2j
AIRFLOW_CTX_DAG_ID=our_dag_with_python_operator_v07
AIRFLOW_CTX_TASK_ID=get_name
AIRFLOW_CTX_EXECUTION_DATE=2022-12-28T00:00:00+00:00
AIRFLOW_CTX_DAG_RUN_ID=scheduled__2022-12-28T00:00:00+00:00
[2024-06-24 14:24:50,831] {python.py:118} INFO - Done. Returned value was: None
[2024-06-24 14:24:50,858] {taskinstance.py:1166} INFO - Marking task as SUCCESS. dag_id=our_dag_with_python_operator_v07, task_id=get_name, execution_date=20221228T000000, start_date=20240624T142450, end_date=20240624T142450
[2024-06-24 14:24:50,986] {taskinstance.py:1220} INFO - 1 downstream tasks scheduled from follow-on schedule check
[2024-06-24 14:24:51,024] {local_task_job.py:146} INFO - Task exited with return code 0
