[2024-08-11 13:01:01,160] {taskinstance.py:851} INFO - Dependencies all met for <TaskInstance: dag_with_cron_expression_v04.task1 2024-08-08T03:00:00+00:00 [queued]>
[2024-08-11 13:01:01,438] {taskinstance.py:851} INFO - Dependencies all met for <TaskInstance: dag_with_cron_expression_v04.task1 2024-08-08T03:00:00+00:00 [queued]>
[2024-08-11 13:01:01,517] {taskinstance.py:1042} INFO - 
--------------------------------------------------------------------------------
[2024-08-11 13:01:01,578] {taskinstance.py:1043} INFO - Starting attempt 1 of 6
[2024-08-11 13:01:01,607] {taskinstance.py:1044} INFO - 
--------------------------------------------------------------------------------
[2024-08-11 13:01:01,721] {taskinstance.py:1063} INFO - Executing <Task(BashOperator): task1> on 2024-08-08T03:00:00+00:00
[2024-08-11 13:01:01,778] {standard_task_runner.py:52} INFO - Started process 185 to run task
[2024-08-11 13:01:02,098] {standard_task_runner.py:76} INFO - Running: ['airflow', 'tasks', 'run', 'dag_with_cron_expression_v04', 'task1', '2024-08-08T03:00:00+00:00', '--job-id', '12740', '--pool', 'default_pool', '--raw', '--subdir', 'DAGS_FOLDER/dag_with_cron_expression.py', '--cfg-path', '/tmp/tmpgjcai4qk', '--error-file', '/tmp/tmpabixg_0z']
[2024-08-11 13:01:02,554] {standard_task_runner.py:77} INFO - Job 12740: Subtask task1
[2024-08-11 13:01:04,367] {logging_mixin.py:104} INFO - Running <TaskInstance: dag_with_cron_expression_v04.task1 2024-08-08T03:00:00+00:00 [running]> on host 799b1e36e3f1
[2024-08-11 13:01:05,757] {taskinstance.py:1257} INFO - Exporting the following env vars:
AIRFLOW_CTX_DAG_OWNER=coder2j
AIRFLOW_CTX_DAG_ID=dag_with_cron_expression_v04
AIRFLOW_CTX_TASK_ID=task1
AIRFLOW_CTX_EXECUTION_DATE=2024-08-08T03:00:00+00:00
AIRFLOW_CTX_DAG_RUN_ID=scheduled__2024-08-08T03:00:00+00:00
[2024-08-11 13:01:05,776] {bash.py:135} INFO - Tmp dir root location: 
 /tmp
[2024-08-11 13:01:05,948] {bash.py:158} INFO - Running command: echo dag with cron expression!
[2024-08-11 13:01:06,459] {bash.py:169} INFO - Output:
[2024-08-11 13:01:06,524] {bash.py:173} INFO - dag with cron expression!
[2024-08-11 13:01:06,583] {bash.py:177} INFO - Command exited with return code 0
[2024-08-11 13:01:07,623] {taskinstance.py:1166} INFO - Marking task as SUCCESS. dag_id=dag_with_cron_expression_v04, task_id=task1, execution_date=20240808T030000, start_date=20240811T130101, end_date=20240811T130107
[2024-08-11 13:01:08,728] {taskinstance.py:1220} INFO - 0 downstream tasks scheduled from follow-on schedule check
[2024-08-11 13:01:08,966] {local_task_job.py:146} INFO - Task exited with return code 0
