[2024-08-07 00:00:14,012] {taskinstance.py:851} INFO - Dependencies all met for <TaskInstance: our_dag_with_python_operator_v07.get_name 2024-08-06T00:00:00+00:00 [queued]>
[2024-08-07 00:00:14,128] {taskinstance.py:851} INFO - Dependencies all met for <TaskInstance: our_dag_with_python_operator_v07.get_name 2024-08-06T00:00:00+00:00 [queued]>
[2024-08-07 00:00:14,145] {taskinstance.py:1042} INFO - 
--------------------------------------------------------------------------------
[2024-08-07 00:00:14,148] {taskinstance.py:1043} INFO - Starting attempt 1 of 6
[2024-08-07 00:00:14,154] {taskinstance.py:1044} INFO - 
--------------------------------------------------------------------------------
[2024-08-07 00:00:14,318] {taskinstance.py:1063} INFO - Executing <Task(PythonOperator): get_name> on 2024-08-06T00:00:00+00:00
[2024-08-07 00:00:14,374] {standard_task_runner.py:52} INFO - Started process 95901 to run task
[2024-08-07 00:00:14,471] {standard_task_runner.py:76} INFO - Running: ['airflow', 'tasks', 'run', 'our_dag_with_python_operator_v07', 'get_name', '2024-08-06T00:00:00+00:00', '--job-id', '12706', '--pool', 'default_pool', '--raw', '--subdir', 'DAGS_FOLDER/create_dag_with_python_operator.py', '--cfg-path', '/tmp/tmpnanm_rj4', '--error-file', '/tmp/tmpcwqvwwjd']
[2024-08-07 00:00:14,501] {standard_task_runner.py:77} INFO - Job 12706: Subtask get_name
[2024-08-07 00:00:15,381] {logging_mixin.py:104} INFO - Running <TaskInstance: our_dag_with_python_operator_v07.get_name 2024-08-06T00:00:00+00:00 [running]> on host 799b1e36e3f1
[2024-08-07 00:00:16,789] {taskinstance.py:1257} INFO - Exporting the following env vars:
AIRFLOW_CTX_DAG_OWNER=coder2j
AIRFLOW_CTX_DAG_ID=our_dag_with_python_operator_v07
AIRFLOW_CTX_TASK_ID=get_name
AIRFLOW_CTX_EXECUTION_DATE=2024-08-06T00:00:00+00:00
AIRFLOW_CTX_DAG_RUN_ID=scheduled__2024-08-06T00:00:00+00:00
[2024-08-07 00:00:17,459] {python.py:118} INFO - Done. Returned value was: None
[2024-08-07 00:00:17,651] {taskinstance.py:1166} INFO - Marking task as SUCCESS. dag_id=our_dag_with_python_operator_v07, task_id=get_name, execution_date=20240806T000000, start_date=20240807T000014, end_date=20240807T000017
[2024-08-07 00:00:19,021] {taskinstance.py:1220} INFO - 0 downstream tasks scheduled from follow-on schedule check
[2024-08-07 00:00:19,082] {local_task_job.py:146} INFO - Task exited with return code 0
