[2024-06-24 14:22:21,960] {taskinstance.py:851} INFO - Dependencies all met for <TaskInstance: our_dag_with_python_operator_v07.greet 2022-09-16T00:00:00+00:00 [queued]>
[2024-06-24 14:22:21,996] {taskinstance.py:851} INFO - Dependencies all met for <TaskInstance: our_dag_with_python_operator_v07.greet 2022-09-16T00:00:00+00:00 [queued]>
[2024-06-24 14:22:21,999] {taskinstance.py:1042} INFO - 
--------------------------------------------------------------------------------
[2024-06-24 14:22:22,001] {taskinstance.py:1043} INFO - Starting attempt 1 of 6
[2024-06-24 14:22:22,004] {taskinstance.py:1044} INFO - 
--------------------------------------------------------------------------------
[2024-06-24 14:22:22,044] {taskinstance.py:1063} INFO - Executing <Task(PythonOperator): greet> on 2022-09-16T00:00:00+00:00
[2024-06-24 14:22:22,079] {standard_task_runner.py:52} INFO - Started process 6228 to run task
[2024-06-24 14:22:22,102] {standard_task_runner.py:76} INFO - Running: ['airflow', 'tasks', 'run', 'our_dag_with_python_operator_v07', 'greet', '2022-09-16T00:00:00+00:00', '--job-id', '4424', '--pool', 'default_pool', '--raw', '--subdir', 'DAGS_FOLDER/create_dag_with_python_operator.py', '--cfg-path', '/tmp/tmpuw0c9rr6', '--error-file', '/tmp/tmpg96jujri']
[2024-06-24 14:22:22,119] {standard_task_runner.py:77} INFO - Job 4424: Subtask greet
[2024-06-24 14:22:22,345] {logging_mixin.py:104} INFO - Running <TaskInstance: our_dag_with_python_operator_v07.greet 2022-09-16T00:00:00+00:00 [running]> on host 799b1e36e3f1
[2024-06-24 14:22:22,666] {taskinstance.py:1257} INFO - Exporting the following env vars:
AIRFLOW_CTX_DAG_OWNER=coder2j
AIRFLOW_CTX_DAG_ID=our_dag_with_python_operator_v07
AIRFLOW_CTX_TASK_ID=greet
AIRFLOW_CTX_EXECUTION_DATE=2022-09-16T00:00:00+00:00
AIRFLOW_CTX_DAG_RUN_ID=scheduled__2022-09-16T00:00:00+00:00
[2024-06-24 14:22:22,676] {logging_mixin.py:104} INFO - some dict:  {'a': 1, 'b': 2}
[2024-06-24 14:22:22,784] {logging_mixin.py:104} INFO - Hello World! My name is Jerry Fridman, and I am 19 years old!
[2024-06-24 14:22:22,787] {python.py:118} INFO - Done. Returned value was: None
[2024-06-24 14:22:22,866] {taskinstance.py:1166} INFO - Marking task as SUCCESS. dag_id=our_dag_with_python_operator_v07, task_id=greet, execution_date=20220916T000000, start_date=20240624T142221, end_date=20240624T142222
[2024-06-24 14:22:22,937] {taskinstance.py:1220} INFO - 0 downstream tasks scheduled from follow-on schedule check
[2024-06-24 14:22:23,005] {local_task_job.py:146} INFO - Task exited with return code 0
