[2024-06-24 14:30:05,713] {taskinstance.py:851} INFO - Dependencies all met for <TaskInstance: dag_with_taskflow_api_v02.get_age 2023-07-10T00:00:00+00:00 [queued]>
[2024-06-24 14:30:05,811] {taskinstance.py:851} INFO - Dependencies all met for <TaskInstance: dag_with_taskflow_api_v02.get_age 2023-07-10T00:00:00+00:00 [queued]>
[2024-06-24 14:30:05,816] {taskinstance.py:1042} INFO - 
--------------------------------------------------------------------------------
[2024-06-24 14:30:05,819] {taskinstance.py:1043} INFO - Starting attempt 1 of 6
[2024-06-24 14:30:05,824] {taskinstance.py:1044} INFO - 
--------------------------------------------------------------------------------
[2024-06-24 14:30:05,907] {taskinstance.py:1063} INFO - Executing <Task(_PythonDecoratedOperator): get_age> on 2023-07-10T00:00:00+00:00
[2024-06-24 14:30:05,936] {standard_task_runner.py:52} INFO - Started process 18674 to run task
[2024-06-24 14:30:05,951] {standard_task_runner.py:76} INFO - Running: ['airflow', 'tasks', 'run', 'dag_with_taskflow_api_v02', 'get_age', '2023-07-10T00:00:00+00:00', '--job-id', '7783', '--pool', 'default_pool', '--raw', '--subdir', 'DAGS_FOLDER/dag_with_taskflow_api.py', '--cfg-path', '/tmp/tmpskgacbeg', '--error-file', '/tmp/tmpiyg4ofm7']
[2024-06-24 14:30:05,969] {standard_task_runner.py:77} INFO - Job 7783: Subtask get_age
[2024-06-24 14:30:06,194] {logging_mixin.py:104} INFO - Running <TaskInstance: dag_with_taskflow_api_v02.get_age 2023-07-10T00:00:00+00:00 [running]> on host 799b1e36e3f1
[2024-06-24 14:30:06,349] {taskinstance.py:1257} INFO - Exporting the following env vars:
AIRFLOW_CTX_DAG_OWNER=coder2j
AIRFLOW_CTX_DAG_ID=dag_with_taskflow_api_v02
AIRFLOW_CTX_TASK_ID=get_age
AIRFLOW_CTX_EXECUTION_DATE=2023-07-10T00:00:00+00:00
AIRFLOW_CTX_DAG_RUN_ID=scheduled__2023-07-10T00:00:00+00:00
[2024-06-24 14:30:06,521] {taskinstance.py:1166} INFO - Marking task as SUCCESS. dag_id=dag_with_taskflow_api_v02, task_id=get_age, execution_date=20230710T000000, start_date=20240624T143005, end_date=20240624T143006
[2024-06-24 14:30:06,690] {taskinstance.py:1220} INFO - 0 downstream tasks scheduled from follow-on schedule check
[2024-06-24 14:30:06,763] {local_task_job.py:146} INFO - Task exited with return code 0
