[2024-06-24 12:59:31,644] {taskinstance.py:851} INFO - Dependencies all met for <TaskInstance: dag_with_taskflow_api_v02.get_age 2022-03-16T00:00:00+00:00 [queued]>
[2024-06-24 12:59:31,696] {taskinstance.py:851} INFO - Dependencies all met for <TaskInstance: dag_with_taskflow_api_v02.get_age 2022-03-16T00:00:00+00:00 [queued]>
[2024-06-24 12:59:31,704] {taskinstance.py:1042} INFO - 
--------------------------------------------------------------------------------
[2024-06-24 12:59:31,706] {taskinstance.py:1043} INFO - Starting attempt 1 of 6
[2024-06-24 12:59:31,708] {taskinstance.py:1044} INFO - 
--------------------------------------------------------------------------------
[2024-06-24 12:59:31,847] {taskinstance.py:1063} INFO - Executing <Task(_PythonDecoratedOperator): get_age> on 2022-03-16T00:00:00+00:00
[2024-06-24 12:59:31,871] {standard_task_runner.py:52} INFO - Started process 34524 to run task
[2024-06-24 12:59:31,896] {standard_task_runner.py:76} INFO - Running: ['airflow', 'tasks', 'run', 'dag_with_taskflow_api_v02', 'get_age', '2022-03-16T00:00:00+00:00', '--job-id', '2204', '--pool', 'default_pool', '--raw', '--subdir', 'DAGS_FOLDER/dag_with_taskflow_api.py', '--cfg-path', '/tmp/tmp_b0r6wvk', '--error-file', '/tmp/tmpd9p1_44e']
[2024-06-24 12:59:31,913] {standard_task_runner.py:77} INFO - Job 2204: Subtask get_age
[2024-06-24 12:59:32,348] {logging_mixin.py:104} INFO - Running <TaskInstance: dag_with_taskflow_api_v02.get_age 2022-03-16T00:00:00+00:00 [running]> on host 799b1e36e3f1
[2024-06-24 12:59:32,737] {taskinstance.py:1257} INFO - Exporting the following env vars:
AIRFLOW_CTX_DAG_OWNER=coder2j
AIRFLOW_CTX_DAG_ID=dag_with_taskflow_api_v02
AIRFLOW_CTX_TASK_ID=get_age
AIRFLOW_CTX_EXECUTION_DATE=2022-03-16T00:00:00+00:00
AIRFLOW_CTX_DAG_RUN_ID=scheduled__2022-03-16T00:00:00+00:00
[2024-06-24 12:59:32,970] {taskinstance.py:1166} INFO - Marking task as SUCCESS. dag_id=dag_with_taskflow_api_v02, task_id=get_age, execution_date=20220316T000000, start_date=20240624T125931, end_date=20240624T125932
[2024-06-24 12:59:33,243] {taskinstance.py:1220} INFO - 1 downstream tasks scheduled from follow-on schedule check
[2024-06-24 12:59:33,403] {local_task_job.py:146} INFO - Task exited with return code 0
