[2024-06-24 14:26:32,718] {taskinstance.py:851} INFO - Dependencies all met for <TaskInstance: our_dag_with_python_operator_v07.greet 2023-03-02T00:00:00+00:00 [queued]>
[2024-06-24 14:26:32,822] {taskinstance.py:851} INFO - Dependencies all met for <TaskInstance: our_dag_with_python_operator_v07.greet 2023-03-02T00:00:00+00:00 [queued]>
[2024-06-24 14:26:32,825] {taskinstance.py:1042} INFO - 
--------------------------------------------------------------------------------
[2024-06-24 14:26:32,826] {taskinstance.py:1043} INFO - Starting attempt 1 of 6
[2024-06-24 14:26:32,829] {taskinstance.py:1044} INFO - 
--------------------------------------------------------------------------------
[2024-06-24 14:26:32,942] {taskinstance.py:1063} INFO - Executing <Task(PythonOperator): greet> on 2023-03-02T00:00:00+00:00
[2024-06-24 14:26:32,956] {standard_task_runner.py:52} INFO - Started process 13039 to run task
[2024-06-24 14:26:32,967] {standard_task_runner.py:76} INFO - Running: ['airflow', 'tasks', 'run', 'our_dag_with_python_operator_v07', 'greet', '2023-03-02T00:00:00+00:00', '--job-id', '6253', '--pool', 'default_pool', '--raw', '--subdir', 'DAGS_FOLDER/create_dag_with_python_operator.py', '--cfg-path', '/tmp/tmpvdgvy0xo', '--error-file', '/tmp/tmpwjxw51qy']
[2024-06-24 14:26:32,984] {standard_task_runner.py:77} INFO - Job 6253: Subtask greet
[2024-06-24 14:26:33,305] {logging_mixin.py:104} INFO - Running <TaskInstance: our_dag_with_python_operator_v07.greet 2023-03-02T00:00:00+00:00 [running]> on host 799b1e36e3f1
[2024-06-24 14:26:33,577] {taskinstance.py:1257} INFO - Exporting the following env vars:
AIRFLOW_CTX_DAG_OWNER=coder2j
AIRFLOW_CTX_DAG_ID=our_dag_with_python_operator_v07
AIRFLOW_CTX_TASK_ID=greet
AIRFLOW_CTX_EXECUTION_DATE=2023-03-02T00:00:00+00:00
AIRFLOW_CTX_DAG_RUN_ID=scheduled__2023-03-02T00:00:00+00:00
[2024-06-24 14:26:33,596] {logging_mixin.py:104} INFO - some dict:  {'a': 1, 'b': 2}
[2024-06-24 14:26:33,749] {logging_mixin.py:104} INFO - Hello World! My name is Jerry Fridman, and I am 19 years old!
[2024-06-24 14:26:33,750] {python.py:118} INFO - Done. Returned value was: None
[2024-06-24 14:26:33,833] {taskinstance.py:1166} INFO - Marking task as SUCCESS. dag_id=our_dag_with_python_operator_v07, task_id=greet, execution_date=20230302T000000, start_date=20240624T142632, end_date=20240624T142633
[2024-06-24 14:26:33,962] {taskinstance.py:1220} INFO - 0 downstream tasks scheduled from follow-on schedule check
[2024-06-24 14:26:34,002] {local_task_job.py:146} INFO - Task exited with return code 0
