[2024-06-24 15:01:39,398] {taskinstance.py:851} INFO - Dependencies all met for <TaskInstance: our_first_dag_v5.first_task 2023-12-12T00:00:00+00:00 [queued]>
[2024-06-24 15:01:39,441] {taskinstance.py:851} INFO - Dependencies all met for <TaskInstance: our_first_dag_v5.first_task 2023-12-12T00:00:00+00:00 [queued]>
[2024-06-24 15:01:39,448] {taskinstance.py:1042} INFO - 
--------------------------------------------------------------------------------
[2024-06-24 15:01:39,452] {taskinstance.py:1043} INFO - Starting attempt 1 of 6
[2024-06-24 15:01:39,453] {taskinstance.py:1044} INFO - 
--------------------------------------------------------------------------------
[2024-06-24 15:01:39,528] {taskinstance.py:1063} INFO - Executing <Task(BashOperator): first_task> on 2023-12-12T00:00:00+00:00
[2024-06-24 15:01:39,546] {standard_task_runner.py:52} INFO - Started process 28405 to run task
[2024-06-24 15:01:39,603] {standard_task_runner.py:76} INFO - Running: ['airflow', 'tasks', 'run', 'our_first_dag_v5', 'first_task', '2023-12-12T00:00:00+00:00', '--job-id', '10137', '--pool', 'default_pool', '--raw', '--subdir', 'DAGS_FOLDER/our_first_dag.py', '--cfg-path', '/tmp/tmp4qkdfl89', '--error-file', '/tmp/tmpyew3tinb']
[2024-06-24 15:01:39,658] {standard_task_runner.py:77} INFO - Job 10137: Subtask first_task
[2024-06-24 15:01:40,010] {logging_mixin.py:104} INFO - Running <TaskInstance: our_first_dag_v5.first_task 2023-12-12T00:00:00+00:00 [running]> on host 799b1e36e3f1
[2024-06-24 15:01:40,701] {taskinstance.py:1257} INFO - Exporting the following env vars:
AIRFLOW_CTX_DAG_OWNER=coder2j
AIRFLOW_CTX_DAG_ID=our_first_dag_v5
AIRFLOW_CTX_TASK_ID=first_task
AIRFLOW_CTX_EXECUTION_DATE=2023-12-12T00:00:00+00:00
AIRFLOW_CTX_DAG_RUN_ID=scheduled__2023-12-12T00:00:00+00:00
[2024-06-24 15:01:40,702] {bash.py:135} INFO - Tmp dir root location: 
 /tmp
[2024-06-24 15:01:40,704] {bash.py:158} INFO - Running command: echo hello world, this is the first task!
[2024-06-24 15:01:40,799] {bash.py:169} INFO - Output:
[2024-06-24 15:01:40,802] {bash.py:173} INFO - hello world, this is the first task!
[2024-06-24 15:01:40,804] {bash.py:177} INFO - Command exited with return code 0
[2024-06-24 15:01:41,016] {taskinstance.py:1166} INFO - Marking task as SUCCESS. dag_id=our_first_dag_v5, task_id=first_task, execution_date=20231212T000000, start_date=20240624T150139, end_date=20240624T150141
[2024-06-24 15:01:41,324] {taskinstance.py:1220} INFO - 2 downstream tasks scheduled from follow-on schedule check
[2024-06-24 15:01:41,353] {local_task_job.py:146} INFO - Task exited with return code 0
