[2024-06-24 15:06:12,568] {taskinstance.py:851} INFO - Dependencies all met for <TaskInstance: dag_with_python_dependencies_v03.get_sklearn 2024-03-16T00:00:00+00:00 [queued]>
[2024-06-24 15:06:12,638] {taskinstance.py:851} INFO - Dependencies all met for <TaskInstance: dag_with_python_dependencies_v03.get_sklearn 2024-03-16T00:00:00+00:00 [queued]>
[2024-06-24 15:06:12,639] {taskinstance.py:1042} INFO - 
--------------------------------------------------------------------------------
[2024-06-24 15:06:12,639] {taskinstance.py:1043} INFO - Starting attempt 1 of 1
[2024-06-24 15:06:12,639] {taskinstance.py:1044} INFO - 
--------------------------------------------------------------------------------
[2024-06-24 15:06:12,715] {taskinstance.py:1063} INFO - Executing <Task(PythonOperator): get_sklearn> on 2024-03-16T00:00:00+00:00
[2024-06-24 15:06:12,725] {standard_task_runner.py:52} INFO - Started process 34819 to run task
[2024-06-24 15:06:12,734] {standard_task_runner.py:76} INFO - Running: ['airflow', 'tasks', 'run', 'dag_with_python_dependencies_v03', 'get_sklearn', '2024-03-16T00:00:00+00:00', '--job-id', '11798', '--pool', 'default_pool', '--raw', '--subdir', 'DAGS_FOLDER/dag_with_python_dependencies.py', '--cfg-path', '/tmp/tmp0tp184gv', '--error-file', '/tmp/tmp2zu6kxxe']
[2024-06-24 15:06:12,741] {standard_task_runner.py:77} INFO - Job 11798: Subtask get_sklearn
[2024-06-24 15:06:12,849] {logging_mixin.py:104} INFO - Running <TaskInstance: dag_with_python_dependencies_v03.get_sklearn 2024-03-16T00:00:00+00:00 [running]> on host 799b1e36e3f1
[2024-06-24 15:06:12,962] {taskinstance.py:1257} INFO - Exporting the following env vars:
AIRFLOW_CTX_DAG_OWNER=coder2j
AIRFLOW_CTX_DAG_ID=dag_with_python_dependencies_v03
AIRFLOW_CTX_TASK_ID=get_sklearn
AIRFLOW_CTX_EXECUTION_DATE=2024-03-16T00:00:00+00:00
AIRFLOW_CTX_DAG_RUN_ID=scheduled__2024-03-16T00:00:00+00:00
[2024-06-24 15:06:16,205] {logging_mixin.py:104} INFO - sklearn with version: 0.24.2
[2024-06-24 15:06:16,218] {python.py:118} INFO - Done. Returned value was: None
[2024-06-24 15:06:16,277] {taskinstance.py:1166} INFO - Marking task as SUCCESS. dag_id=dag_with_python_dependencies_v03, task_id=get_sklearn, execution_date=20240316T000000, start_date=20240624T150612, end_date=20240624T150616
[2024-06-24 15:06:17,012] {taskinstance.py:1220} INFO - 0 downstream tasks scheduled from follow-on schedule check
[2024-06-24 15:06:17,067] {local_task_job.py:146} INFO - Task exited with return code 0
