[2024-06-24 14:23:56,042] {taskinstance.py:851} INFO - Dependencies all met for <TaskInstance: our_dag_with_python_operator_v07.get_age 2022-11-23T00:00:00+00:00 [queued]>
[2024-06-24 14:23:56,099] {taskinstance.py:851} INFO - Dependencies all met for <TaskInstance: our_dag_with_python_operator_v07.get_age 2022-11-23T00:00:00+00:00 [queued]>
[2024-06-24 14:23:56,101] {taskinstance.py:1042} INFO - 
--------------------------------------------------------------------------------
[2024-06-24 14:23:56,104] {taskinstance.py:1043} INFO - Starting attempt 1 of 6
[2024-06-24 14:23:56,105] {taskinstance.py:1044} INFO - 
--------------------------------------------------------------------------------
[2024-06-24 14:23:56,177] {taskinstance.py:1063} INFO - Executing <Task(PythonOperator): get_age> on 2022-11-23T00:00:00+00:00
[2024-06-24 14:23:56,186] {standard_task_runner.py:52} INFO - Started process 8729 to run task
[2024-06-24 14:23:56,196] {standard_task_runner.py:76} INFO - Running: ['airflow', 'tasks', 'run', 'our_dag_with_python_operator_v07', 'get_age', '2022-11-23T00:00:00+00:00', '--job-id', '5106', '--pool', 'default_pool', '--raw', '--subdir', 'DAGS_FOLDER/create_dag_with_python_operator.py', '--cfg-path', '/tmp/tmpjan5v9s2', '--error-file', '/tmp/tmpg9s8rlu8']
[2024-06-24 14:23:56,207] {standard_task_runner.py:77} INFO - Job 5106: Subtask get_age
[2024-06-24 14:23:56,384] {logging_mixin.py:104} INFO - Running <TaskInstance: our_dag_with_python_operator_v07.get_age 2022-11-23T00:00:00+00:00 [running]> on host 799b1e36e3f1
[2024-06-24 14:23:56,557] {taskinstance.py:1257} INFO - Exporting the following env vars:
AIRFLOW_CTX_DAG_OWNER=coder2j
AIRFLOW_CTX_DAG_ID=our_dag_with_python_operator_v07
AIRFLOW_CTX_TASK_ID=get_age
AIRFLOW_CTX_EXECUTION_DATE=2022-11-23T00:00:00+00:00
AIRFLOW_CTX_DAG_RUN_ID=scheduled__2022-11-23T00:00:00+00:00
[2024-06-24 14:23:56,627] {python.py:118} INFO - Done. Returned value was: None
[2024-06-24 14:23:56,680] {taskinstance.py:1166} INFO - Marking task as SUCCESS. dag_id=our_dag_with_python_operator_v07, task_id=get_age, execution_date=20221123T000000, start_date=20240624T142356, end_date=20240624T142356
[2024-06-24 14:23:56,803] {taskinstance.py:1220} INFO - 0 downstream tasks scheduled from follow-on schedule check
[2024-06-24 14:23:56,901] {local_task_job.py:146} INFO - Task exited with return code 0
