[2024-06-24 15:05:56,394] {taskinstance.py:851} INFO - Dependencies all met for <TaskInstance: our_dag_with_python_operator_v07.get_age 2024-06-19T00:00:00+00:00 [queued]>
[2024-06-24 15:05:56,503] {taskinstance.py:851} INFO - Dependencies all met for <TaskInstance: our_dag_with_python_operator_v07.get_age 2024-06-19T00:00:00+00:00 [queued]>
[2024-06-24 15:05:56,507] {taskinstance.py:1042} INFO - 
--------------------------------------------------------------------------------
[2024-06-24 15:05:56,515] {taskinstance.py:1043} INFO - Starting attempt 1 of 6
[2024-06-24 15:05:56,516] {taskinstance.py:1044} INFO - 
--------------------------------------------------------------------------------
[2024-06-24 15:05:56,618] {taskinstance.py:1063} INFO - Executing <Task(PythonOperator): get_age> on 2024-06-19T00:00:00+00:00
[2024-06-24 15:05:56,636] {standard_task_runner.py:52} INFO - Started process 34317 to run task
[2024-06-24 15:05:56,646] {standard_task_runner.py:76} INFO - Running: ['airflow', 'tasks', 'run', 'our_dag_with_python_operator_v07', 'get_age', '2024-06-19T00:00:00+00:00', '--job-id', '11689', '--pool', 'default_pool', '--raw', '--subdir', 'DAGS_FOLDER/create_dag_with_python_operator.py', '--cfg-path', '/tmp/tmpw9hxovrr', '--error-file', '/tmp/tmpus2viz5n']
[2024-06-24 15:05:56,662] {standard_task_runner.py:77} INFO - Job 11689: Subtask get_age
[2024-06-24 15:05:56,921] {logging_mixin.py:104} INFO - Running <TaskInstance: our_dag_with_python_operator_v07.get_age 2024-06-19T00:00:00+00:00 [running]> on host 799b1e36e3f1
[2024-06-24 15:05:57,134] {taskinstance.py:1257} INFO - Exporting the following env vars:
AIRFLOW_CTX_DAG_OWNER=coder2j
AIRFLOW_CTX_DAG_ID=our_dag_with_python_operator_v07
AIRFLOW_CTX_TASK_ID=get_age
AIRFLOW_CTX_EXECUTION_DATE=2024-06-19T00:00:00+00:00
AIRFLOW_CTX_DAG_RUN_ID=scheduled__2024-06-19T00:00:00+00:00
[2024-06-24 15:05:57,306] {python.py:118} INFO - Done. Returned value was: None
[2024-06-24 15:05:57,364] {taskinstance.py:1166} INFO - Marking task as SUCCESS. dag_id=our_dag_with_python_operator_v07, task_id=get_age, execution_date=20240619T000000, start_date=20240624T150556, end_date=20240624T150557
[2024-06-24 15:05:57,521] {taskinstance.py:1220} INFO - 1 downstream tasks scheduled from follow-on schedule check
[2024-06-24 15:05:57,564] {local_task_job.py:146} INFO - Task exited with return code 0
