[2024-08-11 13:01:23,587] {taskinstance.py:851} INFO - Dependencies all met for <TaskInstance: dag_with_python_dependencies_v03.get_matplotlib 2024-08-08T00:00:00+00:00 [queued]>
[2024-08-11 13:01:23,669] {taskinstance.py:851} INFO - Dependencies all met for <TaskInstance: dag_with_python_dependencies_v03.get_matplotlib 2024-08-08T00:00:00+00:00 [queued]>
[2024-08-11 13:01:23,672] {taskinstance.py:1042} INFO - 
--------------------------------------------------------------------------------
[2024-08-11 13:01:23,673] {taskinstance.py:1043} INFO - Starting attempt 1 of 1
[2024-08-11 13:01:23,675] {taskinstance.py:1044} INFO - 
--------------------------------------------------------------------------------
[2024-08-11 13:01:23,711] {taskinstance.py:1063} INFO - Executing <Task(PythonOperator): get_matplotlib> on 2024-08-08T00:00:00+00:00
[2024-08-11 13:01:23,725] {standard_task_runner.py:52} INFO - Started process 285 to run task
[2024-08-11 13:01:23,737] {standard_task_runner.py:76} INFO - Running: ['airflow', 'tasks', 'run', 'dag_with_python_dependencies_v03', 'get_matplotlib', '2024-08-08T00:00:00+00:00', '--job-id', '12769', '--pool', 'default_pool', '--raw', '--subdir', 'DAGS_FOLDER/dag_with_python_dependencies.py', '--cfg-path', '/tmp/tmpuwjjzfms', '--error-file', '/tmp/tmpqv2m1l1x']
[2024-08-11 13:01:23,746] {standard_task_runner.py:77} INFO - Job 12769: Subtask get_matplotlib
[2024-08-11 13:01:23,905] {logging_mixin.py:104} INFO - Running <TaskInstance: dag_with_python_dependencies_v03.get_matplotlib 2024-08-08T00:00:00+00:00 [running]> on host 799b1e36e3f1
[2024-08-11 13:01:24,079] {taskinstance.py:1257} INFO - Exporting the following env vars:
AIRFLOW_CTX_DAG_OWNER=coder2j
AIRFLOW_CTX_DAG_ID=dag_with_python_dependencies_v03
AIRFLOW_CTX_TASK_ID=get_matplotlib
AIRFLOW_CTX_EXECUTION_DATE=2024-08-08T00:00:00+00:00
AIRFLOW_CTX_DAG_RUN_ID=scheduled__2024-08-08T00:00:00+00:00
[2024-08-11 13:01:24,527] {__init__.py:482} WARNING - Matplotlib created a temporary config/cache directory at /tmp/matplotlib-l0j5lqyd because the default path (/home/airflow/.config/matplotlib) is not a writable directory; it is highly recommended to set the MPLCONFIGDIR environment variable to a writable directory, in particular to speed up the import of Matplotlib and to better support multiprocessing.
[2024-08-11 13:01:24,554] {logging_mixin.py:104} INFO - matplotlib with version: 3.3.3
[2024-08-11 13:01:24,578] {python.py:118} INFO - Done. Returned value was: None
[2024-08-11 13:01:24,658] {taskinstance.py:1166} INFO - Marking task as SUCCESS. dag_id=dag_with_python_dependencies_v03, task_id=get_matplotlib, execution_date=20240808T000000, start_date=20240811T130123, end_date=20240811T130124
[2024-08-11 13:01:25,217] {taskinstance.py:1220} INFO - 0 downstream tasks scheduled from follow-on schedule check
[2024-08-11 13:01:25,440] {local_task_job.py:146} INFO - Task exited with return code 0
