[2024-06-24 14:30:14,599] {taskinstance.py:851} INFO - Dependencies all met for <TaskInstance: dag_with_taskflow_api_v02.get_age 2023-07-27T00:00:00+00:00 [queued]>
[2024-06-24 14:30:14,671] {taskinstance.py:851} INFO - Dependencies all met for <TaskInstance: dag_with_taskflow_api_v02.get_age 2023-07-27T00:00:00+00:00 [queued]>
[2024-06-24 14:30:14,697] {taskinstance.py:1042} INFO - 
--------------------------------------------------------------------------------
[2024-06-24 14:30:14,700] {taskinstance.py:1043} INFO - Starting attempt 1 of 6
[2024-06-24 14:30:14,706] {taskinstance.py:1044} INFO - 
--------------------------------------------------------------------------------
[2024-06-24 14:30:14,777] {taskinstance.py:1063} INFO - Executing <Task(_PythonDecoratedOperator): get_age> on 2023-07-27T00:00:00+00:00
[2024-06-24 14:30:14,832] {standard_task_runner.py:52} INFO - Started process 18900 to run task
[2024-06-24 14:30:14,849] {standard_task_runner.py:76} INFO - Running: ['airflow', 'tasks', 'run', 'dag_with_taskflow_api_v02', 'get_age', '2023-07-27T00:00:00+00:00', '--job-id', '7853', '--pool', 'default_pool', '--raw', '--subdir', 'DAGS_FOLDER/dag_with_taskflow_api.py', '--cfg-path', '/tmp/tmpy8c5b90a', '--error-file', '/tmp/tmpl7_abv9d']
[2024-06-24 14:30:14,884] {standard_task_runner.py:77} INFO - Job 7853: Subtask get_age
[2024-06-24 14:30:15,082] {logging_mixin.py:104} INFO - Running <TaskInstance: dag_with_taskflow_api_v02.get_age 2023-07-27T00:00:00+00:00 [running]> on host 799b1e36e3f1
[2024-06-24 14:30:15,332] {taskinstance.py:1257} INFO - Exporting the following env vars:
AIRFLOW_CTX_DAG_OWNER=coder2j
AIRFLOW_CTX_DAG_ID=dag_with_taskflow_api_v02
AIRFLOW_CTX_TASK_ID=get_age
AIRFLOW_CTX_EXECUTION_DATE=2023-07-27T00:00:00+00:00
AIRFLOW_CTX_DAG_RUN_ID=scheduled__2023-07-27T00:00:00+00:00
[2024-06-24 14:30:15,443] {taskinstance.py:1166} INFO - Marking task as SUCCESS. dag_id=dag_with_taskflow_api_v02, task_id=get_age, execution_date=20230727T000000, start_date=20240624T143014, end_date=20240624T143015
[2024-06-24 14:30:15,556] {taskinstance.py:1220} INFO - 1 downstream tasks scheduled from follow-on schedule check
[2024-06-24 14:30:15,611] {local_task_job.py:146} INFO - Task exited with return code 0
