[2024-06-24 12:55:01,956] {taskinstance.py:851} INFO - Dependencies all met for <TaskInstance: dag_with_taskflow_api_v02.greet 2021-12-19T00:00:00+00:00 [queued]>
[2024-06-24 12:55:02,013] {taskinstance.py:851} INFO - Dependencies all met for <TaskInstance: dag_with_taskflow_api_v02.greet 2021-12-19T00:00:00+00:00 [queued]>
[2024-06-24 12:55:02,017] {taskinstance.py:1042} INFO - 
--------------------------------------------------------------------------------
[2024-06-24 12:55:02,018] {taskinstance.py:1043} INFO - Starting attempt 1 of 6
[2024-06-24 12:55:02,019] {taskinstance.py:1044} INFO - 
--------------------------------------------------------------------------------
[2024-06-24 12:55:02,076] {taskinstance.py:1063} INFO - Executing <Task(_PythonDecoratedOperator): greet> on 2021-12-19T00:00:00+00:00
[2024-06-24 12:55:02,105] {standard_task_runner.py:52} INFO - Started process 30185 to run task
[2024-06-24 12:55:02,119] {standard_task_runner.py:76} INFO - Running: ['airflow', 'tasks', 'run', 'dag_with_taskflow_api_v02', 'greet', '2021-12-19T00:00:00+00:00', '--job-id', '1169', '--pool', 'default_pool', '--raw', '--subdir', 'DAGS_FOLDER/dag_with_taskflow_api.py', '--cfg-path', '/tmp/tmpkb17auvf', '--error-file', '/tmp/tmpwxnis9cx']
[2024-06-24 12:55:02,129] {standard_task_runner.py:77} INFO - Job 1169: Subtask greet
[2024-06-24 12:55:02,330] {logging_mixin.py:104} INFO - Running <TaskInstance: dag_with_taskflow_api_v02.greet 2021-12-19T00:00:00+00:00 [running]> on host 799b1e36e3f1
[2024-06-24 12:55:02,871] {taskinstance.py:1257} INFO - Exporting the following env vars:
AIRFLOW_CTX_DAG_OWNER=coder2j
AIRFLOW_CTX_DAG_ID=dag_with_taskflow_api_v02
AIRFLOW_CTX_TASK_ID=greet
AIRFLOW_CTX_EXECUTION_DATE=2021-12-19T00:00:00+00:00
AIRFLOW_CTX_DAG_RUN_ID=scheduled__2021-12-19T00:00:00+00:00
[2024-06-24 12:55:02,874] {logging_mixin.py:104} INFO - Hello World! My name is Jerry Fridman and I am 19 years old!
[2024-06-24 12:55:02,954] {taskinstance.py:1166} INFO - Marking task as SUCCESS. dag_id=dag_with_taskflow_api_v02, task_id=greet, execution_date=20211219T000000, start_date=20240624T125501, end_date=20240624T125502
[2024-06-24 12:55:03,113] {taskinstance.py:1220} INFO - 0 downstream tasks scheduled from follow-on schedule check
[2024-06-24 12:55:03,184] {local_task_job.py:146} INFO - Task exited with return code 0
