[2024-06-24 12:52:25,614] {taskinstance.py:851} INFO - Dependencies all met for <TaskInstance: our_dag_with_python_operator_v07.get_name 2021-10-15T00:00:00+00:00 [queued]>
[2024-06-24 12:52:25,681] {taskinstance.py:851} INFO - Dependencies all met for <TaskInstance: our_dag_with_python_operator_v07.get_name 2021-10-15T00:00:00+00:00 [queued]>
[2024-06-24 12:52:25,691] {taskinstance.py:1042} INFO - 
--------------------------------------------------------------------------------
[2024-06-24 12:52:25,711] {taskinstance.py:1043} INFO - Starting attempt 1 of 6
[2024-06-24 12:52:25,712] {taskinstance.py:1044} INFO - 
--------------------------------------------------------------------------------
[2024-06-24 12:52:25,876] {taskinstance.py:1063} INFO - Executing <Task(PythonOperator): get_name> on 2021-10-15T00:00:00+00:00
[2024-06-24 12:52:25,931] {standard_task_runner.py:52} INFO - Started process 27676 to run task
[2024-06-24 12:52:26,035] {standard_task_runner.py:76} INFO - Running: ['airflow', 'tasks', 'run', 'our_dag_with_python_operator_v07', 'get_name', '2021-10-15T00:00:00+00:00', '--job-id', '556', '--pool', 'default_pool', '--raw', '--subdir', 'DAGS_FOLDER/create_dag_with_python_operator.py', '--cfg-path', '/tmp/tmpc5t2dxhi', '--error-file', '/tmp/tmp5aspzrcj']
[2024-06-24 12:52:26,073] {standard_task_runner.py:77} INFO - Job 556: Subtask get_name
[2024-06-24 12:52:26,509] {logging_mixin.py:104} INFO - Running <TaskInstance: our_dag_with_python_operator_v07.get_name 2021-10-15T00:00:00+00:00 [running]> on host 799b1e36e3f1
[2024-06-24 12:52:27,383] {taskinstance.py:1257} INFO - Exporting the following env vars:
AIRFLOW_CTX_DAG_OWNER=coder2j
AIRFLOW_CTX_DAG_ID=our_dag_with_python_operator_v07
AIRFLOW_CTX_TASK_ID=get_name
AIRFLOW_CTX_EXECUTION_DATE=2021-10-15T00:00:00+00:00
AIRFLOW_CTX_DAG_RUN_ID=scheduled__2021-10-15T00:00:00+00:00
[2024-06-24 12:52:27,654] {python.py:118} INFO - Done. Returned value was: None
[2024-06-24 12:52:27,763] {taskinstance.py:1166} INFO - Marking task as SUCCESS. dag_id=our_dag_with_python_operator_v07, task_id=get_name, execution_date=20211015T000000, start_date=20240624T125225, end_date=20240624T125227
[2024-06-24 12:52:28,925] {taskinstance.py:1220} INFO - 0 downstream tasks scheduled from follow-on schedule check
[2024-06-24 12:52:29,039] {local_task_job.py:146} INFO - Task exited with return code 0
