[2024-08-06 14:24:44,204] {taskinstance.py:851} INFO - Dependencies all met for <TaskInstance: dag_with_taskflow_api_v02.greet 2024-08-04T00:00:00+00:00 [queued]>
[2024-08-06 14:24:44,239] {taskinstance.py:851} INFO - Dependencies all met for <TaskInstance: dag_with_taskflow_api_v02.greet 2024-08-04T00:00:00+00:00 [queued]>
[2024-08-06 14:24:44,248] {taskinstance.py:1042} INFO - 
--------------------------------------------------------------------------------
[2024-08-06 14:24:44,250] {taskinstance.py:1043} INFO - Starting attempt 1 of 6
[2024-08-06 14:24:44,263] {taskinstance.py:1044} INFO - 
--------------------------------------------------------------------------------
[2024-08-06 14:24:44,364] {taskinstance.py:1063} INFO - Executing <Task(_PythonDecoratedOperator): greet> on 2024-08-04T00:00:00+00:00
[2024-08-06 14:24:44,388] {standard_task_runner.py:52} INFO - Started process 240 to run task
[2024-08-06 14:24:44,397] {standard_task_runner.py:76} INFO - Running: ['airflow', 'tasks', 'run', 'dag_with_taskflow_api_v02', 'greet', '2024-08-04T00:00:00+00:00', '--job-id', '12699', '--pool', 'default_pool', '--raw', '--subdir', 'DAGS_FOLDER/dag_with_taskflow_api.py', '--cfg-path', '/tmp/tmpxvw0uzcs', '--error-file', '/tmp/tmpqi2iksbv']
[2024-08-06 14:24:44,421] {standard_task_runner.py:77} INFO - Job 12699: Subtask greet
[2024-08-06 14:24:44,776] {logging_mixin.py:104} INFO - Running <TaskInstance: dag_with_taskflow_api_v02.greet 2024-08-04T00:00:00+00:00 [running]> on host 799b1e36e3f1
[2024-08-06 14:24:45,331] {taskinstance.py:1257} INFO - Exporting the following env vars:
AIRFLOW_CTX_DAG_OWNER=coder2j
AIRFLOW_CTX_DAG_ID=dag_with_taskflow_api_v02
AIRFLOW_CTX_TASK_ID=greet
AIRFLOW_CTX_EXECUTION_DATE=2024-08-04T00:00:00+00:00
AIRFLOW_CTX_DAG_RUN_ID=scheduled__2024-08-04T00:00:00+00:00
[2024-08-06 14:24:45,333] {logging_mixin.py:104} INFO - Hello World! My name is Jerry Fridman and I am 19 years old!
[2024-08-06 14:24:45,389] {taskinstance.py:1166} INFO - Marking task as SUCCESS. dag_id=dag_with_taskflow_api_v02, task_id=greet, execution_date=20240804T000000, start_date=20240806T142444, end_date=20240806T142445
[2024-08-06 14:24:45,563] {taskinstance.py:1220} INFO - 0 downstream tasks scheduled from follow-on schedule check
[2024-08-06 14:24:45,620] {local_task_job.py:146} INFO - Task exited with return code 0
