[2024-06-24 14:49:12,307] {taskinstance.py:851} INFO - Dependencies all met for <TaskInstance: our_first_dag_v5.first_task 2023-09-19T00:00:00+00:00 [queued]>
[2024-06-24 14:49:12,516] {taskinstance.py:851} INFO - Dependencies all met for <TaskInstance: our_first_dag_v5.first_task 2023-09-19T00:00:00+00:00 [queued]>
[2024-06-24 14:49:12,518] {taskinstance.py:1042} INFO - 
--------------------------------------------------------------------------------
[2024-06-24 14:49:12,520] {taskinstance.py:1043} INFO - Starting attempt 1 of 6
[2024-06-24 14:49:12,592] {taskinstance.py:1044} INFO - 
--------------------------------------------------------------------------------
[2024-06-24 14:49:13,607] {taskinstance.py:1063} INFO - Executing <Task(BashOperator): first_task> on 2023-09-19T00:00:00+00:00
[2024-06-24 14:49:13,773] {standard_task_runner.py:52} INFO - Started process 24650 to run task
[2024-06-24 14:49:13,930] {standard_task_runner.py:76} INFO - Running: ['airflow', 'tasks', 'run', 'our_first_dag_v5', 'first_task', '2023-09-19T00:00:00+00:00', '--job-id', '9274', '--pool', 'default_pool', '--raw', '--subdir', 'DAGS_FOLDER/our_first_dag.py', '--cfg-path', '/tmp/tmpktpi4ox6', '--error-file', '/tmp/tmpjnkt822e']
[2024-06-24 14:49:13,983] {standard_task_runner.py:77} INFO - Job 9274: Subtask first_task
[2024-06-24 14:49:15,233] {logging_mixin.py:104} INFO - Running <TaskInstance: our_first_dag_v5.first_task 2023-09-19T00:00:00+00:00 [running]> on host 799b1e36e3f1
[2024-06-24 14:49:17,139] {taskinstance.py:1257} INFO - Exporting the following env vars:
AIRFLOW_CTX_DAG_OWNER=coder2j
AIRFLOW_CTX_DAG_ID=our_first_dag_v5
AIRFLOW_CTX_TASK_ID=first_task
AIRFLOW_CTX_EXECUTION_DATE=2023-09-19T00:00:00+00:00
AIRFLOW_CTX_DAG_RUN_ID=scheduled__2023-09-19T00:00:00+00:00
[2024-06-24 14:49:17,202] {bash.py:135} INFO - Tmp dir root location: 
 /tmp
[2024-06-24 14:49:17,270] {bash.py:158} INFO - Running command: echo hello world, this is the first task!
[2024-06-24 14:49:17,414] {bash.py:169} INFO - Output:
[2024-06-24 14:49:17,444] {bash.py:173} INFO - hello world, this is the first task!
[2024-06-24 14:49:17,452] {bash.py:177} INFO - Command exited with return code 0
[2024-06-24 14:49:18,470] {taskinstance.py:1166} INFO - Marking task as SUCCESS. dag_id=our_first_dag_v5, task_id=first_task, execution_date=20230919T000000, start_date=20240624T144912, end_date=20240624T144918
[2024-06-24 14:49:19,283] {taskinstance.py:1220} INFO - 2 downstream tasks scheduled from follow-on schedule check
[2024-06-24 14:49:20,232] {local_task_job.py:146} INFO - Task exited with return code 0
