[2024-06-24 12:58:41,482] {taskinstance.py:851} INFO - Dependencies all met for <TaskInstance: dag_with_python_dependencies_v03.get_sklearn 2022-02-15T00:00:00+00:00 [queued]>
[2024-06-24 12:58:41,593] {taskinstance.py:851} INFO - Dependencies all met for <TaskInstance: dag_with_python_dependencies_v03.get_sklearn 2022-02-15T00:00:00+00:00 [queued]>
[2024-06-24 12:58:41,602] {taskinstance.py:1042} INFO - 
--------------------------------------------------------------------------------
[2024-06-24 12:58:41,603] {taskinstance.py:1043} INFO - Starting attempt 1 of 1
[2024-06-24 12:58:41,605] {taskinstance.py:1044} INFO - 
--------------------------------------------------------------------------------
[2024-06-24 12:58:41,758] {taskinstance.py:1063} INFO - Executing <Task(PythonOperator): get_sklearn> on 2022-02-15T00:00:00+00:00
[2024-06-24 12:58:41,785] {standard_task_runner.py:52} INFO - Started process 33689 to run task
[2024-06-24 12:58:41,893] {standard_task_runner.py:76} INFO - Running: ['airflow', 'tasks', 'run', 'dag_with_python_dependencies_v03', 'get_sklearn', '2022-02-15T00:00:00+00:00', '--job-id', '1999', '--pool', 'default_pool', '--raw', '--subdir', 'DAGS_FOLDER/dag_with_python_dependencies.py', '--cfg-path', '/tmp/tmpntzi_y7x', '--error-file', '/tmp/tmpv6g6kyfk']
[2024-06-24 12:58:41,994] {standard_task_runner.py:77} INFO - Job 1999: Subtask get_sklearn
[2024-06-24 12:58:42,749] {logging_mixin.py:104} INFO - Running <TaskInstance: dag_with_python_dependencies_v03.get_sklearn 2022-02-15T00:00:00+00:00 [running]> on host 799b1e36e3f1
[2024-06-24 12:58:43,392] {taskinstance.py:1257} INFO - Exporting the following env vars:
AIRFLOW_CTX_DAG_OWNER=coder2j
AIRFLOW_CTX_DAG_ID=dag_with_python_dependencies_v03
AIRFLOW_CTX_TASK_ID=get_sklearn
AIRFLOW_CTX_EXECUTION_DATE=2022-02-15T00:00:00+00:00
AIRFLOW_CTX_DAG_RUN_ID=scheduled__2022-02-15T00:00:00+00:00
[2024-06-24 12:58:49,662] {logging_mixin.py:104} INFO - sklearn with version: 0.24.2
[2024-06-24 12:58:49,663] {python.py:118} INFO - Done. Returned value was: None
[2024-06-24 12:58:49,728] {taskinstance.py:1166} INFO - Marking task as SUCCESS. dag_id=dag_with_python_dependencies_v03, task_id=get_sklearn, execution_date=20220215T000000, start_date=20240624T125841, end_date=20240624T125849
[2024-06-24 12:58:49,939] {taskinstance.py:1220} INFO - 1 downstream tasks scheduled from follow-on schedule check
[2024-06-24 12:58:50,266] {local_task_job.py:146} INFO - Task exited with return code 0
