[2024-06-24 12:51:57,609] {taskinstance.py:851} INFO - Dependencies all met for <TaskInstance: dag_with_taskflow_api_v02.get_age 2021-10-30T00:00:00+00:00 [queued]>
[2024-06-24 12:51:57,741] {taskinstance.py:851} INFO - Dependencies all met for <TaskInstance: dag_with_taskflow_api_v02.get_age 2021-10-30T00:00:00+00:00 [queued]>
[2024-06-24 12:51:57,743] {taskinstance.py:1042} INFO - 
--------------------------------------------------------------------------------
[2024-06-24 12:51:57,749] {taskinstance.py:1043} INFO - Starting attempt 1 of 6
[2024-06-24 12:51:57,752] {taskinstance.py:1044} INFO - 
--------------------------------------------------------------------------------
[2024-06-24 12:51:57,995] {taskinstance.py:1063} INFO - Executing <Task(_PythonDecoratedOperator): get_age> on 2021-10-30T00:00:00+00:00
[2024-06-24 12:51:58,044] {standard_task_runner.py:52} INFO - Started process 27321 to run task
[2024-06-24 12:51:58,126] {standard_task_runner.py:76} INFO - Running: ['airflow', 'tasks', 'run', 'dag_with_taskflow_api_v02', 'get_age', '2021-10-30T00:00:00+00:00', '--job-id', '467', '--pool', 'default_pool', '--raw', '--subdir', 'DAGS_FOLDER/dag_with_taskflow_api.py', '--cfg-path', '/tmp/tmpzpsi85vw', '--error-file', '/tmp/tmpw_iaf7b8']
[2024-06-24 12:51:58,156] {standard_task_runner.py:77} INFO - Job 467: Subtask get_age
[2024-06-24 12:51:59,048] {logging_mixin.py:104} INFO - Running <TaskInstance: dag_with_taskflow_api_v02.get_age 2021-10-30T00:00:00+00:00 [running]> on host 799b1e36e3f1
[2024-06-24 12:52:00,798] {taskinstance.py:1257} INFO - Exporting the following env vars:
AIRFLOW_CTX_DAG_OWNER=coder2j
AIRFLOW_CTX_DAG_ID=dag_with_taskflow_api_v02
AIRFLOW_CTX_TASK_ID=get_age
AIRFLOW_CTX_EXECUTION_DATE=2021-10-30T00:00:00+00:00
AIRFLOW_CTX_DAG_RUN_ID=scheduled__2021-10-30T00:00:00+00:00
[2024-06-24 12:52:01,434] {taskinstance.py:1166} INFO - Marking task as SUCCESS. dag_id=dag_with_taskflow_api_v02, task_id=get_age, execution_date=20211030T000000, start_date=20240624T125157, end_date=20240624T125201
[2024-06-24 12:52:01,803] {taskinstance.py:1220} INFO - 0 downstream tasks scheduled from follow-on schedule check
[2024-06-24 12:52:02,039] {local_task_job.py:146} INFO - Task exited with return code 0
