[2024-06-24 14:27:37,420] {taskinstance.py:851} INFO - Dependencies all met for <TaskInstance: our_first_dag_v5.first_task 2023-02-08T00:00:00+00:00 [queued]>
[2024-06-24 14:27:37,490] {taskinstance.py:851} INFO - Dependencies all met for <TaskInstance: our_first_dag_v5.first_task 2023-02-08T00:00:00+00:00 [queued]>
[2024-06-24 14:27:37,491] {taskinstance.py:1042} INFO - 
--------------------------------------------------------------------------------
[2024-06-24 14:27:37,492] {taskinstance.py:1043} INFO - Starting attempt 1 of 6
[2024-06-24 14:27:37,496] {taskinstance.py:1044} INFO - 
--------------------------------------------------------------------------------
[2024-06-24 14:27:37,598] {taskinstance.py:1063} INFO - Executing <Task(BashOperator): first_task> on 2023-02-08T00:00:00+00:00
[2024-06-24 14:27:37,618] {standard_task_runner.py:52} INFO - Started process 14746 to run task
[2024-06-24 14:27:37,631] {standard_task_runner.py:76} INFO - Running: ['airflow', 'tasks', 'run', 'our_first_dag_v5', 'first_task', '2023-02-08T00:00:00+00:00', '--job-id', '6730', '--pool', 'default_pool', '--raw', '--subdir', 'DAGS_FOLDER/our_first_dag.py', '--cfg-path', '/tmp/tmptl0_m21k', '--error-file', '/tmp/tmpn9ftw90h']
[2024-06-24 14:27:37,663] {standard_task_runner.py:77} INFO - Job 6730: Subtask first_task
[2024-06-24 14:27:37,977] {logging_mixin.py:104} INFO - Running <TaskInstance: our_first_dag_v5.first_task 2023-02-08T00:00:00+00:00 [running]> on host 799b1e36e3f1
[2024-06-24 14:27:38,339] {taskinstance.py:1257} INFO - Exporting the following env vars:
AIRFLOW_CTX_DAG_OWNER=coder2j
AIRFLOW_CTX_DAG_ID=our_first_dag_v5
AIRFLOW_CTX_TASK_ID=first_task
AIRFLOW_CTX_EXECUTION_DATE=2023-02-08T00:00:00+00:00
AIRFLOW_CTX_DAG_RUN_ID=scheduled__2023-02-08T00:00:00+00:00
[2024-06-24 14:27:38,341] {bash.py:135} INFO - Tmp dir root location: 
 /tmp
[2024-06-24 14:27:38,347] {bash.py:158} INFO - Running command: echo hello world, this is the first task!
[2024-06-24 14:27:38,372] {bash.py:169} INFO - Output:
[2024-06-24 14:27:38,376] {bash.py:173} INFO - hello world, this is the first task!
[2024-06-24 14:27:38,386] {bash.py:177} INFO - Command exited with return code 0
[2024-06-24 14:27:38,583] {taskinstance.py:1166} INFO - Marking task as SUCCESS. dag_id=our_first_dag_v5, task_id=first_task, execution_date=20230208T000000, start_date=20240624T142737, end_date=20240624T142738
[2024-06-24 14:27:38,747] {taskinstance.py:1220} INFO - 2 downstream tasks scheduled from follow-on schedule check
[2024-06-24 14:27:38,813] {local_task_job.py:146} INFO - Task exited with return code 0
