[2024-06-24 12:52:44,461] {taskinstance.py:851} INFO - Dependencies all met for <TaskInstance: dag_with_taskflow_api_v02.get_age 2021-11-19T00:00:00+00:00 [queued]>
[2024-06-24 12:52:44,559] {taskinstance.py:851} INFO - Dependencies all met for <TaskInstance: dag_with_taskflow_api_v02.get_age 2021-11-19T00:00:00+00:00 [queued]>
[2024-06-24 12:52:44,561] {taskinstance.py:1042} INFO - 
--------------------------------------------------------------------------------
[2024-06-24 12:52:44,565] {taskinstance.py:1043} INFO - Starting attempt 1 of 6
[2024-06-24 12:52:44,569] {taskinstance.py:1044} INFO - 
--------------------------------------------------------------------------------
[2024-06-24 12:52:44,625] {taskinstance.py:1063} INFO - Executing <Task(_PythonDecoratedOperator): get_age> on 2021-11-19T00:00:00+00:00
[2024-06-24 12:52:44,635] {standard_task_runner.py:52} INFO - Started process 27981 to run task
[2024-06-24 12:52:44,677] {standard_task_runner.py:76} INFO - Running: ['airflow', 'tasks', 'run', 'dag_with_taskflow_api_v02', 'get_age', '2021-11-19T00:00:00+00:00', '--job-id', '620', '--pool', 'default_pool', '--raw', '--subdir', 'DAGS_FOLDER/dag_with_taskflow_api.py', '--cfg-path', '/tmp/tmpzc45lhf3', '--error-file', '/tmp/tmp5nizjd5r']
[2024-06-24 12:52:44,721] {standard_task_runner.py:77} INFO - Job 620: Subtask get_age
[2024-06-24 12:52:45,411] {logging_mixin.py:104} INFO - Running <TaskInstance: dag_with_taskflow_api_v02.get_age 2021-11-19T00:00:00+00:00 [running]> on host 799b1e36e3f1
[2024-06-24 12:52:45,976] {taskinstance.py:1257} INFO - Exporting the following env vars:
AIRFLOW_CTX_DAG_OWNER=coder2j
AIRFLOW_CTX_DAG_ID=dag_with_taskflow_api_v02
AIRFLOW_CTX_TASK_ID=get_age
AIRFLOW_CTX_EXECUTION_DATE=2021-11-19T00:00:00+00:00
AIRFLOW_CTX_DAG_RUN_ID=scheduled__2021-11-19T00:00:00+00:00
[2024-06-24 12:52:46,232] {taskinstance.py:1166} INFO - Marking task as SUCCESS. dag_id=dag_with_taskflow_api_v02, task_id=get_age, execution_date=20211119T000000, start_date=20240624T125244, end_date=20240624T125246
[2024-06-24 12:52:46,896] {taskinstance.py:1220} INFO - 1 downstream tasks scheduled from follow-on schedule check
[2024-06-24 12:52:46,962] {local_task_job.py:146} INFO - Task exited with return code 0
