[2024-06-24 14:28:28,356] {taskinstance.py:851} INFO - Dependencies all met for <TaskInstance: dag_with_taskflow_api_v02.greet 2023-05-17T00:00:00+00:00 [queued]>
[2024-06-24 14:28:28,450] {taskinstance.py:851} INFO - Dependencies all met for <TaskInstance: dag_with_taskflow_api_v02.greet 2023-05-17T00:00:00+00:00 [queued]>
[2024-06-24 14:28:28,452] {taskinstance.py:1042} INFO - 
--------------------------------------------------------------------------------
[2024-06-24 14:28:28,459] {taskinstance.py:1043} INFO - Starting attempt 1 of 6
[2024-06-24 14:28:28,459] {taskinstance.py:1044} INFO - 
--------------------------------------------------------------------------------
[2024-06-24 14:28:28,510] {taskinstance.py:1063} INFO - Executing <Task(_PythonDecoratedOperator): greet> on 2023-05-17T00:00:00+00:00
[2024-06-24 14:28:28,522] {standard_task_runner.py:52} INFO - Started process 16060 to run task
[2024-06-24 14:28:28,540] {standard_task_runner.py:76} INFO - Running: ['airflow', 'tasks', 'run', 'dag_with_taskflow_api_v02', 'greet', '2023-05-17T00:00:00+00:00', '--job-id', '7069', '--pool', 'default_pool', '--raw', '--subdir', 'DAGS_FOLDER/dag_with_taskflow_api.py', '--cfg-path', '/tmp/tmpdrk5l6r6', '--error-file', '/tmp/tmpprok6yf4']
[2024-06-24 14:28:28,553] {standard_task_runner.py:77} INFO - Job 7069: Subtask greet
[2024-06-24 14:28:28,846] {logging_mixin.py:104} INFO - Running <TaskInstance: dag_with_taskflow_api_v02.greet 2023-05-17T00:00:00+00:00 [running]> on host 799b1e36e3f1
[2024-06-24 14:28:29,260] {taskinstance.py:1257} INFO - Exporting the following env vars:
AIRFLOW_CTX_DAG_OWNER=coder2j
AIRFLOW_CTX_DAG_ID=dag_with_taskflow_api_v02
AIRFLOW_CTX_TASK_ID=greet
AIRFLOW_CTX_EXECUTION_DATE=2023-05-17T00:00:00+00:00
AIRFLOW_CTX_DAG_RUN_ID=scheduled__2023-05-17T00:00:00+00:00
[2024-06-24 14:28:29,263] {logging_mixin.py:104} INFO - Hello World! My name is Jerry Fridman and I am 19 years old!
[2024-06-24 14:28:29,320] {taskinstance.py:1166} INFO - Marking task as SUCCESS. dag_id=dag_with_taskflow_api_v02, task_id=greet, execution_date=20230517T000000, start_date=20240624T142828, end_date=20240624T142829
[2024-06-24 14:28:29,463] {taskinstance.py:1220} INFO - 0 downstream tasks scheduled from follow-on schedule check
[2024-06-24 14:28:29,512] {local_task_job.py:146} INFO - Task exited with return code 0
