[2024-06-24 14:23:55,529] {taskinstance.py:851} INFO - Dependencies all met for <TaskInstance: our_dag_with_python_operator_v07.get_name 2022-11-22T00:00:00+00:00 [queued]>
[2024-06-24 14:23:55,571] {taskinstance.py:851} INFO - Dependencies all met for <TaskInstance: our_dag_with_python_operator_v07.get_name 2022-11-22T00:00:00+00:00 [queued]>
[2024-06-24 14:23:55,577] {taskinstance.py:1042} INFO - 
--------------------------------------------------------------------------------
[2024-06-24 14:23:55,578] {taskinstance.py:1043} INFO - Starting attempt 1 of 6
[2024-06-24 14:23:55,585] {taskinstance.py:1044} INFO - 
--------------------------------------------------------------------------------
[2024-06-24 14:23:55,632] {taskinstance.py:1063} INFO - Executing <Task(PythonOperator): get_name> on 2022-11-22T00:00:00+00:00
[2024-06-24 14:23:55,640] {standard_task_runner.py:52} INFO - Started process 8713 to run task
[2024-06-24 14:23:55,652] {standard_task_runner.py:76} INFO - Running: ['airflow', 'tasks', 'run', 'our_dag_with_python_operator_v07', 'get_name', '2022-11-22T00:00:00+00:00', '--job-id', '5100', '--pool', 'default_pool', '--raw', '--subdir', 'DAGS_FOLDER/create_dag_with_python_operator.py', '--cfg-path', '/tmp/tmpc5r2wu8j', '--error-file', '/tmp/tmpy9yhmwgb']
[2024-06-24 14:23:55,658] {standard_task_runner.py:77} INFO - Job 5100: Subtask get_name
[2024-06-24 14:23:55,835] {logging_mixin.py:104} INFO - Running <TaskInstance: our_dag_with_python_operator_v07.get_name 2022-11-22T00:00:00+00:00 [running]> on host 799b1e36e3f1
[2024-06-24 14:23:56,047] {taskinstance.py:1257} INFO - Exporting the following env vars:
AIRFLOW_CTX_DAG_OWNER=coder2j
AIRFLOW_CTX_DAG_ID=our_dag_with_python_operator_v07
AIRFLOW_CTX_TASK_ID=get_name
AIRFLOW_CTX_EXECUTION_DATE=2022-11-22T00:00:00+00:00
AIRFLOW_CTX_DAG_RUN_ID=scheduled__2022-11-22T00:00:00+00:00
[2024-06-24 14:23:56,212] {python.py:118} INFO - Done. Returned value was: None
[2024-06-24 14:23:56,261] {taskinstance.py:1166} INFO - Marking task as SUCCESS. dag_id=our_dag_with_python_operator_v07, task_id=get_name, execution_date=20221122T000000, start_date=20240624T142355, end_date=20240624T142356
[2024-06-24 14:23:56,435] {taskinstance.py:1220} INFO - 1 downstream tasks scheduled from follow-on schedule check
[2024-06-24 14:23:56,464] {local_task_job.py:146} INFO - Task exited with return code 0
