[2024-06-24 14:55:06,303] {taskinstance.py:851} INFO - Dependencies all met for <TaskInstance: dag_with_taskflow_api_v02.greet 2024-01-01T00:00:00+00:00 [queued]>
[2024-06-24 14:55:06,442] {taskinstance.py:851} INFO - Dependencies all met for <TaskInstance: dag_with_taskflow_api_v02.greet 2024-01-01T00:00:00+00:00 [queued]>
[2024-06-24 14:55:06,459] {taskinstance.py:1042} INFO - 
--------------------------------------------------------------------------------
[2024-06-24 14:55:06,462] {taskinstance.py:1043} INFO - Starting attempt 1 of 6
[2024-06-24 14:55:06,465] {taskinstance.py:1044} INFO - 
--------------------------------------------------------------------------------
[2024-06-24 14:55:06,672] {taskinstance.py:1063} INFO - Executing <Task(_PythonDecoratedOperator): greet> on 2024-01-01T00:00:00+00:00
[2024-06-24 14:55:06,789] {standard_task_runner.py:52} INFO - Started process 26970 to run task
[2024-06-24 14:55:06,806] {standard_task_runner.py:76} INFO - Running: ['airflow', 'tasks', 'run', 'dag_with_taskflow_api_v02', 'greet', '2024-01-01T00:00:00+00:00', '--job-id', '9793', '--pool', 'default_pool', '--raw', '--subdir', 'DAGS_FOLDER/dag_with_taskflow_api.py', '--cfg-path', '/tmp/tmphlou_ib5', '--error-file', '/tmp/tmpu781u0m1']
[2024-06-24 14:55:06,854] {standard_task_runner.py:77} INFO - Job 9793: Subtask greet
[2024-06-24 14:55:08,037] {logging_mixin.py:104} INFO - Running <TaskInstance: dag_with_taskflow_api_v02.greet 2024-01-01T00:00:00+00:00 [running]> on host 799b1e36e3f1
[2024-06-24 14:55:09,238] {taskinstance.py:1257} INFO - Exporting the following env vars:
AIRFLOW_CTX_DAG_OWNER=coder2j
AIRFLOW_CTX_DAG_ID=dag_with_taskflow_api_v02
AIRFLOW_CTX_TASK_ID=greet
AIRFLOW_CTX_EXECUTION_DATE=2024-01-01T00:00:00+00:00
AIRFLOW_CTX_DAG_RUN_ID=scheduled__2024-01-01T00:00:00+00:00
[2024-06-24 14:55:09,270] {logging_mixin.py:104} INFO - Hello World! My name is Jerry Fridman and I am 19 years old!
[2024-06-24 14:55:09,633] {taskinstance.py:1166} INFO - Marking task as SUCCESS. dag_id=dag_with_taskflow_api_v02, task_id=greet, execution_date=20240101T000000, start_date=20240624T145506, end_date=20240624T145509
[2024-06-24 14:55:10,163] {taskinstance.py:1220} INFO - 0 downstream tasks scheduled from follow-on schedule check
[2024-06-24 14:55:10,619] {local_task_job.py:146} INFO - Task exited with return code 0
