[2024-06-24 14:50:39,840] {taskinstance.py:851} INFO - Dependencies all met for <TaskInstance: our_dag_with_python_operator_v07.greet 2023-12-09T00:00:00+00:00 [queued]>
[2024-06-24 14:50:40,076] {taskinstance.py:851} INFO - Dependencies all met for <TaskInstance: our_dag_with_python_operator_v07.greet 2023-12-09T00:00:00+00:00 [queued]>
[2024-06-24 14:50:40,084] {taskinstance.py:1042} INFO - 
--------------------------------------------------------------------------------
[2024-06-24 14:50:40,091] {taskinstance.py:1043} INFO - Starting attempt 1 of 6
[2024-06-24 14:50:40,102] {taskinstance.py:1044} INFO - 
--------------------------------------------------------------------------------
[2024-06-24 14:50:40,557] {taskinstance.py:1063} INFO - Executing <Task(PythonOperator): greet> on 2023-12-09T00:00:00+00:00
[2024-06-24 14:50:40,712] {standard_task_runner.py:52} INFO - Started process 25238 to run task
[2024-06-24 14:50:40,800] {standard_task_runner.py:76} INFO - Running: ['airflow', 'tasks', 'run', 'our_dag_with_python_operator_v07', 'greet', '2023-12-09T00:00:00+00:00', '--job-id', '9384', '--pool', 'default_pool', '--raw', '--subdir', 'DAGS_FOLDER/create_dag_with_python_operator.py', '--cfg-path', '/tmp/tmpsnytmvm1', '--error-file', '/tmp/tmp5bd4zlrs']
[2024-06-24 14:50:40,899] {standard_task_runner.py:77} INFO - Job 9384: Subtask greet
[2024-06-24 14:50:41,855] {logging_mixin.py:104} INFO - Running <TaskInstance: our_dag_with_python_operator_v07.greet 2023-12-09T00:00:00+00:00 [running]> on host 799b1e36e3f1
[2024-06-24 14:50:42,911] {taskinstance.py:1257} INFO - Exporting the following env vars:
AIRFLOW_CTX_DAG_OWNER=coder2j
AIRFLOW_CTX_DAG_ID=our_dag_with_python_operator_v07
AIRFLOW_CTX_TASK_ID=greet
AIRFLOW_CTX_EXECUTION_DATE=2023-12-09T00:00:00+00:00
AIRFLOW_CTX_DAG_RUN_ID=scheduled__2023-12-09T00:00:00+00:00
[2024-06-24 14:50:42,914] {logging_mixin.py:104} INFO - some dict:  {'a': 1, 'b': 2}
[2024-06-24 14:50:43,008] {logging_mixin.py:104} INFO - Hello World! My name is Jerry Fridman, and I am 19 years old!
[2024-06-24 14:50:43,012] {python.py:118} INFO - Done. Returned value was: None
[2024-06-24 14:50:43,085] {taskinstance.py:1166} INFO - Marking task as SUCCESS. dag_id=our_dag_with_python_operator_v07, task_id=greet, execution_date=20231209T000000, start_date=20240624T145039, end_date=20240624T145043
[2024-06-24 14:50:43,497] {taskinstance.py:1220} INFO - 0 downstream tasks scheduled from follow-on schedule check
[2024-06-24 14:50:43,555] {local_task_job.py:146} INFO - Task exited with return code 0
