[2024-06-24 14:18:02,743] {taskinstance.py:851} INFO - Dependencies all met for <TaskInstance: dag_with_python_dependencies_v03.get_sklearn 2022-04-14T00:00:00+00:00 [queued]>
[2024-06-24 14:18:02,872] {taskinstance.py:851} INFO - Dependencies all met for <TaskInstance: dag_with_python_dependencies_v03.get_sklearn 2022-04-14T00:00:00+00:00 [queued]>
[2024-06-24 14:18:02,892] {taskinstance.py:1042} INFO - 
--------------------------------------------------------------------------------
[2024-06-24 14:18:02,912] {taskinstance.py:1043} INFO - Starting attempt 1 of 1
[2024-06-24 14:18:02,913] {taskinstance.py:1044} INFO - 
--------------------------------------------------------------------------------
[2024-06-24 14:18:03,006] {taskinstance.py:1063} INFO - Executing <Task(PythonOperator): get_sklearn> on 2022-04-14T00:00:00+00:00
[2024-06-24 14:18:03,074] {standard_task_runner.py:52} INFO - Started process 340 to run task
[2024-06-24 14:18:03,091] {standard_task_runner.py:76} INFO - Running: ['airflow', 'tasks', 'run', 'dag_with_python_dependencies_v03', 'get_sklearn', '2022-04-14T00:00:00+00:00', '--job-id', '2897', '--pool', 'default_pool', '--raw', '--subdir', 'DAGS_FOLDER/dag_with_python_dependencies.py', '--cfg-path', '/tmp/tmpdnff7o4k', '--error-file', '/tmp/tmpxcd_vjbs']
[2024-06-24 14:18:03,111] {standard_task_runner.py:77} INFO - Job 2897: Subtask get_sklearn
[2024-06-24 14:18:03,504] {logging_mixin.py:104} INFO - Running <TaskInstance: dag_with_python_dependencies_v03.get_sklearn 2022-04-14T00:00:00+00:00 [running]> on host 799b1e36e3f1
[2024-06-24 14:18:03,842] {taskinstance.py:1257} INFO - Exporting the following env vars:
AIRFLOW_CTX_DAG_OWNER=coder2j
AIRFLOW_CTX_DAG_ID=dag_with_python_dependencies_v03
AIRFLOW_CTX_TASK_ID=get_sklearn
AIRFLOW_CTX_EXECUTION_DATE=2022-04-14T00:00:00+00:00
AIRFLOW_CTX_DAG_RUN_ID=scheduled__2022-04-14T00:00:00+00:00
[2024-06-24 14:18:06,982] {logging_mixin.py:104} INFO - sklearn with version: 0.24.2
[2024-06-24 14:18:06,983] {python.py:118} INFO - Done. Returned value was: None
[2024-06-24 14:18:07,041] {taskinstance.py:1166} INFO - Marking task as SUCCESS. dag_id=dag_with_python_dependencies_v03, task_id=get_sklearn, execution_date=20220414T000000, start_date=20240624T141802, end_date=20240624T141807
[2024-06-24 14:18:07,323] {taskinstance.py:1220} INFO - 1 downstream tasks scheduled from follow-on schedule check
[2024-06-24 14:18:07,423] {local_task_job.py:146} INFO - Task exited with return code 0
