[2024-06-24 15:05:29,841] {taskinstance.py:851} INFO - Dependencies all met for <TaskInstance: our_dag_with_python_operator_v07.get_age 2024-06-03T00:00:00+00:00 [queued]>
[2024-06-24 15:05:29,923] {taskinstance.py:851} INFO - Dependencies all met for <TaskInstance: our_dag_with_python_operator_v07.get_age 2024-06-03T00:00:00+00:00 [queued]>
[2024-06-24 15:05:29,924] {taskinstance.py:1042} INFO - 
--------------------------------------------------------------------------------
[2024-06-24 15:05:29,925] {taskinstance.py:1043} INFO - Starting attempt 1 of 6
[2024-06-24 15:05:29,926] {taskinstance.py:1044} INFO - 
--------------------------------------------------------------------------------
[2024-06-24 15:05:29,975] {taskinstance.py:1063} INFO - Executing <Task(PythonOperator): get_age> on 2024-06-03T00:00:00+00:00
[2024-06-24 15:05:29,990] {standard_task_runner.py:52} INFO - Started process 33618 to run task
[2024-06-24 15:05:30,002] {standard_task_runner.py:76} INFO - Running: ['airflow', 'tasks', 'run', 'our_dag_with_python_operator_v07', 'get_age', '2024-06-03T00:00:00+00:00', '--job-id', '11506', '--pool', 'default_pool', '--raw', '--subdir', 'DAGS_FOLDER/create_dag_with_python_operator.py', '--cfg-path', '/tmp/tmpmuf2_26n', '--error-file', '/tmp/tmp27sd626v']
[2024-06-24 15:05:30,009] {standard_task_runner.py:77} INFO - Job 11506: Subtask get_age
[2024-06-24 15:05:30,232] {logging_mixin.py:104} INFO - Running <TaskInstance: our_dag_with_python_operator_v07.get_age 2024-06-03T00:00:00+00:00 [running]> on host 799b1e36e3f1
[2024-06-24 15:05:30,600] {taskinstance.py:1257} INFO - Exporting the following env vars:
AIRFLOW_CTX_DAG_OWNER=coder2j
AIRFLOW_CTX_DAG_ID=our_dag_with_python_operator_v07
AIRFLOW_CTX_TASK_ID=get_age
AIRFLOW_CTX_EXECUTION_DATE=2024-06-03T00:00:00+00:00
AIRFLOW_CTX_DAG_RUN_ID=scheduled__2024-06-03T00:00:00+00:00
[2024-06-24 15:05:30,751] {python.py:118} INFO - Done. Returned value was: None
[2024-06-24 15:05:30,804] {taskinstance.py:1166} INFO - Marking task as SUCCESS. dag_id=our_dag_with_python_operator_v07, task_id=get_age, execution_date=20240603T000000, start_date=20240624T150529, end_date=20240624T150530
[2024-06-24 15:05:30,988] {taskinstance.py:1220} INFO - 0 downstream tasks scheduled from follow-on schedule check
[2024-06-24 15:05:31,054] {local_task_job.py:146} INFO - Task exited with return code 0
