[2024-06-24 15:02:32,389] {taskinstance.py:851} INFO - Dependencies all met for <TaskInstance: dag_with_python_dependencies_v03.get_matplotlib 2023-11-22T00:00:00+00:00 [queued]>
[2024-06-24 15:02:32,472] {taskinstance.py:851} INFO - Dependencies all met for <TaskInstance: dag_with_python_dependencies_v03.get_matplotlib 2023-11-22T00:00:00+00:00 [queued]>
[2024-06-24 15:02:32,475] {taskinstance.py:1042} INFO - 
--------------------------------------------------------------------------------
[2024-06-24 15:02:32,482] {taskinstance.py:1043} INFO - Starting attempt 1 of 1
[2024-06-24 15:02:32,484] {taskinstance.py:1044} INFO - 
--------------------------------------------------------------------------------
[2024-06-24 15:02:32,533] {taskinstance.py:1063} INFO - Executing <Task(PythonOperator): get_matplotlib> on 2023-11-22T00:00:00+00:00
[2024-06-24 15:02:32,545] {standard_task_runner.py:52} INFO - Started process 29616 to run task
[2024-06-24 15:02:32,557] {standard_task_runner.py:76} INFO - Running: ['airflow', 'tasks', 'run', 'dag_with_python_dependencies_v03', 'get_matplotlib', '2023-11-22T00:00:00+00:00', '--job-id', '10455', '--pool', 'default_pool', '--raw', '--subdir', 'DAGS_FOLDER/dag_with_python_dependencies.py', '--cfg-path', '/tmp/tmpklhfj4ar', '--error-file', '/tmp/tmpx_6ox8vx']
[2024-06-24 15:02:32,568] {standard_task_runner.py:77} INFO - Job 10455: Subtask get_matplotlib
[2024-06-24 15:02:32,864] {logging_mixin.py:104} INFO - Running <TaskInstance: dag_with_python_dependencies_v03.get_matplotlib 2023-11-22T00:00:00+00:00 [running]> on host 799b1e36e3f1
[2024-06-24 15:02:33,128] {taskinstance.py:1257} INFO - Exporting the following env vars:
AIRFLOW_CTX_DAG_OWNER=coder2j
AIRFLOW_CTX_DAG_ID=dag_with_python_dependencies_v03
AIRFLOW_CTX_TASK_ID=get_matplotlib
AIRFLOW_CTX_EXECUTION_DATE=2023-11-22T00:00:00+00:00
AIRFLOW_CTX_DAG_RUN_ID=scheduled__2023-11-22T00:00:00+00:00
[2024-06-24 15:02:33,571] {__init__.py:482} WARNING - Matplotlib created a temporary config/cache directory at /tmp/matplotlib-_vsmndq9 because the default path (/home/airflow/.config/matplotlib) is not a writable directory; it is highly recommended to set the MPLCONFIGDIR environment variable to a writable directory, in particular to speed up the import of Matplotlib and to better support multiprocessing.
[2024-06-24 15:02:33,670] {logging_mixin.py:104} INFO - matplotlib with version: 3.3.3
[2024-06-24 15:02:33,681] {python.py:118} INFO - Done. Returned value was: None
[2024-06-24 15:02:33,901] {taskinstance.py:1166} INFO - Marking task as SUCCESS. dag_id=dag_with_python_dependencies_v03, task_id=get_matplotlib, execution_date=20231122T000000, start_date=20240624T150232, end_date=20240624T150233
[2024-06-24 15:02:34,103] {taskinstance.py:1220} INFO - 0 downstream tasks scheduled from follow-on schedule check
[2024-06-24 15:02:34,180] {local_task_job.py:146} INFO - Task exited with return code 0
