[2024-06-24 13:00:35,296] {taskinstance.py:851} INFO - Dependencies all met for <TaskInstance: dag_with_python_dependencies_v03.get_sklearn 2022-02-28T00:00:00+00:00 [queued]>
[2024-06-24 13:00:35,485] {taskinstance.py:851} INFO - Dependencies all met for <TaskInstance: dag_with_python_dependencies_v03.get_sklearn 2022-02-28T00:00:00+00:00 [queued]>
[2024-06-24 13:00:35,487] {taskinstance.py:1042} INFO - 
--------------------------------------------------------------------------------
[2024-06-24 13:00:35,488] {taskinstance.py:1043} INFO - Starting attempt 1 of 1
[2024-06-24 13:00:35,517] {taskinstance.py:1044} INFO - 
--------------------------------------------------------------------------------
[2024-06-24 13:00:35,658] {taskinstance.py:1063} INFO - Executing <Task(PythonOperator): get_sklearn> on 2022-02-28T00:00:00+00:00
[2024-06-24 13:00:35,728] {standard_task_runner.py:52} INFO - Started process 35541 to run task
[2024-06-24 13:00:35,756] {standard_task_runner.py:76} INFO - Running: ['airflow', 'tasks', 'run', 'dag_with_python_dependencies_v03', 'get_sklearn', '2022-02-28T00:00:00+00:00', '--job-id', '2480', '--pool', 'default_pool', '--raw', '--subdir', 'DAGS_FOLDER/dag_with_python_dependencies.py', '--cfg-path', '/tmp/tmp94gpz08b', '--error-file', '/tmp/tmpgrholaw8']
[2024-06-24 13:00:35,773] {standard_task_runner.py:77} INFO - Job 2480: Subtask get_sklearn
[2024-06-24 13:00:36,457] {logging_mixin.py:104} INFO - Running <TaskInstance: dag_with_python_dependencies_v03.get_sklearn 2022-02-28T00:00:00+00:00 [running]> on host 799b1e36e3f1
[2024-06-24 13:00:37,404] {taskinstance.py:1257} INFO - Exporting the following env vars:
AIRFLOW_CTX_DAG_OWNER=coder2j
AIRFLOW_CTX_DAG_ID=dag_with_python_dependencies_v03
AIRFLOW_CTX_TASK_ID=get_sklearn
AIRFLOW_CTX_EXECUTION_DATE=2022-02-28T00:00:00+00:00
AIRFLOW_CTX_DAG_RUN_ID=scheduled__2022-02-28T00:00:00+00:00
[2024-06-24 13:00:45,283] {logging_mixin.py:104} INFO - sklearn with version: 0.24.2
[2024-06-24 13:00:45,313] {python.py:118} INFO - Done. Returned value was: None
[2024-06-24 13:00:45,487] {taskinstance.py:1166} INFO - Marking task as SUCCESS. dag_id=dag_with_python_dependencies_v03, task_id=get_sklearn, execution_date=20220228T000000, start_date=20240624T130035, end_date=20240624T130045
[2024-06-24 13:00:45,920] {taskinstance.py:1220} INFO - 1 downstream tasks scheduled from follow-on schedule check
[2024-06-24 13:00:46,196] {local_task_job.py:146} INFO - Task exited with return code 0
