[2024-06-24 14:29:49,181] {taskinstance.py:851} INFO - Dependencies all met for <TaskInstance: dag_with_python_dependencies_v03.get_sklearn 2023-04-23T00:00:00+00:00 [queued]>
[2024-06-24 14:29:49,216] {taskinstance.py:851} INFO - Dependencies all met for <TaskInstance: dag_with_python_dependencies_v03.get_sklearn 2023-04-23T00:00:00+00:00 [queued]>
[2024-06-24 14:29:49,219] {taskinstance.py:1042} INFO - 
--------------------------------------------------------------------------------
[2024-06-24 14:29:49,224] {taskinstance.py:1043} INFO - Starting attempt 1 of 1
[2024-06-24 14:29:49,226] {taskinstance.py:1044} INFO - 
--------------------------------------------------------------------------------
[2024-06-24 14:29:49,298] {taskinstance.py:1063} INFO - Executing <Task(PythonOperator): get_sklearn> on 2023-04-23T00:00:00+00:00
[2024-06-24 14:29:49,303] {standard_task_runner.py:52} INFO - Started process 18235 to run task
[2024-06-24 14:29:49,330] {standard_task_runner.py:76} INFO - Running: ['airflow', 'tasks', 'run', 'dag_with_python_dependencies_v03', 'get_sklearn', '2023-04-23T00:00:00+00:00', '--job-id', '7664', '--pool', 'default_pool', '--raw', '--subdir', 'DAGS_FOLDER/dag_with_python_dependencies.py', '--cfg-path', '/tmp/tmprmmd4u37', '--error-file', '/tmp/tmpnjrn13vn']
[2024-06-24 14:29:49,346] {standard_task_runner.py:77} INFO - Job 7664: Subtask get_sklearn
[2024-06-24 14:29:49,522] {logging_mixin.py:104} INFO - Running <TaskInstance: dag_with_python_dependencies_v03.get_sklearn 2023-04-23T00:00:00+00:00 [running]> on host 799b1e36e3f1
[2024-06-24 14:29:49,747] {taskinstance.py:1257} INFO - Exporting the following env vars:
AIRFLOW_CTX_DAG_OWNER=coder2j
AIRFLOW_CTX_DAG_ID=dag_with_python_dependencies_v03
AIRFLOW_CTX_TASK_ID=get_sklearn
AIRFLOW_CTX_EXECUTION_DATE=2023-04-23T00:00:00+00:00
AIRFLOW_CTX_DAG_RUN_ID=scheduled__2023-04-23T00:00:00+00:00
[2024-06-24 14:29:53,041] {logging_mixin.py:104} INFO - sklearn with version: 0.24.2
[2024-06-24 14:29:53,050] {python.py:118} INFO - Done. Returned value was: None
[2024-06-24 14:29:53,114] {taskinstance.py:1166} INFO - Marking task as SUCCESS. dag_id=dag_with_python_dependencies_v03, task_id=get_sklearn, execution_date=20230423T000000, start_date=20240624T142949, end_date=20240624T142953
[2024-06-24 14:29:53,288] {taskinstance.py:1220} INFO - 1 downstream tasks scheduled from follow-on schedule check
[2024-06-24 14:29:53,388] {local_task_job.py:146} INFO - Task exited with return code 0
