[2024-06-24 15:05:20,215] {taskinstance.py:851} INFO - Dependencies all met for <TaskInstance: dag_with_taskflow_api_v02.greet 2024-05-29T00:00:00+00:00 [queued]>
[2024-06-24 15:05:20,272] {taskinstance.py:851} INFO - Dependencies all met for <TaskInstance: dag_with_taskflow_api_v02.greet 2024-05-29T00:00:00+00:00 [queued]>
[2024-06-24 15:05:20,274] {taskinstance.py:1042} INFO - 
--------------------------------------------------------------------------------
[2024-06-24 15:05:20,275] {taskinstance.py:1043} INFO - Starting attempt 1 of 6
[2024-06-24 15:05:20,276] {taskinstance.py:1044} INFO - 
--------------------------------------------------------------------------------
[2024-06-24 15:05:20,357] {taskinstance.py:1063} INFO - Executing <Task(_PythonDecoratedOperator): greet> on 2024-05-29T00:00:00+00:00
[2024-06-24 15:05:20,373] {standard_task_runner.py:52} INFO - Started process 33406 to run task
[2024-06-24 15:05:20,390] {standard_task_runner.py:76} INFO - Running: ['airflow', 'tasks', 'run', 'dag_with_taskflow_api_v02', 'greet', '2024-05-29T00:00:00+00:00', '--job-id', '11434', '--pool', 'default_pool', '--raw', '--subdir', 'DAGS_FOLDER/dag_with_taskflow_api.py', '--cfg-path', '/tmp/tmpzt2oucll', '--error-file', '/tmp/tmp08w_nuv_']
[2024-06-24 15:05:20,404] {standard_task_runner.py:77} INFO - Job 11434: Subtask greet
[2024-06-24 15:05:20,526] {logging_mixin.py:104} INFO - Running <TaskInstance: dag_with_taskflow_api_v02.greet 2024-05-29T00:00:00+00:00 [running]> on host 799b1e36e3f1
[2024-06-24 15:05:20,759] {taskinstance.py:1257} INFO - Exporting the following env vars:
AIRFLOW_CTX_DAG_OWNER=coder2j
AIRFLOW_CTX_DAG_ID=dag_with_taskflow_api_v02
AIRFLOW_CTX_TASK_ID=greet
AIRFLOW_CTX_EXECUTION_DATE=2024-05-29T00:00:00+00:00
AIRFLOW_CTX_DAG_RUN_ID=scheduled__2024-05-29T00:00:00+00:00
[2024-06-24 15:05:20,761] {logging_mixin.py:104} INFO - Hello World! My name is Jerry Fridman and I am 19 years old!
[2024-06-24 15:05:20,829] {taskinstance.py:1166} INFO - Marking task as SUCCESS. dag_id=dag_with_taskflow_api_v02, task_id=greet, execution_date=20240529T000000, start_date=20240624T150520, end_date=20240624T150520
[2024-06-24 15:05:21,131] {taskinstance.py:1220} INFO - 0 downstream tasks scheduled from follow-on schedule check
[2024-06-24 15:05:21,165] {local_task_job.py:146} INFO - Task exited with return code 0
