[2024-08-01 17:20:00,556] {taskinstance.py:851} INFO - Dependencies all met for <TaskInstance: our_first_dag_v5.second_task 2024-07-30T00:00:00+00:00 [queued]>
[2024-08-01 17:20:00,806] {taskinstance.py:851} INFO - Dependencies all met for <TaskInstance: our_first_dag_v5.second_task 2024-07-30T00:00:00+00:00 [queued]>
[2024-08-01 17:20:00,819] {taskinstance.py:1042} INFO - 
--------------------------------------------------------------------------------
[2024-08-01 17:20:00,828] {taskinstance.py:1043} INFO - Starting attempt 1 of 6
[2024-08-01 17:20:00,832] {taskinstance.py:1044} INFO - 
--------------------------------------------------------------------------------
[2024-08-01 17:20:01,322] {taskinstance.py:1063} INFO - Executing <Task(BashOperator): second_task> on 2024-07-30T00:00:00+00:00
[2024-08-01 17:20:01,404] {standard_task_runner.py:52} INFO - Started process 347 to run task
[2024-08-01 17:20:01,402] {standard_task_runner.py:76} INFO - Running: ['airflow', 'tasks', 'run', 'our_first_dag_v5', 'second_task', '2024-07-30T00:00:00+00:00', '--job-id', '12631', '--pool', 'default_pool', '--raw', '--subdir', 'DAGS_FOLDER/our_first_dag.py', '--cfg-path', '/tmp/tmpjdog4145', '--error-file', '/tmp/tmpoxq2oyyn']
[2024-08-01 17:20:01,447] {standard_task_runner.py:77} INFO - Job 12631: Subtask second_task
[2024-08-01 17:20:02,191] {logging_mixin.py:104} INFO - Running <TaskInstance: our_first_dag_v5.second_task 2024-07-30T00:00:00+00:00 [running]> on host 799b1e36e3f1
[2024-08-01 17:20:02,769] {taskinstance.py:1257} INFO - Exporting the following env vars:
AIRFLOW_CTX_DAG_OWNER=coder2j
AIRFLOW_CTX_DAG_ID=our_first_dag_v5
AIRFLOW_CTX_TASK_ID=second_task
AIRFLOW_CTX_EXECUTION_DATE=2024-07-30T00:00:00+00:00
AIRFLOW_CTX_DAG_RUN_ID=scheduled__2024-07-30T00:00:00+00:00
[2024-08-01 17:20:02,771] {bash.py:135} INFO - Tmp dir root location: 
 /tmp
[2024-08-01 17:20:02,774] {bash.py:158} INFO - Running command: echo hey, I am task2 and will be running after task1!
[2024-08-01 17:20:02,793] {bash.py:169} INFO - Output:
[2024-08-01 17:20:02,826] {bash.py:173} INFO - hey, I am task2 and will be running after task1!
[2024-08-01 17:20:02,831] {bash.py:177} INFO - Command exited with return code 0
[2024-08-01 17:20:03,101] {taskinstance.py:1166} INFO - Marking task as SUCCESS. dag_id=our_first_dag_v5, task_id=second_task, execution_date=20240730T000000, start_date=20240801T172000, end_date=20240801T172003
[2024-08-01 17:20:03,773] {taskinstance.py:1220} INFO - 0 downstream tasks scheduled from follow-on schedule check
[2024-08-01 17:20:03,995] {local_task_job.py:146} INFO - Task exited with return code 0
