[2024-06-24 12:55:01,734] {taskinstance.py:851} INFO - Dependencies all met for <TaskInstance: dag_with_taskflow_api_v02.greet 2021-12-27T00:00:00+00:00 [queued]>
[2024-06-24 12:55:01,798] {taskinstance.py:851} INFO - Dependencies all met for <TaskInstance: dag_with_taskflow_api_v02.greet 2021-12-27T00:00:00+00:00 [queued]>
[2024-06-24 12:55:01,808] {taskinstance.py:1042} INFO - 
--------------------------------------------------------------------------------
[2024-06-24 12:55:01,810] {taskinstance.py:1043} INFO - Starting attempt 1 of 6
[2024-06-24 12:55:01,812] {taskinstance.py:1044} INFO - 
--------------------------------------------------------------------------------
[2024-06-24 12:55:01,901] {taskinstance.py:1063} INFO - Executing <Task(_PythonDecoratedOperator): greet> on 2021-12-27T00:00:00+00:00
[2024-06-24 12:55:01,922] {standard_task_runner.py:52} INFO - Started process 30183 to run task
[2024-06-24 12:55:01,937] {standard_task_runner.py:76} INFO - Running: ['airflow', 'tasks', 'run', 'dag_with_taskflow_api_v02', 'greet', '2021-12-27T00:00:00+00:00', '--job-id', '1166', '--pool', 'default_pool', '--raw', '--subdir', 'DAGS_FOLDER/dag_with_taskflow_api.py', '--cfg-path', '/tmp/tmpsvlor2jm', '--error-file', '/tmp/tmpw17m0epm']
[2024-06-24 12:55:01,949] {standard_task_runner.py:77} INFO - Job 1166: Subtask greet
[2024-06-24 12:55:02,140] {logging_mixin.py:104} INFO - Running <TaskInstance: dag_with_taskflow_api_v02.greet 2021-12-27T00:00:00+00:00 [running]> on host 799b1e36e3f1
[2024-06-24 12:55:02,574] {taskinstance.py:1257} INFO - Exporting the following env vars:
AIRFLOW_CTX_DAG_OWNER=coder2j
AIRFLOW_CTX_DAG_ID=dag_with_taskflow_api_v02
AIRFLOW_CTX_TASK_ID=greet
AIRFLOW_CTX_EXECUTION_DATE=2021-12-27T00:00:00+00:00
AIRFLOW_CTX_DAG_RUN_ID=scheduled__2021-12-27T00:00:00+00:00
[2024-06-24 12:55:02,584] {logging_mixin.py:104} INFO - Hello World! My name is Jerry Fridman and I am 19 years old!
[2024-06-24 12:55:02,668] {taskinstance.py:1166} INFO - Marking task as SUCCESS. dag_id=dag_with_taskflow_api_v02, task_id=greet, execution_date=20211227T000000, start_date=20240624T125501, end_date=20240624T125502
[2024-06-24 12:55:02,923] {taskinstance.py:1220} INFO - 0 downstream tasks scheduled from follow-on schedule check
[2024-06-24 12:55:03,009] {local_task_job.py:146} INFO - Task exited with return code 0
