[2024-06-24 14:38:55,057] {taskinstance.py:851} INFO - Dependencies all met for <TaskInstance: dag_with_minio_s3_v02.sensor_minio_s3 2022-02-24T00:00:00+00:00 [queued]>
[2024-06-24 14:38:55,228] {taskinstance.py:851} INFO - Dependencies all met for <TaskInstance: dag_with_minio_s3_v02.sensor_minio_s3 2022-02-24T00:00:00+00:00 [queued]>
[2024-06-24 14:38:55,238] {taskinstance.py:1042} INFO - 
--------------------------------------------------------------------------------
[2024-06-24 14:38:55,243] {taskinstance.py:1043} INFO - Starting attempt 5 of 6
[2024-06-24 14:38:55,248] {taskinstance.py:1044} INFO - 
--------------------------------------------------------------------------------
[2024-06-24 14:38:55,815] {taskinstance.py:1063} INFO - Executing <Task(S3KeySensor): sensor_minio_s3> on 2022-02-24T00:00:00+00:00
[2024-06-24 14:38:55,858] {standard_task_runner.py:52} INFO - Started process 22004 to run task
[2024-06-24 14:38:56,077] {standard_task_runner.py:76} INFO - Running: ['airflow', 'tasks', 'run', 'dag_with_minio_s3_v02', 'sensor_minio_s3', '2022-02-24T00:00:00+00:00', '--job-id', '8654', '--pool', 'default_pool', '--raw', '--subdir', 'DAGS_FOLDER/dag_with_minio_s3.py', '--cfg-path', '/tmp/tmp8comk6d5', '--error-file', '/tmp/tmpxnal2zb5']
[2024-06-24 14:38:56,154] {standard_task_runner.py:77} INFO - Job 8654: Subtask sensor_minio_s3
[2024-06-24 14:38:58,590] {logging_mixin.py:104} INFO - Running <TaskInstance: dag_with_minio_s3_v02.sensor_minio_s3 2022-02-24T00:00:00+00:00 [running]> on host 799b1e36e3f1
[2024-06-24 14:39:00,617] {taskinstance.py:1257} INFO - Exporting the following env vars:
AIRFLOW_CTX_DAG_OWNER=coder2j
AIRFLOW_CTX_DAG_ID=dag_with_minio_s3_v02
AIRFLOW_CTX_TASK_ID=sensor_minio_s3
AIRFLOW_CTX_EXECUTION_DATE=2022-02-24T00:00:00+00:00
AIRFLOW_CTX_DAG_RUN_ID=scheduled__2022-02-24T00:00:00+00:00
[2024-06-24 14:39:00,622] {s3_key.py:98} INFO - Poking for key : s3://airflow/data.csv
[2024-06-24 14:39:00,628] {base_aws.py:362} INFO - Airflow Connection: aws_conn_id=minio_conn
[2024-06-24 14:39:00,877] {base_aws.py:385} WARNING - Unable to use Airflow Connection for credentials.
[2024-06-24 14:39:00,880] {base_aws.py:386} INFO - Fallback on boto3 credential strategy
[2024-06-24 14:39:00,882] {base_aws.py:391} INFO - Creating session using boto3 credential strategy region_name=None
[2024-06-24 14:39:06,748] {taskinstance.py:1455} ERROR - Unable to locate credentials
Traceback (most recent call last):
  File "/home/airflow/.local/lib/python3.6/site-packages/airflow/models/taskinstance.py", line 1112, in _run_raw_task
    self._prepare_and_execute_task_with_callbacks(context, task)
  File "/home/airflow/.local/lib/python3.6/site-packages/airflow/models/taskinstance.py", line 1285, in _prepare_and_execute_task_with_callbacks
    result = self._execute_task(context, task_copy)
  File "/home/airflow/.local/lib/python3.6/site-packages/airflow/models/taskinstance.py", line 1315, in _execute_task
    result = task_copy.execute(context=context)
  File "/home/airflow/.local/lib/python3.6/site-packages/airflow/sensors/base.py", line 228, in execute
    while not self.poke(context):
  File "/home/airflow/.local/lib/python3.6/site-packages/airflow/providers/amazon/aws/sensors/s3_key.py", line 101, in poke
    return self.get_hook().check_for_key(self.bucket_key, self.bucket_name)
  File "/home/airflow/.local/lib/python3.6/site-packages/airflow/providers/amazon/aws/hooks/s3.py", line 61, in wrapper
    return func(*bound_args.args, **bound_args.kwargs)
  File "/home/airflow/.local/lib/python3.6/site-packages/airflow/providers/amazon/aws/hooks/s3.py", line 90, in wrapper
    return func(*bound_args.args, **bound_args.kwargs)
  File "/home/airflow/.local/lib/python3.6/site-packages/airflow/providers/amazon/aws/hooks/s3.py", line 314, in check_for_key
    self.get_conn().head_object(Bucket=bucket_name, Key=key)
  File "/home/airflow/.local/lib/python3.6/site-packages/botocore/client.py", line 357, in _api_call
    return self._make_api_call(operation_name, kwargs)
  File "/home/airflow/.local/lib/python3.6/site-packages/botocore/client.py", line 663, in _make_api_call
    operation_model, request_dict, request_context)
  File "/home/airflow/.local/lib/python3.6/site-packages/botocore/client.py", line 682, in _make_request
    return self._endpoint.make_request(operation_model, request_dict)
  File "/home/airflow/.local/lib/python3.6/site-packages/botocore/endpoint.py", line 102, in make_request
    return self._send_request(request_dict, operation_model)
  File "/home/airflow/.local/lib/python3.6/site-packages/botocore/endpoint.py", line 132, in _send_request
    request = self.create_request(request_dict, operation_model)
  File "/home/airflow/.local/lib/python3.6/site-packages/botocore/endpoint.py", line 116, in create_request
    operation_name=operation_model.name)
  File "/home/airflow/.local/lib/python3.6/site-packages/botocore/hooks.py", line 356, in emit
    return self._emitter.emit(aliased_event_name, **kwargs)
  File "/home/airflow/.local/lib/python3.6/site-packages/botocore/hooks.py", line 228, in emit
    return self._emit(event_name, kwargs)
  File "/home/airflow/.local/lib/python3.6/site-packages/botocore/hooks.py", line 211, in _emit
    response = handler(**kwargs)
  File "/home/airflow/.local/lib/python3.6/site-packages/botocore/signers.py", line 90, in handler
    return self.sign(operation_name, request)
  File "/home/airflow/.local/lib/python3.6/site-packages/botocore/signers.py", line 162, in sign
    auth.add_auth(request)
  File "/home/airflow/.local/lib/python3.6/site-packages/botocore/auth.py", line 357, in add_auth
    raise NoCredentialsError
botocore.exceptions.NoCredentialsError: Unable to locate credentials
[2024-06-24 14:39:06,903] {taskinstance.py:1503} INFO - Marking task as UP_FOR_RETRY. dag_id=dag_with_minio_s3_v02, task_id=sensor_minio_s3, execution_date=20220224T000000, start_date=20240624T143855, end_date=20240624T143906
[2024-06-24 14:39:07,856] {local_task_job.py:188} WARNING - State of this instance has been externally set to up_for_retry. Terminating instance.
[2024-06-24 14:39:08,006] {process_utils.py:100} INFO - Sending Signals.SIGTERM to GPID 22004
[2024-06-24 14:39:08,035] {process_utils.py:66} INFO - Process psutil.Process(pid=22004, status='terminated', exitcode=1, started='14:38:54') (22004) terminated with exit code 1
