[2024-06-24 14:42:40,608] {taskinstance.py:851} INFO - Dependencies all met for <TaskInstance: dag_with_python_dependencies_v03.get_matplotlib 2023-07-05T00:00:00+00:00 [queued]>
[2024-06-24 14:42:40,900] {taskinstance.py:851} INFO - Dependencies all met for <TaskInstance: dag_with_python_dependencies_v03.get_matplotlib 2023-07-05T00:00:00+00:00 [queued]>
[2024-06-24 14:42:40,903] {taskinstance.py:1042} INFO - 
--------------------------------------------------------------------------------
[2024-06-24 14:42:40,917] {taskinstance.py:1043} INFO - Starting attempt 1 of 1
[2024-06-24 14:42:40,927] {taskinstance.py:1044} INFO - 
--------------------------------------------------------------------------------
[2024-06-24 14:42:41,201] {taskinstance.py:1063} INFO - Executing <Task(PythonOperator): get_matplotlib> on 2023-07-05T00:00:00+00:00
[2024-06-24 14:42:41,243] {standard_task_runner.py:52} INFO - Started process 23024 to run task
[2024-06-24 14:42:41,335] {standard_task_runner.py:76} INFO - Running: ['airflow', 'tasks', 'run', 'dag_with_python_dependencies_v03', 'get_matplotlib', '2023-07-05T00:00:00+00:00', '--job-id', '8870', '--pool', 'default_pool', '--raw', '--subdir', 'DAGS_FOLDER/dag_with_python_dependencies.py', '--cfg-path', '/tmp/tmp9w5bkx16', '--error-file', '/tmp/tmpedpjr9yr']
[2024-06-24 14:42:41,394] {standard_task_runner.py:77} INFO - Job 8870: Subtask get_matplotlib
[2024-06-24 14:42:42,942] {logging_mixin.py:104} INFO - Running <TaskInstance: dag_with_python_dependencies_v03.get_matplotlib 2023-07-05T00:00:00+00:00 [running]> on host 799b1e36e3f1
[2024-06-24 14:42:43,886] {taskinstance.py:1257} INFO - Exporting the following env vars:
AIRFLOW_CTX_DAG_OWNER=coder2j
AIRFLOW_CTX_DAG_ID=dag_with_python_dependencies_v03
AIRFLOW_CTX_TASK_ID=get_matplotlib
AIRFLOW_CTX_EXECUTION_DATE=2023-07-05T00:00:00+00:00
AIRFLOW_CTX_DAG_RUN_ID=scheduled__2023-07-05T00:00:00+00:00
[2024-06-24 14:42:46,090] {__init__.py:482} WARNING - Matplotlib created a temporary config/cache directory at /tmp/matplotlib-blpyx0gk because the default path (/home/airflow/.config/matplotlib) is not a writable directory; it is highly recommended to set the MPLCONFIGDIR environment variable to a writable directory, in particular to speed up the import of Matplotlib and to better support multiprocessing.
[2024-06-24 14:42:46,209] {logging_mixin.py:104} INFO - matplotlib with version: 3.3.3
[2024-06-24 14:42:46,218] {python.py:118} INFO - Done. Returned value was: None
[2024-06-24 14:42:46,558] {taskinstance.py:1166} INFO - Marking task as SUCCESS. dag_id=dag_with_python_dependencies_v03, task_id=get_matplotlib, execution_date=20230705T000000, start_date=20240624T144240, end_date=20240624T144246
[2024-06-24 14:42:47,196] {local_task_job.py:188} WARNING - State of this instance has been externally set to success. Terminating instance.
[2024-06-24 14:42:47,284] {process_utils.py:100} INFO - Sending Signals.SIGTERM to GPID 23024
[2024-06-24 14:42:47,241] {taskinstance.py:1220} INFO - 0 downstream tasks scheduled from follow-on schedule check
[2024-06-24 14:42:47,833] {process_utils.py:66} INFO - Process psutil.Process(pid=23024, status='terminated', exitcode=<Negsignal.SIGABRT: -6>, started='14:42:40') (23024) terminated with exit code Negsignal.SIGABRT
