[2024-06-24 15:03:47,171] {taskinstance.py:851} INFO - Dependencies all met for <TaskInstance: our_dag_with_python_operator_v07.greet 2024-03-10T00:00:00+00:00 [queued]>
[2024-06-24 15:03:47,326] {taskinstance.py:851} INFO - Dependencies all met for <TaskInstance: our_dag_with_python_operator_v07.greet 2024-03-10T00:00:00+00:00 [queued]>
[2024-06-24 15:03:47,341] {taskinstance.py:1042} INFO - 
--------------------------------------------------------------------------------
[2024-06-24 15:03:47,349] {taskinstance.py:1043} INFO - Starting attempt 1 of 6
[2024-06-24 15:03:47,355] {taskinstance.py:1044} INFO - 
--------------------------------------------------------------------------------
[2024-06-24 15:03:47,428] {taskinstance.py:1063} INFO - Executing <Task(PythonOperator): greet> on 2024-03-10T00:00:00+00:00
[2024-06-24 15:03:47,480] {standard_task_runner.py:52} INFO - Started process 31229 to run task
[2024-06-24 15:03:47,486] {standard_task_runner.py:76} INFO - Running: ['airflow', 'tasks', 'run', 'our_dag_with_python_operator_v07', 'greet', '2024-03-10T00:00:00+00:00', '--job-id', '10884', '--pool', 'default_pool', '--raw', '--subdir', 'DAGS_FOLDER/create_dag_with_python_operator.py', '--cfg-path', '/tmp/tmpr4ts4qvj', '--error-file', '/tmp/tmpmw1irl32']
[2024-06-24 15:03:47,513] {standard_task_runner.py:77} INFO - Job 10884: Subtask greet
[2024-06-24 15:03:48,080] {logging_mixin.py:104} INFO - Running <TaskInstance: our_dag_with_python_operator_v07.greet 2024-03-10T00:00:00+00:00 [running]> on host 799b1e36e3f1
[2024-06-24 15:03:48,574] {taskinstance.py:1257} INFO - Exporting the following env vars:
AIRFLOW_CTX_DAG_OWNER=coder2j
AIRFLOW_CTX_DAG_ID=our_dag_with_python_operator_v07
AIRFLOW_CTX_TASK_ID=greet
AIRFLOW_CTX_EXECUTION_DATE=2024-03-10T00:00:00+00:00
AIRFLOW_CTX_DAG_RUN_ID=scheduled__2024-03-10T00:00:00+00:00
[2024-06-24 15:03:48,577] {logging_mixin.py:104} INFO - some dict:  {'a': 1, 'b': 2}
[2024-06-24 15:03:48,780] {logging_mixin.py:104} INFO - Hello World! My name is Jerry Fridman, and I am 19 years old!
[2024-06-24 15:03:48,781] {python.py:118} INFO - Done. Returned value was: None
[2024-06-24 15:03:48,843] {taskinstance.py:1166} INFO - Marking task as SUCCESS. dag_id=our_dag_with_python_operator_v07, task_id=greet, execution_date=20240310T000000, start_date=20240624T150347, end_date=20240624T150348
[2024-06-24 15:03:48,935] {taskinstance.py:1220} INFO - 0 downstream tasks scheduled from follow-on schedule check
[2024-06-24 15:03:48,999] {local_task_job.py:146} INFO - Task exited with return code 0
