[2024-06-24 15:04:12,790] {taskinstance.py:851} INFO - Dependencies all met for <TaskInstance: dag_with_taskflow_api_v02.get_name 2024-04-21T00:00:00+00:00 [queued]>
[2024-06-24 15:04:12,980] {taskinstance.py:851} INFO - Dependencies all met for <TaskInstance: dag_with_taskflow_api_v02.get_name 2024-04-21T00:00:00+00:00 [queued]>
[2024-06-24 15:04:12,986] {taskinstance.py:1042} INFO - 
--------------------------------------------------------------------------------
[2024-06-24 15:04:12,987] {taskinstance.py:1043} INFO - Starting attempt 1 of 6
[2024-06-24 15:04:12,998] {taskinstance.py:1044} INFO - 
--------------------------------------------------------------------------------
[2024-06-24 15:04:13,086] {taskinstance.py:1063} INFO - Executing <Task(_PythonDecoratedOperator): get_name> on 2024-04-21T00:00:00+00:00
[2024-06-24 15:04:13,129] {standard_task_runner.py:52} INFO - Started process 31792 to run task
[2024-06-24 15:04:13,143] {standard_task_runner.py:76} INFO - Running: ['airflow', 'tasks', 'run', 'dag_with_taskflow_api_v02', 'get_name', '2024-04-21T00:00:00+00:00', '--job-id', '11025', '--pool', 'default_pool', '--raw', '--subdir', 'DAGS_FOLDER/dag_with_taskflow_api.py', '--cfg-path', '/tmp/tmpqmx44pvs', '--error-file', '/tmp/tmpg1vhmjxs']
[2024-06-24 15:04:13,152] {standard_task_runner.py:77} INFO - Job 11025: Subtask get_name
[2024-06-24 15:04:13,696] {logging_mixin.py:104} INFO - Running <TaskInstance: dag_with_taskflow_api_v02.get_name 2024-04-21T00:00:00+00:00 [running]> on host 799b1e36e3f1
[2024-06-24 15:04:14,054] {taskinstance.py:1257} INFO - Exporting the following env vars:
AIRFLOW_CTX_DAG_OWNER=coder2j
AIRFLOW_CTX_DAG_ID=dag_with_taskflow_api_v02
AIRFLOW_CTX_TASK_ID=get_name
AIRFLOW_CTX_EXECUTION_DATE=2024-04-21T00:00:00+00:00
AIRFLOW_CTX_DAG_RUN_ID=scheduled__2024-04-21T00:00:00+00:00
[2024-06-24 15:04:14,465] {taskinstance.py:1166} INFO - Marking task as SUCCESS. dag_id=dag_with_taskflow_api_v02, task_id=get_name, execution_date=20240421T000000, start_date=20240624T150412, end_date=20240624T150414
[2024-06-24 15:04:14,575] {taskinstance.py:1220} INFO - 1 downstream tasks scheduled from follow-on schedule check
[2024-06-24 15:04:14,597] {local_task_job.py:146} INFO - Task exited with return code 0
