[2024-08-14 19:09:23,254] {scheduler_job.py:182} INFO - Started process (PID=255) to work on /opt/airflow/dags/dag_with_minio_s3.py
[2024-08-14 19:09:23,258] {scheduler_job.py:629} INFO - Processing file /opt/airflow/dags/dag_with_minio_s3.py for tasks to queue
[2024-08-14 19:09:23,260] {logging_mixin.py:104} INFO - [2024-08-14 19:09:23,260] {dagbag.py:448} INFO - Filling up the DagBag from /opt/airflow/dags/dag_with_minio_s3.py
[2024-08-14 19:09:23,575] {scheduler_job.py:639} INFO - DAG(s) dict_keys(['dag_with_minio_s3_v02']) retrieved from /opt/airflow/dags/dag_with_minio_s3.py
[2024-08-14 19:09:23,619] {logging_mixin.py:104} INFO - [2024-08-14 19:09:23,619] {dag.py:1818} INFO - Sync 1 DAGs
[2024-08-14 19:09:23,671] {logging_mixin.py:104} INFO - [2024-08-14 19:09:23,671] {dag.py:2273} INFO - Setting next_dagrun for dag_with_minio_s3_v02 to 2022-03-14 00:00:00+00:00
[2024-08-14 19:09:23,684] {scheduler_job.py:190} INFO - Processing /opt/airflow/dags/dag_with_minio_s3.py took 0.438 seconds
[2024-08-14 19:09:34,369] {scheduler_job.py:182} INFO - Started process (PID=315) to work on /opt/airflow/dags/dag_with_minio_s3.py
[2024-08-14 19:09:34,371] {scheduler_job.py:629} INFO - Processing file /opt/airflow/dags/dag_with_minio_s3.py for tasks to queue
[2024-08-14 19:09:34,372] {logging_mixin.py:104} INFO - [2024-08-14 19:09:34,372] {dagbag.py:448} INFO - Filling up the DagBag from /opt/airflow/dags/dag_with_minio_s3.py
[2024-08-14 19:09:34,519] {scheduler_job.py:639} INFO - DAG(s) dict_keys(['dag_with_minio_s3_v02']) retrieved from /opt/airflow/dags/dag_with_minio_s3.py
[2024-08-14 19:09:34,557] {logging_mixin.py:104} INFO - [2024-08-14 19:09:34,557] {dag.py:1818} INFO - Sync 1 DAGs
[2024-08-14 19:09:34,588] {logging_mixin.py:104} INFO - [2024-08-14 19:09:34,587] {dag.py:2273} INFO - Setting next_dagrun for dag_with_minio_s3_v02 to 2022-03-14 00:00:00+00:00
[2024-08-14 19:09:34,603] {scheduler_job.py:190} INFO - Processing /opt/airflow/dags/dag_with_minio_s3.py took 0.240 seconds
[2024-08-14 19:09:45,333] {scheduler_job.py:182} INFO - Started process (PID=375) to work on /opt/airflow/dags/dag_with_minio_s3.py
[2024-08-14 19:09:45,335] {scheduler_job.py:629} INFO - Processing file /opt/airflow/dags/dag_with_minio_s3.py for tasks to queue
[2024-08-14 19:09:45,337] {logging_mixin.py:104} INFO - [2024-08-14 19:09:45,337] {dagbag.py:448} INFO - Filling up the DagBag from /opt/airflow/dags/dag_with_minio_s3.py
[2024-08-14 19:09:45,458] {scheduler_job.py:639} INFO - DAG(s) dict_keys(['dag_with_minio_s3_v02']) retrieved from /opt/airflow/dags/dag_with_minio_s3.py
[2024-08-14 19:09:45,492] {logging_mixin.py:104} INFO - [2024-08-14 19:09:45,492] {dag.py:1818} INFO - Sync 1 DAGs
[2024-08-14 19:09:45,512] {logging_mixin.py:104} INFO - [2024-08-14 19:09:45,512] {dag.py:2273} INFO - Setting next_dagrun for dag_with_minio_s3_v02 to 2022-03-14 00:00:00+00:00
[2024-08-14 19:09:45,521] {scheduler_job.py:190} INFO - Processing /opt/airflow/dags/dag_with_minio_s3.py took 0.193 seconds
[2024-08-14 19:09:56,148] {scheduler_job.py:182} INFO - Started process (PID=435) to work on /opt/airflow/dags/dag_with_minio_s3.py
[2024-08-14 19:09:56,151] {scheduler_job.py:629} INFO - Processing file /opt/airflow/dags/dag_with_minio_s3.py for tasks to queue
[2024-08-14 19:09:56,152] {logging_mixin.py:104} INFO - [2024-08-14 19:09:56,152] {dagbag.py:448} INFO - Filling up the DagBag from /opt/airflow/dags/dag_with_minio_s3.py
[2024-08-14 19:09:56,273] {scheduler_job.py:639} INFO - DAG(s) dict_keys(['dag_with_minio_s3_v02']) retrieved from /opt/airflow/dags/dag_with_minio_s3.py
[2024-08-14 19:09:56,309] {logging_mixin.py:104} INFO - [2024-08-14 19:09:56,309] {dag.py:1818} INFO - Sync 1 DAGs
[2024-08-14 19:09:56,329] {logging_mixin.py:104} INFO - [2024-08-14 19:09:56,329] {dag.py:2273} INFO - Setting next_dagrun for dag_with_minio_s3_v02 to 2022-03-14 00:00:00+00:00
[2024-08-14 19:09:56,339] {scheduler_job.py:190} INFO - Processing /opt/airflow/dags/dag_with_minio_s3.py took 0.197 seconds
[2024-08-14 19:10:07,027] {scheduler_job.py:182} INFO - Started process (PID=494) to work on /opt/airflow/dags/dag_with_minio_s3.py
[2024-08-14 19:10:07,030] {scheduler_job.py:629} INFO - Processing file /opt/airflow/dags/dag_with_minio_s3.py for tasks to queue
[2024-08-14 19:10:07,031] {logging_mixin.py:104} INFO - [2024-08-14 19:10:07,031] {dagbag.py:448} INFO - Filling up the DagBag from /opt/airflow/dags/dag_with_minio_s3.py
[2024-08-14 19:10:07,168] {scheduler_job.py:639} INFO - DAG(s) dict_keys(['dag_with_minio_s3_v02']) retrieved from /opt/airflow/dags/dag_with_minio_s3.py
[2024-08-14 19:10:07,202] {logging_mixin.py:104} INFO - [2024-08-14 19:10:07,202] {dag.py:1818} INFO - Sync 1 DAGs
[2024-08-14 19:10:07,226] {logging_mixin.py:104} INFO - [2024-08-14 19:10:07,225] {dag.py:2273} INFO - Setting next_dagrun for dag_with_minio_s3_v02 to 2022-03-14 00:00:00+00:00
[2024-08-14 19:10:07,239] {scheduler_job.py:190} INFO - Processing /opt/airflow/dags/dag_with_minio_s3.py took 0.217 seconds
[2024-08-14 19:10:17,846] {scheduler_job.py:182} INFO - Started process (PID=555) to work on /opt/airflow/dags/dag_with_minio_s3.py
[2024-08-14 19:10:17,848] {scheduler_job.py:629} INFO - Processing file /opt/airflow/dags/dag_with_minio_s3.py for tasks to queue
[2024-08-14 19:10:17,849] {logging_mixin.py:104} INFO - [2024-08-14 19:10:17,849] {dagbag.py:448} INFO - Filling up the DagBag from /opt/airflow/dags/dag_with_minio_s3.py
[2024-08-14 19:10:17,988] {scheduler_job.py:639} INFO - DAG(s) dict_keys(['dag_with_minio_s3_v02']) retrieved from /opt/airflow/dags/dag_with_minio_s3.py
[2024-08-14 19:10:18,018] {logging_mixin.py:104} INFO - [2024-08-14 19:10:18,018] {dag.py:1818} INFO - Sync 1 DAGs
[2024-08-14 19:10:18,038] {logging_mixin.py:104} INFO - [2024-08-14 19:10:18,038] {dag.py:2273} INFO - Setting next_dagrun for dag_with_minio_s3_v02 to 2022-03-14 00:00:00+00:00
[2024-08-14 19:10:18,048] {scheduler_job.py:190} INFO - Processing /opt/airflow/dags/dag_with_minio_s3.py took 0.206 seconds
[2024-08-14 19:10:28,557] {scheduler_job.py:182} INFO - Started process (PID=615) to work on /opt/airflow/dags/dag_with_minio_s3.py
[2024-08-14 19:10:28,559] {scheduler_job.py:629} INFO - Processing file /opt/airflow/dags/dag_with_minio_s3.py for tasks to queue
[2024-08-14 19:10:28,560] {logging_mixin.py:104} INFO - [2024-08-14 19:10:28,560] {dagbag.py:448} INFO - Filling up the DagBag from /opt/airflow/dags/dag_with_minio_s3.py
[2024-08-14 19:10:28,682] {scheduler_job.py:639} INFO - DAG(s) dict_keys(['dag_with_minio_s3_v02']) retrieved from /opt/airflow/dags/dag_with_minio_s3.py
[2024-08-14 19:10:28,710] {logging_mixin.py:104} INFO - [2024-08-14 19:10:28,710] {dag.py:1818} INFO - Sync 1 DAGs
[2024-08-14 19:10:28,729] {logging_mixin.py:104} INFO - [2024-08-14 19:10:28,728] {dag.py:2273} INFO - Setting next_dagrun for dag_with_minio_s3_v02 to 2022-03-14 00:00:00+00:00
[2024-08-14 19:10:28,738] {scheduler_job.py:190} INFO - Processing /opt/airflow/dags/dag_with_minio_s3.py took 0.186 seconds
[2024-08-14 19:10:39,278] {scheduler_job.py:182} INFO - Started process (PID=675) to work on /opt/airflow/dags/dag_with_minio_s3.py
[2024-08-14 19:10:39,281] {scheduler_job.py:629} INFO - Processing file /opt/airflow/dags/dag_with_minio_s3.py for tasks to queue
[2024-08-14 19:10:39,283] {logging_mixin.py:104} INFO - [2024-08-14 19:10:39,282] {dagbag.py:448} INFO - Filling up the DagBag from /opt/airflow/dags/dag_with_minio_s3.py
[2024-08-14 19:10:39,414] {scheduler_job.py:639} INFO - DAG(s) dict_keys(['dag_with_minio_s3_v02']) retrieved from /opt/airflow/dags/dag_with_minio_s3.py
[2024-08-14 19:10:39,444] {logging_mixin.py:104} INFO - [2024-08-14 19:10:39,444] {dag.py:1818} INFO - Sync 1 DAGs
[2024-08-14 19:10:39,469] {logging_mixin.py:104} INFO - [2024-08-14 19:10:39,468] {dag.py:2273} INFO - Setting next_dagrun for dag_with_minio_s3_v02 to 2022-03-14 00:00:00+00:00
[2024-08-14 19:10:39,478] {scheduler_job.py:190} INFO - Processing /opt/airflow/dags/dag_with_minio_s3.py took 0.205 seconds
[2024-08-14 19:10:49,985] {scheduler_job.py:182} INFO - Started process (PID=735) to work on /opt/airflow/dags/dag_with_minio_s3.py
[2024-08-14 19:10:49,987] {scheduler_job.py:629} INFO - Processing file /opt/airflow/dags/dag_with_minio_s3.py for tasks to queue
[2024-08-14 19:10:49,989] {logging_mixin.py:104} INFO - [2024-08-14 19:10:49,989] {dagbag.py:448} INFO - Filling up the DagBag from /opt/airflow/dags/dag_with_minio_s3.py
[2024-08-14 19:10:50,115] {scheduler_job.py:639} INFO - DAG(s) dict_keys(['dag_with_minio_s3_v02']) retrieved from /opt/airflow/dags/dag_with_minio_s3.py
[2024-08-14 19:10:50,143] {logging_mixin.py:104} INFO - [2024-08-14 19:10:50,143] {dag.py:1818} INFO - Sync 1 DAGs
[2024-08-14 19:10:50,163] {logging_mixin.py:104} INFO - [2024-08-14 19:10:50,162] {dag.py:2273} INFO - Setting next_dagrun for dag_with_minio_s3_v02 to 2022-03-14 00:00:00+00:00
[2024-08-14 19:10:50,171] {scheduler_job.py:190} INFO - Processing /opt/airflow/dags/dag_with_minio_s3.py took 0.192 seconds
[2024-08-14 19:11:00,767] {scheduler_job.py:182} INFO - Started process (PID=795) to work on /opt/airflow/dags/dag_with_minio_s3.py
[2024-08-14 19:11:00,772] {scheduler_job.py:629} INFO - Processing file /opt/airflow/dags/dag_with_minio_s3.py for tasks to queue
[2024-08-14 19:11:00,774] {logging_mixin.py:104} INFO - [2024-08-14 19:11:00,773] {dagbag.py:448} INFO - Filling up the DagBag from /opt/airflow/dags/dag_with_minio_s3.py
[2024-08-14 19:11:00,952] {scheduler_job.py:639} INFO - DAG(s) dict_keys(['dag_with_minio_s3_v02']) retrieved from /opt/airflow/dags/dag_with_minio_s3.py
[2024-08-14 19:11:00,996] {logging_mixin.py:104} INFO - [2024-08-14 19:11:00,996] {dag.py:1818} INFO - Sync 1 DAGs
[2024-08-14 19:11:01,023] {logging_mixin.py:104} INFO - [2024-08-14 19:11:01,023] {dag.py:2273} INFO - Setting next_dagrun for dag_with_minio_s3_v02 to 2022-03-14 00:00:00+00:00
[2024-08-14 19:11:01,035] {scheduler_job.py:190} INFO - Processing /opt/airflow/dags/dag_with_minio_s3.py took 0.273 seconds
[2024-08-14 19:11:11,654] {scheduler_job.py:182} INFO - Started process (PID=855) to work on /opt/airflow/dags/dag_with_minio_s3.py
[2024-08-14 19:11:11,657] {scheduler_job.py:629} INFO - Processing file /opt/airflow/dags/dag_with_minio_s3.py for tasks to queue
[2024-08-14 19:11:11,659] {logging_mixin.py:104} INFO - [2024-08-14 19:11:11,658] {dagbag.py:448} INFO - Filling up the DagBag from /opt/airflow/dags/dag_with_minio_s3.py
[2024-08-14 19:11:11,799] {scheduler_job.py:639} INFO - DAG(s) dict_keys(['dag_with_minio_s3_v02']) retrieved from /opt/airflow/dags/dag_with_minio_s3.py
[2024-08-14 19:11:11,835] {logging_mixin.py:104} INFO - [2024-08-14 19:11:11,835] {dag.py:1818} INFO - Sync 1 DAGs
[2024-08-14 19:11:11,857] {logging_mixin.py:104} INFO - [2024-08-14 19:11:11,856] {dag.py:2273} INFO - Setting next_dagrun for dag_with_minio_s3_v02 to 2022-03-14 00:00:00+00:00
[2024-08-14 19:11:11,866] {scheduler_job.py:190} INFO - Processing /opt/airflow/dags/dag_with_minio_s3.py took 0.218 seconds
[2024-08-14 19:11:22,341] {scheduler_job.py:182} INFO - Started process (PID=915) to work on /opt/airflow/dags/dag_with_minio_s3.py
[2024-08-14 19:11:22,342] {scheduler_job.py:629} INFO - Processing file /opt/airflow/dags/dag_with_minio_s3.py for tasks to queue
[2024-08-14 19:11:22,344] {logging_mixin.py:104} INFO - [2024-08-14 19:11:22,344] {dagbag.py:448} INFO - Filling up the DagBag from /opt/airflow/dags/dag_with_minio_s3.py
[2024-08-14 19:11:22,452] {scheduler_job.py:639} INFO - DAG(s) dict_keys(['dag_with_minio_s3_v02']) retrieved from /opt/airflow/dags/dag_with_minio_s3.py
[2024-08-14 19:11:22,480] {logging_mixin.py:104} INFO - [2024-08-14 19:11:22,479] {dag.py:1818} INFO - Sync 1 DAGs
[2024-08-14 19:11:22,499] {logging_mixin.py:104} INFO - [2024-08-14 19:11:22,499] {dag.py:2273} INFO - Setting next_dagrun for dag_with_minio_s3_v02 to 2022-03-14 00:00:00+00:00
[2024-08-14 19:11:22,507] {scheduler_job.py:190} INFO - Processing /opt/airflow/dags/dag_with_minio_s3.py took 0.171 seconds
[2024-08-14 19:11:33,091] {scheduler_job.py:182} INFO - Started process (PID=975) to work on /opt/airflow/dags/dag_with_minio_s3.py
[2024-08-14 19:11:33,094] {scheduler_job.py:629} INFO - Processing file /opt/airflow/dags/dag_with_minio_s3.py for tasks to queue
[2024-08-14 19:11:33,096] {logging_mixin.py:104} INFO - [2024-08-14 19:11:33,096] {dagbag.py:448} INFO - Filling up the DagBag from /opt/airflow/dags/dag_with_minio_s3.py
[2024-08-14 19:11:33,240] {scheduler_job.py:639} INFO - DAG(s) dict_keys(['dag_with_minio_s3_v02']) retrieved from /opt/airflow/dags/dag_with_minio_s3.py
[2024-08-14 19:11:33,275] {logging_mixin.py:104} INFO - [2024-08-14 19:11:33,275] {dag.py:1818} INFO - Sync 1 DAGs
[2024-08-14 19:11:33,300] {logging_mixin.py:104} INFO - [2024-08-14 19:11:33,300] {dag.py:2273} INFO - Setting next_dagrun for dag_with_minio_s3_v02 to 2022-03-14 00:00:00+00:00
[2024-08-14 19:11:33,313] {scheduler_job.py:190} INFO - Processing /opt/airflow/dags/dag_with_minio_s3.py took 0.227 seconds
[2024-08-14 19:11:43,973] {scheduler_job.py:182} INFO - Started process (PID=1035) to work on /opt/airflow/dags/dag_with_minio_s3.py
[2024-08-14 19:11:43,975] {scheduler_job.py:629} INFO - Processing file /opt/airflow/dags/dag_with_minio_s3.py for tasks to queue
[2024-08-14 19:11:43,977] {logging_mixin.py:104} INFO - [2024-08-14 19:11:43,977] {dagbag.py:448} INFO - Filling up the DagBag from /opt/airflow/dags/dag_with_minio_s3.py
[2024-08-14 19:11:44,094] {scheduler_job.py:639} INFO - DAG(s) dict_keys(['dag_with_minio_s3_v02']) retrieved from /opt/airflow/dags/dag_with_minio_s3.py
[2024-08-14 19:11:44,123] {logging_mixin.py:104} INFO - [2024-08-14 19:11:44,123] {dag.py:1818} INFO - Sync 1 DAGs
[2024-08-14 19:11:44,143] {logging_mixin.py:104} INFO - [2024-08-14 19:11:44,143] {dag.py:2273} INFO - Setting next_dagrun for dag_with_minio_s3_v02 to 2022-03-14 00:00:00+00:00
[2024-08-14 19:11:44,152] {scheduler_job.py:190} INFO - Processing /opt/airflow/dags/dag_with_minio_s3.py took 0.183 seconds
[2024-08-14 19:11:54,645] {scheduler_job.py:182} INFO - Started process (PID=1095) to work on /opt/airflow/dags/dag_with_minio_s3.py
[2024-08-14 19:11:54,649] {scheduler_job.py:629} INFO - Processing file /opt/airflow/dags/dag_with_minio_s3.py for tasks to queue
[2024-08-14 19:11:54,651] {logging_mixin.py:104} INFO - [2024-08-14 19:11:54,651] {dagbag.py:448} INFO - Filling up the DagBag from /opt/airflow/dags/dag_with_minio_s3.py
[2024-08-14 19:11:54,774] {scheduler_job.py:639} INFO - DAG(s) dict_keys(['dag_with_minio_s3_v02']) retrieved from /opt/airflow/dags/dag_with_minio_s3.py
[2024-08-14 19:11:54,803] {logging_mixin.py:104} INFO - [2024-08-14 19:11:54,803] {dag.py:1818} INFO - Sync 1 DAGs
[2024-08-14 19:11:54,823] {logging_mixin.py:104} INFO - [2024-08-14 19:11:54,823] {dag.py:2273} INFO - Setting next_dagrun for dag_with_minio_s3_v02 to 2022-03-14 00:00:00+00:00
[2024-08-14 19:11:54,833] {scheduler_job.py:190} INFO - Processing /opt/airflow/dags/dag_with_minio_s3.py took 0.193 seconds
[2024-08-14 19:12:05,383] {scheduler_job.py:182} INFO - Started process (PID=1155) to work on /opt/airflow/dags/dag_with_minio_s3.py
[2024-08-14 19:12:05,386] {scheduler_job.py:629} INFO - Processing file /opt/airflow/dags/dag_with_minio_s3.py for tasks to queue
[2024-08-14 19:12:05,390] {logging_mixin.py:104} INFO - [2024-08-14 19:12:05,390] {dagbag.py:448} INFO - Filling up the DagBag from /opt/airflow/dags/dag_with_minio_s3.py
[2024-08-14 19:12:05,574] {scheduler_job.py:639} INFO - DAG(s) dict_keys(['dag_with_minio_s3_v02']) retrieved from /opt/airflow/dags/dag_with_minio_s3.py
[2024-08-14 19:12:05,605] {logging_mixin.py:104} INFO - [2024-08-14 19:12:05,604] {dag.py:1818} INFO - Sync 1 DAGs
[2024-08-14 19:12:05,631] {logging_mixin.py:104} INFO - [2024-08-14 19:12:05,631] {dag.py:2273} INFO - Setting next_dagrun for dag_with_minio_s3_v02 to 2022-03-14 00:00:00+00:00
[2024-08-14 19:12:05,650] {scheduler_job.py:190} INFO - Processing /opt/airflow/dags/dag_with_minio_s3.py took 0.273 seconds
[2024-08-14 19:12:16,158] {scheduler_job.py:182} INFO - Started process (PID=1215) to work on /opt/airflow/dags/dag_with_minio_s3.py
[2024-08-14 19:12:16,160] {scheduler_job.py:629} INFO - Processing file /opt/airflow/dags/dag_with_minio_s3.py for tasks to queue
[2024-08-14 19:12:16,161] {logging_mixin.py:104} INFO - [2024-08-14 19:12:16,161] {dagbag.py:448} INFO - Filling up the DagBag from /opt/airflow/dags/dag_with_minio_s3.py
[2024-08-14 19:12:16,275] {scheduler_job.py:639} INFO - DAG(s) dict_keys(['dag_with_minio_s3_v02']) retrieved from /opt/airflow/dags/dag_with_minio_s3.py
[2024-08-14 19:12:16,302] {logging_mixin.py:104} INFO - [2024-08-14 19:12:16,302] {dag.py:1818} INFO - Sync 1 DAGs
[2024-08-14 19:12:16,321] {logging_mixin.py:104} INFO - [2024-08-14 19:12:16,321] {dag.py:2273} INFO - Setting next_dagrun for dag_with_minio_s3_v02 to 2022-03-14 00:00:00+00:00
[2024-08-14 19:12:16,330] {scheduler_job.py:190} INFO - Processing /opt/airflow/dags/dag_with_minio_s3.py took 0.176 seconds
[2024-08-14 19:12:27,141] {scheduler_job.py:182} INFO - Started process (PID=1275) to work on /opt/airflow/dags/dag_with_minio_s3.py
[2024-08-14 19:12:27,143] {scheduler_job.py:629} INFO - Processing file /opt/airflow/dags/dag_with_minio_s3.py for tasks to queue
[2024-08-14 19:12:27,145] {logging_mixin.py:104} INFO - [2024-08-14 19:12:27,145] {dagbag.py:448} INFO - Filling up the DagBag from /opt/airflow/dags/dag_with_minio_s3.py
[2024-08-14 19:12:27,295] {scheduler_job.py:639} INFO - DAG(s) dict_keys(['dag_with_minio_s3_v02']) retrieved from /opt/airflow/dags/dag_with_minio_s3.py
[2024-08-14 19:12:27,325] {logging_mixin.py:104} INFO - [2024-08-14 19:12:27,325] {dag.py:1818} INFO - Sync 1 DAGs
[2024-08-14 19:12:27,346] {logging_mixin.py:104} INFO - [2024-08-14 19:12:27,346] {dag.py:2273} INFO - Setting next_dagrun for dag_with_minio_s3_v02 to 2022-03-14 00:00:00+00:00
[2024-08-14 19:12:27,356] {scheduler_job.py:190} INFO - Processing /opt/airflow/dags/dag_with_minio_s3.py took 0.220 seconds
[2024-08-14 19:12:37,962] {scheduler_job.py:182} INFO - Started process (PID=1334) to work on /opt/airflow/dags/dag_with_minio_s3.py
[2024-08-14 19:12:37,964] {scheduler_job.py:629} INFO - Processing file /opt/airflow/dags/dag_with_minio_s3.py for tasks to queue
[2024-08-14 19:12:37,966] {logging_mixin.py:104} INFO - [2024-08-14 19:12:37,966] {dagbag.py:448} INFO - Filling up the DagBag from /opt/airflow/dags/dag_with_minio_s3.py
[2024-08-14 19:12:38,090] {scheduler_job.py:639} INFO - DAG(s) dict_keys(['dag_with_minio_s3_v02']) retrieved from /opt/airflow/dags/dag_with_minio_s3.py
[2024-08-14 19:12:38,120] {logging_mixin.py:104} INFO - [2024-08-14 19:12:38,119] {dag.py:1818} INFO - Sync 1 DAGs
[2024-08-14 19:12:38,141] {logging_mixin.py:104} INFO - [2024-08-14 19:12:38,141] {dag.py:2273} INFO - Setting next_dagrun for dag_with_minio_s3_v02 to 2022-03-14 00:00:00+00:00
[2024-08-14 19:12:38,156] {scheduler_job.py:190} INFO - Processing /opt/airflow/dags/dag_with_minio_s3.py took 0.198 seconds
[2024-08-14 19:12:48,628] {scheduler_job.py:182} INFO - Started process (PID=1394) to work on /opt/airflow/dags/dag_with_minio_s3.py
[2024-08-14 19:12:48,630] {scheduler_job.py:629} INFO - Processing file /opt/airflow/dags/dag_with_minio_s3.py for tasks to queue
[2024-08-14 19:12:48,632] {logging_mixin.py:104} INFO - [2024-08-14 19:12:48,631] {dagbag.py:448} INFO - Filling up the DagBag from /opt/airflow/dags/dag_with_minio_s3.py
[2024-08-14 19:12:48,744] {scheduler_job.py:639} INFO - DAG(s) dict_keys(['dag_with_minio_s3_v02']) retrieved from /opt/airflow/dags/dag_with_minio_s3.py
[2024-08-14 19:12:48,773] {logging_mixin.py:104} INFO - [2024-08-14 19:12:48,773] {dag.py:1818} INFO - Sync 1 DAGs
[2024-08-14 19:12:48,815] {logging_mixin.py:104} INFO - [2024-08-14 19:12:48,815] {dag.py:2273} INFO - Setting next_dagrun for dag_with_minio_s3_v02 to 2022-03-14 00:00:00+00:00
[2024-08-14 19:12:48,833] {scheduler_job.py:190} INFO - Processing /opt/airflow/dags/dag_with_minio_s3.py took 0.210 seconds
[2024-08-14 19:12:59,498] {scheduler_job.py:182} INFO - Started process (PID=1455) to work on /opt/airflow/dags/dag_with_minio_s3.py
[2024-08-14 19:12:59,501] {scheduler_job.py:629} INFO - Processing file /opt/airflow/dags/dag_with_minio_s3.py for tasks to queue
[2024-08-14 19:12:59,503] {logging_mixin.py:104} INFO - [2024-08-14 19:12:59,503] {dagbag.py:448} INFO - Filling up the DagBag from /opt/airflow/dags/dag_with_minio_s3.py
[2024-08-14 19:12:59,636] {scheduler_job.py:639} INFO - DAG(s) dict_keys(['dag_with_minio_s3_v02']) retrieved from /opt/airflow/dags/dag_with_minio_s3.py
[2024-08-14 19:12:59,665] {logging_mixin.py:104} INFO - [2024-08-14 19:12:59,665] {dag.py:1818} INFO - Sync 1 DAGs
[2024-08-14 19:12:59,685] {logging_mixin.py:104} INFO - [2024-08-14 19:12:59,685] {dag.py:2273} INFO - Setting next_dagrun for dag_with_minio_s3_v02 to 2022-03-14 00:00:00+00:00
[2024-08-14 19:12:59,697] {scheduler_job.py:190} INFO - Processing /opt/airflow/dags/dag_with_minio_s3.py took 0.205 seconds
[2024-08-14 19:13:10,357] {scheduler_job.py:182} INFO - Started process (PID=1515) to work on /opt/airflow/dags/dag_with_minio_s3.py
[2024-08-14 19:13:10,360] {scheduler_job.py:629} INFO - Processing file /opt/airflow/dags/dag_with_minio_s3.py for tasks to queue
[2024-08-14 19:13:10,361] {logging_mixin.py:104} INFO - [2024-08-14 19:13:10,361] {dagbag.py:448} INFO - Filling up the DagBag from /opt/airflow/dags/dag_with_minio_s3.py
[2024-08-14 19:13:10,529] {scheduler_job.py:639} INFO - DAG(s) dict_keys(['dag_with_minio_s3_v02']) retrieved from /opt/airflow/dags/dag_with_minio_s3.py
[2024-08-14 19:13:10,562] {logging_mixin.py:104} INFO - [2024-08-14 19:13:10,562] {dag.py:1818} INFO - Sync 1 DAGs
[2024-08-14 19:13:10,589] {logging_mixin.py:104} INFO - [2024-08-14 19:13:10,588] {dag.py:2273} INFO - Setting next_dagrun for dag_with_minio_s3_v02 to 2022-03-14 00:00:00+00:00
[2024-08-14 19:13:10,599] {scheduler_job.py:190} INFO - Processing /opt/airflow/dags/dag_with_minio_s3.py took 0.249 seconds
[2024-08-14 19:13:21,130] {scheduler_job.py:182} INFO - Started process (PID=1575) to work on /opt/airflow/dags/dag_with_minio_s3.py
[2024-08-14 19:13:21,132] {scheduler_job.py:629} INFO - Processing file /opt/airflow/dags/dag_with_minio_s3.py for tasks to queue
[2024-08-14 19:13:21,134] {logging_mixin.py:104} INFO - [2024-08-14 19:13:21,133] {dagbag.py:448} INFO - Filling up the DagBag from /opt/airflow/dags/dag_with_minio_s3.py
[2024-08-14 19:13:21,290] {scheduler_job.py:639} INFO - DAG(s) dict_keys(['dag_with_minio_s3_v02']) retrieved from /opt/airflow/dags/dag_with_minio_s3.py
[2024-08-14 19:13:21,326] {logging_mixin.py:104} INFO - [2024-08-14 19:13:21,325] {dag.py:1818} INFO - Sync 1 DAGs
[2024-08-14 19:13:21,353] {logging_mixin.py:104} INFO - [2024-08-14 19:13:21,353] {dag.py:2273} INFO - Setting next_dagrun for dag_with_minio_s3_v02 to 2022-03-14 00:00:00+00:00
[2024-08-14 19:13:21,364] {scheduler_job.py:190} INFO - Processing /opt/airflow/dags/dag_with_minio_s3.py took 0.240 seconds
[2024-08-14 19:13:31,862] {scheduler_job.py:182} INFO - Started process (PID=1635) to work on /opt/airflow/dags/dag_with_minio_s3.py
[2024-08-14 19:13:31,867] {scheduler_job.py:629} INFO - Processing file /opt/airflow/dags/dag_with_minio_s3.py for tasks to queue
[2024-08-14 19:13:31,869] {logging_mixin.py:104} INFO - [2024-08-14 19:13:31,869] {dagbag.py:448} INFO - Filling up the DagBag from /opt/airflow/dags/dag_with_minio_s3.py
[2024-08-14 19:13:32,011] {scheduler_job.py:639} INFO - DAG(s) dict_keys(['dag_with_minio_s3_v02']) retrieved from /opt/airflow/dags/dag_with_minio_s3.py
[2024-08-14 19:13:32,046] {logging_mixin.py:104} INFO - [2024-08-14 19:13:32,046] {dag.py:1818} INFO - Sync 1 DAGs
[2024-08-14 19:13:32,071] {logging_mixin.py:104} INFO - [2024-08-14 19:13:32,071] {dag.py:2273} INFO - Setting next_dagrun for dag_with_minio_s3_v02 to 2022-03-14 00:00:00+00:00
[2024-08-14 19:13:32,086] {scheduler_job.py:190} INFO - Processing /opt/airflow/dags/dag_with_minio_s3.py took 0.229 seconds
[2024-08-14 19:13:42,621] {scheduler_job.py:182} INFO - Started process (PID=1695) to work on /opt/airflow/dags/dag_with_minio_s3.py
[2024-08-14 19:13:42,623] {scheduler_job.py:629} INFO - Processing file /opt/airflow/dags/dag_with_minio_s3.py for tasks to queue
[2024-08-14 19:13:42,624] {logging_mixin.py:104} INFO - [2024-08-14 19:13:42,624] {dagbag.py:448} INFO - Filling up the DagBag from /opt/airflow/dags/dag_with_minio_s3.py
[2024-08-14 19:13:42,776] {scheduler_job.py:639} INFO - DAG(s) dict_keys(['dag_with_minio_s3_v02']) retrieved from /opt/airflow/dags/dag_with_minio_s3.py
[2024-08-14 19:13:42,816] {logging_mixin.py:104} INFO - [2024-08-14 19:13:42,816] {dag.py:1818} INFO - Sync 1 DAGs
[2024-08-14 19:13:42,844] {logging_mixin.py:104} INFO - [2024-08-14 19:13:42,844] {dag.py:2273} INFO - Setting next_dagrun for dag_with_minio_s3_v02 to 2022-03-14 00:00:00+00:00
[2024-08-14 19:13:42,857] {scheduler_job.py:190} INFO - Processing /opt/airflow/dags/dag_with_minio_s3.py took 0.241 seconds
[2024-08-14 19:14:07,648] {scheduler_job.py:182} INFO - Started process (PID=1755) to work on /opt/airflow/dags/dag_with_minio_s3.py
[2024-08-14 19:14:07,651] {scheduler_job.py:629} INFO - Processing file /opt/airflow/dags/dag_with_minio_s3.py for tasks to queue
[2024-08-14 19:14:07,652] {logging_mixin.py:104} INFO - [2024-08-14 19:14:07,652] {dagbag.py:448} INFO - Filling up the DagBag from /opt/airflow/dags/dag_with_minio_s3.py
[2024-08-14 19:14:07,815] {scheduler_job.py:639} INFO - DAG(s) dict_keys(['dag_with_minio_s3_v02']) retrieved from /opt/airflow/dags/dag_with_minio_s3.py
[2024-08-14 19:14:07,855] {logging_mixin.py:104} INFO - [2024-08-14 19:14:07,855] {dag.py:1818} INFO - Sync 1 DAGs
[2024-08-14 19:14:07,878] {logging_mixin.py:104} INFO - [2024-08-14 19:14:07,878] {dag.py:2273} INFO - Setting next_dagrun for dag_with_minio_s3_v02 to 2022-03-14 00:00:00+00:00
[2024-08-14 19:14:07,887] {scheduler_job.py:190} INFO - Processing /opt/airflow/dags/dag_with_minio_s3.py took 0.244 seconds
[2024-08-14 19:14:18,585] {scheduler_job.py:182} INFO - Started process (PID=1815) to work on /opt/airflow/dags/dag_with_minio_s3.py
[2024-08-14 19:14:18,589] {scheduler_job.py:629} INFO - Processing file /opt/airflow/dags/dag_with_minio_s3.py for tasks to queue
[2024-08-14 19:14:18,592] {logging_mixin.py:104} INFO - [2024-08-14 19:14:18,591] {dagbag.py:448} INFO - Filling up the DagBag from /opt/airflow/dags/dag_with_minio_s3.py
[2024-08-14 19:14:18,745] {scheduler_job.py:639} INFO - DAG(s) dict_keys(['dag_with_minio_s3_v02']) retrieved from /opt/airflow/dags/dag_with_minio_s3.py
[2024-08-14 19:14:18,778] {logging_mixin.py:104} INFO - [2024-08-14 19:14:18,777] {dag.py:1818} INFO - Sync 1 DAGs
[2024-08-14 19:14:18,802] {logging_mixin.py:104} INFO - [2024-08-14 19:14:18,802] {dag.py:2273} INFO - Setting next_dagrun for dag_with_minio_s3_v02 to 2022-03-14 00:00:00+00:00
[2024-08-14 19:14:18,813] {scheduler_job.py:190} INFO - Processing /opt/airflow/dags/dag_with_minio_s3.py took 0.233 seconds
[2024-08-14 19:14:29,494] {scheduler_job.py:182} INFO - Started process (PID=1875) to work on /opt/airflow/dags/dag_with_minio_s3.py
[2024-08-14 19:14:29,497] {scheduler_job.py:629} INFO - Processing file /opt/airflow/dags/dag_with_minio_s3.py for tasks to queue
[2024-08-14 19:14:29,498] {logging_mixin.py:104} INFO - [2024-08-14 19:14:29,498] {dagbag.py:448} INFO - Filling up the DagBag from /opt/airflow/dags/dag_with_minio_s3.py
[2024-08-14 19:14:29,617] {scheduler_job.py:639} INFO - DAG(s) dict_keys(['dag_with_minio_s3_v02']) retrieved from /opt/airflow/dags/dag_with_minio_s3.py
[2024-08-14 19:14:29,645] {logging_mixin.py:104} INFO - [2024-08-14 19:14:29,645] {dag.py:1818} INFO - Sync 1 DAGs
[2024-08-14 19:14:29,665] {logging_mixin.py:104} INFO - [2024-08-14 19:14:29,664] {dag.py:2273} INFO - Setting next_dagrun for dag_with_minio_s3_v02 to 2022-03-14 00:00:00+00:00
[2024-08-14 19:14:29,673] {scheduler_job.py:190} INFO - Processing /opt/airflow/dags/dag_with_minio_s3.py took 0.185 seconds
[2024-08-14 19:14:40,221] {scheduler_job.py:182} INFO - Started process (PID=1935) to work on /opt/airflow/dags/dag_with_minio_s3.py
[2024-08-14 19:14:40,223] {scheduler_job.py:629} INFO - Processing file /opt/airflow/dags/dag_with_minio_s3.py for tasks to queue
[2024-08-14 19:14:40,225] {logging_mixin.py:104} INFO - [2024-08-14 19:14:40,225] {dagbag.py:448} INFO - Filling up the DagBag from /opt/airflow/dags/dag_with_minio_s3.py
[2024-08-14 19:14:40,365] {scheduler_job.py:639} INFO - DAG(s) dict_keys(['dag_with_minio_s3_v02']) retrieved from /opt/airflow/dags/dag_with_minio_s3.py
[2024-08-14 19:14:40,411] {logging_mixin.py:104} INFO - [2024-08-14 19:14:40,411] {dag.py:1818} INFO - Sync 1 DAGs
[2024-08-14 19:14:40,437] {logging_mixin.py:104} INFO - [2024-08-14 19:14:40,437] {dag.py:2273} INFO - Setting next_dagrun for dag_with_minio_s3_v02 to 2022-03-14 00:00:00+00:00
[2024-08-14 19:14:40,448] {scheduler_job.py:190} INFO - Processing /opt/airflow/dags/dag_with_minio_s3.py took 0.232 seconds
[2024-08-14 19:14:51,014] {scheduler_job.py:182} INFO - Started process (PID=1995) to work on /opt/airflow/dags/dag_with_minio_s3.py
[2024-08-14 19:14:51,016] {scheduler_job.py:629} INFO - Processing file /opt/airflow/dags/dag_with_minio_s3.py for tasks to queue
[2024-08-14 19:14:51,018] {logging_mixin.py:104} INFO - [2024-08-14 19:14:51,018] {dagbag.py:448} INFO - Filling up the DagBag from /opt/airflow/dags/dag_with_minio_s3.py
[2024-08-14 19:14:51,143] {scheduler_job.py:639} INFO - DAG(s) dict_keys(['dag_with_minio_s3_v02']) retrieved from /opt/airflow/dags/dag_with_minio_s3.py
[2024-08-14 19:14:51,174] {logging_mixin.py:104} INFO - [2024-08-14 19:14:51,174] {dag.py:1818} INFO - Sync 1 DAGs
[2024-08-14 19:14:51,195] {logging_mixin.py:104} INFO - [2024-08-14 19:14:51,195] {dag.py:2273} INFO - Setting next_dagrun for dag_with_minio_s3_v02 to 2022-03-14 00:00:00+00:00
[2024-08-14 19:14:51,204] {scheduler_job.py:190} INFO - Processing /opt/airflow/dags/dag_with_minio_s3.py took 0.196 seconds
[2024-08-14 19:15:01,808] {scheduler_job.py:182} INFO - Started process (PID=2055) to work on /opt/airflow/dags/dag_with_minio_s3.py
[2024-08-14 19:15:01,810] {scheduler_job.py:629} INFO - Processing file /opt/airflow/dags/dag_with_minio_s3.py for tasks to queue
[2024-08-14 19:15:01,812] {logging_mixin.py:104} INFO - [2024-08-14 19:15:01,812] {dagbag.py:448} INFO - Filling up the DagBag from /opt/airflow/dags/dag_with_minio_s3.py
[2024-08-14 19:15:01,953] {scheduler_job.py:639} INFO - DAG(s) dict_keys(['dag_with_minio_s3_v02']) retrieved from /opt/airflow/dags/dag_with_minio_s3.py
[2024-08-14 19:15:01,983] {logging_mixin.py:104} INFO - [2024-08-14 19:15:01,983] {dag.py:1818} INFO - Sync 1 DAGs
[2024-08-14 19:15:02,004] {logging_mixin.py:104} INFO - [2024-08-14 19:15:02,003] {dag.py:2273} INFO - Setting next_dagrun for dag_with_minio_s3_v02 to 2022-03-14 00:00:00+00:00
[2024-08-14 19:15:02,013] {scheduler_job.py:190} INFO - Processing /opt/airflow/dags/dag_with_minio_s3.py took 0.212 seconds
[2024-08-14 19:15:12,552] {scheduler_job.py:182} INFO - Started process (PID=2115) to work on /opt/airflow/dags/dag_with_minio_s3.py
[2024-08-14 19:15:12,554] {scheduler_job.py:629} INFO - Processing file /opt/airflow/dags/dag_with_minio_s3.py for tasks to queue
[2024-08-14 19:15:12,556] {logging_mixin.py:104} INFO - [2024-08-14 19:15:12,556] {dagbag.py:448} INFO - Filling up the DagBag from /opt/airflow/dags/dag_with_minio_s3.py
[2024-08-14 19:15:12,686] {scheduler_job.py:639} INFO - DAG(s) dict_keys(['dag_with_minio_s3_v02']) retrieved from /opt/airflow/dags/dag_with_minio_s3.py
[2024-08-14 19:15:12,718] {logging_mixin.py:104} INFO - [2024-08-14 19:15:12,718] {dag.py:1818} INFO - Sync 1 DAGs
[2024-08-14 19:15:12,740] {logging_mixin.py:104} INFO - [2024-08-14 19:15:12,740] {dag.py:2273} INFO - Setting next_dagrun for dag_with_minio_s3_v02 to 2022-03-14 00:00:00+00:00
[2024-08-14 19:15:12,750] {scheduler_job.py:190} INFO - Processing /opt/airflow/dags/dag_with_minio_s3.py took 0.203 seconds
[2024-08-14 19:15:23,270] {scheduler_job.py:182} INFO - Started process (PID=2175) to work on /opt/airflow/dags/dag_with_minio_s3.py
[2024-08-14 19:15:23,273] {scheduler_job.py:629} INFO - Processing file /opt/airflow/dags/dag_with_minio_s3.py for tasks to queue
[2024-08-14 19:15:23,274] {logging_mixin.py:104} INFO - [2024-08-14 19:15:23,274] {dagbag.py:448} INFO - Filling up the DagBag from /opt/airflow/dags/dag_with_minio_s3.py
[2024-08-14 19:15:23,389] {scheduler_job.py:639} INFO - DAG(s) dict_keys(['dag_with_minio_s3_v02']) retrieved from /opt/airflow/dags/dag_with_minio_s3.py
[2024-08-14 19:15:23,418] {logging_mixin.py:104} INFO - [2024-08-14 19:15:23,418] {dag.py:1818} INFO - Sync 1 DAGs
[2024-08-14 19:15:23,438] {logging_mixin.py:104} INFO - [2024-08-14 19:15:23,438] {dag.py:2273} INFO - Setting next_dagrun for dag_with_minio_s3_v02 to 2022-03-14 00:00:00+00:00
[2024-08-14 19:15:23,448] {scheduler_job.py:190} INFO - Processing /opt/airflow/dags/dag_with_minio_s3.py took 0.183 seconds
[2024-08-14 19:15:34,025] {scheduler_job.py:182} INFO - Started process (PID=2235) to work on /opt/airflow/dags/dag_with_minio_s3.py
[2024-08-14 19:15:34,027] {scheduler_job.py:629} INFO - Processing file /opt/airflow/dags/dag_with_minio_s3.py for tasks to queue
[2024-08-14 19:15:34,029] {logging_mixin.py:104} INFO - [2024-08-14 19:15:34,029] {dagbag.py:448} INFO - Filling up the DagBag from /opt/airflow/dags/dag_with_minio_s3.py
[2024-08-14 19:15:34,144] {scheduler_job.py:639} INFO - DAG(s) dict_keys(['dag_with_minio_s3_v02']) retrieved from /opt/airflow/dags/dag_with_minio_s3.py
[2024-08-14 19:15:34,174] {logging_mixin.py:104} INFO - [2024-08-14 19:15:34,174] {dag.py:1818} INFO - Sync 1 DAGs
[2024-08-14 19:15:34,193] {logging_mixin.py:104} INFO - [2024-08-14 19:15:34,193] {dag.py:2273} INFO - Setting next_dagrun for dag_with_minio_s3_v02 to 2022-03-14 00:00:00+00:00
[2024-08-14 19:15:34,202] {scheduler_job.py:190} INFO - Processing /opt/airflow/dags/dag_with_minio_s3.py took 0.182 seconds
[2024-08-14 19:15:44,749] {scheduler_job.py:182} INFO - Started process (PID=2295) to work on /opt/airflow/dags/dag_with_minio_s3.py
[2024-08-14 19:15:44,752] {scheduler_job.py:629} INFO - Processing file /opt/airflow/dags/dag_with_minio_s3.py for tasks to queue
[2024-08-14 19:15:44,754] {logging_mixin.py:104} INFO - [2024-08-14 19:15:44,754] {dagbag.py:448} INFO - Filling up the DagBag from /opt/airflow/dags/dag_with_minio_s3.py
[2024-08-14 19:15:44,915] {scheduler_job.py:639} INFO - DAG(s) dict_keys(['dag_with_minio_s3_v02']) retrieved from /opt/airflow/dags/dag_with_minio_s3.py
[2024-08-14 19:15:44,950] {logging_mixin.py:104} INFO - [2024-08-14 19:15:44,950] {dag.py:1818} INFO - Sync 1 DAGs
[2024-08-14 19:15:44,974] {logging_mixin.py:104} INFO - [2024-08-14 19:15:44,974] {dag.py:2273} INFO - Setting next_dagrun for dag_with_minio_s3_v02 to 2022-03-14 00:00:00+00:00
[2024-08-14 19:15:44,986] {scheduler_job.py:190} INFO - Processing /opt/airflow/dags/dag_with_minio_s3.py took 0.243 seconds
[2024-08-14 19:15:55,606] {scheduler_job.py:182} INFO - Started process (PID=2355) to work on /opt/airflow/dags/dag_with_minio_s3.py
[2024-08-14 19:15:55,609] {scheduler_job.py:629} INFO - Processing file /opt/airflow/dags/dag_with_minio_s3.py for tasks to queue
[2024-08-14 19:15:55,611] {logging_mixin.py:104} INFO - [2024-08-14 19:15:55,611] {dagbag.py:448} INFO - Filling up the DagBag from /opt/airflow/dags/dag_with_minio_s3.py
[2024-08-14 19:15:55,748] {scheduler_job.py:639} INFO - DAG(s) dict_keys(['dag_with_minio_s3_v02']) retrieved from /opt/airflow/dags/dag_with_minio_s3.py
[2024-08-14 19:15:55,788] {logging_mixin.py:104} INFO - [2024-08-14 19:15:55,787] {dag.py:1818} INFO - Sync 1 DAGs
[2024-08-14 19:15:55,823] {logging_mixin.py:104} INFO - [2024-08-14 19:15:55,822] {dag.py:2273} INFO - Setting next_dagrun for dag_with_minio_s3_v02 to 2022-03-14 00:00:00+00:00
[2024-08-14 19:15:55,842] {scheduler_job.py:190} INFO - Processing /opt/airflow/dags/dag_with_minio_s3.py took 0.241 seconds
[2024-08-14 19:16:06,497] {scheduler_job.py:182} INFO - Started process (PID=2415) to work on /opt/airflow/dags/dag_with_minio_s3.py
[2024-08-14 19:16:06,507] {scheduler_job.py:629} INFO - Processing file /opt/airflow/dags/dag_with_minio_s3.py for tasks to queue
[2024-08-14 19:16:06,510] {logging_mixin.py:104} INFO - [2024-08-14 19:16:06,509] {dagbag.py:448} INFO - Filling up the DagBag from /opt/airflow/dags/dag_with_minio_s3.py
[2024-08-14 19:16:06,753] {scheduler_job.py:639} INFO - DAG(s) dict_keys(['dag_with_minio_s3_v02']) retrieved from /opt/airflow/dags/dag_with_minio_s3.py
[2024-08-14 19:16:06,799] {logging_mixin.py:104} INFO - [2024-08-14 19:16:06,799] {dag.py:1818} INFO - Sync 1 DAGs
[2024-08-14 19:16:06,821] {logging_mixin.py:104} INFO - [2024-08-14 19:16:06,821] {dag.py:2273} INFO - Setting next_dagrun for dag_with_minio_s3_v02 to 2022-03-14 00:00:00+00:00
[2024-08-14 19:16:06,830] {scheduler_job.py:190} INFO - Processing /opt/airflow/dags/dag_with_minio_s3.py took 0.338 seconds
[2024-08-14 19:16:17,421] {scheduler_job.py:182} INFO - Started process (PID=2475) to work on /opt/airflow/dags/dag_with_minio_s3.py
[2024-08-14 19:16:17,424] {scheduler_job.py:629} INFO - Processing file /opt/airflow/dags/dag_with_minio_s3.py for tasks to queue
[2024-08-14 19:16:17,426] {logging_mixin.py:104} INFO - [2024-08-14 19:16:17,426] {dagbag.py:448} INFO - Filling up the DagBag from /opt/airflow/dags/dag_with_minio_s3.py
[2024-08-14 19:16:17,544] {scheduler_job.py:639} INFO - DAG(s) dict_keys(['dag_with_minio_s3_v02']) retrieved from /opt/airflow/dags/dag_with_minio_s3.py
[2024-08-14 19:16:17,573] {logging_mixin.py:104} INFO - [2024-08-14 19:16:17,572] {dag.py:1818} INFO - Sync 1 DAGs
[2024-08-14 19:16:17,594] {logging_mixin.py:104} INFO - [2024-08-14 19:16:17,594] {dag.py:2273} INFO - Setting next_dagrun for dag_with_minio_s3_v02 to 2022-03-14 00:00:00+00:00
[2024-08-14 19:16:17,605] {scheduler_job.py:190} INFO - Processing /opt/airflow/dags/dag_with_minio_s3.py took 0.189 seconds
[2024-08-14 19:16:28,177] {scheduler_job.py:182} INFO - Started process (PID=2535) to work on /opt/airflow/dags/dag_with_minio_s3.py
[2024-08-14 19:16:28,181] {scheduler_job.py:629} INFO - Processing file /opt/airflow/dags/dag_with_minio_s3.py for tasks to queue
[2024-08-14 19:16:28,183] {logging_mixin.py:104} INFO - [2024-08-14 19:16:28,183] {dagbag.py:448} INFO - Filling up the DagBag from /opt/airflow/dags/dag_with_minio_s3.py
[2024-08-14 19:16:28,305] {scheduler_job.py:639} INFO - DAG(s) dict_keys(['dag_with_minio_s3_v02']) retrieved from /opt/airflow/dags/dag_with_minio_s3.py
[2024-08-14 19:16:28,333] {logging_mixin.py:104} INFO - [2024-08-14 19:16:28,333] {dag.py:1818} INFO - Sync 1 DAGs
[2024-08-14 19:16:28,351] {logging_mixin.py:104} INFO - [2024-08-14 19:16:28,351] {dag.py:2273} INFO - Setting next_dagrun for dag_with_minio_s3_v02 to 2022-03-14 00:00:00+00:00
[2024-08-14 19:16:28,360] {scheduler_job.py:190} INFO - Processing /opt/airflow/dags/dag_with_minio_s3.py took 0.190 seconds
[2024-08-14 19:16:38,870] {scheduler_job.py:182} INFO - Started process (PID=2595) to work on /opt/airflow/dags/dag_with_minio_s3.py
[2024-08-14 19:16:38,872] {scheduler_job.py:629} INFO - Processing file /opt/airflow/dags/dag_with_minio_s3.py for tasks to queue
[2024-08-14 19:16:38,874] {logging_mixin.py:104} INFO - [2024-08-14 19:16:38,874] {dagbag.py:448} INFO - Filling up the DagBag from /opt/airflow/dags/dag_with_minio_s3.py
[2024-08-14 19:16:38,993] {scheduler_job.py:639} INFO - DAG(s) dict_keys(['dag_with_minio_s3_v02']) retrieved from /opt/airflow/dags/dag_with_minio_s3.py
[2024-08-14 19:16:39,021] {logging_mixin.py:104} INFO - [2024-08-14 19:16:39,021] {dag.py:1818} INFO - Sync 1 DAGs
[2024-08-14 19:16:39,040] {logging_mixin.py:104} INFO - [2024-08-14 19:16:39,040] {dag.py:2273} INFO - Setting next_dagrun for dag_with_minio_s3_v02 to 2022-03-14 00:00:00+00:00
[2024-08-14 19:16:39,050] {scheduler_job.py:190} INFO - Processing /opt/airflow/dags/dag_with_minio_s3.py took 0.185 seconds
[2024-08-14 19:16:49,557] {scheduler_job.py:182} INFO - Started process (PID=2655) to work on /opt/airflow/dags/dag_with_minio_s3.py
[2024-08-14 19:16:49,559] {scheduler_job.py:629} INFO - Processing file /opt/airflow/dags/dag_with_minio_s3.py for tasks to queue
[2024-08-14 19:16:49,561] {logging_mixin.py:104} INFO - [2024-08-14 19:16:49,560] {dagbag.py:448} INFO - Filling up the DagBag from /opt/airflow/dags/dag_with_minio_s3.py
[2024-08-14 19:16:49,676] {scheduler_job.py:639} INFO - DAG(s) dict_keys(['dag_with_minio_s3_v02']) retrieved from /opt/airflow/dags/dag_with_minio_s3.py
[2024-08-14 19:16:49,704] {logging_mixin.py:104} INFO - [2024-08-14 19:16:49,704] {dag.py:1818} INFO - Sync 1 DAGs
[2024-08-14 19:16:49,721] {logging_mixin.py:104} INFO - [2024-08-14 19:16:49,721] {dag.py:2273} INFO - Setting next_dagrun for dag_with_minio_s3_v02 to 2022-03-14 00:00:00+00:00
[2024-08-14 19:16:49,731] {scheduler_job.py:190} INFO - Processing /opt/airflow/dags/dag_with_minio_s3.py took 0.179 seconds
[2024-08-14 19:17:00,228] {scheduler_job.py:182} INFO - Started process (PID=2715) to work on /opt/airflow/dags/dag_with_minio_s3.py
[2024-08-14 19:17:00,230] {scheduler_job.py:629} INFO - Processing file /opt/airflow/dags/dag_with_minio_s3.py for tasks to queue
[2024-08-14 19:17:00,232] {logging_mixin.py:104} INFO - [2024-08-14 19:17:00,232] {dagbag.py:448} INFO - Filling up the DagBag from /opt/airflow/dags/dag_with_minio_s3.py
[2024-08-14 19:17:00,347] {scheduler_job.py:639} INFO - DAG(s) dict_keys(['dag_with_minio_s3_v02']) retrieved from /opt/airflow/dags/dag_with_minio_s3.py
[2024-08-14 19:17:00,375] {logging_mixin.py:104} INFO - [2024-08-14 19:17:00,375] {dag.py:1818} INFO - Sync 1 DAGs
[2024-08-14 19:17:00,393] {logging_mixin.py:104} INFO - [2024-08-14 19:17:00,393] {dag.py:2273} INFO - Setting next_dagrun for dag_with_minio_s3_v02 to 2022-03-14 00:00:00+00:00
[2024-08-14 19:17:00,402] {scheduler_job.py:190} INFO - Processing /opt/airflow/dags/dag_with_minio_s3.py took 0.179 seconds
[2024-08-14 19:17:10,920] {scheduler_job.py:182} INFO - Started process (PID=2775) to work on /opt/airflow/dags/dag_with_minio_s3.py
[2024-08-14 19:17:10,922] {scheduler_job.py:629} INFO - Processing file /opt/airflow/dags/dag_with_minio_s3.py for tasks to queue
[2024-08-14 19:17:10,923] {logging_mixin.py:104} INFO - [2024-08-14 19:17:10,923] {dagbag.py:448} INFO - Filling up the DagBag from /opt/airflow/dags/dag_with_minio_s3.py
[2024-08-14 19:17:11,043] {scheduler_job.py:639} INFO - DAG(s) dict_keys(['dag_with_minio_s3_v02']) retrieved from /opt/airflow/dags/dag_with_minio_s3.py
[2024-08-14 19:17:11,075] {logging_mixin.py:104} INFO - [2024-08-14 19:17:11,074] {dag.py:1818} INFO - Sync 1 DAGs
[2024-08-14 19:17:11,094] {logging_mixin.py:104} INFO - [2024-08-14 19:17:11,093] {dag.py:2273} INFO - Setting next_dagrun for dag_with_minio_s3_v02 to 2022-03-14 00:00:00+00:00
[2024-08-14 19:17:11,103] {scheduler_job.py:190} INFO - Processing /opt/airflow/dags/dag_with_minio_s3.py took 0.188 seconds
[2024-08-14 19:17:21,625] {scheduler_job.py:182} INFO - Started process (PID=2835) to work on /opt/airflow/dags/dag_with_minio_s3.py
[2024-08-14 19:17:21,628] {scheduler_job.py:629} INFO - Processing file /opt/airflow/dags/dag_with_minio_s3.py for tasks to queue
[2024-08-14 19:17:21,629] {logging_mixin.py:104} INFO - [2024-08-14 19:17:21,629] {dagbag.py:448} INFO - Filling up the DagBag from /opt/airflow/dags/dag_with_minio_s3.py
[2024-08-14 19:17:21,762] {scheduler_job.py:639} INFO - DAG(s) dict_keys(['dag_with_minio_s3_v02']) retrieved from /opt/airflow/dags/dag_with_minio_s3.py
[2024-08-14 19:17:21,790] {logging_mixin.py:104} INFO - [2024-08-14 19:17:21,790] {dag.py:1818} INFO - Sync 1 DAGs
[2024-08-14 19:17:21,809] {logging_mixin.py:104} INFO - [2024-08-14 19:17:21,809] {dag.py:2273} INFO - Setting next_dagrun for dag_with_minio_s3_v02 to 2022-03-14 00:00:00+00:00
[2024-08-14 19:17:21,818] {scheduler_job.py:190} INFO - Processing /opt/airflow/dags/dag_with_minio_s3.py took 0.199 seconds
[2024-08-14 19:17:32,337] {scheduler_job.py:182} INFO - Started process (PID=2895) to work on /opt/airflow/dags/dag_with_minio_s3.py
[2024-08-14 19:17:32,339] {scheduler_job.py:629} INFO - Processing file /opt/airflow/dags/dag_with_minio_s3.py for tasks to queue
[2024-08-14 19:17:32,341] {logging_mixin.py:104} INFO - [2024-08-14 19:17:32,341] {dagbag.py:448} INFO - Filling up the DagBag from /opt/airflow/dags/dag_with_minio_s3.py
[2024-08-14 19:17:32,460] {scheduler_job.py:639} INFO - DAG(s) dict_keys(['dag_with_minio_s3_v02']) retrieved from /opt/airflow/dags/dag_with_minio_s3.py
[2024-08-14 19:17:32,488] {logging_mixin.py:104} INFO - [2024-08-14 19:17:32,488] {dag.py:1818} INFO - Sync 1 DAGs
[2024-08-14 19:17:32,507] {logging_mixin.py:104} INFO - [2024-08-14 19:17:32,507] {dag.py:2273} INFO - Setting next_dagrun for dag_with_minio_s3_v02 to 2022-03-14 00:00:00+00:00
[2024-08-14 19:17:32,516] {scheduler_job.py:190} INFO - Processing /opt/airflow/dags/dag_with_minio_s3.py took 0.185 seconds
[2024-08-14 19:17:43,062] {scheduler_job.py:182} INFO - Started process (PID=2955) to work on /opt/airflow/dags/dag_with_minio_s3.py
[2024-08-14 19:17:43,064] {scheduler_job.py:629} INFO - Processing file /opt/airflow/dags/dag_with_minio_s3.py for tasks to queue
[2024-08-14 19:17:43,066] {logging_mixin.py:104} INFO - [2024-08-14 19:17:43,066] {dagbag.py:448} INFO - Filling up the DagBag from /opt/airflow/dags/dag_with_minio_s3.py
[2024-08-14 19:17:43,186] {scheduler_job.py:639} INFO - DAG(s) dict_keys(['dag_with_minio_s3_v02']) retrieved from /opt/airflow/dags/dag_with_minio_s3.py
[2024-08-14 19:17:43,214] {logging_mixin.py:104} INFO - [2024-08-14 19:17:43,214] {dag.py:1818} INFO - Sync 1 DAGs
[2024-08-14 19:17:43,236] {logging_mixin.py:104} INFO - [2024-08-14 19:17:43,236] {dag.py:2273} INFO - Setting next_dagrun for dag_with_minio_s3_v02 to 2022-03-14 00:00:00+00:00
[2024-08-14 19:17:43,248] {scheduler_job.py:190} INFO - Processing /opt/airflow/dags/dag_with_minio_s3.py took 0.191 seconds
[2024-08-14 19:17:53,894] {scheduler_job.py:182} INFO - Started process (PID=3015) to work on /opt/airflow/dags/dag_with_minio_s3.py
[2024-08-14 19:17:53,897] {scheduler_job.py:629} INFO - Processing file /opt/airflow/dags/dag_with_minio_s3.py for tasks to queue
[2024-08-14 19:17:53,898] {logging_mixin.py:104} INFO - [2024-08-14 19:17:53,898] {dagbag.py:448} INFO - Filling up the DagBag from /opt/airflow/dags/dag_with_minio_s3.py
[2024-08-14 19:17:54,017] {scheduler_job.py:639} INFO - DAG(s) dict_keys(['dag_with_minio_s3_v02']) retrieved from /opt/airflow/dags/dag_with_minio_s3.py
[2024-08-14 19:17:54,046] {logging_mixin.py:104} INFO - [2024-08-14 19:17:54,046] {dag.py:1818} INFO - Sync 1 DAGs
[2024-08-14 19:17:54,065] {logging_mixin.py:104} INFO - [2024-08-14 19:17:54,065] {dag.py:2273} INFO - Setting next_dagrun for dag_with_minio_s3_v02 to 2022-03-14 00:00:00+00:00
[2024-08-14 19:17:54,075] {scheduler_job.py:190} INFO - Processing /opt/airflow/dags/dag_with_minio_s3.py took 0.185 seconds
[2024-08-14 19:18:04,566] {scheduler_job.py:182} INFO - Started process (PID=3075) to work on /opt/airflow/dags/dag_with_minio_s3.py
[2024-08-14 19:18:04,568] {scheduler_job.py:629} INFO - Processing file /opt/airflow/dags/dag_with_minio_s3.py for tasks to queue
[2024-08-14 19:18:04,570] {logging_mixin.py:104} INFO - [2024-08-14 19:18:04,570] {dagbag.py:448} INFO - Filling up the DagBag from /opt/airflow/dags/dag_with_minio_s3.py
[2024-08-14 19:18:04,685] {scheduler_job.py:639} INFO - DAG(s) dict_keys(['dag_with_minio_s3_v02']) retrieved from /opt/airflow/dags/dag_with_minio_s3.py
[2024-08-14 19:18:04,715] {logging_mixin.py:104} INFO - [2024-08-14 19:18:04,715] {dag.py:1818} INFO - Sync 1 DAGs
[2024-08-14 19:18:04,734] {logging_mixin.py:104} INFO - [2024-08-14 19:18:04,734] {dag.py:2273} INFO - Setting next_dagrun for dag_with_minio_s3_v02 to 2022-03-14 00:00:00+00:00
[2024-08-14 19:18:04,743] {scheduler_job.py:190} INFO - Processing /opt/airflow/dags/dag_with_minio_s3.py took 0.182 seconds
[2024-08-14 19:18:15,315] {scheduler_job.py:182} INFO - Started process (PID=3135) to work on /opt/airflow/dags/dag_with_minio_s3.py
[2024-08-14 19:18:15,317] {scheduler_job.py:629} INFO - Processing file /opt/airflow/dags/dag_with_minio_s3.py for tasks to queue
[2024-08-14 19:18:15,318] {logging_mixin.py:104} INFO - [2024-08-14 19:18:15,318] {dagbag.py:448} INFO - Filling up the DagBag from /opt/airflow/dags/dag_with_minio_s3.py
[2024-08-14 19:18:15,476] {scheduler_job.py:639} INFO - DAG(s) dict_keys(['dag_with_minio_s3_v02']) retrieved from /opt/airflow/dags/dag_with_minio_s3.py
[2024-08-14 19:18:15,506] {logging_mixin.py:104} INFO - [2024-08-14 19:18:15,506] {dag.py:1818} INFO - Sync 1 DAGs
[2024-08-14 19:18:15,524] {logging_mixin.py:104} INFO - [2024-08-14 19:18:15,524] {dag.py:2273} INFO - Setting next_dagrun for dag_with_minio_s3_v02 to 2022-03-14 00:00:00+00:00
[2024-08-14 19:18:15,533] {scheduler_job.py:190} INFO - Processing /opt/airflow/dags/dag_with_minio_s3.py took 0.223 seconds
[2024-08-14 19:18:26,114] {scheduler_job.py:182} INFO - Started process (PID=3195) to work on /opt/airflow/dags/dag_with_minio_s3.py
[2024-08-14 19:18:26,116] {scheduler_job.py:629} INFO - Processing file /opt/airflow/dags/dag_with_minio_s3.py for tasks to queue
[2024-08-14 19:18:26,117] {logging_mixin.py:104} INFO - [2024-08-14 19:18:26,117] {dagbag.py:448} INFO - Filling up the DagBag from /opt/airflow/dags/dag_with_minio_s3.py
[2024-08-14 19:18:26,234] {scheduler_job.py:639} INFO - DAG(s) dict_keys(['dag_with_minio_s3_v02']) retrieved from /opt/airflow/dags/dag_with_minio_s3.py
[2024-08-14 19:18:26,263] {logging_mixin.py:104} INFO - [2024-08-14 19:18:26,263] {dag.py:1818} INFO - Sync 1 DAGs
[2024-08-14 19:18:26,283] {logging_mixin.py:104} INFO - [2024-08-14 19:18:26,283] {dag.py:2273} INFO - Setting next_dagrun for dag_with_minio_s3_v02 to 2022-03-14 00:00:00+00:00
[2024-08-14 19:18:26,293] {scheduler_job.py:190} INFO - Processing /opt/airflow/dags/dag_with_minio_s3.py took 0.184 seconds
[2024-08-14 19:18:36,874] {scheduler_job.py:182} INFO - Started process (PID=3255) to work on /opt/airflow/dags/dag_with_minio_s3.py
[2024-08-14 19:18:36,876] {scheduler_job.py:629} INFO - Processing file /opt/airflow/dags/dag_with_minio_s3.py for tasks to queue
[2024-08-14 19:18:36,878] {logging_mixin.py:104} INFO - [2024-08-14 19:18:36,877] {dagbag.py:448} INFO - Filling up the DagBag from /opt/airflow/dags/dag_with_minio_s3.py
[2024-08-14 19:18:37,000] {scheduler_job.py:639} INFO - DAG(s) dict_keys(['dag_with_minio_s3_v02']) retrieved from /opt/airflow/dags/dag_with_minio_s3.py
[2024-08-14 19:18:37,027] {logging_mixin.py:104} INFO - [2024-08-14 19:18:37,027] {dag.py:1818} INFO - Sync 1 DAGs
[2024-08-14 19:18:37,045] {logging_mixin.py:104} INFO - [2024-08-14 19:18:37,045] {dag.py:2273} INFO - Setting next_dagrun for dag_with_minio_s3_v02 to 2022-03-14 00:00:00+00:00
[2024-08-14 19:18:37,054] {scheduler_job.py:190} INFO - Processing /opt/airflow/dags/dag_with_minio_s3.py took 0.185 seconds
[2024-08-14 19:18:47,580] {scheduler_job.py:182} INFO - Started process (PID=3315) to work on /opt/airflow/dags/dag_with_minio_s3.py
[2024-08-14 19:18:47,583] {scheduler_job.py:629} INFO - Processing file /opt/airflow/dags/dag_with_minio_s3.py for tasks to queue
[2024-08-14 19:18:47,584] {logging_mixin.py:104} INFO - [2024-08-14 19:18:47,584] {dagbag.py:448} INFO - Filling up the DagBag from /opt/airflow/dags/dag_with_minio_s3.py
[2024-08-14 19:18:47,711] {scheduler_job.py:639} INFO - DAG(s) dict_keys(['dag_with_minio_s3_v02']) retrieved from /opt/airflow/dags/dag_with_minio_s3.py
[2024-08-14 19:18:47,741] {logging_mixin.py:104} INFO - [2024-08-14 19:18:47,741] {dag.py:1818} INFO - Sync 1 DAGs
[2024-08-14 19:18:47,761] {logging_mixin.py:104} INFO - [2024-08-14 19:18:47,761] {dag.py:2273} INFO - Setting next_dagrun for dag_with_minio_s3_v02 to 2022-03-14 00:00:00+00:00
[2024-08-14 19:18:47,773] {scheduler_job.py:190} INFO - Processing /opt/airflow/dags/dag_with_minio_s3.py took 0.200 seconds
[2024-08-14 19:19:07,310] {scheduler_job.py:182} INFO - Started process (PID=3375) to work on /opt/airflow/dags/dag_with_minio_s3.py
[2024-08-14 19:19:07,312] {scheduler_job.py:629} INFO - Processing file /opt/airflow/dags/dag_with_minio_s3.py for tasks to queue
[2024-08-14 19:19:07,314] {logging_mixin.py:104} INFO - [2024-08-14 19:19:07,313] {dagbag.py:448} INFO - Filling up the DagBag from /opt/airflow/dags/dag_with_minio_s3.py
[2024-08-14 19:19:07,427] {scheduler_job.py:639} INFO - DAG(s) dict_keys(['dag_with_minio_s3_v02']) retrieved from /opt/airflow/dags/dag_with_minio_s3.py
[2024-08-14 19:19:07,456] {logging_mixin.py:104} INFO - [2024-08-14 19:19:07,455] {dag.py:1818} INFO - Sync 1 DAGs
[2024-08-14 19:19:07,474] {logging_mixin.py:104} INFO - [2024-08-14 19:19:07,474] {dag.py:2273} INFO - Setting next_dagrun for dag_with_minio_s3_v02 to 2022-03-14 00:00:00+00:00
[2024-08-14 19:19:07,486] {scheduler_job.py:190} INFO - Processing /opt/airflow/dags/dag_with_minio_s3.py took 0.180 seconds
[2024-08-14 19:19:18,249] {scheduler_job.py:182} INFO - Started process (PID=3435) to work on /opt/airflow/dags/dag_with_minio_s3.py
[2024-08-14 19:19:18,252] {scheduler_job.py:629} INFO - Processing file /opt/airflow/dags/dag_with_minio_s3.py for tasks to queue
[2024-08-14 19:19:18,253] {logging_mixin.py:104} INFO - [2024-08-14 19:19:18,253] {dagbag.py:448} INFO - Filling up the DagBag from /opt/airflow/dags/dag_with_minio_s3.py
[2024-08-14 19:19:18,374] {scheduler_job.py:639} INFO - DAG(s) dict_keys(['dag_with_minio_s3_v02']) retrieved from /opt/airflow/dags/dag_with_minio_s3.py
[2024-08-14 19:19:18,403] {logging_mixin.py:104} INFO - [2024-08-14 19:19:18,403] {dag.py:1818} INFO - Sync 1 DAGs
[2024-08-14 19:19:18,423] {logging_mixin.py:104} INFO - [2024-08-14 19:19:18,423] {dag.py:2273} INFO - Setting next_dagrun for dag_with_minio_s3_v02 to 2022-03-14 00:00:00+00:00
[2024-08-14 19:19:18,432] {scheduler_job.py:190} INFO - Processing /opt/airflow/dags/dag_with_minio_s3.py took 0.188 seconds
[2024-08-14 19:19:28,958] {scheduler_job.py:182} INFO - Started process (PID=3495) to work on /opt/airflow/dags/dag_with_minio_s3.py
[2024-08-14 19:19:28,960] {scheduler_job.py:629} INFO - Processing file /opt/airflow/dags/dag_with_minio_s3.py for tasks to queue
[2024-08-14 19:19:28,962] {logging_mixin.py:104} INFO - [2024-08-14 19:19:28,962] {dagbag.py:448} INFO - Filling up the DagBag from /opt/airflow/dags/dag_with_minio_s3.py
[2024-08-14 19:19:29,084] {scheduler_job.py:639} INFO - DAG(s) dict_keys(['dag_with_minio_s3_v02']) retrieved from /opt/airflow/dags/dag_with_minio_s3.py
[2024-08-14 19:19:29,114] {logging_mixin.py:104} INFO - [2024-08-14 19:19:29,114] {dag.py:1818} INFO - Sync 1 DAGs
[2024-08-14 19:19:29,135] {logging_mixin.py:104} INFO - [2024-08-14 19:19:29,135] {dag.py:2273} INFO - Setting next_dagrun for dag_with_minio_s3_v02 to 2022-03-14 00:00:00+00:00
[2024-08-14 19:19:29,145] {scheduler_job.py:190} INFO - Processing /opt/airflow/dags/dag_with_minio_s3.py took 0.193 seconds
[2024-08-14 19:23:03,072] {scheduler_job.py:182} INFO - Started process (PID=3555) to work on /opt/airflow/dags/dag_with_minio_s3.py
[2024-08-14 19:23:03,075] {scheduler_job.py:629} INFO - Processing file /opt/airflow/dags/dag_with_minio_s3.py for tasks to queue
[2024-08-14 19:23:03,078] {logging_mixin.py:104} INFO - [2024-08-14 19:23:03,077] {dagbag.py:448} INFO - Filling up the DagBag from /opt/airflow/dags/dag_with_minio_s3.py
[2024-08-14 19:23:03,243] {scheduler_job.py:639} INFO - DAG(s) dict_keys(['dag_with_minio_s3_v02']) retrieved from /opt/airflow/dags/dag_with_minio_s3.py
[2024-08-14 19:23:03,274] {logging_mixin.py:104} INFO - [2024-08-14 19:23:03,274] {dag.py:1818} INFO - Sync 1 DAGs
[2024-08-14 19:23:03,296] {logging_mixin.py:104} INFO - [2024-08-14 19:23:03,295] {dag.py:2273} INFO - Setting next_dagrun for dag_with_minio_s3_v02 to 2022-03-14 00:00:00+00:00
[2024-08-14 19:23:03,306] {scheduler_job.py:190} INFO - Processing /opt/airflow/dags/dag_with_minio_s3.py took 0.240 seconds
[2024-08-14 19:23:13,755] {scheduler_job.py:182} INFO - Started process (PID=3615) to work on /opt/airflow/dags/dag_with_minio_s3.py
[2024-08-14 19:23:13,758] {scheduler_job.py:629} INFO - Processing file /opt/airflow/dags/dag_with_minio_s3.py for tasks to queue
[2024-08-14 19:23:13,760] {logging_mixin.py:104} INFO - [2024-08-14 19:23:13,760] {dagbag.py:448} INFO - Filling up the DagBag from /opt/airflow/dags/dag_with_minio_s3.py
[2024-08-14 19:23:13,941] {scheduler_job.py:639} INFO - DAG(s) dict_keys(['dag_with_minio_s3_v02']) retrieved from /opt/airflow/dags/dag_with_minio_s3.py
[2024-08-14 19:23:13,987] {logging_mixin.py:104} INFO - [2024-08-14 19:23:13,986] {dag.py:1818} INFO - Sync 1 DAGs
[2024-08-14 19:23:14,018] {logging_mixin.py:104} INFO - [2024-08-14 19:23:14,018] {dag.py:2273} INFO - Setting next_dagrun for dag_with_minio_s3_v02 to 2022-03-14 00:00:00+00:00
[2024-08-14 19:23:14,030] {scheduler_job.py:190} INFO - Processing /opt/airflow/dags/dag_with_minio_s3.py took 0.281 seconds
[2024-08-14 19:23:25,788] {scheduler_job.py:182} INFO - Started process (PID=3675) to work on /opt/airflow/dags/dag_with_minio_s3.py
[2024-08-14 19:23:25,792] {scheduler_job.py:629} INFO - Processing file /opt/airflow/dags/dag_with_minio_s3.py for tasks to queue
[2024-08-14 19:23:25,795] {logging_mixin.py:104} INFO - [2024-08-14 19:23:25,794] {dagbag.py:448} INFO - Filling up the DagBag from /opt/airflow/dags/dag_with_minio_s3.py
[2024-08-14 19:23:26,141] {scheduler_job.py:639} INFO - DAG(s) dict_keys(['dag_with_minio_s3_v02']) retrieved from /opt/airflow/dags/dag_with_minio_s3.py
[2024-08-14 19:23:26,201] {logging_mixin.py:104} INFO - [2024-08-14 19:23:26,201] {dag.py:1818} INFO - Sync 1 DAGs
[2024-08-14 19:23:26,246] {logging_mixin.py:104} INFO - [2024-08-14 19:23:26,246] {dag.py:2273} INFO - Setting next_dagrun for dag_with_minio_s3_v02 to 2022-03-14 00:00:00+00:00
[2024-08-14 19:23:26,260] {scheduler_job.py:190} INFO - Processing /opt/airflow/dags/dag_with_minio_s3.py took 0.479 seconds
