[2024-08-14 19:09:23,157] {scheduler_job.py:182} INFO - Started process (PID=250) to work on /opt/airflow/dags/dag_with_postgres_operator.py
[2024-08-14 19:09:23,160] {scheduler_job.py:629} INFO - Processing file /opt/airflow/dags/dag_with_postgres_operator.py for tasks to queue
[2024-08-14 19:09:23,162] {logging_mixin.py:104} INFO - [2024-08-14 19:09:23,161] {dagbag.py:448} INFO - Filling up the DagBag from /opt/airflow/dags/dag_with_postgres_operator.py
[2024-08-14 19:09:23,196] {scheduler_job.py:639} INFO - DAG(s) dict_keys(['dag_with_postgres_operator_v03']) retrieved from /opt/airflow/dags/dag_with_postgres_operator.py
[2024-08-14 19:09:23,231] {logging_mixin.py:104} INFO - [2024-08-14 19:09:23,230] {dag.py:1818} INFO - Sync 1 DAGs
[2024-08-14 19:09:23,266] {logging_mixin.py:104} INFO - [2024-08-14 19:09:23,266] {dag.py:2273} INFO - Setting next_dagrun for dag_with_postgres_operator_v03 to 2022-02-05 00:00:00+00:00
[2024-08-14 19:09:23,281] {scheduler_job.py:190} INFO - Processing /opt/airflow/dags/dag_with_postgres_operator.py took 0.132 seconds
[2024-08-14 19:09:34,235] {scheduler_job.py:182} INFO - Started process (PID=310) to work on /opt/airflow/dags/dag_with_postgres_operator.py
[2024-08-14 19:09:34,238] {scheduler_job.py:629} INFO - Processing file /opt/airflow/dags/dag_with_postgres_operator.py for tasks to queue
[2024-08-14 19:09:34,239] {logging_mixin.py:104} INFO - [2024-08-14 19:09:34,239] {dagbag.py:448} INFO - Filling up the DagBag from /opt/airflow/dags/dag_with_postgres_operator.py
[2024-08-14 19:09:34,271] {scheduler_job.py:639} INFO - DAG(s) dict_keys(['dag_with_postgres_operator_v03']) retrieved from /opt/airflow/dags/dag_with_postgres_operator.py
[2024-08-14 19:09:34,311] {logging_mixin.py:104} INFO - [2024-08-14 19:09:34,311] {dag.py:1818} INFO - Sync 1 DAGs
[2024-08-14 19:09:34,340] {logging_mixin.py:104} INFO - [2024-08-14 19:09:34,340] {dag.py:2273} INFO - Setting next_dagrun for dag_with_postgres_operator_v03 to 2022-02-05 00:00:00+00:00
[2024-08-14 19:09:34,354] {scheduler_job.py:190} INFO - Processing /opt/airflow/dags/dag_with_postgres_operator.py took 0.125 seconds
[2024-08-14 19:09:45,225] {scheduler_job.py:182} INFO - Started process (PID=370) to work on /opt/airflow/dags/dag_with_postgres_operator.py
[2024-08-14 19:09:45,229] {scheduler_job.py:629} INFO - Processing file /opt/airflow/dags/dag_with_postgres_operator.py for tasks to queue
[2024-08-14 19:09:45,231] {logging_mixin.py:104} INFO - [2024-08-14 19:09:45,231] {dagbag.py:448} INFO - Filling up the DagBag from /opt/airflow/dags/dag_with_postgres_operator.py
[2024-08-14 19:09:45,264] {scheduler_job.py:639} INFO - DAG(s) dict_keys(['dag_with_postgres_operator_v03']) retrieved from /opt/airflow/dags/dag_with_postgres_operator.py
[2024-08-14 19:09:45,298] {logging_mixin.py:104} INFO - [2024-08-14 19:09:45,297] {dag.py:1818} INFO - Sync 1 DAGs
[2024-08-14 19:09:45,318] {logging_mixin.py:104} INFO - [2024-08-14 19:09:45,318] {dag.py:2273} INFO - Setting next_dagrun for dag_with_postgres_operator_v03 to 2022-02-05 00:00:00+00:00
[2024-08-14 19:09:45,329] {scheduler_job.py:190} INFO - Processing /opt/airflow/dags/dag_with_postgres_operator.py took 0.110 seconds
[2024-08-14 19:09:56,063] {scheduler_job.py:182} INFO - Started process (PID=430) to work on /opt/airflow/dags/dag_with_postgres_operator.py
[2024-08-14 19:09:56,065] {scheduler_job.py:629} INFO - Processing file /opt/airflow/dags/dag_with_postgres_operator.py for tasks to queue
[2024-08-14 19:09:56,066] {logging_mixin.py:104} INFO - [2024-08-14 19:09:56,066] {dagbag.py:448} INFO - Filling up the DagBag from /opt/airflow/dags/dag_with_postgres_operator.py
[2024-08-14 19:09:56,092] {scheduler_job.py:639} INFO - DAG(s) dict_keys(['dag_with_postgres_operator_v03']) retrieved from /opt/airflow/dags/dag_with_postgres_operator.py
[2024-08-14 19:09:56,121] {logging_mixin.py:104} INFO - [2024-08-14 19:09:56,121] {dag.py:1818} INFO - Sync 1 DAGs
[2024-08-14 19:09:56,150] {logging_mixin.py:104} INFO - [2024-08-14 19:09:56,150] {dag.py:2273} INFO - Setting next_dagrun for dag_with_postgres_operator_v03 to 2022-02-05 00:00:00+00:00
[2024-08-14 19:09:56,161] {scheduler_job.py:190} INFO - Processing /opt/airflow/dags/dag_with_postgres_operator.py took 0.103 seconds
[2024-08-14 19:10:07,023] {scheduler_job.py:182} INFO - Started process (PID=492) to work on /opt/airflow/dags/dag_with_postgres_operator.py
[2024-08-14 19:10:07,024] {scheduler_job.py:629} INFO - Processing file /opt/airflow/dags/dag_with_postgres_operator.py for tasks to queue
[2024-08-14 19:10:07,026] {logging_mixin.py:104} INFO - [2024-08-14 19:10:07,026] {dagbag.py:448} INFO - Filling up the DagBag from /opt/airflow/dags/dag_with_postgres_operator.py
[2024-08-14 19:10:07,052] {scheduler_job.py:639} INFO - DAG(s) dict_keys(['dag_with_postgres_operator_v03']) retrieved from /opt/airflow/dags/dag_with_postgres_operator.py
[2024-08-14 19:10:07,086] {logging_mixin.py:104} INFO - [2024-08-14 19:10:07,086] {dag.py:1818} INFO - Sync 1 DAGs
[2024-08-14 19:10:07,110] {logging_mixin.py:104} INFO - [2024-08-14 19:10:07,110] {dag.py:2273} INFO - Setting next_dagrun for dag_with_postgres_operator_v03 to 2022-02-05 00:00:00+00:00
[2024-08-14 19:10:07,121] {scheduler_job.py:190} INFO - Processing /opt/airflow/dags/dag_with_postgres_operator.py took 0.104 seconds
[2024-08-14 19:10:17,749] {scheduler_job.py:182} INFO - Started process (PID=550) to work on /opt/airflow/dags/dag_with_postgres_operator.py
[2024-08-14 19:10:17,751] {scheduler_job.py:629} INFO - Processing file /opt/airflow/dags/dag_with_postgres_operator.py for tasks to queue
[2024-08-14 19:10:17,752] {logging_mixin.py:104} INFO - [2024-08-14 19:10:17,752] {dagbag.py:448} INFO - Filling up the DagBag from /opt/airflow/dags/dag_with_postgres_operator.py
[2024-08-14 19:10:17,776] {scheduler_job.py:639} INFO - DAG(s) dict_keys(['dag_with_postgres_operator_v03']) retrieved from /opt/airflow/dags/dag_with_postgres_operator.py
[2024-08-14 19:10:17,805] {logging_mixin.py:104} INFO - [2024-08-14 19:10:17,805] {dag.py:1818} INFO - Sync 1 DAGs
[2024-08-14 19:10:17,825] {logging_mixin.py:104} INFO - [2024-08-14 19:10:17,825] {dag.py:2273} INFO - Setting next_dagrun for dag_with_postgres_operator_v03 to 2022-02-05 00:00:00+00:00
[2024-08-14 19:10:17,834] {scheduler_job.py:190} INFO - Processing /opt/airflow/dags/dag_with_postgres_operator.py took 0.090 seconds
[2024-08-14 19:10:28,469] {scheduler_job.py:182} INFO - Started process (PID=610) to work on /opt/airflow/dags/dag_with_postgres_operator.py
[2024-08-14 19:10:28,471] {scheduler_job.py:629} INFO - Processing file /opt/airflow/dags/dag_with_postgres_operator.py for tasks to queue
[2024-08-14 19:10:28,472] {logging_mixin.py:104} INFO - [2024-08-14 19:10:28,472] {dagbag.py:448} INFO - Filling up the DagBag from /opt/airflow/dags/dag_with_postgres_operator.py
[2024-08-14 19:10:28,496] {scheduler_job.py:639} INFO - DAG(s) dict_keys(['dag_with_postgres_operator_v03']) retrieved from /opt/airflow/dags/dag_with_postgres_operator.py
[2024-08-14 19:10:28,523] {logging_mixin.py:104} INFO - [2024-08-14 19:10:28,523] {dag.py:1818} INFO - Sync 1 DAGs
[2024-08-14 19:10:28,543] {logging_mixin.py:104} INFO - [2024-08-14 19:10:28,542] {dag.py:2273} INFO - Setting next_dagrun for dag_with_postgres_operator_v03 to 2022-02-05 00:00:00+00:00
[2024-08-14 19:10:28,552] {scheduler_job.py:190} INFO - Processing /opt/airflow/dags/dag_with_postgres_operator.py took 0.088 seconds
[2024-08-14 19:10:39,178] {scheduler_job.py:182} INFO - Started process (PID=670) to work on /opt/airflow/dags/dag_with_postgres_operator.py
[2024-08-14 19:10:39,181] {scheduler_job.py:629} INFO - Processing file /opt/airflow/dags/dag_with_postgres_operator.py for tasks to queue
[2024-08-14 19:10:39,182] {logging_mixin.py:104} INFO - [2024-08-14 19:10:39,182] {dagbag.py:448} INFO - Filling up the DagBag from /opt/airflow/dags/dag_with_postgres_operator.py
[2024-08-14 19:10:39,207] {scheduler_job.py:639} INFO - DAG(s) dict_keys(['dag_with_postgres_operator_v03']) retrieved from /opt/airflow/dags/dag_with_postgres_operator.py
[2024-08-14 19:10:39,237] {logging_mixin.py:104} INFO - [2024-08-14 19:10:39,236] {dag.py:1818} INFO - Sync 1 DAGs
[2024-08-14 19:10:39,258] {logging_mixin.py:104} INFO - [2024-08-14 19:10:39,258] {dag.py:2273} INFO - Setting next_dagrun for dag_with_postgres_operator_v03 to 2022-02-05 00:00:00+00:00
[2024-08-14 19:10:39,268] {scheduler_job.py:190} INFO - Processing /opt/airflow/dags/dag_with_postgres_operator.py took 0.095 seconds
[2024-08-14 19:10:49,885] {scheduler_job.py:182} INFO - Started process (PID=730) to work on /opt/airflow/dags/dag_with_postgres_operator.py
[2024-08-14 19:10:49,888] {scheduler_job.py:629} INFO - Processing file /opt/airflow/dags/dag_with_postgres_operator.py for tasks to queue
[2024-08-14 19:10:49,889] {logging_mixin.py:104} INFO - [2024-08-14 19:10:49,889] {dagbag.py:448} INFO - Filling up the DagBag from /opt/airflow/dags/dag_with_postgres_operator.py
[2024-08-14 19:10:49,915] {scheduler_job.py:639} INFO - DAG(s) dict_keys(['dag_with_postgres_operator_v03']) retrieved from /opt/airflow/dags/dag_with_postgres_operator.py
[2024-08-14 19:10:49,943] {logging_mixin.py:104} INFO - [2024-08-14 19:10:49,942] {dag.py:1818} INFO - Sync 1 DAGs
[2024-08-14 19:10:49,963] {logging_mixin.py:104} INFO - [2024-08-14 19:10:49,963] {dag.py:2273} INFO - Setting next_dagrun for dag_with_postgres_operator_v03 to 2022-02-05 00:00:00+00:00
[2024-08-14 19:10:49,973] {scheduler_job.py:190} INFO - Processing /opt/airflow/dags/dag_with_postgres_operator.py took 0.094 seconds
[2024-08-14 19:11:00,663] {scheduler_job.py:182} INFO - Started process (PID=790) to work on /opt/airflow/dags/dag_with_postgres_operator.py
[2024-08-14 19:11:00,676] {scheduler_job.py:629} INFO - Processing file /opt/airflow/dags/dag_with_postgres_operator.py for tasks to queue
[2024-08-14 19:11:00,678] {logging_mixin.py:104} INFO - [2024-08-14 19:11:00,678] {dagbag.py:448} INFO - Filling up the DagBag from /opt/airflow/dags/dag_with_postgres_operator.py
[2024-08-14 19:11:00,702] {scheduler_job.py:639} INFO - DAG(s) dict_keys(['dag_with_postgres_operator_v03']) retrieved from /opt/airflow/dags/dag_with_postgres_operator.py
[2024-08-14 19:11:00,734] {logging_mixin.py:104} INFO - [2024-08-14 19:11:00,734] {dag.py:1818} INFO - Sync 1 DAGs
[2024-08-14 19:11:00,759] {logging_mixin.py:104} INFO - [2024-08-14 19:11:00,759] {dag.py:2273} INFO - Setting next_dagrun for dag_with_postgres_operator_v03 to 2022-02-05 00:00:00+00:00
[2024-08-14 19:11:00,770] {scheduler_job.py:190} INFO - Processing /opt/airflow/dags/dag_with_postgres_operator.py took 0.114 seconds
[2024-08-14 19:11:11,535] {scheduler_job.py:182} INFO - Started process (PID=850) to work on /opt/airflow/dags/dag_with_postgres_operator.py
[2024-08-14 19:11:11,538] {scheduler_job.py:629} INFO - Processing file /opt/airflow/dags/dag_with_postgres_operator.py for tasks to queue
[2024-08-14 19:11:11,540] {logging_mixin.py:104} INFO - [2024-08-14 19:11:11,539] {dagbag.py:448} INFO - Filling up the DagBag from /opt/airflow/dags/dag_with_postgres_operator.py
[2024-08-14 19:11:11,569] {scheduler_job.py:639} INFO - DAG(s) dict_keys(['dag_with_postgres_operator_v03']) retrieved from /opt/airflow/dags/dag_with_postgres_operator.py
[2024-08-14 19:11:11,605] {logging_mixin.py:104} INFO - [2024-08-14 19:11:11,605] {dag.py:1818} INFO - Sync 1 DAGs
[2024-08-14 19:11:11,629] {logging_mixin.py:104} INFO - [2024-08-14 19:11:11,629] {dag.py:2273} INFO - Setting next_dagrun for dag_with_postgres_operator_v03 to 2022-02-05 00:00:00+00:00
[2024-08-14 19:11:11,643] {scheduler_job.py:190} INFO - Processing /opt/airflow/dags/dag_with_postgres_operator.py took 0.113 seconds
[2024-08-14 19:11:22,250] {scheduler_job.py:182} INFO - Started process (PID=910) to work on /opt/airflow/dags/dag_with_postgres_operator.py
[2024-08-14 19:11:22,252] {scheduler_job.py:629} INFO - Processing file /opt/airflow/dags/dag_with_postgres_operator.py for tasks to queue
[2024-08-14 19:11:22,253] {logging_mixin.py:104} INFO - [2024-08-14 19:11:22,253] {dagbag.py:448} INFO - Filling up the DagBag from /opt/airflow/dags/dag_with_postgres_operator.py
[2024-08-14 19:11:22,276] {scheduler_job.py:639} INFO - DAG(s) dict_keys(['dag_with_postgres_operator_v03']) retrieved from /opt/airflow/dags/dag_with_postgres_operator.py
[2024-08-14 19:11:22,304] {logging_mixin.py:104} INFO - [2024-08-14 19:11:22,303] {dag.py:1818} INFO - Sync 1 DAGs
[2024-08-14 19:11:22,323] {logging_mixin.py:104} INFO - [2024-08-14 19:11:22,322] {dag.py:2273} INFO - Setting next_dagrun for dag_with_postgres_operator_v03 to 2022-02-05 00:00:00+00:00
[2024-08-14 19:11:22,332] {scheduler_job.py:190} INFO - Processing /opt/airflow/dags/dag_with_postgres_operator.py took 0.086 seconds
[2024-08-14 19:11:32,974] {scheduler_job.py:182} INFO - Started process (PID=970) to work on /opt/airflow/dags/dag_with_postgres_operator.py
[2024-08-14 19:11:32,977] {scheduler_job.py:629} INFO - Processing file /opt/airflow/dags/dag_with_postgres_operator.py for tasks to queue
[2024-08-14 19:11:32,979] {logging_mixin.py:104} INFO - [2024-08-14 19:11:32,978] {dagbag.py:448} INFO - Filling up the DagBag from /opt/airflow/dags/dag_with_postgres_operator.py
[2024-08-14 19:11:33,010] {scheduler_job.py:639} INFO - DAG(s) dict_keys(['dag_with_postgres_operator_v03']) retrieved from /opt/airflow/dags/dag_with_postgres_operator.py
[2024-08-14 19:11:33,047] {logging_mixin.py:104} INFO - [2024-08-14 19:11:33,047] {dag.py:1818} INFO - Sync 1 DAGs
[2024-08-14 19:11:33,073] {logging_mixin.py:104} INFO - [2024-08-14 19:11:33,072] {dag.py:2273} INFO - Setting next_dagrun for dag_with_postgres_operator_v03 to 2022-02-05 00:00:00+00:00
[2024-08-14 19:11:33,085] {scheduler_job.py:190} INFO - Processing /opt/airflow/dags/dag_with_postgres_operator.py took 0.117 seconds
[2024-08-14 19:11:43,889] {scheduler_job.py:182} INFO - Started process (PID=1030) to work on /opt/airflow/dags/dag_with_postgres_operator.py
[2024-08-14 19:11:43,891] {scheduler_job.py:629} INFO - Processing file /opt/airflow/dags/dag_with_postgres_operator.py for tasks to queue
[2024-08-14 19:11:43,893] {logging_mixin.py:104} INFO - [2024-08-14 19:11:43,893] {dagbag.py:448} INFO - Filling up the DagBag from /opt/airflow/dags/dag_with_postgres_operator.py
[2024-08-14 19:11:43,918] {scheduler_job.py:639} INFO - DAG(s) dict_keys(['dag_with_postgres_operator_v03']) retrieved from /opt/airflow/dags/dag_with_postgres_operator.py
[2024-08-14 19:11:43,945] {logging_mixin.py:104} INFO - [2024-08-14 19:11:43,944] {dag.py:1818} INFO - Sync 1 DAGs
[2024-08-14 19:11:43,966] {logging_mixin.py:104} INFO - [2024-08-14 19:11:43,966] {dag.py:2273} INFO - Setting next_dagrun for dag_with_postgres_operator_v03 to 2022-02-05 00:00:00+00:00
[2024-08-14 19:11:43,976] {scheduler_job.py:190} INFO - Processing /opt/airflow/dags/dag_with_postgres_operator.py took 0.091 seconds
[2024-08-14 19:11:54,545] {scheduler_job.py:182} INFO - Started process (PID=1090) to work on /opt/airflow/dags/dag_with_postgres_operator.py
[2024-08-14 19:11:54,547] {scheduler_job.py:629} INFO - Processing file /opt/airflow/dags/dag_with_postgres_operator.py for tasks to queue
[2024-08-14 19:11:54,548] {logging_mixin.py:104} INFO - [2024-08-14 19:11:54,548] {dagbag.py:448} INFO - Filling up the DagBag from /opt/airflow/dags/dag_with_postgres_operator.py
[2024-08-14 19:11:54,573] {scheduler_job.py:639} INFO - DAG(s) dict_keys(['dag_with_postgres_operator_v03']) retrieved from /opt/airflow/dags/dag_with_postgres_operator.py
[2024-08-14 19:11:54,600] {logging_mixin.py:104} INFO - [2024-08-14 19:11:54,600] {dag.py:1818} INFO - Sync 1 DAGs
[2024-08-14 19:11:54,619] {logging_mixin.py:104} INFO - [2024-08-14 19:11:54,619] {dag.py:2273} INFO - Setting next_dagrun for dag_with_postgres_operator_v03 to 2022-02-05 00:00:00+00:00
[2024-08-14 19:11:54,629] {scheduler_job.py:190} INFO - Processing /opt/airflow/dags/dag_with_postgres_operator.py took 0.089 seconds
[2024-08-14 19:12:05,283] {scheduler_job.py:182} INFO - Started process (PID=1150) to work on /opt/airflow/dags/dag_with_postgres_operator.py
[2024-08-14 19:12:05,285] {scheduler_job.py:629} INFO - Processing file /opt/airflow/dags/dag_with_postgres_operator.py for tasks to queue
[2024-08-14 19:12:05,286] {logging_mixin.py:104} INFO - [2024-08-14 19:12:05,286] {dagbag.py:448} INFO - Filling up the DagBag from /opt/airflow/dags/dag_with_postgres_operator.py
[2024-08-14 19:12:05,312] {scheduler_job.py:639} INFO - DAG(s) dict_keys(['dag_with_postgres_operator_v03']) retrieved from /opt/airflow/dags/dag_with_postgres_operator.py
[2024-08-14 19:12:05,342] {logging_mixin.py:104} INFO - [2024-08-14 19:12:05,342] {dag.py:1818} INFO - Sync 1 DAGs
[2024-08-14 19:12:05,363] {logging_mixin.py:104} INFO - [2024-08-14 19:12:05,363] {dag.py:2273} INFO - Setting next_dagrun for dag_with_postgres_operator_v03 to 2022-02-05 00:00:00+00:00
[2024-08-14 19:12:05,374] {scheduler_job.py:190} INFO - Processing /opt/airflow/dags/dag_with_postgres_operator.py took 0.097 seconds
[2024-08-14 19:12:16,061] {scheduler_job.py:182} INFO - Started process (PID=1210) to work on /opt/airflow/dags/dag_with_postgres_operator.py
[2024-08-14 19:12:16,063] {scheduler_job.py:629} INFO - Processing file /opt/airflow/dags/dag_with_postgres_operator.py for tasks to queue
[2024-08-14 19:12:16,064] {logging_mixin.py:104} INFO - [2024-08-14 19:12:16,064] {dagbag.py:448} INFO - Filling up the DagBag from /opt/airflow/dags/dag_with_postgres_operator.py
[2024-08-14 19:12:16,089] {scheduler_job.py:639} INFO - DAG(s) dict_keys(['dag_with_postgres_operator_v03']) retrieved from /opt/airflow/dags/dag_with_postgres_operator.py
[2024-08-14 19:12:16,117] {logging_mixin.py:104} INFO - [2024-08-14 19:12:16,117] {dag.py:1818} INFO - Sync 1 DAGs
[2024-08-14 19:12:16,136] {logging_mixin.py:104} INFO - [2024-08-14 19:12:16,136] {dag.py:2273} INFO - Setting next_dagrun for dag_with_postgres_operator_v03 to 2022-02-05 00:00:00+00:00
[2024-08-14 19:12:16,145] {scheduler_job.py:190} INFO - Processing /opt/airflow/dags/dag_with_postgres_operator.py took 0.089 seconds
[2024-08-14 19:12:27,001] {scheduler_job.py:182} INFO - Started process (PID=1270) to work on /opt/airflow/dags/dag_with_postgres_operator.py
[2024-08-14 19:12:27,004] {scheduler_job.py:629} INFO - Processing file /opt/airflow/dags/dag_with_postgres_operator.py for tasks to queue
[2024-08-14 19:12:27,006] {logging_mixin.py:104} INFO - [2024-08-14 19:12:27,005] {dagbag.py:448} INFO - Filling up the DagBag from /opt/airflow/dags/dag_with_postgres_operator.py
[2024-08-14 19:12:27,063] {scheduler_job.py:639} INFO - DAG(s) dict_keys(['dag_with_postgres_operator_v03']) retrieved from /opt/airflow/dags/dag_with_postgres_operator.py
[2024-08-14 19:12:27,108] {logging_mixin.py:104} INFO - [2024-08-14 19:12:27,108] {dag.py:1818} INFO - Sync 1 DAGs
[2024-08-14 19:12:27,138] {logging_mixin.py:104} INFO - [2024-08-14 19:12:27,138] {dag.py:2273} INFO - Setting next_dagrun for dag_with_postgres_operator_v03 to 2022-02-05 00:00:00+00:00
[2024-08-14 19:12:27,149] {scheduler_job.py:190} INFO - Processing /opt/airflow/dags/dag_with_postgres_operator.py took 0.154 seconds
[2024-08-14 19:12:37,958] {scheduler_job.py:182} INFO - Started process (PID=1332) to work on /opt/airflow/dags/dag_with_postgres_operator.py
[2024-08-14 19:12:37,960] {scheduler_job.py:629} INFO - Processing file /opt/airflow/dags/dag_with_postgres_operator.py for tasks to queue
[2024-08-14 19:12:37,962] {logging_mixin.py:104} INFO - [2024-08-14 19:12:37,962] {dagbag.py:448} INFO - Filling up the DagBag from /opt/airflow/dags/dag_with_postgres_operator.py
[2024-08-14 19:12:37,988] {scheduler_job.py:639} INFO - DAG(s) dict_keys(['dag_with_postgres_operator_v03']) retrieved from /opt/airflow/dags/dag_with_postgres_operator.py
[2024-08-14 19:12:38,021] {logging_mixin.py:104} INFO - [2024-08-14 19:12:38,021] {dag.py:1818} INFO - Sync 1 DAGs
[2024-08-14 19:12:38,040] {logging_mixin.py:104} INFO - [2024-08-14 19:12:38,040] {dag.py:2273} INFO - Setting next_dagrun for dag_with_postgres_operator_v03 to 2022-02-05 00:00:00+00:00
[2024-08-14 19:12:38,049] {scheduler_job.py:190} INFO - Processing /opt/airflow/dags/dag_with_postgres_operator.py took 0.095 seconds
[2024-08-14 19:12:48,625] {scheduler_job.py:182} INFO - Started process (PID=1392) to work on /opt/airflow/dags/dag_with_postgres_operator.py
[2024-08-14 19:12:48,628] {scheduler_job.py:629} INFO - Processing file /opt/airflow/dags/dag_with_postgres_operator.py for tasks to queue
[2024-08-14 19:12:48,629] {logging_mixin.py:104} INFO - [2024-08-14 19:12:48,629] {dagbag.py:448} INFO - Filling up the DagBag from /opt/airflow/dags/dag_with_postgres_operator.py
[2024-08-14 19:12:48,654] {scheduler_job.py:639} INFO - DAG(s) dict_keys(['dag_with_postgres_operator_v03']) retrieved from /opt/airflow/dags/dag_with_postgres_operator.py
[2024-08-14 19:12:48,681] {logging_mixin.py:104} INFO - [2024-08-14 19:12:48,681] {dag.py:1818} INFO - Sync 1 DAGs
[2024-08-14 19:12:48,699] {logging_mixin.py:104} INFO - [2024-08-14 19:12:48,699] {dag.py:2273} INFO - Setting next_dagrun for dag_with_postgres_operator_v03 to 2022-02-05 00:00:00+00:00
[2024-08-14 19:12:48,708] {scheduler_job.py:190} INFO - Processing /opt/airflow/dags/dag_with_postgres_operator.py took 0.088 seconds
[2024-08-14 19:12:59,396] {scheduler_job.py:182} INFO - Started process (PID=1450) to work on /opt/airflow/dags/dag_with_postgres_operator.py
[2024-08-14 19:12:59,397] {scheduler_job.py:629} INFO - Processing file /opt/airflow/dags/dag_with_postgres_operator.py for tasks to queue
[2024-08-14 19:12:59,399] {logging_mixin.py:104} INFO - [2024-08-14 19:12:59,398] {dagbag.py:448} INFO - Filling up the DagBag from /opt/airflow/dags/dag_with_postgres_operator.py
[2024-08-14 19:12:59,423] {scheduler_job.py:639} INFO - DAG(s) dict_keys(['dag_with_postgres_operator_v03']) retrieved from /opt/airflow/dags/dag_with_postgres_operator.py
[2024-08-14 19:12:59,450] {logging_mixin.py:104} INFO - [2024-08-14 19:12:59,450] {dag.py:1818} INFO - Sync 1 DAGs
[2024-08-14 19:12:59,469] {logging_mixin.py:104} INFO - [2024-08-14 19:12:59,469] {dag.py:2273} INFO - Setting next_dagrun for dag_with_postgres_operator_v03 to 2022-02-05 00:00:00+00:00
[2024-08-14 19:12:59,478] {scheduler_job.py:190} INFO - Processing /opt/airflow/dags/dag_with_postgres_operator.py took 0.088 seconds
[2024-08-14 19:13:10,216] {scheduler_job.py:182} INFO - Started process (PID=1509) to work on /opt/airflow/dags/dag_with_postgres_operator.py
[2024-08-14 19:13:10,219] {scheduler_job.py:629} INFO - Processing file /opt/airflow/dags/dag_with_postgres_operator.py for tasks to queue
[2024-08-14 19:13:10,220] {logging_mixin.py:104} INFO - [2024-08-14 19:13:10,220] {dagbag.py:448} INFO - Filling up the DagBag from /opt/airflow/dags/dag_with_postgres_operator.py
[2024-08-14 19:13:10,259] {scheduler_job.py:639} INFO - DAG(s) dict_keys(['dag_with_postgres_operator_v03']) retrieved from /opt/airflow/dags/dag_with_postgres_operator.py
[2024-08-14 19:13:10,295] {logging_mixin.py:104} INFO - [2024-08-14 19:13:10,294] {dag.py:1818} INFO - Sync 1 DAGs
[2024-08-14 19:13:10,321] {logging_mixin.py:104} INFO - [2024-08-14 19:13:10,321] {dag.py:2273} INFO - Setting next_dagrun for dag_with_postgres_operator_v03 to 2022-02-05 00:00:00+00:00
[2024-08-14 19:13:10,333] {scheduler_job.py:190} INFO - Processing /opt/airflow/dags/dag_with_postgres_operator.py took 0.125 seconds
[2024-08-14 19:13:21,021] {scheduler_job.py:182} INFO - Started process (PID=1570) to work on /opt/airflow/dags/dag_with_postgres_operator.py
[2024-08-14 19:13:21,023] {scheduler_job.py:629} INFO - Processing file /opt/airflow/dags/dag_with_postgres_operator.py for tasks to queue
[2024-08-14 19:13:21,025] {logging_mixin.py:104} INFO - [2024-08-14 19:13:21,025] {dagbag.py:448} INFO - Filling up the DagBag from /opt/airflow/dags/dag_with_postgres_operator.py
[2024-08-14 19:13:21,052] {scheduler_job.py:639} INFO - DAG(s) dict_keys(['dag_with_postgres_operator_v03']) retrieved from /opt/airflow/dags/dag_with_postgres_operator.py
[2024-08-14 19:13:21,085] {logging_mixin.py:104} INFO - [2024-08-14 19:13:21,085] {dag.py:1818} INFO - Sync 1 DAGs
[2024-08-14 19:13:21,109] {logging_mixin.py:104} INFO - [2024-08-14 19:13:21,108] {dag.py:2273} INFO - Setting next_dagrun for dag_with_postgres_operator_v03 to 2022-02-05 00:00:00+00:00
[2024-08-14 19:13:21,119] {scheduler_job.py:190} INFO - Processing /opt/airflow/dags/dag_with_postgres_operator.py took 0.103 seconds
[2024-08-14 19:13:31,753] {scheduler_job.py:182} INFO - Started process (PID=1630) to work on /opt/airflow/dags/dag_with_postgres_operator.py
[2024-08-14 19:13:31,755] {scheduler_job.py:629} INFO - Processing file /opt/airflow/dags/dag_with_postgres_operator.py for tasks to queue
[2024-08-14 19:13:31,757] {logging_mixin.py:104} INFO - [2024-08-14 19:13:31,757] {dagbag.py:448} INFO - Filling up the DagBag from /opt/airflow/dags/dag_with_postgres_operator.py
[2024-08-14 19:13:31,783] {scheduler_job.py:639} INFO - DAG(s) dict_keys(['dag_with_postgres_operator_v03']) retrieved from /opt/airflow/dags/dag_with_postgres_operator.py
[2024-08-14 19:13:31,813] {logging_mixin.py:104} INFO - [2024-08-14 19:13:31,813] {dag.py:1818} INFO - Sync 1 DAGs
[2024-08-14 19:13:31,836] {logging_mixin.py:104} INFO - [2024-08-14 19:13:31,836] {dag.py:2273} INFO - Setting next_dagrun for dag_with_postgres_operator_v03 to 2022-02-05 00:00:00+00:00
[2024-08-14 19:13:31,848] {scheduler_job.py:190} INFO - Processing /opt/airflow/dags/dag_with_postgres_operator.py took 0.100 seconds
[2024-08-14 19:13:42,506] {scheduler_job.py:182} INFO - Started process (PID=1690) to work on /opt/airflow/dags/dag_with_postgres_operator.py
[2024-08-14 19:13:42,508] {scheduler_job.py:629} INFO - Processing file /opt/airflow/dags/dag_with_postgres_operator.py for tasks to queue
[2024-08-14 19:13:42,510] {logging_mixin.py:104} INFO - [2024-08-14 19:13:42,510] {dagbag.py:448} INFO - Filling up the DagBag from /opt/airflow/dags/dag_with_postgres_operator.py
[2024-08-14 19:13:42,538] {scheduler_job.py:639} INFO - DAG(s) dict_keys(['dag_with_postgres_operator_v03']) retrieved from /opt/airflow/dags/dag_with_postgres_operator.py
[2024-08-14 19:13:42,574] {logging_mixin.py:104} INFO - [2024-08-14 19:13:42,574] {dag.py:1818} INFO - Sync 1 DAGs
[2024-08-14 19:13:42,597] {logging_mixin.py:104} INFO - [2024-08-14 19:13:42,597] {dag.py:2273} INFO - Setting next_dagrun for dag_with_postgres_operator_v03 to 2022-02-05 00:00:00+00:00
[2024-08-14 19:13:42,609] {scheduler_job.py:190} INFO - Processing /opt/airflow/dags/dag_with_postgres_operator.py took 0.109 seconds
[2024-08-14 19:14:07,583] {scheduler_job.py:182} INFO - Started process (PID=1750) to work on /opt/airflow/dags/dag_with_postgres_operator.py
[2024-08-14 19:14:07,585] {scheduler_job.py:629} INFO - Processing file /opt/airflow/dags/dag_with_postgres_operator.py for tasks to queue
[2024-08-14 19:14:07,587] {logging_mixin.py:104} INFO - [2024-08-14 19:14:07,587] {dagbag.py:448} INFO - Filling up the DagBag from /opt/airflow/dags/dag_with_postgres_operator.py
[2024-08-14 19:14:07,614] {scheduler_job.py:639} INFO - DAG(s) dict_keys(['dag_with_postgres_operator_v03']) retrieved from /opt/airflow/dags/dag_with_postgres_operator.py
[2024-08-14 19:14:07,645] {logging_mixin.py:104} INFO - [2024-08-14 19:14:07,645] {dag.py:1818} INFO - Sync 1 DAGs
[2024-08-14 19:14:07,667] {logging_mixin.py:104} INFO - [2024-08-14 19:14:07,667] {dag.py:2273} INFO - Setting next_dagrun for dag_with_postgres_operator_v03 to 2022-02-05 00:00:00+00:00
[2024-08-14 19:14:07,677] {scheduler_job.py:190} INFO - Processing /opt/airflow/dags/dag_with_postgres_operator.py took 0.099 seconds
[2024-08-14 19:14:18,523] {scheduler_job.py:182} INFO - Started process (PID=1810) to work on /opt/airflow/dags/dag_with_postgres_operator.py
[2024-08-14 19:14:18,527] {scheduler_job.py:629} INFO - Processing file /opt/airflow/dags/dag_with_postgres_operator.py for tasks to queue
[2024-08-14 19:14:18,529] {logging_mixin.py:104} INFO - [2024-08-14 19:14:18,528] {dagbag.py:448} INFO - Filling up the DagBag from /opt/airflow/dags/dag_with_postgres_operator.py
[2024-08-14 19:14:18,560] {scheduler_job.py:639} INFO - DAG(s) dict_keys(['dag_with_postgres_operator_v03']) retrieved from /opt/airflow/dags/dag_with_postgres_operator.py
[2024-08-14 19:14:18,598] {logging_mixin.py:104} INFO - [2024-08-14 19:14:18,598] {dag.py:1818} INFO - Sync 1 DAGs
[2024-08-14 19:14:18,626] {logging_mixin.py:104} INFO - [2024-08-14 19:14:18,626] {dag.py:2273} INFO - Setting next_dagrun for dag_with_postgres_operator_v03 to 2022-02-05 00:00:00+00:00
[2024-08-14 19:14:18,638] {scheduler_job.py:190} INFO - Processing /opt/airflow/dags/dag_with_postgres_operator.py took 0.120 seconds
[2024-08-14 19:14:29,429] {scheduler_job.py:182} INFO - Started process (PID=1870) to work on /opt/airflow/dags/dag_with_postgres_operator.py
[2024-08-14 19:14:29,432] {scheduler_job.py:629} INFO - Processing file /opt/airflow/dags/dag_with_postgres_operator.py for tasks to queue
[2024-08-14 19:14:29,433] {logging_mixin.py:104} INFO - [2024-08-14 19:14:29,433] {dagbag.py:448} INFO - Filling up the DagBag from /opt/airflow/dags/dag_with_postgres_operator.py
[2024-08-14 19:14:29,460] {scheduler_job.py:639} INFO - DAG(s) dict_keys(['dag_with_postgres_operator_v03']) retrieved from /opt/airflow/dags/dag_with_postgres_operator.py
[2024-08-14 19:14:29,490] {logging_mixin.py:104} INFO - [2024-08-14 19:14:29,489] {dag.py:1818} INFO - Sync 1 DAGs
[2024-08-14 19:14:29,512] {logging_mixin.py:104} INFO - [2024-08-14 19:14:29,512] {dag.py:2273} INFO - Setting next_dagrun for dag_with_postgres_operator_v03 to 2022-02-05 00:00:00+00:00
[2024-08-14 19:14:29,522] {scheduler_job.py:190} INFO - Processing /opt/airflow/dags/dag_with_postgres_operator.py took 0.099 seconds
[2024-08-14 19:14:40,145] {scheduler_job.py:182} INFO - Started process (PID=1930) to work on /opt/airflow/dags/dag_with_postgres_operator.py
[2024-08-14 19:14:40,147] {scheduler_job.py:629} INFO - Processing file /opt/airflow/dags/dag_with_postgres_operator.py for tasks to queue
[2024-08-14 19:14:40,149] {logging_mixin.py:104} INFO - [2024-08-14 19:14:40,149] {dagbag.py:448} INFO - Filling up the DagBag from /opt/airflow/dags/dag_with_postgres_operator.py
[2024-08-14 19:14:40,175] {scheduler_job.py:639} INFO - DAG(s) dict_keys(['dag_with_postgres_operator_v03']) retrieved from /opt/airflow/dags/dag_with_postgres_operator.py
[2024-08-14 19:14:40,208] {logging_mixin.py:104} INFO - [2024-08-14 19:14:40,208] {dag.py:1818} INFO - Sync 1 DAGs
[2024-08-14 19:14:40,230] {logging_mixin.py:104} INFO - [2024-08-14 19:14:40,230] {dag.py:2273} INFO - Setting next_dagrun for dag_with_postgres_operator_v03 to 2022-02-05 00:00:00+00:00
[2024-08-14 19:14:40,241] {scheduler_job.py:190} INFO - Processing /opt/airflow/dags/dag_with_postgres_operator.py took 0.101 seconds
[2024-08-14 19:14:50,939] {scheduler_job.py:182} INFO - Started process (PID=1990) to work on /opt/airflow/dags/dag_with_postgres_operator.py
[2024-08-14 19:14:50,942] {scheduler_job.py:629} INFO - Processing file /opt/airflow/dags/dag_with_postgres_operator.py for tasks to queue
[2024-08-14 19:14:50,943] {logging_mixin.py:104} INFO - [2024-08-14 19:14:50,943] {dagbag.py:448} INFO - Filling up the DagBag from /opt/airflow/dags/dag_with_postgres_operator.py
[2024-08-14 19:14:50,969] {scheduler_job.py:639} INFO - DAG(s) dict_keys(['dag_with_postgres_operator_v03']) retrieved from /opt/airflow/dags/dag_with_postgres_operator.py
[2024-08-14 19:14:51,000] {logging_mixin.py:104} INFO - [2024-08-14 19:14:51,000] {dag.py:1818} INFO - Sync 1 DAGs
[2024-08-14 19:14:51,021] {logging_mixin.py:104} INFO - [2024-08-14 19:14:51,021] {dag.py:2273} INFO - Setting next_dagrun for dag_with_postgres_operator_v03 to 2022-02-05 00:00:00+00:00
[2024-08-14 19:14:51,031] {scheduler_job.py:190} INFO - Processing /opt/airflow/dags/dag_with_postgres_operator.py took 0.097 seconds
[2024-08-14 19:15:01,706] {scheduler_job.py:182} INFO - Started process (PID=2050) to work on /opt/airflow/dags/dag_with_postgres_operator.py
[2024-08-14 19:15:01,708] {scheduler_job.py:629} INFO - Processing file /opt/airflow/dags/dag_with_postgres_operator.py for tasks to queue
[2024-08-14 19:15:01,710] {logging_mixin.py:104} INFO - [2024-08-14 19:15:01,710] {dagbag.py:448} INFO - Filling up the DagBag from /opt/airflow/dags/dag_with_postgres_operator.py
[2024-08-14 19:15:01,743] {scheduler_job.py:639} INFO - DAG(s) dict_keys(['dag_with_postgres_operator_v03']) retrieved from /opt/airflow/dags/dag_with_postgres_operator.py
[2024-08-14 19:15:01,788] {logging_mixin.py:104} INFO - [2024-08-14 19:15:01,787] {dag.py:1818} INFO - Sync 1 DAGs
[2024-08-14 19:15:01,816] {logging_mixin.py:104} INFO - [2024-08-14 19:15:01,816] {dag.py:2273} INFO - Setting next_dagrun for dag_with_postgres_operator_v03 to 2022-02-05 00:00:00+00:00
[2024-08-14 19:15:01,829] {scheduler_job.py:190} INFO - Processing /opt/airflow/dags/dag_with_postgres_operator.py took 0.130 seconds
[2024-08-14 19:15:12,477] {scheduler_job.py:182} INFO - Started process (PID=2110) to work on /opt/airflow/dags/dag_with_postgres_operator.py
[2024-08-14 19:15:12,479] {scheduler_job.py:629} INFO - Processing file /opt/airflow/dags/dag_with_postgres_operator.py for tasks to queue
[2024-08-14 19:15:12,480] {logging_mixin.py:104} INFO - [2024-08-14 19:15:12,480] {dagbag.py:448} INFO - Filling up the DagBag from /opt/airflow/dags/dag_with_postgres_operator.py
[2024-08-14 19:15:12,505] {scheduler_job.py:639} INFO - DAG(s) dict_keys(['dag_with_postgres_operator_v03']) retrieved from /opt/airflow/dags/dag_with_postgres_operator.py
[2024-08-14 19:15:12,536] {logging_mixin.py:104} INFO - [2024-08-14 19:15:12,536] {dag.py:1818} INFO - Sync 1 DAGs
[2024-08-14 19:15:12,560] {logging_mixin.py:104} INFO - [2024-08-14 19:15:12,559] {dag.py:2273} INFO - Setting next_dagrun for dag_with_postgres_operator_v03 to 2022-02-05 00:00:00+00:00
[2024-08-14 19:15:12,570] {scheduler_job.py:190} INFO - Processing /opt/airflow/dags/dag_with_postgres_operator.py took 0.098 seconds
[2024-08-14 19:15:23,200] {scheduler_job.py:182} INFO - Started process (PID=2170) to work on /opt/airflow/dags/dag_with_postgres_operator.py
[2024-08-14 19:15:23,202] {scheduler_job.py:629} INFO - Processing file /opt/airflow/dags/dag_with_postgres_operator.py for tasks to queue
[2024-08-14 19:15:23,204] {logging_mixin.py:104} INFO - [2024-08-14 19:15:23,204] {dagbag.py:448} INFO - Filling up the DagBag from /opt/airflow/dags/dag_with_postgres_operator.py
[2024-08-14 19:15:23,227] {scheduler_job.py:639} INFO - DAG(s) dict_keys(['dag_with_postgres_operator_v03']) retrieved from /opt/airflow/dags/dag_with_postgres_operator.py
[2024-08-14 19:15:23,255] {logging_mixin.py:104} INFO - [2024-08-14 19:15:23,255] {dag.py:1818} INFO - Sync 1 DAGs
[2024-08-14 19:15:23,275] {logging_mixin.py:104} INFO - [2024-08-14 19:15:23,275] {dag.py:2273} INFO - Setting next_dagrun for dag_with_postgres_operator_v03 to 2022-02-05 00:00:00+00:00
[2024-08-14 19:15:23,283] {scheduler_job.py:190} INFO - Processing /opt/airflow/dags/dag_with_postgres_operator.py took 0.089 seconds
[2024-08-14 19:15:33,952] {scheduler_job.py:182} INFO - Started process (PID=2230) to work on /opt/airflow/dags/dag_with_postgres_operator.py
[2024-08-14 19:15:33,954] {scheduler_job.py:629} INFO - Processing file /opt/airflow/dags/dag_with_postgres_operator.py for tasks to queue
[2024-08-14 19:15:33,955] {logging_mixin.py:104} INFO - [2024-08-14 19:15:33,955] {dagbag.py:448} INFO - Filling up the DagBag from /opt/airflow/dags/dag_with_postgres_operator.py
[2024-08-14 19:15:33,979] {scheduler_job.py:639} INFO - DAG(s) dict_keys(['dag_with_postgres_operator_v03']) retrieved from /opt/airflow/dags/dag_with_postgres_operator.py
[2024-08-14 19:15:34,007] {logging_mixin.py:104} INFO - [2024-08-14 19:15:34,007] {dag.py:1818} INFO - Sync 1 DAGs
[2024-08-14 19:15:34,029] {logging_mixin.py:104} INFO - [2024-08-14 19:15:34,029] {dag.py:2273} INFO - Setting next_dagrun for dag_with_postgres_operator_v03 to 2022-02-05 00:00:00+00:00
[2024-08-14 19:15:34,038] {scheduler_job.py:190} INFO - Processing /opt/airflow/dags/dag_with_postgres_operator.py took 0.091 seconds
[2024-08-14 19:15:44,669] {scheduler_job.py:182} INFO - Started process (PID=2290) to work on /opt/airflow/dags/dag_with_postgres_operator.py
[2024-08-14 19:15:44,672] {scheduler_job.py:629} INFO - Processing file /opt/airflow/dags/dag_with_postgres_operator.py for tasks to queue
[2024-08-14 19:15:44,673] {logging_mixin.py:104} INFO - [2024-08-14 19:15:44,673] {dagbag.py:448} INFO - Filling up the DagBag from /opt/airflow/dags/dag_with_postgres_operator.py
[2024-08-14 19:15:44,698] {scheduler_job.py:639} INFO - DAG(s) dict_keys(['dag_with_postgres_operator_v03']) retrieved from /opt/airflow/dags/dag_with_postgres_operator.py
[2024-08-14 19:15:44,727] {logging_mixin.py:104} INFO - [2024-08-14 19:15:44,727] {dag.py:1818} INFO - Sync 1 DAGs
[2024-08-14 19:15:44,751] {logging_mixin.py:104} INFO - [2024-08-14 19:15:44,751] {dag.py:2273} INFO - Setting next_dagrun for dag_with_postgres_operator_v03 to 2022-02-05 00:00:00+00:00
[2024-08-14 19:15:44,763] {scheduler_job.py:190} INFO - Processing /opt/airflow/dags/dag_with_postgres_operator.py took 0.098 seconds
[2024-08-14 19:15:55,545] {scheduler_job.py:182} INFO - Started process (PID=2350) to work on /opt/airflow/dags/dag_with_postgres_operator.py
[2024-08-14 19:15:55,547] {scheduler_job.py:629} INFO - Processing file /opt/airflow/dags/dag_with_postgres_operator.py for tasks to queue
[2024-08-14 19:15:55,549] {logging_mixin.py:104} INFO - [2024-08-14 19:15:55,549] {dagbag.py:448} INFO - Filling up the DagBag from /opt/airflow/dags/dag_with_postgres_operator.py
[2024-08-14 19:15:55,576] {scheduler_job.py:639} INFO - DAG(s) dict_keys(['dag_with_postgres_operator_v03']) retrieved from /opt/airflow/dags/dag_with_postgres_operator.py
[2024-08-14 19:15:55,606] {logging_mixin.py:104} INFO - [2024-08-14 19:15:55,606] {dag.py:1818} INFO - Sync 1 DAGs
[2024-08-14 19:15:55,632] {logging_mixin.py:104} INFO - [2024-08-14 19:15:55,632] {dag.py:2273} INFO - Setting next_dagrun for dag_with_postgres_operator_v03 to 2022-02-05 00:00:00+00:00
[2024-08-14 19:15:55,643] {scheduler_job.py:190} INFO - Processing /opt/airflow/dags/dag_with_postgres_operator.py took 0.102 seconds
[2024-08-14 19:16:06,398] {scheduler_job.py:182} INFO - Started process (PID=2410) to work on /opt/airflow/dags/dag_with_postgres_operator.py
[2024-08-14 19:16:06,401] {scheduler_job.py:629} INFO - Processing file /opt/airflow/dags/dag_with_postgres_operator.py for tasks to queue
[2024-08-14 19:16:06,403] {logging_mixin.py:104} INFO - [2024-08-14 19:16:06,403] {dagbag.py:448} INFO - Filling up the DagBag from /opt/airflow/dags/dag_with_postgres_operator.py
[2024-08-14 19:16:06,432] {scheduler_job.py:639} INFO - DAG(s) dict_keys(['dag_with_postgres_operator_v03']) retrieved from /opt/airflow/dags/dag_with_postgres_operator.py
[2024-08-14 19:16:06,468] {logging_mixin.py:104} INFO - [2024-08-14 19:16:06,467] {dag.py:1818} INFO - Sync 1 DAGs
[2024-08-14 19:16:06,494] {logging_mixin.py:104} INFO - [2024-08-14 19:16:06,494] {dag.py:2273} INFO - Setting next_dagrun for dag_with_postgres_operator_v03 to 2022-02-05 00:00:00+00:00
[2024-08-14 19:16:06,528] {scheduler_job.py:190} INFO - Processing /opt/airflow/dags/dag_with_postgres_operator.py took 0.135 seconds
[2024-08-14 19:16:17,330] {scheduler_job.py:182} INFO - Started process (PID=2470) to work on /opt/airflow/dags/dag_with_postgres_operator.py
[2024-08-14 19:16:17,334] {scheduler_job.py:629} INFO - Processing file /opt/airflow/dags/dag_with_postgres_operator.py for tasks to queue
[2024-08-14 19:16:17,336] {logging_mixin.py:104} INFO - [2024-08-14 19:16:17,335] {dagbag.py:448} INFO - Filling up the DagBag from /opt/airflow/dags/dag_with_postgres_operator.py
[2024-08-14 19:16:17,364] {scheduler_job.py:639} INFO - DAG(s) dict_keys(['dag_with_postgres_operator_v03']) retrieved from /opt/airflow/dags/dag_with_postgres_operator.py
[2024-08-14 19:16:17,401] {logging_mixin.py:104} INFO - [2024-08-14 19:16:17,400] {dag.py:1818} INFO - Sync 1 DAGs
[2024-08-14 19:16:17,422] {logging_mixin.py:104} INFO - [2024-08-14 19:16:17,422] {dag.py:2273} INFO - Setting next_dagrun for dag_with_postgres_operator_v03 to 2022-02-05 00:00:00+00:00
[2024-08-14 19:16:17,431] {scheduler_job.py:190} INFO - Processing /opt/airflow/dags/dag_with_postgres_operator.py took 0.107 seconds
[2024-08-14 19:16:28,104] {scheduler_job.py:182} INFO - Started process (PID=2530) to work on /opt/airflow/dags/dag_with_postgres_operator.py
[2024-08-14 19:16:28,107] {scheduler_job.py:629} INFO - Processing file /opt/airflow/dags/dag_with_postgres_operator.py for tasks to queue
[2024-08-14 19:16:28,109] {logging_mixin.py:104} INFO - [2024-08-14 19:16:28,109] {dagbag.py:448} INFO - Filling up the DagBag from /opt/airflow/dags/dag_with_postgres_operator.py
[2024-08-14 19:16:28,132] {scheduler_job.py:639} INFO - DAG(s) dict_keys(['dag_with_postgres_operator_v03']) retrieved from /opt/airflow/dags/dag_with_postgres_operator.py
[2024-08-14 19:16:28,162] {logging_mixin.py:104} INFO - [2024-08-14 19:16:28,162] {dag.py:1818} INFO - Sync 1 DAGs
[2024-08-14 19:16:28,185] {logging_mixin.py:104} INFO - [2024-08-14 19:16:28,185] {dag.py:2273} INFO - Setting next_dagrun for dag_with_postgres_operator_v03 to 2022-02-05 00:00:00+00:00
[2024-08-14 19:16:28,195] {scheduler_job.py:190} INFO - Processing /opt/airflow/dags/dag_with_postgres_operator.py took 0.096 seconds
[2024-08-14 19:16:38,798] {scheduler_job.py:182} INFO - Started process (PID=2590) to work on /opt/airflow/dags/dag_with_postgres_operator.py
[2024-08-14 19:16:38,800] {scheduler_job.py:629} INFO - Processing file /opt/airflow/dags/dag_with_postgres_operator.py for tasks to queue
[2024-08-14 19:16:38,801] {logging_mixin.py:104} INFO - [2024-08-14 19:16:38,801] {dagbag.py:448} INFO - Filling up the DagBag from /opt/airflow/dags/dag_with_postgres_operator.py
[2024-08-14 19:16:38,824] {scheduler_job.py:639} INFO - DAG(s) dict_keys(['dag_with_postgres_operator_v03']) retrieved from /opt/airflow/dags/dag_with_postgres_operator.py
[2024-08-14 19:16:38,854] {logging_mixin.py:104} INFO - [2024-08-14 19:16:38,854] {dag.py:1818} INFO - Sync 1 DAGs
[2024-08-14 19:16:38,874] {logging_mixin.py:104} INFO - [2024-08-14 19:16:38,874] {dag.py:2273} INFO - Setting next_dagrun for dag_with_postgres_operator_v03 to 2022-02-05 00:00:00+00:00
[2024-08-14 19:16:38,884] {scheduler_job.py:190} INFO - Processing /opt/airflow/dags/dag_with_postgres_operator.py took 0.091 seconds
[2024-08-14 19:16:49,488] {scheduler_job.py:182} INFO - Started process (PID=2650) to work on /opt/airflow/dags/dag_with_postgres_operator.py
[2024-08-14 19:16:49,490] {scheduler_job.py:629} INFO - Processing file /opt/airflow/dags/dag_with_postgres_operator.py for tasks to queue
[2024-08-14 19:16:49,492] {logging_mixin.py:104} INFO - [2024-08-14 19:16:49,492] {dagbag.py:448} INFO - Filling up the DagBag from /opt/airflow/dags/dag_with_postgres_operator.py
[2024-08-14 19:16:49,515] {scheduler_job.py:639} INFO - DAG(s) dict_keys(['dag_with_postgres_operator_v03']) retrieved from /opt/airflow/dags/dag_with_postgres_operator.py
[2024-08-14 19:16:49,544] {logging_mixin.py:104} INFO - [2024-08-14 19:16:49,544] {dag.py:1818} INFO - Sync 1 DAGs
[2024-08-14 19:16:49,563] {logging_mixin.py:104} INFO - [2024-08-14 19:16:49,563] {dag.py:2273} INFO - Setting next_dagrun for dag_with_postgres_operator_v03 to 2022-02-05 00:00:00+00:00
[2024-08-14 19:16:49,572] {scheduler_job.py:190} INFO - Processing /opt/airflow/dags/dag_with_postgres_operator.py took 0.088 seconds
[2024-08-14 19:17:00,158] {scheduler_job.py:182} INFO - Started process (PID=2710) to work on /opt/airflow/dags/dag_with_postgres_operator.py
[2024-08-14 19:17:00,161] {scheduler_job.py:629} INFO - Processing file /opt/airflow/dags/dag_with_postgres_operator.py for tasks to queue
[2024-08-14 19:17:00,162] {logging_mixin.py:104} INFO - [2024-08-14 19:17:00,162] {dagbag.py:448} INFO - Filling up the DagBag from /opt/airflow/dags/dag_with_postgres_operator.py
[2024-08-14 19:17:00,187] {scheduler_job.py:639} INFO - DAG(s) dict_keys(['dag_with_postgres_operator_v03']) retrieved from /opt/airflow/dags/dag_with_postgres_operator.py
[2024-08-14 19:17:00,215] {logging_mixin.py:104} INFO - [2024-08-14 19:17:00,215] {dag.py:1818} INFO - Sync 1 DAGs
[2024-08-14 19:17:00,235] {logging_mixin.py:104} INFO - [2024-08-14 19:17:00,235] {dag.py:2273} INFO - Setting next_dagrun for dag_with_postgres_operator_v03 to 2022-02-05 00:00:00+00:00
[2024-08-14 19:17:00,244] {scheduler_job.py:190} INFO - Processing /opt/airflow/dags/dag_with_postgres_operator.py took 0.090 seconds
[2024-08-14 19:17:10,851] {scheduler_job.py:182} INFO - Started process (PID=2770) to work on /opt/airflow/dags/dag_with_postgres_operator.py
[2024-08-14 19:17:10,853] {scheduler_job.py:629} INFO - Processing file /opt/airflow/dags/dag_with_postgres_operator.py for tasks to queue
[2024-08-14 19:17:10,854] {logging_mixin.py:104} INFO - [2024-08-14 19:17:10,854] {dagbag.py:448} INFO - Filling up the DagBag from /opt/airflow/dags/dag_with_postgres_operator.py
[2024-08-14 19:17:10,878] {scheduler_job.py:639} INFO - DAG(s) dict_keys(['dag_with_postgres_operator_v03']) retrieved from /opt/airflow/dags/dag_with_postgres_operator.py
[2024-08-14 19:17:10,907] {logging_mixin.py:104} INFO - [2024-08-14 19:17:10,907] {dag.py:1818} INFO - Sync 1 DAGs
[2024-08-14 19:17:10,927] {logging_mixin.py:104} INFO - [2024-08-14 19:17:10,927] {dag.py:2273} INFO - Setting next_dagrun for dag_with_postgres_operator_v03 to 2022-02-05 00:00:00+00:00
[2024-08-14 19:17:10,936] {scheduler_job.py:190} INFO - Processing /opt/airflow/dags/dag_with_postgres_operator.py took 0.090 seconds
[2024-08-14 19:17:21,550] {scheduler_job.py:182} INFO - Started process (PID=2830) to work on /opt/airflow/dags/dag_with_postgres_operator.py
[2024-08-14 19:17:21,552] {scheduler_job.py:629} INFO - Processing file /opt/airflow/dags/dag_with_postgres_operator.py for tasks to queue
[2024-08-14 19:17:21,553] {logging_mixin.py:104} INFO - [2024-08-14 19:17:21,553] {dagbag.py:448} INFO - Filling up the DagBag from /opt/airflow/dags/dag_with_postgres_operator.py
[2024-08-14 19:17:21,577] {scheduler_job.py:639} INFO - DAG(s) dict_keys(['dag_with_postgres_operator_v03']) retrieved from /opt/airflow/dags/dag_with_postgres_operator.py
[2024-08-14 19:17:21,605] {logging_mixin.py:104} INFO - [2024-08-14 19:17:21,605] {dag.py:1818} INFO - Sync 1 DAGs
[2024-08-14 19:17:21,628] {logging_mixin.py:104} INFO - [2024-08-14 19:17:21,628] {dag.py:2273} INFO - Setting next_dagrun for dag_with_postgres_operator_v03 to 2022-02-05 00:00:00+00:00
[2024-08-14 19:17:21,640] {scheduler_job.py:190} INFO - Processing /opt/airflow/dags/dag_with_postgres_operator.py took 0.095 seconds
[2024-08-14 19:17:32,255] {scheduler_job.py:182} INFO - Started process (PID=2890) to work on /opt/airflow/dags/dag_with_postgres_operator.py
[2024-08-14 19:17:32,257] {scheduler_job.py:629} INFO - Processing file /opt/airflow/dags/dag_with_postgres_operator.py for tasks to queue
[2024-08-14 19:17:32,258] {logging_mixin.py:104} INFO - [2024-08-14 19:17:32,258] {dagbag.py:448} INFO - Filling up the DagBag from /opt/airflow/dags/dag_with_postgres_operator.py
[2024-08-14 19:17:32,282] {scheduler_job.py:639} INFO - DAG(s) dict_keys(['dag_with_postgres_operator_v03']) retrieved from /opt/airflow/dags/dag_with_postgres_operator.py
[2024-08-14 19:17:32,317] {logging_mixin.py:104} INFO - [2024-08-14 19:17:32,317] {dag.py:1818} INFO - Sync 1 DAGs
[2024-08-14 19:17:32,343] {logging_mixin.py:104} INFO - [2024-08-14 19:17:32,342] {dag.py:2273} INFO - Setting next_dagrun for dag_with_postgres_operator_v03 to 2022-02-05 00:00:00+00:00
[2024-08-14 19:17:32,353] {scheduler_job.py:190} INFO - Processing /opt/airflow/dags/dag_with_postgres_operator.py took 0.103 seconds
[2024-08-14 19:17:42,984] {scheduler_job.py:182} INFO - Started process (PID=2950) to work on /opt/airflow/dags/dag_with_postgres_operator.py
[2024-08-14 19:17:42,986] {scheduler_job.py:629} INFO - Processing file /opt/airflow/dags/dag_with_postgres_operator.py for tasks to queue
[2024-08-14 19:17:42,988] {logging_mixin.py:104} INFO - [2024-08-14 19:17:42,987] {dagbag.py:448} INFO - Filling up the DagBag from /opt/airflow/dags/dag_with_postgres_operator.py
[2024-08-14 19:17:43,012] {scheduler_job.py:639} INFO - DAG(s) dict_keys(['dag_with_postgres_operator_v03']) retrieved from /opt/airflow/dags/dag_with_postgres_operator.py
[2024-08-14 19:17:43,042] {logging_mixin.py:104} INFO - [2024-08-14 19:17:43,041] {dag.py:1818} INFO - Sync 1 DAGs
[2024-08-14 19:17:43,063] {logging_mixin.py:104} INFO - [2024-08-14 19:17:43,062] {dag.py:2273} INFO - Setting next_dagrun for dag_with_postgres_operator_v03 to 2022-02-05 00:00:00+00:00
[2024-08-14 19:17:43,073] {scheduler_job.py:190} INFO - Processing /opt/airflow/dags/dag_with_postgres_operator.py took 0.094 seconds
[2024-08-14 19:17:53,817] {scheduler_job.py:182} INFO - Started process (PID=3010) to work on /opt/airflow/dags/dag_with_postgres_operator.py
[2024-08-14 19:17:53,819] {scheduler_job.py:629} INFO - Processing file /opt/airflow/dags/dag_with_postgres_operator.py for tasks to queue
[2024-08-14 19:17:53,821] {logging_mixin.py:104} INFO - [2024-08-14 19:17:53,820] {dagbag.py:448} INFO - Filling up the DagBag from /opt/airflow/dags/dag_with_postgres_operator.py
[2024-08-14 19:17:53,846] {scheduler_job.py:639} INFO - DAG(s) dict_keys(['dag_with_postgres_operator_v03']) retrieved from /opt/airflow/dags/dag_with_postgres_operator.py
[2024-08-14 19:17:53,874] {logging_mixin.py:104} INFO - [2024-08-14 19:17:53,874] {dag.py:1818} INFO - Sync 1 DAGs
[2024-08-14 19:17:53,894] {logging_mixin.py:104} INFO - [2024-08-14 19:17:53,894] {dag.py:2273} INFO - Setting next_dagrun for dag_with_postgres_operator_v03 to 2022-02-05 00:00:00+00:00
[2024-08-14 19:17:53,904] {scheduler_job.py:190} INFO - Processing /opt/airflow/dags/dag_with_postgres_operator.py took 0.093 seconds
[2024-08-14 19:18:04,495] {scheduler_job.py:182} INFO - Started process (PID=3070) to work on /opt/airflow/dags/dag_with_postgres_operator.py
[2024-08-14 19:18:04,497] {scheduler_job.py:629} INFO - Processing file /opt/airflow/dags/dag_with_postgres_operator.py for tasks to queue
[2024-08-14 19:18:04,499] {logging_mixin.py:104} INFO - [2024-08-14 19:18:04,499] {dagbag.py:448} INFO - Filling up the DagBag from /opt/airflow/dags/dag_with_postgres_operator.py
[2024-08-14 19:18:04,523] {scheduler_job.py:639} INFO - DAG(s) dict_keys(['dag_with_postgres_operator_v03']) retrieved from /opt/airflow/dags/dag_with_postgres_operator.py
[2024-08-14 19:18:04,551] {logging_mixin.py:104} INFO - [2024-08-14 19:18:04,551] {dag.py:1818} INFO - Sync 1 DAGs
[2024-08-14 19:18:04,572] {logging_mixin.py:104} INFO - [2024-08-14 19:18:04,572] {dag.py:2273} INFO - Setting next_dagrun for dag_with_postgres_operator_v03 to 2022-02-05 00:00:00+00:00
[2024-08-14 19:18:04,581] {scheduler_job.py:190} INFO - Processing /opt/airflow/dags/dag_with_postgres_operator.py took 0.090 seconds
[2024-08-14 19:18:15,254] {scheduler_job.py:182} INFO - Started process (PID=3130) to work on /opt/airflow/dags/dag_with_postgres_operator.py
[2024-08-14 19:18:15,256] {scheduler_job.py:629} INFO - Processing file /opt/airflow/dags/dag_with_postgres_operator.py for tasks to queue
[2024-08-14 19:18:15,257] {logging_mixin.py:104} INFO - [2024-08-14 19:18:15,257] {dagbag.py:448} INFO - Filling up the DagBag from /opt/airflow/dags/dag_with_postgres_operator.py
[2024-08-14 19:18:15,281] {scheduler_job.py:639} INFO - DAG(s) dict_keys(['dag_with_postgres_operator_v03']) retrieved from /opt/airflow/dags/dag_with_postgres_operator.py
[2024-08-14 19:18:15,309] {logging_mixin.py:104} INFO - [2024-08-14 19:18:15,309] {dag.py:1818} INFO - Sync 1 DAGs
[2024-08-14 19:18:15,329] {logging_mixin.py:104} INFO - [2024-08-14 19:18:15,328] {dag.py:2273} INFO - Setting next_dagrun for dag_with_postgres_operator_v03 to 2022-02-05 00:00:00+00:00
[2024-08-14 19:18:15,337] {scheduler_job.py:190} INFO - Processing /opt/airflow/dags/dag_with_postgres_operator.py took 0.088 seconds
[2024-08-14 19:18:26,038] {scheduler_job.py:182} INFO - Started process (PID=3190) to work on /opt/airflow/dags/dag_with_postgres_operator.py
[2024-08-14 19:18:26,040] {scheduler_job.py:629} INFO - Processing file /opt/airflow/dags/dag_with_postgres_operator.py for tasks to queue
[2024-08-14 19:18:26,042] {logging_mixin.py:104} INFO - [2024-08-14 19:18:26,041] {dagbag.py:448} INFO - Filling up the DagBag from /opt/airflow/dags/dag_with_postgres_operator.py
[2024-08-14 19:18:26,069] {scheduler_job.py:639} INFO - DAG(s) dict_keys(['dag_with_postgres_operator_v03']) retrieved from /opt/airflow/dags/dag_with_postgres_operator.py
[2024-08-14 19:18:26,097] {logging_mixin.py:104} INFO - [2024-08-14 19:18:26,097] {dag.py:1818} INFO - Sync 1 DAGs
[2024-08-14 19:18:26,118] {logging_mixin.py:104} INFO - [2024-08-14 19:18:26,118] {dag.py:2273} INFO - Setting next_dagrun for dag_with_postgres_operator_v03 to 2022-02-05 00:00:00+00:00
[2024-08-14 19:18:26,128] {scheduler_job.py:190} INFO - Processing /opt/airflow/dags/dag_with_postgres_operator.py took 0.096 seconds
[2024-08-14 19:18:36,795] {scheduler_job.py:182} INFO - Started process (PID=3250) to work on /opt/airflow/dags/dag_with_postgres_operator.py
[2024-08-14 19:18:36,797] {scheduler_job.py:629} INFO - Processing file /opt/airflow/dags/dag_with_postgres_operator.py for tasks to queue
[2024-08-14 19:18:36,798] {logging_mixin.py:104} INFO - [2024-08-14 19:18:36,798] {dagbag.py:448} INFO - Filling up the DagBag from /opt/airflow/dags/dag_with_postgres_operator.py
[2024-08-14 19:18:36,822] {scheduler_job.py:639} INFO - DAG(s) dict_keys(['dag_with_postgres_operator_v03']) retrieved from /opt/airflow/dags/dag_with_postgres_operator.py
[2024-08-14 19:18:36,850] {logging_mixin.py:104} INFO - [2024-08-14 19:18:36,850] {dag.py:1818} INFO - Sync 1 DAGs
[2024-08-14 19:18:36,870] {logging_mixin.py:104} INFO - [2024-08-14 19:18:36,869] {dag.py:2273} INFO - Setting next_dagrun for dag_with_postgres_operator_v03 to 2022-02-05 00:00:00+00:00
[2024-08-14 19:18:36,879] {scheduler_job.py:190} INFO - Processing /opt/airflow/dags/dag_with_postgres_operator.py took 0.089 seconds
[2024-08-14 19:18:47,478] {scheduler_job.py:182} INFO - Started process (PID=3310) to work on /opt/airflow/dags/dag_with_postgres_operator.py
[2024-08-14 19:18:47,481] {scheduler_job.py:629} INFO - Processing file /opt/airflow/dags/dag_with_postgres_operator.py for tasks to queue
[2024-08-14 19:18:47,482] {logging_mixin.py:104} INFO - [2024-08-14 19:18:47,482] {dagbag.py:448} INFO - Filling up the DagBag from /opt/airflow/dags/dag_with_postgres_operator.py
[2024-08-14 19:18:47,507] {scheduler_job.py:639} INFO - DAG(s) dict_keys(['dag_with_postgres_operator_v03']) retrieved from /opt/airflow/dags/dag_with_postgres_operator.py
[2024-08-14 19:18:47,536] {logging_mixin.py:104} INFO - [2024-08-14 19:18:47,536] {dag.py:1818} INFO - Sync 1 DAGs
[2024-08-14 19:18:47,572] {logging_mixin.py:104} INFO - [2024-08-14 19:18:47,572] {dag.py:2273} INFO - Setting next_dagrun for dag_with_postgres_operator_v03 to 2022-02-05 00:00:00+00:00
[2024-08-14 19:18:47,586] {scheduler_job.py:190} INFO - Processing /opt/airflow/dags/dag_with_postgres_operator.py took 0.113 seconds
[2024-08-14 19:19:07,231] {scheduler_job.py:182} INFO - Started process (PID=3370) to work on /opt/airflow/dags/dag_with_postgres_operator.py
[2024-08-14 19:19:07,233] {scheduler_job.py:629} INFO - Processing file /opt/airflow/dags/dag_with_postgres_operator.py for tasks to queue
[2024-08-14 19:19:07,234] {logging_mixin.py:104} INFO - [2024-08-14 19:19:07,234] {dagbag.py:448} INFO - Filling up the DagBag from /opt/airflow/dags/dag_with_postgres_operator.py
[2024-08-14 19:19:07,259] {scheduler_job.py:639} INFO - DAG(s) dict_keys(['dag_with_postgres_operator_v03']) retrieved from /opt/airflow/dags/dag_with_postgres_operator.py
[2024-08-14 19:19:07,288] {logging_mixin.py:104} INFO - [2024-08-14 19:19:07,288] {dag.py:1818} INFO - Sync 1 DAGs
[2024-08-14 19:19:07,307] {logging_mixin.py:104} INFO - [2024-08-14 19:19:07,307] {dag.py:2273} INFO - Setting next_dagrun for dag_with_postgres_operator_v03 to 2022-02-05 00:00:00+00:00
[2024-08-14 19:19:07,317] {scheduler_job.py:190} INFO - Processing /opt/airflow/dags/dag_with_postgres_operator.py took 0.091 seconds
[2024-08-14 19:19:18,159] {scheduler_job.py:182} INFO - Started process (PID=3430) to work on /opt/airflow/dags/dag_with_postgres_operator.py
[2024-08-14 19:19:18,161] {scheduler_job.py:629} INFO - Processing file /opt/airflow/dags/dag_with_postgres_operator.py for tasks to queue
[2024-08-14 19:19:18,163] {logging_mixin.py:104} INFO - [2024-08-14 19:19:18,163] {dagbag.py:448} INFO - Filling up the DagBag from /opt/airflow/dags/dag_with_postgres_operator.py
[2024-08-14 19:19:18,192] {scheduler_job.py:639} INFO - DAG(s) dict_keys(['dag_with_postgres_operator_v03']) retrieved from /opt/airflow/dags/dag_with_postgres_operator.py
[2024-08-14 19:19:18,224] {logging_mixin.py:104} INFO - [2024-08-14 19:19:18,224] {dag.py:1818} INFO - Sync 1 DAGs
[2024-08-14 19:19:18,247] {logging_mixin.py:104} INFO - [2024-08-14 19:19:18,247] {dag.py:2273} INFO - Setting next_dagrun for dag_with_postgres_operator_v03 to 2022-02-05 00:00:00+00:00
[2024-08-14 19:19:18,257] {scheduler_job.py:190} INFO - Processing /opt/airflow/dags/dag_with_postgres_operator.py took 0.104 seconds
[2024-08-14 19:19:28,880] {scheduler_job.py:182} INFO - Started process (PID=3490) to work on /opt/airflow/dags/dag_with_postgres_operator.py
[2024-08-14 19:19:28,882] {scheduler_job.py:629} INFO - Processing file /opt/airflow/dags/dag_with_postgres_operator.py for tasks to queue
[2024-08-14 19:19:28,884] {logging_mixin.py:104} INFO - [2024-08-14 19:19:28,883] {dagbag.py:448} INFO - Filling up the DagBag from /opt/airflow/dags/dag_with_postgres_operator.py
[2024-08-14 19:19:28,909] {scheduler_job.py:639} INFO - DAG(s) dict_keys(['dag_with_postgres_operator_v03']) retrieved from /opt/airflow/dags/dag_with_postgres_operator.py
[2024-08-14 19:19:28,939] {logging_mixin.py:104} INFO - [2024-08-14 19:19:28,939] {dag.py:1818} INFO - Sync 1 DAGs
[2024-08-14 19:19:28,963] {logging_mixin.py:104} INFO - [2024-08-14 19:19:28,963] {dag.py:2273} INFO - Setting next_dagrun for dag_with_postgres_operator_v03 to 2022-02-05 00:00:00+00:00
[2024-08-14 19:19:28,974] {scheduler_job.py:190} INFO - Processing /opt/airflow/dags/dag_with_postgres_operator.py took 0.099 seconds
[2024-08-14 19:23:02,983] {scheduler_job.py:182} INFO - Started process (PID=3550) to work on /opt/airflow/dags/dag_with_postgres_operator.py
[2024-08-14 19:23:02,986] {scheduler_job.py:629} INFO - Processing file /opt/airflow/dags/dag_with_postgres_operator.py for tasks to queue
[2024-08-14 19:23:02,988] {logging_mixin.py:104} INFO - [2024-08-14 19:23:02,988] {dagbag.py:448} INFO - Filling up the DagBag from /opt/airflow/dags/dag_with_postgres_operator.py
[2024-08-14 19:23:03,019] {scheduler_job.py:639} INFO - DAG(s) dict_keys(['dag_with_postgres_operator_v03']) retrieved from /opt/airflow/dags/dag_with_postgres_operator.py
[2024-08-14 19:23:03,058] {logging_mixin.py:104} INFO - [2024-08-14 19:23:03,058] {dag.py:1818} INFO - Sync 1 DAGs
[2024-08-14 19:23:03,088] {logging_mixin.py:104} INFO - [2024-08-14 19:23:03,088] {dag.py:2273} INFO - Setting next_dagrun for dag_with_postgres_operator_v03 to 2022-02-05 00:00:00+00:00
[2024-08-14 19:23:03,103] {scheduler_job.py:190} INFO - Processing /opt/airflow/dags/dag_with_postgres_operator.py took 0.126 seconds
[2024-08-14 19:23:13,671] {scheduler_job.py:182} INFO - Started process (PID=3610) to work on /opt/airflow/dags/dag_with_postgres_operator.py
[2024-08-14 19:23:13,677] {scheduler_job.py:629} INFO - Processing file /opt/airflow/dags/dag_with_postgres_operator.py for tasks to queue
[2024-08-14 19:23:13,679] {logging_mixin.py:104} INFO - [2024-08-14 19:23:13,679] {dagbag.py:448} INFO - Filling up the DagBag from /opt/airflow/dags/dag_with_postgres_operator.py
[2024-08-14 19:23:13,719] {scheduler_job.py:639} INFO - DAG(s) dict_keys(['dag_with_postgres_operator_v03']) retrieved from /opt/airflow/dags/dag_with_postgres_operator.py
[2024-08-14 19:23:13,760] {logging_mixin.py:104} INFO - [2024-08-14 19:23:13,760] {dag.py:1818} INFO - Sync 1 DAGs
[2024-08-14 19:23:13,794] {logging_mixin.py:104} INFO - [2024-08-14 19:23:13,794] {dag.py:2273} INFO - Setting next_dagrun for dag_with_postgres_operator_v03 to 2022-02-05 00:00:00+00:00
[2024-08-14 19:23:13,806] {scheduler_job.py:190} INFO - Processing /opt/airflow/dags/dag_with_postgres_operator.py took 0.142 seconds
[2024-08-14 19:23:25,720] {scheduler_job.py:182} INFO - Started process (PID=3670) to work on /opt/airflow/dags/dag_with_postgres_operator.py
[2024-08-14 19:23:25,726] {scheduler_job.py:629} INFO - Processing file /opt/airflow/dags/dag_with_postgres_operator.py for tasks to queue
[2024-08-14 19:23:25,730] {logging_mixin.py:104} INFO - [2024-08-14 19:23:25,730] {dagbag.py:448} INFO - Filling up the DagBag from /opt/airflow/dags/dag_with_postgres_operator.py
[2024-08-14 19:23:25,781] {scheduler_job.py:639} INFO - DAG(s) dict_keys(['dag_with_postgres_operator_v03']) retrieved from /opt/airflow/dags/dag_with_postgres_operator.py
[2024-08-14 19:23:25,835] {logging_mixin.py:104} INFO - [2024-08-14 19:23:25,835] {dag.py:1818} INFO - Sync 1 DAGs
[2024-08-14 19:23:25,870] {logging_mixin.py:104} INFO - [2024-08-14 19:23:25,869] {dag.py:2273} INFO - Setting next_dagrun for dag_with_postgres_operator_v03 to 2022-02-05 00:00:00+00:00
[2024-08-14 19:23:25,906] {scheduler_job.py:190} INFO - Processing /opt/airflow/dags/dag_with_postgres_operator.py took 0.198 seconds
