[2024-08-14 19:09:23,603] {scheduler_job.py:182} INFO - Started process (PID=265) to work on /opt/airflow/dags/dag_with_taskflow_api.py
[2024-08-14 19:09:23,606] {scheduler_job.py:629} INFO - Processing file /opt/airflow/dags/dag_with_taskflow_api.py for tasks to queue
[2024-08-14 19:09:23,610] {logging_mixin.py:104} INFO - [2024-08-14 19:09:23,610] {dagbag.py:448} INFO - Filling up the DagBag from /opt/airflow/dags/dag_with_taskflow_api.py
[2024-08-14 19:09:23,667] {scheduler_job.py:639} INFO - DAG(s) dict_keys(['dag_with_taskflow_api_v02']) retrieved from /opt/airflow/dags/dag_with_taskflow_api.py
[2024-08-14 19:09:23,712] {logging_mixin.py:104} INFO - [2024-08-14 19:09:23,712] {dag.py:1818} INFO - Sync 1 DAGs
[2024-08-14 19:09:23,744] {logging_mixin.py:104} INFO - [2024-08-14 19:09:23,744] {dag.py:2273} INFO - Setting next_dagrun for dag_with_taskflow_api_v02 to 2024-08-14 00:00:00+00:00
[2024-08-14 19:09:23,761] {scheduler_job.py:190} INFO - Processing /opt/airflow/dags/dag_with_taskflow_api.py took 0.167 seconds
[2024-08-14 19:09:34,540] {scheduler_job.py:182} INFO - Started process (PID=325) to work on /opt/airflow/dags/dag_with_taskflow_api.py
[2024-08-14 19:09:34,543] {scheduler_job.py:629} INFO - Processing file /opt/airflow/dags/dag_with_taskflow_api.py for tasks to queue
[2024-08-14 19:09:34,545] {logging_mixin.py:104} INFO - [2024-08-14 19:09:34,545] {dagbag.py:448} INFO - Filling up the DagBag from /opt/airflow/dags/dag_with_taskflow_api.py
[2024-08-14 19:09:34,574] {scheduler_job.py:639} INFO - DAG(s) dict_keys(['dag_with_taskflow_api_v02']) retrieved from /opt/airflow/dags/dag_with_taskflow_api.py
[2024-08-14 19:09:34,613] {logging_mixin.py:104} INFO - [2024-08-14 19:09:34,612] {dag.py:1818} INFO - Sync 1 DAGs
[2024-08-14 19:09:34,665] {logging_mixin.py:104} INFO - [2024-08-14 19:09:34,665] {dag.py:2273} INFO - Setting next_dagrun for dag_with_taskflow_api_v02 to 2024-08-14 00:00:00+00:00
[2024-08-14 19:09:34,681] {scheduler_job.py:190} INFO - Processing /opt/airflow/dags/dag_with_taskflow_api.py took 0.147 seconds
[2024-08-14 19:09:45,470] {scheduler_job.py:182} INFO - Started process (PID=385) to work on /opt/airflow/dags/dag_with_taskflow_api.py
[2024-08-14 19:09:45,473] {scheduler_job.py:629} INFO - Processing file /opt/airflow/dags/dag_with_taskflow_api.py for tasks to queue
[2024-08-14 19:09:45,476] {logging_mixin.py:104} INFO - [2024-08-14 19:09:45,475] {dagbag.py:448} INFO - Filling up the DagBag from /opt/airflow/dags/dag_with_taskflow_api.py
[2024-08-14 19:09:45,497] {scheduler_job.py:639} INFO - DAG(s) dict_keys(['dag_with_taskflow_api_v02']) retrieved from /opt/airflow/dags/dag_with_taskflow_api.py
[2024-08-14 19:09:45,520] {logging_mixin.py:104} INFO - [2024-08-14 19:09:45,520] {dag.py:1818} INFO - Sync 1 DAGs
[2024-08-14 19:09:45,546] {logging_mixin.py:104} INFO - [2024-08-14 19:09:45,545] {dag.py:2273} INFO - Setting next_dagrun for dag_with_taskflow_api_v02 to 2024-08-14 00:00:00+00:00
[2024-08-14 19:09:45,555] {scheduler_job.py:190} INFO - Processing /opt/airflow/dags/dag_with_taskflow_api.py took 0.091 seconds
[2024-08-14 19:09:56,308] {scheduler_job.py:182} INFO - Started process (PID=445) to work on /opt/airflow/dags/dag_with_taskflow_api.py
[2024-08-14 19:09:56,310] {scheduler_job.py:629} INFO - Processing file /opt/airflow/dags/dag_with_taskflow_api.py for tasks to queue
[2024-08-14 19:09:56,312] {logging_mixin.py:104} INFO - [2024-08-14 19:09:56,311] {dagbag.py:448} INFO - Filling up the DagBag from /opt/airflow/dags/dag_with_taskflow_api.py
[2024-08-14 19:09:56,331] {scheduler_job.py:639} INFO - DAG(s) dict_keys(['dag_with_taskflow_api_v02']) retrieved from /opt/airflow/dags/dag_with_taskflow_api.py
[2024-08-14 19:09:56,365] {logging_mixin.py:104} INFO - [2024-08-14 19:09:56,365] {dag.py:1818} INFO - Sync 1 DAGs
[2024-08-14 19:09:56,386] {logging_mixin.py:104} INFO - [2024-08-14 19:09:56,386] {dag.py:2273} INFO - Setting next_dagrun for dag_with_taskflow_api_v02 to 2024-08-14 00:00:00+00:00
[2024-08-14 19:09:56,404] {scheduler_job.py:190} INFO - Processing /opt/airflow/dags/dag_with_taskflow_api.py took 0.100 seconds
[2024-08-14 19:10:07,279] {scheduler_job.py:182} INFO - Started process (PID=505) to work on /opt/airflow/dags/dag_with_taskflow_api.py
[2024-08-14 19:10:07,283] {scheduler_job.py:629} INFO - Processing file /opt/airflow/dags/dag_with_taskflow_api.py for tasks to queue
[2024-08-14 19:10:07,286] {logging_mixin.py:104} INFO - [2024-08-14 19:10:07,285] {dagbag.py:448} INFO - Filling up the DagBag from /opt/airflow/dags/dag_with_taskflow_api.py
[2024-08-14 19:10:07,312] {scheduler_job.py:639} INFO - DAG(s) dict_keys(['dag_with_taskflow_api_v02']) retrieved from /opt/airflow/dags/dag_with_taskflow_api.py
[2024-08-14 19:10:07,341] {logging_mixin.py:104} INFO - [2024-08-14 19:10:07,341] {dag.py:1818} INFO - Sync 1 DAGs
[2024-08-14 19:10:07,368] {logging_mixin.py:104} INFO - [2024-08-14 19:10:07,367] {dag.py:2273} INFO - Setting next_dagrun for dag_with_taskflow_api_v02 to 2024-08-14 00:00:00+00:00
[2024-08-14 19:10:07,378] {scheduler_job.py:190} INFO - Processing /opt/airflow/dags/dag_with_taskflow_api.py took 0.105 seconds
[2024-08-14 19:10:17,993] {scheduler_job.py:182} INFO - Started process (PID=565) to work on /opt/airflow/dags/dag_with_taskflow_api.py
[2024-08-14 19:10:17,995] {scheduler_job.py:629} INFO - Processing file /opt/airflow/dags/dag_with_taskflow_api.py for tasks to queue
[2024-08-14 19:10:17,996] {logging_mixin.py:104} INFO - [2024-08-14 19:10:17,996] {dagbag.py:448} INFO - Filling up the DagBag from /opt/airflow/dags/dag_with_taskflow_api.py
[2024-08-14 19:10:18,018] {scheduler_job.py:639} INFO - DAG(s) dict_keys(['dag_with_taskflow_api_v02']) retrieved from /opt/airflow/dags/dag_with_taskflow_api.py
[2024-08-14 19:10:18,040] {logging_mixin.py:104} INFO - [2024-08-14 19:10:18,040] {dag.py:1818} INFO - Sync 1 DAGs
[2024-08-14 19:10:18,061] {logging_mixin.py:104} INFO - [2024-08-14 19:10:18,061] {dag.py:2273} INFO - Setting next_dagrun for dag_with_taskflow_api_v02 to 2024-08-14 00:00:00+00:00
[2024-08-14 19:10:18,072] {scheduler_job.py:190} INFO - Processing /opt/airflow/dags/dag_with_taskflow_api.py took 0.084 seconds
[2024-08-14 19:10:28,691] {scheduler_job.py:182} INFO - Started process (PID=625) to work on /opt/airflow/dags/dag_with_taskflow_api.py
[2024-08-14 19:10:28,693] {scheduler_job.py:629} INFO - Processing file /opt/airflow/dags/dag_with_taskflow_api.py for tasks to queue
[2024-08-14 19:10:28,695] {logging_mixin.py:104} INFO - [2024-08-14 19:10:28,695] {dagbag.py:448} INFO - Filling up the DagBag from /opt/airflow/dags/dag_with_taskflow_api.py
[2024-08-14 19:10:28,714] {scheduler_job.py:639} INFO - DAG(s) dict_keys(['dag_with_taskflow_api_v02']) retrieved from /opt/airflow/dags/dag_with_taskflow_api.py
[2024-08-14 19:10:28,745] {logging_mixin.py:104} INFO - [2024-08-14 19:10:28,745] {dag.py:1818} INFO - Sync 1 DAGs
[2024-08-14 19:10:28,766] {logging_mixin.py:104} INFO - [2024-08-14 19:10:28,766] {dag.py:2273} INFO - Setting next_dagrun for dag_with_taskflow_api_v02 to 2024-08-14 00:00:00+00:00
[2024-08-14 19:10:28,777] {scheduler_job.py:190} INFO - Processing /opt/airflow/dags/dag_with_taskflow_api.py took 0.091 seconds
[2024-08-14 19:10:39,422] {scheduler_job.py:182} INFO - Started process (PID=685) to work on /opt/airflow/dags/dag_with_taskflow_api.py
[2024-08-14 19:10:39,425] {scheduler_job.py:629} INFO - Processing file /opt/airflow/dags/dag_with_taskflow_api.py for tasks to queue
[2024-08-14 19:10:39,427] {logging_mixin.py:104} INFO - [2024-08-14 19:10:39,427] {dagbag.py:448} INFO - Filling up the DagBag from /opt/airflow/dags/dag_with_taskflow_api.py
[2024-08-14 19:10:39,449] {scheduler_job.py:639} INFO - DAG(s) dict_keys(['dag_with_taskflow_api_v02']) retrieved from /opt/airflow/dags/dag_with_taskflow_api.py
[2024-08-14 19:10:39,473] {logging_mixin.py:104} INFO - [2024-08-14 19:10:39,473] {dag.py:1818} INFO - Sync 1 DAGs
[2024-08-14 19:10:39,495] {logging_mixin.py:104} INFO - [2024-08-14 19:10:39,495] {dag.py:2273} INFO - Setting next_dagrun for dag_with_taskflow_api_v02 to 2024-08-14 00:00:00+00:00
[2024-08-14 19:10:39,505] {scheduler_job.py:190} INFO - Processing /opt/airflow/dags/dag_with_taskflow_api.py took 0.087 seconds
[2024-08-14 19:10:50,125] {scheduler_job.py:182} INFO - Started process (PID=745) to work on /opt/airflow/dags/dag_with_taskflow_api.py
[2024-08-14 19:10:50,128] {scheduler_job.py:629} INFO - Processing file /opt/airflow/dags/dag_with_taskflow_api.py for tasks to queue
[2024-08-14 19:10:50,130] {logging_mixin.py:104} INFO - [2024-08-14 19:10:50,130] {dagbag.py:448} INFO - Filling up the DagBag from /opt/airflow/dags/dag_with_taskflow_api.py
[2024-08-14 19:10:50,149] {scheduler_job.py:639} INFO - DAG(s) dict_keys(['dag_with_taskflow_api_v02']) retrieved from /opt/airflow/dags/dag_with_taskflow_api.py
[2024-08-14 19:10:50,171] {logging_mixin.py:104} INFO - [2024-08-14 19:10:50,171] {dag.py:1818} INFO - Sync 1 DAGs
[2024-08-14 19:10:50,195] {logging_mixin.py:104} INFO - [2024-08-14 19:10:50,195] {dag.py:2273} INFO - Setting next_dagrun for dag_with_taskflow_api_v02 to 2024-08-14 00:00:00+00:00
[2024-08-14 19:10:50,205] {scheduler_job.py:190} INFO - Processing /opt/airflow/dags/dag_with_taskflow_api.py took 0.084 seconds
[2024-08-14 19:11:00,965] {scheduler_job.py:182} INFO - Started process (PID=805) to work on /opt/airflow/dags/dag_with_taskflow_api.py
[2024-08-14 19:11:00,969] {scheduler_job.py:629} INFO - Processing file /opt/airflow/dags/dag_with_taskflow_api.py for tasks to queue
[2024-08-14 19:11:00,971] {logging_mixin.py:104} INFO - [2024-08-14 19:11:00,971] {dagbag.py:448} INFO - Filling up the DagBag from /opt/airflow/dags/dag_with_taskflow_api.py
[2024-08-14 19:11:00,999] {scheduler_job.py:639} INFO - DAG(s) dict_keys(['dag_with_taskflow_api_v02']) retrieved from /opt/airflow/dags/dag_with_taskflow_api.py
[2024-08-14 19:11:01,038] {logging_mixin.py:104} INFO - [2024-08-14 19:11:01,037] {dag.py:1818} INFO - Sync 1 DAGs
[2024-08-14 19:11:01,066] {logging_mixin.py:104} INFO - [2024-08-14 19:11:01,066] {dag.py:2273} INFO - Setting next_dagrun for dag_with_taskflow_api_v02 to 2024-08-14 00:00:00+00:00
[2024-08-14 19:11:01,085] {scheduler_job.py:190} INFO - Processing /opt/airflow/dags/dag_with_taskflow_api.py took 0.126 seconds
[2024-08-14 19:11:11,806] {scheduler_job.py:182} INFO - Started process (PID=865) to work on /opt/airflow/dags/dag_with_taskflow_api.py
[2024-08-14 19:11:11,809] {scheduler_job.py:629} INFO - Processing file /opt/airflow/dags/dag_with_taskflow_api.py for tasks to queue
[2024-08-14 19:11:11,810] {logging_mixin.py:104} INFO - [2024-08-14 19:11:11,810] {dagbag.py:448} INFO - Filling up the DagBag from /opt/airflow/dags/dag_with_taskflow_api.py
[2024-08-14 19:11:11,836] {scheduler_job.py:639} INFO - DAG(s) dict_keys(['dag_with_taskflow_api_v02']) retrieved from /opt/airflow/dags/dag_with_taskflow_api.py
[2024-08-14 19:11:11,859] {logging_mixin.py:104} INFO - [2024-08-14 19:11:11,859] {dag.py:1818} INFO - Sync 1 DAGs
[2024-08-14 19:11:11,882] {logging_mixin.py:104} INFO - [2024-08-14 19:11:11,882] {dag.py:2273} INFO - Setting next_dagrun for dag_with_taskflow_api_v02 to 2024-08-14 00:00:00+00:00
[2024-08-14 19:11:11,894] {scheduler_job.py:190} INFO - Processing /opt/airflow/dags/dag_with_taskflow_api.py took 0.093 seconds
[2024-08-14 19:11:22,460] {scheduler_job.py:182} INFO - Started process (PID=925) to work on /opt/airflow/dags/dag_with_taskflow_api.py
[2024-08-14 19:11:22,462] {scheduler_job.py:629} INFO - Processing file /opt/airflow/dags/dag_with_taskflow_api.py for tasks to queue
[2024-08-14 19:11:22,464] {logging_mixin.py:104} INFO - [2024-08-14 19:11:22,464] {dagbag.py:448} INFO - Filling up the DagBag from /opt/airflow/dags/dag_with_taskflow_api.py
[2024-08-14 19:11:22,484] {scheduler_job.py:639} INFO - DAG(s) dict_keys(['dag_with_taskflow_api_v02']) retrieved from /opt/airflow/dags/dag_with_taskflow_api.py
[2024-08-14 19:11:22,504] {logging_mixin.py:104} INFO - [2024-08-14 19:11:22,504] {dag.py:1818} INFO - Sync 1 DAGs
[2024-08-14 19:11:22,525] {logging_mixin.py:104} INFO - [2024-08-14 19:11:22,525] {dag.py:2273} INFO - Setting next_dagrun for dag_with_taskflow_api_v02 to 2024-08-14 00:00:00+00:00
[2024-08-14 19:11:22,534] {scheduler_job.py:190} INFO - Processing /opt/airflow/dags/dag_with_taskflow_api.py took 0.079 seconds
[2024-08-14 19:11:33,254] {scheduler_job.py:182} INFO - Started process (PID=985) to work on /opt/airflow/dags/dag_with_taskflow_api.py
[2024-08-14 19:11:33,257] {scheduler_job.py:629} INFO - Processing file /opt/airflow/dags/dag_with_taskflow_api.py for tasks to queue
[2024-08-14 19:11:33,259] {logging_mixin.py:104} INFO - [2024-08-14 19:11:33,259] {dagbag.py:448} INFO - Filling up the DagBag from /opt/airflow/dags/dag_with_taskflow_api.py
[2024-08-14 19:11:33,280] {scheduler_job.py:639} INFO - DAG(s) dict_keys(['dag_with_taskflow_api_v02']) retrieved from /opt/airflow/dags/dag_with_taskflow_api.py
[2024-08-14 19:11:33,318] {logging_mixin.py:104} INFO - [2024-08-14 19:11:33,318] {dag.py:1818} INFO - Sync 1 DAGs
[2024-08-14 19:11:33,343] {logging_mixin.py:104} INFO - [2024-08-14 19:11:33,343] {dag.py:2273} INFO - Setting next_dagrun for dag_with_taskflow_api_v02 to 2024-08-14 00:00:00+00:00
[2024-08-14 19:11:33,360] {scheduler_job.py:190} INFO - Processing /opt/airflow/dags/dag_with_taskflow_api.py took 0.112 seconds
[2024-08-14 19:11:44,110] {scheduler_job.py:182} INFO - Started process (PID=1045) to work on /opt/airflow/dags/dag_with_taskflow_api.py
[2024-08-14 19:11:44,112] {scheduler_job.py:629} INFO - Processing file /opt/airflow/dags/dag_with_taskflow_api.py for tasks to queue
[2024-08-14 19:11:44,113] {logging_mixin.py:104} INFO - [2024-08-14 19:11:44,113] {dagbag.py:448} INFO - Filling up the DagBag from /opt/airflow/dags/dag_with_taskflow_api.py
[2024-08-14 19:11:44,134] {scheduler_job.py:639} INFO - DAG(s) dict_keys(['dag_with_taskflow_api_v02']) retrieved from /opt/airflow/dags/dag_with_taskflow_api.py
[2024-08-14 19:11:44,156] {logging_mixin.py:104} INFO - [2024-08-14 19:11:44,156] {dag.py:1818} INFO - Sync 1 DAGs
[2024-08-14 19:11:44,180] {logging_mixin.py:104} INFO - [2024-08-14 19:11:44,180] {dag.py:2273} INFO - Setting next_dagrun for dag_with_taskflow_api_v02 to 2024-08-14 00:00:00+00:00
[2024-08-14 19:11:44,189] {scheduler_job.py:190} INFO - Processing /opt/airflow/dags/dag_with_taskflow_api.py took 0.084 seconds
[2024-08-14 19:11:54,778] {scheduler_job.py:182} INFO - Started process (PID=1105) to work on /opt/airflow/dags/dag_with_taskflow_api.py
[2024-08-14 19:11:54,780] {scheduler_job.py:629} INFO - Processing file /opt/airflow/dags/dag_with_taskflow_api.py for tasks to queue
[2024-08-14 19:11:54,782] {logging_mixin.py:104} INFO - [2024-08-14 19:11:54,781] {dagbag.py:448} INFO - Filling up the DagBag from /opt/airflow/dags/dag_with_taskflow_api.py
[2024-08-14 19:11:54,806] {scheduler_job.py:639} INFO - DAG(s) dict_keys(['dag_with_taskflow_api_v02']) retrieved from /opt/airflow/dags/dag_with_taskflow_api.py
[2024-08-14 19:11:54,827] {logging_mixin.py:104} INFO - [2024-08-14 19:11:54,827] {dag.py:1818} INFO - Sync 1 DAGs
[2024-08-14 19:11:54,849] {logging_mixin.py:104} INFO - [2024-08-14 19:11:54,848] {dag.py:2273} INFO - Setting next_dagrun for dag_with_taskflow_api_v02 to 2024-08-14 00:00:00+00:00
[2024-08-14 19:11:54,858] {scheduler_job.py:190} INFO - Processing /opt/airflow/dags/dag_with_taskflow_api.py took 0.085 seconds
[2024-08-14 19:12:05,554] {scheduler_job.py:182} INFO - Started process (PID=1165) to work on /opt/airflow/dags/dag_with_taskflow_api.py
[2024-08-14 19:12:05,556] {scheduler_job.py:629} INFO - Processing file /opt/airflow/dags/dag_with_taskflow_api.py for tasks to queue
[2024-08-14 19:12:05,557] {logging_mixin.py:104} INFO - [2024-08-14 19:12:05,557] {dagbag.py:448} INFO - Filling up the DagBag from /opt/airflow/dags/dag_with_taskflow_api.py
[2024-08-14 19:12:05,578] {scheduler_job.py:639} INFO - DAG(s) dict_keys(['dag_with_taskflow_api_v02']) retrieved from /opt/airflow/dags/dag_with_taskflow_api.py
[2024-08-14 19:12:05,617] {logging_mixin.py:104} INFO - [2024-08-14 19:12:05,617] {dag.py:1818} INFO - Sync 1 DAGs
[2024-08-14 19:12:05,641] {logging_mixin.py:104} INFO - [2024-08-14 19:12:05,641] {dag.py:2273} INFO - Setting next_dagrun for dag_with_taskflow_api_v02 to 2024-08-14 00:00:00+00:00
[2024-08-14 19:12:05,658] {scheduler_job.py:190} INFO - Processing /opt/airflow/dags/dag_with_taskflow_api.py took 0.109 seconds
[2024-08-14 19:12:16,275] {scheduler_job.py:182} INFO - Started process (PID=1225) to work on /opt/airflow/dags/dag_with_taskflow_api.py
[2024-08-14 19:12:16,277] {scheduler_job.py:629} INFO - Processing file /opt/airflow/dags/dag_with_taskflow_api.py for tasks to queue
[2024-08-14 19:12:16,278] {logging_mixin.py:104} INFO - [2024-08-14 19:12:16,278] {dagbag.py:448} INFO - Filling up the DagBag from /opt/airflow/dags/dag_with_taskflow_api.py
[2024-08-14 19:12:16,298] {scheduler_job.py:639} INFO - DAG(s) dict_keys(['dag_with_taskflow_api_v02']) retrieved from /opt/airflow/dags/dag_with_taskflow_api.py
[2024-08-14 19:12:16,318] {logging_mixin.py:104} INFO - [2024-08-14 19:12:16,318] {dag.py:1818} INFO - Sync 1 DAGs
[2024-08-14 19:12:16,338] {logging_mixin.py:104} INFO - [2024-08-14 19:12:16,338] {dag.py:2273} INFO - Setting next_dagrun for dag_with_taskflow_api_v02 to 2024-08-14 00:00:00+00:00
[2024-08-14 19:12:16,348] {scheduler_job.py:190} INFO - Processing /opt/airflow/dags/dag_with_taskflow_api.py took 0.078 seconds
[2024-08-14 19:12:27,318] {scheduler_job.py:182} INFO - Started process (PID=1285) to work on /opt/airflow/dags/dag_with_taskflow_api.py
[2024-08-14 19:12:27,321] {scheduler_job.py:629} INFO - Processing file /opt/airflow/dags/dag_with_taskflow_api.py for tasks to queue
[2024-08-14 19:12:27,322] {logging_mixin.py:104} INFO - [2024-08-14 19:12:27,322] {dagbag.py:448} INFO - Filling up the DagBag from /opt/airflow/dags/dag_with_taskflow_api.py
[2024-08-14 19:12:27,343] {scheduler_job.py:639} INFO - DAG(s) dict_keys(['dag_with_taskflow_api_v02']) retrieved from /opt/airflow/dags/dag_with_taskflow_api.py
[2024-08-14 19:12:27,366] {logging_mixin.py:104} INFO - [2024-08-14 19:12:27,366] {dag.py:1818} INFO - Sync 1 DAGs
[2024-08-14 19:12:27,390] {logging_mixin.py:104} INFO - [2024-08-14 19:12:27,390] {dag.py:2273} INFO - Setting next_dagrun for dag_with_taskflow_api_v02 to 2024-08-14 00:00:00+00:00
[2024-08-14 19:12:27,400] {scheduler_job.py:190} INFO - Processing /opt/airflow/dags/dag_with_taskflow_api.py took 0.087 seconds
[2024-08-14 19:12:38,190] {scheduler_job.py:182} INFO - Started process (PID=1347) to work on /opt/airflow/dags/dag_with_taskflow_api.py
[2024-08-14 19:12:38,193] {scheduler_job.py:629} INFO - Processing file /opt/airflow/dags/dag_with_taskflow_api.py for tasks to queue
[2024-08-14 19:12:38,194] {logging_mixin.py:104} INFO - [2024-08-14 19:12:38,194] {dagbag.py:448} INFO - Filling up the DagBag from /opt/airflow/dags/dag_with_taskflow_api.py
[2024-08-14 19:12:38,214] {scheduler_job.py:639} INFO - DAG(s) dict_keys(['dag_with_taskflow_api_v02']) retrieved from /opt/airflow/dags/dag_with_taskflow_api.py
[2024-08-14 19:12:38,247] {logging_mixin.py:104} INFO - [2024-08-14 19:12:38,247] {dag.py:1818} INFO - Sync 1 DAGs
[2024-08-14 19:12:38,268] {logging_mixin.py:104} INFO - [2024-08-14 19:12:38,268] {dag.py:2273} INFO - Setting next_dagrun for dag_with_taskflow_api_v02 to 2024-08-14 00:00:00+00:00
[2024-08-14 19:12:38,282] {scheduler_job.py:190} INFO - Processing /opt/airflow/dags/dag_with_taskflow_api.py took 0.097 seconds
[2024-08-14 19:12:48,897] {scheduler_job.py:182} INFO - Started process (PID=1405) to work on /opt/airflow/dags/dag_with_taskflow_api.py
[2024-08-14 19:12:48,902] {scheduler_job.py:629} INFO - Processing file /opt/airflow/dags/dag_with_taskflow_api.py for tasks to queue
[2024-08-14 19:12:48,905] {logging_mixin.py:104} INFO - [2024-08-14 19:12:48,905] {dagbag.py:448} INFO - Filling up the DagBag from /opt/airflow/dags/dag_with_taskflow_api.py
[2024-08-14 19:12:48,939] {scheduler_job.py:639} INFO - DAG(s) dict_keys(['dag_with_taskflow_api_v02']) retrieved from /opt/airflow/dags/dag_with_taskflow_api.py
[2024-08-14 19:12:48,970] {logging_mixin.py:104} INFO - [2024-08-14 19:12:48,970] {dag.py:1818} INFO - Sync 1 DAGs
[2024-08-14 19:12:49,014] {logging_mixin.py:104} INFO - [2024-08-14 19:12:49,013] {dag.py:2273} INFO - Setting next_dagrun for dag_with_taskflow_api_v02 to 2024-08-14 00:00:00+00:00
[2024-08-14 19:12:49,033] {scheduler_job.py:190} INFO - Processing /opt/airflow/dags/dag_with_taskflow_api.py took 0.148 seconds
[2024-08-14 19:12:59,640] {scheduler_job.py:182} INFO - Started process (PID=1465) to work on /opt/airflow/dags/dag_with_taskflow_api.py
[2024-08-14 19:12:59,642] {scheduler_job.py:629} INFO - Processing file /opt/airflow/dags/dag_with_taskflow_api.py for tasks to queue
[2024-08-14 19:12:59,644] {logging_mixin.py:104} INFO - [2024-08-14 19:12:59,644] {dagbag.py:448} INFO - Filling up the DagBag from /opt/airflow/dags/dag_with_taskflow_api.py
[2024-08-14 19:12:59,665] {scheduler_job.py:639} INFO - DAG(s) dict_keys(['dag_with_taskflow_api_v02']) retrieved from /opt/airflow/dags/dag_with_taskflow_api.py
[2024-08-14 19:12:59,687] {logging_mixin.py:104} INFO - [2024-08-14 19:12:59,687] {dag.py:1818} INFO - Sync 1 DAGs
[2024-08-14 19:12:59,716] {logging_mixin.py:104} INFO - [2024-08-14 19:12:59,716] {dag.py:2273} INFO - Setting next_dagrun for dag_with_taskflow_api_v02 to 2024-08-14 00:00:00+00:00
[2024-08-14 19:12:59,731] {scheduler_job.py:190} INFO - Processing /opt/airflow/dags/dag_with_taskflow_api.py took 0.096 seconds
[2024-08-14 19:13:10,521] {scheduler_job.py:182} INFO - Started process (PID=1525) to work on /opt/airflow/dags/dag_with_taskflow_api.py
[2024-08-14 19:13:10,524] {scheduler_job.py:629} INFO - Processing file /opt/airflow/dags/dag_with_taskflow_api.py for tasks to queue
[2024-08-14 19:13:10,526] {logging_mixin.py:104} INFO - [2024-08-14 19:13:10,526] {dagbag.py:448} INFO - Filling up the DagBag from /opt/airflow/dags/dag_with_taskflow_api.py
[2024-08-14 19:13:10,549] {scheduler_job.py:639} INFO - DAG(s) dict_keys(['dag_with_taskflow_api_v02']) retrieved from /opt/airflow/dags/dag_with_taskflow_api.py
[2024-08-14 19:13:10,586] {logging_mixin.py:104} INFO - [2024-08-14 19:13:10,586] {dag.py:1818} INFO - Sync 1 DAGs
[2024-08-14 19:13:10,610] {logging_mixin.py:104} INFO - [2024-08-14 19:13:10,610] {dag.py:2273} INFO - Setting next_dagrun for dag_with_taskflow_api_v02 to 2024-08-14 00:00:00+00:00
[2024-08-14 19:13:10,628] {scheduler_job.py:190} INFO - Processing /opt/airflow/dags/dag_with_taskflow_api.py took 0.113 seconds
[2024-08-14 19:13:21,287] {scheduler_job.py:182} INFO - Started process (PID=1585) to work on /opt/airflow/dags/dag_with_taskflow_api.py
[2024-08-14 19:13:21,290] {scheduler_job.py:629} INFO - Processing file /opt/airflow/dags/dag_with_taskflow_api.py for tasks to queue
[2024-08-14 19:13:21,291] {logging_mixin.py:104} INFO - [2024-08-14 19:13:21,291] {dagbag.py:448} INFO - Filling up the DagBag from /opt/airflow/dags/dag_with_taskflow_api.py
[2024-08-14 19:13:21,319] {scheduler_job.py:639} INFO - DAG(s) dict_keys(['dag_with_taskflow_api_v02']) retrieved from /opt/airflow/dags/dag_with_taskflow_api.py
[2024-08-14 19:13:21,344] {logging_mixin.py:104} INFO - [2024-08-14 19:13:21,344] {dag.py:1818} INFO - Sync 1 DAGs
[2024-08-14 19:13:21,372] {logging_mixin.py:104} INFO - [2024-08-14 19:13:21,372] {dag.py:2273} INFO - Setting next_dagrun for dag_with_taskflow_api_v02 to 2024-08-14 00:00:00+00:00
[2024-08-14 19:13:21,384] {scheduler_job.py:190} INFO - Processing /opt/airflow/dags/dag_with_taskflow_api.py took 0.102 seconds
[2024-08-14 19:13:32,008] {scheduler_job.py:182} INFO - Started process (PID=1645) to work on /opt/airflow/dags/dag_with_taskflow_api.py
[2024-08-14 19:13:32,012] {scheduler_job.py:629} INFO - Processing file /opt/airflow/dags/dag_with_taskflow_api.py for tasks to queue
[2024-08-14 19:13:32,015] {logging_mixin.py:104} INFO - [2024-08-14 19:13:32,014] {dagbag.py:448} INFO - Filling up the DagBag from /opt/airflow/dags/dag_with_taskflow_api.py
[2024-08-14 19:13:32,038] {scheduler_job.py:639} INFO - DAG(s) dict_keys(['dag_with_taskflow_api_v02']) retrieved from /opt/airflow/dags/dag_with_taskflow_api.py
[2024-08-14 19:13:32,064] {logging_mixin.py:104} INFO - [2024-08-14 19:13:32,064] {dag.py:1818} INFO - Sync 1 DAGs
[2024-08-14 19:13:32,096] {logging_mixin.py:104} INFO - [2024-08-14 19:13:32,096] {dag.py:2273} INFO - Setting next_dagrun for dag_with_taskflow_api_v02 to 2024-08-14 00:00:00+00:00
[2024-08-14 19:13:32,110] {scheduler_job.py:190} INFO - Processing /opt/airflow/dags/dag_with_taskflow_api.py took 0.107 seconds
[2024-08-14 19:13:42,778] {scheduler_job.py:182} INFO - Started process (PID=1705) to work on /opt/airflow/dags/dag_with_taskflow_api.py
[2024-08-14 19:13:42,780] {scheduler_job.py:629} INFO - Processing file /opt/airflow/dags/dag_with_taskflow_api.py for tasks to queue
[2024-08-14 19:13:42,782] {logging_mixin.py:104} INFO - [2024-08-14 19:13:42,782] {dagbag.py:448} INFO - Filling up the DagBag from /opt/airflow/dags/dag_with_taskflow_api.py
[2024-08-14 19:13:42,811] {scheduler_job.py:639} INFO - DAG(s) dict_keys(['dag_with_taskflow_api_v02']) retrieved from /opt/airflow/dags/dag_with_taskflow_api.py
[2024-08-14 19:13:42,857] {logging_mixin.py:104} INFO - [2024-08-14 19:13:42,857] {dag.py:1818} INFO - Sync 1 DAGs
[2024-08-14 19:13:42,883] {logging_mixin.py:104} INFO - [2024-08-14 19:13:42,883] {dag.py:2273} INFO - Setting next_dagrun for dag_with_taskflow_api_v02 to 2024-08-14 00:00:00+00:00
[2024-08-14 19:13:42,901] {scheduler_job.py:190} INFO - Processing /opt/airflow/dags/dag_with_taskflow_api.py took 0.129 seconds
[2024-08-14 19:14:07,869] {scheduler_job.py:182} INFO - Started process (PID=1765) to work on /opt/airflow/dags/dag_with_taskflow_api.py
[2024-08-14 19:14:07,871] {scheduler_job.py:629} INFO - Processing file /opt/airflow/dags/dag_with_taskflow_api.py for tasks to queue
[2024-08-14 19:14:07,873] {logging_mixin.py:104} INFO - [2024-08-14 19:14:07,873] {dagbag.py:448} INFO - Filling up the DagBag from /opt/airflow/dags/dag_with_taskflow_api.py
[2024-08-14 19:14:07,895] {scheduler_job.py:639} INFO - DAG(s) dict_keys(['dag_with_taskflow_api_v02']) retrieved from /opt/airflow/dags/dag_with_taskflow_api.py
[2024-08-14 19:14:07,919] {logging_mixin.py:104} INFO - [2024-08-14 19:14:07,919] {dag.py:1818} INFO - Sync 1 DAGs
[2024-08-14 19:14:07,958] {logging_mixin.py:104} INFO - [2024-08-14 19:14:07,958] {dag.py:2273} INFO - Setting next_dagrun for dag_with_taskflow_api_v02 to 2024-08-14 00:00:00+00:00
[2024-08-14 19:14:08,024] {scheduler_job.py:190} INFO - Processing /opt/airflow/dags/dag_with_taskflow_api.py took 0.160 seconds
[2024-08-14 19:14:18,802] {scheduler_job.py:182} INFO - Started process (PID=1825) to work on /opt/airflow/dags/dag_with_taskflow_api.py
[2024-08-14 19:14:18,805] {scheduler_job.py:629} INFO - Processing file /opt/airflow/dags/dag_with_taskflow_api.py for tasks to queue
[2024-08-14 19:14:18,807] {logging_mixin.py:104} INFO - [2024-08-14 19:14:18,807] {dagbag.py:448} INFO - Filling up the DagBag from /opt/airflow/dags/dag_with_taskflow_api.py
[2024-08-14 19:14:18,829] {scheduler_job.py:639} INFO - DAG(s) dict_keys(['dag_with_taskflow_api_v02']) retrieved from /opt/airflow/dags/dag_with_taskflow_api.py
[2024-08-14 19:14:18,869] {logging_mixin.py:104} INFO - [2024-08-14 19:14:18,869] {dag.py:1818} INFO - Sync 1 DAGs
[2024-08-14 19:14:18,895] {logging_mixin.py:104} INFO - [2024-08-14 19:14:18,894] {dag.py:2273} INFO - Setting next_dagrun for dag_with_taskflow_api_v02 to 2024-08-14 00:00:00+00:00
[2024-08-14 19:14:18,908] {scheduler_job.py:190} INFO - Processing /opt/airflow/dags/dag_with_taskflow_api.py took 0.112 seconds
[2024-08-14 19:14:29,657] {scheduler_job.py:182} INFO - Started process (PID=1885) to work on /opt/airflow/dags/dag_with_taskflow_api.py
[2024-08-14 19:14:29,659] {scheduler_job.py:629} INFO - Processing file /opt/airflow/dags/dag_with_taskflow_api.py for tasks to queue
[2024-08-14 19:14:29,661] {logging_mixin.py:104} INFO - [2024-08-14 19:14:29,661] {dagbag.py:448} INFO - Filling up the DagBag from /opt/airflow/dags/dag_with_taskflow_api.py
[2024-08-14 19:14:29,680] {scheduler_job.py:639} INFO - DAG(s) dict_keys(['dag_with_taskflow_api_v02']) retrieved from /opt/airflow/dags/dag_with_taskflow_api.py
[2024-08-14 19:14:29,701] {logging_mixin.py:104} INFO - [2024-08-14 19:14:29,701] {dag.py:1818} INFO - Sync 1 DAGs
[2024-08-14 19:14:29,722] {logging_mixin.py:104} INFO - [2024-08-14 19:14:29,722] {dag.py:2273} INFO - Setting next_dagrun for dag_with_taskflow_api_v02 to 2024-08-14 00:00:00+00:00
[2024-08-14 19:14:29,731] {scheduler_job.py:190} INFO - Processing /opt/airflow/dags/dag_with_taskflow_api.py took 0.079 seconds
[2024-08-14 19:14:40,419] {scheduler_job.py:182} INFO - Started process (PID=1945) to work on /opt/airflow/dags/dag_with_taskflow_api.py
[2024-08-14 19:14:40,423] {scheduler_job.py:629} INFO - Processing file /opt/airflow/dags/dag_with_taskflow_api.py for tasks to queue
[2024-08-14 19:14:40,425] {logging_mixin.py:104} INFO - [2024-08-14 19:14:40,425] {dagbag.py:448} INFO - Filling up the DagBag from /opt/airflow/dags/dag_with_taskflow_api.py
[2024-08-14 19:14:40,449] {scheduler_job.py:639} INFO - DAG(s) dict_keys(['dag_with_taskflow_api_v02']) retrieved from /opt/airflow/dags/dag_with_taskflow_api.py
[2024-08-14 19:14:40,474] {logging_mixin.py:104} INFO - [2024-08-14 19:14:40,474] {dag.py:1818} INFO - Sync 1 DAGs
[2024-08-14 19:14:40,497] {logging_mixin.py:104} INFO - [2024-08-14 19:14:40,497] {dag.py:2273} INFO - Setting next_dagrun for dag_with_taskflow_api_v02 to 2024-08-14 00:00:00+00:00
[2024-08-14 19:14:40,510] {scheduler_job.py:190} INFO - Processing /opt/airflow/dags/dag_with_taskflow_api.py took 0.097 seconds
[2024-08-14 19:14:51,176] {scheduler_job.py:182} INFO - Started process (PID=2005) to work on /opt/airflow/dags/dag_with_taskflow_api.py
[2024-08-14 19:14:51,178] {scheduler_job.py:629} INFO - Processing file /opt/airflow/dags/dag_with_taskflow_api.py for tasks to queue
[2024-08-14 19:14:51,180] {logging_mixin.py:104} INFO - [2024-08-14 19:14:51,180] {dagbag.py:448} INFO - Filling up the DagBag from /opt/airflow/dags/dag_with_taskflow_api.py
[2024-08-14 19:14:51,201] {scheduler_job.py:639} INFO - DAG(s) dict_keys(['dag_with_taskflow_api_v02']) retrieved from /opt/airflow/dags/dag_with_taskflow_api.py
[2024-08-14 19:14:51,250] {logging_mixin.py:104} INFO - [2024-08-14 19:14:51,250] {dag.py:1818} INFO - Sync 1 DAGs
[2024-08-14 19:14:51,274] {logging_mixin.py:104} INFO - [2024-08-14 19:14:51,274] {dag.py:2273} INFO - Setting next_dagrun for dag_with_taskflow_api_v02 to 2024-08-14 00:00:00+00:00
[2024-08-14 19:14:51,291] {scheduler_job.py:190} INFO - Processing /opt/airflow/dags/dag_with_taskflow_api.py took 0.120 seconds
[2024-08-14 19:15:01,981] {scheduler_job.py:182} INFO - Started process (PID=2065) to work on /opt/airflow/dags/dag_with_taskflow_api.py
[2024-08-14 19:15:01,983] {scheduler_job.py:629} INFO - Processing file /opt/airflow/dags/dag_with_taskflow_api.py for tasks to queue
[2024-08-14 19:15:01,985] {logging_mixin.py:104} INFO - [2024-08-14 19:15:01,985] {dagbag.py:448} INFO - Filling up the DagBag from /opt/airflow/dags/dag_with_taskflow_api.py
[2024-08-14 19:15:02,005] {scheduler_job.py:639} INFO - DAG(s) dict_keys(['dag_with_taskflow_api_v02']) retrieved from /opt/airflow/dags/dag_with_taskflow_api.py
[2024-08-14 19:15:02,026] {logging_mixin.py:104} INFO - [2024-08-14 19:15:02,026] {dag.py:1818} INFO - Sync 1 DAGs
[2024-08-14 19:15:02,046] {logging_mixin.py:104} INFO - [2024-08-14 19:15:02,046] {dag.py:2273} INFO - Setting next_dagrun for dag_with_taskflow_api_v02 to 2024-08-14 00:00:00+00:00
[2024-08-14 19:15:02,056] {scheduler_job.py:190} INFO - Processing /opt/airflow/dags/dag_with_taskflow_api.py took 0.080 seconds
[2024-08-14 19:15:12,725] {scheduler_job.py:182} INFO - Started process (PID=2125) to work on /opt/airflow/dags/dag_with_taskflow_api.py
[2024-08-14 19:15:12,727] {scheduler_job.py:629} INFO - Processing file /opt/airflow/dags/dag_with_taskflow_api.py for tasks to queue
[2024-08-14 19:15:12,729] {logging_mixin.py:104} INFO - [2024-08-14 19:15:12,729] {dagbag.py:448} INFO - Filling up the DagBag from /opt/airflow/dags/dag_with_taskflow_api.py
[2024-08-14 19:15:12,750] {scheduler_job.py:639} INFO - DAG(s) dict_keys(['dag_with_taskflow_api_v02']) retrieved from /opt/airflow/dags/dag_with_taskflow_api.py
[2024-08-14 19:15:12,776] {logging_mixin.py:104} INFO - [2024-08-14 19:15:12,776] {dag.py:1818} INFO - Sync 1 DAGs
[2024-08-14 19:15:12,801] {logging_mixin.py:104} INFO - [2024-08-14 19:15:12,801] {dag.py:2273} INFO - Setting next_dagrun for dag_with_taskflow_api_v02 to 2024-08-14 00:00:00+00:00
[2024-08-14 19:15:12,813] {scheduler_job.py:190} INFO - Processing /opt/airflow/dags/dag_with_taskflow_api.py took 0.094 seconds
[2024-08-14 19:15:23,418] {scheduler_job.py:182} INFO - Started process (PID=2185) to work on /opt/airflow/dags/dag_with_taskflow_api.py
[2024-08-14 19:15:23,420] {scheduler_job.py:629} INFO - Processing file /opt/airflow/dags/dag_with_taskflow_api.py for tasks to queue
[2024-08-14 19:15:23,421] {logging_mixin.py:104} INFO - [2024-08-14 19:15:23,421] {dagbag.py:448} INFO - Filling up the DagBag from /opt/airflow/dags/dag_with_taskflow_api.py
[2024-08-14 19:15:23,440] {scheduler_job.py:639} INFO - DAG(s) dict_keys(['dag_with_taskflow_api_v02']) retrieved from /opt/airflow/dags/dag_with_taskflow_api.py
[2024-08-14 19:15:23,474] {logging_mixin.py:104} INFO - [2024-08-14 19:15:23,473] {dag.py:1818} INFO - Sync 1 DAGs
[2024-08-14 19:15:23,493] {logging_mixin.py:104} INFO - [2024-08-14 19:15:23,493] {dag.py:2273} INFO - Setting next_dagrun for dag_with_taskflow_api_v02 to 2024-08-14 00:00:00+00:00
[2024-08-14 19:15:23,505] {scheduler_job.py:190} INFO - Processing /opt/airflow/dags/dag_with_taskflow_api.py took 0.091 seconds
[2024-08-14 19:15:34,171] {scheduler_job.py:182} INFO - Started process (PID=2245) to work on /opt/airflow/dags/dag_with_taskflow_api.py
[2024-08-14 19:15:34,173] {scheduler_job.py:629} INFO - Processing file /opt/airflow/dags/dag_with_taskflow_api.py for tasks to queue
[2024-08-14 19:15:34,175] {logging_mixin.py:104} INFO - [2024-08-14 19:15:34,175] {dagbag.py:448} INFO - Filling up the DagBag from /opt/airflow/dags/dag_with_taskflow_api.py
[2024-08-14 19:15:34,195] {scheduler_job.py:639} INFO - DAG(s) dict_keys(['dag_with_taskflow_api_v02']) retrieved from /opt/airflow/dags/dag_with_taskflow_api.py
[2024-08-14 19:15:34,216] {logging_mixin.py:104} INFO - [2024-08-14 19:15:34,215] {dag.py:1818} INFO - Sync 1 DAGs
[2024-08-14 19:15:34,237] {logging_mixin.py:104} INFO - [2024-08-14 19:15:34,237] {dag.py:2273} INFO - Setting next_dagrun for dag_with_taskflow_api_v02 to 2024-08-14 00:00:00+00:00
[2024-08-14 19:15:34,246] {scheduler_job.py:190} INFO - Processing /opt/airflow/dags/dag_with_taskflow_api.py took 0.079 seconds
[2024-08-14 19:15:44,942] {scheduler_job.py:182} INFO - Started process (PID=2305) to work on /opt/airflow/dags/dag_with_taskflow_api.py
[2024-08-14 19:15:44,945] {scheduler_job.py:629} INFO - Processing file /opt/airflow/dags/dag_with_taskflow_api.py for tasks to queue
[2024-08-14 19:15:44,947] {logging_mixin.py:104} INFO - [2024-08-14 19:15:44,946] {dagbag.py:448} INFO - Filling up the DagBag from /opt/airflow/dags/dag_with_taskflow_api.py
[2024-08-14 19:15:44,972] {scheduler_job.py:639} INFO - DAG(s) dict_keys(['dag_with_taskflow_api_v02']) retrieved from /opt/airflow/dags/dag_with_taskflow_api.py
[2024-08-14 19:15:45,000] {logging_mixin.py:104} INFO - [2024-08-14 19:15:45,000] {dag.py:1818} INFO - Sync 1 DAGs
[2024-08-14 19:15:45,029] {logging_mixin.py:104} INFO - [2024-08-14 19:15:45,029] {dag.py:2273} INFO - Setting next_dagrun for dag_with_taskflow_api_v02 to 2024-08-14 00:00:00+00:00
[2024-08-14 19:15:45,040] {scheduler_job.py:190} INFO - Processing /opt/airflow/dags/dag_with_taskflow_api.py took 0.104 seconds
[2024-08-14 19:15:55,834] {scheduler_job.py:182} INFO - Started process (PID=2365) to work on /opt/airflow/dags/dag_with_taskflow_api.py
[2024-08-14 19:15:55,838] {scheduler_job.py:629} INFO - Processing file /opt/airflow/dags/dag_with_taskflow_api.py for tasks to queue
[2024-08-14 19:15:55,841] {logging_mixin.py:104} INFO - [2024-08-14 19:15:55,841] {dagbag.py:448} INFO - Filling up the DagBag from /opt/airflow/dags/dag_with_taskflow_api.py
[2024-08-14 19:15:55,892] {scheduler_job.py:639} INFO - DAG(s) dict_keys(['dag_with_taskflow_api_v02']) retrieved from /opt/airflow/dags/dag_with_taskflow_api.py
[2024-08-14 19:15:55,955] {logging_mixin.py:104} INFO - [2024-08-14 19:15:55,955] {dag.py:1818} INFO - Sync 1 DAGs
[2024-08-14 19:15:55,982] {logging_mixin.py:104} INFO - [2024-08-14 19:15:55,982] {dag.py:2273} INFO - Setting next_dagrun for dag_with_taskflow_api_v02 to 2024-08-14 00:00:00+00:00
[2024-08-14 19:15:55,995] {scheduler_job.py:190} INFO - Processing /opt/airflow/dags/dag_with_taskflow_api.py took 0.170 seconds
[2024-08-14 19:16:06,740] {scheduler_job.py:182} INFO - Started process (PID=2425) to work on /opt/airflow/dags/dag_with_taskflow_api.py
[2024-08-14 19:16:06,744] {scheduler_job.py:629} INFO - Processing file /opt/airflow/dags/dag_with_taskflow_api.py for tasks to queue
[2024-08-14 19:16:06,747] {logging_mixin.py:104} INFO - [2024-08-14 19:16:06,747] {dagbag.py:448} INFO - Filling up the DagBag from /opt/airflow/dags/dag_with_taskflow_api.py
[2024-08-14 19:16:06,766] {scheduler_job.py:639} INFO - DAG(s) dict_keys(['dag_with_taskflow_api_v02']) retrieved from /opt/airflow/dags/dag_with_taskflow_api.py
[2024-08-14 19:16:06,820] {logging_mixin.py:104} INFO - [2024-08-14 19:16:06,820] {dag.py:1818} INFO - Sync 1 DAGs
[2024-08-14 19:16:06,840] {logging_mixin.py:104} INFO - [2024-08-14 19:16:06,839] {dag.py:2273} INFO - Setting next_dagrun for dag_with_taskflow_api_v02 to 2024-08-14 00:00:00+00:00
[2024-08-14 19:16:06,852] {scheduler_job.py:190} INFO - Processing /opt/airflow/dags/dag_with_taskflow_api.py took 0.117 seconds
[2024-08-14 19:16:17,572] {scheduler_job.py:182} INFO - Started process (PID=2485) to work on /opt/airflow/dags/dag_with_taskflow_api.py
[2024-08-14 19:16:17,576] {scheduler_job.py:629} INFO - Processing file /opt/airflow/dags/dag_with_taskflow_api.py for tasks to queue
[2024-08-14 19:16:17,577] {logging_mixin.py:104} INFO - [2024-08-14 19:16:17,577] {dagbag.py:448} INFO - Filling up the DagBag from /opt/airflow/dags/dag_with_taskflow_api.py
[2024-08-14 19:16:17,597] {scheduler_job.py:639} INFO - DAG(s) dict_keys(['dag_with_taskflow_api_v02']) retrieved from /opt/airflow/dags/dag_with_taskflow_api.py
[2024-08-14 19:16:17,622] {logging_mixin.py:104} INFO - [2024-08-14 19:16:17,622] {dag.py:1818} INFO - Sync 1 DAGs
[2024-08-14 19:16:17,643] {logging_mixin.py:104} INFO - [2024-08-14 19:16:17,643] {dag.py:2273} INFO - Setting next_dagrun for dag_with_taskflow_api_v02 to 2024-08-14 00:00:00+00:00
[2024-08-14 19:16:17,654] {scheduler_job.py:190} INFO - Processing /opt/airflow/dags/dag_with_taskflow_api.py took 0.086 seconds
[2024-08-14 19:16:28,336] {scheduler_job.py:182} INFO - Started process (PID=2545) to work on /opt/airflow/dags/dag_with_taskflow_api.py
[2024-08-14 19:16:28,339] {scheduler_job.py:629} INFO - Processing file /opt/airflow/dags/dag_with_taskflow_api.py for tasks to queue
[2024-08-14 19:16:28,341] {logging_mixin.py:104} INFO - [2024-08-14 19:16:28,341] {dagbag.py:448} INFO - Filling up the DagBag from /opt/airflow/dags/dag_with_taskflow_api.py
[2024-08-14 19:16:28,359] {scheduler_job.py:639} INFO - DAG(s) dict_keys(['dag_with_taskflow_api_v02']) retrieved from /opt/airflow/dags/dag_with_taskflow_api.py
[2024-08-14 19:16:28,380] {logging_mixin.py:104} INFO - [2024-08-14 19:16:28,380] {dag.py:1818} INFO - Sync 1 DAGs
[2024-08-14 19:16:28,401] {logging_mixin.py:104} INFO - [2024-08-14 19:16:28,401] {dag.py:2273} INFO - Setting next_dagrun for dag_with_taskflow_api_v02 to 2024-08-14 00:00:00+00:00
[2024-08-14 19:16:28,410] {scheduler_job.py:190} INFO - Processing /opt/airflow/dags/dag_with_taskflow_api.py took 0.079 seconds
[2024-08-14 19:16:39,020] {scheduler_job.py:182} INFO - Started process (PID=2605) to work on /opt/airflow/dags/dag_with_taskflow_api.py
[2024-08-14 19:16:39,022] {scheduler_job.py:629} INFO - Processing file /opt/airflow/dags/dag_with_taskflow_api.py for tasks to queue
[2024-08-14 19:16:39,024] {logging_mixin.py:104} INFO - [2024-08-14 19:16:39,024] {dagbag.py:448} INFO - Filling up the DagBag from /opt/airflow/dags/dag_with_taskflow_api.py
[2024-08-14 19:16:39,043] {scheduler_job.py:639} INFO - DAG(s) dict_keys(['dag_with_taskflow_api_v02']) retrieved from /opt/airflow/dags/dag_with_taskflow_api.py
[2024-08-14 19:16:39,079] {logging_mixin.py:104} INFO - [2024-08-14 19:16:39,079] {dag.py:1818} INFO - Sync 1 DAGs
[2024-08-14 19:16:39,100] {logging_mixin.py:104} INFO - [2024-08-14 19:16:39,100] {dag.py:2273} INFO - Setting next_dagrun for dag_with_taskflow_api_v02 to 2024-08-14 00:00:00+00:00
[2024-08-14 19:16:39,112] {scheduler_job.py:190} INFO - Processing /opt/airflow/dags/dag_with_taskflow_api.py took 0.096 seconds
[2024-08-14 19:16:49,706] {scheduler_job.py:182} INFO - Started process (PID=2665) to work on /opt/airflow/dags/dag_with_taskflow_api.py
[2024-08-14 19:16:49,708] {scheduler_job.py:629} INFO - Processing file /opt/airflow/dags/dag_with_taskflow_api.py for tasks to queue
[2024-08-14 19:16:49,709] {logging_mixin.py:104} INFO - [2024-08-14 19:16:49,709] {dagbag.py:448} INFO - Filling up the DagBag from /opt/airflow/dags/dag_with_taskflow_api.py
[2024-08-14 19:16:49,728] {scheduler_job.py:639} INFO - DAG(s) dict_keys(['dag_with_taskflow_api_v02']) retrieved from /opt/airflow/dags/dag_with_taskflow_api.py
[2024-08-14 19:16:49,749] {logging_mixin.py:104} INFO - [2024-08-14 19:16:49,749] {dag.py:1818} INFO - Sync 1 DAGs
[2024-08-14 19:16:49,770] {logging_mixin.py:104} INFO - [2024-08-14 19:16:49,770] {dag.py:2273} INFO - Setting next_dagrun for dag_with_taskflow_api_v02 to 2024-08-14 00:00:00+00:00
[2024-08-14 19:16:49,779] {scheduler_job.py:190} INFO - Processing /opt/airflow/dags/dag_with_taskflow_api.py took 0.078 seconds
[2024-08-14 19:17:00,377] {scheduler_job.py:182} INFO - Started process (PID=2725) to work on /opt/airflow/dags/dag_with_taskflow_api.py
[2024-08-14 19:17:00,379] {scheduler_job.py:629} INFO - Processing file /opt/airflow/dags/dag_with_taskflow_api.py for tasks to queue
[2024-08-14 19:17:00,380] {logging_mixin.py:104} INFO - [2024-08-14 19:17:00,380] {dagbag.py:448} INFO - Filling up the DagBag from /opt/airflow/dags/dag_with_taskflow_api.py
[2024-08-14 19:17:00,399] {scheduler_job.py:639} INFO - DAG(s) dict_keys(['dag_with_taskflow_api_v02']) retrieved from /opt/airflow/dags/dag_with_taskflow_api.py
[2024-08-14 19:17:00,420] {logging_mixin.py:104} INFO - [2024-08-14 19:17:00,420] {dag.py:1818} INFO - Sync 1 DAGs
[2024-08-14 19:17:00,441] {logging_mixin.py:104} INFO - [2024-08-14 19:17:00,441] {dag.py:2273} INFO - Setting next_dagrun for dag_with_taskflow_api_v02 to 2024-08-14 00:00:00+00:00
[2024-08-14 19:17:00,450] {scheduler_job.py:190} INFO - Processing /opt/airflow/dags/dag_with_taskflow_api.py took 0.078 seconds
[2024-08-14 19:17:11,079] {scheduler_job.py:182} INFO - Started process (PID=2785) to work on /opt/airflow/dags/dag_with_taskflow_api.py
[2024-08-14 19:17:11,081] {scheduler_job.py:629} INFO - Processing file /opt/airflow/dags/dag_with_taskflow_api.py for tasks to queue
[2024-08-14 19:17:11,082] {logging_mixin.py:104} INFO - [2024-08-14 19:17:11,082] {dagbag.py:448} INFO - Filling up the DagBag from /opt/airflow/dags/dag_with_taskflow_api.py
[2024-08-14 19:17:11,102] {scheduler_job.py:639} INFO - DAG(s) dict_keys(['dag_with_taskflow_api_v02']) retrieved from /opt/airflow/dags/dag_with_taskflow_api.py
[2024-08-14 19:17:11,136] {logging_mixin.py:104} INFO - [2024-08-14 19:17:11,136] {dag.py:1818} INFO - Sync 1 DAGs
[2024-08-14 19:17:11,155] {logging_mixin.py:104} INFO - [2024-08-14 19:17:11,155] {dag.py:2273} INFO - Setting next_dagrun for dag_with_taskflow_api_v02 to 2024-08-14 00:00:00+00:00
[2024-08-14 19:17:11,167] {scheduler_job.py:190} INFO - Processing /opt/airflow/dags/dag_with_taskflow_api.py took 0.093 seconds
[2024-08-14 19:17:21,788] {scheduler_job.py:182} INFO - Started process (PID=2845) to work on /opt/airflow/dags/dag_with_taskflow_api.py
[2024-08-14 19:17:21,791] {scheduler_job.py:629} INFO - Processing file /opt/airflow/dags/dag_with_taskflow_api.py for tasks to queue
[2024-08-14 19:17:21,792] {logging_mixin.py:104} INFO - [2024-08-14 19:17:21,792] {dagbag.py:448} INFO - Filling up the DagBag from /opt/airflow/dags/dag_with_taskflow_api.py
[2024-08-14 19:17:21,812] {scheduler_job.py:639} INFO - DAG(s) dict_keys(['dag_with_taskflow_api_v02']) retrieved from /opt/airflow/dags/dag_with_taskflow_api.py
[2024-08-14 19:17:21,835] {logging_mixin.py:104} INFO - [2024-08-14 19:17:21,835] {dag.py:1818} INFO - Sync 1 DAGs
[2024-08-14 19:17:21,861] {logging_mixin.py:104} INFO - [2024-08-14 19:17:21,861] {dag.py:2273} INFO - Setting next_dagrun for dag_with_taskflow_api_v02 to 2024-08-14 00:00:00+00:00
[2024-08-14 19:17:21,873] {scheduler_job.py:190} INFO - Processing /opt/airflow/dags/dag_with_taskflow_api.py took 0.089 seconds
[2024-08-14 19:17:32,489] {scheduler_job.py:182} INFO - Started process (PID=2905) to work on /opt/airflow/dags/dag_with_taskflow_api.py
[2024-08-14 19:17:32,491] {scheduler_job.py:629} INFO - Processing file /opt/airflow/dags/dag_with_taskflow_api.py for tasks to queue
[2024-08-14 19:17:32,492] {logging_mixin.py:104} INFO - [2024-08-14 19:17:32,492] {dagbag.py:448} INFO - Filling up the DagBag from /opt/airflow/dags/dag_with_taskflow_api.py
[2024-08-14 19:17:32,512] {scheduler_job.py:639} INFO - DAG(s) dict_keys(['dag_with_taskflow_api_v02']) retrieved from /opt/airflow/dags/dag_with_taskflow_api.py
[2024-08-14 19:17:32,533] {logging_mixin.py:104} INFO - [2024-08-14 19:17:32,533] {dag.py:1818} INFO - Sync 1 DAGs
[2024-08-14 19:17:32,556] {logging_mixin.py:104} INFO - [2024-08-14 19:17:32,555] {dag.py:2273} INFO - Setting next_dagrun for dag_with_taskflow_api_v02 to 2024-08-14 00:00:00+00:00
[2024-08-14 19:17:32,565] {scheduler_job.py:190} INFO - Processing /opt/airflow/dags/dag_with_taskflow_api.py took 0.080 seconds
[2024-08-14 19:17:43,285] {scheduler_job.py:182} INFO - Started process (PID=2966) to work on /opt/airflow/dags/dag_with_taskflow_api.py
[2024-08-14 19:17:43,287] {scheduler_job.py:629} INFO - Processing file /opt/airflow/dags/dag_with_taskflow_api.py for tasks to queue
[2024-08-14 19:17:43,288] {logging_mixin.py:104} INFO - [2024-08-14 19:17:43,288] {dagbag.py:448} INFO - Filling up the DagBag from /opt/airflow/dags/dag_with_taskflow_api.py
[2024-08-14 19:17:43,309] {scheduler_job.py:639} INFO - DAG(s) dict_keys(['dag_with_taskflow_api_v02']) retrieved from /opt/airflow/dags/dag_with_taskflow_api.py
[2024-08-14 19:17:43,346] {logging_mixin.py:104} INFO - [2024-08-14 19:17:43,346] {dag.py:1818} INFO - Sync 1 DAGs
[2024-08-14 19:17:43,368] {logging_mixin.py:104} INFO - [2024-08-14 19:17:43,368] {dag.py:2273} INFO - Setting next_dagrun for dag_with_taskflow_api_v02 to 2024-08-14 00:00:00+00:00
[2024-08-14 19:17:43,380] {scheduler_job.py:190} INFO - Processing /opt/airflow/dags/dag_with_taskflow_api.py took 0.102 seconds
[2024-08-14 19:17:54,039] {scheduler_job.py:182} INFO - Started process (PID=3025) to work on /opt/airflow/dags/dag_with_taskflow_api.py
[2024-08-14 19:17:54,041] {scheduler_job.py:629} INFO - Processing file /opt/airflow/dags/dag_with_taskflow_api.py for tasks to queue
[2024-08-14 19:17:54,042] {logging_mixin.py:104} INFO - [2024-08-14 19:17:54,042] {dagbag.py:448} INFO - Filling up the DagBag from /opt/airflow/dags/dag_with_taskflow_api.py
[2024-08-14 19:17:54,062] {scheduler_job.py:639} INFO - DAG(s) dict_keys(['dag_with_taskflow_api_v02']) retrieved from /opt/airflow/dags/dag_with_taskflow_api.py
[2024-08-14 19:17:54,083] {logging_mixin.py:104} INFO - [2024-08-14 19:17:54,083] {dag.py:1818} INFO - Sync 1 DAGs
[2024-08-14 19:17:54,105] {logging_mixin.py:104} INFO - [2024-08-14 19:17:54,104] {dag.py:2273} INFO - Setting next_dagrun for dag_with_taskflow_api_v02 to 2024-08-14 00:00:00+00:00
[2024-08-14 19:17:54,114] {scheduler_job.py:190} INFO - Processing /opt/airflow/dags/dag_with_taskflow_api.py took 0.079 seconds
[2024-08-14 19:18:04,715] {scheduler_job.py:182} INFO - Started process (PID=3085) to work on /opt/airflow/dags/dag_with_taskflow_api.py
[2024-08-14 19:18:04,717] {scheduler_job.py:629} INFO - Processing file /opt/airflow/dags/dag_with_taskflow_api.py for tasks to queue
[2024-08-14 19:18:04,719] {logging_mixin.py:104} INFO - [2024-08-14 19:18:04,718] {dagbag.py:448} INFO - Filling up the DagBag from /opt/airflow/dags/dag_with_taskflow_api.py
[2024-08-14 19:18:04,740] {scheduler_job.py:639} INFO - DAG(s) dict_keys(['dag_with_taskflow_api_v02']) retrieved from /opt/airflow/dags/dag_with_taskflow_api.py
[2024-08-14 19:18:04,760] {logging_mixin.py:104} INFO - [2024-08-14 19:18:04,760] {dag.py:1818} INFO - Sync 1 DAGs
[2024-08-14 19:18:04,782] {logging_mixin.py:104} INFO - [2024-08-14 19:18:04,781] {dag.py:2273} INFO - Setting next_dagrun for dag_with_taskflow_api_v02 to 2024-08-14 00:00:00+00:00
[2024-08-14 19:18:04,793] {scheduler_job.py:190} INFO - Processing /opt/airflow/dags/dag_with_taskflow_api.py took 0.082 seconds
[2024-08-14 19:18:15,504] {scheduler_job.py:182} INFO - Started process (PID=3145) to work on /opt/airflow/dags/dag_with_taskflow_api.py
[2024-08-14 19:18:15,506] {scheduler_job.py:629} INFO - Processing file /opt/airflow/dags/dag_with_taskflow_api.py for tasks to queue
[2024-08-14 19:18:15,508] {logging_mixin.py:104} INFO - [2024-08-14 19:18:15,507] {dagbag.py:448} INFO - Filling up the DagBag from /opt/airflow/dags/dag_with_taskflow_api.py
[2024-08-14 19:18:15,528] {scheduler_job.py:639} INFO - DAG(s) dict_keys(['dag_with_taskflow_api_v02']) retrieved from /opt/airflow/dags/dag_with_taskflow_api.py
[2024-08-14 19:18:15,559] {logging_mixin.py:104} INFO - [2024-08-14 19:18:15,559] {dag.py:1818} INFO - Sync 1 DAGs
[2024-08-14 19:18:15,580] {logging_mixin.py:104} INFO - [2024-08-14 19:18:15,580] {dag.py:2273} INFO - Setting next_dagrun for dag_with_taskflow_api_v02 to 2024-08-14 00:00:00+00:00
[2024-08-14 19:18:15,592] {scheduler_job.py:190} INFO - Processing /opt/airflow/dags/dag_with_taskflow_api.py took 0.092 seconds
[2024-08-14 19:18:26,266] {scheduler_job.py:182} INFO - Started process (PID=3205) to work on /opt/airflow/dags/dag_with_taskflow_api.py
[2024-08-14 19:18:26,268] {scheduler_job.py:629} INFO - Processing file /opt/airflow/dags/dag_with_taskflow_api.py for tasks to queue
[2024-08-14 19:18:26,270] {logging_mixin.py:104} INFO - [2024-08-14 19:18:26,270] {dagbag.py:448} INFO - Filling up the DagBag from /opt/airflow/dags/dag_with_taskflow_api.py
[2024-08-14 19:18:26,292] {scheduler_job.py:639} INFO - DAG(s) dict_keys(['dag_with_taskflow_api_v02']) retrieved from /opt/airflow/dags/dag_with_taskflow_api.py
[2024-08-14 19:18:26,317] {logging_mixin.py:104} INFO - [2024-08-14 19:18:26,317] {dag.py:1818} INFO - Sync 1 DAGs
[2024-08-14 19:18:26,342] {logging_mixin.py:104} INFO - [2024-08-14 19:18:26,342] {dag.py:2273} INFO - Setting next_dagrun for dag_with_taskflow_api_v02 to 2024-08-14 00:00:00+00:00
[2024-08-14 19:18:26,352] {scheduler_job.py:190} INFO - Processing /opt/airflow/dags/dag_with_taskflow_api.py took 0.091 seconds
[2024-08-14 19:18:37,017] {scheduler_job.py:182} INFO - Started process (PID=3265) to work on /opt/airflow/dags/dag_with_taskflow_api.py
[2024-08-14 19:18:37,019] {scheduler_job.py:629} INFO - Processing file /opt/airflow/dags/dag_with_taskflow_api.py for tasks to queue
[2024-08-14 19:18:37,021] {logging_mixin.py:104} INFO - [2024-08-14 19:18:37,020] {dagbag.py:448} INFO - Filling up the DagBag from /opt/airflow/dags/dag_with_taskflow_api.py
[2024-08-14 19:18:37,040] {scheduler_job.py:639} INFO - DAG(s) dict_keys(['dag_with_taskflow_api_v02']) retrieved from /opt/airflow/dags/dag_with_taskflow_api.py
[2024-08-14 19:18:37,062] {logging_mixin.py:104} INFO - [2024-08-14 19:18:37,062] {dag.py:1818} INFO - Sync 1 DAGs
[2024-08-14 19:18:37,086] {logging_mixin.py:104} INFO - [2024-08-14 19:18:37,086] {dag.py:2273} INFO - Setting next_dagrun for dag_with_taskflow_api_v02 to 2024-08-14 00:00:00+00:00
[2024-08-14 19:18:37,097] {scheduler_job.py:190} INFO - Processing /opt/airflow/dags/dag_with_taskflow_api.py took 0.084 seconds
[2024-08-14 19:18:47,732] {scheduler_job.py:182} INFO - Started process (PID=3325) to work on /opt/airflow/dags/dag_with_taskflow_api.py
[2024-08-14 19:18:47,734] {scheduler_job.py:629} INFO - Processing file /opt/airflow/dags/dag_with_taskflow_api.py for tasks to queue
[2024-08-14 19:18:47,736] {logging_mixin.py:104} INFO - [2024-08-14 19:18:47,736] {dagbag.py:448} INFO - Filling up the DagBag from /opt/airflow/dags/dag_with_taskflow_api.py
[2024-08-14 19:18:47,756] {scheduler_job.py:639} INFO - DAG(s) dict_keys(['dag_with_taskflow_api_v02']) retrieved from /opt/airflow/dags/dag_with_taskflow_api.py
[2024-08-14 19:18:47,790] {logging_mixin.py:104} INFO - [2024-08-14 19:18:47,789] {dag.py:1818} INFO - Sync 1 DAGs
[2024-08-14 19:18:47,810] {logging_mixin.py:104} INFO - [2024-08-14 19:18:47,810] {dag.py:2273} INFO - Setting next_dagrun for dag_with_taskflow_api_v02 to 2024-08-14 00:00:00+00:00
[2024-08-14 19:18:47,823] {scheduler_job.py:190} INFO - Processing /opt/airflow/dags/dag_with_taskflow_api.py took 0.095 seconds
[2024-08-14 19:19:07,448] {scheduler_job.py:182} INFO - Started process (PID=3385) to work on /opt/airflow/dags/dag_with_taskflow_api.py
[2024-08-14 19:19:07,450] {scheduler_job.py:629} INFO - Processing file /opt/airflow/dags/dag_with_taskflow_api.py for tasks to queue
[2024-08-14 19:19:07,451] {logging_mixin.py:104} INFO - [2024-08-14 19:19:07,451] {dagbag.py:448} INFO - Filling up the DagBag from /opt/airflow/dags/dag_with_taskflow_api.py
[2024-08-14 19:19:07,471] {scheduler_job.py:639} INFO - DAG(s) dict_keys(['dag_with_taskflow_api_v02']) retrieved from /opt/airflow/dags/dag_with_taskflow_api.py
[2024-08-14 19:19:07,493] {logging_mixin.py:104} INFO - [2024-08-14 19:19:07,493] {dag.py:1818} INFO - Sync 1 DAGs
[2024-08-14 19:19:07,514] {logging_mixin.py:104} INFO - [2024-08-14 19:19:07,514] {dag.py:2273} INFO - Setting next_dagrun for dag_with_taskflow_api_v02 to 2024-08-14 00:00:00+00:00
[2024-08-14 19:19:07,523] {scheduler_job.py:190} INFO - Processing /opt/airflow/dags/dag_with_taskflow_api.py took 0.080 seconds
[2024-08-14 19:19:18,398] {scheduler_job.py:182} INFO - Started process (PID=3445) to work on /opt/airflow/dags/dag_with_taskflow_api.py
[2024-08-14 19:19:18,400] {scheduler_job.py:629} INFO - Processing file /opt/airflow/dags/dag_with_taskflow_api.py for tasks to queue
[2024-08-14 19:19:18,402] {logging_mixin.py:104} INFO - [2024-08-14 19:19:18,402] {dagbag.py:448} INFO - Filling up the DagBag from /opt/airflow/dags/dag_with_taskflow_api.py
[2024-08-14 19:19:18,421] {scheduler_job.py:639} INFO - DAG(s) dict_keys(['dag_with_taskflow_api_v02']) retrieved from /opt/airflow/dags/dag_with_taskflow_api.py
[2024-08-14 19:19:18,455] {logging_mixin.py:104} INFO - [2024-08-14 19:19:18,455] {dag.py:1818} INFO - Sync 1 DAGs
[2024-08-14 19:19:18,477] {logging_mixin.py:104} INFO - [2024-08-14 19:19:18,476] {dag.py:2273} INFO - Setting next_dagrun for dag_with_taskflow_api_v02 to 2024-08-14 00:00:00+00:00
[2024-08-14 19:19:18,490] {scheduler_job.py:190} INFO - Processing /opt/airflow/dags/dag_with_taskflow_api.py took 0.097 seconds
[2024-08-14 19:19:29,113] {scheduler_job.py:182} INFO - Started process (PID=3505) to work on /opt/airflow/dags/dag_with_taskflow_api.py
[2024-08-14 19:19:29,115] {scheduler_job.py:629} INFO - Processing file /opt/airflow/dags/dag_with_taskflow_api.py for tasks to queue
[2024-08-14 19:19:29,117] {logging_mixin.py:104} INFO - [2024-08-14 19:19:29,117] {dagbag.py:448} INFO - Filling up the DagBag from /opt/airflow/dags/dag_with_taskflow_api.py
[2024-08-14 19:19:29,139] {scheduler_job.py:639} INFO - DAG(s) dict_keys(['dag_with_taskflow_api_v02']) retrieved from /opt/airflow/dags/dag_with_taskflow_api.py
[2024-08-14 19:19:29,162] {logging_mixin.py:104} INFO - [2024-08-14 19:19:29,162] {dag.py:1818} INFO - Sync 1 DAGs
[2024-08-14 19:19:29,184] {logging_mixin.py:104} INFO - [2024-08-14 19:19:29,184] {dag.py:2273} INFO - Setting next_dagrun for dag_with_taskflow_api_v02 to 2024-08-14 00:00:00+00:00
[2024-08-14 19:19:29,196] {scheduler_job.py:190} INFO - Processing /opt/airflow/dags/dag_with_taskflow_api.py took 0.087 seconds
[2024-08-14 19:23:03,281] {scheduler_job.py:182} INFO - Started process (PID=3565) to work on /opt/airflow/dags/dag_with_taskflow_api.py
[2024-08-14 19:23:03,283] {scheduler_job.py:629} INFO - Processing file /opt/airflow/dags/dag_with_taskflow_api.py for tasks to queue
[2024-08-14 19:23:03,285] {logging_mixin.py:104} INFO - [2024-08-14 19:23:03,284] {dagbag.py:448} INFO - Filling up the DagBag from /opt/airflow/dags/dag_with_taskflow_api.py
[2024-08-14 19:23:03,307] {scheduler_job.py:639} INFO - DAG(s) dict_keys(['dag_with_taskflow_api_v02']) retrieved from /opt/airflow/dags/dag_with_taskflow_api.py
[2024-08-14 19:23:03,349] {logging_mixin.py:104} INFO - [2024-08-14 19:23:03,348] {dag.py:1818} INFO - Sync 1 DAGs
[2024-08-14 19:23:03,378] {logging_mixin.py:104} INFO - [2024-08-14 19:23:03,378] {dag.py:2273} INFO - Setting next_dagrun for dag_with_taskflow_api_v02 to 2024-08-14 00:00:00+00:00
[2024-08-14 19:23:03,395] {scheduler_job.py:190} INFO - Processing /opt/airflow/dags/dag_with_taskflow_api.py took 0.119 seconds
[2024-08-14 19:23:14,004] {scheduler_job.py:182} INFO - Started process (PID=3625) to work on /opt/airflow/dags/dag_with_taskflow_api.py
[2024-08-14 19:23:14,007] {scheduler_job.py:629} INFO - Processing file /opt/airflow/dags/dag_with_taskflow_api.py for tasks to queue
[2024-08-14 19:23:14,009] {logging_mixin.py:104} INFO - [2024-08-14 19:23:14,009] {dagbag.py:448} INFO - Filling up the DagBag from /opt/airflow/dags/dag_with_taskflow_api.py
[2024-08-14 19:23:14,037] {scheduler_job.py:639} INFO - DAG(s) dict_keys(['dag_with_taskflow_api_v02']) retrieved from /opt/airflow/dags/dag_with_taskflow_api.py
[2024-08-14 19:23:14,066] {logging_mixin.py:104} INFO - [2024-08-14 19:23:14,066] {dag.py:1818} INFO - Sync 1 DAGs
[2024-08-14 19:23:14,102] {logging_mixin.py:104} INFO - [2024-08-14 19:23:14,102] {dag.py:2273} INFO - Setting next_dagrun for dag_with_taskflow_api_v02 to 2024-08-14 00:00:00+00:00
[2024-08-14 19:23:14,116] {scheduler_job.py:190} INFO - Processing /opt/airflow/dags/dag_with_taskflow_api.py took 0.119 seconds
[2024-08-14 19:23:26,199] {scheduler_job.py:182} INFO - Started process (PID=3685) to work on /opt/airflow/dags/dag_with_taskflow_api.py
[2024-08-14 19:23:26,203] {scheduler_job.py:629} INFO - Processing file /opt/airflow/dags/dag_with_taskflow_api.py for tasks to queue
[2024-08-14 19:23:26,206] {logging_mixin.py:104} INFO - [2024-08-14 19:23:26,206] {dagbag.py:448} INFO - Filling up the DagBag from /opt/airflow/dags/dag_with_taskflow_api.py
[2024-08-14 19:23:26,243] {scheduler_job.py:639} INFO - DAG(s) dict_keys(['dag_with_taskflow_api_v02']) retrieved from /opt/airflow/dags/dag_with_taskflow_api.py
[2024-08-14 19:23:26,274] {logging_mixin.py:104} INFO - [2024-08-14 19:23:26,273] {dag.py:1818} INFO - Sync 1 DAGs
[2024-08-14 19:23:26,314] {logging_mixin.py:104} INFO - [2024-08-14 19:23:26,314] {dag.py:2273} INFO - Setting next_dagrun for dag_with_taskflow_api_v02 to 2024-08-14 00:00:00+00:00
[2024-08-14 19:23:26,332] {scheduler_job.py:190} INFO - Processing /opt/airflow/dags/dag_with_taskflow_api.py took 0.142 seconds
