[2024-08-14 19:09:22,623] {scheduler_job.py:182} INFO - Started process (PID=219) to work on /opt/airflow/dags/dag_with_postgres_hooks.py
[2024-08-14 19:09:22,626] {scheduler_job.py:629} INFO - Processing file /opt/airflow/dags/dag_with_postgres_hooks.py for tasks to queue
[2024-08-14 19:09:22,629] {logging_mixin.py:104} INFO - [2024-08-14 19:09:22,629] {dagbag.py:448} INFO - Filling up the DagBag from /opt/airflow/dags/dag_with_postgres_hooks.py
[2024-08-14 19:09:22,853] {scheduler_job.py:639} INFO - DAG(s) dict_keys(['dag_with_postgres_hooks_v04']) retrieved from /opt/airflow/dags/dag_with_postgres_hooks.py
[2024-08-14 19:09:22,895] {logging_mixin.py:104} INFO - [2024-08-14 19:09:22,894] {dag.py:1818} INFO - Sync 1 DAGs
[2024-08-14 19:09:22,924] {logging_mixin.py:104} INFO - [2024-08-14 19:09:22,924] {dag.py:2273} INFO - Setting next_dagrun for dag_with_postgres_hooks_v04 to 2022-06-01 00:00:00+00:00
[2024-08-14 19:09:22,937] {scheduler_job.py:190} INFO - Processing /opt/airflow/dags/dag_with_postgres_hooks.py took 0.319 seconds
[2024-08-14 19:09:33,959] {scheduler_job.py:182} INFO - Started process (PID=289) to work on /opt/airflow/dags/dag_with_postgres_hooks.py
[2024-08-14 19:09:33,961] {scheduler_job.py:629} INFO - Processing file /opt/airflow/dags/dag_with_postgres_hooks.py for tasks to queue
[2024-08-14 19:09:33,963] {logging_mixin.py:104} INFO - [2024-08-14 19:09:33,962] {dagbag.py:448} INFO - Filling up the DagBag from /opt/airflow/dags/dag_with_postgres_hooks.py
[2024-08-14 19:09:34,113] {scheduler_job.py:639} INFO - DAG(s) dict_keys(['dag_with_postgres_hooks_v04']) retrieved from /opt/airflow/dags/dag_with_postgres_hooks.py
[2024-08-14 19:09:34,147] {logging_mixin.py:104} INFO - [2024-08-14 19:09:34,147] {dag.py:1818} INFO - Sync 1 DAGs
[2024-08-14 19:09:34,173] {logging_mixin.py:104} INFO - [2024-08-14 19:09:34,172] {dag.py:2273} INFO - Setting next_dagrun for dag_with_postgres_hooks_v04 to 2022-06-01 00:00:00+00:00
[2024-08-14 19:09:34,184] {scheduler_job.py:190} INFO - Processing /opt/airflow/dags/dag_with_postgres_hooks.py took 0.230 seconds
[2024-08-14 19:09:44,825] {scheduler_job.py:182} INFO - Started process (PID=349) to work on /opt/airflow/dags/dag_with_postgres_hooks.py
[2024-08-14 19:09:44,827] {scheduler_job.py:629} INFO - Processing file /opt/airflow/dags/dag_with_postgres_hooks.py for tasks to queue
[2024-08-14 19:09:44,829] {logging_mixin.py:104} INFO - [2024-08-14 19:09:44,828] {dagbag.py:448} INFO - Filling up the DagBag from /opt/airflow/dags/dag_with_postgres_hooks.py
[2024-08-14 19:09:45,093] {scheduler_job.py:639} INFO - DAG(s) dict_keys(['dag_with_postgres_hooks_v04']) retrieved from /opt/airflow/dags/dag_with_postgres_hooks.py
[2024-08-14 19:09:45,121] {logging_mixin.py:104} INFO - [2024-08-14 19:09:45,121] {dag.py:1818} INFO - Sync 1 DAGs
[2024-08-14 19:09:45,149] {logging_mixin.py:104} INFO - [2024-08-14 19:09:45,149] {dag.py:2273} INFO - Setting next_dagrun for dag_with_postgres_hooks_v04 to 2022-06-01 00:00:00+00:00
[2024-08-14 19:09:45,160] {scheduler_job.py:190} INFO - Processing /opt/airflow/dags/dag_with_postgres_hooks.py took 0.339 seconds
[2024-08-14 19:09:55,700] {scheduler_job.py:182} INFO - Started process (PID=409) to work on /opt/airflow/dags/dag_with_postgres_hooks.py
[2024-08-14 19:09:55,703] {scheduler_job.py:629} INFO - Processing file /opt/airflow/dags/dag_with_postgres_hooks.py for tasks to queue
[2024-08-14 19:09:55,705] {logging_mixin.py:104} INFO - [2024-08-14 19:09:55,704] {dagbag.py:448} INFO - Filling up the DagBag from /opt/airflow/dags/dag_with_postgres_hooks.py
[2024-08-14 19:09:55,959] {scheduler_job.py:639} INFO - DAG(s) dict_keys(['dag_with_postgres_hooks_v04']) retrieved from /opt/airflow/dags/dag_with_postgres_hooks.py
[2024-08-14 19:09:55,997] {logging_mixin.py:104} INFO - [2024-08-14 19:09:55,997] {dag.py:1818} INFO - Sync 1 DAGs
[2024-08-14 19:09:56,025] {logging_mixin.py:104} INFO - [2024-08-14 19:09:56,025] {dag.py:2273} INFO - Setting next_dagrun for dag_with_postgres_hooks_v04 to 2022-06-01 00:00:00+00:00
[2024-08-14 19:09:56,035] {scheduler_job.py:190} INFO - Processing /opt/airflow/dags/dag_with_postgres_hooks.py took 0.342 seconds
[2024-08-14 19:10:06,582] {scheduler_job.py:182} INFO - Started process (PID=470) to work on /opt/airflow/dags/dag_with_postgres_hooks.py
[2024-08-14 19:10:06,584] {scheduler_job.py:629} INFO - Processing file /opt/airflow/dags/dag_with_postgres_hooks.py for tasks to queue
[2024-08-14 19:10:06,586] {logging_mixin.py:104} INFO - [2024-08-14 19:10:06,585] {dagbag.py:448} INFO - Filling up the DagBag from /opt/airflow/dags/dag_with_postgres_hooks.py
[2024-08-14 19:10:06,769] {scheduler_job.py:639} INFO - DAG(s) dict_keys(['dag_with_postgres_hooks_v04']) retrieved from /opt/airflow/dags/dag_with_postgres_hooks.py
[2024-08-14 19:10:06,814] {logging_mixin.py:104} INFO - [2024-08-14 19:10:06,813] {dag.py:1818} INFO - Sync 1 DAGs
[2024-08-14 19:10:06,853] {logging_mixin.py:104} INFO - [2024-08-14 19:10:06,853] {dag.py:2273} INFO - Setting next_dagrun for dag_with_postgres_hooks_v04 to 2022-06-01 00:00:00+00:00
[2024-08-14 19:10:06,867] {scheduler_job.py:190} INFO - Processing /opt/airflow/dags/dag_with_postgres_hooks.py took 0.290 seconds
[2024-08-14 19:10:17,530] {scheduler_job.py:182} INFO - Started process (PID=529) to work on /opt/airflow/dags/dag_with_postgres_hooks.py
[2024-08-14 19:10:17,532] {scheduler_job.py:629} INFO - Processing file /opt/airflow/dags/dag_with_postgres_hooks.py for tasks to queue
[2024-08-14 19:10:17,533] {logging_mixin.py:104} INFO - [2024-08-14 19:10:17,533] {dagbag.py:448} INFO - Filling up the DagBag from /opt/airflow/dags/dag_with_postgres_hooks.py
[2024-08-14 19:10:17,651] {scheduler_job.py:639} INFO - DAG(s) dict_keys(['dag_with_postgres_hooks_v04']) retrieved from /opt/airflow/dags/dag_with_postgres_hooks.py
[2024-08-14 19:10:17,680] {logging_mixin.py:104} INFO - [2024-08-14 19:10:17,680] {dag.py:1818} INFO - Sync 1 DAGs
[2024-08-14 19:10:17,701] {logging_mixin.py:104} INFO - [2024-08-14 19:10:17,701] {dag.py:2273} INFO - Setting next_dagrun for dag_with_postgres_hooks_v04 to 2022-06-01 00:00:00+00:00
[2024-08-14 19:10:17,710] {scheduler_job.py:190} INFO - Processing /opt/airflow/dags/dag_with_postgres_hooks.py took 0.184 seconds
[2024-08-14 19:10:28,214] {scheduler_job.py:182} INFO - Started process (PID=589) to work on /opt/airflow/dags/dag_with_postgres_hooks.py
[2024-08-14 19:10:28,217] {scheduler_job.py:629} INFO - Processing file /opt/airflow/dags/dag_with_postgres_hooks.py for tasks to queue
[2024-08-14 19:10:28,219] {logging_mixin.py:104} INFO - [2024-08-14 19:10:28,218] {dagbag.py:448} INFO - Filling up the DagBag from /opt/airflow/dags/dag_with_postgres_hooks.py
[2024-08-14 19:10:28,367] {scheduler_job.py:639} INFO - DAG(s) dict_keys(['dag_with_postgres_hooks_v04']) retrieved from /opt/airflow/dags/dag_with_postgres_hooks.py
[2024-08-14 19:10:28,394] {logging_mixin.py:104} INFO - [2024-08-14 19:10:28,393] {dag.py:1818} INFO - Sync 1 DAGs
[2024-08-14 19:10:28,414] {logging_mixin.py:104} INFO - [2024-08-14 19:10:28,414] {dag.py:2273} INFO - Setting next_dagrun for dag_with_postgres_hooks_v04 to 2022-06-01 00:00:00+00:00
[2024-08-14 19:10:28,423] {scheduler_job.py:190} INFO - Processing /opt/airflow/dags/dag_with_postgres_hooks.py took 0.216 seconds
[2024-08-14 19:10:38,935] {scheduler_job.py:182} INFO - Started process (PID=649) to work on /opt/airflow/dags/dag_with_postgres_hooks.py
[2024-08-14 19:10:38,938] {scheduler_job.py:629} INFO - Processing file /opt/airflow/dags/dag_with_postgres_hooks.py for tasks to queue
[2024-08-14 19:10:38,939] {logging_mixin.py:104} INFO - [2024-08-14 19:10:38,939] {dagbag.py:448} INFO - Filling up the DagBag from /opt/airflow/dags/dag_with_postgres_hooks.py
[2024-08-14 19:10:39,064] {scheduler_job.py:639} INFO - DAG(s) dict_keys(['dag_with_postgres_hooks_v04']) retrieved from /opt/airflow/dags/dag_with_postgres_hooks.py
[2024-08-14 19:10:39,095] {logging_mixin.py:104} INFO - [2024-08-14 19:10:39,095] {dag.py:1818} INFO - Sync 1 DAGs
[2024-08-14 19:10:39,117] {logging_mixin.py:104} INFO - [2024-08-14 19:10:39,117] {dag.py:2273} INFO - Setting next_dagrun for dag_with_postgres_hooks_v04 to 2022-06-01 00:00:00+00:00
[2024-08-14 19:10:39,128] {scheduler_job.py:190} INFO - Processing /opt/airflow/dags/dag_with_postgres_hooks.py took 0.197 seconds
[2024-08-14 19:10:49,658] {scheduler_job.py:182} INFO - Started process (PID=709) to work on /opt/airflow/dags/dag_with_postgres_hooks.py
[2024-08-14 19:10:49,661] {scheduler_job.py:629} INFO - Processing file /opt/airflow/dags/dag_with_postgres_hooks.py for tasks to queue
[2024-08-14 19:10:49,662] {logging_mixin.py:104} INFO - [2024-08-14 19:10:49,662] {dagbag.py:448} INFO - Filling up the DagBag from /opt/airflow/dags/dag_with_postgres_hooks.py
[2024-08-14 19:10:49,776] {scheduler_job.py:639} INFO - DAG(s) dict_keys(['dag_with_postgres_hooks_v04']) retrieved from /opt/airflow/dags/dag_with_postgres_hooks.py
[2024-08-14 19:10:49,803] {logging_mixin.py:104} INFO - [2024-08-14 19:10:49,803] {dag.py:1818} INFO - Sync 1 DAGs
[2024-08-14 19:10:49,824] {logging_mixin.py:104} INFO - [2024-08-14 19:10:49,824] {dag.py:2273} INFO - Setting next_dagrun for dag_with_postgres_hooks_v04 to 2022-06-01 00:00:00+00:00
[2024-08-14 19:10:49,833] {scheduler_job.py:190} INFO - Processing /opt/airflow/dags/dag_with_postgres_hooks.py took 0.180 seconds
[2024-08-14 19:11:00,345] {scheduler_job.py:182} INFO - Started process (PID=769) to work on /opt/airflow/dags/dag_with_postgres_hooks.py
[2024-08-14 19:11:00,349] {scheduler_job.py:629} INFO - Processing file /opt/airflow/dags/dag_with_postgres_hooks.py for tasks to queue
[2024-08-14 19:11:00,350] {logging_mixin.py:104} INFO - [2024-08-14 19:11:00,350] {dagbag.py:448} INFO - Filling up the DagBag from /opt/airflow/dags/dag_with_postgres_hooks.py
[2024-08-14 19:11:00,497] {scheduler_job.py:639} INFO - DAG(s) dict_keys(['dag_with_postgres_hooks_v04']) retrieved from /opt/airflow/dags/dag_with_postgres_hooks.py
[2024-08-14 19:11:00,534] {logging_mixin.py:104} INFO - [2024-08-14 19:11:00,533] {dag.py:1818} INFO - Sync 1 DAGs
[2024-08-14 19:11:00,562] {logging_mixin.py:104} INFO - [2024-08-14 19:11:00,562] {dag.py:2273} INFO - Setting next_dagrun for dag_with_postgres_hooks_v04 to 2022-06-01 00:00:00+00:00
[2024-08-14 19:11:00,574] {scheduler_job.py:190} INFO - Processing /opt/airflow/dags/dag_with_postgres_hooks.py took 0.234 seconds
[2024-08-14 19:11:11,236] {scheduler_job.py:182} INFO - Started process (PID=829) to work on /opt/airflow/dags/dag_with_postgres_hooks.py
[2024-08-14 19:11:11,238] {scheduler_job.py:629} INFO - Processing file /opt/airflow/dags/dag_with_postgres_hooks.py for tasks to queue
[2024-08-14 19:11:11,240] {logging_mixin.py:104} INFO - [2024-08-14 19:11:11,239] {dagbag.py:448} INFO - Filling up the DagBag from /opt/airflow/dags/dag_with_postgres_hooks.py
[2024-08-14 19:11:11,411] {scheduler_job.py:639} INFO - DAG(s) dict_keys(['dag_with_postgres_hooks_v04']) retrieved from /opt/airflow/dags/dag_with_postgres_hooks.py
[2024-08-14 19:11:11,447] {logging_mixin.py:104} INFO - [2024-08-14 19:11:11,447] {dag.py:1818} INFO - Sync 1 DAGs
[2024-08-14 19:11:11,471] {logging_mixin.py:104} INFO - [2024-08-14 19:11:11,471] {dag.py:2273} INFO - Setting next_dagrun for dag_with_postgres_hooks_v04 to 2022-06-01 00:00:00+00:00
[2024-08-14 19:11:11,483] {scheduler_job.py:190} INFO - Processing /opt/airflow/dags/dag_with_postgres_hooks.py took 0.253 seconds
[2024-08-14 19:11:22,030] {scheduler_job.py:182} INFO - Started process (PID=889) to work on /opt/airflow/dags/dag_with_postgres_hooks.py
[2024-08-14 19:11:22,032] {scheduler_job.py:629} INFO - Processing file /opt/airflow/dags/dag_with_postgres_hooks.py for tasks to queue
[2024-08-14 19:11:22,033] {logging_mixin.py:104} INFO - [2024-08-14 19:11:22,033] {dagbag.py:448} INFO - Filling up the DagBag from /opt/airflow/dags/dag_with_postgres_hooks.py
[2024-08-14 19:11:22,152] {scheduler_job.py:639} INFO - DAG(s) dict_keys(['dag_with_postgres_hooks_v04']) retrieved from /opt/airflow/dags/dag_with_postgres_hooks.py
[2024-08-14 19:11:22,180] {logging_mixin.py:104} INFO - [2024-08-14 19:11:22,180] {dag.py:1818} INFO - Sync 1 DAGs
[2024-08-14 19:11:22,198] {logging_mixin.py:104} INFO - [2024-08-14 19:11:22,198] {dag.py:2273} INFO - Setting next_dagrun for dag_with_postgres_hooks_v04 to 2022-06-01 00:00:00+00:00
[2024-08-14 19:11:22,207] {scheduler_job.py:190} INFO - Processing /opt/airflow/dags/dag_with_postgres_hooks.py took 0.181 seconds
[2024-08-14 19:11:32,700] {scheduler_job.py:182} INFO - Started process (PID=949) to work on /opt/airflow/dags/dag_with_postgres_hooks.py
[2024-08-14 19:11:32,702] {scheduler_job.py:629} INFO - Processing file /opt/airflow/dags/dag_with_postgres_hooks.py for tasks to queue
[2024-08-14 19:11:32,704] {logging_mixin.py:104} INFO - [2024-08-14 19:11:32,704] {dagbag.py:448} INFO - Filling up the DagBag from /opt/airflow/dags/dag_with_postgres_hooks.py
[2024-08-14 19:11:32,848] {scheduler_job.py:639} INFO - DAG(s) dict_keys(['dag_with_postgres_hooks_v04']) retrieved from /opt/airflow/dags/dag_with_postgres_hooks.py
[2024-08-14 19:11:32,881] {logging_mixin.py:104} INFO - [2024-08-14 19:11:32,881] {dag.py:1818} INFO - Sync 1 DAGs
[2024-08-14 19:11:32,906] {logging_mixin.py:104} INFO - [2024-08-14 19:11:32,906] {dag.py:2273} INFO - Setting next_dagrun for dag_with_postgres_hooks_v04 to 2022-06-01 00:00:00+00:00
[2024-08-14 19:11:32,918] {scheduler_job.py:190} INFO - Processing /opt/airflow/dags/dag_with_postgres_hooks.py took 0.223 seconds
[2024-08-14 19:11:43,534] {scheduler_job.py:182} INFO - Started process (PID=1009) to work on /opt/airflow/dags/dag_with_postgres_hooks.py
[2024-08-14 19:11:43,536] {scheduler_job.py:629} INFO - Processing file /opt/airflow/dags/dag_with_postgres_hooks.py for tasks to queue
[2024-08-14 19:11:43,538] {logging_mixin.py:104} INFO - [2024-08-14 19:11:43,537] {dagbag.py:448} INFO - Filling up the DagBag from /opt/airflow/dags/dag_with_postgres_hooks.py
[2024-08-14 19:11:43,889] {scheduler_job.py:639} INFO - DAG(s) dict_keys(['dag_with_postgres_hooks_v04']) retrieved from /opt/airflow/dags/dag_with_postgres_hooks.py
[2024-08-14 19:11:43,917] {logging_mixin.py:104} INFO - [2024-08-14 19:11:43,916] {dag.py:1818} INFO - Sync 1 DAGs
[2024-08-14 19:11:43,936] {logging_mixin.py:104} INFO - [2024-08-14 19:11:43,936] {dag.py:2273} INFO - Setting next_dagrun for dag_with_postgres_hooks_v04 to 2022-06-01 00:00:00+00:00
[2024-08-14 19:11:43,945] {scheduler_job.py:190} INFO - Processing /opt/airflow/dags/dag_with_postgres_hooks.py took 0.416 seconds
[2024-08-14 19:11:54,318] {scheduler_job.py:182} INFO - Started process (PID=1069) to work on /opt/airflow/dags/dag_with_postgres_hooks.py
[2024-08-14 19:11:54,320] {scheduler_job.py:629} INFO - Processing file /opt/airflow/dags/dag_with_postgres_hooks.py for tasks to queue
[2024-08-14 19:11:54,321] {logging_mixin.py:104} INFO - [2024-08-14 19:11:54,321] {dagbag.py:448} INFO - Filling up the DagBag from /opt/airflow/dags/dag_with_postgres_hooks.py
[2024-08-14 19:11:54,440] {scheduler_job.py:639} INFO - DAG(s) dict_keys(['dag_with_postgres_hooks_v04']) retrieved from /opt/airflow/dags/dag_with_postgres_hooks.py
[2024-08-14 19:11:54,467] {logging_mixin.py:104} INFO - [2024-08-14 19:11:54,467] {dag.py:1818} INFO - Sync 1 DAGs
[2024-08-14 19:11:54,487] {logging_mixin.py:104} INFO - [2024-08-14 19:11:54,487] {dag.py:2273} INFO - Setting next_dagrun for dag_with_postgres_hooks_v04 to 2022-06-01 00:00:00+00:00
[2024-08-14 19:11:54,498] {scheduler_job.py:190} INFO - Processing /opt/airflow/dags/dag_with_postgres_hooks.py took 0.184 seconds
[2024-08-14 19:12:04,984] {scheduler_job.py:182} INFO - Started process (PID=1129) to work on /opt/airflow/dags/dag_with_postgres_hooks.py
[2024-08-14 19:12:04,986] {scheduler_job.py:629} INFO - Processing file /opt/airflow/dags/dag_with_postgres_hooks.py for tasks to queue
[2024-08-14 19:12:04,987] {logging_mixin.py:104} INFO - [2024-08-14 19:12:04,987] {dagbag.py:448} INFO - Filling up the DagBag from /opt/airflow/dags/dag_with_postgres_hooks.py
[2024-08-14 19:12:05,153] {scheduler_job.py:639} INFO - DAG(s) dict_keys(['dag_with_postgres_hooks_v04']) retrieved from /opt/airflow/dags/dag_with_postgres_hooks.py
[2024-08-14 19:12:05,193] {logging_mixin.py:104} INFO - [2024-08-14 19:12:05,192] {dag.py:1818} INFO - Sync 1 DAGs
[2024-08-14 19:12:05,231] {logging_mixin.py:104} INFO - [2024-08-14 19:12:05,231] {dag.py:2273} INFO - Setting next_dagrun for dag_with_postgres_hooks_v04 to 2022-06-01 00:00:00+00:00
[2024-08-14 19:12:05,247] {scheduler_job.py:190} INFO - Processing /opt/airflow/dags/dag_with_postgres_hooks.py took 0.268 seconds
[2024-08-14 19:12:15,831] {scheduler_job.py:182} INFO - Started process (PID=1190) to work on /opt/airflow/dags/dag_with_postgres_hooks.py
[2024-08-14 19:12:15,834] {scheduler_job.py:629} INFO - Processing file /opt/airflow/dags/dag_with_postgres_hooks.py for tasks to queue
[2024-08-14 19:12:15,837] {logging_mixin.py:104} INFO - [2024-08-14 19:12:15,836] {dagbag.py:448} INFO - Filling up the DagBag from /opt/airflow/dags/dag_with_postgres_hooks.py
[2024-08-14 19:12:15,967] {scheduler_job.py:639} INFO - DAG(s) dict_keys(['dag_with_postgres_hooks_v04']) retrieved from /opt/airflow/dags/dag_with_postgres_hooks.py
[2024-08-14 19:12:15,995] {logging_mixin.py:104} INFO - [2024-08-14 19:12:15,995] {dag.py:1818} INFO - Sync 1 DAGs
[2024-08-14 19:12:16,014] {logging_mixin.py:104} INFO - [2024-08-14 19:12:16,014] {dag.py:2273} INFO - Setting next_dagrun for dag_with_postgres_hooks_v04 to 2022-06-01 00:00:00+00:00
[2024-08-14 19:12:16,024] {scheduler_job.py:190} INFO - Processing /opt/airflow/dags/dag_with_postgres_hooks.py took 0.199 seconds
[2024-08-14 19:12:26,541] {scheduler_job.py:182} INFO - Started process (PID=1249) to work on /opt/airflow/dags/dag_with_postgres_hooks.py
[2024-08-14 19:12:26,544] {scheduler_job.py:629} INFO - Processing file /opt/airflow/dags/dag_with_postgres_hooks.py for tasks to queue
[2024-08-14 19:12:26,548] {logging_mixin.py:104} INFO - [2024-08-14 19:12:26,548] {dagbag.py:448} INFO - Filling up the DagBag from /opt/airflow/dags/dag_with_postgres_hooks.py
[2024-08-14 19:12:26,780] {scheduler_job.py:639} INFO - DAG(s) dict_keys(['dag_with_postgres_hooks_v04']) retrieved from /opt/airflow/dags/dag_with_postgres_hooks.py
[2024-08-14 19:12:26,819] {logging_mixin.py:104} INFO - [2024-08-14 19:12:26,819] {dag.py:1818} INFO - Sync 1 DAGs
[2024-08-14 19:12:26,850] {logging_mixin.py:104} INFO - [2024-08-14 19:12:26,850] {dag.py:2273} INFO - Setting next_dagrun for dag_with_postgres_hooks_v04 to 2022-06-01 00:00:00+00:00
[2024-08-14 19:12:26,865] {scheduler_job.py:190} INFO - Processing /opt/airflow/dags/dag_with_postgres_hooks.py took 0.333 seconds
[2024-08-14 19:12:37,578] {scheduler_job.py:182} INFO - Started process (PID=1309) to work on /opt/airflow/dags/dag_with_postgres_hooks.py
[2024-08-14 19:12:37,581] {scheduler_job.py:629} INFO - Processing file /opt/airflow/dags/dag_with_postgres_hooks.py for tasks to queue
[2024-08-14 19:12:37,583] {logging_mixin.py:104} INFO - [2024-08-14 19:12:37,582] {dagbag.py:448} INFO - Filling up the DagBag from /opt/airflow/dags/dag_with_postgres_hooks.py
[2024-08-14 19:12:37,754] {scheduler_job.py:639} INFO - DAG(s) dict_keys(['dag_with_postgres_hooks_v04']) retrieved from /opt/airflow/dags/dag_with_postgres_hooks.py
[2024-08-14 19:12:37,792] {logging_mixin.py:104} INFO - [2024-08-14 19:12:37,792] {dag.py:1818} INFO - Sync 1 DAGs
[2024-08-14 19:12:37,812] {logging_mixin.py:104} INFO - [2024-08-14 19:12:37,812] {dag.py:2273} INFO - Setting next_dagrun for dag_with_postgres_hooks_v04 to 2022-06-01 00:00:00+00:00
[2024-08-14 19:12:37,823] {scheduler_job.py:190} INFO - Processing /opt/airflow/dags/dag_with_postgres_hooks.py took 0.249 seconds
[2024-08-14 19:12:48,309] {scheduler_job.py:182} INFO - Started process (PID=1369) to work on /opt/airflow/dags/dag_with_postgres_hooks.py
[2024-08-14 19:12:48,312] {scheduler_job.py:629} INFO - Processing file /opt/airflow/dags/dag_with_postgres_hooks.py for tasks to queue
[2024-08-14 19:12:48,314] {logging_mixin.py:104} INFO - [2024-08-14 19:12:48,314] {dagbag.py:448} INFO - Filling up the DagBag from /opt/airflow/dags/dag_with_postgres_hooks.py
[2024-08-14 19:12:48,434] {scheduler_job.py:639} INFO - DAG(s) dict_keys(['dag_with_postgres_hooks_v04']) retrieved from /opt/airflow/dags/dag_with_postgres_hooks.py
[2024-08-14 19:12:48,464] {logging_mixin.py:104} INFO - [2024-08-14 19:12:48,464] {dag.py:1818} INFO - Sync 1 DAGs
[2024-08-14 19:12:48,483] {logging_mixin.py:104} INFO - [2024-08-14 19:12:48,483] {dag.py:2273} INFO - Setting next_dagrun for dag_with_postgres_hooks_v04 to 2022-06-01 00:00:00+00:00
[2024-08-14 19:12:48,492] {scheduler_job.py:190} INFO - Processing /opt/airflow/dags/dag_with_postgres_hooks.py took 0.187 seconds
[2024-08-14 19:12:59,172] {scheduler_job.py:182} INFO - Started process (PID=1429) to work on /opt/airflow/dags/dag_with_postgres_hooks.py
[2024-08-14 19:12:59,174] {scheduler_job.py:629} INFO - Processing file /opt/airflow/dags/dag_with_postgres_hooks.py for tasks to queue
[2024-08-14 19:12:59,176] {logging_mixin.py:104} INFO - [2024-08-14 19:12:59,175] {dagbag.py:448} INFO - Filling up the DagBag from /opt/airflow/dags/dag_with_postgres_hooks.py
[2024-08-14 19:12:59,296] {scheduler_job.py:639} INFO - DAG(s) dict_keys(['dag_with_postgres_hooks_v04']) retrieved from /opt/airflow/dags/dag_with_postgres_hooks.py
[2024-08-14 19:12:59,325] {logging_mixin.py:104} INFO - [2024-08-14 19:12:59,324] {dag.py:1818} INFO - Sync 1 DAGs
[2024-08-14 19:12:59,344] {logging_mixin.py:104} INFO - [2024-08-14 19:12:59,344] {dag.py:2273} INFO - Setting next_dagrun for dag_with_postgres_hooks_v04 to 2022-06-01 00:00:00+00:00
[2024-08-14 19:12:59,353] {scheduler_job.py:190} INFO - Processing /opt/airflow/dags/dag_with_postgres_hooks.py took 0.185 seconds
[2024-08-14 19:13:09,875] {scheduler_job.py:182} INFO - Started process (PID=1489) to work on /opt/airflow/dags/dag_with_postgres_hooks.py
[2024-08-14 19:13:09,877] {scheduler_job.py:629} INFO - Processing file /opt/airflow/dags/dag_with_postgres_hooks.py for tasks to queue
[2024-08-14 19:13:09,879] {logging_mixin.py:104} INFO - [2024-08-14 19:13:09,878] {dagbag.py:448} INFO - Filling up the DagBag from /opt/airflow/dags/dag_with_postgres_hooks.py
[2024-08-14 19:13:10,041] {scheduler_job.py:639} INFO - DAG(s) dict_keys(['dag_with_postgres_hooks_v04']) retrieved from /opt/airflow/dags/dag_with_postgres_hooks.py
[2024-08-14 19:13:10,071] {logging_mixin.py:104} INFO - [2024-08-14 19:13:10,071] {dag.py:1818} INFO - Sync 1 DAGs
[2024-08-14 19:13:10,095] {logging_mixin.py:104} INFO - [2024-08-14 19:13:10,095] {dag.py:2273} INFO - Setting next_dagrun for dag_with_postgres_hooks_v04 to 2022-06-01 00:00:00+00:00
[2024-08-14 19:13:10,107] {scheduler_job.py:190} INFO - Processing /opt/airflow/dags/dag_with_postgres_hooks.py took 0.237 seconds
[2024-08-14 19:13:20,771] {scheduler_job.py:182} INFO - Started process (PID=1549) to work on /opt/airflow/dags/dag_with_postgres_hooks.py
[2024-08-14 19:13:20,774] {scheduler_job.py:629} INFO - Processing file /opt/airflow/dags/dag_with_postgres_hooks.py for tasks to queue
[2024-08-14 19:13:20,775] {logging_mixin.py:104} INFO - [2024-08-14 19:13:20,775] {dagbag.py:448} INFO - Filling up the DagBag from /opt/airflow/dags/dag_with_postgres_hooks.py
[2024-08-14 19:13:20,906] {scheduler_job.py:639} INFO - DAG(s) dict_keys(['dag_with_postgres_hooks_v04']) retrieved from /opt/airflow/dags/dag_with_postgres_hooks.py
[2024-08-14 19:13:20,939] {logging_mixin.py:104} INFO - [2024-08-14 19:13:20,939] {dag.py:1818} INFO - Sync 1 DAGs
[2024-08-14 19:13:20,961] {logging_mixin.py:104} INFO - [2024-08-14 19:13:20,961] {dag.py:2273} INFO - Setting next_dagrun for dag_with_postgres_hooks_v04 to 2022-06-01 00:00:00+00:00
[2024-08-14 19:13:20,971] {scheduler_job.py:190} INFO - Processing /opt/airflow/dags/dag_with_postgres_hooks.py took 0.205 seconds
[2024-08-14 19:13:31,525] {scheduler_job.py:182} INFO - Started process (PID=1609) to work on /opt/airflow/dags/dag_with_postgres_hooks.py
[2024-08-14 19:13:31,527] {scheduler_job.py:629} INFO - Processing file /opt/airflow/dags/dag_with_postgres_hooks.py for tasks to queue
[2024-08-14 19:13:31,528] {logging_mixin.py:104} INFO - [2024-08-14 19:13:31,528] {dagbag.py:448} INFO - Filling up the DagBag from /opt/airflow/dags/dag_with_postgres_hooks.py
[2024-08-14 19:13:31,649] {scheduler_job.py:639} INFO - DAG(s) dict_keys(['dag_with_postgres_hooks_v04']) retrieved from /opt/airflow/dags/dag_with_postgres_hooks.py
[2024-08-14 19:13:31,684] {logging_mixin.py:104} INFO - [2024-08-14 19:13:31,684] {dag.py:1818} INFO - Sync 1 DAGs
[2024-08-14 19:13:31,703] {logging_mixin.py:104} INFO - [2024-08-14 19:13:31,703] {dag.py:2273} INFO - Setting next_dagrun for dag_with_postgres_hooks_v04 to 2022-06-01 00:00:00+00:00
[2024-08-14 19:13:31,712] {scheduler_job.py:190} INFO - Processing /opt/airflow/dags/dag_with_postgres_hooks.py took 0.191 seconds
[2024-08-14 19:13:42,261] {scheduler_job.py:182} INFO - Started process (PID=1669) to work on /opt/airflow/dags/dag_with_postgres_hooks.py
[2024-08-14 19:13:42,262] {scheduler_job.py:629} INFO - Processing file /opt/airflow/dags/dag_with_postgres_hooks.py for tasks to queue
[2024-08-14 19:13:42,264] {logging_mixin.py:104} INFO - [2024-08-14 19:13:42,264] {dagbag.py:448} INFO - Filling up the DagBag from /opt/airflow/dags/dag_with_postgres_hooks.py
[2024-08-14 19:13:42,401] {scheduler_job.py:639} INFO - DAG(s) dict_keys(['dag_with_postgres_hooks_v04']) retrieved from /opt/airflow/dags/dag_with_postgres_hooks.py
[2024-08-14 19:13:42,435] {logging_mixin.py:104} INFO - [2024-08-14 19:13:42,434] {dag.py:1818} INFO - Sync 1 DAGs
[2024-08-14 19:13:42,455] {logging_mixin.py:104} INFO - [2024-08-14 19:13:42,455] {dag.py:2273} INFO - Setting next_dagrun for dag_with_postgres_hooks_v04 to 2022-06-01 00:00:00+00:00
[2024-08-14 19:13:42,465] {scheduler_job.py:190} INFO - Processing /opt/airflow/dags/dag_with_postgres_hooks.py took 0.209 seconds
[2024-08-14 19:14:07,160] {scheduler_job.py:182} INFO - Started process (PID=1719) to work on /opt/airflow/dags/dag_with_postgres_hooks.py
[2024-08-14 19:14:07,164] {scheduler_job.py:629} INFO - Processing file /opt/airflow/dags/dag_with_postgres_hooks.py for tasks to queue
[2024-08-14 19:14:07,166] {logging_mixin.py:104} INFO - [2024-08-14 19:14:07,166] {dagbag.py:448} INFO - Filling up the DagBag from /opt/airflow/dags/dag_with_postgres_hooks.py
[2024-08-14 19:14:07,306] {scheduler_job.py:639} INFO - DAG(s) dict_keys(['dag_with_postgres_hooks_v04']) retrieved from /opt/airflow/dags/dag_with_postgres_hooks.py
[2024-08-14 19:14:07,336] {logging_mixin.py:104} INFO - [2024-08-14 19:14:07,336] {dag.py:1818} INFO - Sync 1 DAGs
[2024-08-14 19:14:07,356] {logging_mixin.py:104} INFO - [2024-08-14 19:14:07,356] {dag.py:2273} INFO - Setting next_dagrun for dag_with_postgres_hooks_v04 to 2022-06-01 00:00:00+00:00
[2024-08-14 19:14:07,373] {scheduler_job.py:190} INFO - Processing /opt/airflow/dags/dag_with_postgres_hooks.py took 0.217 seconds
[2024-08-14 19:14:18,098] {scheduler_job.py:182} INFO - Started process (PID=1779) to work on /opt/airflow/dags/dag_with_postgres_hooks.py
[2024-08-14 19:14:18,100] {scheduler_job.py:629} INFO - Processing file /opt/airflow/dags/dag_with_postgres_hooks.py for tasks to queue
[2024-08-14 19:14:18,102] {logging_mixin.py:104} INFO - [2024-08-14 19:14:18,102] {dagbag.py:448} INFO - Filling up the DagBag from /opt/airflow/dags/dag_with_postgres_hooks.py
[2024-08-14 19:14:18,248] {scheduler_job.py:639} INFO - DAG(s) dict_keys(['dag_with_postgres_hooks_v04']) retrieved from /opt/airflow/dags/dag_with_postgres_hooks.py
[2024-08-14 19:14:18,281] {logging_mixin.py:104} INFO - [2024-08-14 19:14:18,281] {dag.py:1818} INFO - Sync 1 DAGs
[2024-08-14 19:14:18,303] {logging_mixin.py:104} INFO - [2024-08-14 19:14:18,303] {dag.py:2273} INFO - Setting next_dagrun for dag_with_postgres_hooks_v04 to 2022-06-01 00:00:00+00:00
[2024-08-14 19:14:18,313] {scheduler_job.py:190} INFO - Processing /opt/airflow/dags/dag_with_postgres_hooks.py took 0.220 seconds
[2024-08-14 19:14:28,984] {scheduler_job.py:182} INFO - Started process (PID=1839) to work on /opt/airflow/dags/dag_with_postgres_hooks.py
[2024-08-14 19:14:28,987] {scheduler_job.py:629} INFO - Processing file /opt/airflow/dags/dag_with_postgres_hooks.py for tasks to queue
[2024-08-14 19:14:28,988] {logging_mixin.py:104} INFO - [2024-08-14 19:14:28,988] {dagbag.py:448} INFO - Filling up the DagBag from /opt/airflow/dags/dag_with_postgres_hooks.py
[2024-08-14 19:14:29,132] {scheduler_job.py:639} INFO - DAG(s) dict_keys(['dag_with_postgres_hooks_v04']) retrieved from /opt/airflow/dags/dag_with_postgres_hooks.py
[2024-08-14 19:14:29,163] {logging_mixin.py:104} INFO - [2024-08-14 19:14:29,163] {dag.py:1818} INFO - Sync 1 DAGs
[2024-08-14 19:14:29,183] {logging_mixin.py:104} INFO - [2024-08-14 19:14:29,183] {dag.py:2273} INFO - Setting next_dagrun for dag_with_postgres_hooks_v04 to 2022-06-01 00:00:00+00:00
[2024-08-14 19:14:29,194] {scheduler_job.py:190} INFO - Processing /opt/airflow/dags/dag_with_postgres_hooks.py took 0.217 seconds
[2024-08-14 19:14:39,805] {scheduler_job.py:182} INFO - Started process (PID=1899) to work on /opt/airflow/dags/dag_with_postgres_hooks.py
[2024-08-14 19:14:39,807] {scheduler_job.py:629} INFO - Processing file /opt/airflow/dags/dag_with_postgres_hooks.py for tasks to queue
[2024-08-14 19:14:39,809] {logging_mixin.py:104} INFO - [2024-08-14 19:14:39,809] {dagbag.py:448} INFO - Filling up the DagBag from /opt/airflow/dags/dag_with_postgres_hooks.py
[2024-08-14 19:14:39,944] {scheduler_job.py:639} INFO - DAG(s) dict_keys(['dag_with_postgres_hooks_v04']) retrieved from /opt/airflow/dags/dag_with_postgres_hooks.py
[2024-08-14 19:14:39,975] {logging_mixin.py:104} INFO - [2024-08-14 19:14:39,975] {dag.py:1818} INFO - Sync 1 DAGs
[2024-08-14 19:14:39,996] {logging_mixin.py:104} INFO - [2024-08-14 19:14:39,996] {dag.py:2273} INFO - Setting next_dagrun for dag_with_postgres_hooks_v04 to 2022-06-01 00:00:00+00:00
[2024-08-14 19:14:40,007] {scheduler_job.py:190} INFO - Processing /opt/airflow/dags/dag_with_postgres_hooks.py took 0.207 seconds
[2024-08-14 19:14:50,586] {scheduler_job.py:182} INFO - Started process (PID=1959) to work on /opt/airflow/dags/dag_with_postgres_hooks.py
[2024-08-14 19:14:50,588] {scheduler_job.py:629} INFO - Processing file /opt/airflow/dags/dag_with_postgres_hooks.py for tasks to queue
[2024-08-14 19:14:50,591] {logging_mixin.py:104} INFO - [2024-08-14 19:14:50,590] {dagbag.py:448} INFO - Filling up the DagBag from /opt/airflow/dags/dag_with_postgres_hooks.py
[2024-08-14 19:14:50,726] {scheduler_job.py:639} INFO - DAG(s) dict_keys(['dag_with_postgres_hooks_v04']) retrieved from /opt/airflow/dags/dag_with_postgres_hooks.py
[2024-08-14 19:14:50,755] {logging_mixin.py:104} INFO - [2024-08-14 19:14:50,755] {dag.py:1818} INFO - Sync 1 DAGs
[2024-08-14 19:14:50,777] {logging_mixin.py:104} INFO - [2024-08-14 19:14:50,777] {dag.py:2273} INFO - Setting next_dagrun for dag_with_postgres_hooks_v04 to 2022-06-01 00:00:00+00:00
[2024-08-14 19:14:50,787] {scheduler_job.py:190} INFO - Processing /opt/airflow/dags/dag_with_postgres_hooks.py took 0.206 seconds
[2024-08-14 19:15:01,359] {scheduler_job.py:182} INFO - Started process (PID=2019) to work on /opt/airflow/dags/dag_with_postgres_hooks.py
[2024-08-14 19:15:01,361] {scheduler_job.py:629} INFO - Processing file /opt/airflow/dags/dag_with_postgres_hooks.py for tasks to queue
[2024-08-14 19:15:01,363] {logging_mixin.py:104} INFO - [2024-08-14 19:15:01,363] {dagbag.py:448} INFO - Filling up the DagBag from /opt/airflow/dags/dag_with_postgres_hooks.py
[2024-08-14 19:15:01,493] {scheduler_job.py:639} INFO - DAG(s) dict_keys(['dag_with_postgres_hooks_v04']) retrieved from /opt/airflow/dags/dag_with_postgres_hooks.py
[2024-08-14 19:15:01,522] {logging_mixin.py:104} INFO - [2024-08-14 19:15:01,521] {dag.py:1818} INFO - Sync 1 DAGs
[2024-08-14 19:15:01,543] {logging_mixin.py:104} INFO - [2024-08-14 19:15:01,543] {dag.py:2273} INFO - Setting next_dagrun for dag_with_postgres_hooks_v04 to 2022-06-01 00:00:00+00:00
[2024-08-14 19:15:01,552] {scheduler_job.py:190} INFO - Processing /opt/airflow/dags/dag_with_postgres_hooks.py took 0.198 seconds
[2024-08-14 19:15:12,136] {scheduler_job.py:182} INFO - Started process (PID=2079) to work on /opt/airflow/dags/dag_with_postgres_hooks.py
[2024-08-14 19:15:12,138] {scheduler_job.py:629} INFO - Processing file /opt/airflow/dags/dag_with_postgres_hooks.py for tasks to queue
[2024-08-14 19:15:12,139] {logging_mixin.py:104} INFO - [2024-08-14 19:15:12,139] {dagbag.py:448} INFO - Filling up the DagBag from /opt/airflow/dags/dag_with_postgres_hooks.py
[2024-08-14 19:15:12,274] {scheduler_job.py:639} INFO - DAG(s) dict_keys(['dag_with_postgres_hooks_v04']) retrieved from /opt/airflow/dags/dag_with_postgres_hooks.py
[2024-08-14 19:15:12,309] {logging_mixin.py:104} INFO - [2024-08-14 19:15:12,309] {dag.py:1818} INFO - Sync 1 DAGs
[2024-08-14 19:15:12,333] {logging_mixin.py:104} INFO - [2024-08-14 19:15:12,332] {dag.py:2273} INFO - Setting next_dagrun for dag_with_postgres_hooks_v04 to 2022-06-01 00:00:00+00:00
[2024-08-14 19:15:12,342] {scheduler_job.py:190} INFO - Processing /opt/airflow/dags/dag_with_postgres_hooks.py took 0.211 seconds
[2024-08-14 19:15:22,882] {scheduler_job.py:182} INFO - Started process (PID=2139) to work on /opt/airflow/dags/dag_with_postgres_hooks.py
[2024-08-14 19:15:22,884] {scheduler_job.py:629} INFO - Processing file /opt/airflow/dags/dag_with_postgres_hooks.py for tasks to queue
[2024-08-14 19:15:22,885] {logging_mixin.py:104} INFO - [2024-08-14 19:15:22,885] {dagbag.py:448} INFO - Filling up the DagBag from /opt/airflow/dags/dag_with_postgres_hooks.py
[2024-08-14 19:15:23,007] {scheduler_job.py:639} INFO - DAG(s) dict_keys(['dag_with_postgres_hooks_v04']) retrieved from /opt/airflow/dags/dag_with_postgres_hooks.py
[2024-08-14 19:15:23,034] {logging_mixin.py:104} INFO - [2024-08-14 19:15:23,034] {dag.py:1818} INFO - Sync 1 DAGs
[2024-08-14 19:15:23,053] {logging_mixin.py:104} INFO - [2024-08-14 19:15:23,053] {dag.py:2273} INFO - Setting next_dagrun for dag_with_postgres_hooks_v04 to 2022-06-01 00:00:00+00:00
[2024-08-14 19:15:23,063] {scheduler_job.py:190} INFO - Processing /opt/airflow/dags/dag_with_postgres_hooks.py took 0.186 seconds
[2024-08-14 19:15:33,570] {scheduler_job.py:182} INFO - Started process (PID=2199) to work on /opt/airflow/dags/dag_with_postgres_hooks.py
[2024-08-14 19:15:33,572] {scheduler_job.py:629} INFO - Processing file /opt/airflow/dags/dag_with_postgres_hooks.py for tasks to queue
[2024-08-14 19:15:33,573] {logging_mixin.py:104} INFO - [2024-08-14 19:15:33,573] {dagbag.py:448} INFO - Filling up the DagBag from /opt/airflow/dags/dag_with_postgres_hooks.py
[2024-08-14 19:15:33,698] {scheduler_job.py:639} INFO - DAG(s) dict_keys(['dag_with_postgres_hooks_v04']) retrieved from /opt/airflow/dags/dag_with_postgres_hooks.py
[2024-08-14 19:15:33,749] {logging_mixin.py:104} INFO - [2024-08-14 19:15:33,749] {dag.py:1818} INFO - Sync 1 DAGs
[2024-08-14 19:15:33,770] {logging_mixin.py:104} INFO - [2024-08-14 19:15:33,770] {dag.py:2273} INFO - Setting next_dagrun for dag_with_postgres_hooks_v04 to 2022-06-01 00:00:00+00:00
[2024-08-14 19:15:33,779] {scheduler_job.py:190} INFO - Processing /opt/airflow/dags/dag_with_postgres_hooks.py took 0.213 seconds
[2024-08-14 19:15:44,311] {scheduler_job.py:182} INFO - Started process (PID=2259) to work on /opt/airflow/dags/dag_with_postgres_hooks.py
[2024-08-14 19:15:44,313] {scheduler_job.py:629} INFO - Processing file /opt/airflow/dags/dag_with_postgres_hooks.py for tasks to queue
[2024-08-14 19:15:44,315] {logging_mixin.py:104} INFO - [2024-08-14 19:15:44,314] {dagbag.py:448} INFO - Filling up the DagBag from /opt/airflow/dags/dag_with_postgres_hooks.py
[2024-08-14 19:15:44,438] {scheduler_job.py:639} INFO - DAG(s) dict_keys(['dag_with_postgres_hooks_v04']) retrieved from /opt/airflow/dags/dag_with_postgres_hooks.py
[2024-08-14 19:15:44,470] {logging_mixin.py:104} INFO - [2024-08-14 19:15:44,469] {dag.py:1818} INFO - Sync 1 DAGs
[2024-08-14 19:15:44,496] {logging_mixin.py:104} INFO - [2024-08-14 19:15:44,495] {dag.py:2273} INFO - Setting next_dagrun for dag_with_postgres_hooks_v04 to 2022-06-01 00:00:00+00:00
[2024-08-14 19:15:44,506] {scheduler_job.py:190} INFO - Processing /opt/airflow/dags/dag_with_postgres_hooks.py took 0.199 seconds
[2024-08-14 19:15:55,115] {scheduler_job.py:182} INFO - Started process (PID=2319) to work on /opt/airflow/dags/dag_with_postgres_hooks.py
[2024-08-14 19:15:55,118] {scheduler_job.py:629} INFO - Processing file /opt/airflow/dags/dag_with_postgres_hooks.py for tasks to queue
[2024-08-14 19:15:55,120] {logging_mixin.py:104} INFO - [2024-08-14 19:15:55,119] {dagbag.py:448} INFO - Filling up the DagBag from /opt/airflow/dags/dag_with_postgres_hooks.py
[2024-08-14 19:15:55,279] {scheduler_job.py:639} INFO - DAG(s) dict_keys(['dag_with_postgres_hooks_v04']) retrieved from /opt/airflow/dags/dag_with_postgres_hooks.py
[2024-08-14 19:15:55,309] {logging_mixin.py:104} INFO - [2024-08-14 19:15:55,309] {dag.py:1818} INFO - Sync 1 DAGs
[2024-08-14 19:15:55,328] {logging_mixin.py:104} INFO - [2024-08-14 19:15:55,328] {dag.py:2273} INFO - Setting next_dagrun for dag_with_postgres_hooks_v04 to 2022-06-01 00:00:00+00:00
[2024-08-14 19:15:55,340] {scheduler_job.py:190} INFO - Processing /opt/airflow/dags/dag_with_postgres_hooks.py took 0.230 seconds
[2024-08-14 19:16:06,062] {scheduler_job.py:182} INFO - Started process (PID=2379) to work on /opt/airflow/dags/dag_with_postgres_hooks.py
[2024-08-14 19:16:06,064] {scheduler_job.py:629} INFO - Processing file /opt/airflow/dags/dag_with_postgres_hooks.py for tasks to queue
[2024-08-14 19:16:06,069] {logging_mixin.py:104} INFO - [2024-08-14 19:16:06,068] {dagbag.py:448} INFO - Filling up the DagBag from /opt/airflow/dags/dag_with_postgres_hooks.py
[2024-08-14 19:16:06,200] {scheduler_job.py:639} INFO - DAG(s) dict_keys(['dag_with_postgres_hooks_v04']) retrieved from /opt/airflow/dags/dag_with_postgres_hooks.py
[2024-08-14 19:16:06,227] {logging_mixin.py:104} INFO - [2024-08-14 19:16:06,227] {dag.py:1818} INFO - Sync 1 DAGs
[2024-08-14 19:16:06,246] {logging_mixin.py:104} INFO - [2024-08-14 19:16:06,246] {dag.py:2273} INFO - Setting next_dagrun for dag_with_postgres_hooks_v04 to 2022-06-01 00:00:00+00:00
[2024-08-14 19:16:06,255] {scheduler_job.py:190} INFO - Processing /opt/airflow/dags/dag_with_postgres_hooks.py took 0.198 seconds
[2024-08-14 19:16:16,918] {scheduler_job.py:182} INFO - Started process (PID=2439) to work on /opt/airflow/dags/dag_with_postgres_hooks.py
[2024-08-14 19:16:16,921] {scheduler_job.py:629} INFO - Processing file /opt/airflow/dags/dag_with_postgres_hooks.py for tasks to queue
[2024-08-14 19:16:16,923] {logging_mixin.py:104} INFO - [2024-08-14 19:16:16,923] {dagbag.py:448} INFO - Filling up the DagBag from /opt/airflow/dags/dag_with_postgres_hooks.py
[2024-08-14 19:16:17,081] {scheduler_job.py:639} INFO - DAG(s) dict_keys(['dag_with_postgres_hooks_v04']) retrieved from /opt/airflow/dags/dag_with_postgres_hooks.py
[2024-08-14 19:16:17,124] {logging_mixin.py:104} INFO - [2024-08-14 19:16:17,124] {dag.py:1818} INFO - Sync 1 DAGs
[2024-08-14 19:16:17,148] {logging_mixin.py:104} INFO - [2024-08-14 19:16:17,148] {dag.py:2273} INFO - Setting next_dagrun for dag_with_postgres_hooks_v04 to 2022-06-01 00:00:00+00:00
[2024-08-14 19:16:17,168] {scheduler_job.py:190} INFO - Processing /opt/airflow/dags/dag_with_postgres_hooks.py took 0.254 seconds
[2024-08-14 19:16:27,723] {scheduler_job.py:182} INFO - Started process (PID=2499) to work on /opt/airflow/dags/dag_with_postgres_hooks.py
[2024-08-14 19:16:27,726] {scheduler_job.py:629} INFO - Processing file /opt/airflow/dags/dag_with_postgres_hooks.py for tasks to queue
[2024-08-14 19:16:27,728] {logging_mixin.py:104} INFO - [2024-08-14 19:16:27,728] {dagbag.py:448} INFO - Filling up the DagBag from /opt/airflow/dags/dag_with_postgres_hooks.py
[2024-08-14 19:16:27,895] {scheduler_job.py:639} INFO - DAG(s) dict_keys(['dag_with_postgres_hooks_v04']) retrieved from /opt/airflow/dags/dag_with_postgres_hooks.py
[2024-08-14 19:16:27,933] {logging_mixin.py:104} INFO - [2024-08-14 19:16:27,932] {dag.py:1818} INFO - Sync 1 DAGs
[2024-08-14 19:16:27,958] {logging_mixin.py:104} INFO - [2024-08-14 19:16:27,958] {dag.py:2273} INFO - Setting next_dagrun for dag_with_postgres_hooks_v04 to 2022-06-01 00:00:00+00:00
[2024-08-14 19:16:27,969] {scheduler_job.py:190} INFO - Processing /opt/airflow/dags/dag_with_postgres_hooks.py took 0.250 seconds
[2024-08-14 19:16:38,481] {scheduler_job.py:182} INFO - Started process (PID=2559) to work on /opt/airflow/dags/dag_with_postgres_hooks.py
[2024-08-14 19:16:38,484] {scheduler_job.py:629} INFO - Processing file /opt/airflow/dags/dag_with_postgres_hooks.py for tasks to queue
[2024-08-14 19:16:38,486] {logging_mixin.py:104} INFO - [2024-08-14 19:16:38,485] {dagbag.py:448} INFO - Filling up the DagBag from /opt/airflow/dags/dag_with_postgres_hooks.py
[2024-08-14 19:16:38,603] {scheduler_job.py:639} INFO - DAG(s) dict_keys(['dag_with_postgres_hooks_v04']) retrieved from /opt/airflow/dags/dag_with_postgres_hooks.py
[2024-08-14 19:16:38,630] {logging_mixin.py:104} INFO - [2024-08-14 19:16:38,630] {dag.py:1818} INFO - Sync 1 DAGs
[2024-08-14 19:16:38,649] {logging_mixin.py:104} INFO - [2024-08-14 19:16:38,649] {dag.py:2273} INFO - Setting next_dagrun for dag_with_postgres_hooks_v04 to 2022-06-01 00:00:00+00:00
[2024-08-14 19:16:38,658] {scheduler_job.py:190} INFO - Processing /opt/airflow/dags/dag_with_postgres_hooks.py took 0.183 seconds
[2024-08-14 19:16:49,178] {scheduler_job.py:182} INFO - Started process (PID=2619) to work on /opt/airflow/dags/dag_with_postgres_hooks.py
[2024-08-14 19:16:49,180] {scheduler_job.py:629} INFO - Processing file /opt/airflow/dags/dag_with_postgres_hooks.py for tasks to queue
[2024-08-14 19:16:49,181] {logging_mixin.py:104} INFO - [2024-08-14 19:16:49,181] {dagbag.py:448} INFO - Filling up the DagBag from /opt/airflow/dags/dag_with_postgres_hooks.py
[2024-08-14 19:16:49,297] {scheduler_job.py:639} INFO - DAG(s) dict_keys(['dag_with_postgres_hooks_v04']) retrieved from /opt/airflow/dags/dag_with_postgres_hooks.py
[2024-08-14 19:16:49,324] {logging_mixin.py:104} INFO - [2024-08-14 19:16:49,324] {dag.py:1818} INFO - Sync 1 DAGs
[2024-08-14 19:16:49,343] {logging_mixin.py:104} INFO - [2024-08-14 19:16:49,343] {dag.py:2273} INFO - Setting next_dagrun for dag_with_postgres_hooks_v04 to 2022-06-01 00:00:00+00:00
[2024-08-14 19:16:49,352] {scheduler_job.py:190} INFO - Processing /opt/airflow/dags/dag_with_postgres_hooks.py took 0.178 seconds
[2024-08-14 19:16:59,839] {scheduler_job.py:182} INFO - Started process (PID=2679) to work on /opt/airflow/dags/dag_with_postgres_hooks.py
[2024-08-14 19:16:59,841] {scheduler_job.py:629} INFO - Processing file /opt/airflow/dags/dag_with_postgres_hooks.py for tasks to queue
[2024-08-14 19:16:59,843] {logging_mixin.py:104} INFO - [2024-08-14 19:16:59,842] {dagbag.py:448} INFO - Filling up the DagBag from /opt/airflow/dags/dag_with_postgres_hooks.py
[2024-08-14 19:16:59,963] {scheduler_job.py:639} INFO - DAG(s) dict_keys(['dag_with_postgres_hooks_v04']) retrieved from /opt/airflow/dags/dag_with_postgres_hooks.py
[2024-08-14 19:16:59,991] {logging_mixin.py:104} INFO - [2024-08-14 19:16:59,991] {dag.py:1818} INFO - Sync 1 DAGs
[2024-08-14 19:17:00,012] {logging_mixin.py:104} INFO - [2024-08-14 19:17:00,012] {dag.py:2273} INFO - Setting next_dagrun for dag_with_postgres_hooks_v04 to 2022-06-01 00:00:00+00:00
[2024-08-14 19:17:00,021] {scheduler_job.py:190} INFO - Processing /opt/airflow/dags/dag_with_postgres_hooks.py took 0.186 seconds
[2024-08-14 19:17:10,520] {scheduler_job.py:182} INFO - Started process (PID=2739) to work on /opt/airflow/dags/dag_with_postgres_hooks.py
[2024-08-14 19:17:10,523] {scheduler_job.py:629} INFO - Processing file /opt/airflow/dags/dag_with_postgres_hooks.py for tasks to queue
[2024-08-14 19:17:10,524] {logging_mixin.py:104} INFO - [2024-08-14 19:17:10,524] {dagbag.py:448} INFO - Filling up the DagBag from /opt/airflow/dags/dag_with_postgres_hooks.py
[2024-08-14 19:17:10,650] {scheduler_job.py:639} INFO - DAG(s) dict_keys(['dag_with_postgres_hooks_v04']) retrieved from /opt/airflow/dags/dag_with_postgres_hooks.py
[2024-08-14 19:17:10,677] {logging_mixin.py:104} INFO - [2024-08-14 19:17:10,677] {dag.py:1818} INFO - Sync 1 DAGs
[2024-08-14 19:17:10,700] {logging_mixin.py:104} INFO - [2024-08-14 19:17:10,700] {dag.py:2273} INFO - Setting next_dagrun for dag_with_postgres_hooks_v04 to 2022-06-01 00:00:00+00:00
[2024-08-14 19:17:10,710] {scheduler_job.py:190} INFO - Processing /opt/airflow/dags/dag_with_postgres_hooks.py took 0.194 seconds
[2024-08-14 19:17:21,232] {scheduler_job.py:182} INFO - Started process (PID=2799) to work on /opt/airflow/dags/dag_with_postgres_hooks.py
[2024-08-14 19:17:21,234] {scheduler_job.py:629} INFO - Processing file /opt/airflow/dags/dag_with_postgres_hooks.py for tasks to queue
[2024-08-14 19:17:21,235] {logging_mixin.py:104} INFO - [2024-08-14 19:17:21,235] {dagbag.py:448} INFO - Filling up the DagBag from /opt/airflow/dags/dag_with_postgres_hooks.py
[2024-08-14 19:17:21,356] {scheduler_job.py:639} INFO - DAG(s) dict_keys(['dag_with_postgres_hooks_v04']) retrieved from /opt/airflow/dags/dag_with_postgres_hooks.py
[2024-08-14 19:17:21,384] {logging_mixin.py:104} INFO - [2024-08-14 19:17:21,384] {dag.py:1818} INFO - Sync 1 DAGs
[2024-08-14 19:17:21,404] {logging_mixin.py:104} INFO - [2024-08-14 19:17:21,403] {dag.py:2273} INFO - Setting next_dagrun for dag_with_postgres_hooks_v04 to 2022-06-01 00:00:00+00:00
[2024-08-14 19:17:21,413] {scheduler_job.py:190} INFO - Processing /opt/airflow/dags/dag_with_postgres_hooks.py took 0.186 seconds
[2024-08-14 19:17:31,946] {scheduler_job.py:182} INFO - Started process (PID=2859) to work on /opt/airflow/dags/dag_with_postgres_hooks.py
[2024-08-14 19:17:31,948] {scheduler_job.py:629} INFO - Processing file /opt/airflow/dags/dag_with_postgres_hooks.py for tasks to queue
[2024-08-14 19:17:31,950] {logging_mixin.py:104} INFO - [2024-08-14 19:17:31,950] {dagbag.py:448} INFO - Filling up the DagBag from /opt/airflow/dags/dag_with_postgres_hooks.py
[2024-08-14 19:17:32,065] {scheduler_job.py:639} INFO - DAG(s) dict_keys(['dag_with_postgres_hooks_v04']) retrieved from /opt/airflow/dags/dag_with_postgres_hooks.py
[2024-08-14 19:17:32,093] {logging_mixin.py:104} INFO - [2024-08-14 19:17:32,093] {dag.py:1818} INFO - Sync 1 DAGs
[2024-08-14 19:17:32,114] {logging_mixin.py:104} INFO - [2024-08-14 19:17:32,113] {dag.py:2273} INFO - Setting next_dagrun for dag_with_postgres_hooks_v04 to 2022-06-01 00:00:00+00:00
[2024-08-14 19:17:32,123] {scheduler_job.py:190} INFO - Processing /opt/airflow/dags/dag_with_postgres_hooks.py took 0.181 seconds
[2024-08-14 19:17:42,635] {scheduler_job.py:182} INFO - Started process (PID=2919) to work on /opt/airflow/dags/dag_with_postgres_hooks.py
[2024-08-14 19:17:42,637] {scheduler_job.py:629} INFO - Processing file /opt/airflow/dags/dag_with_postgres_hooks.py for tasks to queue
[2024-08-14 19:17:42,638] {logging_mixin.py:104} INFO - [2024-08-14 19:17:42,638] {dagbag.py:448} INFO - Filling up the DagBag from /opt/airflow/dags/dag_with_postgres_hooks.py
[2024-08-14 19:17:42,760] {scheduler_job.py:639} INFO - DAG(s) dict_keys(['dag_with_postgres_hooks_v04']) retrieved from /opt/airflow/dags/dag_with_postgres_hooks.py
[2024-08-14 19:17:42,796] {logging_mixin.py:104} INFO - [2024-08-14 19:17:42,796] {dag.py:1818} INFO - Sync 1 DAGs
[2024-08-14 19:17:42,826] {logging_mixin.py:104} INFO - [2024-08-14 19:17:42,826] {dag.py:2273} INFO - Setting next_dagrun for dag_with_postgres_hooks_v04 to 2022-06-01 00:00:00+00:00
[2024-08-14 19:17:42,838] {scheduler_job.py:190} INFO - Processing /opt/airflow/dags/dag_with_postgres_hooks.py took 0.207 seconds
[2024-08-14 19:17:53,445] {scheduler_job.py:182} INFO - Started process (PID=2979) to work on /opt/airflow/dags/dag_with_postgres_hooks.py
[2024-08-14 19:17:53,447] {scheduler_job.py:629} INFO - Processing file /opt/airflow/dags/dag_with_postgres_hooks.py for tasks to queue
[2024-08-14 19:17:53,448] {logging_mixin.py:104} INFO - [2024-08-14 19:17:53,448] {dagbag.py:448} INFO - Filling up the DagBag from /opt/airflow/dags/dag_with_postgres_hooks.py
[2024-08-14 19:17:53,589] {scheduler_job.py:639} INFO - DAG(s) dict_keys(['dag_with_postgres_hooks_v04']) retrieved from /opt/airflow/dags/dag_with_postgres_hooks.py
[2024-08-14 19:17:53,617] {logging_mixin.py:104} INFO - [2024-08-14 19:17:53,617] {dag.py:1818} INFO - Sync 1 DAGs
[2024-08-14 19:17:53,637] {logging_mixin.py:104} INFO - [2024-08-14 19:17:53,637] {dag.py:2273} INFO - Setting next_dagrun for dag_with_postgres_hooks_v04 to 2022-06-01 00:00:00+00:00
[2024-08-14 19:17:53,647] {scheduler_job.py:190} INFO - Processing /opt/airflow/dags/dag_with_postgres_hooks.py took 0.206 seconds
[2024-08-14 19:18:04,179] {scheduler_job.py:182} INFO - Started process (PID=3039) to work on /opt/airflow/dags/dag_with_postgres_hooks.py
[2024-08-14 19:18:04,181] {scheduler_job.py:629} INFO - Processing file /opt/airflow/dags/dag_with_postgres_hooks.py for tasks to queue
[2024-08-14 19:18:04,182] {logging_mixin.py:104} INFO - [2024-08-14 19:18:04,182] {dagbag.py:448} INFO - Filling up the DagBag from /opt/airflow/dags/dag_with_postgres_hooks.py
[2024-08-14 19:18:04,299] {scheduler_job.py:639} INFO - DAG(s) dict_keys(['dag_with_postgres_hooks_v04']) retrieved from /opt/airflow/dags/dag_with_postgres_hooks.py
[2024-08-14 19:18:04,326] {logging_mixin.py:104} INFO - [2024-08-14 19:18:04,326] {dag.py:1818} INFO - Sync 1 DAGs
[2024-08-14 19:18:04,345] {logging_mixin.py:104} INFO - [2024-08-14 19:18:04,345] {dag.py:2273} INFO - Setting next_dagrun for dag_with_postgres_hooks_v04 to 2022-06-01 00:00:00+00:00
[2024-08-14 19:18:04,354] {scheduler_job.py:190} INFO - Processing /opt/airflow/dags/dag_with_postgres_hooks.py took 0.179 seconds
[2024-08-14 19:18:14,863] {scheduler_job.py:182} INFO - Started process (PID=3099) to work on /opt/airflow/dags/dag_with_postgres_hooks.py
[2024-08-14 19:18:14,865] {scheduler_job.py:629} INFO - Processing file /opt/airflow/dags/dag_with_postgres_hooks.py for tasks to queue
[2024-08-14 19:18:14,866] {logging_mixin.py:104} INFO - [2024-08-14 19:18:14,866] {dagbag.py:448} INFO - Filling up the DagBag from /opt/airflow/dags/dag_with_postgres_hooks.py
[2024-08-14 19:18:14,983] {scheduler_job.py:639} INFO - DAG(s) dict_keys(['dag_with_postgres_hooks_v04']) retrieved from /opt/airflow/dags/dag_with_postgres_hooks.py
[2024-08-14 19:18:15,032] {logging_mixin.py:104} INFO - [2024-08-14 19:18:15,032] {dag.py:1818} INFO - Sync 1 DAGs
[2024-08-14 19:18:15,050] {logging_mixin.py:104} INFO - [2024-08-14 19:18:15,050] {dag.py:2273} INFO - Setting next_dagrun for dag_with_postgres_hooks_v04 to 2022-06-01 00:00:00+00:00
[2024-08-14 19:18:15,059] {scheduler_job.py:190} INFO - Processing /opt/airflow/dags/dag_with_postgres_hooks.py took 0.201 seconds
[2024-08-14 19:18:25,662] {scheduler_job.py:182} INFO - Started process (PID=3159) to work on /opt/airflow/dags/dag_with_postgres_hooks.py
[2024-08-14 19:18:25,664] {scheduler_job.py:629} INFO - Processing file /opt/airflow/dags/dag_with_postgres_hooks.py for tasks to queue
[2024-08-14 19:18:25,665] {logging_mixin.py:104} INFO - [2024-08-14 19:18:25,665] {dagbag.py:448} INFO - Filling up the DagBag from /opt/airflow/dags/dag_with_postgres_hooks.py
[2024-08-14 19:18:25,790] {scheduler_job.py:639} INFO - DAG(s) dict_keys(['dag_with_postgres_hooks_v04']) retrieved from /opt/airflow/dags/dag_with_postgres_hooks.py
[2024-08-14 19:18:25,817] {logging_mixin.py:104} INFO - [2024-08-14 19:18:25,817] {dag.py:1818} INFO - Sync 1 DAGs
[2024-08-14 19:18:25,838] {logging_mixin.py:104} INFO - [2024-08-14 19:18:25,838] {dag.py:2273} INFO - Setting next_dagrun for dag_with_postgres_hooks_v04 to 2022-06-01 00:00:00+00:00
[2024-08-14 19:18:25,849] {scheduler_job.py:190} INFO - Processing /opt/airflow/dags/dag_with_postgres_hooks.py took 0.193 seconds
[2024-08-14 19:18:36,422] {scheduler_job.py:182} INFO - Started process (PID=3219) to work on /opt/airflow/dags/dag_with_postgres_hooks.py
[2024-08-14 19:18:36,425] {scheduler_job.py:629} INFO - Processing file /opt/airflow/dags/dag_with_postgres_hooks.py for tasks to queue
[2024-08-14 19:18:36,427] {logging_mixin.py:104} INFO - [2024-08-14 19:18:36,426] {dagbag.py:448} INFO - Filling up the DagBag from /opt/airflow/dags/dag_with_postgres_hooks.py
[2024-08-14 19:18:36,575] {scheduler_job.py:639} INFO - DAG(s) dict_keys(['dag_with_postgres_hooks_v04']) retrieved from /opt/airflow/dags/dag_with_postgres_hooks.py
[2024-08-14 19:18:36,613] {logging_mixin.py:104} INFO - [2024-08-14 19:18:36,613] {dag.py:1818} INFO - Sync 1 DAGs
[2024-08-14 19:18:36,639] {logging_mixin.py:104} INFO - [2024-08-14 19:18:36,639] {dag.py:2273} INFO - Setting next_dagrun for dag_with_postgres_hooks_v04 to 2022-06-01 00:00:00+00:00
[2024-08-14 19:18:36,649] {scheduler_job.py:190} INFO - Processing /opt/airflow/dags/dag_with_postgres_hooks.py took 0.233 seconds
[2024-08-14 19:18:47,167] {scheduler_job.py:182} INFO - Started process (PID=3279) to work on /opt/airflow/dags/dag_with_postgres_hooks.py
[2024-08-14 19:18:47,169] {scheduler_job.py:629} INFO - Processing file /opt/airflow/dags/dag_with_postgres_hooks.py for tasks to queue
[2024-08-14 19:18:47,171] {logging_mixin.py:104} INFO - [2024-08-14 19:18:47,170] {dagbag.py:448} INFO - Filling up the DagBag from /opt/airflow/dags/dag_with_postgres_hooks.py
[2024-08-14 19:18:47,288] {scheduler_job.py:639} INFO - DAG(s) dict_keys(['dag_with_postgres_hooks_v04']) retrieved from /opt/airflow/dags/dag_with_postgres_hooks.py
[2024-08-14 19:18:47,315] {logging_mixin.py:104} INFO - [2024-08-14 19:18:47,314] {dag.py:1818} INFO - Sync 1 DAGs
[2024-08-14 19:18:47,333] {logging_mixin.py:104} INFO - [2024-08-14 19:18:47,333] {dag.py:2273} INFO - Setting next_dagrun for dag_with_postgres_hooks_v04 to 2022-06-01 00:00:00+00:00
[2024-08-14 19:18:47,342] {scheduler_job.py:190} INFO - Processing /opt/airflow/dags/dag_with_postgres_hooks.py took 0.180 seconds
[2024-08-14 19:19:06,894] {scheduler_job.py:182} INFO - Started process (PID=3339) to work on /opt/airflow/dags/dag_with_postgres_hooks.py
[2024-08-14 19:19:06,896] {scheduler_job.py:629} INFO - Processing file /opt/airflow/dags/dag_with_postgres_hooks.py for tasks to queue
[2024-08-14 19:19:06,897] {logging_mixin.py:104} INFO - [2024-08-14 19:19:06,897] {dagbag.py:448} INFO - Filling up the DagBag from /opt/airflow/dags/dag_with_postgres_hooks.py
[2024-08-14 19:19:07,030] {scheduler_job.py:639} INFO - DAG(s) dict_keys(['dag_with_postgres_hooks_v04']) retrieved from /opt/airflow/dags/dag_with_postgres_hooks.py
[2024-08-14 19:19:07,061] {logging_mixin.py:104} INFO - [2024-08-14 19:19:07,061] {dag.py:1818} INFO - Sync 1 DAGs
[2024-08-14 19:19:07,084] {logging_mixin.py:104} INFO - [2024-08-14 19:19:07,084] {dag.py:2273} INFO - Setting next_dagrun for dag_with_postgres_hooks_v04 to 2022-06-01 00:00:00+00:00
[2024-08-14 19:19:07,095] {scheduler_job.py:190} INFO - Processing /opt/airflow/dags/dag_with_postgres_hooks.py took 0.205 seconds
[2024-08-14 19:19:17,759] {scheduler_job.py:182} INFO - Started process (PID=3400) to work on /opt/airflow/dags/dag_with_postgres_hooks.py
[2024-08-14 19:19:17,761] {scheduler_job.py:629} INFO - Processing file /opt/airflow/dags/dag_with_postgres_hooks.py for tasks to queue
[2024-08-14 19:19:17,763] {logging_mixin.py:104} INFO - [2024-08-14 19:19:17,763] {dagbag.py:448} INFO - Filling up the DagBag from /opt/airflow/dags/dag_with_postgres_hooks.py
[2024-08-14 19:19:17,943] {scheduler_job.py:639} INFO - DAG(s) dict_keys(['dag_with_postgres_hooks_v04']) retrieved from /opt/airflow/dags/dag_with_postgres_hooks.py
[2024-08-14 19:19:17,977] {logging_mixin.py:104} INFO - [2024-08-14 19:19:17,977] {dag.py:1818} INFO - Sync 1 DAGs
[2024-08-14 19:19:18,005] {logging_mixin.py:104} INFO - [2024-08-14 19:19:18,005] {dag.py:2273} INFO - Setting next_dagrun for dag_with_postgres_hooks_v04 to 2022-06-01 00:00:00+00:00
[2024-08-14 19:19:18,021] {scheduler_job.py:190} INFO - Processing /opt/airflow/dags/dag_with_postgres_hooks.py took 0.269 seconds
[2024-08-14 19:19:28,561] {scheduler_job.py:182} INFO - Started process (PID=3459) to work on /opt/airflow/dags/dag_with_postgres_hooks.py
[2024-08-14 19:19:28,563] {scheduler_job.py:629} INFO - Processing file /opt/airflow/dags/dag_with_postgres_hooks.py for tasks to queue
[2024-08-14 19:19:28,564] {logging_mixin.py:104} INFO - [2024-08-14 19:19:28,564] {dagbag.py:448} INFO - Filling up the DagBag from /opt/airflow/dags/dag_with_postgres_hooks.py
[2024-08-14 19:19:28,684] {scheduler_job.py:639} INFO - DAG(s) dict_keys(['dag_with_postgres_hooks_v04']) retrieved from /opt/airflow/dags/dag_with_postgres_hooks.py
[2024-08-14 19:19:28,713] {logging_mixin.py:104} INFO - [2024-08-14 19:19:28,713] {dag.py:1818} INFO - Sync 1 DAGs
[2024-08-14 19:19:28,733] {logging_mixin.py:104} INFO - [2024-08-14 19:19:28,733] {dag.py:2273} INFO - Setting next_dagrun for dag_with_postgres_hooks_v04 to 2022-06-01 00:00:00+00:00
[2024-08-14 19:19:28,742] {scheduler_job.py:190} INFO - Processing /opt/airflow/dags/dag_with_postgres_hooks.py took 0.186 seconds
[2024-08-14 19:23:02,436] {scheduler_job.py:182} INFO - Started process (PID=3519) to work on /opt/airflow/dags/dag_with_postgres_hooks.py
[2024-08-14 19:23:02,439] {scheduler_job.py:629} INFO - Processing file /opt/airflow/dags/dag_with_postgres_hooks.py for tasks to queue
[2024-08-14 19:23:02,442] {logging_mixin.py:104} INFO - [2024-08-14 19:23:02,442] {dagbag.py:448} INFO - Filling up the DagBag from /opt/airflow/dags/dag_with_postgres_hooks.py
[2024-08-14 19:23:02,698] {scheduler_job.py:639} INFO - DAG(s) dict_keys(['dag_with_postgres_hooks_v04']) retrieved from /opt/airflow/dags/dag_with_postgres_hooks.py
[2024-08-14 19:23:02,741] {logging_mixin.py:104} INFO - [2024-08-14 19:23:02,741] {dag.py:1818} INFO - Sync 1 DAGs
[2024-08-14 19:23:02,776] {logging_mixin.py:104} INFO - [2024-08-14 19:23:02,776] {dag.py:2273} INFO - Setting next_dagrun for dag_with_postgres_hooks_v04 to 2022-06-01 00:00:00+00:00
[2024-08-14 19:23:02,788] {scheduler_job.py:190} INFO - Processing /opt/airflow/dags/dag_with_postgres_hooks.py took 0.359 seconds
[2024-08-14 19:23:13,174] {scheduler_job.py:182} INFO - Started process (PID=3592) to work on /opt/airflow/dags/dag_with_postgres_hooks.py
[2024-08-14 19:23:13,177] {scheduler_job.py:629} INFO - Processing file /opt/airflow/dags/dag_with_postgres_hooks.py for tasks to queue
[2024-08-14 19:23:13,179] {logging_mixin.py:104} INFO - [2024-08-14 19:23:13,179] {dagbag.py:448} INFO - Filling up the DagBag from /opt/airflow/dags/dag_with_postgres_hooks.py
[2024-08-14 19:23:13,395] {scheduler_job.py:639} INFO - DAG(s) dict_keys(['dag_with_postgres_hooks_v04']) retrieved from /opt/airflow/dags/dag_with_postgres_hooks.py
[2024-08-14 19:23:13,439] {logging_mixin.py:104} INFO - [2024-08-14 19:23:13,438] {dag.py:1818} INFO - Sync 1 DAGs
[2024-08-14 19:23:13,464] {logging_mixin.py:104} INFO - [2024-08-14 19:23:13,464] {dag.py:2273} INFO - Setting next_dagrun for dag_with_postgres_hooks_v04 to 2022-06-01 00:00:00+00:00
[2024-08-14 19:23:13,476] {scheduler_job.py:190} INFO - Processing /opt/airflow/dags/dag_with_postgres_hooks.py took 0.308 seconds
[2024-08-14 19:23:24,934] {scheduler_job.py:182} INFO - Started process (PID=3640) to work on /opt/airflow/dags/dag_with_postgres_hooks.py
[2024-08-14 19:23:24,954] {scheduler_job.py:629} INFO - Processing file /opt/airflow/dags/dag_with_postgres_hooks.py for tasks to queue
[2024-08-14 19:23:24,956] {logging_mixin.py:104} INFO - [2024-08-14 19:23:24,956] {dagbag.py:448} INFO - Filling up the DagBag from /opt/airflow/dags/dag_with_postgres_hooks.py
[2024-08-14 19:23:25,318] {scheduler_job.py:639} INFO - DAG(s) dict_keys(['dag_with_postgres_hooks_v04']) retrieved from /opt/airflow/dags/dag_with_postgres_hooks.py
[2024-08-14 19:23:25,370] {logging_mixin.py:104} INFO - [2024-08-14 19:23:25,370] {dag.py:1818} INFO - Sync 1 DAGs
[2024-08-14 19:23:25,402] {logging_mixin.py:104} INFO - [2024-08-14 19:23:25,401] {dag.py:2273} INFO - Setting next_dagrun for dag_with_postgres_hooks_v04 to 2022-06-01 00:00:00+00:00
[2024-08-14 19:23:25,440] {scheduler_job.py:190} INFO - Processing /opt/airflow/dags/dag_with_postgres_hooks.py took 0.526 seconds
[2024-08-14 23:23:52,950] {scheduler_job.py:182} INFO - Started process (PID=3715) to work on /opt/airflow/dags/dag_with_postgres_hooks.py
[2024-08-14 23:23:52,993] {scheduler_job.py:629} INFO - Processing file /opt/airflow/dags/dag_with_postgres_hooks.py for tasks to queue
[2024-08-14 23:23:53,008] {logging_mixin.py:104} INFO - [2024-08-14 23:23:53,006] {dagbag.py:448} INFO - Filling up the DagBag from /opt/airflow/dags/dag_with_postgres_hooks.py
[2024-08-14 23:23:54,594] {scheduler_job.py:639} INFO - DAG(s) dict_keys(['dag_with_postgres_hooks_v04']) retrieved from /opt/airflow/dags/dag_with_postgres_hooks.py
[2024-08-14 23:23:54,737] {logging_mixin.py:104} INFO - [2024-08-14 23:23:54,736] {dag.py:1818} INFO - Sync 1 DAGs
[2024-08-14 23:23:54,836] {logging_mixin.py:104} INFO - [2024-08-14 23:23:54,836] {dag.py:2273} INFO - Setting next_dagrun for dag_with_postgres_hooks_v04 to 2022-06-01 00:00:00+00:00
[2024-08-14 23:23:54,896] {scheduler_job.py:190} INFO - Processing /opt/airflow/dags/dag_with_postgres_hooks.py took 2.049 seconds
