[2024-07-04 19:07:12,080] {taskinstance.py:851} INFO - Dependencies all met for <TaskInstance: our_dag_with_python_operator_v07.greet 2024-06-29T00:00:00+00:00 [queued]>
[2024-07-04 19:07:12,222] {taskinstance.py:851} INFO - Dependencies all met for <TaskInstance: our_dag_with_python_operator_v07.greet 2024-06-29T00:00:00+00:00 [queued]>
[2024-07-04 19:07:12,223] {taskinstance.py:1042} INFO - 
--------------------------------------------------------------------------------
[2024-07-04 19:07:12,224] {taskinstance.py:1043} INFO - Starting attempt 1 of 6
[2024-07-04 19:07:12,226] {taskinstance.py:1044} INFO - 
--------------------------------------------------------------------------------
[2024-07-04 19:07:12,350] {taskinstance.py:1063} INFO - Executing <Task(PythonOperator): greet> on 2024-06-29T00:00:00+00:00
[2024-07-04 19:07:12,394] {standard_task_runner.py:52} INFO - Started process 328 to run task
[2024-07-04 19:07:12,430] {standard_task_runner.py:76} INFO - Running: ['airflow', 'tasks', 'run', 'our_dag_with_python_operator_v07', 'greet', '2024-06-29T00:00:00+00:00', '--job-id', '12248', '--pool', 'default_pool', '--raw', '--subdir', 'DAGS_FOLDER/create_dag_with_python_operator.py', '--cfg-path', '/tmp/tmpjyo6m9sw', '--error-file', '/tmp/tmp4rgzb33a']
[2024-07-04 19:07:12,448] {standard_task_runner.py:77} INFO - Job 12248: Subtask greet
[2024-07-04 19:07:12,908] {logging_mixin.py:104} INFO - Running <TaskInstance: our_dag_with_python_operator_v07.greet 2024-06-29T00:00:00+00:00 [running]> on host 799b1e36e3f1
[2024-07-04 19:07:13,235] {taskinstance.py:1257} INFO - Exporting the following env vars:
AIRFLOW_CTX_DAG_OWNER=coder2j
AIRFLOW_CTX_DAG_ID=our_dag_with_python_operator_v07
AIRFLOW_CTX_TASK_ID=greet
AIRFLOW_CTX_EXECUTION_DATE=2024-06-29T00:00:00+00:00
AIRFLOW_CTX_DAG_RUN_ID=scheduled__2024-06-29T00:00:00+00:00
[2024-07-04 19:07:13,243] {logging_mixin.py:104} INFO - some dict:  {'a': 1, 'b': 2}
[2024-07-04 19:07:13,381] {logging_mixin.py:104} INFO - Hello World! My name is Jerry Fridman, and I am 19 years old!
[2024-07-04 19:07:13,382] {python.py:118} INFO - Done. Returned value was: None
[2024-07-04 19:07:13,441] {taskinstance.py:1166} INFO - Marking task as SUCCESS. dag_id=our_dag_with_python_operator_v07, task_id=greet, execution_date=20240629T000000, start_date=20240704T190712, end_date=20240704T190713
[2024-07-04 19:07:13,551] {taskinstance.py:1220} INFO - 0 downstream tasks scheduled from follow-on schedule check
[2024-07-04 19:07:13,617] {local_task_job.py:146} INFO - Task exited with return code 0
