[2024-06-24 12:54:52,463] {taskinstance.py:851} INFO - Dependencies all met for <TaskInstance: our_dag_with_python_operator_v07.greet 2021-12-09T00:00:00+00:00 [queued]>
[2024-06-24 12:54:52,525] {taskinstance.py:851} INFO - Dependencies all met for <TaskInstance: our_dag_with_python_operator_v07.greet 2021-12-09T00:00:00+00:00 [queued]>
[2024-06-24 12:54:52,526] {taskinstance.py:1042} INFO - 
--------------------------------------------------------------------------------
[2024-06-24 12:54:52,531] {taskinstance.py:1043} INFO - Starting attempt 1 of 6
[2024-06-24 12:54:52,533] {taskinstance.py:1044} INFO - 
--------------------------------------------------------------------------------
[2024-06-24 12:54:52,621] {taskinstance.py:1063} INFO - Executing <Task(PythonOperator): greet> on 2021-12-09T00:00:00+00:00
[2024-06-24 12:54:52,632] {standard_task_runner.py:52} INFO - Started process 30019 to run task
[2024-06-24 12:54:52,669] {standard_task_runner.py:76} INFO - Running: ['airflow', 'tasks', 'run', 'our_dag_with_python_operator_v07', 'greet', '2021-12-09T00:00:00+00:00', '--job-id', '1126', '--pool', 'default_pool', '--raw', '--subdir', 'DAGS_FOLDER/create_dag_with_python_operator.py', '--cfg-path', '/tmp/tmpw8up31v1', '--error-file', '/tmp/tmpr874lb5d']
[2024-06-24 12:54:52,723] {standard_task_runner.py:77} INFO - Job 1126: Subtask greet
[2024-06-24 12:54:53,127] {logging_mixin.py:104} INFO - Running <TaskInstance: our_dag_with_python_operator_v07.greet 2021-12-09T00:00:00+00:00 [running]> on host 799b1e36e3f1
[2024-06-24 12:54:53,475] {taskinstance.py:1257} INFO - Exporting the following env vars:
AIRFLOW_CTX_DAG_OWNER=coder2j
AIRFLOW_CTX_DAG_ID=our_dag_with_python_operator_v07
AIRFLOW_CTX_TASK_ID=greet
AIRFLOW_CTX_EXECUTION_DATE=2021-12-09T00:00:00+00:00
AIRFLOW_CTX_DAG_RUN_ID=scheduled__2021-12-09T00:00:00+00:00
[2024-06-24 12:54:53,486] {logging_mixin.py:104} INFO - some dict:  {'a': 1, 'b': 2}
[2024-06-24 12:54:53,670] {logging_mixin.py:104} INFO - Hello World! My name is Jerry Fridman, and I am 19 years old!
[2024-06-24 12:54:53,684] {python.py:118} INFO - Done. Returned value was: None
[2024-06-24 12:54:53,769] {taskinstance.py:1166} INFO - Marking task as SUCCESS. dag_id=our_dag_with_python_operator_v07, task_id=greet, execution_date=20211209T000000, start_date=20240624T125452, end_date=20240624T125453
[2024-06-24 12:54:53,875] {taskinstance.py:1220} INFO - 0 downstream tasks scheduled from follow-on schedule check
[2024-06-24 12:54:53,945] {local_task_job.py:146} INFO - Task exited with return code 0
