[2024-06-24 15:02:47,239] {taskinstance.py:851} INFO - Dependencies all met for <TaskInstance: our_first_dag_v5.first_task 2024-01-21T00:00:00+00:00 [queued]>
[2024-06-24 15:02:47,322] {taskinstance.py:851} INFO - Dependencies all met for <TaskInstance: our_first_dag_v5.first_task 2024-01-21T00:00:00+00:00 [queued]>
[2024-06-24 15:02:47,328] {taskinstance.py:1042} INFO - 
--------------------------------------------------------------------------------
[2024-06-24 15:02:47,330] {taskinstance.py:1043} INFO - Starting attempt 1 of 6
[2024-06-24 15:02:47,336] {taskinstance.py:1044} INFO - 
--------------------------------------------------------------------------------
[2024-06-24 15:02:47,376] {taskinstance.py:1063} INFO - Executing <Task(BashOperator): first_task> on 2024-01-21T00:00:00+00:00
[2024-06-24 15:02:47,391] {standard_task_runner.py:52} INFO - Started process 29923 to run task
[2024-06-24 15:02:47,407] {standard_task_runner.py:76} INFO - Running: ['airflow', 'tasks', 'run', 'our_first_dag_v5', 'first_task', '2024-01-21T00:00:00+00:00', '--job-id', '10535', '--pool', 'default_pool', '--raw', '--subdir', 'DAGS_FOLDER/our_first_dag.py', '--cfg-path', '/tmp/tmpkh4avt85', '--error-file', '/tmp/tmp_c8kep_p']
[2024-06-24 15:02:47,415] {standard_task_runner.py:77} INFO - Job 10535: Subtask first_task
[2024-06-24 15:02:47,731] {logging_mixin.py:104} INFO - Running <TaskInstance: our_first_dag_v5.first_task 2024-01-21T00:00:00+00:00 [running]> on host 799b1e36e3f1
[2024-06-24 15:02:48,042] {taskinstance.py:1257} INFO - Exporting the following env vars:
AIRFLOW_CTX_DAG_OWNER=coder2j
AIRFLOW_CTX_DAG_ID=our_first_dag_v5
AIRFLOW_CTX_TASK_ID=first_task
AIRFLOW_CTX_EXECUTION_DATE=2024-01-21T00:00:00+00:00
AIRFLOW_CTX_DAG_RUN_ID=scheduled__2024-01-21T00:00:00+00:00
[2024-06-24 15:02:48,059] {bash.py:135} INFO - Tmp dir root location: 
 /tmp
[2024-06-24 15:02:48,061] {bash.py:158} INFO - Running command: echo hello world, this is the first task!
[2024-06-24 15:02:48,106] {bash.py:169} INFO - Output:
[2024-06-24 15:02:48,130] {bash.py:173} INFO - hello world, this is the first task!
[2024-06-24 15:02:48,131] {bash.py:177} INFO - Command exited with return code 0
[2024-06-24 15:02:48,404] {taskinstance.py:1166} INFO - Marking task as SUCCESS. dag_id=our_first_dag_v5, task_id=first_task, execution_date=20240121T000000, start_date=20240624T150247, end_date=20240624T150248
[2024-06-24 15:02:48,617] {taskinstance.py:1220} INFO - 2 downstream tasks scheduled from follow-on schedule check
[2024-06-24 15:02:48,697] {local_task_job.py:146} INFO - Task exited with return code 0
