[2024-06-24 15:04:18,964] {taskinstance.py:851} INFO - Dependencies all met for <TaskInstance: our_first_dag_v5.second_task 2024-02-28T00:00:00+00:00 [queued]>
[2024-06-24 15:04:18,991] {taskinstance.py:851} INFO - Dependencies all met for <TaskInstance: our_first_dag_v5.second_task 2024-02-28T00:00:00+00:00 [queued]>
[2024-06-24 15:04:18,993] {taskinstance.py:1042} INFO - 
--------------------------------------------------------------------------------
[2024-06-24 15:04:18,994] {taskinstance.py:1043} INFO - Starting attempt 1 of 6
[2024-06-24 15:04:18,995] {taskinstance.py:1044} INFO - 
--------------------------------------------------------------------------------
[2024-06-24 15:04:19,051] {taskinstance.py:1063} INFO - Executing <Task(BashOperator): second_task> on 2024-02-28T00:00:00+00:00
[2024-06-24 15:04:19,066] {standard_task_runner.py:52} INFO - Started process 31908 to run task
[2024-06-24 15:04:19,085] {standard_task_runner.py:76} INFO - Running: ['airflow', 'tasks', 'run', 'our_first_dag_v5', 'second_task', '2024-02-28T00:00:00+00:00', '--job-id', '11058', '--pool', 'default_pool', '--raw', '--subdir', 'DAGS_FOLDER/our_first_dag.py', '--cfg-path', '/tmp/tmpkfi66efl', '--error-file', '/tmp/tmpshnl57z1']
[2024-06-24 15:04:19,130] {standard_task_runner.py:77} INFO - Job 11058: Subtask second_task
[2024-06-24 15:04:19,375] {logging_mixin.py:104} INFO - Running <TaskInstance: our_first_dag_v5.second_task 2024-02-28T00:00:00+00:00 [running]> on host 799b1e36e3f1
[2024-06-24 15:04:19,619] {taskinstance.py:1257} INFO - Exporting the following env vars:
AIRFLOW_CTX_DAG_OWNER=coder2j
AIRFLOW_CTX_DAG_ID=our_first_dag_v5
AIRFLOW_CTX_TASK_ID=second_task
AIRFLOW_CTX_EXECUTION_DATE=2024-02-28T00:00:00+00:00
AIRFLOW_CTX_DAG_RUN_ID=scheduled__2024-02-28T00:00:00+00:00
[2024-06-24 15:04:19,624] {bash.py:135} INFO - Tmp dir root location: 
 /tmp
[2024-06-24 15:04:19,626] {bash.py:158} INFO - Running command: echo hey, I am task2 and will be running after task1!
[2024-06-24 15:04:19,645] {bash.py:169} INFO - Output:
[2024-06-24 15:04:19,650] {bash.py:173} INFO - hey, I am task2 and will be running after task1!
[2024-06-24 15:04:19,655] {bash.py:177} INFO - Command exited with return code 0
[2024-06-24 15:04:19,773] {taskinstance.py:1166} INFO - Marking task as SUCCESS. dag_id=our_first_dag_v5, task_id=second_task, execution_date=20240228T000000, start_date=20240624T150418, end_date=20240624T150419
[2024-06-24 15:04:20,041] {taskinstance.py:1220} INFO - 0 downstream tasks scheduled from follow-on schedule check
[2024-06-24 15:04:20,093] {local_task_job.py:146} INFO - Task exited with return code 0
