[2024-06-24 13:01:22,669] {taskinstance.py:851} INFO - Dependencies all met for <TaskInstance: dag_with_taskflow_api_v02.get_name 2022-04-14T00:00:00+00:00 [queued]>
[2024-06-24 13:01:22,728] {taskinstance.py:851} INFO - Dependencies all met for <TaskInstance: dag_with_taskflow_api_v02.get_name 2022-04-14T00:00:00+00:00 [queued]>
[2024-06-24 13:01:22,729] {taskinstance.py:1042} INFO - 
--------------------------------------------------------------------------------
[2024-06-24 13:01:22,732] {taskinstance.py:1043} INFO - Starting attempt 1 of 6
[2024-06-24 13:01:22,733] {taskinstance.py:1044} INFO - 
--------------------------------------------------------------------------------
[2024-06-24 13:01:22,836] {taskinstance.py:1063} INFO - Executing <Task(_PythonDecoratedOperator): get_name> on 2022-04-14T00:00:00+00:00
[2024-06-24 13:01:22,847] {standard_task_runner.py:52} INFO - Started process 36218 to run task
[2024-06-24 13:01:22,867] {standard_task_runner.py:76} INFO - Running: ['airflow', 'tasks', 'run', 'dag_with_taskflow_api_v02', 'get_name', '2022-04-14T00:00:00+00:00', '--job-id', '2639', '--pool', 'default_pool', '--raw', '--subdir', 'DAGS_FOLDER/dag_with_taskflow_api.py', '--cfg-path', '/tmp/tmp9r4srl9r', '--error-file', '/tmp/tmpyo9spkaw']
[2024-06-24 13:01:22,882] {standard_task_runner.py:77} INFO - Job 2639: Subtask get_name
[2024-06-24 13:01:23,386] {logging_mixin.py:104} INFO - Running <TaskInstance: dag_with_taskflow_api_v02.get_name 2022-04-14T00:00:00+00:00 [running]> on host 799b1e36e3f1
[2024-06-24 13:01:23,593] {taskinstance.py:1257} INFO - Exporting the following env vars:
AIRFLOW_CTX_DAG_OWNER=coder2j
AIRFLOW_CTX_DAG_ID=dag_with_taskflow_api_v02
AIRFLOW_CTX_TASK_ID=get_name
AIRFLOW_CTX_EXECUTION_DATE=2022-04-14T00:00:00+00:00
AIRFLOW_CTX_DAG_RUN_ID=scheduled__2022-04-14T00:00:00+00:00
[2024-06-24 13:01:23,946] {taskinstance.py:1166} INFO - Marking task as SUCCESS. dag_id=dag_with_taskflow_api_v02, task_id=get_name, execution_date=20220414T000000, start_date=20240624T130122, end_date=20240624T130123
[2024-06-24 13:01:24,100] {taskinstance.py:1220} INFO - 0 downstream tasks scheduled from follow-on schedule check
[2024-06-24 13:01:24,127] {local_task_job.py:146} INFO - Task exited with return code 0
