[2024-06-24 14:55:49,765] {taskinstance.py:851} INFO - Dependencies all met for <TaskInstance: dag_with_taskflow_api_v02.greet 2024-01-16T00:00:00+00:00 [queued]>
[2024-06-24 14:55:49,864] {taskinstance.py:851} INFO - Dependencies all met for <TaskInstance: dag_with_taskflow_api_v02.greet 2024-01-16T00:00:00+00:00 [queued]>
[2024-06-24 14:55:49,881] {taskinstance.py:1042} INFO - 
--------------------------------------------------------------------------------
[2024-06-24 14:55:49,884] {taskinstance.py:1043} INFO - Starting attempt 1 of 6
[2024-06-24 14:55:49,889] {taskinstance.py:1044} INFO - 
--------------------------------------------------------------------------------
[2024-06-24 14:55:50,099] {taskinstance.py:1063} INFO - Executing <Task(_PythonDecoratedOperator): greet> on 2024-01-16T00:00:00+00:00
[2024-06-24 14:55:50,193] {standard_task_runner.py:52} INFO - Started process 27703 to run task
[2024-06-24 14:55:50,378] {standard_task_runner.py:76} INFO - Running: ['airflow', 'tasks', 'run', 'dag_with_taskflow_api_v02', 'greet', '2024-01-16T00:00:00+00:00', '--job-id', '9974', '--pool', 'default_pool', '--raw', '--subdir', 'DAGS_FOLDER/dag_with_taskflow_api.py', '--cfg-path', '/tmp/tmppes8v1d6', '--error-file', '/tmp/tmpqvri_bor']
[2024-06-24 14:55:50,490] {standard_task_runner.py:77} INFO - Job 9974: Subtask greet
[2024-06-24 14:55:51,425] {logging_mixin.py:104} INFO - Running <TaskInstance: dag_with_taskflow_api_v02.greet 2024-01-16T00:00:00+00:00 [running]> on host 799b1e36e3f1
[2024-06-24 14:55:52,843] {taskinstance.py:1257} INFO - Exporting the following env vars:
AIRFLOW_CTX_DAG_OWNER=coder2j
AIRFLOW_CTX_DAG_ID=dag_with_taskflow_api_v02
AIRFLOW_CTX_TASK_ID=greet
AIRFLOW_CTX_EXECUTION_DATE=2024-01-16T00:00:00+00:00
AIRFLOW_CTX_DAG_RUN_ID=scheduled__2024-01-16T00:00:00+00:00
[2024-06-24 14:55:52,894] {logging_mixin.py:104} INFO - Hello World! My name is Jerry Fridman and I am 19 years old!
[2024-06-24 14:55:53,108] {taskinstance.py:1166} INFO - Marking task as SUCCESS. dag_id=dag_with_taskflow_api_v02, task_id=greet, execution_date=20240116T000000, start_date=20240624T145549, end_date=20240624T145553
[2024-06-24 14:55:53,760] {taskinstance.py:1220} INFO - 0 downstream tasks scheduled from follow-on schedule check
[2024-06-24 14:55:54,064] {local_task_job.py:146} INFO - Task exited with return code 0
