[2024-06-24 15:02:38,243] {taskinstance.py:851} INFO - Dependencies all met for <TaskInstance: dag_with_taskflow_api_v02.get_age 2024-02-28T00:00:00+00:00 [queued]>
[2024-06-24 15:02:38,331] {taskinstance.py:851} INFO - Dependencies all met for <TaskInstance: dag_with_taskflow_api_v02.get_age 2024-02-28T00:00:00+00:00 [queued]>
[2024-06-24 15:02:38,334] {taskinstance.py:1042} INFO - 
--------------------------------------------------------------------------------
[2024-06-24 15:02:38,337] {taskinstance.py:1043} INFO - Starting attempt 1 of 6
[2024-06-24 15:02:38,338] {taskinstance.py:1044} INFO - 
--------------------------------------------------------------------------------
[2024-06-24 15:02:38,418] {taskinstance.py:1063} INFO - Executing <Task(_PythonDecoratedOperator): get_age> on 2024-02-28T00:00:00+00:00
[2024-06-24 15:02:38,435] {standard_task_runner.py:52} INFO - Started process 29729 to run task
[2024-06-24 15:02:38,456] {standard_task_runner.py:76} INFO - Running: ['airflow', 'tasks', 'run', 'dag_with_taskflow_api_v02', 'get_age', '2024-02-28T00:00:00+00:00', '--job-id', '10481', '--pool', 'default_pool', '--raw', '--subdir', 'DAGS_FOLDER/dag_with_taskflow_api.py', '--cfg-path', '/tmp/tmpwlyfbwgv', '--error-file', '/tmp/tmphabp3vaj']
[2024-06-24 15:02:38,471] {standard_task_runner.py:77} INFO - Job 10481: Subtask get_age
[2024-06-24 15:02:38,669] {logging_mixin.py:104} INFO - Running <TaskInstance: dag_with_taskflow_api_v02.get_age 2024-02-28T00:00:00+00:00 [running]> on host 799b1e36e3f1
[2024-06-24 15:02:38,939] {taskinstance.py:1257} INFO - Exporting the following env vars:
AIRFLOW_CTX_DAG_OWNER=coder2j
AIRFLOW_CTX_DAG_ID=dag_with_taskflow_api_v02
AIRFLOW_CTX_TASK_ID=get_age
AIRFLOW_CTX_EXECUTION_DATE=2024-02-28T00:00:00+00:00
AIRFLOW_CTX_DAG_RUN_ID=scheduled__2024-02-28T00:00:00+00:00
[2024-06-24 15:02:39,069] {taskinstance.py:1166} INFO - Marking task as SUCCESS. dag_id=dag_with_taskflow_api_v02, task_id=get_age, execution_date=20240228T000000, start_date=20240624T150238, end_date=20240624T150239
[2024-06-24 15:02:39,261] {taskinstance.py:1220} INFO - 0 downstream tasks scheduled from follow-on schedule check
[2024-06-24 15:02:39,335] {local_task_job.py:146} INFO - Task exited with return code 0
