[2024-06-24 14:31:08,258] {taskinstance.py:851} INFO - Dependencies all met for <TaskInstance: dag_with_taskflow_api_v02.greet 2023-09-01T00:00:00+00:00 [queued]>
[2024-06-24 14:31:08,282] {taskinstance.py:851} INFO - Dependencies all met for <TaskInstance: dag_with_taskflow_api_v02.greet 2023-09-01T00:00:00+00:00 [queued]>
[2024-06-24 14:31:08,284] {taskinstance.py:1042} INFO - 
--------------------------------------------------------------------------------
[2024-06-24 14:31:08,285] {taskinstance.py:1043} INFO - Starting attempt 1 of 6
[2024-06-24 14:31:08,286] {taskinstance.py:1044} INFO - 
--------------------------------------------------------------------------------
[2024-06-24 14:31:08,313] {taskinstance.py:1063} INFO - Executing <Task(_PythonDecoratedOperator): greet> on 2023-09-01T00:00:00+00:00
[2024-06-24 14:31:08,322] {standard_task_runner.py:52} INFO - Started process 20344 to run task
[2024-06-24 14:31:08,331] {standard_task_runner.py:76} INFO - Running: ['airflow', 'tasks', 'run', 'dag_with_taskflow_api_v02', 'greet', '2023-09-01T00:00:00+00:00', '--job-id', '8247', '--pool', 'default_pool', '--raw', '--subdir', 'DAGS_FOLDER/dag_with_taskflow_api.py', '--cfg-path', '/tmp/tmpj_z_p8eb', '--error-file', '/tmp/tmprhw2npks']
[2024-06-24 14:31:08,343] {standard_task_runner.py:77} INFO - Job 8247: Subtask greet
[2024-06-24 14:31:08,564] {logging_mixin.py:104} INFO - Running <TaskInstance: dag_with_taskflow_api_v02.greet 2023-09-01T00:00:00+00:00 [running]> on host 799b1e36e3f1
[2024-06-24 14:31:08,963] {taskinstance.py:1257} INFO - Exporting the following env vars:
AIRFLOW_CTX_DAG_OWNER=coder2j
AIRFLOW_CTX_DAG_ID=dag_with_taskflow_api_v02
AIRFLOW_CTX_TASK_ID=greet
AIRFLOW_CTX_EXECUTION_DATE=2023-09-01T00:00:00+00:00
AIRFLOW_CTX_DAG_RUN_ID=scheduled__2023-09-01T00:00:00+00:00
[2024-06-24 14:31:08,968] {logging_mixin.py:104} INFO - Hello World! My name is Jerry Fridman and I am 19 years old!
[2024-06-24 14:31:08,994] {taskinstance.py:1166} INFO - Marking task as SUCCESS. dag_id=dag_with_taskflow_api_v02, task_id=greet, execution_date=20230901T000000, start_date=20240624T143108, end_date=20240624T143108
[2024-06-24 14:31:09,051] {taskinstance.py:1220} INFO - 0 downstream tasks scheduled from follow-on schedule check
[2024-06-24 14:31:09,091] {local_task_job.py:146} INFO - Task exited with return code 0
