[2024-06-24 14:47:06,058] {taskinstance.py:851} INFO - Dependencies all met for <TaskInstance: our_first_dag_v5.second_task 2023-09-28T00:00:00+00:00 [queued]>
[2024-06-24 14:47:06,381] {taskinstance.py:851} INFO - Dependencies all met for <TaskInstance: our_first_dag_v5.second_task 2023-09-28T00:00:00+00:00 [queued]>
[2024-06-24 14:47:06,391] {taskinstance.py:1042} INFO - 
--------------------------------------------------------------------------------
[2024-06-24 14:47:06,399] {taskinstance.py:1043} INFO - Starting attempt 1 of 6
[2024-06-24 14:47:06,425] {taskinstance.py:1044} INFO - 
--------------------------------------------------------------------------------
[2024-06-24 14:47:06,670] {taskinstance.py:1063} INFO - Executing <Task(BashOperator): second_task> on 2023-09-28T00:00:00+00:00
[2024-06-24 14:47:06,824] {standard_task_runner.py:52} INFO - Started process 24514 to run task
[2024-06-24 14:47:07,039] {standard_task_runner.py:76} INFO - Running: ['airflow', 'tasks', 'run', 'our_first_dag_v5', 'second_task', '2023-09-28T00:00:00+00:00', '--job-id', '9237', '--pool', 'default_pool', '--raw', '--subdir', 'DAGS_FOLDER/our_first_dag.py', '--cfg-path', '/tmp/tmpp_2x1_8e', '--error-file', '/tmp/tmpzynk6ra1']
[2024-06-24 14:47:07,083] {standard_task_runner.py:77} INFO - Job 9237: Subtask second_task
[2024-06-24 14:47:08,803] {logging_mixin.py:104} INFO - Running <TaskInstance: our_first_dag_v5.second_task 2023-09-28T00:00:00+00:00 [running]> on host 799b1e36e3f1
[2024-06-24 14:47:10,226] {taskinstance.py:1257} INFO - Exporting the following env vars:
AIRFLOW_CTX_DAG_OWNER=coder2j
AIRFLOW_CTX_DAG_ID=our_first_dag_v5
AIRFLOW_CTX_TASK_ID=second_task
AIRFLOW_CTX_EXECUTION_DATE=2023-09-28T00:00:00+00:00
AIRFLOW_CTX_DAG_RUN_ID=scheduled__2023-09-28T00:00:00+00:00
[2024-06-24 14:47:10,229] {bash.py:135} INFO - Tmp dir root location: 
 /tmp
[2024-06-24 14:47:10,263] {bash.py:158} INFO - Running command: echo hey, I am task2 and will be running after task1!
[2024-06-24 14:47:10,553] {bash.py:169} INFO - Output:
[2024-06-24 14:47:10,555] {bash.py:173} INFO - hey, I am task2 and will be running after task1!
[2024-06-24 14:47:10,561] {bash.py:177} INFO - Command exited with return code 0
[2024-06-24 14:47:11,147] {taskinstance.py:1166} INFO - Marking task as SUCCESS. dag_id=our_first_dag_v5, task_id=second_task, execution_date=20230928T000000, start_date=20240624T144706, end_date=20240624T144711
[2024-06-24 14:47:11,613] {taskinstance.py:1220} INFO - 0 downstream tasks scheduled from follow-on schedule check
[2024-06-24 14:47:11,713] {local_task_job.py:146} INFO - Task exited with return code 0
