[2024-06-24 15:03:38,201] {taskinstance.py:851} INFO - Dependencies all met for <TaskInstance: dag_with_taskflow_api_v02.get_name 2024-04-07T00:00:00+00:00 [queued]>
[2024-06-24 15:03:38,247] {taskinstance.py:851} INFO - Dependencies all met for <TaskInstance: dag_with_taskflow_api_v02.get_name 2024-04-07T00:00:00+00:00 [queued]>
[2024-06-24 15:03:38,252] {taskinstance.py:1042} INFO - 
--------------------------------------------------------------------------------
[2024-06-24 15:03:38,253] {taskinstance.py:1043} INFO - Starting attempt 1 of 6
[2024-06-24 15:03:38,254] {taskinstance.py:1044} INFO - 
--------------------------------------------------------------------------------
[2024-06-24 15:03:38,378] {taskinstance.py:1063} INFO - Executing <Task(_PythonDecoratedOperator): get_name> on 2024-04-07T00:00:00+00:00
[2024-06-24 15:03:38,403] {standard_task_runner.py:52} INFO - Started process 31030 to run task
[2024-06-24 15:03:38,413] {standard_task_runner.py:76} INFO - Running: ['airflow', 'tasks', 'run', 'dag_with_taskflow_api_v02', 'get_name', '2024-04-07T00:00:00+00:00', '--job-id', '10832', '--pool', 'default_pool', '--raw', '--subdir', 'DAGS_FOLDER/dag_with_taskflow_api.py', '--cfg-path', '/tmp/tmp2byh3646', '--error-file', '/tmp/tmpesttdlvw']
[2024-06-24 15:03:38,428] {standard_task_runner.py:77} INFO - Job 10832: Subtask get_name
[2024-06-24 15:03:38,730] {logging_mixin.py:104} INFO - Running <TaskInstance: dag_with_taskflow_api_v02.get_name 2024-04-07T00:00:00+00:00 [running]> on host 799b1e36e3f1
[2024-06-24 15:03:39,068] {taskinstance.py:1257} INFO - Exporting the following env vars:
AIRFLOW_CTX_DAG_OWNER=coder2j
AIRFLOW_CTX_DAG_ID=dag_with_taskflow_api_v02
AIRFLOW_CTX_TASK_ID=get_name
AIRFLOW_CTX_EXECUTION_DATE=2024-04-07T00:00:00+00:00
AIRFLOW_CTX_DAG_RUN_ID=scheduled__2024-04-07T00:00:00+00:00
[2024-06-24 15:03:39,237] {taskinstance.py:1166} INFO - Marking task as SUCCESS. dag_id=dag_with_taskflow_api_v02, task_id=get_name, execution_date=20240407T000000, start_date=20240624T150338, end_date=20240624T150339
[2024-06-24 15:03:39,319] {taskinstance.py:1220} INFO - 1 downstream tasks scheduled from follow-on schedule check
[2024-06-24 15:03:39,365] {local_task_job.py:146} INFO - Task exited with return code 0
