[2024-06-24 14:27:26,254] {taskinstance.py:851} INFO - Dependencies all met for <TaskInstance: our_dag_with_python_operator_v07.get_name 2023-04-12T00:00:00+00:00 [queued]>
[2024-06-24 14:27:26,300] {taskinstance.py:851} INFO - Dependencies all met for <TaskInstance: our_dag_with_python_operator_v07.get_name 2023-04-12T00:00:00+00:00 [queued]>
[2024-06-24 14:27:26,303] {taskinstance.py:1042} INFO - 
--------------------------------------------------------------------------------
[2024-06-24 14:27:26,304] {taskinstance.py:1043} INFO - Starting attempt 1 of 6
[2024-06-24 14:27:26,309] {taskinstance.py:1044} INFO - 
--------------------------------------------------------------------------------
[2024-06-24 14:27:26,349] {taskinstance.py:1063} INFO - Executing <Task(PythonOperator): get_name> on 2023-04-12T00:00:00+00:00
[2024-06-24 14:27:26,355] {standard_task_runner.py:52} INFO - Started process 14455 to run task
[2024-06-24 14:27:26,364] {standard_task_runner.py:76} INFO - Running: ['airflow', 'tasks', 'run', 'our_dag_with_python_operator_v07', 'get_name', '2023-04-12T00:00:00+00:00', '--job-id', '6632', '--pool', 'default_pool', '--raw', '--subdir', 'DAGS_FOLDER/create_dag_with_python_operator.py', '--cfg-path', '/tmp/tmpbm15ht_w', '--error-file', '/tmp/tmptub8gr1s']
[2024-06-24 14:27:26,371] {standard_task_runner.py:77} INFO - Job 6632: Subtask get_name
[2024-06-24 14:27:26,557] {logging_mixin.py:104} INFO - Running <TaskInstance: our_dag_with_python_operator_v07.get_name 2023-04-12T00:00:00+00:00 [running]> on host 799b1e36e3f1
[2024-06-24 14:27:26,734] {taskinstance.py:1257} INFO - Exporting the following env vars:
AIRFLOW_CTX_DAG_OWNER=coder2j
AIRFLOW_CTX_DAG_ID=our_dag_with_python_operator_v07
AIRFLOW_CTX_TASK_ID=get_name
AIRFLOW_CTX_EXECUTION_DATE=2023-04-12T00:00:00+00:00
AIRFLOW_CTX_DAG_RUN_ID=scheduled__2023-04-12T00:00:00+00:00
[2024-06-24 14:27:26,831] {python.py:118} INFO - Done. Returned value was: None
[2024-06-24 14:27:26,871] {taskinstance.py:1166} INFO - Marking task as SUCCESS. dag_id=our_dag_with_python_operator_v07, task_id=get_name, execution_date=20230412T000000, start_date=20240624T142726, end_date=20240624T142726
[2024-06-24 14:27:27,082] {taskinstance.py:1220} INFO - 0 downstream tasks scheduled from follow-on schedule check
[2024-06-24 14:27:27,139] {local_task_job.py:146} INFO - Task exited with return code 0
