[2024-06-24 14:20:33,580] {taskinstance.py:851} INFO - Dependencies all met for <TaskInstance: our_dag_with_python_operator_v07.get_age 2022-07-03T00:00:00+00:00 [queued]>
[2024-06-24 14:20:33,742] {taskinstance.py:851} INFO - Dependencies all met for <TaskInstance: our_dag_with_python_operator_v07.get_age 2022-07-03T00:00:00+00:00 [queued]>
[2024-06-24 14:20:33,767] {taskinstance.py:1042} INFO - 
--------------------------------------------------------------------------------
[2024-06-24 14:20:33,769] {taskinstance.py:1043} INFO - Starting attempt 1 of 6
[2024-06-24 14:20:34,018] {taskinstance.py:1044} INFO - 
--------------------------------------------------------------------------------
[2024-06-24 14:20:34,281] {taskinstance.py:1063} INFO - Executing <Task(PythonOperator): get_age> on 2022-07-03T00:00:00+00:00
[2024-06-24 14:20:34,371] {standard_task_runner.py:52} INFO - Started process 3855 to run task
[2024-06-24 14:20:34,408] {standard_task_runner.py:76} INFO - Running: ['airflow', 'tasks', 'run', 'our_dag_with_python_operator_v07', 'get_age', '2022-07-03T00:00:00+00:00', '--job-id', '3817', '--pool', 'default_pool', '--raw', '--subdir', 'DAGS_FOLDER/create_dag_with_python_operator.py', '--cfg-path', '/tmp/tmp0u31lie2', '--error-file', '/tmp/tmpw92dv1sv']
[2024-06-24 14:20:34,546] {standard_task_runner.py:77} INFO - Job 3817: Subtask get_age
[2024-06-24 14:20:35,245] {logging_mixin.py:104} INFO - Running <TaskInstance: our_dag_with_python_operator_v07.get_age 2022-07-03T00:00:00+00:00 [running]> on host 799b1e36e3f1
[2024-06-24 14:20:35,707] {taskinstance.py:1257} INFO - Exporting the following env vars:
AIRFLOW_CTX_DAG_OWNER=coder2j
AIRFLOW_CTX_DAG_ID=our_dag_with_python_operator_v07
AIRFLOW_CTX_TASK_ID=get_age
AIRFLOW_CTX_EXECUTION_DATE=2022-07-03T00:00:00+00:00
AIRFLOW_CTX_DAG_RUN_ID=scheduled__2022-07-03T00:00:00+00:00
[2024-06-24 14:20:35,996] {python.py:118} INFO - Done. Returned value was: None
[2024-06-24 14:20:36,111] {taskinstance.py:1166} INFO - Marking task as SUCCESS. dag_id=our_dag_with_python_operator_v07, task_id=get_age, execution_date=20220703T000000, start_date=20240624T142033, end_date=20240624T142036
[2024-06-24 14:20:36,547] {taskinstance.py:1220} INFO - 0 downstream tasks scheduled from follow-on schedule check
[2024-06-24 14:20:36,735] {local_task_job.py:146} INFO - Task exited with return code 0
