[2024-06-26 00:03:39,227] {taskinstance.py:851} INFO - Dependencies all met for <TaskInstance: our_dag_with_python_operator_v07.get_name 2024-06-25T00:00:00+00:00 [queued]>
[2024-06-26 00:03:39,267] {taskinstance.py:851} INFO - Dependencies all met for <TaskInstance: our_dag_with_python_operator_v07.get_name 2024-06-25T00:00:00+00:00 [queued]>
[2024-06-26 00:03:39,273] {taskinstance.py:1042} INFO - 
--------------------------------------------------------------------------------
[2024-06-26 00:03:39,275] {taskinstance.py:1043} INFO - Starting attempt 1 of 6
[2024-06-26 00:03:39,276] {taskinstance.py:1044} INFO - 
--------------------------------------------------------------------------------
[2024-06-26 00:03:39,336] {taskinstance.py:1063} INFO - Executing <Task(PythonOperator): get_name> on 2024-06-25T00:00:00+00:00
[2024-06-26 00:03:39,353] {standard_task_runner.py:52} INFO - Started process 5303 to run task
[2024-06-26 00:03:39,369] {standard_task_runner.py:76} INFO - Running: ['airflow', 'tasks', 'run', 'our_dag_with_python_operator_v07', 'get_name', '2024-06-25T00:00:00+00:00', '--job-id', '12192', '--pool', 'default_pool', '--raw', '--subdir', 'DAGS_FOLDER/create_dag_with_python_operator.py', '--cfg-path', '/tmp/tmpsk6eqmyp', '--error-file', '/tmp/tmpe_0_f_ei']
[2024-06-26 00:03:39,383] {standard_task_runner.py:77} INFO - Job 12192: Subtask get_name
[2024-06-26 00:03:39,563] {logging_mixin.py:104} INFO - Running <TaskInstance: our_dag_with_python_operator_v07.get_name 2024-06-25T00:00:00+00:00 [running]> on host 799b1e36e3f1
[2024-06-26 00:03:39,751] {taskinstance.py:1257} INFO - Exporting the following env vars:
AIRFLOW_CTX_DAG_OWNER=coder2j
AIRFLOW_CTX_DAG_ID=our_dag_with_python_operator_v07
AIRFLOW_CTX_TASK_ID=get_name
AIRFLOW_CTX_EXECUTION_DATE=2024-06-25T00:00:00+00:00
AIRFLOW_CTX_DAG_RUN_ID=scheduled__2024-06-25T00:00:00+00:00
[2024-06-26 00:03:39,915] {python.py:118} INFO - Done. Returned value was: None
[2024-06-26 00:03:39,975] {taskinstance.py:1166} INFO - Marking task as SUCCESS. dag_id=our_dag_with_python_operator_v07, task_id=get_name, execution_date=20240625T000000, start_date=20240626T000339, end_date=20240626T000339
[2024-06-26 00:03:40,086] {taskinstance.py:1220} INFO - 0 downstream tasks scheduled from follow-on schedule check
[2024-06-26 00:03:40,112] {local_task_job.py:146} INFO - Task exited with return code 0
