[2024-06-24 14:24:28,539] {taskinstance.py:851} INFO - Dependencies all met for <TaskInstance: dag_with_taskflow_api_v02.get_name 2022-12-11T00:00:00+00:00 [queued]>
[2024-06-24 14:24:28,574] {taskinstance.py:851} INFO - Dependencies all met for <TaskInstance: dag_with_taskflow_api_v02.get_name 2022-12-11T00:00:00+00:00 [queued]>
[2024-06-24 14:24:28,583] {taskinstance.py:1042} INFO - 
--------------------------------------------------------------------------------
[2024-06-24 14:24:28,584] {taskinstance.py:1043} INFO - Starting attempt 1 of 6
[2024-06-24 14:24:28,586] {taskinstance.py:1044} INFO - 
--------------------------------------------------------------------------------
[2024-06-24 14:24:28,645] {taskinstance.py:1063} INFO - Executing <Task(_PythonDecoratedOperator): get_name> on 2022-12-11T00:00:00+00:00
[2024-06-24 14:24:28,654] {standard_task_runner.py:52} INFO - Started process 9599 to run task
[2024-06-24 14:24:28,673] {standard_task_runner.py:76} INFO - Running: ['airflow', 'tasks', 'run', 'dag_with_taskflow_api_v02', 'get_name', '2022-12-11T00:00:00+00:00', '--job-id', '5353', '--pool', 'default_pool', '--raw', '--subdir', 'DAGS_FOLDER/dag_with_taskflow_api.py', '--cfg-path', '/tmp/tmpyk7wyo50', '--error-file', '/tmp/tmpcft6h919']
[2024-06-24 14:24:28,686] {standard_task_runner.py:77} INFO - Job 5353: Subtask get_name
[2024-06-24 14:24:28,892] {logging_mixin.py:104} INFO - Running <TaskInstance: dag_with_taskflow_api_v02.get_name 2022-12-11T00:00:00+00:00 [running]> on host 799b1e36e3f1
[2024-06-24 14:24:29,070] {taskinstance.py:1257} INFO - Exporting the following env vars:
AIRFLOW_CTX_DAG_OWNER=coder2j
AIRFLOW_CTX_DAG_ID=dag_with_taskflow_api_v02
AIRFLOW_CTX_TASK_ID=get_name
AIRFLOW_CTX_EXECUTION_DATE=2022-12-11T00:00:00+00:00
AIRFLOW_CTX_DAG_RUN_ID=scheduled__2022-12-11T00:00:00+00:00
[2024-06-24 14:24:29,298] {taskinstance.py:1166} INFO - Marking task as SUCCESS. dag_id=dag_with_taskflow_api_v02, task_id=get_name, execution_date=20221211T000000, start_date=20240624T142428, end_date=20240624T142429
[2024-06-24 14:24:29,413] {taskinstance.py:1220} INFO - 0 downstream tasks scheduled from follow-on schedule check
[2024-06-24 14:24:29,441] {local_task_job.py:146} INFO - Task exited with return code 0
