[2024-06-24 15:02:26,834] {taskinstance.py:851} INFO - Dependencies all met for <TaskInstance: dag_with_taskflow_api_v02.get_name 2024-02-23T00:00:00+00:00 [queued]>
[2024-06-24 15:02:26,937] {taskinstance.py:851} INFO - Dependencies all met for <TaskInstance: dag_with_taskflow_api_v02.get_name 2024-02-23T00:00:00+00:00 [queued]>
[2024-06-24 15:02:26,939] {taskinstance.py:1042} INFO - 
--------------------------------------------------------------------------------
[2024-06-24 15:02:26,940] {taskinstance.py:1043} INFO - Starting attempt 1 of 6
[2024-06-24 15:02:26,946] {taskinstance.py:1044} INFO - 
--------------------------------------------------------------------------------
[2024-06-24 15:02:27,031] {taskinstance.py:1063} INFO - Executing <Task(_PythonDecoratedOperator): get_name> on 2024-02-23T00:00:00+00:00
[2024-06-24 15:02:27,037] {standard_task_runner.py:52} INFO - Started process 29503 to run task
[2024-06-24 15:02:27,052] {standard_task_runner.py:76} INFO - Running: ['airflow', 'tasks', 'run', 'dag_with_taskflow_api_v02', 'get_name', '2024-02-23T00:00:00+00:00', '--job-id', '10427', '--pool', 'default_pool', '--raw', '--subdir', 'DAGS_FOLDER/dag_with_taskflow_api.py', '--cfg-path', '/tmp/tmpnv0o_zr4', '--error-file', '/tmp/tmpf68lzs1f']
[2024-06-24 15:02:27,060] {standard_task_runner.py:77} INFO - Job 10427: Subtask get_name
[2024-06-24 15:02:27,284] {logging_mixin.py:104} INFO - Running <TaskInstance: dag_with_taskflow_api_v02.get_name 2024-02-23T00:00:00+00:00 [running]> on host 799b1e36e3f1
[2024-06-24 15:02:27,509] {taskinstance.py:1257} INFO - Exporting the following env vars:
AIRFLOW_CTX_DAG_OWNER=coder2j
AIRFLOW_CTX_DAG_ID=dag_with_taskflow_api_v02
AIRFLOW_CTX_TASK_ID=get_name
AIRFLOW_CTX_EXECUTION_DATE=2024-02-23T00:00:00+00:00
AIRFLOW_CTX_DAG_RUN_ID=scheduled__2024-02-23T00:00:00+00:00
[2024-06-24 15:02:27,689] {taskinstance.py:1166} INFO - Marking task as SUCCESS. dag_id=dag_with_taskflow_api_v02, task_id=get_name, execution_date=20240223T000000, start_date=20240624T150226, end_date=20240624T150227
[2024-06-24 15:02:27,940] {taskinstance.py:1220} INFO - 1 downstream tasks scheduled from follow-on schedule check
[2024-06-24 15:02:28,013] {local_task_job.py:146} INFO - Task exited with return code 0
