[2024-06-24 12:59:31,250] {taskinstance.py:851} INFO - Dependencies all met for <TaskInstance: our_dag_with_python_operator_v07.get_age 2022-03-07T00:00:00+00:00 [queued]>
[2024-06-24 12:59:31,330] {taskinstance.py:851} INFO - Dependencies all met for <TaskInstance: our_dag_with_python_operator_v07.get_age 2022-03-07T00:00:00+00:00 [queued]>
[2024-06-24 12:59:31,333] {taskinstance.py:1042} INFO - 
--------------------------------------------------------------------------------
[2024-06-24 12:59:31,334] {taskinstance.py:1043} INFO - Starting attempt 1 of 6
[2024-06-24 12:59:31,335] {taskinstance.py:1044} INFO - 
--------------------------------------------------------------------------------
[2024-06-24 12:59:31,420] {taskinstance.py:1063} INFO - Executing <Task(PythonOperator): get_age> on 2022-03-07T00:00:00+00:00
[2024-06-24 12:59:31,452] {standard_task_runner.py:52} INFO - Started process 34521 to run task
[2024-06-24 12:59:31,485] {standard_task_runner.py:76} INFO - Running: ['airflow', 'tasks', 'run', 'our_dag_with_python_operator_v07', 'get_age', '2022-03-07T00:00:00+00:00', '--job-id', '2202', '--pool', 'default_pool', '--raw', '--subdir', 'DAGS_FOLDER/create_dag_with_python_operator.py', '--cfg-path', '/tmp/tmpugq957xt', '--error-file', '/tmp/tmpo9k9m6xe']
[2024-06-24 12:59:31,510] {standard_task_runner.py:77} INFO - Job 2202: Subtask get_age
[2024-06-24 12:59:31,842] {logging_mixin.py:104} INFO - Running <TaskInstance: our_dag_with_python_operator_v07.get_age 2022-03-07T00:00:00+00:00 [running]> on host 799b1e36e3f1
[2024-06-24 12:59:32,313] {taskinstance.py:1257} INFO - Exporting the following env vars:
AIRFLOW_CTX_DAG_OWNER=coder2j
AIRFLOW_CTX_DAG_ID=our_dag_with_python_operator_v07
AIRFLOW_CTX_TASK_ID=get_age
AIRFLOW_CTX_EXECUTION_DATE=2022-03-07T00:00:00+00:00
AIRFLOW_CTX_DAG_RUN_ID=scheduled__2022-03-07T00:00:00+00:00
[2024-06-24 12:59:32,402] {python.py:118} INFO - Done. Returned value was: None
[2024-06-24 12:59:32,506] {taskinstance.py:1166} INFO - Marking task as SUCCESS. dag_id=our_dag_with_python_operator_v07, task_id=get_age, execution_date=20220307T000000, start_date=20240624T125931, end_date=20240624T125932
[2024-06-24 12:59:32,827] {taskinstance.py:1220} INFO - 1 downstream tasks scheduled from follow-on schedule check
[2024-06-24 12:59:32,888] {local_task_job.py:146} INFO - Task exited with return code 0
