[2024-06-24 12:54:56,285] {taskinstance.py:851} INFO - Dependencies all met for <TaskInstance: our_dag_with_python_operator_v07.greet 2021-11-15T00:00:00+00:00 [queued]>
[2024-06-24 12:54:56,394] {taskinstance.py:851} INFO - Dependencies all met for <TaskInstance: our_dag_with_python_operator_v07.greet 2021-11-15T00:00:00+00:00 [queued]>
[2024-06-24 12:54:56,403] {taskinstance.py:1042} INFO - 
--------------------------------------------------------------------------------
[2024-06-24 12:54:56,404] {taskinstance.py:1043} INFO - Starting attempt 1 of 6
[2024-06-24 12:54:56,413] {taskinstance.py:1044} INFO - 
--------------------------------------------------------------------------------
[2024-06-24 12:54:56,511] {taskinstance.py:1063} INFO - Executing <Task(PythonOperator): greet> on 2021-11-15T00:00:00+00:00
[2024-06-24 12:54:56,545] {standard_task_runner.py:52} INFO - Started process 30088 to run task
[2024-06-24 12:54:56,559] {standard_task_runner.py:76} INFO - Running: ['airflow', 'tasks', 'run', 'our_dag_with_python_operator_v07', 'greet', '2021-11-15T00:00:00+00:00', '--job-id', '1146', '--pool', 'default_pool', '--raw', '--subdir', 'DAGS_FOLDER/create_dag_with_python_operator.py', '--cfg-path', '/tmp/tmpses9rfan', '--error-file', '/tmp/tmpnip5xy7i']
[2024-06-24 12:54:56,570] {standard_task_runner.py:77} INFO - Job 1146: Subtask greet
[2024-06-24 12:54:56,935] {logging_mixin.py:104} INFO - Running <TaskInstance: our_dag_with_python_operator_v07.greet 2021-11-15T00:00:00+00:00 [running]> on host 799b1e36e3f1
[2024-06-24 12:54:57,444] {taskinstance.py:1257} INFO - Exporting the following env vars:
AIRFLOW_CTX_DAG_OWNER=coder2j
AIRFLOW_CTX_DAG_ID=our_dag_with_python_operator_v07
AIRFLOW_CTX_TASK_ID=greet
AIRFLOW_CTX_EXECUTION_DATE=2021-11-15T00:00:00+00:00
AIRFLOW_CTX_DAG_RUN_ID=scheduled__2021-11-15T00:00:00+00:00
[2024-06-24 12:54:57,447] {logging_mixin.py:104} INFO - some dict:  {'a': 1, 'b': 2}
[2024-06-24 12:54:57,591] {logging_mixin.py:104} INFO - Hello World! My name is Jerry Fridman, and I am 19 years old!
[2024-06-24 12:54:57,600] {python.py:118} INFO - Done. Returned value was: None
[2024-06-24 12:54:57,667] {taskinstance.py:1166} INFO - Marking task as SUCCESS. dag_id=our_dag_with_python_operator_v07, task_id=greet, execution_date=20211115T000000, start_date=20240624T125456, end_date=20240624T125457
[2024-06-24 12:54:57,813] {taskinstance.py:1220} INFO - 0 downstream tasks scheduled from follow-on schedule check
[2024-06-24 12:54:57,856] {local_task_job.py:146} INFO - Task exited with return code 0
