[2024-06-24 14:54:31,977] {taskinstance.py:851} INFO - Dependencies all met for <TaskInstance: dag_with_taskflow_api_v02.get_name 2024-01-01T00:00:00+00:00 [queued]>
[2024-06-24 14:54:32,048] {taskinstance.py:851} INFO - Dependencies all met for <TaskInstance: dag_with_taskflow_api_v02.get_name 2024-01-01T00:00:00+00:00 [queued]>
[2024-06-24 14:54:32,052] {taskinstance.py:1042} INFO - 
--------------------------------------------------------------------------------
[2024-06-24 14:54:32,053] {taskinstance.py:1043} INFO - Starting attempt 1 of 6
[2024-06-24 14:54:32,054] {taskinstance.py:1044} INFO - 
--------------------------------------------------------------------------------
[2024-06-24 14:54:32,100] {taskinstance.py:1063} INFO - Executing <Task(_PythonDecoratedOperator): get_name> on 2024-01-01T00:00:00+00:00
[2024-06-24 14:54:32,122] {standard_task_runner.py:52} INFO - Started process 26791 to run task
[2024-06-24 14:54:32,133] {standard_task_runner.py:76} INFO - Running: ['airflow', 'tasks', 'run', 'dag_with_taskflow_api_v02', 'get_name', '2024-01-01T00:00:00+00:00', '--job-id', '9752', '--pool', 'default_pool', '--raw', '--subdir', 'DAGS_FOLDER/dag_with_taskflow_api.py', '--cfg-path', '/tmp/tmpu6q8ees0', '--error-file', '/tmp/tmp8spkxg67']
[2024-06-24 14:54:32,149] {standard_task_runner.py:77} INFO - Job 9752: Subtask get_name
[2024-06-24 14:54:32,323] {logging_mixin.py:104} INFO - Running <TaskInstance: dag_with_taskflow_api_v02.get_name 2024-01-01T00:00:00+00:00 [running]> on host 799b1e36e3f1
[2024-06-24 14:54:32,574] {taskinstance.py:1257} INFO - Exporting the following env vars:
AIRFLOW_CTX_DAG_OWNER=coder2j
AIRFLOW_CTX_DAG_ID=dag_with_taskflow_api_v02
AIRFLOW_CTX_TASK_ID=get_name
AIRFLOW_CTX_EXECUTION_DATE=2024-01-01T00:00:00+00:00
AIRFLOW_CTX_DAG_RUN_ID=scheduled__2024-01-01T00:00:00+00:00
[2024-06-24 14:54:32,846] {taskinstance.py:1166} INFO - Marking task as SUCCESS. dag_id=dag_with_taskflow_api_v02, task_id=get_name, execution_date=20240101T000000, start_date=20240624T145431, end_date=20240624T145432
[2024-06-24 14:54:32,985] {taskinstance.py:1220} INFO - 0 downstream tasks scheduled from follow-on schedule check
[2024-06-24 14:54:33,037] {local_task_job.py:146} INFO - Task exited with return code 0
