[2024-08-06 14:24:43,948] {taskinstance.py:851} INFO - Dependencies all met for <TaskInstance: our_first_dag_v5.second_task 2024-08-04T00:00:00+00:00 [queued]>
[2024-08-06 14:24:44,035] {taskinstance.py:851} INFO - Dependencies all met for <TaskInstance: our_first_dag_v5.second_task 2024-08-04T00:00:00+00:00 [queued]>
[2024-08-06 14:24:44,036] {taskinstance.py:1042} INFO - 
--------------------------------------------------------------------------------
[2024-08-06 14:24:44,037] {taskinstance.py:1043} INFO - Starting attempt 1 of 6
[2024-08-06 14:24:44,037] {taskinstance.py:1044} INFO - 
--------------------------------------------------------------------------------
[2024-08-06 14:24:44,207] {taskinstance.py:1063} INFO - Executing <Task(BashOperator): second_task> on 2024-08-04T00:00:00+00:00
[2024-08-06 14:24:44,232] {standard_task_runner.py:52} INFO - Started process 239 to run task
[2024-08-06 14:24:44,260] {standard_task_runner.py:76} INFO - Running: ['airflow', 'tasks', 'run', 'our_first_dag_v5', 'second_task', '2024-08-04T00:00:00+00:00', '--job-id', '12696', '--pool', 'default_pool', '--raw', '--subdir', 'DAGS_FOLDER/our_first_dag.py', '--cfg-path', '/tmp/tmpvz8flejw', '--error-file', '/tmp/tmpgtf5wbco']
[2024-08-06 14:24:44,282] {standard_task_runner.py:77} INFO - Job 12696: Subtask second_task
[2024-08-06 14:24:44,642] {logging_mixin.py:104} INFO - Running <TaskInstance: our_first_dag_v5.second_task 2024-08-04T00:00:00+00:00 [running]> on host 799b1e36e3f1
[2024-08-06 14:24:44,876] {taskinstance.py:1257} INFO - Exporting the following env vars:
AIRFLOW_CTX_DAG_OWNER=coder2j
AIRFLOW_CTX_DAG_ID=our_first_dag_v5
AIRFLOW_CTX_TASK_ID=second_task
AIRFLOW_CTX_EXECUTION_DATE=2024-08-04T00:00:00+00:00
AIRFLOW_CTX_DAG_RUN_ID=scheduled__2024-08-04T00:00:00+00:00
[2024-08-06 14:24:44,878] {bash.py:135} INFO - Tmp dir root location: 
 /tmp
[2024-08-06 14:24:44,880] {bash.py:158} INFO - Running command: echo hey, I am task2 and will be running after task1!
[2024-08-06 14:24:44,899] {bash.py:169} INFO - Output:
[2024-08-06 14:24:44,949] {bash.py:173} INFO - hey, I am task2 and will be running after task1!
[2024-08-06 14:24:44,987] {bash.py:177} INFO - Command exited with return code 0
[2024-08-06 14:24:45,330] {taskinstance.py:1166} INFO - Marking task as SUCCESS. dag_id=our_first_dag_v5, task_id=second_task, execution_date=20240804T000000, start_date=20240806T142443, end_date=20240806T142445
[2024-08-06 14:24:45,555] {taskinstance.py:1220} INFO - 0 downstream tasks scheduled from follow-on schedule check
[2024-08-06 14:24:45,643] {local_task_job.py:146} INFO - Task exited with return code 0
