[2024-06-24 14:20:04,086] {taskinstance.py:851} INFO - Dependencies all met for <TaskInstance: dag_with_python_dependencies_v03.get_sklearn 2022-06-03T00:00:00+00:00 [queued]>
[2024-06-24 14:20:04,148] {taskinstance.py:851} INFO - Dependencies all met for <TaskInstance: dag_with_python_dependencies_v03.get_sklearn 2022-06-03T00:00:00+00:00 [queued]>
[2024-06-24 14:20:04,154] {taskinstance.py:1042} INFO - 
--------------------------------------------------------------------------------
[2024-06-24 14:20:04,155] {taskinstance.py:1043} INFO - Starting attempt 1 of 1
[2024-06-24 14:20:04,155] {taskinstance.py:1044} INFO - 
--------------------------------------------------------------------------------
[2024-06-24 14:20:04,231] {taskinstance.py:1063} INFO - Executing <Task(PythonOperator): get_sklearn> on 2022-06-03T00:00:00+00:00
[2024-06-24 14:20:04,267] {standard_task_runner.py:52} INFO - Started process 3269 to run task
[2024-06-24 14:20:04,277] {standard_task_runner.py:76} INFO - Running: ['airflow', 'tasks', 'run', 'dag_with_python_dependencies_v03', 'get_sklearn', '2022-06-03T00:00:00+00:00', '--job-id', '3668', '--pool', 'default_pool', '--raw', '--subdir', 'DAGS_FOLDER/dag_with_python_dependencies.py', '--cfg-path', '/tmp/tmpjeo0d_13', '--error-file', '/tmp/tmp1ajfbv0k']
[2024-06-24 14:20:04,291] {standard_task_runner.py:77} INFO - Job 3668: Subtask get_sklearn
[2024-06-24 14:20:04,497] {logging_mixin.py:104} INFO - Running <TaskInstance: dag_with_python_dependencies_v03.get_sklearn 2022-06-03T00:00:00+00:00 [running]> on host 799b1e36e3f1
[2024-06-24 14:20:04,696] {taskinstance.py:1257} INFO - Exporting the following env vars:
AIRFLOW_CTX_DAG_OWNER=coder2j
AIRFLOW_CTX_DAG_ID=dag_with_python_dependencies_v03
AIRFLOW_CTX_TASK_ID=get_sklearn
AIRFLOW_CTX_EXECUTION_DATE=2022-06-03T00:00:00+00:00
AIRFLOW_CTX_DAG_RUN_ID=scheduled__2022-06-03T00:00:00+00:00
[2024-06-24 14:20:07,633] {logging_mixin.py:104} INFO - sklearn with version: 0.24.2
[2024-06-24 14:20:07,638] {python.py:118} INFO - Done. Returned value was: None
[2024-06-24 14:20:07,681] {taskinstance.py:1166} INFO - Marking task as SUCCESS. dag_id=dag_with_python_dependencies_v03, task_id=get_sklearn, execution_date=20220603T000000, start_date=20240624T142004, end_date=20240624T142007
[2024-06-24 14:20:07,802] {taskinstance.py:1220} INFO - 1 downstream tasks scheduled from follow-on schedule check
[2024-06-24 14:20:07,875] {local_task_job.py:146} INFO - Task exited with return code 0
