[2024-06-24 14:53:50,838] {taskinstance.py:851} INFO - Dependencies all met for <TaskInstance: our_dag_with_python_operator_v07.get_name 2023-12-23T00:00:00+00:00 [queued]>
[2024-06-24 14:53:50,987] {taskinstance.py:851} INFO - Dependencies all met for <TaskInstance: our_dag_with_python_operator_v07.get_name 2023-12-23T00:00:00+00:00 [queued]>
[2024-06-24 14:53:51,000] {taskinstance.py:1042} INFO - 
--------------------------------------------------------------------------------
[2024-06-24 14:53:51,003] {taskinstance.py:1043} INFO - Starting attempt 1 of 6
[2024-06-24 14:53:51,026] {taskinstance.py:1044} INFO - 
--------------------------------------------------------------------------------
[2024-06-24 14:53:51,181] {taskinstance.py:1063} INFO - Executing <Task(PythonOperator): get_name> on 2023-12-23T00:00:00+00:00
[2024-06-24 14:53:51,217] {standard_task_runner.py:52} INFO - Started process 26436 to run task
[2024-06-24 14:53:51,266] {standard_task_runner.py:76} INFO - Running: ['airflow', 'tasks', 'run', 'our_dag_with_python_operator_v07', 'get_name', '2023-12-23T00:00:00+00:00', '--job-id', '9679', '--pool', 'default_pool', '--raw', '--subdir', 'DAGS_FOLDER/create_dag_with_python_operator.py', '--cfg-path', '/tmp/tmp_ra71hdn', '--error-file', '/tmp/tmpja519gro']
[2024-06-24 14:53:51,297] {standard_task_runner.py:77} INFO - Job 9679: Subtask get_name
[2024-06-24 14:53:52,095] {logging_mixin.py:104} INFO - Running <TaskInstance: our_dag_with_python_operator_v07.get_name 2023-12-23T00:00:00+00:00 [running]> on host 799b1e36e3f1
[2024-06-24 14:53:53,212] {taskinstance.py:1257} INFO - Exporting the following env vars:
AIRFLOW_CTX_DAG_OWNER=coder2j
AIRFLOW_CTX_DAG_ID=our_dag_with_python_operator_v07
AIRFLOW_CTX_TASK_ID=get_name
AIRFLOW_CTX_EXECUTION_DATE=2023-12-23T00:00:00+00:00
AIRFLOW_CTX_DAG_RUN_ID=scheduled__2023-12-23T00:00:00+00:00
[2024-06-24 14:53:53,605] {python.py:118} INFO - Done. Returned value was: None
[2024-06-24 14:53:53,803] {taskinstance.py:1166} INFO - Marking task as SUCCESS. dag_id=our_dag_with_python_operator_v07, task_id=get_name, execution_date=20231223T000000, start_date=20240624T145350, end_date=20240624T145353
[2024-06-24 14:53:54,471] {taskinstance.py:1220} INFO - 1 downstream tasks scheduled from follow-on schedule check
[2024-06-24 14:53:54,673] {local_task_job.py:146} INFO - Task exited with return code 0
