[2024-06-24 15:06:01,936] {taskinstance.py:851} INFO - Dependencies all met for <TaskInstance: our_dag_with_python_operator_v07.get_age 2024-06-23T00:00:00+00:00 [queued]>
[2024-06-24 15:06:01,959] {taskinstance.py:851} INFO - Dependencies all met for <TaskInstance: our_dag_with_python_operator_v07.get_age 2024-06-23T00:00:00+00:00 [queued]>
[2024-06-24 15:06:01,962] {taskinstance.py:1042} INFO - 
--------------------------------------------------------------------------------
[2024-06-24 15:06:01,962] {taskinstance.py:1043} INFO - Starting attempt 1 of 6
[2024-06-24 15:06:01,963] {taskinstance.py:1044} INFO - 
--------------------------------------------------------------------------------
[2024-06-24 15:06:02,047] {taskinstance.py:1063} INFO - Executing <Task(PythonOperator): get_age> on 2024-06-23T00:00:00+00:00
[2024-06-24 15:06:02,083] {standard_task_runner.py:52} INFO - Started process 34498 to run task
[2024-06-24 15:06:02,117] {standard_task_runner.py:76} INFO - Running: ['airflow', 'tasks', 'run', 'our_dag_with_python_operator_v07', 'get_age', '2024-06-23T00:00:00+00:00', '--job-id', '11732', '--pool', 'default_pool', '--raw', '--subdir', 'DAGS_FOLDER/create_dag_with_python_operator.py', '--cfg-path', '/tmp/tmp3_hbkr86', '--error-file', '/tmp/tmp5ji96s9k']
[2024-06-24 15:06:02,140] {standard_task_runner.py:77} INFO - Job 11732: Subtask get_age
[2024-06-24 15:06:02,324] {logging_mixin.py:104} INFO - Running <TaskInstance: our_dag_with_python_operator_v07.get_age 2024-06-23T00:00:00+00:00 [running]> on host 799b1e36e3f1
[2024-06-24 15:06:02,497] {taskinstance.py:1257} INFO - Exporting the following env vars:
AIRFLOW_CTX_DAG_OWNER=coder2j
AIRFLOW_CTX_DAG_ID=our_dag_with_python_operator_v07
AIRFLOW_CTX_TASK_ID=get_age
AIRFLOW_CTX_EXECUTION_DATE=2024-06-23T00:00:00+00:00
AIRFLOW_CTX_DAG_RUN_ID=scheduled__2024-06-23T00:00:00+00:00
[2024-06-24 15:06:02,543] {python.py:118} INFO - Done. Returned value was: None
[2024-06-24 15:06:02,588] {taskinstance.py:1166} INFO - Marking task as SUCCESS. dag_id=our_dag_with_python_operator_v07, task_id=get_age, execution_date=20240623T000000, start_date=20240624T150601, end_date=20240624T150602
[2024-06-24 15:06:02,654] {taskinstance.py:1220} INFO - 1 downstream tasks scheduled from follow-on schedule check
[2024-06-24 15:06:02,686] {local_task_job.py:146} INFO - Task exited with return code 0
