[2024-06-24 12:55:04,712] {taskinstance.py:851} INFO - Dependencies all met for <TaskInstance: our_dag_with_python_operator_v07.greet 2021-12-05T00:00:00+00:00 [queued]>
[2024-06-24 12:55:04,835] {taskinstance.py:851} INFO - Dependencies all met for <TaskInstance: our_dag_with_python_operator_v07.greet 2021-12-05T00:00:00+00:00 [queued]>
[2024-06-24 12:55:04,840] {taskinstance.py:1042} INFO - 
--------------------------------------------------------------------------------
[2024-06-24 12:55:04,845] {taskinstance.py:1043} INFO - Starting attempt 1 of 6
[2024-06-24 12:55:04,848] {taskinstance.py:1044} INFO - 
--------------------------------------------------------------------------------
[2024-06-24 12:55:04,913] {taskinstance.py:1063} INFO - Executing <Task(PythonOperator): greet> on 2021-12-05T00:00:00+00:00
[2024-06-24 12:55:04,963] {standard_task_runner.py:52} INFO - Started process 30247 to run task
[2024-06-24 12:55:04,972] {standard_task_runner.py:76} INFO - Running: ['airflow', 'tasks', 'run', 'our_dag_with_python_operator_v07', 'greet', '2021-12-05T00:00:00+00:00', '--job-id', '1184', '--pool', 'default_pool', '--raw', '--subdir', 'DAGS_FOLDER/create_dag_with_python_operator.py', '--cfg-path', '/tmp/tmp8oxdhecl', '--error-file', '/tmp/tmpjjyzv39h']
[2024-06-24 12:55:04,988] {standard_task_runner.py:77} INFO - Job 1184: Subtask greet
[2024-06-24 12:55:05,353] {logging_mixin.py:104} INFO - Running <TaskInstance: our_dag_with_python_operator_v07.greet 2021-12-05T00:00:00+00:00 [running]> on host 799b1e36e3f1
[2024-06-24 12:55:05,726] {taskinstance.py:1257} INFO - Exporting the following env vars:
AIRFLOW_CTX_DAG_OWNER=coder2j
AIRFLOW_CTX_DAG_ID=our_dag_with_python_operator_v07
AIRFLOW_CTX_TASK_ID=greet
AIRFLOW_CTX_EXECUTION_DATE=2021-12-05T00:00:00+00:00
AIRFLOW_CTX_DAG_RUN_ID=scheduled__2021-12-05T00:00:00+00:00
[2024-06-24 12:55:05,754] {logging_mixin.py:104} INFO - some dict:  {'a': 1, 'b': 2}
[2024-06-24 12:55:06,059] {logging_mixin.py:104} INFO - Hello World! My name is Jerry Fridman, and I am 19 years old!
[2024-06-24 12:55:06,061] {python.py:118} INFO - Done. Returned value was: None
[2024-06-24 12:55:06,164] {taskinstance.py:1166} INFO - Marking task as SUCCESS. dag_id=our_dag_with_python_operator_v07, task_id=greet, execution_date=20211205T000000, start_date=20240624T125504, end_date=20240624T125506
[2024-06-24 12:55:06,272] {taskinstance.py:1220} INFO - 0 downstream tasks scheduled from follow-on schedule check
[2024-06-24 12:55:06,334] {local_task_job.py:146} INFO - Task exited with return code 0
