[2024-08-12 06:35:29,599] {taskinstance.py:851} INFO - Dependencies all met for <TaskInstance: dag_with_taskflow_api_v02.get_name 2024-08-11T00:00:00+00:00 [queued]>
[2024-08-12 06:35:29,663] {taskinstance.py:851} INFO - Dependencies all met for <TaskInstance: dag_with_taskflow_api_v02.get_name 2024-08-11T00:00:00+00:00 [queued]>
[2024-08-12 06:35:29,664] {taskinstance.py:1042} INFO - 
--------------------------------------------------------------------------------
[2024-08-12 06:35:29,665] {taskinstance.py:1043} INFO - Starting attempt 1 of 6
[2024-08-12 06:35:29,666] {taskinstance.py:1044} INFO - 
--------------------------------------------------------------------------------
[2024-08-12 06:35:29,683] {taskinstance.py:1063} INFO - Executing <Task(_PythonDecoratedOperator): get_name> on 2024-08-11T00:00:00+00:00
[2024-08-12 06:35:29,703] {standard_task_runner.py:52} INFO - Started process 63165 to run task
[2024-08-12 06:35:29,725] {standard_task_runner.py:76} INFO - Running: ['airflow', 'tasks', 'run', 'dag_with_taskflow_api_v02', 'get_name', '2024-08-11T00:00:00+00:00', '--job-id', '12775', '--pool', 'default_pool', '--raw', '--subdir', 'DAGS_FOLDER/dag_with_taskflow_api.py', '--cfg-path', '/tmp/tmpm1ma0t1h', '--error-file', '/tmp/tmpc3xrubuy']
[2024-08-12 06:35:29,750] {standard_task_runner.py:77} INFO - Job 12775: Subtask get_name
[2024-08-12 06:35:29,894] {logging_mixin.py:104} INFO - Running <TaskInstance: dag_with_taskflow_api_v02.get_name 2024-08-11T00:00:00+00:00 [running]> on host 799b1e36e3f1
[2024-08-12 06:35:30,073] {taskinstance.py:1257} INFO - Exporting the following env vars:
AIRFLOW_CTX_DAG_OWNER=coder2j
AIRFLOW_CTX_DAG_ID=dag_with_taskflow_api_v02
AIRFLOW_CTX_TASK_ID=get_name
AIRFLOW_CTX_EXECUTION_DATE=2024-08-11T00:00:00+00:00
AIRFLOW_CTX_DAG_RUN_ID=scheduled__2024-08-11T00:00:00+00:00
[2024-08-12 06:35:30,229] {taskinstance.py:1166} INFO - Marking task as SUCCESS. dag_id=dag_with_taskflow_api_v02, task_id=get_name, execution_date=20240811T000000, start_date=20240812T063529, end_date=20240812T063530
[2024-08-12 06:35:30,299] {taskinstance.py:1220} INFO - 1 downstream tasks scheduled from follow-on schedule check
[2024-08-12 06:35:30,349] {local_task_job.py:146} INFO - Task exited with return code 0
