[2024-06-24 14:30:54,666] {taskinstance.py:851} INFO - Dependencies all met for <TaskInstance: dag_with_taskflow_api_v02.get_name 2023-08-26T00:00:00+00:00 [queued]>
[2024-06-24 14:30:54,722] {taskinstance.py:851} INFO - Dependencies all met for <TaskInstance: dag_with_taskflow_api_v02.get_name 2023-08-26T00:00:00+00:00 [queued]>
[2024-06-24 14:30:54,729] {taskinstance.py:1042} INFO - 
--------------------------------------------------------------------------------
[2024-06-24 14:30:54,736] {taskinstance.py:1043} INFO - Starting attempt 1 of 6
[2024-06-24 14:30:54,743] {taskinstance.py:1044} INFO - 
--------------------------------------------------------------------------------
[2024-06-24 14:30:54,817] {taskinstance.py:1063} INFO - Executing <Task(_PythonDecoratedOperator): get_name> on 2023-08-26T00:00:00+00:00
[2024-06-24 14:30:54,833] {standard_task_runner.py:52} INFO - Started process 20030 to run task
[2024-06-24 14:30:54,852] {standard_task_runner.py:76} INFO - Running: ['airflow', 'tasks', 'run', 'dag_with_taskflow_api_v02', 'get_name', '2023-08-26T00:00:00+00:00', '--job-id', '8137', '--pool', 'default_pool', '--raw', '--subdir', 'DAGS_FOLDER/dag_with_taskflow_api.py', '--cfg-path', '/tmp/tmp4hx6wysj', '--error-file', '/tmp/tmp_9q2x4ox']
[2024-06-24 14:30:54,866] {standard_task_runner.py:77} INFO - Job 8137: Subtask get_name
[2024-06-24 14:30:55,096] {logging_mixin.py:104} INFO - Running <TaskInstance: dag_with_taskflow_api_v02.get_name 2023-08-26T00:00:00+00:00 [running]> on host 799b1e36e3f1
[2024-06-24 14:30:55,373] {taskinstance.py:1257} INFO - Exporting the following env vars:
AIRFLOW_CTX_DAG_OWNER=coder2j
AIRFLOW_CTX_DAG_ID=dag_with_taskflow_api_v02
AIRFLOW_CTX_TASK_ID=get_name
AIRFLOW_CTX_EXECUTION_DATE=2023-08-26T00:00:00+00:00
AIRFLOW_CTX_DAG_RUN_ID=scheduled__2023-08-26T00:00:00+00:00
[2024-06-24 14:30:55,609] {taskinstance.py:1166} INFO - Marking task as SUCCESS. dag_id=dag_with_taskflow_api_v02, task_id=get_name, execution_date=20230826T000000, start_date=20240624T143054, end_date=20240624T143055
[2024-06-24 14:30:55,751] {taskinstance.py:1220} INFO - 1 downstream tasks scheduled from follow-on schedule check
[2024-06-24 14:30:55,782] {local_task_job.py:146} INFO - Task exited with return code 0
