[2024-06-24 14:54:22,942] {taskinstance.py:851} INFO - Dependencies all met for <TaskInstance: our_first_dag_v5.thrid_task 2023-11-08T00:00:00+00:00 [queued]>
[2024-06-24 14:54:23,147] {taskinstance.py:851} INFO - Dependencies all met for <TaskInstance: our_first_dag_v5.thrid_task 2023-11-08T00:00:00+00:00 [queued]>
[2024-06-24 14:54:23,167] {taskinstance.py:1042} INFO - 
--------------------------------------------------------------------------------
[2024-06-24 14:54:23,179] {taskinstance.py:1043} INFO - Starting attempt 1 of 6
[2024-06-24 14:54:23,192] {taskinstance.py:1044} INFO - 
--------------------------------------------------------------------------------
[2024-06-24 14:54:23,354] {taskinstance.py:1063} INFO - Executing <Task(BashOperator): thrid_task> on 2023-11-08T00:00:00+00:00
[2024-06-24 14:54:23,410] {standard_task_runner.py:52} INFO - Started process 26675 to run task
[2024-06-24 14:54:23,472] {standard_task_runner.py:76} INFO - Running: ['airflow', 'tasks', 'run', 'our_first_dag_v5', 'thrid_task', '2023-11-08T00:00:00+00:00', '--job-id', '9722', '--pool', 'default_pool', '--raw', '--subdir', 'DAGS_FOLDER/our_first_dag.py', '--cfg-path', '/tmp/tmplubyv8l6', '--error-file', '/tmp/tmpzn6wap85']
[2024-06-24 14:54:23,549] {standard_task_runner.py:77} INFO - Job 9722: Subtask thrid_task
[2024-06-24 14:54:24,750] {logging_mixin.py:104} INFO - Running <TaskInstance: our_first_dag_v5.thrid_task 2023-11-08T00:00:00+00:00 [running]> on host 799b1e36e3f1
[2024-06-24 14:54:26,062] {taskinstance.py:1257} INFO - Exporting the following env vars:
AIRFLOW_CTX_DAG_OWNER=coder2j
AIRFLOW_CTX_DAG_ID=our_first_dag_v5
AIRFLOW_CTX_TASK_ID=thrid_task
AIRFLOW_CTX_EXECUTION_DATE=2023-11-08T00:00:00+00:00
AIRFLOW_CTX_DAG_RUN_ID=scheduled__2023-11-08T00:00:00+00:00
[2024-06-24 14:54:26,086] {bash.py:135} INFO - Tmp dir root location: 
 /tmp
[2024-06-24 14:54:26,172] {bash.py:158} INFO - Running command: echo hey, I am task3 and will be running after task1 at the same time as task2!
[2024-06-24 14:54:26,443] {bash.py:169} INFO - Output:
[2024-06-24 14:54:26,477] {bash.py:173} INFO - hey, I am task3 and will be running after task1 at the same time as task2!
[2024-06-24 14:54:28,069] {bash.py:177} INFO - Command exited with return code 0
[2024-06-24 14:54:28,381] {taskinstance.py:1166} INFO - Marking task as SUCCESS. dag_id=our_first_dag_v5, task_id=thrid_task, execution_date=20231108T000000, start_date=20240624T145422, end_date=20240624T145428
[2024-06-24 14:54:28,844] {local_task_job.py:188} WARNING - State of this instance has been externally set to success. Terminating instance.
[2024-06-24 14:54:28,854] {process_utils.py:100} INFO - Sending Signals.SIGTERM to GPID 26675
[2024-06-24 14:54:29,485] {taskinstance.py:1239} ERROR - Received SIGTERM. Terminating subprocesses.
[2024-06-24 14:54:29,485] {bash.py:185} INFO - Sending SIGTERM signal to bash process group
[2024-06-24 14:54:29,619] {process_utils.py:66} INFO - Process psutil.Process(pid=26675, status='terminated', exitcode=1, started='14:54:22') (26675) terminated with exit code 1
