[2024-08-01 17:19:48,172] {taskinstance.py:851} INFO - Dependencies all met for <TaskInstance: our_first_dag_v5.second_task 2024-07-27T00:00:00+00:00 [queued]>
[2024-08-01 17:19:48,230] {taskinstance.py:851} INFO - Dependencies all met for <TaskInstance: our_first_dag_v5.second_task 2024-07-27T00:00:00+00:00 [queued]>
[2024-08-01 17:19:48,235] {taskinstance.py:1042} INFO - 
--------------------------------------------------------------------------------
[2024-08-01 17:19:48,236] {taskinstance.py:1043} INFO - Starting attempt 1 of 6
[2024-08-01 17:19:48,236] {taskinstance.py:1044} INFO - 
--------------------------------------------------------------------------------
[2024-08-01 17:19:48,369] {taskinstance.py:1063} INFO - Executing <Task(BashOperator): second_task> on 2024-07-27T00:00:00+00:00
[2024-08-01 17:19:48,468] {standard_task_runner.py:52} INFO - Started process 259 to run task
[2024-08-01 17:19:48,564] {standard_task_runner.py:76} INFO - Running: ['airflow', 'tasks', 'run', 'our_first_dag_v5', 'second_task', '2024-07-27T00:00:00+00:00', '--job-id', '12608', '--pool', 'default_pool', '--raw', '--subdir', 'DAGS_FOLDER/our_first_dag.py', '--cfg-path', '/tmp/tmpem35tj_k', '--error-file', '/tmp/tmp1kcy1u8l']
[2024-08-01 17:19:48,579] {standard_task_runner.py:77} INFO - Job 12608: Subtask second_task
[2024-08-01 17:19:49,077] {logging_mixin.py:104} INFO - Running <TaskInstance: our_first_dag_v5.second_task 2024-07-27T00:00:00+00:00 [running]> on host 799b1e36e3f1
[2024-08-01 17:19:49,700] {taskinstance.py:1257} INFO - Exporting the following env vars:
AIRFLOW_CTX_DAG_OWNER=coder2j
AIRFLOW_CTX_DAG_ID=our_first_dag_v5
AIRFLOW_CTX_TASK_ID=second_task
AIRFLOW_CTX_EXECUTION_DATE=2024-07-27T00:00:00+00:00
AIRFLOW_CTX_DAG_RUN_ID=scheduled__2024-07-27T00:00:00+00:00
[2024-08-01 17:19:49,703] {bash.py:135} INFO - Tmp dir root location: 
 /tmp
[2024-08-01 17:19:49,720] {bash.py:158} INFO - Running command: echo hey, I am task2 and will be running after task1!
[2024-08-01 17:19:49,957] {bash.py:169} INFO - Output:
[2024-08-01 17:19:49,962] {bash.py:173} INFO - hey, I am task2 and will be running after task1!
[2024-08-01 17:19:49,967] {bash.py:177} INFO - Command exited with return code 0
[2024-08-01 17:19:50,441] {taskinstance.py:1166} INFO - Marking task as SUCCESS. dag_id=our_first_dag_v5, task_id=second_task, execution_date=20240727T000000, start_date=20240801T171948, end_date=20240801T171950
[2024-08-01 17:19:52,620] {taskinstance.py:1220} INFO - 0 downstream tasks scheduled from follow-on schedule check
[2024-08-01 17:19:52,924] {local_task_job.py:146} INFO - Task exited with return code 0
