[2024-07-05 00:08:38,719] {taskinstance.py:851} INFO - Dependencies all met for <TaskInstance: our_dag_with_python_operator_v07.get_name 2024-07-04T00:00:00+00:00 [queued]>
[2024-07-05 00:08:38,878] {taskinstance.py:851} INFO - Dependencies all met for <TaskInstance: our_dag_with_python_operator_v07.get_name 2024-07-04T00:00:00+00:00 [queued]>
[2024-07-05 00:08:38,885] {taskinstance.py:1042} INFO - 
--------------------------------------------------------------------------------
[2024-07-05 00:08:38,888] {taskinstance.py:1043} INFO - Starting attempt 1 of 6
[2024-07-05 00:08:38,892] {taskinstance.py:1044} INFO - 
--------------------------------------------------------------------------------
[2024-07-05 00:08:38,980] {taskinstance.py:1063} INFO - Executing <Task(PythonOperator): get_name> on 2024-07-04T00:00:00+00:00
[2024-07-05 00:08:39,026] {standard_task_runner.py:52} INFO - Started process 42371 to run task
[2024-07-05 00:08:39,087] {standard_task_runner.py:76} INFO - Running: ['airflow', 'tasks', 'run', 'our_dag_with_python_operator_v07', 'get_name', '2024-07-04T00:00:00+00:00', '--job-id', '12301', '--pool', 'default_pool', '--raw', '--subdir', 'DAGS_FOLDER/create_dag_with_python_operator.py', '--cfg-path', '/tmp/tmp4lbt899_', '--error-file', '/tmp/tmpmq6a8gu8']
[2024-07-05 00:08:39,148] {standard_task_runner.py:77} INFO - Job 12301: Subtask get_name
[2024-07-05 00:08:39,710] {logging_mixin.py:104} INFO - Running <TaskInstance: our_dag_with_python_operator_v07.get_name 2024-07-04T00:00:00+00:00 [running]> on host 799b1e36e3f1
[2024-07-05 00:08:40,379] {taskinstance.py:1257} INFO - Exporting the following env vars:
AIRFLOW_CTX_DAG_OWNER=coder2j
AIRFLOW_CTX_DAG_ID=our_dag_with_python_operator_v07
AIRFLOW_CTX_TASK_ID=get_name
AIRFLOW_CTX_EXECUTION_DATE=2024-07-04T00:00:00+00:00
AIRFLOW_CTX_DAG_RUN_ID=scheduled__2024-07-04T00:00:00+00:00
[2024-07-05 00:08:40,671] {python.py:118} INFO - Done. Returned value was: None
[2024-07-05 00:08:40,778] {taskinstance.py:1166} INFO - Marking task as SUCCESS. dag_id=our_dag_with_python_operator_v07, task_id=get_name, execution_date=20240704T000000, start_date=20240705T000838, end_date=20240705T000840
[2024-07-05 00:08:41,115] {taskinstance.py:1220} INFO - 0 downstream tasks scheduled from follow-on schedule check
[2024-07-05 00:08:41,195] {local_task_job.py:146} INFO - Task exited with return code 0
