[2024-06-24 13:01:37,663] {taskinstance.py:851} INFO - Dependencies all met for <TaskInstance: our_dag_with_python_operator_v07.get_age 2022-04-16T00:00:00+00:00 [queued]>
[2024-06-24 13:01:37,916] {taskinstance.py:851} INFO - Dependencies all met for <TaskInstance: our_dag_with_python_operator_v07.get_age 2022-04-16T00:00:00+00:00 [queued]>
[2024-06-24 13:01:37,932] {taskinstance.py:1042} INFO - 
--------------------------------------------------------------------------------
[2024-06-24 13:01:37,941] {taskinstance.py:1043} INFO - Starting attempt 1 of 6
[2024-06-24 13:01:37,948] {taskinstance.py:1044} INFO - 
--------------------------------------------------------------------------------
[2024-06-24 13:01:38,169] {taskinstance.py:1063} INFO - Executing <Task(PythonOperator): get_age> on 2022-04-16T00:00:00+00:00
[2024-06-24 13:01:38,299] {standard_task_runner.py:52} INFO - Started process 36501 to run task
[2024-06-24 13:01:38,310] {standard_task_runner.py:76} INFO - Running: ['airflow', 'tasks', 'run', 'our_dag_with_python_operator_v07', 'get_age', '2022-04-16T00:00:00+00:00', '--job-id', '2704', '--pool', 'default_pool', '--raw', '--subdir', 'DAGS_FOLDER/create_dag_with_python_operator.py', '--cfg-path', '/tmp/tmp46kfmj5o', '--error-file', '/tmp/tmpi39pkrdm']
[2024-06-24 13:01:38,330] {standard_task_runner.py:77} INFO - Job 2704: Subtask get_age
[2024-06-24 13:01:38,834] {logging_mixin.py:104} INFO - Running <TaskInstance: our_dag_with_python_operator_v07.get_age 2022-04-16T00:00:00+00:00 [running]> on host 799b1e36e3f1
[2024-06-24 13:01:39,363] {taskinstance.py:1257} INFO - Exporting the following env vars:
AIRFLOW_CTX_DAG_OWNER=coder2j
AIRFLOW_CTX_DAG_ID=our_dag_with_python_operator_v07
AIRFLOW_CTX_TASK_ID=get_age
AIRFLOW_CTX_EXECUTION_DATE=2022-04-16T00:00:00+00:00
AIRFLOW_CTX_DAG_RUN_ID=scheduled__2022-04-16T00:00:00+00:00
[2024-06-24 13:01:39,503] {python.py:118} INFO - Done. Returned value was: None
[2024-06-24 13:01:39,598] {taskinstance.py:1166} INFO - Marking task as SUCCESS. dag_id=our_dag_with_python_operator_v07, task_id=get_age, execution_date=20220416T000000, start_date=20240624T130137, end_date=20240624T130139
[2024-06-24 13:01:39,719] {taskinstance.py:1220} INFO - 0 downstream tasks scheduled from follow-on schedule check
[2024-06-24 13:01:39,767] {local_task_job.py:146} INFO - Task exited with return code 0
