[2024-06-24 13:01:09,019] {taskinstance.py:851} INFO - Dependencies all met for <TaskInstance: our_dag_with_python_operator_v07.get_name 2022-04-14T00:00:00+00:00 [queued]>
[2024-06-24 13:01:09,094] {taskinstance.py:851} INFO - Dependencies all met for <TaskInstance: our_dag_with_python_operator_v07.get_name 2022-04-14T00:00:00+00:00 [queued]>
[2024-06-24 13:01:09,104] {taskinstance.py:1042} INFO - 
--------------------------------------------------------------------------------
[2024-06-24 13:01:09,106] {taskinstance.py:1043} INFO - Starting attempt 1 of 6
[2024-06-24 13:01:09,109] {taskinstance.py:1044} INFO - 
--------------------------------------------------------------------------------
[2024-06-24 13:01:09,258] {taskinstance.py:1063} INFO - Executing <Task(PythonOperator): get_name> on 2022-04-14T00:00:00+00:00
[2024-06-24 13:01:09,286] {standard_task_runner.py:52} INFO - Started process 36000 to run task
[2024-06-24 13:01:09,322] {standard_task_runner.py:76} INFO - Running: ['airflow', 'tasks', 'run', 'our_dag_with_python_operator_v07', 'get_name', '2022-04-14T00:00:00+00:00', '--job-id', '2589', '--pool', 'default_pool', '--raw', '--subdir', 'DAGS_FOLDER/create_dag_with_python_operator.py', '--cfg-path', '/tmp/tmpfvaubxfx', '--error-file', '/tmp/tmp9rts7yci']
[2024-06-24 13:01:09,345] {standard_task_runner.py:77} INFO - Job 2589: Subtask get_name
[2024-06-24 13:01:10,115] {logging_mixin.py:104} INFO - Running <TaskInstance: our_dag_with_python_operator_v07.get_name 2022-04-14T00:00:00+00:00 [running]> on host 799b1e36e3f1
[2024-06-24 13:01:10,775] {taskinstance.py:1257} INFO - Exporting the following env vars:
AIRFLOW_CTX_DAG_OWNER=coder2j
AIRFLOW_CTX_DAG_ID=our_dag_with_python_operator_v07
AIRFLOW_CTX_TASK_ID=get_name
AIRFLOW_CTX_EXECUTION_DATE=2022-04-14T00:00:00+00:00
AIRFLOW_CTX_DAG_RUN_ID=scheduled__2022-04-14T00:00:00+00:00
[2024-06-24 13:01:11,165] {python.py:118} INFO - Done. Returned value was: None
[2024-06-24 13:01:11,334] {taskinstance.py:1166} INFO - Marking task as SUCCESS. dag_id=our_dag_with_python_operator_v07, task_id=get_name, execution_date=20220414T000000, start_date=20240624T130109, end_date=20240624T130111
[2024-06-24 13:01:11,635] {taskinstance.py:1220} INFO - 0 downstream tasks scheduled from follow-on schedule check
[2024-06-24 13:01:11,688] {local_task_job.py:146} INFO - Task exited with return code 0
