[2024-06-24 15:06:54,124] {taskinstance.py:851} INFO - Dependencies all met for <TaskInstance: dag_with_python_dependencies_v03.get_sklearn 2024-05-05T00:00:00+00:00 [queued]>
[2024-06-24 15:06:54,151] {taskinstance.py:851} INFO - Dependencies all met for <TaskInstance: dag_with_python_dependencies_v03.get_sklearn 2024-05-05T00:00:00+00:00 [queued]>
[2024-06-24 15:06:54,192] {taskinstance.py:1042} INFO - 
--------------------------------------------------------------------------------
[2024-06-24 15:06:54,229] {taskinstance.py:1043} INFO - Starting attempt 1 of 1
[2024-06-24 15:06:54,231] {taskinstance.py:1044} INFO - 
--------------------------------------------------------------------------------
[2024-06-24 15:06:54,281] {taskinstance.py:1063} INFO - Executing <Task(PythonOperator): get_sklearn> on 2024-05-05T00:00:00+00:00
[2024-06-24 15:06:54,293] {standard_task_runner.py:52} INFO - Started process 36071 to run task
[2024-06-24 15:06:54,303] {standard_task_runner.py:76} INFO - Running: ['airflow', 'tasks', 'run', 'dag_with_python_dependencies_v03', 'get_sklearn', '2024-05-05T00:00:00+00:00', '--job-id', '12009', '--pool', 'default_pool', '--raw', '--subdir', 'DAGS_FOLDER/dag_with_python_dependencies.py', '--cfg-path', '/tmp/tmp14r6cm75', '--error-file', '/tmp/tmpesh1jj4g']
[2024-06-24 15:06:54,309] {standard_task_runner.py:77} INFO - Job 12009: Subtask get_sklearn
[2024-06-24 15:06:54,402] {logging_mixin.py:104} INFO - Running <TaskInstance: dag_with_python_dependencies_v03.get_sklearn 2024-05-05T00:00:00+00:00 [running]> on host 799b1e36e3f1
[2024-06-24 15:06:54,489] {taskinstance.py:1257} INFO - Exporting the following env vars:
AIRFLOW_CTX_DAG_OWNER=coder2j
AIRFLOW_CTX_DAG_ID=dag_with_python_dependencies_v03
AIRFLOW_CTX_TASK_ID=get_sklearn
AIRFLOW_CTX_EXECUTION_DATE=2024-05-05T00:00:00+00:00
AIRFLOW_CTX_DAG_RUN_ID=scheduled__2024-05-05T00:00:00+00:00
[2024-06-24 15:06:56,270] {logging_mixin.py:104} INFO - sklearn with version: 0.24.2
[2024-06-24 15:06:56,271] {python.py:118} INFO - Done. Returned value was: None
[2024-06-24 15:06:56,292] {taskinstance.py:1166} INFO - Marking task as SUCCESS. dag_id=dag_with_python_dependencies_v03, task_id=get_sklearn, execution_date=20240505T000000, start_date=20240624T150654, end_date=20240624T150656
[2024-06-24 15:06:56,363] {taskinstance.py:1220} INFO - 1 downstream tasks scheduled from follow-on schedule check
[2024-06-24 15:06:56,424] {local_task_job.py:146} INFO - Task exited with return code 0
