[2024-06-24 15:04:12,006] {taskinstance.py:851} INFO - Dependencies all met for <TaskInstance: dag_with_taskflow_api_v02.get_age 2024-04-21T00:00:00+00:00 [queued]>
[2024-06-24 15:04:12,370] {taskinstance.py:851} INFO - Dependencies all met for <TaskInstance: dag_with_taskflow_api_v02.get_age 2024-04-21T00:00:00+00:00 [queued]>
[2024-06-24 15:04:12,374] {taskinstance.py:1042} INFO - 
--------------------------------------------------------------------------------
[2024-06-24 15:04:12,400] {taskinstance.py:1043} INFO - Starting attempt 1 of 6
[2024-06-24 15:04:12,409] {taskinstance.py:1044} INFO - 
--------------------------------------------------------------------------------
[2024-06-24 15:04:12,547] {taskinstance.py:1063} INFO - Executing <Task(_PythonDecoratedOperator): get_age> on 2024-04-21T00:00:00+00:00
[2024-06-24 15:04:12,572] {standard_task_runner.py:52} INFO - Started process 31782 to run task
[2024-06-24 15:04:12,637] {standard_task_runner.py:76} INFO - Running: ['airflow', 'tasks', 'run', 'dag_with_taskflow_api_v02', 'get_age', '2024-04-21T00:00:00+00:00', '--job-id', '11018', '--pool', 'default_pool', '--raw', '--subdir', 'DAGS_FOLDER/dag_with_taskflow_api.py', '--cfg-path', '/tmp/tmp6r9b6wgw', '--error-file', '/tmp/tmpp054k8wx']
[2024-06-24 15:04:12,654] {standard_task_runner.py:77} INFO - Job 11018: Subtask get_age
[2024-06-24 15:04:13,126] {logging_mixin.py:104} INFO - Running <TaskInstance: dag_with_taskflow_api_v02.get_age 2024-04-21T00:00:00+00:00 [running]> on host 799b1e36e3f1
[2024-06-24 15:04:13,615] {taskinstance.py:1257} INFO - Exporting the following env vars:
AIRFLOW_CTX_DAG_OWNER=coder2j
AIRFLOW_CTX_DAG_ID=dag_with_taskflow_api_v02
AIRFLOW_CTX_TASK_ID=get_age
AIRFLOW_CTX_EXECUTION_DATE=2024-04-21T00:00:00+00:00
AIRFLOW_CTX_DAG_RUN_ID=scheduled__2024-04-21T00:00:00+00:00
[2024-06-24 15:04:13,761] {taskinstance.py:1166} INFO - Marking task as SUCCESS. dag_id=dag_with_taskflow_api_v02, task_id=get_age, execution_date=20240421T000000, start_date=20240624T150412, end_date=20240624T150413
[2024-06-24 15:04:14,047] {taskinstance.py:1220} INFO - 0 downstream tasks scheduled from follow-on schedule check
[2024-06-24 15:04:14,088] {local_task_job.py:146} INFO - Task exited with return code 0
