[2024-06-24 13:01:39,910] {taskinstance.py:851} INFO - Dependencies all met for <TaskInstance: our_dag_with_python_operator_v07.get_age 2022-04-18T00:00:00+00:00 [queued]>
[2024-06-24 13:01:40,009] {taskinstance.py:851} INFO - Dependencies all met for <TaskInstance: our_dag_with_python_operator_v07.get_age 2022-04-18T00:00:00+00:00 [queued]>
[2024-06-24 13:01:40,016] {taskinstance.py:1042} INFO - 
--------------------------------------------------------------------------------
[2024-06-24 13:01:40,068] {taskinstance.py:1043} INFO - Starting attempt 1 of 6
[2024-06-24 13:01:40,074] {taskinstance.py:1044} INFO - 
--------------------------------------------------------------------------------
[2024-06-24 13:01:40,168] {taskinstance.py:1063} INFO - Executing <Task(PythonOperator): get_age> on 2022-04-18T00:00:00+00:00
[2024-06-24 13:01:40,210] {standard_task_runner.py:52} INFO - Started process 36528 to run task
[2024-06-24 13:01:40,235] {standard_task_runner.py:76} INFO - Running: ['airflow', 'tasks', 'run', 'our_dag_with_python_operator_v07', 'get_age', '2022-04-18T00:00:00+00:00', '--job-id', '2712', '--pool', 'default_pool', '--raw', '--subdir', 'DAGS_FOLDER/create_dag_with_python_operator.py', '--cfg-path', '/tmp/tmp89howhwn', '--error-file', '/tmp/tmprpexvxzz']
[2024-06-24 13:01:40,257] {standard_task_runner.py:77} INFO - Job 2712: Subtask get_age
[2024-06-24 13:01:40,801] {logging_mixin.py:104} INFO - Running <TaskInstance: our_dag_with_python_operator_v07.get_age 2022-04-18T00:00:00+00:00 [running]> on host 799b1e36e3f1
[2024-06-24 13:01:41,121] {taskinstance.py:1257} INFO - Exporting the following env vars:
AIRFLOW_CTX_DAG_OWNER=coder2j
AIRFLOW_CTX_DAG_ID=our_dag_with_python_operator_v07
AIRFLOW_CTX_TASK_ID=get_age
AIRFLOW_CTX_EXECUTION_DATE=2022-04-18T00:00:00+00:00
AIRFLOW_CTX_DAG_RUN_ID=scheduled__2022-04-18T00:00:00+00:00
[2024-06-24 13:01:41,292] {python.py:118} INFO - Done. Returned value was: None
[2024-06-24 13:01:41,354] {taskinstance.py:1166} INFO - Marking task as SUCCESS. dag_id=our_dag_with_python_operator_v07, task_id=get_age, execution_date=20220418T000000, start_date=20240624T130139, end_date=20240624T130141
[2024-06-24 13:01:41,683] {taskinstance.py:1220} INFO - 1 downstream tasks scheduled from follow-on schedule check
[2024-06-24 13:01:41,801] {local_task_job.py:146} INFO - Task exited with return code 0
