[2024-06-24 14:19:42,515] {taskinstance.py:851} INFO - Dependencies all met for <TaskInstance: dag_with_taskflow_api_v02.get_name 2022-06-29T00:00:00+00:00 [queued]>
[2024-06-24 14:19:42,562] {taskinstance.py:851} INFO - Dependencies all met for <TaskInstance: dag_with_taskflow_api_v02.get_name 2022-06-29T00:00:00+00:00 [queued]>
[2024-06-24 14:19:42,563] {taskinstance.py:1042} INFO - 
--------------------------------------------------------------------------------
[2024-06-24 14:19:42,564] {taskinstance.py:1043} INFO - Starting attempt 1 of 6
[2024-06-24 14:19:42,565] {taskinstance.py:1044} INFO - 
--------------------------------------------------------------------------------
[2024-06-24 14:19:42,625] {taskinstance.py:1063} INFO - Executing <Task(_PythonDecoratedOperator): get_name> on 2022-06-29T00:00:00+00:00
[2024-06-24 14:19:42,640] {standard_task_runner.py:52} INFO - Started process 2700 to run task
[2024-06-24 14:19:42,654] {standard_task_runner.py:76} INFO - Running: ['airflow', 'tasks', 'run', 'dag_with_taskflow_api_v02', 'get_name', '2022-06-29T00:00:00+00:00', '--job-id', '3524', '--pool', 'default_pool', '--raw', '--subdir', 'DAGS_FOLDER/dag_with_taskflow_api.py', '--cfg-path', '/tmp/tmprh69g_w3', '--error-file', '/tmp/tmp95e9hp_l']
[2024-06-24 14:19:42,665] {standard_task_runner.py:77} INFO - Job 3524: Subtask get_name
[2024-06-24 14:19:42,798] {logging_mixin.py:104} INFO - Running <TaskInstance: dag_with_taskflow_api_v02.get_name 2022-06-29T00:00:00+00:00 [running]> on host 799b1e36e3f1
[2024-06-24 14:19:42,961] {taskinstance.py:1257} INFO - Exporting the following env vars:
AIRFLOW_CTX_DAG_OWNER=coder2j
AIRFLOW_CTX_DAG_ID=dag_with_taskflow_api_v02
AIRFLOW_CTX_TASK_ID=get_name
AIRFLOW_CTX_EXECUTION_DATE=2022-06-29T00:00:00+00:00
AIRFLOW_CTX_DAG_RUN_ID=scheduled__2022-06-29T00:00:00+00:00
[2024-06-24 14:19:43,140] {taskinstance.py:1166} INFO - Marking task as SUCCESS. dag_id=dag_with_taskflow_api_v02, task_id=get_name, execution_date=20220629T000000, start_date=20240624T141942, end_date=20240624T141943
[2024-06-24 14:19:43,271] {taskinstance.py:1220} INFO - 1 downstream tasks scheduled from follow-on schedule check
[2024-06-24 14:19:43,310] {local_task_job.py:146} INFO - Task exited with return code 0
