[2024-06-24 14:26:42,348] {taskinstance.py:851} INFO - Dependencies all met for <TaskInstance: our_dag_with_python_operator_v07.get_name 2023-03-13T00:00:00+00:00 [queued]>
[2024-06-24 14:26:42,427] {taskinstance.py:851} INFO - Dependencies all met for <TaskInstance: our_dag_with_python_operator_v07.get_name 2023-03-13T00:00:00+00:00 [queued]>
[2024-06-24 14:26:42,429] {taskinstance.py:1042} INFO - 
--------------------------------------------------------------------------------
[2024-06-24 14:26:42,436] {taskinstance.py:1043} INFO - Starting attempt 1 of 6
[2024-06-24 14:26:42,439] {taskinstance.py:1044} INFO - 
--------------------------------------------------------------------------------
[2024-06-24 14:26:42,497] {taskinstance.py:1063} INFO - Executing <Task(PythonOperator): get_name> on 2023-03-13T00:00:00+00:00
[2024-06-24 14:26:42,523] {standard_task_runner.py:52} INFO - Started process 13258 to run task
[2024-06-24 14:26:42,552] {standard_task_runner.py:76} INFO - Running: ['airflow', 'tasks', 'run', 'our_dag_with_python_operator_v07', 'get_name', '2023-03-13T00:00:00+00:00', '--job-id', '6325', '--pool', 'default_pool', '--raw', '--subdir', 'DAGS_FOLDER/create_dag_with_python_operator.py', '--cfg-path', '/tmp/tmpf4azdt13', '--error-file', '/tmp/tmpkrtdlqlj']
[2024-06-24 14:26:42,615] {standard_task_runner.py:77} INFO - Job 6325: Subtask get_name
[2024-06-24 14:26:42,865] {logging_mixin.py:104} INFO - Running <TaskInstance: our_dag_with_python_operator_v07.get_name 2023-03-13T00:00:00+00:00 [running]> on host 799b1e36e3f1
[2024-06-24 14:26:42,997] {taskinstance.py:1257} INFO - Exporting the following env vars:
AIRFLOW_CTX_DAG_OWNER=coder2j
AIRFLOW_CTX_DAG_ID=our_dag_with_python_operator_v07
AIRFLOW_CTX_TASK_ID=get_name
AIRFLOW_CTX_EXECUTION_DATE=2023-03-13T00:00:00+00:00
AIRFLOW_CTX_DAG_RUN_ID=scheduled__2023-03-13T00:00:00+00:00
[2024-06-24 14:26:43,103] {python.py:118} INFO - Done. Returned value was: None
[2024-06-24 14:26:43,141] {taskinstance.py:1166} INFO - Marking task as SUCCESS. dag_id=our_dag_with_python_operator_v07, task_id=get_name, execution_date=20230313T000000, start_date=20240624T142642, end_date=20240624T142643
[2024-06-24 14:26:43,225] {taskinstance.py:1220} INFO - 0 downstream tasks scheduled from follow-on schedule check
[2024-06-24 14:26:43,286] {local_task_job.py:146} INFO - Task exited with return code 0
