[2024-08-01 17:19:51,325] {taskinstance.py:851} INFO - Dependencies all met for <TaskInstance: dag_with_taskflow_api_v02.get_name 2024-07-30T00:00:00+00:00 [queued]>
[2024-08-01 17:19:51,766] {taskinstance.py:851} INFO - Dependencies all met for <TaskInstance: dag_with_taskflow_api_v02.get_name 2024-07-30T00:00:00+00:00 [queued]>
[2024-08-01 17:19:51,794] {taskinstance.py:1042} INFO - 
--------------------------------------------------------------------------------
[2024-08-01 17:19:51,797] {taskinstance.py:1043} INFO - Starting attempt 1 of 6
[2024-08-01 17:19:51,798] {taskinstance.py:1044} INFO - 
--------------------------------------------------------------------------------
[2024-08-01 17:19:51,917] {taskinstance.py:1063} INFO - Executing <Task(_PythonDecoratedOperator): get_name> on 2024-07-30T00:00:00+00:00
[2024-08-01 17:19:51,939] {standard_task_runner.py:52} INFO - Started process 287 to run task
[2024-08-01 17:19:51,941] {standard_task_runner.py:76} INFO - Running: ['airflow', 'tasks', 'run', 'dag_with_taskflow_api_v02', 'get_name', '2024-07-30T00:00:00+00:00', '--job-id', '12614', '--pool', 'default_pool', '--raw', '--subdir', 'DAGS_FOLDER/dag_with_taskflow_api.py', '--cfg-path', '/tmp/tmpycs9rdyj', '--error-file', '/tmp/tmpr90gmxyh']
[2024-08-01 17:19:51,948] {standard_task_runner.py:77} INFO - Job 12614: Subtask get_name
[2024-08-01 17:19:52,893] {logging_mixin.py:104} INFO - Running <TaskInstance: dag_with_taskflow_api_v02.get_name 2024-07-30T00:00:00+00:00 [running]> on host 799b1e36e3f1
[2024-08-01 17:19:53,809] {taskinstance.py:1257} INFO - Exporting the following env vars:
AIRFLOW_CTX_DAG_OWNER=coder2j
AIRFLOW_CTX_DAG_ID=dag_with_taskflow_api_v02
AIRFLOW_CTX_TASK_ID=get_name
AIRFLOW_CTX_EXECUTION_DATE=2024-07-30T00:00:00+00:00
AIRFLOW_CTX_DAG_RUN_ID=scheduled__2024-07-30T00:00:00+00:00
[2024-08-01 17:19:54,858] {taskinstance.py:1166} INFO - Marking task as SUCCESS. dag_id=dag_with_taskflow_api_v02, task_id=get_name, execution_date=20240730T000000, start_date=20240801T171951, end_date=20240801T171954
[2024-08-01 17:19:56,254] {taskinstance.py:1220} INFO - 0 downstream tasks scheduled from follow-on schedule check
[2024-08-01 17:19:56,327] {local_task_job.py:146} INFO - Task exited with return code 0
