[2024-06-24 12:58:43,399] {taskinstance.py:851} INFO - Dependencies all met for <TaskInstance: our_dag_with_python_operator_v07.greet 2022-02-15T00:00:00+00:00 [queued]>
[2024-06-24 12:58:43,542] {taskinstance.py:851} INFO - Dependencies all met for <TaskInstance: our_dag_with_python_operator_v07.greet 2022-02-15T00:00:00+00:00 [queued]>
[2024-06-24 12:58:43,557] {taskinstance.py:1042} INFO - 
--------------------------------------------------------------------------------
[2024-06-24 12:58:43,568] {taskinstance.py:1043} INFO - Starting attempt 1 of 6
[2024-06-24 12:58:43,582] {taskinstance.py:1044} INFO - 
--------------------------------------------------------------------------------
[2024-06-24 12:58:43,738] {taskinstance.py:1063} INFO - Executing <Task(PythonOperator): greet> on 2022-02-15T00:00:00+00:00
[2024-06-24 12:58:43,756] {standard_task_runner.py:52} INFO - Started process 33702 to run task
[2024-06-24 12:58:43,803] {standard_task_runner.py:76} INFO - Running: ['airflow', 'tasks', 'run', 'our_dag_with_python_operator_v07', 'greet', '2022-02-15T00:00:00+00:00', '--job-id', '2001', '--pool', 'default_pool', '--raw', '--subdir', 'DAGS_FOLDER/create_dag_with_python_operator.py', '--cfg-path', '/tmp/tmpk8yz7k7h', '--error-file', '/tmp/tmpm63atoy_']
[2024-06-24 12:58:43,830] {standard_task_runner.py:77} INFO - Job 2001: Subtask greet
[2024-06-24 12:58:44,265] {logging_mixin.py:104} INFO - Running <TaskInstance: our_dag_with_python_operator_v07.greet 2022-02-15T00:00:00+00:00 [running]> on host 799b1e36e3f1
[2024-06-24 12:58:44,581] {taskinstance.py:1257} INFO - Exporting the following env vars:
AIRFLOW_CTX_DAG_OWNER=coder2j
AIRFLOW_CTX_DAG_ID=our_dag_with_python_operator_v07
AIRFLOW_CTX_TASK_ID=greet
AIRFLOW_CTX_EXECUTION_DATE=2022-02-15T00:00:00+00:00
AIRFLOW_CTX_DAG_RUN_ID=scheduled__2022-02-15T00:00:00+00:00
[2024-06-24 12:58:44,596] {logging_mixin.py:104} INFO - some dict:  {'a': 1, 'b': 2}
[2024-06-24 12:58:44,799] {logging_mixin.py:104} INFO - Hello World! My name is Jerry Fridman, and I am 19 years old!
[2024-06-24 12:58:44,803] {python.py:118} INFO - Done. Returned value was: None
[2024-06-24 12:58:44,871] {taskinstance.py:1166} INFO - Marking task as SUCCESS. dag_id=our_dag_with_python_operator_v07, task_id=greet, execution_date=20220215T000000, start_date=20240624T125843, end_date=20240624T125844
[2024-06-24 12:58:45,172] {taskinstance.py:1220} INFO - 0 downstream tasks scheduled from follow-on schedule check
[2024-06-24 12:58:45,297] {local_task_job.py:146} INFO - Task exited with return code 0
