[2024-06-24 14:27:00,260] {taskinstance.py:851} INFO - Dependencies all met for <TaskInstance: our_dag_with_python_operator_v07.greet 2023-03-19T00:00:00+00:00 [queued]>
[2024-06-24 14:27:00,294] {taskinstance.py:851} INFO - Dependencies all met for <TaskInstance: our_dag_with_python_operator_v07.greet 2023-03-19T00:00:00+00:00 [queued]>
[2024-06-24 14:27:00,297] {taskinstance.py:1042} INFO - 
--------------------------------------------------------------------------------
[2024-06-24 14:27:00,300] {taskinstance.py:1043} INFO - Starting attempt 1 of 6
[2024-06-24 14:27:00,300] {taskinstance.py:1044} INFO - 
--------------------------------------------------------------------------------
[2024-06-24 14:27:00,365] {taskinstance.py:1063} INFO - Executing <Task(PythonOperator): greet> on 2023-03-19T00:00:00+00:00
[2024-06-24 14:27:00,379] {standard_task_runner.py:52} INFO - Started process 13725 to run task
[2024-06-24 14:27:00,390] {standard_task_runner.py:76} INFO - Running: ['airflow', 'tasks', 'run', 'our_dag_with_python_operator_v07', 'greet', '2023-03-19T00:00:00+00:00', '--job-id', '6453', '--pool', 'default_pool', '--raw', '--subdir', 'DAGS_FOLDER/create_dag_with_python_operator.py', '--cfg-path', '/tmp/tmp2y_yugct', '--error-file', '/tmp/tmpe4sx7xd8']
[2024-06-24 14:27:00,398] {standard_task_runner.py:77} INFO - Job 6453: Subtask greet
[2024-06-24 14:27:00,657] {logging_mixin.py:104} INFO - Running <TaskInstance: our_dag_with_python_operator_v07.greet 2023-03-19T00:00:00+00:00 [running]> on host 799b1e36e3f1
[2024-06-24 14:27:00,974] {taskinstance.py:1257} INFO - Exporting the following env vars:
AIRFLOW_CTX_DAG_OWNER=coder2j
AIRFLOW_CTX_DAG_ID=our_dag_with_python_operator_v07
AIRFLOW_CTX_TASK_ID=greet
AIRFLOW_CTX_EXECUTION_DATE=2023-03-19T00:00:00+00:00
AIRFLOW_CTX_DAG_RUN_ID=scheduled__2023-03-19T00:00:00+00:00
[2024-06-24 14:27:00,979] {logging_mixin.py:104} INFO - some dict:  {'a': 1, 'b': 2}
[2024-06-24 14:27:01,088] {logging_mixin.py:104} INFO - Hello World! My name is Jerry Fridman, and I am 19 years old!
[2024-06-24 14:27:01,093] {python.py:118} INFO - Done. Returned value was: None
[2024-06-24 14:27:01,143] {taskinstance.py:1166} INFO - Marking task as SUCCESS. dag_id=our_dag_with_python_operator_v07, task_id=greet, execution_date=20230319T000000, start_date=20240624T142700, end_date=20240624T142701
[2024-06-24 14:27:01,553] {taskinstance.py:1220} INFO - 0 downstream tasks scheduled from follow-on schedule check
[2024-06-24 14:27:01,591] {local_task_job.py:146} INFO - Task exited with return code 0
