[2024-06-25 04:07:44,239] {taskinstance.py:851} INFO - Dependencies all met for <TaskInstance: dag_with_cron_expression_v04.task1 2024-06-21T03:00:00+00:00 [queued]>
[2024-06-25 04:07:44,260] {taskinstance.py:851} INFO - Dependencies all met for <TaskInstance: dag_with_cron_expression_v04.task1 2024-06-21T03:00:00+00:00 [queued]>
[2024-06-25 04:07:44,261] {taskinstance.py:1042} INFO - 
--------------------------------------------------------------------------------
[2024-06-25 04:07:44,262] {taskinstance.py:1043} INFO - Starting attempt 1 of 6
[2024-06-25 04:07:44,263] {taskinstance.py:1044} INFO - 
--------------------------------------------------------------------------------
[2024-06-25 04:07:44,305] {taskinstance.py:1063} INFO - Executing <Task(BashOperator): task1> on 2024-06-21T03:00:00+00:00
[2024-06-25 04:07:44,311] {standard_task_runner.py:52} INFO - Started process 85632 to run task
[2024-06-25 04:07:44,318] {standard_task_runner.py:76} INFO - Running: ['airflow', 'tasks', 'run', 'dag_with_cron_expression_v04', 'task1', '2024-06-21T03:00:00+00:00', '--job-id', '12188', '--pool', 'default_pool', '--raw', '--subdir', 'DAGS_FOLDER/dag_with_cron_expression.py', '--cfg-path', '/tmp/tmpco0dm_xm', '--error-file', '/tmp/tmpx11da7vt']
[2024-06-25 04:07:44,324] {standard_task_runner.py:77} INFO - Job 12188: Subtask task1
[2024-06-25 04:07:44,422] {logging_mixin.py:104} INFO - Running <TaskInstance: dag_with_cron_expression_v04.task1 2024-06-21T03:00:00+00:00 [running]> on host 799b1e36e3f1
[2024-06-25 04:07:44,576] {taskinstance.py:1257} INFO - Exporting the following env vars:
AIRFLOW_CTX_DAG_OWNER=coder2j
AIRFLOW_CTX_DAG_ID=dag_with_cron_expression_v04
AIRFLOW_CTX_TASK_ID=task1
AIRFLOW_CTX_EXECUTION_DATE=2024-06-21T03:00:00+00:00
AIRFLOW_CTX_DAG_RUN_ID=scheduled__2024-06-21T03:00:00+00:00
[2024-06-25 04:07:44,578] {bash.py:135} INFO - Tmp dir root location: 
 /tmp
[2024-06-25 04:07:44,580] {bash.py:158} INFO - Running command: echo dag with cron expression!
[2024-06-25 04:07:44,593] {bash.py:169} INFO - Output:
[2024-06-25 04:07:44,595] {bash.py:173} INFO - dag with cron expression!
[2024-06-25 04:07:44,596] {bash.py:177} INFO - Command exited with return code 0
[2024-06-25 04:07:44,654] {taskinstance.py:1166} INFO - Marking task as SUCCESS. dag_id=dag_with_cron_expression_v04, task_id=task1, execution_date=20240621T030000, start_date=20240625T040744, end_date=20240625T040744
[2024-06-25 04:07:44,708] {taskinstance.py:1220} INFO - 0 downstream tasks scheduled from follow-on schedule check
[2024-06-25 04:07:44,722] {local_task_job.py:146} INFO - Task exited with return code 0
