[2024-06-24 12:54:45,641] {taskinstance.py:851} INFO - Dependencies all met for <TaskInstance: our_first_dag_v5.first_task 2021-09-25T00:00:00+00:00 [queued]>
[2024-06-24 12:54:45,770] {taskinstance.py:851} INFO - Dependencies all met for <TaskInstance: our_first_dag_v5.first_task 2021-09-25T00:00:00+00:00 [queued]>
[2024-06-24 12:54:45,773] {taskinstance.py:1042} INFO - 
--------------------------------------------------------------------------------
[2024-06-24 12:54:45,779] {taskinstance.py:1043} INFO - Starting attempt 1 of 6
[2024-06-24 12:54:45,781] {taskinstance.py:1044} INFO - 
--------------------------------------------------------------------------------
[2024-06-24 12:54:45,864] {taskinstance.py:1063} INFO - Executing <Task(BashOperator): first_task> on 2021-09-25T00:00:00+00:00
[2024-06-24 12:54:45,887] {standard_task_runner.py:52} INFO - Started process 29900 to run task
[2024-06-24 12:54:45,909] {standard_task_runner.py:76} INFO - Running: ['airflow', 'tasks', 'run', 'our_first_dag_v5', 'first_task', '2021-09-25T00:00:00+00:00', '--job-id', '1091', '--pool', 'default_pool', '--raw', '--subdir', 'DAGS_FOLDER/our_first_dag.py', '--cfg-path', '/tmp/tmp4hgjnvtj', '--error-file', '/tmp/tmpwbq5mpkz']
[2024-06-24 12:54:45,930] {standard_task_runner.py:77} INFO - Job 1091: Subtask first_task
[2024-06-24 12:54:46,357] {logging_mixin.py:104} INFO - Running <TaskInstance: our_first_dag_v5.first_task 2021-09-25T00:00:00+00:00 [running]> on host 799b1e36e3f1
[2024-06-24 12:54:46,913] {taskinstance.py:1257} INFO - Exporting the following env vars:
AIRFLOW_CTX_DAG_OWNER=coder2j
AIRFLOW_CTX_DAG_ID=our_first_dag_v5
AIRFLOW_CTX_TASK_ID=first_task
AIRFLOW_CTX_EXECUTION_DATE=2021-09-25T00:00:00+00:00
AIRFLOW_CTX_DAG_RUN_ID=scheduled__2021-09-25T00:00:00+00:00
[2024-06-24 12:54:46,922] {bash.py:135} INFO - Tmp dir root location: 
 /tmp
[2024-06-24 12:54:46,929] {bash.py:158} INFO - Running command: echo hello world, this is the first task!
[2024-06-24 12:54:46,979] {bash.py:169} INFO - Output:
[2024-06-24 12:54:46,982] {bash.py:173} INFO - hello world, this is the first task!
[2024-06-24 12:54:46,990] {bash.py:177} INFO - Command exited with return code 0
[2024-06-24 12:54:47,201] {taskinstance.py:1166} INFO - Marking task as SUCCESS. dag_id=our_first_dag_v5, task_id=first_task, execution_date=20210925T000000, start_date=20240624T125445, end_date=20240624T125447
[2024-06-24 12:54:47,412] {taskinstance.py:1220} INFO - 2 downstream tasks scheduled from follow-on schedule check
[2024-06-24 12:54:47,510] {local_task_job.py:146} INFO - Task exited with return code 0
