[2024-06-24 13:01:20,104] {taskinstance.py:851} INFO - Dependencies all met for <TaskInstance: our_dag_with_python_operator_v07.greet 2022-03-29T00:00:00+00:00 [queued]>
[2024-06-24 13:01:20,195] {taskinstance.py:851} INFO - Dependencies all met for <TaskInstance: our_dag_with_python_operator_v07.greet 2022-03-29T00:00:00+00:00 [queued]>
[2024-06-24 13:01:20,204] {taskinstance.py:1042} INFO - 
--------------------------------------------------------------------------------
[2024-06-24 13:01:20,206] {taskinstance.py:1043} INFO - Starting attempt 1 of 6
[2024-06-24 13:01:20,207] {taskinstance.py:1044} INFO - 
--------------------------------------------------------------------------------
[2024-06-24 13:01:20,287] {taskinstance.py:1063} INFO - Executing <Task(PythonOperator): greet> on 2022-03-29T00:00:00+00:00
[2024-06-24 13:01:20,322] {standard_task_runner.py:52} INFO - Started process 36180 to run task
[2024-06-24 13:01:20,334] {standard_task_runner.py:76} INFO - Running: ['airflow', 'tasks', 'run', 'our_dag_with_python_operator_v07', 'greet', '2022-03-29T00:00:00+00:00', '--job-id', '2631', '--pool', 'default_pool', '--raw', '--subdir', 'DAGS_FOLDER/create_dag_with_python_operator.py', '--cfg-path', '/tmp/tmpzc6gpi1i', '--error-file', '/tmp/tmp6r_joysg']
[2024-06-24 13:01:20,345] {standard_task_runner.py:77} INFO - Job 2631: Subtask greet
[2024-06-24 13:01:20,768] {logging_mixin.py:104} INFO - Running <TaskInstance: our_dag_with_python_operator_v07.greet 2022-03-29T00:00:00+00:00 [running]> on host 799b1e36e3f1
[2024-06-24 13:01:21,166] {taskinstance.py:1257} INFO - Exporting the following env vars:
AIRFLOW_CTX_DAG_OWNER=coder2j
AIRFLOW_CTX_DAG_ID=our_dag_with_python_operator_v07
AIRFLOW_CTX_TASK_ID=greet
AIRFLOW_CTX_EXECUTION_DATE=2022-03-29T00:00:00+00:00
AIRFLOW_CTX_DAG_RUN_ID=scheduled__2022-03-29T00:00:00+00:00
[2024-06-24 13:01:21,168] {logging_mixin.py:104} INFO - some dict:  {'a': 1, 'b': 2}
[2024-06-24 13:01:21,441] {logging_mixin.py:104} INFO - Hello World! My name is Jerry Fridman, and I am 19 years old!
[2024-06-24 13:01:21,446] {python.py:118} INFO - Done. Returned value was: None
[2024-06-24 13:01:21,556] {taskinstance.py:1166} INFO - Marking task as SUCCESS. dag_id=our_dag_with_python_operator_v07, task_id=greet, execution_date=20220329T000000, start_date=20240624T130120, end_date=20240624T130121
[2024-06-24 13:01:21,793] {taskinstance.py:1220} INFO - 0 downstream tasks scheduled from follow-on schedule check
[2024-06-24 13:01:21,916] {local_task_job.py:146} INFO - Task exited with return code 0
