[2024-06-24 14:41:13,038] {taskinstance.py:851} INFO - Dependencies all met for <TaskInstance: our_first_dag_v5.thrid_task 2023-08-16T00:00:00+00:00 [queued]>
[2024-06-24 14:41:13,619] {taskinstance.py:851} INFO - Dependencies all met for <TaskInstance: our_first_dag_v5.thrid_task 2023-08-16T00:00:00+00:00 [queued]>
[2024-06-24 14:41:13,635] {taskinstance.py:1042} INFO - 
--------------------------------------------------------------------------------
[2024-06-24 14:41:13,638] {taskinstance.py:1043} INFO - Starting attempt 1 of 6
[2024-06-24 14:41:13,645] {taskinstance.py:1044} INFO - 
--------------------------------------------------------------------------------
[2024-06-24 14:41:13,888] {taskinstance.py:1063} INFO - Executing <Task(BashOperator): thrid_task> on 2023-08-16T00:00:00+00:00
[2024-06-24 14:41:13,937] {standard_task_runner.py:52} INFO - Started process 22570 to run task
[2024-06-24 14:41:13,984] {standard_task_runner.py:76} INFO - Running: ['airflow', 'tasks', 'run', 'our_first_dag_v5', 'thrid_task', '2023-08-16T00:00:00+00:00', '--job-id', '8783', '--pool', 'default_pool', '--raw', '--subdir', 'DAGS_FOLDER/our_first_dag.py', '--cfg-path', '/tmp/tmplch63r7z', '--error-file', '/tmp/tmpb0nd_icw']
[2024-06-24 14:41:14,032] {standard_task_runner.py:77} INFO - Job 8783: Subtask thrid_task
[2024-06-24 14:41:14,678] {logging_mixin.py:104} INFO - Running <TaskInstance: our_first_dag_v5.thrid_task 2023-08-16T00:00:00+00:00 [running]> on host 799b1e36e3f1
[2024-06-24 14:41:15,234] {taskinstance.py:1257} INFO - Exporting the following env vars:
AIRFLOW_CTX_DAG_OWNER=coder2j
AIRFLOW_CTX_DAG_ID=our_first_dag_v5
AIRFLOW_CTX_TASK_ID=thrid_task
AIRFLOW_CTX_EXECUTION_DATE=2023-08-16T00:00:00+00:00
AIRFLOW_CTX_DAG_RUN_ID=scheduled__2023-08-16T00:00:00+00:00
[2024-06-24 14:41:15,268] {bash.py:135} INFO - Tmp dir root location: 
 /tmp
[2024-06-24 14:41:15,273] {bash.py:158} INFO - Running command: echo hey, I am task3 and will be running after task1 at the same time as task2!
[2024-06-24 14:41:15,397] {bash.py:169} INFO - Output:
[2024-06-24 14:41:15,416] {bash.py:173} INFO - hey, I am task3 and will be running after task1 at the same time as task2!
[2024-06-24 14:41:15,426] {bash.py:177} INFO - Command exited with return code 0
[2024-06-24 14:41:15,739] {taskinstance.py:1166} INFO - Marking task as SUCCESS. dag_id=our_first_dag_v5, task_id=thrid_task, execution_date=20230816T000000, start_date=20240624T144113, end_date=20240624T144115
[2024-06-24 14:41:16,022] {taskinstance.py:1220} INFO - 0 downstream tasks scheduled from follow-on schedule check
[2024-06-24 14:41:16,147] {local_task_job.py:146} INFO - Task exited with return code 0
