[2024-06-24 14:23:08,184] {taskinstance.py:851} INFO - Dependencies all met for <TaskInstance: our_first_dag_v5.first_task 2022-08-16T00:00:00+00:00 [queued]>
[2024-06-24 14:23:08,260] {taskinstance.py:851} INFO - Dependencies all met for <TaskInstance: our_first_dag_v5.first_task 2022-08-16T00:00:00+00:00 [queued]>
[2024-06-24 14:23:08,270] {taskinstance.py:1042} INFO - 
--------------------------------------------------------------------------------
[2024-06-24 14:23:08,271] {taskinstance.py:1043} INFO - Starting attempt 1 of 6
[2024-06-24 14:23:08,272] {taskinstance.py:1044} INFO - 
--------------------------------------------------------------------------------
[2024-06-24 14:23:08,326] {taskinstance.py:1063} INFO - Executing <Task(BashOperator): first_task> on 2022-08-16T00:00:00+00:00
[2024-06-24 14:23:08,335] {standard_task_runner.py:52} INFO - Started process 7445 to run task
[2024-06-24 14:23:08,384] {standard_task_runner.py:76} INFO - Running: ['airflow', 'tasks', 'run', 'our_first_dag_v5', 'first_task', '2022-08-16T00:00:00+00:00', '--job-id', '4758', '--pool', 'default_pool', '--raw', '--subdir', 'DAGS_FOLDER/our_first_dag.py', '--cfg-path', '/tmp/tmpjsht6jts', '--error-file', '/tmp/tmp15s46j_j']
[2024-06-24 14:23:08,409] {standard_task_runner.py:77} INFO - Job 4758: Subtask first_task
[2024-06-24 14:23:08,709] {logging_mixin.py:104} INFO - Running <TaskInstance: our_first_dag_v5.first_task 2022-08-16T00:00:00+00:00 [running]> on host 799b1e36e3f1
[2024-06-24 14:23:08,882] {taskinstance.py:1257} INFO - Exporting the following env vars:
AIRFLOW_CTX_DAG_OWNER=coder2j
AIRFLOW_CTX_DAG_ID=our_first_dag_v5
AIRFLOW_CTX_TASK_ID=first_task
AIRFLOW_CTX_EXECUTION_DATE=2022-08-16T00:00:00+00:00
AIRFLOW_CTX_DAG_RUN_ID=scheduled__2022-08-16T00:00:00+00:00
[2024-06-24 14:23:08,885] {bash.py:135} INFO - Tmp dir root location: 
 /tmp
[2024-06-24 14:23:08,898] {bash.py:158} INFO - Running command: echo hello world, this is the first task!
[2024-06-24 14:23:08,926] {bash.py:169} INFO - Output:
[2024-06-24 14:23:08,933] {bash.py:173} INFO - hello world, this is the first task!
[2024-06-24 14:23:08,937] {bash.py:177} INFO - Command exited with return code 0
[2024-06-24 14:23:09,034] {taskinstance.py:1166} INFO - Marking task as SUCCESS. dag_id=our_first_dag_v5, task_id=first_task, execution_date=20220816T000000, start_date=20240624T142308, end_date=20240624T142309
[2024-06-24 14:23:09,147] {taskinstance.py:1220} INFO - 2 downstream tasks scheduled from follow-on schedule check
[2024-06-24 14:23:09,203] {local_task_job.py:146} INFO - Task exited with return code 0
