[2024-06-24 14:21:48,677] {taskinstance.py:851} INFO - Dependencies all met for <TaskInstance: dag_with_python_dependencies_v03.get_sklearn 2022-07-21T00:00:00+00:00 [queued]>
[2024-06-24 14:21:48,710] {taskinstance.py:851} INFO - Dependencies all met for <TaskInstance: dag_with_python_dependencies_v03.get_sklearn 2022-07-21T00:00:00+00:00 [queued]>
[2024-06-24 14:21:48,715] {taskinstance.py:1042} INFO - 
--------------------------------------------------------------------------------
[2024-06-24 14:21:48,716] {taskinstance.py:1043} INFO - Starting attempt 1 of 1
[2024-06-24 14:21:48,720] {taskinstance.py:1044} INFO - 
--------------------------------------------------------------------------------
[2024-06-24 14:21:48,787] {taskinstance.py:1063} INFO - Executing <Task(PythonOperator): get_sklearn> on 2022-07-21T00:00:00+00:00
[2024-06-24 14:21:48,805] {standard_task_runner.py:52} INFO - Started process 5348 to run task
[2024-06-24 14:21:48,822] {standard_task_runner.py:76} INFO - Running: ['airflow', 'tasks', 'run', 'dag_with_python_dependencies_v03', 'get_sklearn', '2022-07-21T00:00:00+00:00', '--job-id', '4201', '--pool', 'default_pool', '--raw', '--subdir', 'DAGS_FOLDER/dag_with_python_dependencies.py', '--cfg-path', '/tmp/tmpkkmbsgzy', '--error-file', '/tmp/tmp569_o699']
[2024-06-24 14:21:48,844] {standard_task_runner.py:77} INFO - Job 4201: Subtask get_sklearn
[2024-06-24 14:21:49,046] {logging_mixin.py:104} INFO - Running <TaskInstance: dag_with_python_dependencies_v03.get_sklearn 2022-07-21T00:00:00+00:00 [running]> on host 799b1e36e3f1
[2024-06-24 14:21:49,192] {taskinstance.py:1257} INFO - Exporting the following env vars:
AIRFLOW_CTX_DAG_OWNER=coder2j
AIRFLOW_CTX_DAG_ID=dag_with_python_dependencies_v03
AIRFLOW_CTX_TASK_ID=get_sklearn
AIRFLOW_CTX_EXECUTION_DATE=2022-07-21T00:00:00+00:00
AIRFLOW_CTX_DAG_RUN_ID=scheduled__2022-07-21T00:00:00+00:00
[2024-06-24 14:21:52,335] {logging_mixin.py:104} INFO - sklearn with version: 0.24.2
[2024-06-24 14:21:52,336] {python.py:118} INFO - Done. Returned value was: None
[2024-06-24 14:21:52,417] {taskinstance.py:1166} INFO - Marking task as SUCCESS. dag_id=dag_with_python_dependencies_v03, task_id=get_sklearn, execution_date=20220721T000000, start_date=20240624T142148, end_date=20240624T142152
[2024-06-24 14:21:52,639] {taskinstance.py:1220} INFO - 1 downstream tasks scheduled from follow-on schedule check
[2024-06-24 14:21:52,715] {local_task_job.py:146} INFO - Task exited with return code 0
