[2024-06-24 15:02:58,916] {taskinstance.py:851} INFO - Dependencies all met for <TaskInstance: dag_with_taskflow_api_v02.get_name 2024-03-10T00:00:00+00:00 [queued]>
[2024-06-24 15:02:58,993] {taskinstance.py:851} INFO - Dependencies all met for <TaskInstance: dag_with_taskflow_api_v02.get_name 2024-03-10T00:00:00+00:00 [queued]>
[2024-06-24 15:02:59,000] {taskinstance.py:1042} INFO - 
--------------------------------------------------------------------------------
[2024-06-24 15:02:59,001] {taskinstance.py:1043} INFO - Starting attempt 1 of 6
[2024-06-24 15:02:59,003] {taskinstance.py:1044} INFO - 
--------------------------------------------------------------------------------
[2024-06-24 15:02:59,104] {taskinstance.py:1063} INFO - Executing <Task(_PythonDecoratedOperator): get_name> on 2024-03-10T00:00:00+00:00
[2024-06-24 15:02:59,122] {standard_task_runner.py:52} INFO - Started process 30228 to run task
[2024-06-24 15:02:59,152] {standard_task_runner.py:76} INFO - Running: ['airflow', 'tasks', 'run', 'dag_with_taskflow_api_v02', 'get_name', '2024-03-10T00:00:00+00:00', '--job-id', '10614', '--pool', 'default_pool', '--raw', '--subdir', 'DAGS_FOLDER/dag_with_taskflow_api.py', '--cfg-path', '/tmp/tmpt_76a7j7', '--error-file', '/tmp/tmpjfpqqbyi']
[2024-06-24 15:02:59,185] {standard_task_runner.py:77} INFO - Job 10614: Subtask get_name
[2024-06-24 15:02:59,595] {logging_mixin.py:104} INFO - Running <TaskInstance: dag_with_taskflow_api_v02.get_name 2024-03-10T00:00:00+00:00 [running]> on host 799b1e36e3f1
[2024-06-24 15:02:59,916] {taskinstance.py:1257} INFO - Exporting the following env vars:
AIRFLOW_CTX_DAG_OWNER=coder2j
AIRFLOW_CTX_DAG_ID=dag_with_taskflow_api_v02
AIRFLOW_CTX_TASK_ID=get_name
AIRFLOW_CTX_EXECUTION_DATE=2024-03-10T00:00:00+00:00
AIRFLOW_CTX_DAG_RUN_ID=scheduled__2024-03-10T00:00:00+00:00
[2024-06-24 15:03:00,228] {taskinstance.py:1166} INFO - Marking task as SUCCESS. dag_id=dag_with_taskflow_api_v02, task_id=get_name, execution_date=20240310T000000, start_date=20240624T150258, end_date=20240624T150300
[2024-06-24 15:03:00,414] {taskinstance.py:1220} INFO - 1 downstream tasks scheduled from follow-on schedule check
[2024-06-24 15:03:00,468] {local_task_job.py:146} INFO - Task exited with return code 0
