[2024-06-24 12:49:32,297] {taskinstance.py:851} INFO - Dependencies all met for <TaskInstance: dag_with_python_dependencies_v03.get_sklearn 2021-10-14T00:00:00+00:00 [queued]>
[2024-06-24 12:49:32,322] {taskinstance.py:851} INFO - Dependencies all met for <TaskInstance: dag_with_python_dependencies_v03.get_sklearn 2021-10-14T00:00:00+00:00 [queued]>
[2024-06-24 12:49:32,326] {taskinstance.py:1042} INFO - 
--------------------------------------------------------------------------------
[2024-06-24 12:49:32,328] {taskinstance.py:1043} INFO - Starting attempt 1 of 1
[2024-06-24 12:49:32,332] {taskinstance.py:1044} INFO - 
--------------------------------------------------------------------------------
[2024-06-24 12:49:32,367] {taskinstance.py:1063} INFO - Executing <Task(PythonOperator): get_sklearn> on 2021-10-14T00:00:00+00:00
[2024-06-24 12:49:32,378] {standard_task_runner.py:52} INFO - Started process 25395 to run task
[2024-06-24 12:49:32,400] {standard_task_runner.py:76} INFO - Running: ['airflow', 'tasks', 'run', 'dag_with_python_dependencies_v03', 'get_sklearn', '2021-10-14T00:00:00+00:00', '--job-id', '33', '--pool', 'default_pool', '--raw', '--subdir', 'DAGS_FOLDER/dag_with_python_dependencies.py', '--cfg-path', '/tmp/tmple5u9ewa', '--error-file', '/tmp/tmpkhmjk_z5']
[2024-06-24 12:49:32,419] {standard_task_runner.py:77} INFO - Job 33: Subtask get_sklearn
[2024-06-24 12:49:32,696] {logging_mixin.py:104} INFO - Running <TaskInstance: dag_with_python_dependencies_v03.get_sklearn 2021-10-14T00:00:00+00:00 [running]> on host 799b1e36e3f1
[2024-06-24 12:49:33,146] {taskinstance.py:1257} INFO - Exporting the following env vars:
AIRFLOW_CTX_DAG_OWNER=coder2j
AIRFLOW_CTX_DAG_ID=dag_with_python_dependencies_v03
AIRFLOW_CTX_TASK_ID=get_sklearn
AIRFLOW_CTX_EXECUTION_DATE=2021-10-14T00:00:00+00:00
AIRFLOW_CTX_DAG_RUN_ID=scheduled__2021-10-14T00:00:00+00:00
[2024-06-24 12:49:36,729] {logging_mixin.py:104} INFO - sklearn with version: 0.24.2
[2024-06-24 12:49:36,729] {python.py:118} INFO - Done. Returned value was: None
[2024-06-24 12:49:36,769] {taskinstance.py:1166} INFO - Marking task as SUCCESS. dag_id=dag_with_python_dependencies_v03, task_id=get_sklearn, execution_date=20211014T000000, start_date=20240624T124932, end_date=20240624T124936
[2024-06-24 12:49:36,958] {taskinstance.py:1220} INFO - 1 downstream tasks scheduled from follow-on schedule check
[2024-06-24 12:49:37,046] {local_task_job.py:146} INFO - Task exited with return code 0
