[2024-06-24 14:27:07,521] {taskinstance.py:851} INFO - Dependencies all met for <TaskInstance: our_first_dag_v5.first_task 2023-01-08T00:00:00+00:00 [queued]>
[2024-06-24 14:27:07,545] {taskinstance.py:851} INFO - Dependencies all met for <TaskInstance: our_first_dag_v5.first_task 2023-01-08T00:00:00+00:00 [queued]>
[2024-06-24 14:27:07,550] {taskinstance.py:1042} INFO - 
--------------------------------------------------------------------------------
[2024-06-24 14:27:07,551] {taskinstance.py:1043} INFO - Starting attempt 1 of 6
[2024-06-24 14:27:07,553] {taskinstance.py:1044} INFO - 
--------------------------------------------------------------------------------
[2024-06-24 14:27:07,629] {taskinstance.py:1063} INFO - Executing <Task(BashOperator): first_task> on 2023-01-08T00:00:00+00:00
[2024-06-24 14:27:07,733] {standard_task_runner.py:52} INFO - Started process 13906 to run task
[2024-06-24 14:27:07,753] {standard_task_runner.py:76} INFO - Running: ['airflow', 'tasks', 'run', 'our_first_dag_v5', 'first_task', '2023-01-08T00:00:00+00:00', '--job-id', '6508', '--pool', 'default_pool', '--raw', '--subdir', 'DAGS_FOLDER/our_first_dag.py', '--cfg-path', '/tmp/tmp08gqjv2l', '--error-file', '/tmp/tmpsx61m2n9']
[2024-06-24 14:27:07,783] {standard_task_runner.py:77} INFO - Job 6508: Subtask first_task
[2024-06-24 14:27:08,184] {logging_mixin.py:104} INFO - Running <TaskInstance: our_first_dag_v5.first_task 2023-01-08T00:00:00+00:00 [running]> on host 799b1e36e3f1
[2024-06-24 14:27:08,486] {taskinstance.py:1257} INFO - Exporting the following env vars:
AIRFLOW_CTX_DAG_OWNER=coder2j
AIRFLOW_CTX_DAG_ID=our_first_dag_v5
AIRFLOW_CTX_TASK_ID=first_task
AIRFLOW_CTX_EXECUTION_DATE=2023-01-08T00:00:00+00:00
AIRFLOW_CTX_DAG_RUN_ID=scheduled__2023-01-08T00:00:00+00:00
[2024-06-24 14:27:08,489] {bash.py:135} INFO - Tmp dir root location: 
 /tmp
[2024-06-24 14:27:08,491] {bash.py:158} INFO - Running command: echo hello world, this is the first task!
[2024-06-24 14:27:08,521] {bash.py:169} INFO - Output:
[2024-06-24 14:27:08,525] {bash.py:173} INFO - hello world, this is the first task!
[2024-06-24 14:27:08,527] {bash.py:177} INFO - Command exited with return code 0
[2024-06-24 14:27:08,710] {taskinstance.py:1166} INFO - Marking task as SUCCESS. dag_id=our_first_dag_v5, task_id=first_task, execution_date=20230108T000000, start_date=20240624T142707, end_date=20240624T142708
[2024-06-24 14:27:08,939] {taskinstance.py:1220} INFO - 2 downstream tasks scheduled from follow-on schedule check
[2024-06-24 14:27:09,004] {local_task_job.py:146} INFO - Task exited with return code 0
