[2024-06-24 12:53:18,483] {taskinstance.py:851} INFO - Dependencies all met for <TaskInstance: dag_with_cron_expression_v04.task1 2023-08-30T03:00:00+00:00 [queued]>
[2024-06-24 12:53:18,627] {taskinstance.py:851} INFO - Dependencies all met for <TaskInstance: dag_with_cron_expression_v04.task1 2023-08-30T03:00:00+00:00 [queued]>
[2024-06-24 12:53:18,658] {taskinstance.py:1042} INFO - 
--------------------------------------------------------------------------------
[2024-06-24 12:53:18,659] {taskinstance.py:1043} INFO - Starting attempt 1 of 6
[2024-06-24 12:53:18,674] {taskinstance.py:1044} INFO - 
--------------------------------------------------------------------------------
[2024-06-24 12:53:18,813] {taskinstance.py:1063} INFO - Executing <Task(BashOperator): task1> on 2023-08-30T03:00:00+00:00
[2024-06-24 12:53:18,833] {standard_task_runner.py:52} INFO - Started process 28461 to run task
[2024-06-24 12:53:18,870] {standard_task_runner.py:76} INFO - Running: ['airflow', 'tasks', 'run', 'dag_with_cron_expression_v04', 'task1', '2023-08-30T03:00:00+00:00', '--job-id', '752', '--pool', 'default_pool', '--raw', '--subdir', 'DAGS_FOLDER/dag_with_cron_expression.py', '--cfg-path', '/tmp/tmpw3_z7805', '--error-file', '/tmp/tmpz1tu5m12']
[2024-06-24 12:53:18,905] {standard_task_runner.py:77} INFO - Job 752: Subtask task1
[2024-06-24 12:53:19,321] {logging_mixin.py:104} INFO - Running <TaskInstance: dag_with_cron_expression_v04.task1 2023-08-30T03:00:00+00:00 [running]> on host 799b1e36e3f1
[2024-06-24 12:53:19,993] {taskinstance.py:1257} INFO - Exporting the following env vars:
AIRFLOW_CTX_DAG_OWNER=coder2j
AIRFLOW_CTX_DAG_ID=dag_with_cron_expression_v04
AIRFLOW_CTX_TASK_ID=task1
AIRFLOW_CTX_EXECUTION_DATE=2023-08-30T03:00:00+00:00
AIRFLOW_CTX_DAG_RUN_ID=scheduled__2023-08-30T03:00:00+00:00
[2024-06-24 12:53:20,003] {bash.py:135} INFO - Tmp dir root location: 
 /tmp
[2024-06-24 12:53:20,009] {bash.py:158} INFO - Running command: echo dag with cron expression!
[2024-06-24 12:53:20,084] {bash.py:169} INFO - Output:
[2024-06-24 12:53:20,091] {bash.py:173} INFO - dag with cron expression!
[2024-06-24 12:53:20,094] {bash.py:177} INFO - Command exited with return code 0
[2024-06-24 12:53:20,408] {taskinstance.py:1166} INFO - Marking task as SUCCESS. dag_id=dag_with_cron_expression_v04, task_id=task1, execution_date=20230830T030000, start_date=20240624T125318, end_date=20240624T125320
[2024-06-24 12:53:20,614] {taskinstance.py:1220} INFO - 0 downstream tasks scheduled from follow-on schedule check
[2024-06-24 12:53:20,698] {local_task_job.py:146} INFO - Task exited with return code 0
