[2024-07-15 03:01:36,780] {taskinstance.py:851} INFO - Dependencies all met for <TaskInstance: dag_with_taskflow_api_v02.greet 2024-07-14T00:00:00+00:00 [queued]>
[2024-07-15 03:01:36,804] {taskinstance.py:851} INFO - Dependencies all met for <TaskInstance: dag_with_taskflow_api_v02.greet 2024-07-14T00:00:00+00:00 [queued]>
[2024-07-15 03:01:36,805] {taskinstance.py:1042} INFO - 
--------------------------------------------------------------------------------
[2024-07-15 03:01:36,806] {taskinstance.py:1043} INFO - Starting attempt 1 of 6
[2024-07-15 03:01:36,807] {taskinstance.py:1044} INFO - 
--------------------------------------------------------------------------------
[2024-07-15 03:01:36,844] {taskinstance.py:1063} INFO - Executing <Task(_PythonDecoratedOperator): greet> on 2024-07-14T00:00:00+00:00
[2024-07-15 03:01:36,852] {standard_task_runner.py:52} INFO - Started process 7989 to run task
[2024-07-15 03:01:36,864] {standard_task_runner.py:76} INFO - Running: ['airflow', 'tasks', 'run', 'dag_with_taskflow_api_v02', 'greet', '2024-07-14T00:00:00+00:00', '--job-id', '12426', '--pool', 'default_pool', '--raw', '--subdir', 'DAGS_FOLDER/dag_with_taskflow_api.py', '--cfg-path', '/tmp/tmpfcu_gto0', '--error-file', '/tmp/tmp8qmgfd2f']
[2024-07-15 03:01:36,881] {standard_task_runner.py:77} INFO - Job 12426: Subtask greet
[2024-07-15 03:01:37,179] {logging_mixin.py:104} INFO - Running <TaskInstance: dag_with_taskflow_api_v02.greet 2024-07-14T00:00:00+00:00 [running]> on host 799b1e36e3f1
[2024-07-15 03:01:37,397] {taskinstance.py:1257} INFO - Exporting the following env vars:
AIRFLOW_CTX_DAG_OWNER=coder2j
AIRFLOW_CTX_DAG_ID=dag_with_taskflow_api_v02
AIRFLOW_CTX_TASK_ID=greet
AIRFLOW_CTX_EXECUTION_DATE=2024-07-14T00:00:00+00:00
AIRFLOW_CTX_DAG_RUN_ID=scheduled__2024-07-14T00:00:00+00:00
[2024-07-15 03:01:37,400] {logging_mixin.py:104} INFO - Hello World! My name is Jerry Fridman and I am 19 years old!
[2024-07-15 03:01:37,448] {taskinstance.py:1166} INFO - Marking task as SUCCESS. dag_id=dag_with_taskflow_api_v02, task_id=greet, execution_date=20240714T000000, start_date=20240715T030136, end_date=20240715T030137
[2024-07-15 03:01:37,508] {taskinstance.py:1220} INFO - 0 downstream tasks scheduled from follow-on schedule check
[2024-07-15 03:01:37,554] {local_task_job.py:146} INFO - Task exited with return code 0
