[2024-06-24 14:30:51,495] {taskinstance.py:851} INFO - Dependencies all met for <TaskInstance: dag_with_taskflow_api_v02.get_name 2023-08-23T00:00:00+00:00 [queued]>
[2024-06-24 14:30:51,656] {taskinstance.py:851} INFO - Dependencies all met for <TaskInstance: dag_with_taskflow_api_v02.get_name 2023-08-23T00:00:00+00:00 [queued]>
[2024-06-24 14:30:51,671] {taskinstance.py:1042} INFO - 
--------------------------------------------------------------------------------
[2024-06-24 14:30:51,695] {taskinstance.py:1043} INFO - Starting attempt 1 of 6
[2024-06-24 14:30:51,702] {taskinstance.py:1044} INFO - 
--------------------------------------------------------------------------------
[2024-06-24 14:30:51,759] {taskinstance.py:1063} INFO - Executing <Task(_PythonDecoratedOperator): get_name> on 2023-08-23T00:00:00+00:00
[2024-06-24 14:30:51,786] {standard_task_runner.py:52} INFO - Started process 19928 to run task
[2024-06-24 14:30:51,788] {standard_task_runner.py:76} INFO - Running: ['airflow', 'tasks', 'run', 'dag_with_taskflow_api_v02', 'get_name', '2023-08-23T00:00:00+00:00', '--job-id', '8114', '--pool', 'default_pool', '--raw', '--subdir', 'DAGS_FOLDER/dag_with_taskflow_api.py', '--cfg-path', '/tmp/tmpckbhxhee', '--error-file', '/tmp/tmpn77ohptf']
[2024-06-24 14:30:51,801] {standard_task_runner.py:77} INFO - Job 8114: Subtask get_name
[2024-06-24 14:30:52,082] {logging_mixin.py:104} INFO - Running <TaskInstance: dag_with_taskflow_api_v02.get_name 2023-08-23T00:00:00+00:00 [running]> on host 799b1e36e3f1
[2024-06-24 14:30:52,303] {taskinstance.py:1257} INFO - Exporting the following env vars:
AIRFLOW_CTX_DAG_OWNER=coder2j
AIRFLOW_CTX_DAG_ID=dag_with_taskflow_api_v02
AIRFLOW_CTX_TASK_ID=get_name
AIRFLOW_CTX_EXECUTION_DATE=2023-08-23T00:00:00+00:00
AIRFLOW_CTX_DAG_RUN_ID=scheduled__2023-08-23T00:00:00+00:00
[2024-06-24 14:30:52,579] {taskinstance.py:1166} INFO - Marking task as SUCCESS. dag_id=dag_with_taskflow_api_v02, task_id=get_name, execution_date=20230823T000000, start_date=20240624T143051, end_date=20240624T143052
[2024-06-24 14:30:52,752] {taskinstance.py:1220} INFO - 0 downstream tasks scheduled from follow-on schedule check
[2024-06-24 14:30:52,823] {local_task_job.py:146} INFO - Task exited with return code 0
