[2024-06-24 15:04:44,841] {taskinstance.py:851} INFO - Dependencies all met for <TaskInstance: our_first_dag_v5.first_task 2024-03-19T00:00:00+00:00 [queued]>
[2024-06-24 15:04:44,867] {taskinstance.py:851} INFO - Dependencies all met for <TaskInstance: our_first_dag_v5.first_task 2024-03-19T00:00:00+00:00 [queued]>
[2024-06-24 15:04:44,870] {taskinstance.py:1042} INFO - 
--------------------------------------------------------------------------------
[2024-06-24 15:04:44,871] {taskinstance.py:1043} INFO - Starting attempt 1 of 6
[2024-06-24 15:04:44,873] {taskinstance.py:1044} INFO - 
--------------------------------------------------------------------------------
[2024-06-24 15:04:44,929] {taskinstance.py:1063} INFO - Executing <Task(BashOperator): first_task> on 2024-03-19T00:00:00+00:00
[2024-06-24 15:04:44,951] {standard_task_runner.py:52} INFO - Started process 32555 to run task
[2024-06-24 15:04:44,974] {standard_task_runner.py:76} INFO - Running: ['airflow', 'tasks', 'run', 'our_first_dag_v5', 'first_task', '2024-03-19T00:00:00+00:00', '--job-id', '11220', '--pool', 'default_pool', '--raw', '--subdir', 'DAGS_FOLDER/our_first_dag.py', '--cfg-path', '/tmp/tmpyjhu2yxu', '--error-file', '/tmp/tmp8_klr1bf']
[2024-06-24 15:04:45,013] {standard_task_runner.py:77} INFO - Job 11220: Subtask first_task
[2024-06-24 15:04:45,265] {logging_mixin.py:104} INFO - Running <TaskInstance: our_first_dag_v5.first_task 2024-03-19T00:00:00+00:00 [running]> on host 799b1e36e3f1
[2024-06-24 15:04:45,507] {taskinstance.py:1257} INFO - Exporting the following env vars:
AIRFLOW_CTX_DAG_OWNER=coder2j
AIRFLOW_CTX_DAG_ID=our_first_dag_v5
AIRFLOW_CTX_TASK_ID=first_task
AIRFLOW_CTX_EXECUTION_DATE=2024-03-19T00:00:00+00:00
AIRFLOW_CTX_DAG_RUN_ID=scheduled__2024-03-19T00:00:00+00:00
[2024-06-24 15:04:45,508] {bash.py:135} INFO - Tmp dir root location: 
 /tmp
[2024-06-24 15:04:45,513] {bash.py:158} INFO - Running command: echo hello world, this is the first task!
[2024-06-24 15:04:45,535] {bash.py:169} INFO - Output:
[2024-06-24 15:04:45,538] {bash.py:173} INFO - hello world, this is the first task!
[2024-06-24 15:04:45,542] {bash.py:177} INFO - Command exited with return code 0
[2024-06-24 15:04:45,649] {taskinstance.py:1166} INFO - Marking task as SUCCESS. dag_id=our_first_dag_v5, task_id=first_task, execution_date=20240319T000000, start_date=20240624T150444, end_date=20240624T150445
[2024-06-24 15:04:45,820] {taskinstance.py:1220} INFO - 2 downstream tasks scheduled from follow-on schedule check
[2024-06-24 15:04:45,851] {local_task_job.py:146} INFO - Task exited with return code 0
