[2024-06-24 14:55:07,079] {taskinstance.py:851} INFO - Dependencies all met for <TaskInstance: our_dag_with_python_operator_v07.get_name 2024-01-10T00:00:00+00:00 [queued]>
[2024-06-24 14:55:07,219] {taskinstance.py:851} INFO - Dependencies all met for <TaskInstance: our_dag_with_python_operator_v07.get_name 2024-01-10T00:00:00+00:00 [queued]>
[2024-06-24 14:55:07,240] {taskinstance.py:1042} INFO - 
--------------------------------------------------------------------------------
[2024-06-24 14:55:07,247] {taskinstance.py:1043} INFO - Starting attempt 1 of 6
[2024-06-24 14:55:07,255] {taskinstance.py:1044} INFO - 
--------------------------------------------------------------------------------
[2024-06-24 14:55:07,427] {taskinstance.py:1063} INFO - Executing <Task(PythonOperator): get_name> on 2024-01-10T00:00:00+00:00
[2024-06-24 14:55:07,549] {standard_task_runner.py:52} INFO - Started process 26990 to run task
[2024-06-24 14:55:07,764] {standard_task_runner.py:76} INFO - Running: ['airflow', 'tasks', 'run', 'our_dag_with_python_operator_v07', 'get_name', '2024-01-10T00:00:00+00:00', '--job-id', '9799', '--pool', 'default_pool', '--raw', '--subdir', 'DAGS_FOLDER/create_dag_with_python_operator.py', '--cfg-path', '/tmp/tmpmupollsz', '--error-file', '/tmp/tmp_ee0atg_']
[2024-06-24 14:55:07,904] {standard_task_runner.py:77} INFO - Job 9799: Subtask get_name
[2024-06-24 14:55:09,230] {logging_mixin.py:104} INFO - Running <TaskInstance: our_dag_with_python_operator_v07.get_name 2024-01-10T00:00:00+00:00 [running]> on host 799b1e36e3f1
[2024-06-24 14:55:10,690] {taskinstance.py:1257} INFO - Exporting the following env vars:
AIRFLOW_CTX_DAG_OWNER=coder2j
AIRFLOW_CTX_DAG_ID=our_dag_with_python_operator_v07
AIRFLOW_CTX_TASK_ID=get_name
AIRFLOW_CTX_EXECUTION_DATE=2024-01-10T00:00:00+00:00
AIRFLOW_CTX_DAG_RUN_ID=scheduled__2024-01-10T00:00:00+00:00
[2024-06-24 14:55:11,207] {python.py:118} INFO - Done. Returned value was: None
[2024-06-24 14:55:11,452] {taskinstance.py:1166} INFO - Marking task as SUCCESS. dag_id=our_dag_with_python_operator_v07, task_id=get_name, execution_date=20240110T000000, start_date=20240624T145507, end_date=20240624T145511
[2024-06-24 14:55:12,044] {taskinstance.py:1220} INFO - 1 downstream tasks scheduled from follow-on schedule check
[2024-06-24 14:55:12,139] {local_task_job.py:146} INFO - Task exited with return code 0
