[2024-06-24 15:03:00,368] {taskinstance.py:851} INFO - Dependencies all met for <TaskInstance: our_first_dag_v5.first_task 2024-01-29T00:00:00+00:00 [queued]>
[2024-06-24 15:03:00,468] {taskinstance.py:851} INFO - Dependencies all met for <TaskInstance: our_first_dag_v5.first_task 2024-01-29T00:00:00+00:00 [queued]>
[2024-06-24 15:03:00,473] {taskinstance.py:1042} INFO - 
--------------------------------------------------------------------------------
[2024-06-24 15:03:00,479] {taskinstance.py:1043} INFO - Starting attempt 1 of 6
[2024-06-24 15:03:00,483] {taskinstance.py:1044} INFO - 
--------------------------------------------------------------------------------
[2024-06-24 15:03:00,553] {taskinstance.py:1063} INFO - Executing <Task(BashOperator): first_task> on 2024-01-29T00:00:00+00:00
[2024-06-24 15:03:00,562] {standard_task_runner.py:52} INFO - Started process 30271 to run task
[2024-06-24 15:03:00,578] {standard_task_runner.py:76} INFO - Running: ['airflow', 'tasks', 'run', 'our_first_dag_v5', 'first_task', '2024-01-29T00:00:00+00:00', '--job-id', '10620', '--pool', 'default_pool', '--raw', '--subdir', 'DAGS_FOLDER/our_first_dag.py', '--cfg-path', '/tmp/tmp8fj8w6s0', '--error-file', '/tmp/tmpoxhwcl3b']
[2024-06-24 15:03:00,592] {standard_task_runner.py:77} INFO - Job 10620: Subtask first_task
[2024-06-24 15:03:00,835] {logging_mixin.py:104} INFO - Running <TaskInstance: our_first_dag_v5.first_task 2024-01-29T00:00:00+00:00 [running]> on host 799b1e36e3f1
[2024-06-24 15:03:01,095] {taskinstance.py:1257} INFO - Exporting the following env vars:
AIRFLOW_CTX_DAG_OWNER=coder2j
AIRFLOW_CTX_DAG_ID=our_first_dag_v5
AIRFLOW_CTX_TASK_ID=first_task
AIRFLOW_CTX_EXECUTION_DATE=2024-01-29T00:00:00+00:00
AIRFLOW_CTX_DAG_RUN_ID=scheduled__2024-01-29T00:00:00+00:00
[2024-06-24 15:03:01,108] {bash.py:135} INFO - Tmp dir root location: 
 /tmp
[2024-06-24 15:03:01,124] {bash.py:158} INFO - Running command: echo hello world, this is the first task!
[2024-06-24 15:03:01,256] {bash.py:169} INFO - Output:
[2024-06-24 15:03:01,273] {bash.py:173} INFO - hello world, this is the first task!
[2024-06-24 15:03:01,287] {bash.py:177} INFO - Command exited with return code 0
[2024-06-24 15:03:01,484] {taskinstance.py:1166} INFO - Marking task as SUCCESS. dag_id=our_first_dag_v5, task_id=first_task, execution_date=20240129T000000, start_date=20240624T150300, end_date=20240624T150301
[2024-06-24 15:03:01,669] {taskinstance.py:1220} INFO - 2 downstream tasks scheduled from follow-on schedule check
[2024-06-24 15:03:01,721] {local_task_job.py:146} INFO - Task exited with return code 0
