[2024-06-24 15:04:32,290] {taskinstance.py:851} INFO - Dependencies all met for <TaskInstance: dag_with_taskflow_api_v02.get_name 2024-05-03T00:00:00+00:00 [queued]>
[2024-06-24 15:04:32,366] {taskinstance.py:851} INFO - Dependencies all met for <TaskInstance: dag_with_taskflow_api_v02.get_name 2024-05-03T00:00:00+00:00 [queued]>
[2024-06-24 15:04:32,370] {taskinstance.py:1042} INFO - 
--------------------------------------------------------------------------------
[2024-06-24 15:04:32,375] {taskinstance.py:1043} INFO - Starting attempt 1 of 6
[2024-06-24 15:04:32,380] {taskinstance.py:1044} INFO - 
--------------------------------------------------------------------------------
[2024-06-24 15:04:32,416] {taskinstance.py:1063} INFO - Executing <Task(_PythonDecoratedOperator): get_name> on 2024-05-03T00:00:00+00:00
[2024-06-24 15:04:32,433] {standard_task_runner.py:52} INFO - Started process 32241 to run task
[2024-06-24 15:04:32,440] {standard_task_runner.py:76} INFO - Running: ['airflow', 'tasks', 'run', 'dag_with_taskflow_api_v02', 'get_name', '2024-05-03T00:00:00+00:00', '--job-id', '11142', '--pool', 'default_pool', '--raw', '--subdir', 'DAGS_FOLDER/dag_with_taskflow_api.py', '--cfg-path', '/tmp/tmpeolmrzd5', '--error-file', '/tmp/tmpxo3mlo6m']
[2024-06-24 15:04:32,449] {standard_task_runner.py:77} INFO - Job 11142: Subtask get_name
[2024-06-24 15:04:32,741] {logging_mixin.py:104} INFO - Running <TaskInstance: dag_with_taskflow_api_v02.get_name 2024-05-03T00:00:00+00:00 [running]> on host 799b1e36e3f1
[2024-06-24 15:04:33,002] {taskinstance.py:1257} INFO - Exporting the following env vars:
AIRFLOW_CTX_DAG_OWNER=coder2j
AIRFLOW_CTX_DAG_ID=dag_with_taskflow_api_v02
AIRFLOW_CTX_TASK_ID=get_name
AIRFLOW_CTX_EXECUTION_DATE=2024-05-03T00:00:00+00:00
AIRFLOW_CTX_DAG_RUN_ID=scheduled__2024-05-03T00:00:00+00:00
[2024-06-24 15:04:33,292] {taskinstance.py:1166} INFO - Marking task as SUCCESS. dag_id=dag_with_taskflow_api_v02, task_id=get_name, execution_date=20240503T000000, start_date=20240624T150432, end_date=20240624T150433
[2024-06-24 15:04:33,476] {taskinstance.py:1220} INFO - 1 downstream tasks scheduled from follow-on schedule check
[2024-06-24 15:04:33,590] {local_task_job.py:146} INFO - Task exited with return code 0
