[2024-06-24 14:21:31,702] {taskinstance.py:851} INFO - Dependencies all met for <TaskInstance: our_dag_with_python_operator_v07.greet 2022-08-08T00:00:00+00:00 [queued]>
[2024-06-24 14:21:31,724] {taskinstance.py:851} INFO - Dependencies all met for <TaskInstance: our_dag_with_python_operator_v07.greet 2022-08-08T00:00:00+00:00 [queued]>
[2024-06-24 14:21:31,728] {taskinstance.py:1042} INFO - 
--------------------------------------------------------------------------------
[2024-06-24 14:21:31,729] {taskinstance.py:1043} INFO - Starting attempt 1 of 6
[2024-06-24 14:21:31,730] {taskinstance.py:1044} INFO - 
--------------------------------------------------------------------------------
[2024-06-24 14:21:31,778] {taskinstance.py:1063} INFO - Executing <Task(PythonOperator): greet> on 2022-08-08T00:00:00+00:00
[2024-06-24 14:21:31,794] {standard_task_runner.py:52} INFO - Started process 4925 to run task
[2024-06-24 14:21:31,810] {standard_task_runner.py:76} INFO - Running: ['airflow', 'tasks', 'run', 'our_dag_with_python_operator_v07', 'greet', '2022-08-08T00:00:00+00:00', '--job-id', '4087', '--pool', 'default_pool', '--raw', '--subdir', 'DAGS_FOLDER/create_dag_with_python_operator.py', '--cfg-path', '/tmp/tmpmud2cj8a', '--error-file', '/tmp/tmpdnh7lnui']
[2024-06-24 14:21:31,825] {standard_task_runner.py:77} INFO - Job 4087: Subtask greet
[2024-06-24 14:21:32,175] {logging_mixin.py:104} INFO - Running <TaskInstance: our_dag_with_python_operator_v07.greet 2022-08-08T00:00:00+00:00 [running]> on host 799b1e36e3f1
[2024-06-24 14:21:32,427] {taskinstance.py:1257} INFO - Exporting the following env vars:
AIRFLOW_CTX_DAG_OWNER=coder2j
AIRFLOW_CTX_DAG_ID=our_dag_with_python_operator_v07
AIRFLOW_CTX_TASK_ID=greet
AIRFLOW_CTX_EXECUTION_DATE=2022-08-08T00:00:00+00:00
AIRFLOW_CTX_DAG_RUN_ID=scheduled__2022-08-08T00:00:00+00:00
[2024-06-24 14:21:32,438] {logging_mixin.py:104} INFO - some dict:  {'a': 1, 'b': 2}
[2024-06-24 14:21:32,534] {logging_mixin.py:104} INFO - Hello World! My name is Jerry Fridman, and I am 19 years old!
[2024-06-24 14:21:32,536] {python.py:118} INFO - Done. Returned value was: None
[2024-06-24 14:21:32,589] {taskinstance.py:1166} INFO - Marking task as SUCCESS. dag_id=our_dag_with_python_operator_v07, task_id=greet, execution_date=20220808T000000, start_date=20240624T142131, end_date=20240624T142132
[2024-06-24 14:21:32,756] {taskinstance.py:1220} INFO - 0 downstream tasks scheduled from follow-on schedule check
[2024-06-24 14:21:32,798] {local_task_job.py:146} INFO - Task exited with return code 0
