[2024-06-24 15:03:26,186] {taskinstance.py:851} INFO - Dependencies all met for <TaskInstance: our_first_dag_v5.thrid_task 2024-02-10T00:00:00+00:00 [queued]>
[2024-06-24 15:03:26,227] {taskinstance.py:851} INFO - Dependencies all met for <TaskInstance: our_first_dag_v5.thrid_task 2024-02-10T00:00:00+00:00 [queued]>
[2024-06-24 15:03:26,231] {taskinstance.py:1042} INFO - 
--------------------------------------------------------------------------------
[2024-06-24 15:03:26,233] {taskinstance.py:1043} INFO - Starting attempt 1 of 6
[2024-06-24 15:03:26,234] {taskinstance.py:1044} INFO - 
--------------------------------------------------------------------------------
[2024-06-24 15:03:26,291] {taskinstance.py:1063} INFO - Executing <Task(BashOperator): thrid_task> on 2024-02-10T00:00:00+00:00
[2024-06-24 15:03:26,318] {standard_task_runner.py:52} INFO - Started process 30774 to run task
[2024-06-24 15:03:26,325] {standard_task_runner.py:76} INFO - Running: ['airflow', 'tasks', 'run', 'our_first_dag_v5', 'thrid_task', '2024-02-10T00:00:00+00:00', '--job-id', '10759', '--pool', 'default_pool', '--raw', '--subdir', 'DAGS_FOLDER/our_first_dag.py', '--cfg-path', '/tmp/tmp5airrvym', '--error-file', '/tmp/tmpz72evcsj']
[2024-06-24 15:03:26,367] {standard_task_runner.py:77} INFO - Job 10759: Subtask thrid_task
[2024-06-24 15:03:26,696] {logging_mixin.py:104} INFO - Running <TaskInstance: our_first_dag_v5.thrid_task 2024-02-10T00:00:00+00:00 [running]> on host 799b1e36e3f1
[2024-06-24 15:03:27,030] {taskinstance.py:1257} INFO - Exporting the following env vars:
AIRFLOW_CTX_DAG_OWNER=coder2j
AIRFLOW_CTX_DAG_ID=our_first_dag_v5
AIRFLOW_CTX_TASK_ID=thrid_task
AIRFLOW_CTX_EXECUTION_DATE=2024-02-10T00:00:00+00:00
AIRFLOW_CTX_DAG_RUN_ID=scheduled__2024-02-10T00:00:00+00:00
[2024-06-24 15:03:27,032] {bash.py:135} INFO - Tmp dir root location: 
 /tmp
[2024-06-24 15:03:27,041] {bash.py:158} INFO - Running command: echo hey, I am task3 and will be running after task1 at the same time as task2!
[2024-06-24 15:03:27,128] {bash.py:169} INFO - Output:
[2024-06-24 15:03:27,137] {bash.py:173} INFO - hey, I am task3 and will be running after task1 at the same time as task2!
[2024-06-24 15:03:27,138] {bash.py:177} INFO - Command exited with return code 0
[2024-06-24 15:03:27,392] {taskinstance.py:1166} INFO - Marking task as SUCCESS. dag_id=our_first_dag_v5, task_id=thrid_task, execution_date=20240210T000000, start_date=20240624T150326, end_date=20240624T150327
[2024-06-24 15:03:27,639] {taskinstance.py:1220} INFO - 0 downstream tasks scheduled from follow-on schedule check
[2024-06-24 15:03:27,723] {local_task_job.py:146} INFO - Task exited with return code 0
