[2024-08-11 13:01:03,075] {taskinstance.py:851} INFO - Dependencies all met for <TaskInstance: dag_with_catchup_backfill_v02.task1 2024-08-10T00:00:00+00:00 [queued]>
[2024-08-11 13:01:03,239] {taskinstance.py:851} INFO - Dependencies all met for <TaskInstance: dag_with_catchup_backfill_v02.task1 2024-08-10T00:00:00+00:00 [queued]>
[2024-08-11 13:01:03,246] {taskinstance.py:1042} INFO - 
--------------------------------------------------------------------------------
[2024-08-11 13:01:03,247] {taskinstance.py:1043} INFO - Starting attempt 1 of 6
[2024-08-11 13:01:03,252] {taskinstance.py:1044} INFO - 
--------------------------------------------------------------------------------
[2024-08-11 13:01:03,424] {taskinstance.py:1063} INFO - Executing <Task(BashOperator): task1> on 2024-08-10T00:00:00+00:00
[2024-08-11 13:01:03,549] {standard_task_runner.py:52} INFO - Started process 198 to run task
[2024-08-11 13:01:03,601] {standard_task_runner.py:76} INFO - Running: ['airflow', 'tasks', 'run', 'dag_with_catchup_backfill_v02', 'task1', '2024-08-10T00:00:00+00:00', '--job-id', '12744', '--pool', 'default_pool', '--raw', '--subdir', 'DAGS_FOLDER/dag_with_catchup_and_backfill.py', '--cfg-path', '/tmp/tmp60_q5txk', '--error-file', '/tmp/tmpbz3z6lyv']
[2024-08-11 13:01:03,644] {standard_task_runner.py:77} INFO - Job 12744: Subtask task1
[2024-08-11 13:01:05,359] {logging_mixin.py:104} INFO - Running <TaskInstance: dag_with_catchup_backfill_v02.task1 2024-08-10T00:00:00+00:00 [running]> on host 799b1e36e3f1
[2024-08-11 13:01:06,698] {taskinstance.py:1257} INFO - Exporting the following env vars:
AIRFLOW_CTX_DAG_OWNER=coder2j
AIRFLOW_CTX_DAG_ID=dag_with_catchup_backfill_v02
AIRFLOW_CTX_TASK_ID=task1
AIRFLOW_CTX_EXECUTION_DATE=2024-08-10T00:00:00+00:00
AIRFLOW_CTX_DAG_RUN_ID=scheduled__2024-08-10T00:00:00+00:00
[2024-08-11 13:01:06,998] {bash.py:135} INFO - Tmp dir root location: 
 /tmp
[2024-08-11 13:01:07,028] {bash.py:158} INFO - Running command: echo This is a simple bash command!
[2024-08-11 13:01:07,289] {bash.py:169} INFO - Output:
[2024-08-11 13:01:07,294] {bash.py:173} INFO - This is a simple bash command!
[2024-08-11 13:01:07,297] {bash.py:177} INFO - Command exited with return code 0
[2024-08-11 13:01:07,793] {taskinstance.py:1166} INFO - Marking task as SUCCESS. dag_id=dag_with_catchup_backfill_v02, task_id=task1, execution_date=20240810T000000, start_date=20240811T130103, end_date=20240811T130107
[2024-08-11 13:01:08,852] {taskinstance.py:1220} INFO - 0 downstream tasks scheduled from follow-on schedule check
[2024-08-11 13:01:09,716] {local_task_job.py:146} INFO - Task exited with return code 0
