[2024-06-24 14:22:23,403] {taskinstance.py:851} INFO - Dependencies all met for <TaskInstance: our_dag_with_python_operator_v07.greet 2022-09-17T00:00:00+00:00 [queued]>
[2024-06-24 14:22:23,450] {taskinstance.py:851} INFO - Dependencies all met for <TaskInstance: our_dag_with_python_operator_v07.greet 2022-09-17T00:00:00+00:00 [queued]>
[2024-06-24 14:22:23,452] {taskinstance.py:1042} INFO - 
--------------------------------------------------------------------------------
[2024-06-24 14:22:23,454] {taskinstance.py:1043} INFO - Starting attempt 1 of 6
[2024-06-24 14:22:23,457] {taskinstance.py:1044} INFO - 
--------------------------------------------------------------------------------
[2024-06-24 14:22:23,485] {taskinstance.py:1063} INFO - Executing <Task(PythonOperator): greet> on 2022-09-17T00:00:00+00:00
[2024-06-24 14:22:23,499] {standard_task_runner.py:52} INFO - Started process 6262 to run task
[2024-06-24 14:22:23,504] {standard_task_runner.py:76} INFO - Running: ['airflow', 'tasks', 'run', 'our_dag_with_python_operator_v07', 'greet', '2022-09-17T00:00:00+00:00', '--job-id', '4434', '--pool', 'default_pool', '--raw', '--subdir', 'DAGS_FOLDER/create_dag_with_python_operator.py', '--cfg-path', '/tmp/tmp2wbokngf', '--error-file', '/tmp/tmpx97lpa8h']
[2024-06-24 14:22:23,518] {standard_task_runner.py:77} INFO - Job 4434: Subtask greet
[2024-06-24 14:22:23,764] {logging_mixin.py:104} INFO - Running <TaskInstance: our_dag_with_python_operator_v07.greet 2022-09-17T00:00:00+00:00 [running]> on host 799b1e36e3f1
[2024-06-24 14:22:23,958] {taskinstance.py:1257} INFO - Exporting the following env vars:
AIRFLOW_CTX_DAG_OWNER=coder2j
AIRFLOW_CTX_DAG_ID=our_dag_with_python_operator_v07
AIRFLOW_CTX_TASK_ID=greet
AIRFLOW_CTX_EXECUTION_DATE=2022-09-17T00:00:00+00:00
AIRFLOW_CTX_DAG_RUN_ID=scheduled__2022-09-17T00:00:00+00:00
[2024-06-24 14:22:23,961] {logging_mixin.py:104} INFO - some dict:  {'a': 1, 'b': 2}
[2024-06-24 14:22:24,050] {logging_mixin.py:104} INFO - Hello World! My name is Jerry Fridman, and I am 19 years old!
[2024-06-24 14:22:24,052] {python.py:118} INFO - Done. Returned value was: None
[2024-06-24 14:22:24,135] {taskinstance.py:1166} INFO - Marking task as SUCCESS. dag_id=our_dag_with_python_operator_v07, task_id=greet, execution_date=20220917T000000, start_date=20240624T142223, end_date=20240624T142224
[2024-06-24 14:22:24,296] {taskinstance.py:1220} INFO - 0 downstream tasks scheduled from follow-on schedule check
[2024-06-24 14:22:24,357] {local_task_job.py:146} INFO - Task exited with return code 0
