[2024-06-24 12:53:04,198] {taskinstance.py:851} INFO - Dependencies all met for <TaskInstance: dag_with_taskflow_api_v02.get_age 2021-11-12T00:00:00+00:00 [queued]>
[2024-06-24 12:53:04,250] {taskinstance.py:851} INFO - Dependencies all met for <TaskInstance: dag_with_taskflow_api_v02.get_age 2021-11-12T00:00:00+00:00 [queued]>
[2024-06-24 12:53:04,267] {taskinstance.py:1042} INFO - 
--------------------------------------------------------------------------------
[2024-06-24 12:53:04,271] {taskinstance.py:1043} INFO - Starting attempt 1 of 6
[2024-06-24 12:53:04,277] {taskinstance.py:1044} INFO - 
--------------------------------------------------------------------------------
[2024-06-24 12:53:04,370] {taskinstance.py:1063} INFO - Executing <Task(_PythonDecoratedOperator): get_age> on 2021-11-12T00:00:00+00:00
[2024-06-24 12:53:04,399] {standard_task_runner.py:52} INFO - Started process 28256 to run task
[2024-06-24 12:53:04,435] {standard_task_runner.py:76} INFO - Running: ['airflow', 'tasks', 'run', 'dag_with_taskflow_api_v02', 'get_age', '2021-11-12T00:00:00+00:00', '--job-id', '687', '--pool', 'default_pool', '--raw', '--subdir', 'DAGS_FOLDER/dag_with_taskflow_api.py', '--cfg-path', '/tmp/tmp0ux8uof1', '--error-file', '/tmp/tmp4ymocft3']
[2024-06-24 12:53:04,457] {standard_task_runner.py:77} INFO - Job 687: Subtask get_age
[2024-06-24 12:53:04,887] {logging_mixin.py:104} INFO - Running <TaskInstance: dag_with_taskflow_api_v02.get_age 2021-11-12T00:00:00+00:00 [running]> on host 799b1e36e3f1
[2024-06-24 12:53:05,206] {taskinstance.py:1257} INFO - Exporting the following env vars:
AIRFLOW_CTX_DAG_OWNER=coder2j
AIRFLOW_CTX_DAG_ID=dag_with_taskflow_api_v02
AIRFLOW_CTX_TASK_ID=get_age
AIRFLOW_CTX_EXECUTION_DATE=2021-11-12T00:00:00+00:00
AIRFLOW_CTX_DAG_RUN_ID=scheduled__2021-11-12T00:00:00+00:00
[2024-06-24 12:53:05,394] {taskinstance.py:1166} INFO - Marking task as SUCCESS. dag_id=dag_with_taskflow_api_v02, task_id=get_age, execution_date=20211112T000000, start_date=20240624T125304, end_date=20240624T125305
[2024-06-24 12:53:05,619] {taskinstance.py:1220} INFO - 0 downstream tasks scheduled from follow-on schedule check
[2024-06-24 12:53:05,674] {local_task_job.py:146} INFO - Task exited with return code 0
