[2024-07-23 11:11:17,035] {taskinstance.py:851} INFO - Dependencies all met for <TaskInstance: dag_with_cron_expression_v04.task1 2024-07-18T03:00:00+00:00 [queued]>
[2024-07-23 11:11:17,161] {taskinstance.py:851} INFO - Dependencies all met for <TaskInstance: dag_with_cron_expression_v04.task1 2024-07-18T03:00:00+00:00 [queued]>
[2024-07-23 11:11:17,165] {taskinstance.py:1042} INFO - 
--------------------------------------------------------------------------------
[2024-07-23 11:11:17,168] {taskinstance.py:1043} INFO - Starting attempt 1 of 6
[2024-07-23 11:11:17,174] {taskinstance.py:1044} INFO - 
--------------------------------------------------------------------------------
[2024-07-23 11:11:17,303] {taskinstance.py:1063} INFO - Executing <Task(BashOperator): task1> on 2024-07-18T03:00:00+00:00
[2024-07-23 11:11:17,345] {standard_task_runner.py:52} INFO - Started process 252 to run task
[2024-07-23 11:11:17,384] {standard_task_runner.py:76} INFO - Running: ['airflow', 'tasks', 'run', 'dag_with_cron_expression_v04', 'task1', '2024-07-18T03:00:00+00:00', '--job-id', '12467', '--pool', 'default_pool', '--raw', '--subdir', 'DAGS_FOLDER/dag_with_cron_expression.py', '--cfg-path', '/tmp/tmpab5tyhb9', '--error-file', '/tmp/tmpsvtgwvoy']
[2024-07-23 11:11:17,460] {standard_task_runner.py:77} INFO - Job 12467: Subtask task1
[2024-07-23 11:11:18,361] {logging_mixin.py:104} INFO - Running <TaskInstance: dag_with_cron_expression_v04.task1 2024-07-18T03:00:00+00:00 [running]> on host 799b1e36e3f1
[2024-07-23 11:11:18,887] {taskinstance.py:1257} INFO - Exporting the following env vars:
AIRFLOW_CTX_DAG_OWNER=coder2j
AIRFLOW_CTX_DAG_ID=dag_with_cron_expression_v04
AIRFLOW_CTX_TASK_ID=task1
AIRFLOW_CTX_EXECUTION_DATE=2024-07-18T03:00:00+00:00
AIRFLOW_CTX_DAG_RUN_ID=scheduled__2024-07-18T03:00:00+00:00
[2024-07-23 11:11:18,893] {bash.py:135} INFO - Tmp dir root location: 
 /tmp
[2024-07-23 11:11:18,905] {bash.py:158} INFO - Running command: echo dag with cron expression!
[2024-07-23 11:11:18,952] {bash.py:169} INFO - Output:
[2024-07-23 11:11:18,956] {bash.py:173} INFO - dag with cron expression!
[2024-07-23 11:11:18,963] {bash.py:177} INFO - Command exited with return code 0
[2024-07-23 11:11:19,205] {taskinstance.py:1166} INFO - Marking task as SUCCESS. dag_id=dag_with_cron_expression_v04, task_id=task1, execution_date=20240718T030000, start_date=20240723T111117, end_date=20240723T111119
[2024-07-23 11:11:19,641] {taskinstance.py:1220} INFO - 0 downstream tasks scheduled from follow-on schedule check
[2024-07-23 11:11:19,767] {local_task_job.py:146} INFO - Task exited with return code 0
