[2024-06-24 14:27:04,710] {taskinstance.py:851} INFO - Dependencies all met for <TaskInstance: dag_with_taskflow_api_v02.get_age 2023-04-04T00:00:00+00:00 [queued]>
[2024-06-24 14:27:04,786] {taskinstance.py:851} INFO - Dependencies all met for <TaskInstance: dag_with_taskflow_api_v02.get_age 2023-04-04T00:00:00+00:00 [queued]>
[2024-06-24 14:27:04,789] {taskinstance.py:1042} INFO - 
--------------------------------------------------------------------------------
[2024-06-24 14:27:04,796] {taskinstance.py:1043} INFO - Starting attempt 1 of 6
[2024-06-24 14:27:04,798] {taskinstance.py:1044} INFO - 
--------------------------------------------------------------------------------
[2024-06-24 14:27:04,899] {taskinstance.py:1063} INFO - Executing <Task(_PythonDecoratedOperator): get_age> on 2023-04-04T00:00:00+00:00
[2024-06-24 14:27:04,917] {standard_task_runner.py:52} INFO - Started process 13850 to run task
[2024-06-24 14:27:04,929] {standard_task_runner.py:76} INFO - Running: ['airflow', 'tasks', 'run', 'dag_with_taskflow_api_v02', 'get_age', '2023-04-04T00:00:00+00:00', '--job-id', '6492', '--pool', 'default_pool', '--raw', '--subdir', 'DAGS_FOLDER/dag_with_taskflow_api.py', '--cfg-path', '/tmp/tmpskr_l57g', '--error-file', '/tmp/tmprlyd3cr4']
[2024-06-24 14:27:04,939] {standard_task_runner.py:77} INFO - Job 6492: Subtask get_age
[2024-06-24 14:27:05,195] {logging_mixin.py:104} INFO - Running <TaskInstance: dag_with_taskflow_api_v02.get_age 2023-04-04T00:00:00+00:00 [running]> on host 799b1e36e3f1
[2024-06-24 14:27:05,339] {taskinstance.py:1257} INFO - Exporting the following env vars:
AIRFLOW_CTX_DAG_OWNER=coder2j
AIRFLOW_CTX_DAG_ID=dag_with_taskflow_api_v02
AIRFLOW_CTX_TASK_ID=get_age
AIRFLOW_CTX_EXECUTION_DATE=2023-04-04T00:00:00+00:00
AIRFLOW_CTX_DAG_RUN_ID=scheduled__2023-04-04T00:00:00+00:00
[2024-06-24 14:27:05,435] {taskinstance.py:1166} INFO - Marking task as SUCCESS. dag_id=dag_with_taskflow_api_v02, task_id=get_age, execution_date=20230404T000000, start_date=20240624T142704, end_date=20240624T142705
[2024-06-24 14:27:05,508] {taskinstance.py:1220} INFO - 0 downstream tasks scheduled from follow-on schedule check
[2024-06-24 14:27:05,546] {local_task_job.py:146} INFO - Task exited with return code 0
