[2024-06-24 14:27:31,829] {taskinstance.py:851} INFO - Dependencies all met for <TaskInstance: dag_with_taskflow_api_v02.get_name 2023-04-15T00:00:00+00:00 [queued]>
[2024-06-24 14:27:31,864] {taskinstance.py:851} INFO - Dependencies all met for <TaskInstance: dag_with_taskflow_api_v02.get_name 2023-04-15T00:00:00+00:00 [queued]>
[2024-06-24 14:27:31,865] {taskinstance.py:1042} INFO - 
--------------------------------------------------------------------------------
[2024-06-24 14:27:31,868] {taskinstance.py:1043} INFO - Starting attempt 1 of 6
[2024-06-24 14:27:31,869] {taskinstance.py:1044} INFO - 
--------------------------------------------------------------------------------
[2024-06-24 14:27:31,913] {taskinstance.py:1063} INFO - Executing <Task(_PythonDecoratedOperator): get_name> on 2023-04-15T00:00:00+00:00
[2024-06-24 14:27:31,921] {standard_task_runner.py:52} INFO - Started process 14573 to run task
[2024-06-24 14:27:31,931] {standard_task_runner.py:76} INFO - Running: ['airflow', 'tasks', 'run', 'dag_with_taskflow_api_v02', 'get_name', '2023-04-15T00:00:00+00:00', '--job-id', '6686', '--pool', 'default_pool', '--raw', '--subdir', 'DAGS_FOLDER/dag_with_taskflow_api.py', '--cfg-path', '/tmp/tmpy_o7szi1', '--error-file', '/tmp/tmpujj284i4']
[2024-06-24 14:27:31,943] {standard_task_runner.py:77} INFO - Job 6686: Subtask get_name
[2024-06-24 14:27:32,100] {logging_mixin.py:104} INFO - Running <TaskInstance: dag_with_taskflow_api_v02.get_name 2023-04-15T00:00:00+00:00 [running]> on host 799b1e36e3f1
[2024-06-24 14:27:32,224] {taskinstance.py:1257} INFO - Exporting the following env vars:
AIRFLOW_CTX_DAG_OWNER=coder2j
AIRFLOW_CTX_DAG_ID=dag_with_taskflow_api_v02
AIRFLOW_CTX_TASK_ID=get_name
AIRFLOW_CTX_EXECUTION_DATE=2023-04-15T00:00:00+00:00
AIRFLOW_CTX_DAG_RUN_ID=scheduled__2023-04-15T00:00:00+00:00
[2024-06-24 14:27:32,367] {taskinstance.py:1166} INFO - Marking task as SUCCESS. dag_id=dag_with_taskflow_api_v02, task_id=get_name, execution_date=20230415T000000, start_date=20240624T142731, end_date=20240624T142732
[2024-06-24 14:27:32,594] {taskinstance.py:1220} INFO - 0 downstream tasks scheduled from follow-on schedule check
[2024-06-24 14:27:32,613] {local_task_job.py:146} INFO - Task exited with return code 0
