[2024-06-24 15:04:15,680] {taskinstance.py:851} INFO - Dependencies all met for <TaskInstance: our_first_dag_v5.first_task 2024-02-29T00:00:00+00:00 [queued]>
[2024-06-24 15:04:15,743] {taskinstance.py:851} INFO - Dependencies all met for <TaskInstance: our_first_dag_v5.first_task 2024-02-29T00:00:00+00:00 [queued]>
[2024-06-24 15:04:15,744] {taskinstance.py:1042} INFO - 
--------------------------------------------------------------------------------
[2024-06-24 15:04:15,760] {taskinstance.py:1043} INFO - Starting attempt 1 of 6
[2024-06-24 15:04:15,761] {taskinstance.py:1044} INFO - 
--------------------------------------------------------------------------------
[2024-06-24 15:04:15,905] {taskinstance.py:1063} INFO - Executing <Task(BashOperator): first_task> on 2024-02-29T00:00:00+00:00
[2024-06-24 15:04:15,924] {standard_task_runner.py:52} INFO - Started process 31854 to run task
[2024-06-24 15:04:15,950] {standard_task_runner.py:76} INFO - Running: ['airflow', 'tasks', 'run', 'our_first_dag_v5', 'first_task', '2024-02-29T00:00:00+00:00', '--job-id', '11041', '--pool', 'default_pool', '--raw', '--subdir', 'DAGS_FOLDER/our_first_dag.py', '--cfg-path', '/tmp/tmpb5c8vnwa', '--error-file', '/tmp/tmpn35rw7x1']
[2024-06-24 15:04:15,971] {standard_task_runner.py:77} INFO - Job 11041: Subtask first_task
[2024-06-24 15:04:16,144] {logging_mixin.py:104} INFO - Running <TaskInstance: our_first_dag_v5.first_task 2024-02-29T00:00:00+00:00 [running]> on host 799b1e36e3f1
[2024-06-24 15:04:16,405] {taskinstance.py:1257} INFO - Exporting the following env vars:
AIRFLOW_CTX_DAG_OWNER=coder2j
AIRFLOW_CTX_DAG_ID=our_first_dag_v5
AIRFLOW_CTX_TASK_ID=first_task
AIRFLOW_CTX_EXECUTION_DATE=2024-02-29T00:00:00+00:00
AIRFLOW_CTX_DAG_RUN_ID=scheduled__2024-02-29T00:00:00+00:00
[2024-06-24 15:04:16,410] {bash.py:135} INFO - Tmp dir root location: 
 /tmp
[2024-06-24 15:04:16,472] {bash.py:158} INFO - Running command: echo hello world, this is the first task!
[2024-06-24 15:04:16,493] {bash.py:169} INFO - Output:
[2024-06-24 15:04:16,506] {bash.py:173} INFO - hello world, this is the first task!
[2024-06-24 15:04:16,510] {bash.py:177} INFO - Command exited with return code 0
[2024-06-24 15:04:16,802] {taskinstance.py:1166} INFO - Marking task as SUCCESS. dag_id=our_first_dag_v5, task_id=first_task, execution_date=20240229T000000, start_date=20240624T150415, end_date=20240624T150416
[2024-06-24 15:04:16,990] {taskinstance.py:1220} INFO - 2 downstream tasks scheduled from follow-on schedule check
[2024-06-24 15:04:17,019] {local_task_job.py:146} INFO - Task exited with return code 0
