[2024-06-24 12:58:59,116] {taskinstance.py:851} INFO - Dependencies all met for <TaskInstance: our_dag_with_python_operator_v07.get_name 2022-02-19T00:00:00+00:00 [queued]>
[2024-06-24 12:58:59,284] {taskinstance.py:851} INFO - Dependencies all met for <TaskInstance: our_dag_with_python_operator_v07.get_name 2022-02-19T00:00:00+00:00 [queued]>
[2024-06-24 12:58:59,298] {taskinstance.py:1042} INFO - 
--------------------------------------------------------------------------------
[2024-06-24 12:58:59,300] {taskinstance.py:1043} INFO - Starting attempt 1 of 6
[2024-06-24 12:58:59,309] {taskinstance.py:1044} INFO - 
--------------------------------------------------------------------------------
[2024-06-24 12:58:59,448] {taskinstance.py:1063} INFO - Executing <Task(PythonOperator): get_name> on 2022-02-19T00:00:00+00:00
[2024-06-24 12:58:59,563] {standard_task_runner.py:52} INFO - Started process 33960 to run task
[2024-06-24 12:58:59,678] {standard_task_runner.py:76} INFO - Running: ['airflow', 'tasks', 'run', 'our_dag_with_python_operator_v07', 'get_name', '2022-02-19T00:00:00+00:00', '--job-id', '2072', '--pool', 'default_pool', '--raw', '--subdir', 'DAGS_FOLDER/create_dag_with_python_operator.py', '--cfg-path', '/tmp/tmpi60762p3', '--error-file', '/tmp/tmp95kr291i']
[2024-06-24 12:58:59,688] {standard_task_runner.py:77} INFO - Job 2072: Subtask get_name
[2024-06-24 12:59:00,100] {logging_mixin.py:104} INFO - Running <TaskInstance: our_dag_with_python_operator_v07.get_name 2022-02-19T00:00:00+00:00 [running]> on host 799b1e36e3f1
[2024-06-24 12:59:00,467] {taskinstance.py:1257} INFO - Exporting the following env vars:
AIRFLOW_CTX_DAG_OWNER=coder2j
AIRFLOW_CTX_DAG_ID=our_dag_with_python_operator_v07
AIRFLOW_CTX_TASK_ID=get_name
AIRFLOW_CTX_EXECUTION_DATE=2022-02-19T00:00:00+00:00
AIRFLOW_CTX_DAG_RUN_ID=scheduled__2022-02-19T00:00:00+00:00
[2024-06-24 12:59:00,583] {python.py:118} INFO - Done. Returned value was: None
[2024-06-24 12:59:00,641] {taskinstance.py:1166} INFO - Marking task as SUCCESS. dag_id=our_dag_with_python_operator_v07, task_id=get_name, execution_date=20220219T000000, start_date=20240624T125859, end_date=20240624T125900
[2024-06-24 12:59:00,864] {taskinstance.py:1220} INFO - 0 downstream tasks scheduled from follow-on schedule check
[2024-06-24 12:59:00,925] {local_task_job.py:146} INFO - Task exited with return code 0
