[2024-06-24 15:01:59,131] {taskinstance.py:851} INFO - Dependencies all met for <TaskInstance: dag_with_taskflow_api_v02.greet 2024-02-03T00:00:00+00:00 [queued]>
[2024-06-24 15:01:59,175] {taskinstance.py:851} INFO - Dependencies all met for <TaskInstance: dag_with_taskflow_api_v02.greet 2024-02-03T00:00:00+00:00 [queued]>
[2024-06-24 15:01:59,177] {taskinstance.py:1042} INFO - 
--------------------------------------------------------------------------------
[2024-06-24 15:01:59,181] {taskinstance.py:1043} INFO - Starting attempt 1 of 6
[2024-06-24 15:01:59,181] {taskinstance.py:1044} INFO - 
--------------------------------------------------------------------------------
[2024-06-24 15:01:59,243] {taskinstance.py:1063} INFO - Executing <Task(_PythonDecoratedOperator): greet> on 2024-02-03T00:00:00+00:00
[2024-06-24 15:01:59,256] {standard_task_runner.py:52} INFO - Started process 28788 to run task
[2024-06-24 15:01:59,271] {standard_task_runner.py:76} INFO - Running: ['airflow', 'tasks', 'run', 'dag_with_taskflow_api_v02', 'greet', '2024-02-03T00:00:00+00:00', '--job-id', '10234', '--pool', 'default_pool', '--raw', '--subdir', 'DAGS_FOLDER/dag_with_taskflow_api.py', '--cfg-path', '/tmp/tmp8l63l_eb', '--error-file', '/tmp/tmp6gcpmnm9']
[2024-06-24 15:01:59,283] {standard_task_runner.py:77} INFO - Job 10234: Subtask greet
[2024-06-24 15:01:59,431] {logging_mixin.py:104} INFO - Running <TaskInstance: dag_with_taskflow_api_v02.greet 2024-02-03T00:00:00+00:00 [running]> on host 799b1e36e3f1
[2024-06-24 15:01:59,661] {taskinstance.py:1257} INFO - Exporting the following env vars:
AIRFLOW_CTX_DAG_OWNER=coder2j
AIRFLOW_CTX_DAG_ID=dag_with_taskflow_api_v02
AIRFLOW_CTX_TASK_ID=greet
AIRFLOW_CTX_EXECUTION_DATE=2024-02-03T00:00:00+00:00
AIRFLOW_CTX_DAG_RUN_ID=scheduled__2024-02-03T00:00:00+00:00
[2024-06-24 15:01:59,669] {logging_mixin.py:104} INFO - Hello World! My name is Jerry Fridman and I am 19 years old!
[2024-06-24 15:01:59,705] {taskinstance.py:1166} INFO - Marking task as SUCCESS. dag_id=dag_with_taskflow_api_v02, task_id=greet, execution_date=20240203T000000, start_date=20240624T150159, end_date=20240624T150159
[2024-06-24 15:01:59,835] {taskinstance.py:1220} INFO - 0 downstream tasks scheduled from follow-on schedule check
[2024-06-24 15:01:59,867] {local_task_job.py:146} INFO - Task exited with return code 0
