[2024-06-24 14:17:56,857] {taskinstance.py:851} INFO - Dependencies all met for <TaskInstance: our_first_dag_v5.first_task 2022-02-24T00:00:00+00:00 [queued]>
[2024-06-24 14:17:56,941] {taskinstance.py:851} INFO - Dependencies all met for <TaskInstance: our_first_dag_v5.first_task 2022-02-24T00:00:00+00:00 [queued]>
[2024-06-24 14:17:56,943] {taskinstance.py:1042} INFO - 
--------------------------------------------------------------------------------
[2024-06-24 14:17:56,944] {taskinstance.py:1043} INFO - Starting attempt 1 of 6
[2024-06-24 14:17:57,015] {taskinstance.py:1044} INFO - 
--------------------------------------------------------------------------------
[2024-06-24 14:17:57,146] {taskinstance.py:1063} INFO - Executing <Task(BashOperator): first_task> on 2022-02-24T00:00:00+00:00
[2024-06-24 14:17:57,171] {standard_task_runner.py:52} INFO - Started process 244 to run task
[2024-06-24 14:17:57,228] {standard_task_runner.py:76} INFO - Running: ['airflow', 'tasks', 'run', 'our_first_dag_v5', 'first_task', '2022-02-24T00:00:00+00:00', '--job-id', '2866', '--pool', 'default_pool', '--raw', '--subdir', 'DAGS_FOLDER/our_first_dag.py', '--cfg-path', '/tmp/tmp29hrzvpi', '--error-file', '/tmp/tmp7xyyeses']
[2024-06-24 14:17:57,275] {standard_task_runner.py:77} INFO - Job 2866: Subtask first_task
[2024-06-24 14:17:57,866] {logging_mixin.py:104} INFO - Running <TaskInstance: our_first_dag_v5.first_task 2022-02-24T00:00:00+00:00 [running]> on host 799b1e36e3f1
[2024-06-24 14:17:58,433] {taskinstance.py:1257} INFO - Exporting the following env vars:
AIRFLOW_CTX_DAG_OWNER=coder2j
AIRFLOW_CTX_DAG_ID=our_first_dag_v5
AIRFLOW_CTX_TASK_ID=first_task
AIRFLOW_CTX_EXECUTION_DATE=2022-02-24T00:00:00+00:00
AIRFLOW_CTX_DAG_RUN_ID=scheduled__2022-02-24T00:00:00+00:00
[2024-06-24 14:17:58,466] {bash.py:135} INFO - Tmp dir root location: 
 /tmp
[2024-06-24 14:17:58,468] {bash.py:158} INFO - Running command: echo hello world, this is the first task!
[2024-06-24 14:17:58,514] {bash.py:169} INFO - Output:
[2024-06-24 14:17:58,525] {bash.py:173} INFO - hello world, this is the first task!
[2024-06-24 14:17:58,526] {bash.py:177} INFO - Command exited with return code 0
[2024-06-24 14:17:58,750] {taskinstance.py:1166} INFO - Marking task as SUCCESS. dag_id=our_first_dag_v5, task_id=first_task, execution_date=20220224T000000, start_date=20240624T141756, end_date=20240624T141758
[2024-06-24 14:17:59,111] {taskinstance.py:1220} INFO - 2 downstream tasks scheduled from follow-on schedule check
[2024-06-24 14:17:59,170] {local_task_job.py:146} INFO - Task exited with return code 0
