[2024-07-23 11:11:24,091] {taskinstance.py:851} INFO - Dependencies all met for <TaskInstance: our_first_dag_v5.first_task 2024-07-20T00:00:00+00:00 [queued]>
[2024-07-23 11:11:24,164] {taskinstance.py:851} INFO - Dependencies all met for <TaskInstance: our_first_dag_v5.first_task 2024-07-20T00:00:00+00:00 [queued]>
[2024-07-23 11:11:24,175] {taskinstance.py:1042} INFO - 
--------------------------------------------------------------------------------
[2024-07-23 11:11:24,176] {taskinstance.py:1043} INFO - Starting attempt 1 of 6
[2024-07-23 11:11:24,177] {taskinstance.py:1044} INFO - 
--------------------------------------------------------------------------------
[2024-07-23 11:11:24,241] {taskinstance.py:1063} INFO - Executing <Task(BashOperator): first_task> on 2024-07-20T00:00:00+00:00
[2024-07-23 11:11:24,261] {standard_task_runner.py:52} INFO - Started process 314 to run task
[2024-07-23 11:11:24,297] {standard_task_runner.py:76} INFO - Running: ['airflow', 'tasks', 'run', 'our_first_dag_v5', 'first_task', '2024-07-20T00:00:00+00:00', '--job-id', '12482', '--pool', 'default_pool', '--raw', '--subdir', 'DAGS_FOLDER/our_first_dag.py', '--cfg-path', '/tmp/tmpd8a1v7iq', '--error-file', '/tmp/tmpwcjvrzcl']
[2024-07-23 11:11:24,307] {standard_task_runner.py:77} INFO - Job 12482: Subtask first_task
[2024-07-23 11:11:24,527] {logging_mixin.py:104} INFO - Running <TaskInstance: our_first_dag_v5.first_task 2024-07-20T00:00:00+00:00 [running]> on host 799b1e36e3f1
[2024-07-23 11:11:25,114] {taskinstance.py:1257} INFO - Exporting the following env vars:
AIRFLOW_CTX_DAG_OWNER=coder2j
AIRFLOW_CTX_DAG_ID=our_first_dag_v5
AIRFLOW_CTX_TASK_ID=first_task
AIRFLOW_CTX_EXECUTION_DATE=2024-07-20T00:00:00+00:00
AIRFLOW_CTX_DAG_RUN_ID=scheduled__2024-07-20T00:00:00+00:00
[2024-07-23 11:11:25,132] {bash.py:135} INFO - Tmp dir root location: 
 /tmp
[2024-07-23 11:11:25,143] {bash.py:158} INFO - Running command: echo hello world, this is the first task!
[2024-07-23 11:11:25,221] {bash.py:169} INFO - Output:
[2024-07-23 11:11:25,267] {bash.py:173} INFO - hello world, this is the first task!
[2024-07-23 11:11:25,268] {bash.py:177} INFO - Command exited with return code 0
[2024-07-23 11:11:25,572] {taskinstance.py:1166} INFO - Marking task as SUCCESS. dag_id=our_first_dag_v5, task_id=first_task, execution_date=20240720T000000, start_date=20240723T111124, end_date=20240723T111125
[2024-07-23 11:11:25,774] {taskinstance.py:1220} INFO - 2 downstream tasks scheduled from follow-on schedule check
[2024-07-23 11:11:25,828] {local_task_job.py:146} INFO - Task exited with return code 0
