[2024-08-14 19:08:00,991] {taskinstance.py:851} INFO - Dependencies all met for <TaskInstance: our_dag_with_python_operator_v07.get_name 2024-08-13T00:00:00+00:00 [queued]>
[2024-08-14 19:08:01,047] {taskinstance.py:851} INFO - Dependencies all met for <TaskInstance: our_dag_with_python_operator_v07.get_name 2024-08-13T00:00:00+00:00 [queued]>
[2024-08-14 19:08:01,050] {taskinstance.py:1042} INFO - 
--------------------------------------------------------------------------------
[2024-08-14 19:08:01,052] {taskinstance.py:1043} INFO - Starting attempt 1 of 6
[2024-08-14 19:08:01,054] {taskinstance.py:1044} INFO - 
--------------------------------------------------------------------------------
[2024-08-14 19:08:01,147] {taskinstance.py:1063} INFO - Executing <Task(PythonOperator): get_name> on 2024-08-13T00:00:00+00:00
[2024-08-14 19:08:01,191] {standard_task_runner.py:52} INFO - Started process 185 to run task
[2024-08-14 19:08:01,268] {standard_task_runner.py:76} INFO - Running: ['airflow', 'tasks', 'run', 'our_dag_with_python_operator_v07', 'get_name', '2024-08-13T00:00:00+00:00', '--job-id', '12804', '--pool', 'default_pool', '--raw', '--subdir', 'DAGS_FOLDER/create_dag_with_python_operator.py', '--cfg-path', '/tmp/tmp_szi8o61', '--error-file', '/tmp/tmp9p8tmgdj']
[2024-08-14 19:08:01,349] {standard_task_runner.py:77} INFO - Job 12804: Subtask get_name
[2024-08-14 19:08:01,706] {logging_mixin.py:104} INFO - Running <TaskInstance: our_dag_with_python_operator_v07.get_name 2024-08-13T00:00:00+00:00 [running]> on host 799b1e36e3f1
[2024-08-14 19:08:02,134] {taskinstance.py:1257} INFO - Exporting the following env vars:
AIRFLOW_CTX_DAG_OWNER=coder2j
AIRFLOW_CTX_DAG_ID=our_dag_with_python_operator_v07
AIRFLOW_CTX_TASK_ID=get_name
AIRFLOW_CTX_EXECUTION_DATE=2024-08-13T00:00:00+00:00
AIRFLOW_CTX_DAG_RUN_ID=scheduled__2024-08-13T00:00:00+00:00
[2024-08-14 19:08:02,448] {python.py:118} INFO - Done. Returned value was: None
[2024-08-14 19:08:02,510] {taskinstance.py:1166} INFO - Marking task as SUCCESS. dag_id=our_dag_with_python_operator_v07, task_id=get_name, execution_date=20240813T000000, start_date=20240814T190800, end_date=20240814T190802
[2024-08-14 19:08:02,736] {taskinstance.py:1220} INFO - 0 downstream tasks scheduled from follow-on schedule check
[2024-08-14 19:08:02,759] {local_task_job.py:146} INFO - Task exited with return code 0
