[2024-06-24 15:05:03,419] {taskinstance.py:851} INFO - Dependencies all met for <TaskInstance: dag_with_taskflow_api_v02.get_name 2024-05-25T00:00:00+00:00 [queued]>
[2024-06-24 15:05:03,528] {taskinstance.py:851} INFO - Dependencies all met for <TaskInstance: dag_with_taskflow_api_v02.get_name 2024-05-25T00:00:00+00:00 [queued]>
[2024-06-24 15:05:03,541] {taskinstance.py:1042} INFO - 
--------------------------------------------------------------------------------
[2024-06-24 15:05:03,546] {taskinstance.py:1043} INFO - Starting attempt 1 of 6
[2024-06-24 15:05:03,577] {taskinstance.py:1044} INFO - 
--------------------------------------------------------------------------------
[2024-06-24 15:05:03,705] {taskinstance.py:1063} INFO - Executing <Task(_PythonDecoratedOperator): get_name> on 2024-05-25T00:00:00+00:00
[2024-06-24 15:05:03,723] {standard_task_runner.py:52} INFO - Started process 32987 to run task
[2024-06-24 15:05:03,735] {standard_task_runner.py:76} INFO - Running: ['airflow', 'tasks', 'run', 'dag_with_taskflow_api_v02', 'get_name', '2024-05-25T00:00:00+00:00', '--job-id', '11330', '--pool', 'default_pool', '--raw', '--subdir', 'DAGS_FOLDER/dag_with_taskflow_api.py', '--cfg-path', '/tmp/tmpykovb6ak', '--error-file', '/tmp/tmp19htth0e']
[2024-06-24 15:05:03,748] {standard_task_runner.py:77} INFO - Job 11330: Subtask get_name
[2024-06-24 15:05:03,968] {logging_mixin.py:104} INFO - Running <TaskInstance: dag_with_taskflow_api_v02.get_name 2024-05-25T00:00:00+00:00 [running]> on host 799b1e36e3f1
[2024-06-24 15:05:04,137] {taskinstance.py:1257} INFO - Exporting the following env vars:
AIRFLOW_CTX_DAG_OWNER=coder2j
AIRFLOW_CTX_DAG_ID=dag_with_taskflow_api_v02
AIRFLOW_CTX_TASK_ID=get_name
AIRFLOW_CTX_EXECUTION_DATE=2024-05-25T00:00:00+00:00
AIRFLOW_CTX_DAG_RUN_ID=scheduled__2024-05-25T00:00:00+00:00
[2024-06-24 15:05:04,296] {taskinstance.py:1166} INFO - Marking task as SUCCESS. dag_id=dag_with_taskflow_api_v02, task_id=get_name, execution_date=20240525T000000, start_date=20240624T150503, end_date=20240624T150504
[2024-06-24 15:05:04,471] {taskinstance.py:1220} INFO - 1 downstream tasks scheduled from follow-on schedule check
[2024-06-24 15:05:04,495] {local_task_job.py:146} INFO - Task exited with return code 0
