[2024-06-24 15:04:17,501] {taskinstance.py:851} INFO - Dependencies all met for <TaskInstance: our_dag_with_python_operator_v07.greet 2024-04-21T00:00:00+00:00 [queued]>
[2024-06-24 15:04:17,553] {taskinstance.py:851} INFO - Dependencies all met for <TaskInstance: our_dag_with_python_operator_v07.greet 2024-04-21T00:00:00+00:00 [queued]>
[2024-06-24 15:04:17,556] {taskinstance.py:1042} INFO - 
--------------------------------------------------------------------------------
[2024-06-24 15:04:17,557] {taskinstance.py:1043} INFO - Starting attempt 1 of 6
[2024-06-24 15:04:17,558] {taskinstance.py:1044} INFO - 
--------------------------------------------------------------------------------
[2024-06-24 15:04:17,597] {taskinstance.py:1063} INFO - Executing <Task(PythonOperator): greet> on 2024-04-21T00:00:00+00:00
[2024-06-24 15:04:17,620] {standard_task_runner.py:52} INFO - Started process 31889 to run task
[2024-06-24 15:04:17,684] {standard_task_runner.py:76} INFO - Running: ['airflow', 'tasks', 'run', 'our_dag_with_python_operator_v07', 'greet', '2024-04-21T00:00:00+00:00', '--job-id', '11048', '--pool', 'default_pool', '--raw', '--subdir', 'DAGS_FOLDER/create_dag_with_python_operator.py', '--cfg-path', '/tmp/tmp32ir10gj', '--error-file', '/tmp/tmp57saihrk']
[2024-06-24 15:04:17,696] {standard_task_runner.py:77} INFO - Job 11048: Subtask greet
[2024-06-24 15:04:17,960] {logging_mixin.py:104} INFO - Running <TaskInstance: our_dag_with_python_operator_v07.greet 2024-04-21T00:00:00+00:00 [running]> on host 799b1e36e3f1
[2024-06-24 15:04:18,172] {taskinstance.py:1257} INFO - Exporting the following env vars:
AIRFLOW_CTX_DAG_OWNER=coder2j
AIRFLOW_CTX_DAG_ID=our_dag_with_python_operator_v07
AIRFLOW_CTX_TASK_ID=greet
AIRFLOW_CTX_EXECUTION_DATE=2024-04-21T00:00:00+00:00
AIRFLOW_CTX_DAG_RUN_ID=scheduled__2024-04-21T00:00:00+00:00
[2024-06-24 15:04:18,187] {logging_mixin.py:104} INFO - some dict:  {'a': 1, 'b': 2}
[2024-06-24 15:04:18,292] {logging_mixin.py:104} INFO - Hello World! My name is Jerry Fridman, and I am 19 years old!
[2024-06-24 15:04:18,298] {python.py:118} INFO - Done. Returned value was: None
[2024-06-24 15:04:18,351] {taskinstance.py:1166} INFO - Marking task as SUCCESS. dag_id=our_dag_with_python_operator_v07, task_id=greet, execution_date=20240421T000000, start_date=20240624T150417, end_date=20240624T150418
[2024-06-24 15:04:18,546] {taskinstance.py:1220} INFO - 0 downstream tasks scheduled from follow-on schedule check
[2024-06-24 15:04:18,637] {local_task_job.py:146} INFO - Task exited with return code 0
