[2024-06-24 14:20:20,489] {taskinstance.py:851} INFO - Dependencies all met for <TaskInstance: our_first_dag_v5.second_task 2022-05-12T00:00:00+00:00 [queued]>
[2024-06-24 14:20:20,555] {taskinstance.py:851} INFO - Dependencies all met for <TaskInstance: our_first_dag_v5.second_task 2022-05-12T00:00:00+00:00 [queued]>
[2024-06-24 14:20:20,561] {taskinstance.py:1042} INFO - 
--------------------------------------------------------------------------------
[2024-06-24 14:20:20,567] {taskinstance.py:1043} INFO - Starting attempt 1 of 6
[2024-06-24 14:20:20,574] {taskinstance.py:1044} INFO - 
--------------------------------------------------------------------------------
[2024-06-24 14:20:20,660] {taskinstance.py:1063} INFO - Executing <Task(BashOperator): second_task> on 2022-05-12T00:00:00+00:00
[2024-06-24 14:20:20,668] {standard_task_runner.py:52} INFO - Started process 3631 to run task
[2024-06-24 14:20:20,688] {standard_task_runner.py:76} INFO - Running: ['airflow', 'tasks', 'run', 'our_first_dag_v5', 'second_task', '2022-05-12T00:00:00+00:00', '--job-id', '3762', '--pool', 'default_pool', '--raw', '--subdir', 'DAGS_FOLDER/our_first_dag.py', '--cfg-path', '/tmp/tmpu8neqtee', '--error-file', '/tmp/tmp0u48gkwa']
[2024-06-24 14:20:20,701] {standard_task_runner.py:77} INFO - Job 3762: Subtask second_task
[2024-06-24 14:20:21,131] {logging_mixin.py:104} INFO - Running <TaskInstance: our_first_dag_v5.second_task 2022-05-12T00:00:00+00:00 [running]> on host 799b1e36e3f1
[2024-06-24 14:20:21,715] {taskinstance.py:1257} INFO - Exporting the following env vars:
AIRFLOW_CTX_DAG_OWNER=coder2j
AIRFLOW_CTX_DAG_ID=our_first_dag_v5
AIRFLOW_CTX_TASK_ID=second_task
AIRFLOW_CTX_EXECUTION_DATE=2022-05-12T00:00:00+00:00
AIRFLOW_CTX_DAG_RUN_ID=scheduled__2022-05-12T00:00:00+00:00
[2024-06-24 14:20:21,718] {bash.py:135} INFO - Tmp dir root location: 
 /tmp
[2024-06-24 14:20:21,719] {bash.py:158} INFO - Running command: echo hey, I am task2 and will be running after task1!
[2024-06-24 14:20:21,746] {bash.py:169} INFO - Output:
[2024-06-24 14:20:21,780] {bash.py:173} INFO - hey, I am task2 and will be running after task1!
[2024-06-24 14:20:21,782] {bash.py:177} INFO - Command exited with return code 0
[2024-06-24 14:20:22,239] {taskinstance.py:1166} INFO - Marking task as SUCCESS. dag_id=our_first_dag_v5, task_id=second_task, execution_date=20220512T000000, start_date=20240624T142020, end_date=20240624T142022
[2024-06-24 14:20:22,511] {taskinstance.py:1220} INFO - 0 downstream tasks scheduled from follow-on schedule check
[2024-06-24 14:20:22,580] {local_task_job.py:146} INFO - Task exited with return code 0
