[2024-06-24 12:52:03,510] {taskinstance.py:851} INFO - Dependencies all met for <TaskInstance: our_first_dag_v5.first_task 2021-08-01T00:00:00+00:00 [queued]>
[2024-06-24 12:52:03,671] {taskinstance.py:851} INFO - Dependencies all met for <TaskInstance: our_first_dag_v5.first_task 2021-08-01T00:00:00+00:00 [queued]>
[2024-06-24 12:52:03,679] {taskinstance.py:1042} INFO - 
--------------------------------------------------------------------------------
[2024-06-24 12:52:03,684] {taskinstance.py:1043} INFO - Starting attempt 1 of 6
[2024-06-24 12:52:03,686] {taskinstance.py:1044} INFO - 
--------------------------------------------------------------------------------
[2024-06-24 12:52:03,792] {taskinstance.py:1063} INFO - Executing <Task(BashOperator): first_task> on 2021-08-01T00:00:00+00:00
[2024-06-24 12:52:03,825] {standard_task_runner.py:52} INFO - Started process 27356 to run task
[2024-06-24 12:52:03,876] {standard_task_runner.py:76} INFO - Running: ['airflow', 'tasks', 'run', 'our_first_dag_v5', 'first_task', '2021-08-01T00:00:00+00:00', '--job-id', '484', '--pool', 'default_pool', '--raw', '--subdir', 'DAGS_FOLDER/our_first_dag.py', '--cfg-path', '/tmp/tmp_z05jgqf', '--error-file', '/tmp/tmpwtn772y9']
[2024-06-24 12:52:03,915] {standard_task_runner.py:77} INFO - Job 484: Subtask first_task
[2024-06-24 12:52:04,493] {logging_mixin.py:104} INFO - Running <TaskInstance: our_first_dag_v5.first_task 2021-08-01T00:00:00+00:00 [running]> on host 799b1e36e3f1
[2024-06-24 12:52:05,084] {taskinstance.py:1257} INFO - Exporting the following env vars:
AIRFLOW_CTX_DAG_OWNER=coder2j
AIRFLOW_CTX_DAG_ID=our_first_dag_v5
AIRFLOW_CTX_TASK_ID=first_task
AIRFLOW_CTX_EXECUTION_DATE=2021-08-01T00:00:00+00:00
AIRFLOW_CTX_DAG_RUN_ID=scheduled__2021-08-01T00:00:00+00:00
[2024-06-24 12:52:05,153] {bash.py:135} INFO - Tmp dir root location: 
 /tmp
[2024-06-24 12:52:05,180] {bash.py:158} INFO - Running command: echo hello world, this is the first task!
[2024-06-24 12:52:05,316] {bash.py:169} INFO - Output:
[2024-06-24 12:52:05,335] {bash.py:173} INFO - hello world, this is the first task!
[2024-06-24 12:52:05,341] {bash.py:177} INFO - Command exited with return code 0
[2024-06-24 12:52:05,695] {taskinstance.py:1166} INFO - Marking task as SUCCESS. dag_id=our_first_dag_v5, task_id=first_task, execution_date=20210801T000000, start_date=20240624T125203, end_date=20240624T125205
[2024-06-24 12:52:05,958] {taskinstance.py:1220} INFO - 2 downstream tasks scheduled from follow-on schedule check
[2024-06-24 12:52:06,009] {local_task_job.py:146} INFO - Task exited with return code 0
