[2024-06-24 12:54:31,169] {taskinstance.py:851} INFO - Dependencies all met for <TaskInstance: dag_with_taskflow_api_v02.get_name 2021-12-14T00:00:00+00:00 [queued]>
[2024-06-24 12:54:31,350] {taskinstance.py:851} INFO - Dependencies all met for <TaskInstance: dag_with_taskflow_api_v02.get_name 2021-12-14T00:00:00+00:00 [queued]>
[2024-06-24 12:54:31,352] {taskinstance.py:1042} INFO - 
--------------------------------------------------------------------------------
[2024-06-24 12:54:31,356] {taskinstance.py:1043} INFO - Starting attempt 1 of 6
[2024-06-24 12:54:31,367] {taskinstance.py:1044} INFO - 
--------------------------------------------------------------------------------
[2024-06-24 12:54:31,451] {taskinstance.py:1063} INFO - Executing <Task(_PythonDecoratedOperator): get_name> on 2021-12-14T00:00:00+00:00
[2024-06-24 12:54:31,485] {standard_task_runner.py:52} INFO - Started process 29642 to run task
[2024-06-24 12:54:31,515] {standard_task_runner.py:76} INFO - Running: ['airflow', 'tasks', 'run', 'dag_with_taskflow_api_v02', 'get_name', '2021-12-14T00:00:00+00:00', '--job-id', '1027', '--pool', 'default_pool', '--raw', '--subdir', 'DAGS_FOLDER/dag_with_taskflow_api.py', '--cfg-path', '/tmp/tmp9tikiys3', '--error-file', '/tmp/tmpwlod90us']
[2024-06-24 12:54:31,537] {standard_task_runner.py:77} INFO - Job 1027: Subtask get_name
[2024-06-24 12:54:31,950] {logging_mixin.py:104} INFO - Running <TaskInstance: dag_with_taskflow_api_v02.get_name 2021-12-14T00:00:00+00:00 [running]> on host 799b1e36e3f1
[2024-06-24 12:54:32,285] {taskinstance.py:1257} INFO - Exporting the following env vars:
AIRFLOW_CTX_DAG_OWNER=coder2j
AIRFLOW_CTX_DAG_ID=dag_with_taskflow_api_v02
AIRFLOW_CTX_TASK_ID=get_name
AIRFLOW_CTX_EXECUTION_DATE=2021-12-14T00:00:00+00:00
AIRFLOW_CTX_DAG_RUN_ID=scheduled__2021-12-14T00:00:00+00:00
[2024-06-24 12:54:32,564] {taskinstance.py:1166} INFO - Marking task as SUCCESS. dag_id=dag_with_taskflow_api_v02, task_id=get_name, execution_date=20211214T000000, start_date=20240624T125431, end_date=20240624T125432
[2024-06-24 12:54:32,718] {taskinstance.py:1220} INFO - 0 downstream tasks scheduled from follow-on schedule check
[2024-06-24 12:54:32,773] {local_task_job.py:146} INFO - Task exited with return code 0
