[2024-06-24 14:55:49,462] {taskinstance.py:851} INFO - Dependencies all met for <TaskInstance: dag_with_taskflow_api_v02.get_age 2024-01-18T00:00:00+00:00 [queued]>
[2024-06-24 14:55:49,581] {taskinstance.py:851} INFO - Dependencies all met for <TaskInstance: dag_with_taskflow_api_v02.get_age 2024-01-18T00:00:00+00:00 [queued]>
[2024-06-24 14:55:49,590] {taskinstance.py:1042} INFO - 
--------------------------------------------------------------------------------
[2024-06-24 14:55:49,595] {taskinstance.py:1043} INFO - Starting attempt 1 of 6
[2024-06-24 14:55:49,609] {taskinstance.py:1044} INFO - 
--------------------------------------------------------------------------------
[2024-06-24 14:55:49,833] {taskinstance.py:1063} INFO - Executing <Task(_PythonDecoratedOperator): get_age> on 2024-01-18T00:00:00+00:00
[2024-06-24 14:55:49,907] {standard_task_runner.py:52} INFO - Started process 27691 to run task
[2024-06-24 14:55:49,933] {standard_task_runner.py:76} INFO - Running: ['airflow', 'tasks', 'run', 'dag_with_taskflow_api_v02', 'get_age', '2024-01-18T00:00:00+00:00', '--job-id', '9972', '--pool', 'default_pool', '--raw', '--subdir', 'DAGS_FOLDER/dag_with_taskflow_api.py', '--cfg-path', '/tmp/tmp_jmab6lm', '--error-file', '/tmp/tmpi030lzwt']
[2024-06-24 14:55:50,111] {standard_task_runner.py:77} INFO - Job 9972: Subtask get_age
[2024-06-24 14:55:51,140] {logging_mixin.py:104} INFO - Running <TaskInstance: dag_with_taskflow_api_v02.get_age 2024-01-18T00:00:00+00:00 [running]> on host 799b1e36e3f1
[2024-06-24 14:55:52,227] {taskinstance.py:1257} INFO - Exporting the following env vars:
AIRFLOW_CTX_DAG_OWNER=coder2j
AIRFLOW_CTX_DAG_ID=dag_with_taskflow_api_v02
AIRFLOW_CTX_TASK_ID=get_age
AIRFLOW_CTX_EXECUTION_DATE=2024-01-18T00:00:00+00:00
AIRFLOW_CTX_DAG_RUN_ID=scheduled__2024-01-18T00:00:00+00:00
[2024-06-24 14:55:52,774] {taskinstance.py:1166} INFO - Marking task as SUCCESS. dag_id=dag_with_taskflow_api_v02, task_id=get_age, execution_date=20240118T000000, start_date=20240624T145549, end_date=20240624T145552
[2024-06-24 14:55:53,835] {taskinstance.py:1220} INFO - 0 downstream tasks scheduled from follow-on schedule check
[2024-06-24 14:55:54,041] {local_task_job.py:146} INFO - Task exited with return code 0
