[2024-06-24 15:02:52,639] {taskinstance.py:851} INFO - Dependencies all met for <TaskInstance: dag_with_python_dependencies_v03.get_sklearn 2023-12-03T00:00:00+00:00 [queued]>
[2024-06-24 15:02:52,667] {taskinstance.py:851} INFO - Dependencies all met for <TaskInstance: dag_with_python_dependencies_v03.get_sklearn 2023-12-03T00:00:00+00:00 [queued]>
[2024-06-24 15:02:52,672] {taskinstance.py:1042} INFO - 
--------------------------------------------------------------------------------
[2024-06-24 15:02:52,674] {taskinstance.py:1043} INFO - Starting attempt 1 of 1
[2024-06-24 15:02:52,675] {taskinstance.py:1044} INFO - 
--------------------------------------------------------------------------------
[2024-06-24 15:02:52,716] {taskinstance.py:1063} INFO - Executing <Task(PythonOperator): get_sklearn> on 2023-12-03T00:00:00+00:00
[2024-06-24 15:02:52,728] {standard_task_runner.py:52} INFO - Started process 30040 to run task
[2024-06-24 15:02:52,753] {standard_task_runner.py:76} INFO - Running: ['airflow', 'tasks', 'run', 'dag_with_python_dependencies_v03', 'get_sklearn', '2023-12-03T00:00:00+00:00', '--job-id', '10569', '--pool', 'default_pool', '--raw', '--subdir', 'DAGS_FOLDER/dag_with_python_dependencies.py', '--cfg-path', '/tmp/tmp8oclqq8a', '--error-file', '/tmp/tmpsvpe_440']
[2024-06-24 15:02:52,758] {standard_task_runner.py:77} INFO - Job 10569: Subtask get_sklearn
[2024-06-24 15:02:53,017] {logging_mixin.py:104} INFO - Running <TaskInstance: dag_with_python_dependencies_v03.get_sklearn 2023-12-03T00:00:00+00:00 [running]> on host 799b1e36e3f1
[2024-06-24 15:02:53,209] {taskinstance.py:1257} INFO - Exporting the following env vars:
AIRFLOW_CTX_DAG_OWNER=coder2j
AIRFLOW_CTX_DAG_ID=dag_with_python_dependencies_v03
AIRFLOW_CTX_TASK_ID=get_sklearn
AIRFLOW_CTX_EXECUTION_DATE=2023-12-03T00:00:00+00:00
AIRFLOW_CTX_DAG_RUN_ID=scheduled__2023-12-03T00:00:00+00:00
[2024-06-24 15:02:57,603] {logging_mixin.py:104} INFO - sklearn with version: 0.24.2
[2024-06-24 15:02:57,604] {python.py:118} INFO - Done. Returned value was: None
[2024-06-24 15:02:57,677] {taskinstance.py:1166} INFO - Marking task as SUCCESS. dag_id=dag_with_python_dependencies_v03, task_id=get_sklearn, execution_date=20231203T000000, start_date=20240624T150252, end_date=20240624T150257
[2024-06-24 15:02:57,853] {taskinstance.py:1220} INFO - 1 downstream tasks scheduled from follow-on schedule check
[2024-06-24 15:02:57,888] {local_task_job.py:188} WARNING - State of this instance has been externally set to success. Terminating instance.
[2024-06-24 15:02:57,905] {process_utils.py:100} INFO - Sending Signals.SIGTERM to GPID 30040
[2024-06-24 15:02:57,908] {process_utils.py:66} INFO - Process psutil.Process(pid=30040, status='terminated', exitcode=0, started='15:02:51') (30040) terminated with exit code 0
