[2024-06-24 14:31:32,239] {taskinstance.py:851} INFO - Dependencies all met for <TaskInstance: our_dag_with_python_operator_v07.get_name 2023-09-18T00:00:00+00:00 [queued]>
[2024-06-24 14:31:32,265] {taskinstance.py:851} INFO - Dependencies all met for <TaskInstance: our_dag_with_python_operator_v07.get_name 2023-09-18T00:00:00+00:00 [queued]>
[2024-06-24 14:31:32,267] {taskinstance.py:1042} INFO - 
--------------------------------------------------------------------------------
[2024-06-24 14:31:32,270] {taskinstance.py:1043} INFO - Starting attempt 1 of 6
[2024-06-24 14:31:32,271] {taskinstance.py:1044} INFO - 
--------------------------------------------------------------------------------
[2024-06-24 14:31:32,307] {taskinstance.py:1063} INFO - Executing <Task(PythonOperator): get_name> on 2023-09-18T00:00:00+00:00
[2024-06-24 14:31:32,314] {standard_task_runner.py:52} INFO - Started process 20955 to run task
[2024-06-24 14:31:32,325] {standard_task_runner.py:76} INFO - Running: ['airflow', 'tasks', 'run', 'our_dag_with_python_operator_v07', 'get_name', '2023-09-18T00:00:00+00:00', '--job-id', '8407', '--pool', 'default_pool', '--raw', '--subdir', 'DAGS_FOLDER/create_dag_with_python_operator.py', '--cfg-path', '/tmp/tmppqe9v0ur', '--error-file', '/tmp/tmpdfrcwira']
[2024-06-24 14:31:32,344] {standard_task_runner.py:77} INFO - Job 8407: Subtask get_name
[2024-06-24 14:31:32,569] {logging_mixin.py:104} INFO - Running <TaskInstance: our_dag_with_python_operator_v07.get_name 2023-09-18T00:00:00+00:00 [running]> on host 799b1e36e3f1
[2024-06-24 14:31:32,691] {taskinstance.py:1257} INFO - Exporting the following env vars:
AIRFLOW_CTX_DAG_OWNER=coder2j
AIRFLOW_CTX_DAG_ID=our_dag_with_python_operator_v07
AIRFLOW_CTX_TASK_ID=get_name
AIRFLOW_CTX_EXECUTION_DATE=2023-09-18T00:00:00+00:00
AIRFLOW_CTX_DAG_RUN_ID=scheduled__2023-09-18T00:00:00+00:00
[2024-06-24 14:31:32,796] {python.py:118} INFO - Done. Returned value was: None
[2024-06-24 14:31:32,850] {taskinstance.py:1166} INFO - Marking task as SUCCESS. dag_id=our_dag_with_python_operator_v07, task_id=get_name, execution_date=20230918T000000, start_date=20240624T143132, end_date=20240624T143132
[2024-06-24 14:31:32,932] {taskinstance.py:1220} INFO - 0 downstream tasks scheduled from follow-on schedule check
[2024-06-24 14:31:32,966] {local_task_job.py:146} INFO - Task exited with return code 0
