[2024-08-01 17:19:49,937] {taskinstance.py:851} INFO - Dependencies all met for <TaskInstance: dag_with_taskflow_api_v02.greet 2024-07-27T00:00:00+00:00 [queued]>
[2024-08-01 17:19:50,059] {taskinstance.py:851} INFO - Dependencies all met for <TaskInstance: dag_with_taskflow_api_v02.greet 2024-07-27T00:00:00+00:00 [queued]>
[2024-08-01 17:19:50,062] {taskinstance.py:1042} INFO - 
--------------------------------------------------------------------------------
[2024-08-01 17:19:50,065] {taskinstance.py:1043} INFO - Starting attempt 1 of 6
[2024-08-01 17:19:50,066] {taskinstance.py:1044} INFO - 
--------------------------------------------------------------------------------
[2024-08-01 17:19:50,274] {taskinstance.py:1063} INFO - Executing <Task(_PythonDecoratedOperator): greet> on 2024-07-27T00:00:00+00:00
[2024-08-01 17:19:50,675] {standard_task_runner.py:52} INFO - Started process 285 to run task
[2024-08-01 17:19:50,677] {standard_task_runner.py:76} INFO - Running: ['airflow', 'tasks', 'run', 'dag_with_taskflow_api_v02', 'greet', '2024-07-27T00:00:00+00:00', '--job-id', '12612', '--pool', 'default_pool', '--raw', '--subdir', 'DAGS_FOLDER/dag_with_taskflow_api.py', '--cfg-path', '/tmp/tmps40o9ub_', '--error-file', '/tmp/tmp83pjlhcj']
[2024-08-01 17:19:50,821] {standard_task_runner.py:77} INFO - Job 12612: Subtask greet
[2024-08-01 17:19:51,638] {logging_mixin.py:104} INFO - Running <TaskInstance: dag_with_taskflow_api_v02.greet 2024-07-27T00:00:00+00:00 [running]> on host 799b1e36e3f1
[2024-08-01 17:19:53,299] {taskinstance.py:1257} INFO - Exporting the following env vars:
AIRFLOW_CTX_DAG_OWNER=coder2j
AIRFLOW_CTX_DAG_ID=dag_with_taskflow_api_v02
AIRFLOW_CTX_TASK_ID=greet
AIRFLOW_CTX_EXECUTION_DATE=2024-07-27T00:00:00+00:00
AIRFLOW_CTX_DAG_RUN_ID=scheduled__2024-07-27T00:00:00+00:00
[2024-08-01 17:19:53,326] {logging_mixin.py:104} INFO - Hello World! My name is Jerry Fridman and I am 19 years old!
[2024-08-01 17:19:53,491] {taskinstance.py:1166} INFO - Marking task as SUCCESS. dag_id=dag_with_taskflow_api_v02, task_id=greet, execution_date=20240727T000000, start_date=20240801T171949, end_date=20240801T171953
[2024-08-01 17:19:54,028] {taskinstance.py:1220} INFO - 0 downstream tasks scheduled from follow-on schedule check
[2024-08-01 17:19:54,605] {local_task_job.py:146} INFO - Task exited with return code 0
