[2024-06-24 15:04:54,597] {taskinstance.py:851} INFO - Dependencies all met for <TaskInstance: dag_with_taskflow_api_v02.get_age 2024-05-21T00:00:00+00:00 [queued]>
[2024-06-24 15:04:54,709] {taskinstance.py:851} INFO - Dependencies all met for <TaskInstance: dag_with_taskflow_api_v02.get_age 2024-05-21T00:00:00+00:00 [queued]>
[2024-06-24 15:04:54,710] {taskinstance.py:1042} INFO - 
--------------------------------------------------------------------------------
[2024-06-24 15:04:54,711] {taskinstance.py:1043} INFO - Starting attempt 1 of 6
[2024-06-24 15:04:54,712] {taskinstance.py:1044} INFO - 
--------------------------------------------------------------------------------
[2024-06-24 15:04:54,762] {taskinstance.py:1063} INFO - Executing <Task(_PythonDecoratedOperator): get_age> on 2024-05-21T00:00:00+00:00
[2024-06-24 15:04:54,814] {standard_task_runner.py:52} INFO - Started process 32803 to run task
[2024-06-24 15:04:54,830] {standard_task_runner.py:76} INFO - Running: ['airflow', 'tasks', 'run', 'dag_with_taskflow_api_v02', 'get_age', '2024-05-21T00:00:00+00:00', '--job-id', '11274', '--pool', 'default_pool', '--raw', '--subdir', 'DAGS_FOLDER/dag_with_taskflow_api.py', '--cfg-path', '/tmp/tmpex8fd8xc', '--error-file', '/tmp/tmp3kcm2jp4']
[2024-06-24 15:04:54,857] {standard_task_runner.py:77} INFO - Job 11274: Subtask get_age
[2024-06-24 15:04:55,149] {logging_mixin.py:104} INFO - Running <TaskInstance: dag_with_taskflow_api_v02.get_age 2024-05-21T00:00:00+00:00 [running]> on host 799b1e36e3f1
[2024-06-24 15:04:55,354] {taskinstance.py:1257} INFO - Exporting the following env vars:
AIRFLOW_CTX_DAG_OWNER=coder2j
AIRFLOW_CTX_DAG_ID=dag_with_taskflow_api_v02
AIRFLOW_CTX_TASK_ID=get_age
AIRFLOW_CTX_EXECUTION_DATE=2024-05-21T00:00:00+00:00
AIRFLOW_CTX_DAG_RUN_ID=scheduled__2024-05-21T00:00:00+00:00
[2024-06-24 15:04:55,506] {taskinstance.py:1166} INFO - Marking task as SUCCESS. dag_id=dag_with_taskflow_api_v02, task_id=get_age, execution_date=20240521T000000, start_date=20240624T150454, end_date=20240624T150455
[2024-06-24 15:04:55,628] {taskinstance.py:1220} INFO - 1 downstream tasks scheduled from follow-on schedule check
[2024-06-24 15:04:55,714] {local_task_job.py:146} INFO - Task exited with return code 0
