[2024-06-24 14:50:26,805] {taskinstance.py:851} INFO - Dependencies all met for <TaskInstance: our_dag_with_python_operator_v07.greet 2023-12-08T00:00:00+00:00 [queued]>
[2024-06-24 14:50:26,962] {taskinstance.py:851} INFO - Dependencies all met for <TaskInstance: our_dag_with_python_operator_v07.greet 2023-12-08T00:00:00+00:00 [queued]>
[2024-06-24 14:50:26,978] {taskinstance.py:1042} INFO - 
--------------------------------------------------------------------------------
[2024-06-24 14:50:26,980] {taskinstance.py:1043} INFO - Starting attempt 1 of 6
[2024-06-24 14:50:26,985] {taskinstance.py:1044} INFO - 
--------------------------------------------------------------------------------
[2024-06-24 14:50:27,308] {taskinstance.py:1063} INFO - Executing <Task(PythonOperator): greet> on 2023-12-08T00:00:00+00:00
[2024-06-24 14:50:27,377] {standard_task_runner.py:52} INFO - Started process 25159 to run task
[2024-06-24 14:50:27,559] {standard_task_runner.py:76} INFO - Running: ['airflow', 'tasks', 'run', 'our_dag_with_python_operator_v07', 'greet', '2023-12-08T00:00:00+00:00', '--job-id', '9369', '--pool', 'default_pool', '--raw', '--subdir', 'DAGS_FOLDER/create_dag_with_python_operator.py', '--cfg-path', '/tmp/tmph7pyworc', '--error-file', '/tmp/tmply9p69a6']
[2024-06-24 14:50:27,601] {standard_task_runner.py:77} INFO - Job 9369: Subtask greet
[2024-06-24 14:50:28,675] {logging_mixin.py:104} INFO - Running <TaskInstance: our_dag_with_python_operator_v07.greet 2023-12-08T00:00:00+00:00 [running]> on host 799b1e36e3f1
[2024-06-24 14:50:30,388] {taskinstance.py:1257} INFO - Exporting the following env vars:
AIRFLOW_CTX_DAG_OWNER=coder2j
AIRFLOW_CTX_DAG_ID=our_dag_with_python_operator_v07
AIRFLOW_CTX_TASK_ID=greet
AIRFLOW_CTX_EXECUTION_DATE=2023-12-08T00:00:00+00:00
AIRFLOW_CTX_DAG_RUN_ID=scheduled__2023-12-08T00:00:00+00:00
[2024-06-24 14:50:30,473] {logging_mixin.py:104} INFO - some dict:  {'a': 1, 'b': 2}
[2024-06-24 14:50:31,725] {logging_mixin.py:104} INFO - Hello World! My name is Jerry Fridman, and I am 19 years old!
[2024-06-24 14:50:31,790] {python.py:118} INFO - Done. Returned value was: None
[2024-06-24 14:50:32,479] {taskinstance.py:1166} INFO - Marking task as SUCCESS. dag_id=our_dag_with_python_operator_v07, task_id=greet, execution_date=20231208T000000, start_date=20240624T145026, end_date=20240624T145032
[2024-06-24 14:50:32,995] {local_task_job.py:188} WARNING - State of this instance has been externally set to success. Terminating instance.
[2024-06-24 14:50:33,124] {process_utils.py:100} INFO - Sending Signals.SIGTERM to GPID 25159
[2024-06-24 14:50:33,135] {taskinstance.py:1239} ERROR - Received SIGTERM. Terminating subprocesses.
[2024-06-24 14:50:33,292] {process_utils.py:66} INFO - Process psutil.Process(pid=25159, status='terminated', exitcode=1, started='14:50:27') (25159) terminated with exit code 1
