[2024-06-24 14:30:06,899] {taskinstance.py:851} INFO - Dependencies all met for <TaskInstance: our_dag_with_python_operator_v07.get_age 2023-07-29T00:00:00+00:00 [queued]>
[2024-06-24 14:30:06,985] {taskinstance.py:851} INFO - Dependencies all met for <TaskInstance: our_dag_with_python_operator_v07.get_age 2023-07-29T00:00:00+00:00 [queued]>
[2024-06-24 14:30:07,000] {taskinstance.py:1042} INFO - 
--------------------------------------------------------------------------------
[2024-06-24 14:30:07,001] {taskinstance.py:1043} INFO - Starting attempt 1 of 6
[2024-06-24 14:30:07,001] {taskinstance.py:1044} INFO - 
--------------------------------------------------------------------------------
[2024-06-24 14:30:07,094] {taskinstance.py:1063} INFO - Executing <Task(PythonOperator): get_age> on 2023-07-29T00:00:00+00:00
[2024-06-24 14:30:07,108] {standard_task_runner.py:52} INFO - Started process 18715 to run task
[2024-06-24 14:30:07,120] {standard_task_runner.py:76} INFO - Running: ['airflow', 'tasks', 'run', 'our_dag_with_python_operator_v07', 'get_age', '2023-07-29T00:00:00+00:00', '--job-id', '7796', '--pool', 'default_pool', '--raw', '--subdir', 'DAGS_FOLDER/create_dag_with_python_operator.py', '--cfg-path', '/tmp/tmpct3qzqhc', '--error-file', '/tmp/tmpfgwe395x']
[2024-06-24 14:30:07,134] {standard_task_runner.py:77} INFO - Job 7796: Subtask get_age
[2024-06-24 14:30:07,319] {logging_mixin.py:104} INFO - Running <TaskInstance: our_dag_with_python_operator_v07.get_age 2023-07-29T00:00:00+00:00 [running]> on host 799b1e36e3f1
[2024-06-24 14:30:07,440] {taskinstance.py:1257} INFO - Exporting the following env vars:
AIRFLOW_CTX_DAG_OWNER=coder2j
AIRFLOW_CTX_DAG_ID=our_dag_with_python_operator_v07
AIRFLOW_CTX_TASK_ID=get_age
AIRFLOW_CTX_EXECUTION_DATE=2023-07-29T00:00:00+00:00
AIRFLOW_CTX_DAG_RUN_ID=scheduled__2023-07-29T00:00:00+00:00
[2024-06-24 14:30:07,470] {python.py:118} INFO - Done. Returned value was: None
[2024-06-24 14:30:07,489] {taskinstance.py:1166} INFO - Marking task as SUCCESS. dag_id=our_dag_with_python_operator_v07, task_id=get_age, execution_date=20230729T000000, start_date=20240624T143006, end_date=20240624T143007
[2024-06-24 14:30:07,554] {taskinstance.py:1220} INFO - 1 downstream tasks scheduled from follow-on schedule check
[2024-06-24 14:30:07,577] {local_task_job.py:146} INFO - Task exited with return code 0
