[2024-06-24 14:31:45,451] {taskinstance.py:851} INFO - Dependencies all met for <TaskInstance: dag_with_taskflow_api_v02.get_name 2023-09-21T00:00:00+00:00 [queued]>
[2024-06-24 14:31:45,487] {taskinstance.py:851} INFO - Dependencies all met for <TaskInstance: dag_with_taskflow_api_v02.get_name 2023-09-21T00:00:00+00:00 [queued]>
[2024-06-24 14:31:45,508] {taskinstance.py:1042} INFO - 
--------------------------------------------------------------------------------
[2024-06-24 14:31:45,508] {taskinstance.py:1043} INFO - Starting attempt 1 of 6
[2024-06-24 14:31:45,509] {taskinstance.py:1044} INFO - 
--------------------------------------------------------------------------------
[2024-06-24 14:31:45,576] {taskinstance.py:1063} INFO - Executing <Task(_PythonDecoratedOperator): get_name> on 2023-09-21T00:00:00+00:00
[2024-06-24 14:31:45,594] {standard_task_runner.py:52} INFO - Started process 21369 to run task
[2024-06-24 14:31:45,618] {standard_task_runner.py:76} INFO - Running: ['airflow', 'tasks', 'run', 'dag_with_taskflow_api_v02', 'get_name', '2023-09-21T00:00:00+00:00', '--job-id', '8507', '--pool', 'default_pool', '--raw', '--subdir', 'DAGS_FOLDER/dag_with_taskflow_api.py', '--cfg-path', '/tmp/tmprj8788te', '--error-file', '/tmp/tmpr9jzg_yp']
[2024-06-24 14:31:45,668] {standard_task_runner.py:77} INFO - Job 8507: Subtask get_name
[2024-06-24 14:31:45,917] {logging_mixin.py:104} INFO - Running <TaskInstance: dag_with_taskflow_api_v02.get_name 2023-09-21T00:00:00+00:00 [running]> on host 799b1e36e3f1
[2024-06-24 14:31:46,239] {taskinstance.py:1257} INFO - Exporting the following env vars:
AIRFLOW_CTX_DAG_OWNER=coder2j
AIRFLOW_CTX_DAG_ID=dag_with_taskflow_api_v02
AIRFLOW_CTX_TASK_ID=get_name
AIRFLOW_CTX_EXECUTION_DATE=2023-09-21T00:00:00+00:00
AIRFLOW_CTX_DAG_RUN_ID=scheduled__2023-09-21T00:00:00+00:00
[2024-06-24 14:31:46,460] {taskinstance.py:1166} INFO - Marking task as SUCCESS. dag_id=dag_with_taskflow_api_v02, task_id=get_name, execution_date=20230921T000000, start_date=20240624T143145, end_date=20240624T143146
[2024-06-24 14:31:46,773] {taskinstance.py:1220} INFO - 0 downstream tasks scheduled from follow-on schedule check
[2024-06-24 14:31:46,811] {local_task_job.py:146} INFO - Task exited with return code 0
