[2024-06-24 14:46:51,046] {taskinstance.py:851} INFO - Dependencies all met for <TaskInstance: dag_with_taskflow_api_v02.get_age 2023-11-21T00:00:00+00:00 [queued]>
[2024-06-24 14:46:51,089] {taskinstance.py:851} INFO - Dependencies all met for <TaskInstance: dag_with_taskflow_api_v02.get_age 2023-11-21T00:00:00+00:00 [queued]>
[2024-06-24 14:46:51,107] {taskinstance.py:1042} INFO - 
--------------------------------------------------------------------------------
[2024-06-24 14:46:51,111] {taskinstance.py:1043} INFO - Starting attempt 1 of 6
[2024-06-24 14:46:51,115] {taskinstance.py:1044} INFO - 
--------------------------------------------------------------------------------
[2024-06-24 14:46:51,312] {taskinstance.py:1063} INFO - Executing <Task(_PythonDecoratedOperator): get_age> on 2023-11-21T00:00:00+00:00
[2024-06-24 14:46:51,414] {standard_task_runner.py:52} INFO - Started process 24256 to run task
[2024-06-24 14:46:51,444] {standard_task_runner.py:76} INFO - Running: ['airflow', 'tasks', 'run', 'dag_with_taskflow_api_v02', 'get_age', '2023-11-21T00:00:00+00:00', '--job-id', '9175', '--pool', 'default_pool', '--raw', '--subdir', 'DAGS_FOLDER/dag_with_taskflow_api.py', '--cfg-path', '/tmp/tmpe64n9ttf', '--error-file', '/tmp/tmpb0lk825_']
[2024-06-24 14:46:51,466] {standard_task_runner.py:77} INFO - Job 9175: Subtask get_age
[2024-06-24 14:46:52,221] {logging_mixin.py:104} INFO - Running <TaskInstance: dag_with_taskflow_api_v02.get_age 2023-11-21T00:00:00+00:00 [running]> on host 799b1e36e3f1
[2024-06-24 14:46:54,620] {taskinstance.py:1257} INFO - Exporting the following env vars:
AIRFLOW_CTX_DAG_OWNER=coder2j
AIRFLOW_CTX_DAG_ID=dag_with_taskflow_api_v02
AIRFLOW_CTX_TASK_ID=get_age
AIRFLOW_CTX_EXECUTION_DATE=2023-11-21T00:00:00+00:00
AIRFLOW_CTX_DAG_RUN_ID=scheduled__2023-11-21T00:00:00+00:00
[2024-06-24 14:46:55,039] {taskinstance.py:1166} INFO - Marking task as SUCCESS. dag_id=dag_with_taskflow_api_v02, task_id=get_age, execution_date=20231121T000000, start_date=20240624T144651, end_date=20240624T144655
[2024-06-24 14:46:55,297] {taskinstance.py:1220} INFO - 1 downstream tasks scheduled from follow-on schedule check
[2024-06-24 14:46:55,364] {local_task_job.py:146} INFO - Task exited with return code 0
