[2024-06-24 15:04:43,512] {taskinstance.py:851} INFO - Dependencies all met for <TaskInstance: our_first_dag_v5.first_task 2024-03-18T00:00:00+00:00 [queued]>
[2024-06-24 15:04:43,552] {taskinstance.py:851} INFO - Dependencies all met for <TaskInstance: our_first_dag_v5.first_task 2024-03-18T00:00:00+00:00 [queued]>
[2024-06-24 15:04:43,556] {taskinstance.py:1042} INFO - 
--------------------------------------------------------------------------------
[2024-06-24 15:04:43,557] {taskinstance.py:1043} INFO - Starting attempt 1 of 6
[2024-06-24 15:04:43,559] {taskinstance.py:1044} INFO - 
--------------------------------------------------------------------------------
[2024-06-24 15:04:43,627] {taskinstance.py:1063} INFO - Executing <Task(BashOperator): first_task> on 2024-03-18T00:00:00+00:00
[2024-06-24 15:04:43,658] {standard_task_runner.py:52} INFO - Started process 32524 to run task
[2024-06-24 15:04:43,680] {standard_task_runner.py:76} INFO - Running: ['airflow', 'tasks', 'run', 'our_first_dag_v5', 'first_task', '2024-03-18T00:00:00+00:00', '--job-id', '11208', '--pool', 'default_pool', '--raw', '--subdir', 'DAGS_FOLDER/our_first_dag.py', '--cfg-path', '/tmp/tmpmum4f2cm', '--error-file', '/tmp/tmp8pmdl56m']
[2024-06-24 15:04:43,699] {standard_task_runner.py:77} INFO - Job 11208: Subtask first_task
[2024-06-24 15:04:44,051] {logging_mixin.py:104} INFO - Running <TaskInstance: our_first_dag_v5.first_task 2024-03-18T00:00:00+00:00 [running]> on host 799b1e36e3f1
[2024-06-24 15:04:44,345] {taskinstance.py:1257} INFO - Exporting the following env vars:
AIRFLOW_CTX_DAG_OWNER=coder2j
AIRFLOW_CTX_DAG_ID=our_first_dag_v5
AIRFLOW_CTX_TASK_ID=first_task
AIRFLOW_CTX_EXECUTION_DATE=2024-03-18T00:00:00+00:00
AIRFLOW_CTX_DAG_RUN_ID=scheduled__2024-03-18T00:00:00+00:00
[2024-06-24 15:04:44,354] {bash.py:135} INFO - Tmp dir root location: 
 /tmp
[2024-06-24 15:04:44,364] {bash.py:158} INFO - Running command: echo hello world, this is the first task!
[2024-06-24 15:04:44,442] {bash.py:169} INFO - Output:
[2024-06-24 15:04:44,471] {bash.py:173} INFO - hello world, this is the first task!
[2024-06-24 15:04:44,476] {bash.py:177} INFO - Command exited with return code 0
[2024-06-24 15:04:44,597] {taskinstance.py:1166} INFO - Marking task as SUCCESS. dag_id=our_first_dag_v5, task_id=first_task, execution_date=20240318T000000, start_date=20240624T150443, end_date=20240624T150444
[2024-06-24 15:04:44,683] {taskinstance.py:1220} INFO - 2 downstream tasks scheduled from follow-on schedule check
[2024-06-24 15:04:44,728] {local_task_job.py:146} INFO - Task exited with return code 0
