[2024-06-24 14:25:32,373] {taskinstance.py:851} INFO - Dependencies all met for <TaskInstance: our_dag_with_python_operator_v07.get_age 2023-01-26T00:00:00+00:00 [queued]>
[2024-06-24 14:25:32,454] {taskinstance.py:851} INFO - Dependencies all met for <TaskInstance: our_dag_with_python_operator_v07.get_age 2023-01-26T00:00:00+00:00 [queued]>
[2024-06-24 14:25:32,459] {taskinstance.py:1042} INFO - 
--------------------------------------------------------------------------------
[2024-06-24 14:25:32,464] {taskinstance.py:1043} INFO - Starting attempt 1 of 6
[2024-06-24 14:25:32,465] {taskinstance.py:1044} INFO - 
--------------------------------------------------------------------------------
[2024-06-24 14:25:32,550] {taskinstance.py:1063} INFO - Executing <Task(PythonOperator): get_age> on 2023-01-26T00:00:00+00:00
[2024-06-24 14:25:32,572] {standard_task_runner.py:52} INFO - Started process 11396 to run task
[2024-06-24 14:25:32,598] {standard_task_runner.py:76} INFO - Running: ['airflow', 'tasks', 'run', 'our_dag_with_python_operator_v07', 'get_age', '2023-01-26T00:00:00+00:00', '--job-id', '5831', '--pool', 'default_pool', '--raw', '--subdir', 'DAGS_FOLDER/create_dag_with_python_operator.py', '--cfg-path', '/tmp/tmp83s6t59u', '--error-file', '/tmp/tmpfkm9mihm']
[2024-06-24 14:25:32,634] {standard_task_runner.py:77} INFO - Job 5831: Subtask get_age
[2024-06-24 14:25:32,835] {logging_mixin.py:104} INFO - Running <TaskInstance: our_dag_with_python_operator_v07.get_age 2023-01-26T00:00:00+00:00 [running]> on host 799b1e36e3f1
[2024-06-24 14:25:32,982] {taskinstance.py:1257} INFO - Exporting the following env vars:
AIRFLOW_CTX_DAG_OWNER=coder2j
AIRFLOW_CTX_DAG_ID=our_dag_with_python_operator_v07
AIRFLOW_CTX_TASK_ID=get_age
AIRFLOW_CTX_EXECUTION_DATE=2023-01-26T00:00:00+00:00
AIRFLOW_CTX_DAG_RUN_ID=scheduled__2023-01-26T00:00:00+00:00
[2024-06-24 14:25:33,033] {python.py:118} INFO - Done. Returned value was: None
[2024-06-24 14:25:33,073] {taskinstance.py:1166} INFO - Marking task as SUCCESS. dag_id=our_dag_with_python_operator_v07, task_id=get_age, execution_date=20230126T000000, start_date=20240624T142532, end_date=20240624T142533
[2024-06-24 14:25:33,229] {taskinstance.py:1220} INFO - 0 downstream tasks scheduled from follow-on schedule check
[2024-06-24 14:25:33,278] {local_task_job.py:146} INFO - Task exited with return code 0
