[2024-06-24 14:56:58,273] {taskinstance.py:851} INFO - Dependencies all met for <TaskInstance: dag_with_taskflow_api_v02.get_name 2024-01-20T00:00:00+00:00 [queued]>
[2024-06-24 14:56:58,621] {taskinstance.py:851} INFO - Dependencies all met for <TaskInstance: dag_with_taskflow_api_v02.get_name 2024-01-20T00:00:00+00:00 [queued]>
[2024-06-24 14:56:58,641] {taskinstance.py:1042} INFO - 
--------------------------------------------------------------------------------
[2024-06-24 14:56:58,652] {taskinstance.py:1043} INFO - Starting attempt 1 of 6
[2024-06-24 14:56:58,660] {taskinstance.py:1044} INFO - 
--------------------------------------------------------------------------------
[2024-06-24 14:56:58,846] {taskinstance.py:1063} INFO - Executing <Task(_PythonDecoratedOperator): get_name> on 2024-01-20T00:00:00+00:00
[2024-06-24 14:56:58,923] {standard_task_runner.py:52} INFO - Started process 27870 to run task
[2024-06-24 14:56:58,978] {standard_task_runner.py:76} INFO - Running: ['airflow', 'tasks', 'run', 'dag_with_taskflow_api_v02', 'get_name', '2024-01-20T00:00:00+00:00', '--job-id', '10008', '--pool', 'default_pool', '--raw', '--subdir', 'DAGS_FOLDER/dag_with_taskflow_api.py', '--cfg-path', '/tmp/tmpr789iu83', '--error-file', '/tmp/tmpbg3h7n05']
[2024-06-24 14:56:59,034] {standard_task_runner.py:77} INFO - Job 10008: Subtask get_name
[2024-06-24 14:57:00,693] {logging_mixin.py:104} INFO - Running <TaskInstance: dag_with_taskflow_api_v02.get_name 2024-01-20T00:00:00+00:00 [running]> on host 799b1e36e3f1
[2024-06-24 14:57:02,082] {taskinstance.py:1257} INFO - Exporting the following env vars:
AIRFLOW_CTX_DAG_OWNER=coder2j
AIRFLOW_CTX_DAG_ID=dag_with_taskflow_api_v02
AIRFLOW_CTX_TASK_ID=get_name
AIRFLOW_CTX_EXECUTION_DATE=2024-01-20T00:00:00+00:00
AIRFLOW_CTX_DAG_RUN_ID=scheduled__2024-01-20T00:00:00+00:00
[2024-06-24 14:57:03,094] {taskinstance.py:1166} INFO - Marking task as SUCCESS. dag_id=dag_with_taskflow_api_v02, task_id=get_name, execution_date=20240120T000000, start_date=20240624T145658, end_date=20240624T145703
[2024-06-24 14:57:03,573] {taskinstance.py:1220} INFO - 0 downstream tasks scheduled from follow-on schedule check
[2024-06-24 14:57:03,672] {local_task_job.py:146} INFO - Task exited with return code 0
