[2024-06-24 12:49:32,431] {taskinstance.py:851} INFO - Dependencies all met for <TaskInstance: our_dag_with_python_operator_v07.get_age 2021-10-06T00:00:00+00:00 [queued]>
[2024-06-24 12:49:32,492] {taskinstance.py:851} INFO - Dependencies all met for <TaskInstance: our_dag_with_python_operator_v07.get_age 2021-10-06T00:00:00+00:00 [queued]>
[2024-06-24 12:49:32,496] {taskinstance.py:1042} INFO - 
--------------------------------------------------------------------------------
[2024-06-24 12:49:32,497] {taskinstance.py:1043} INFO - Starting attempt 1 of 6
[2024-06-24 12:49:32,499] {taskinstance.py:1044} INFO - 
--------------------------------------------------------------------------------
[2024-06-24 12:49:32,609] {taskinstance.py:1063} INFO - Executing <Task(PythonOperator): get_age> on 2021-10-06T00:00:00+00:00
[2024-06-24 12:49:32,625] {standard_task_runner.py:52} INFO - Started process 25409 to run task
[2024-06-24 12:49:32,656] {standard_task_runner.py:76} INFO - Running: ['airflow', 'tasks', 'run', 'our_dag_with_python_operator_v07', 'get_age', '2021-10-06T00:00:00+00:00', '--job-id', '36', '--pool', 'default_pool', '--raw', '--subdir', 'DAGS_FOLDER/create_dag_with_python_operator.py', '--cfg-path', '/tmp/tmp1imj_36x', '--error-file', '/tmp/tmpc0ltbsby']
[2024-06-24 12:49:32,668] {standard_task_runner.py:77} INFO - Job 36: Subtask get_age
[2024-06-24 12:49:32,799] {logging_mixin.py:104} INFO - Running <TaskInstance: our_dag_with_python_operator_v07.get_age 2021-10-06T00:00:00+00:00 [running]> on host 799b1e36e3f1
[2024-06-24 12:49:33,180] {taskinstance.py:1257} INFO - Exporting the following env vars:
AIRFLOW_CTX_DAG_OWNER=coder2j
AIRFLOW_CTX_DAG_ID=our_dag_with_python_operator_v07
AIRFLOW_CTX_TASK_ID=get_age
AIRFLOW_CTX_EXECUTION_DATE=2021-10-06T00:00:00+00:00
AIRFLOW_CTX_DAG_RUN_ID=scheduled__2021-10-06T00:00:00+00:00
[2024-06-24 12:49:33,326] {python.py:118} INFO - Done. Returned value was: None
[2024-06-24 12:49:33,452] {taskinstance.py:1166} INFO - Marking task as SUCCESS. dag_id=our_dag_with_python_operator_v07, task_id=get_age, execution_date=20211006T000000, start_date=20240624T124932, end_date=20240624T124933
[2024-06-24 12:49:34,077] {taskinstance.py:1220} INFO - 0 downstream tasks scheduled from follow-on schedule check
[2024-06-24 12:49:34,122] {local_task_job.py:146} INFO - Task exited with return code 0
