[2024-06-24 14:23:20,649] {taskinstance.py:851} INFO - Dependencies all met for <TaskInstance: our_first_dag_v5.first_task 2022-08-02T00:00:00+00:00 [queued]>
[2024-06-24 14:23:20,734] {taskinstance.py:851} INFO - Dependencies all met for <TaskInstance: our_first_dag_v5.first_task 2022-08-02T00:00:00+00:00 [queued]>
[2024-06-24 14:23:20,736] {taskinstance.py:1042} INFO - 
--------------------------------------------------------------------------------
[2024-06-24 14:23:20,738] {taskinstance.py:1043} INFO - Starting attempt 1 of 6
[2024-06-24 14:23:20,741] {taskinstance.py:1044} INFO - 
--------------------------------------------------------------------------------
[2024-06-24 14:23:20,798] {taskinstance.py:1063} INFO - Executing <Task(BashOperator): first_task> on 2022-08-02T00:00:00+00:00
[2024-06-24 14:23:20,812] {standard_task_runner.py:52} INFO - Started process 7792 to run task
[2024-06-24 14:23:20,823] {standard_task_runner.py:76} INFO - Running: ['airflow', 'tasks', 'run', 'our_first_dag_v5', 'first_task', '2022-08-02T00:00:00+00:00', '--job-id', '4844', '--pool', 'default_pool', '--raw', '--subdir', 'DAGS_FOLDER/our_first_dag.py', '--cfg-path', '/tmp/tmpb2f1kafs', '--error-file', '/tmp/tmpbs1y7ur6']
[2024-06-24 14:23:20,831] {standard_task_runner.py:77} INFO - Job 4844: Subtask first_task
[2024-06-24 14:23:21,033] {logging_mixin.py:104} INFO - Running <TaskInstance: our_first_dag_v5.first_task 2022-08-02T00:00:00+00:00 [running]> on host 799b1e36e3f1
[2024-06-24 14:23:21,215] {taskinstance.py:1257} INFO - Exporting the following env vars:
AIRFLOW_CTX_DAG_OWNER=coder2j
AIRFLOW_CTX_DAG_ID=our_first_dag_v5
AIRFLOW_CTX_TASK_ID=first_task
AIRFLOW_CTX_EXECUTION_DATE=2022-08-02T00:00:00+00:00
AIRFLOW_CTX_DAG_RUN_ID=scheduled__2022-08-02T00:00:00+00:00
[2024-06-24 14:23:21,221] {bash.py:135} INFO - Tmp dir root location: 
 /tmp
[2024-06-24 14:23:21,225] {bash.py:158} INFO - Running command: echo hello world, this is the first task!
[2024-06-24 14:23:21,251] {bash.py:169} INFO - Output:
[2024-06-24 14:23:21,257] {bash.py:173} INFO - hello world, this is the first task!
[2024-06-24 14:23:21,261] {bash.py:177} INFO - Command exited with return code 0
[2024-06-24 14:23:21,478] {taskinstance.py:1166} INFO - Marking task as SUCCESS. dag_id=our_first_dag_v5, task_id=first_task, execution_date=20220802T000000, start_date=20240624T142320, end_date=20240624T142321
[2024-06-24 14:23:21,716] {taskinstance.py:1220} INFO - 2 downstream tasks scheduled from follow-on schedule check
[2024-06-24 14:23:21,775] {local_task_job.py:146} INFO - Task exited with return code 0
