[2024-06-24 14:43:24,325] {taskinstance.py:851} INFO - Dependencies all met for <TaskInstance: dag_with_taskflow_api_v02.get_name 2023-10-29T00:00:00+00:00 [queued]>
[2024-06-24 14:43:24,394] {taskinstance.py:851} INFO - Dependencies all met for <TaskInstance: dag_with_taskflow_api_v02.get_name 2023-10-29T00:00:00+00:00 [queued]>
[2024-06-24 14:43:24,403] {taskinstance.py:1042} INFO - 
--------------------------------------------------------------------------------
[2024-06-24 14:43:24,405] {taskinstance.py:1043} INFO - Starting attempt 1 of 6
[2024-06-24 14:43:24,406] {taskinstance.py:1044} INFO - 
--------------------------------------------------------------------------------
[2024-06-24 14:43:24,511] {taskinstance.py:1063} INFO - Executing <Task(_PythonDecoratedOperator): get_name> on 2023-10-29T00:00:00+00:00
[2024-06-24 14:43:24,547] {standard_task_runner.py:76} INFO - Running: ['airflow', 'tasks', 'run', 'dag_with_taskflow_api_v02', 'get_name', '2023-10-29T00:00:00+00:00', '--job-id', '8955', '--pool', 'default_pool', '--raw', '--subdir', 'DAGS_FOLDER/dag_with_taskflow_api.py', '--cfg-path', '/tmp/tmpr08gbj7e', '--error-file', '/tmp/tmpveda88y5']
[2024-06-24 14:43:24,536] {standard_task_runner.py:52} INFO - Started process 23347 to run task
[2024-06-24 14:43:24,554] {standard_task_runner.py:77} INFO - Job 8955: Subtask get_name
[2024-06-24 14:43:24,860] {logging_mixin.py:104} INFO - Running <TaskInstance: dag_with_taskflow_api_v02.get_name 2023-10-29T00:00:00+00:00 [running]> on host 799b1e36e3f1
[2024-06-24 14:43:25,056] {taskinstance.py:1257} INFO - Exporting the following env vars:
AIRFLOW_CTX_DAG_OWNER=coder2j
AIRFLOW_CTX_DAG_ID=dag_with_taskflow_api_v02
AIRFLOW_CTX_TASK_ID=get_name
AIRFLOW_CTX_EXECUTION_DATE=2023-10-29T00:00:00+00:00
AIRFLOW_CTX_DAG_RUN_ID=scheduled__2023-10-29T00:00:00+00:00
[2024-06-24 14:43:25,353] {taskinstance.py:1166} INFO - Marking task as SUCCESS. dag_id=dag_with_taskflow_api_v02, task_id=get_name, execution_date=20231029T000000, start_date=20240624T144324, end_date=20240624T144325
[2024-06-24 14:43:25,432] {taskinstance.py:1220} INFO - 1 downstream tasks scheduled from follow-on schedule check
[2024-06-24 14:43:25,449] {local_task_job.py:146} INFO - Task exited with return code 0
