[2024-06-24 14:24:44,027] {taskinstance.py:851} INFO - Dependencies all met for <TaskInstance: dag_with_taskflow_api_v02.get_name 2022-12-25T00:00:00+00:00 [queued]>
[2024-06-24 14:24:44,248] {taskinstance.py:851} INFO - Dependencies all met for <TaskInstance: dag_with_taskflow_api_v02.get_name 2022-12-25T00:00:00+00:00 [queued]>
[2024-06-24 14:24:44,249] {taskinstance.py:1042} INFO - 
--------------------------------------------------------------------------------
[2024-06-24 14:24:44,251] {taskinstance.py:1043} INFO - Starting attempt 1 of 6
[2024-06-24 14:24:44,252] {taskinstance.py:1044} INFO - 
--------------------------------------------------------------------------------
[2024-06-24 14:24:44,351] {taskinstance.py:1063} INFO - Executing <Task(_PythonDecoratedOperator): get_name> on 2022-12-25T00:00:00+00:00
[2024-06-24 14:24:44,403] {standard_task_runner.py:76} INFO - Running: ['airflow', 'tasks', 'run', 'dag_with_taskflow_api_v02', 'get_name', '2022-12-25T00:00:00+00:00', '--job-id', '5467', '--pool', 'default_pool', '--raw', '--subdir', 'DAGS_FOLDER/dag_with_taskflow_api.py', '--cfg-path', '/tmp/tmppxsjhg7l', '--error-file', '/tmp/tmpttt9h6zl']
[2024-06-24 14:24:44,414] {standard_task_runner.py:77} INFO - Job 5467: Subtask get_name
[2024-06-24 14:24:44,423] {standard_task_runner.py:52} INFO - Started process 10044 to run task
[2024-06-24 14:24:44,664] {logging_mixin.py:104} INFO - Running <TaskInstance: dag_with_taskflow_api_v02.get_name 2022-12-25T00:00:00+00:00 [running]> on host 799b1e36e3f1
[2024-06-24 14:24:44,968] {taskinstance.py:1257} INFO - Exporting the following env vars:
AIRFLOW_CTX_DAG_OWNER=coder2j
AIRFLOW_CTX_DAG_ID=dag_with_taskflow_api_v02
AIRFLOW_CTX_TASK_ID=get_name
AIRFLOW_CTX_EXECUTION_DATE=2022-12-25T00:00:00+00:00
AIRFLOW_CTX_DAG_RUN_ID=scheduled__2022-12-25T00:00:00+00:00
[2024-06-24 14:24:45,344] {taskinstance.py:1166} INFO - Marking task as SUCCESS. dag_id=dag_with_taskflow_api_v02, task_id=get_name, execution_date=20221225T000000, start_date=20240624T142444, end_date=20240624T142445
[2024-06-24 14:24:45,992] {taskinstance.py:1220} INFO - 0 downstream tasks scheduled from follow-on schedule check
[2024-06-24 14:24:46,086] {local_task_job.py:146} INFO - Task exited with return code 0
