[2024-06-24 12:56:47,957] {taskinstance.py:851} INFO - Dependencies all met for <TaskInstance: dag_with_taskflow_api_v02.get_age 2022-02-04T00:00:00+00:00 [queued]>
[2024-06-24 12:56:48,047] {taskinstance.py:851} INFO - Dependencies all met for <TaskInstance: dag_with_taskflow_api_v02.get_age 2022-02-04T00:00:00+00:00 [queued]>
[2024-06-24 12:56:48,050] {taskinstance.py:1042} INFO - 
--------------------------------------------------------------------------------
[2024-06-24 12:56:48,051] {taskinstance.py:1043} INFO - Starting attempt 1 of 6
[2024-06-24 12:56:48,068] {taskinstance.py:1044} INFO - 
--------------------------------------------------------------------------------
[2024-06-24 12:56:48,132] {taskinstance.py:1063} INFO - Executing <Task(_PythonDecoratedOperator): get_age> on 2022-02-04T00:00:00+00:00
[2024-06-24 12:56:48,144] {standard_task_runner.py:52} INFO - Started process 31945 to run task
[2024-06-24 12:56:48,186] {standard_task_runner.py:76} INFO - Running: ['airflow', 'tasks', 'run', 'dag_with_taskflow_api_v02', 'get_age', '2022-02-04T00:00:00+00:00', '--job-id', '1590', '--pool', 'default_pool', '--raw', '--subdir', 'DAGS_FOLDER/dag_with_taskflow_api.py', '--cfg-path', '/tmp/tmp9jcxt_h0', '--error-file', '/tmp/tmpo52vdr61']
[2024-06-24 12:56:48,209] {standard_task_runner.py:77} INFO - Job 1590: Subtask get_age
[2024-06-24 12:56:48,996] {logging_mixin.py:104} INFO - Running <TaskInstance: dag_with_taskflow_api_v02.get_age 2022-02-04T00:00:00+00:00 [running]> on host 799b1e36e3f1
[2024-06-24 12:56:49,437] {taskinstance.py:1257} INFO - Exporting the following env vars:
AIRFLOW_CTX_DAG_OWNER=coder2j
AIRFLOW_CTX_DAG_ID=dag_with_taskflow_api_v02
AIRFLOW_CTX_TASK_ID=get_age
AIRFLOW_CTX_EXECUTION_DATE=2022-02-04T00:00:00+00:00
AIRFLOW_CTX_DAG_RUN_ID=scheduled__2022-02-04T00:00:00+00:00
[2024-06-24 12:56:49,627] {taskinstance.py:1166} INFO - Marking task as SUCCESS. dag_id=dag_with_taskflow_api_v02, task_id=get_age, execution_date=20220204T000000, start_date=20240624T125647, end_date=20240624T125649
[2024-06-24 12:56:49,930] {taskinstance.py:1220} INFO - 0 downstream tasks scheduled from follow-on schedule check
[2024-06-24 12:56:49,994] {local_task_job.py:146} INFO - Task exited with return code 0
