[2024-06-24 14:20:44,948] {taskinstance.py:851} INFO - Dependencies all met for <TaskInstance: dag_with_taskflow_api_v02.get_age 2022-07-28T00:00:00+00:00 [queued]>
[2024-06-24 14:20:45,031] {taskinstance.py:851} INFO - Dependencies all met for <TaskInstance: dag_with_taskflow_api_v02.get_age 2022-07-28T00:00:00+00:00 [queued]>
[2024-06-24 14:20:45,041] {taskinstance.py:1042} INFO - 
--------------------------------------------------------------------------------
[2024-06-24 14:20:45,042] {taskinstance.py:1043} INFO - Starting attempt 1 of 6
[2024-06-24 14:20:45,043] {taskinstance.py:1044} INFO - 
--------------------------------------------------------------------------------
[2024-06-24 14:20:45,264] {taskinstance.py:1063} INFO - Executing <Task(_PythonDecoratedOperator): get_age> on 2022-07-28T00:00:00+00:00
[2024-06-24 14:20:45,338] {standard_task_runner.py:52} INFO - Started process 4019 to run task
[2024-06-24 14:20:45,331] {standard_task_runner.py:76} INFO - Running: ['airflow', 'tasks', 'run', 'dag_with_taskflow_api_v02', 'get_age', '2022-07-28T00:00:00+00:00', '--job-id', '3847', '--pool', 'default_pool', '--raw', '--subdir', 'DAGS_FOLDER/dag_with_taskflow_api.py', '--cfg-path', '/tmp/tmp662u6f_k', '--error-file', '/tmp/tmpe91u1lgr']
[2024-06-24 14:20:45,401] {standard_task_runner.py:77} INFO - Job 3847: Subtask get_age
[2024-06-24 14:20:45,860] {logging_mixin.py:104} INFO - Running <TaskInstance: dag_with_taskflow_api_v02.get_age 2022-07-28T00:00:00+00:00 [running]> on host 799b1e36e3f1
[2024-06-24 14:20:46,088] {taskinstance.py:1257} INFO - Exporting the following env vars:
AIRFLOW_CTX_DAG_OWNER=coder2j
AIRFLOW_CTX_DAG_ID=dag_with_taskflow_api_v02
AIRFLOW_CTX_TASK_ID=get_age
AIRFLOW_CTX_EXECUTION_DATE=2022-07-28T00:00:00+00:00
AIRFLOW_CTX_DAG_RUN_ID=scheduled__2022-07-28T00:00:00+00:00
[2024-06-24 14:20:46,224] {taskinstance.py:1166} INFO - Marking task as SUCCESS. dag_id=dag_with_taskflow_api_v02, task_id=get_age, execution_date=20220728T000000, start_date=20240624T142044, end_date=20240624T142046
[2024-06-24 14:20:46,328] {taskinstance.py:1220} INFO - 0 downstream tasks scheduled from follow-on schedule check
[2024-06-24 14:20:46,435] {local_task_job.py:146} INFO - Task exited with return code 0
