[2024-06-24 14:25:11,967] {taskinstance.py:851} INFO - Dependencies all met for <TaskInstance: our_first_dag_v5.first_task 2022-11-12T00:00:00+00:00 [queued]>
[2024-06-24 14:25:12,004] {taskinstance.py:851} INFO - Dependencies all met for <TaskInstance: our_first_dag_v5.first_task 2022-11-12T00:00:00+00:00 [queued]>
[2024-06-24 14:25:12,009] {taskinstance.py:1042} INFO - 
--------------------------------------------------------------------------------
[2024-06-24 14:25:12,013] {taskinstance.py:1043} INFO - Starting attempt 1 of 6
[2024-06-24 14:25:12,015] {taskinstance.py:1044} INFO - 
--------------------------------------------------------------------------------
[2024-06-24 14:25:12,056] {taskinstance.py:1063} INFO - Executing <Task(BashOperator): first_task> on 2022-11-12T00:00:00+00:00
[2024-06-24 14:25:12,062] {standard_task_runner.py:52} INFO - Started process 10824 to run task
[2024-06-24 14:25:12,098] {standard_task_runner.py:76} INFO - Running: ['airflow', 'tasks', 'run', 'our_first_dag_v5', 'first_task', '2022-11-12T00:00:00+00:00', '--job-id', '5673', '--pool', 'default_pool', '--raw', '--subdir', 'DAGS_FOLDER/our_first_dag.py', '--cfg-path', '/tmp/tmpoubq8t6w', '--error-file', '/tmp/tmpbsoifo4e']
[2024-06-24 14:25:12,124] {standard_task_runner.py:77} INFO - Job 5673: Subtask first_task
[2024-06-24 14:25:12,396] {logging_mixin.py:104} INFO - Running <TaskInstance: our_first_dag_v5.first_task 2022-11-12T00:00:00+00:00 [running]> on host 799b1e36e3f1
[2024-06-24 14:25:12,542] {taskinstance.py:1257} INFO - Exporting the following env vars:
AIRFLOW_CTX_DAG_OWNER=coder2j
AIRFLOW_CTX_DAG_ID=our_first_dag_v5
AIRFLOW_CTX_TASK_ID=first_task
AIRFLOW_CTX_EXECUTION_DATE=2022-11-12T00:00:00+00:00
AIRFLOW_CTX_DAG_RUN_ID=scheduled__2022-11-12T00:00:00+00:00
[2024-06-24 14:25:12,552] {bash.py:135} INFO - Tmp dir root location: 
 /tmp
[2024-06-24 14:25:12,560] {bash.py:158} INFO - Running command: echo hello world, this is the first task!
[2024-06-24 14:25:12,601] {bash.py:169} INFO - Output:
[2024-06-24 14:25:12,606] {bash.py:173} INFO - hello world, this is the first task!
[2024-06-24 14:25:12,619] {bash.py:177} INFO - Command exited with return code 0
[2024-06-24 14:25:12,740] {taskinstance.py:1166} INFO - Marking task as SUCCESS. dag_id=our_first_dag_v5, task_id=first_task, execution_date=20221112T000000, start_date=20240624T142511, end_date=20240624T142512
[2024-06-24 14:25:12,858] {taskinstance.py:1220} INFO - 2 downstream tasks scheduled from follow-on schedule check
[2024-06-24 14:25:12,889] {local_task_job.py:146} INFO - Task exited with return code 0
