[2024-07-04 19:07:09,266] {taskinstance.py:851} INFO - Dependencies all met for <TaskInstance: our_first_dag_v5.second_task 2024-06-26T00:00:00+00:00 [queued]>
[2024-07-04 19:07:09,329] {taskinstance.py:851} INFO - Dependencies all met for <TaskInstance: our_first_dag_v5.second_task 2024-06-26T00:00:00+00:00 [queued]>
[2024-07-04 19:07:09,332] {taskinstance.py:1042} INFO - 
--------------------------------------------------------------------------------
[2024-07-04 19:07:09,333] {taskinstance.py:1043} INFO - Starting attempt 1 of 6
[2024-07-04 19:07:09,335] {taskinstance.py:1044} INFO - 
--------------------------------------------------------------------------------
[2024-07-04 19:07:09,393] {taskinstance.py:1063} INFO - Executing <Task(BashOperator): second_task> on 2024-06-26T00:00:00+00:00
[2024-07-04 19:07:09,401] {standard_task_runner.py:52} INFO - Started process 282 to run task
[2024-07-04 19:07:09,420] {standard_task_runner.py:76} INFO - Running: ['airflow', 'tasks', 'run', 'our_first_dag_v5', 'second_task', '2024-06-26T00:00:00+00:00', '--job-id', '12233', '--pool', 'default_pool', '--raw', '--subdir', 'DAGS_FOLDER/our_first_dag.py', '--cfg-path', '/tmp/tmpio27t55w', '--error-file', '/tmp/tmpxgja_q7q']
[2024-07-04 19:07:09,435] {standard_task_runner.py:77} INFO - Job 12233: Subtask second_task
[2024-07-04 19:07:09,646] {logging_mixin.py:104} INFO - Running <TaskInstance: our_first_dag_v5.second_task 2024-06-26T00:00:00+00:00 [running]> on host 799b1e36e3f1
[2024-07-04 19:07:09,913] {taskinstance.py:1257} INFO - Exporting the following env vars:
AIRFLOW_CTX_DAG_OWNER=coder2j
AIRFLOW_CTX_DAG_ID=our_first_dag_v5
AIRFLOW_CTX_TASK_ID=second_task
AIRFLOW_CTX_EXECUTION_DATE=2024-06-26T00:00:00+00:00
AIRFLOW_CTX_DAG_RUN_ID=scheduled__2024-06-26T00:00:00+00:00
[2024-07-04 19:07:09,925] {bash.py:135} INFO - Tmp dir root location: 
 /tmp
[2024-07-04 19:07:09,929] {bash.py:158} INFO - Running command: echo hey, I am task2 and will be running after task1!
[2024-07-04 19:07:09,989] {bash.py:169} INFO - Output:
[2024-07-04 19:07:10,003] {bash.py:173} INFO - hey, I am task2 and will be running after task1!
[2024-07-04 19:07:10,006] {bash.py:177} INFO - Command exited with return code 0
[2024-07-04 19:07:10,250] {taskinstance.py:1166} INFO - Marking task as SUCCESS. dag_id=our_first_dag_v5, task_id=second_task, execution_date=20240626T000000, start_date=20240704T190709, end_date=20240704T190710
[2024-07-04 19:07:10,988] {taskinstance.py:1220} INFO - 0 downstream tasks scheduled from follow-on schedule check
[2024-07-04 19:07:11,033] {local_task_job.py:146} INFO - Task exited with return code 0
