[2024-06-24 12:52:40,653] {taskinstance.py:851} INFO - Dependencies all met for <TaskInstance: dag_with_python_dependencies_v03.get_sklearn 2021-11-03T00:00:00+00:00 [queued]>
[2024-06-24 12:52:40,689] {taskinstance.py:851} INFO - Dependencies all met for <TaskInstance: dag_with_python_dependencies_v03.get_sklearn 2021-11-03T00:00:00+00:00 [queued]>
[2024-06-24 12:52:40,693] {taskinstance.py:1042} INFO - 
--------------------------------------------------------------------------------
[2024-06-24 12:52:40,698] {taskinstance.py:1043} INFO - Starting attempt 1 of 1
[2024-06-24 12:52:40,699] {taskinstance.py:1044} INFO - 
--------------------------------------------------------------------------------
[2024-06-24 12:52:40,771] {taskinstance.py:1063} INFO - Executing <Task(PythonOperator): get_sklearn> on 2021-11-03T00:00:00+00:00
[2024-06-24 12:52:40,803] {standard_task_runner.py:52} INFO - Started process 27918 to run task
[2024-06-24 12:52:40,859] {standard_task_runner.py:76} INFO - Running: ['airflow', 'tasks', 'run', 'dag_with_python_dependencies_v03', 'get_sklearn', '2021-11-03T00:00:00+00:00', '--job-id', '608', '--pool', 'default_pool', '--raw', '--subdir', 'DAGS_FOLDER/dag_with_python_dependencies.py', '--cfg-path', '/tmp/tmpk8uviqzc', '--error-file', '/tmp/tmpp70r8ihn']
[2024-06-24 12:52:40,878] {standard_task_runner.py:77} INFO - Job 608: Subtask get_sklearn
[2024-06-24 12:52:41,298] {logging_mixin.py:104} INFO - Running <TaskInstance: dag_with_python_dependencies_v03.get_sklearn 2021-11-03T00:00:00+00:00 [running]> on host 799b1e36e3f1
[2024-06-24 12:52:41,811] {taskinstance.py:1257} INFO - Exporting the following env vars:
AIRFLOW_CTX_DAG_OWNER=coder2j
AIRFLOW_CTX_DAG_ID=dag_with_python_dependencies_v03
AIRFLOW_CTX_TASK_ID=get_sklearn
AIRFLOW_CTX_EXECUTION_DATE=2021-11-03T00:00:00+00:00
AIRFLOW_CTX_DAG_RUN_ID=scheduled__2021-11-03T00:00:00+00:00
[2024-06-24 12:52:48,715] {logging_mixin.py:104} INFO - sklearn with version: 0.24.2
[2024-06-24 12:52:48,718] {python.py:118} INFO - Done. Returned value was: None
[2024-06-24 12:52:48,814] {taskinstance.py:1166} INFO - Marking task as SUCCESS. dag_id=dag_with_python_dependencies_v03, task_id=get_sklearn, execution_date=20211103T000000, start_date=20240624T125240, end_date=20240624T125248
[2024-06-24 12:52:49,398] {taskinstance.py:1220} INFO - 1 downstream tasks scheduled from follow-on schedule check
[2024-06-24 12:52:49,557] {local_task_job.py:146} INFO - Task exited with return code 0
