[2024-06-24 12:54:09,276] {taskinstance.py:851} INFO - Dependencies all met for <TaskInstance: our_dag_with_python_operator_v07.get_name 2021-11-13T00:00:00+00:00 [queued]>
[2024-06-24 12:54:09,529] {taskinstance.py:851} INFO - Dependencies all met for <TaskInstance: our_dag_with_python_operator_v07.get_name 2021-11-13T00:00:00+00:00 [queued]>
[2024-06-24 12:54:09,555] {taskinstance.py:1042} INFO - 
--------------------------------------------------------------------------------
[2024-06-24 12:54:09,557] {taskinstance.py:1043} INFO - Starting attempt 1 of 6
[2024-06-24 12:54:09,560] {taskinstance.py:1044} INFO - 
--------------------------------------------------------------------------------
[2024-06-24 12:54:09,687] {taskinstance.py:1063} INFO - Executing <Task(PythonOperator): get_name> on 2021-11-13T00:00:00+00:00
[2024-06-24 12:54:09,719] {standard_task_runner.py:52} INFO - Started process 29280 to run task
[2024-06-24 12:54:09,734] {standard_task_runner.py:76} INFO - Running: ['airflow', 'tasks', 'run', 'our_dag_with_python_operator_v07', 'get_name', '2021-11-13T00:00:00+00:00', '--job-id', '933', '--pool', 'default_pool', '--raw', '--subdir', 'DAGS_FOLDER/create_dag_with_python_operator.py', '--cfg-path', '/tmp/tmpnp0doxor', '--error-file', '/tmp/tmpbmmli0e2']
[2024-06-24 12:54:09,759] {standard_task_runner.py:77} INFO - Job 933: Subtask get_name
[2024-06-24 12:54:10,336] {logging_mixin.py:104} INFO - Running <TaskInstance: our_dag_with_python_operator_v07.get_name 2021-11-13T00:00:00+00:00 [running]> on host 799b1e36e3f1
[2024-06-24 12:54:10,731] {taskinstance.py:1257} INFO - Exporting the following env vars:
AIRFLOW_CTX_DAG_OWNER=coder2j
AIRFLOW_CTX_DAG_ID=our_dag_with_python_operator_v07
AIRFLOW_CTX_TASK_ID=get_name
AIRFLOW_CTX_EXECUTION_DATE=2021-11-13T00:00:00+00:00
AIRFLOW_CTX_DAG_RUN_ID=scheduled__2021-11-13T00:00:00+00:00
[2024-06-24 12:54:10,919] {python.py:118} INFO - Done. Returned value was: None
[2024-06-24 12:54:11,012] {taskinstance.py:1166} INFO - Marking task as SUCCESS. dag_id=our_dag_with_python_operator_v07, task_id=get_name, execution_date=20211113T000000, start_date=20240624T125409, end_date=20240624T125411
[2024-06-24 12:54:11,173] {taskinstance.py:1220} INFO - 0 downstream tasks scheduled from follow-on schedule check
[2024-06-24 12:54:11,251] {local_task_job.py:146} INFO - Task exited with return code 0
