[2024-07-04 19:07:17,017] {taskinstance.py:851} INFO - Dependencies all met for <TaskInstance: dag_with_taskflow_api_v02.get_name 2024-07-03T00:00:00+00:00 [queued]>
[2024-07-04 19:07:17,120] {taskinstance.py:851} INFO - Dependencies all met for <TaskInstance: dag_with_taskflow_api_v02.get_name 2024-07-03T00:00:00+00:00 [queued]>
[2024-07-04 19:07:17,121] {taskinstance.py:1042} INFO - 
--------------------------------------------------------------------------------
[2024-07-04 19:07:17,123] {taskinstance.py:1043} INFO - Starting attempt 1 of 6
[2024-07-04 19:07:17,124] {taskinstance.py:1044} INFO - 
--------------------------------------------------------------------------------
[2024-07-04 19:07:17,218] {taskinstance.py:1063} INFO - Executing <Task(_PythonDecoratedOperator): get_name> on 2024-07-03T00:00:00+00:00
[2024-07-04 19:07:17,233] {standard_task_runner.py:52} INFO - Started process 436 to run task
[2024-07-04 19:07:17,242] {standard_task_runner.py:76} INFO - Running: ['airflow', 'tasks', 'run', 'dag_with_taskflow_api_v02', 'get_name', '2024-07-03T00:00:00+00:00', '--job-id', '12284', '--pool', 'default_pool', '--raw', '--subdir', 'DAGS_FOLDER/dag_with_taskflow_api.py', '--cfg-path', '/tmp/tmpsvu9sj62', '--error-file', '/tmp/tmp3idm4xky']
[2024-07-04 19:07:17,249] {standard_task_runner.py:77} INFO - Job 12284: Subtask get_name
[2024-07-04 19:07:17,497] {logging_mixin.py:104} INFO - Running <TaskInstance: dag_with_taskflow_api_v02.get_name 2024-07-03T00:00:00+00:00 [running]> on host 799b1e36e3f1
[2024-07-04 19:07:17,646] {taskinstance.py:1257} INFO - Exporting the following env vars:
AIRFLOW_CTX_DAG_OWNER=coder2j
AIRFLOW_CTX_DAG_ID=dag_with_taskflow_api_v02
AIRFLOW_CTX_TASK_ID=get_name
AIRFLOW_CTX_EXECUTION_DATE=2024-07-03T00:00:00+00:00
AIRFLOW_CTX_DAG_RUN_ID=scheduled__2024-07-03T00:00:00+00:00
[2024-07-04 19:07:17,869] {taskinstance.py:1166} INFO - Marking task as SUCCESS. dag_id=dag_with_taskflow_api_v02, task_id=get_name, execution_date=20240703T000000, start_date=20240704T190717, end_date=20240704T190717
[2024-07-04 19:07:18,088] {taskinstance.py:1220} INFO - 1 downstream tasks scheduled from follow-on schedule check
[2024-07-04 19:07:18,130] {local_task_job.py:146} INFO - Task exited with return code 0
