[2024-07-24 00:00:07,905] {taskinstance.py:851} INFO - Dependencies all met for <TaskInstance: dag_with_python_dependencies_v03.get_sklearn 2024-07-23T00:00:00+00:00 [queued]>
[2024-07-24 00:00:08,058] {taskinstance.py:851} INFO - Dependencies all met for <TaskInstance: dag_with_python_dependencies_v03.get_sklearn 2024-07-23T00:00:00+00:00 [queued]>
[2024-07-24 00:00:08,067] {taskinstance.py:1042} INFO - 
--------------------------------------------------------------------------------
[2024-07-24 00:00:08,081] {taskinstance.py:1043} INFO - Starting attempt 1 of 1
[2024-07-24 00:00:08,089] {taskinstance.py:1044} INFO - 
--------------------------------------------------------------------------------
[2024-07-24 00:00:08,288] {taskinstance.py:1063} INFO - Executing <Task(PythonOperator): get_sklearn> on 2024-07-23T00:00:00+00:00
[2024-07-24 00:00:08,344] {standard_task_runner.py:52} INFO - Started process 27853 to run task
[2024-07-24 00:00:08,387] {standard_task_runner.py:76} INFO - Running: ['airflow', 'tasks', 'run', 'dag_with_python_dependencies_v03', 'get_sklearn', '2024-07-23T00:00:00+00:00', '--job-id', '12529', '--pool', 'default_pool', '--raw', '--subdir', 'DAGS_FOLDER/dag_with_python_dependencies.py', '--cfg-path', '/tmp/tmpn94a1rpz', '--error-file', '/tmp/tmp43vlxj_d']
[2024-07-24 00:00:08,422] {standard_task_runner.py:77} INFO - Job 12529: Subtask get_sklearn
[2024-07-24 00:00:09,326] {logging_mixin.py:104} INFO - Running <TaskInstance: dag_with_python_dependencies_v03.get_sklearn 2024-07-23T00:00:00+00:00 [running]> on host 799b1e36e3f1
[2024-07-24 00:00:09,853] {taskinstance.py:1257} INFO - Exporting the following env vars:
AIRFLOW_CTX_DAG_OWNER=coder2j
AIRFLOW_CTX_DAG_ID=dag_with_python_dependencies_v03
AIRFLOW_CTX_TASK_ID=get_sklearn
AIRFLOW_CTX_EXECUTION_DATE=2024-07-23T00:00:00+00:00
AIRFLOW_CTX_DAG_RUN_ID=scheduled__2024-07-23T00:00:00+00:00
[2024-07-24 00:00:25,762] {logging_mixin.py:104} INFO - sklearn with version: 0.24.2
[2024-07-24 00:00:25,765] {python.py:118} INFO - Done. Returned value was: None
[2024-07-24 00:00:25,856] {taskinstance.py:1166} INFO - Marking task as SUCCESS. dag_id=dag_with_python_dependencies_v03, task_id=get_sklearn, execution_date=20240723T000000, start_date=20240724T000007, end_date=20240724T000025
[2024-07-24 00:00:26,106] {taskinstance.py:1220} INFO - 1 downstream tasks scheduled from follow-on schedule check
[2024-07-24 00:00:26,202] {local_task_job.py:146} INFO - Task exited with return code 0
