[2024-06-24 15:07:00,316] {taskinstance.py:851} INFO - Dependencies all met for <TaskInstance: dag_with_python_dependencies_v03.get_sklearn 2024-05-16T00:00:00+00:00 [queued]>
[2024-06-24 15:07:00,344] {taskinstance.py:851} INFO - Dependencies all met for <TaskInstance: dag_with_python_dependencies_v03.get_sklearn 2024-05-16T00:00:00+00:00 [queued]>
[2024-06-24 15:07:00,351] {taskinstance.py:1042} INFO - 
--------------------------------------------------------------------------------
[2024-06-24 15:07:00,352] {taskinstance.py:1043} INFO - Starting attempt 1 of 1
[2024-06-24 15:07:00,353] {taskinstance.py:1044} INFO - 
--------------------------------------------------------------------------------
[2024-06-24 15:07:00,394] {taskinstance.py:1063} INFO - Executing <Task(PythonOperator): get_sklearn> on 2024-05-16T00:00:00+00:00
[2024-06-24 15:07:00,404] {standard_task_runner.py:52} INFO - Started process 36251 to run task
[2024-06-24 15:07:00,411] {standard_task_runner.py:76} INFO - Running: ['airflow', 'tasks', 'run', 'dag_with_python_dependencies_v03', 'get_sklearn', '2024-05-16T00:00:00+00:00', '--job-id', '12036', '--pool', 'default_pool', '--raw', '--subdir', 'DAGS_FOLDER/dag_with_python_dependencies.py', '--cfg-path', '/tmp/tmp0acmn75e', '--error-file', '/tmp/tmppwg_zuaz']
[2024-06-24 15:07:00,418] {standard_task_runner.py:77} INFO - Job 12036: Subtask get_sklearn
[2024-06-24 15:07:00,508] {logging_mixin.py:104} INFO - Running <TaskInstance: dag_with_python_dependencies_v03.get_sklearn 2024-05-16T00:00:00+00:00 [running]> on host 799b1e36e3f1
[2024-06-24 15:07:00,593] {taskinstance.py:1257} INFO - Exporting the following env vars:
AIRFLOW_CTX_DAG_OWNER=coder2j
AIRFLOW_CTX_DAG_ID=dag_with_python_dependencies_v03
AIRFLOW_CTX_TASK_ID=get_sklearn
AIRFLOW_CTX_EXECUTION_DATE=2024-05-16T00:00:00+00:00
AIRFLOW_CTX_DAG_RUN_ID=scheduled__2024-05-16T00:00:00+00:00
[2024-06-24 15:07:02,570] {logging_mixin.py:104} INFO - sklearn with version: 0.24.2
[2024-06-24 15:07:02,572] {python.py:118} INFO - Done. Returned value was: None
[2024-06-24 15:07:02,642] {taskinstance.py:1166} INFO - Marking task as SUCCESS. dag_id=dag_with_python_dependencies_v03, task_id=get_sklearn, execution_date=20240516T000000, start_date=20240624T150700, end_date=20240624T150702
[2024-06-24 15:07:03,241] {taskinstance.py:1220} INFO - 1 downstream tasks scheduled from follow-on schedule check
[2024-06-24 15:07:03,294] {local_task_job.py:146} INFO - Task exited with return code 0
