[2024-06-24 15:04:36,461] {taskinstance.py:851} INFO - Dependencies all met for <TaskInstance: our_dag_with_python_operator_v07.get_name 2024-05-06T00:00:00+00:00 [queued]>
[2024-06-24 15:04:36,564] {taskinstance.py:851} INFO - Dependencies all met for <TaskInstance: our_dag_with_python_operator_v07.get_name 2024-05-06T00:00:00+00:00 [queued]>
[2024-06-24 15:04:36,572] {taskinstance.py:1042} INFO - 
--------------------------------------------------------------------------------
[2024-06-24 15:04:36,572] {taskinstance.py:1043} INFO - Starting attempt 1 of 6
[2024-06-24 15:04:36,577] {taskinstance.py:1044} INFO - 
--------------------------------------------------------------------------------
[2024-06-24 15:04:36,808] {taskinstance.py:1063} INFO - Executing <Task(PythonOperator): get_name> on 2024-05-06T00:00:00+00:00
[2024-06-24 15:04:36,852] {standard_task_runner.py:52} INFO - Started process 32343 to run task
[2024-06-24 15:04:36,913] {standard_task_runner.py:76} INFO - Running: ['airflow', 'tasks', 'run', 'our_dag_with_python_operator_v07', 'get_name', '2024-05-06T00:00:00+00:00', '--job-id', '11163', '--pool', 'default_pool', '--raw', '--subdir', 'DAGS_FOLDER/create_dag_with_python_operator.py', '--cfg-path', '/tmp/tmpa_b2w5c0', '--error-file', '/tmp/tmpn6rrssvb']
[2024-06-24 15:04:36,941] {standard_task_runner.py:77} INFO - Job 11163: Subtask get_name
[2024-06-24 15:04:37,300] {logging_mixin.py:104} INFO - Running <TaskInstance: our_dag_with_python_operator_v07.get_name 2024-05-06T00:00:00+00:00 [running]> on host 799b1e36e3f1
[2024-06-24 15:04:37,532] {taskinstance.py:1257} INFO - Exporting the following env vars:
AIRFLOW_CTX_DAG_OWNER=coder2j
AIRFLOW_CTX_DAG_ID=our_dag_with_python_operator_v07
AIRFLOW_CTX_TASK_ID=get_name
AIRFLOW_CTX_EXECUTION_DATE=2024-05-06T00:00:00+00:00
AIRFLOW_CTX_DAG_RUN_ID=scheduled__2024-05-06T00:00:00+00:00
[2024-06-24 15:04:37,730] {python.py:118} INFO - Done. Returned value was: None
[2024-06-24 15:04:37,834] {taskinstance.py:1166} INFO - Marking task as SUCCESS. dag_id=our_dag_with_python_operator_v07, task_id=get_name, execution_date=20240506T000000, start_date=20240624T150436, end_date=20240624T150437
[2024-06-24 15:04:38,000] {taskinstance.py:1220} INFO - 0 downstream tasks scheduled from follow-on schedule check
[2024-06-24 15:04:38,081] {local_task_job.py:146} INFO - Task exited with return code 0
