[2024-06-24 14:26:31,378] {taskinstance.py:851} INFO - Dependencies all met for <TaskInstance: our_dag_with_python_operator_v07.greet 2023-03-06T00:00:00+00:00 [queued]>
[2024-06-24 14:26:31,437] {taskinstance.py:851} INFO - Dependencies all met for <TaskInstance: our_dag_with_python_operator_v07.greet 2023-03-06T00:00:00+00:00 [queued]>
[2024-06-24 14:26:31,447] {taskinstance.py:1042} INFO - 
--------------------------------------------------------------------------------
[2024-06-24 14:26:31,448] {taskinstance.py:1043} INFO - Starting attempt 1 of 6
[2024-06-24 14:26:31,449] {taskinstance.py:1044} INFO - 
--------------------------------------------------------------------------------
[2024-06-24 14:26:31,498] {taskinstance.py:1063} INFO - Executing <Task(PythonOperator): greet> on 2023-03-06T00:00:00+00:00
[2024-06-24 14:26:31,512] {standard_task_runner.py:52} INFO - Started process 12997 to run task
[2024-06-24 14:26:31,533] {standard_task_runner.py:76} INFO - Running: ['airflow', 'tasks', 'run', 'our_dag_with_python_operator_v07', 'greet', '2023-03-06T00:00:00+00:00', '--job-id', '6247', '--pool', 'default_pool', '--raw', '--subdir', 'DAGS_FOLDER/create_dag_with_python_operator.py', '--cfg-path', '/tmp/tmpiw5h3iu2', '--error-file', '/tmp/tmp5ly7uaoj']
[2024-06-24 14:26:31,549] {standard_task_runner.py:77} INFO - Job 6247: Subtask greet
[2024-06-24 14:26:31,744] {logging_mixin.py:104} INFO - Running <TaskInstance: our_dag_with_python_operator_v07.greet 2023-03-06T00:00:00+00:00 [running]> on host 799b1e36e3f1
[2024-06-24 14:26:31,941] {taskinstance.py:1257} INFO - Exporting the following env vars:
AIRFLOW_CTX_DAG_OWNER=coder2j
AIRFLOW_CTX_DAG_ID=our_dag_with_python_operator_v07
AIRFLOW_CTX_TASK_ID=greet
AIRFLOW_CTX_EXECUTION_DATE=2023-03-06T00:00:00+00:00
AIRFLOW_CTX_DAG_RUN_ID=scheduled__2023-03-06T00:00:00+00:00
[2024-06-24 14:26:31,943] {logging_mixin.py:104} INFO - some dict:  {'a': 1, 'b': 2}
[2024-06-24 14:26:32,024] {logging_mixin.py:104} INFO - Hello World! My name is Jerry Fridman, and I am 19 years old!
[2024-06-24 14:26:32,030] {python.py:118} INFO - Done. Returned value was: None
[2024-06-24 14:26:32,066] {taskinstance.py:1166} INFO - Marking task as SUCCESS. dag_id=our_dag_with_python_operator_v07, task_id=greet, execution_date=20230306T000000, start_date=20240624T142631, end_date=20240624T142632
[2024-06-24 14:26:32,200] {taskinstance.py:1220} INFO - 0 downstream tasks scheduled from follow-on schedule check
[2024-06-24 14:26:32,325] {local_task_job.py:146} INFO - Task exited with return code 0
