[2024-06-24 14:46:19,700] {taskinstance.py:851} INFO - Dependencies all met for <TaskInstance: dag_with_taskflow_api_v02.get_name 2023-11-03T00:00:00+00:00 [queued]>
[2024-06-24 14:46:19,913] {taskinstance.py:851} INFO - Dependencies all met for <TaskInstance: dag_with_taskflow_api_v02.get_name 2023-11-03T00:00:00+00:00 [queued]>
[2024-06-24 14:46:19,921] {taskinstance.py:1042} INFO - 
--------------------------------------------------------------------------------
[2024-06-24 14:46:19,925] {taskinstance.py:1043} INFO - Starting attempt 1 of 6
[2024-06-24 14:46:19,927] {taskinstance.py:1044} INFO - 
--------------------------------------------------------------------------------
[2024-06-24 14:46:19,985] {taskinstance.py:1063} INFO - Executing <Task(_PythonDecoratedOperator): get_name> on 2023-11-03T00:00:00+00:00
[2024-06-24 14:46:20,007] {standard_task_runner.py:52} INFO - Started process 23600 to run task
[2024-06-24 14:46:20,044] {standard_task_runner.py:76} INFO - Running: ['airflow', 'tasks', 'run', 'dag_with_taskflow_api_v02', 'get_name', '2023-11-03T00:00:00+00:00', '--job-id', '9010', '--pool', 'default_pool', '--raw', '--subdir', 'DAGS_FOLDER/dag_with_taskflow_api.py', '--cfg-path', '/tmp/tmp94lkadsd', '--error-file', '/tmp/tmp80e9etmm']
[2024-06-24 14:46:20,073] {standard_task_runner.py:77} INFO - Job 9010: Subtask get_name
[2024-06-24 14:46:20,314] {logging_mixin.py:104} INFO - Running <TaskInstance: dag_with_taskflow_api_v02.get_name 2023-11-03T00:00:00+00:00 [running]> on host 799b1e36e3f1
[2024-06-24 14:46:20,616] {taskinstance.py:1257} INFO - Exporting the following env vars:
AIRFLOW_CTX_DAG_OWNER=coder2j
AIRFLOW_CTX_DAG_ID=dag_with_taskflow_api_v02
AIRFLOW_CTX_TASK_ID=get_name
AIRFLOW_CTX_EXECUTION_DATE=2023-11-03T00:00:00+00:00
AIRFLOW_CTX_DAG_RUN_ID=scheduled__2023-11-03T00:00:00+00:00
[2024-06-24 14:46:20,897] {taskinstance.py:1166} INFO - Marking task as SUCCESS. dag_id=dag_with_taskflow_api_v02, task_id=get_name, execution_date=20231103T000000, start_date=20240624T144619, end_date=20240624T144620
[2024-06-24 14:46:21,051] {taskinstance.py:1220} INFO - 0 downstream tasks scheduled from follow-on schedule check
[2024-06-24 14:46:21,099] {local_task_job.py:146} INFO - Task exited with return code 0
