[2024-06-24 12:59:29,025] {taskinstance.py:851} INFO - Dependencies all met for <TaskInstance: dag_with_taskflow_api_v02.get_age 2022-03-15T00:00:00+00:00 [queued]>
[2024-06-24 12:59:29,108] {taskinstance.py:851} INFO - Dependencies all met for <TaskInstance: dag_with_taskflow_api_v02.get_age 2022-03-15T00:00:00+00:00 [queued]>
[2024-06-24 12:59:29,112] {taskinstance.py:1042} INFO - 
--------------------------------------------------------------------------------
[2024-06-24 12:59:29,113] {taskinstance.py:1043} INFO - Starting attempt 1 of 6
[2024-06-24 12:59:29,122] {taskinstance.py:1044} INFO - 
--------------------------------------------------------------------------------
[2024-06-24 12:59:29,200] {taskinstance.py:1063} INFO - Executing <Task(_PythonDecoratedOperator): get_age> on 2022-03-15T00:00:00+00:00
[2024-06-24 12:59:29,209] {standard_task_runner.py:52} INFO - Started process 34472 to run task
[2024-06-24 12:59:29,224] {standard_task_runner.py:76} INFO - Running: ['airflow', 'tasks', 'run', 'dag_with_taskflow_api_v02', 'get_age', '2022-03-15T00:00:00+00:00', '--job-id', '2191', '--pool', 'default_pool', '--raw', '--subdir', 'DAGS_FOLDER/dag_with_taskflow_api.py', '--cfg-path', '/tmp/tmpt0ampwae', '--error-file', '/tmp/tmpp6wa53oh']
[2024-06-24 12:59:29,239] {standard_task_runner.py:77} INFO - Job 2191: Subtask get_age
[2024-06-24 12:59:29,488] {logging_mixin.py:104} INFO - Running <TaskInstance: dag_with_taskflow_api_v02.get_age 2022-03-15T00:00:00+00:00 [running]> on host 799b1e36e3f1
[2024-06-24 12:59:29,808] {taskinstance.py:1257} INFO - Exporting the following env vars:
AIRFLOW_CTX_DAG_OWNER=coder2j
AIRFLOW_CTX_DAG_ID=dag_with_taskflow_api_v02
AIRFLOW_CTX_TASK_ID=get_age
AIRFLOW_CTX_EXECUTION_DATE=2022-03-15T00:00:00+00:00
AIRFLOW_CTX_DAG_RUN_ID=scheduled__2022-03-15T00:00:00+00:00
[2024-06-24 12:59:30,014] {taskinstance.py:1166} INFO - Marking task as SUCCESS. dag_id=dag_with_taskflow_api_v02, task_id=get_age, execution_date=20220315T000000, start_date=20240624T125929, end_date=20240624T125930
[2024-06-24 12:59:30,283] {taskinstance.py:1220} INFO - 0 downstream tasks scheduled from follow-on schedule check
[2024-06-24 12:59:30,332] {local_task_job.py:146} INFO - Task exited with return code 0
