[2024-06-24 14:42:51,974] {taskinstance.py:851} INFO - Dependencies all met for <TaskInstance: dag_with_taskflow_api_v02.greet 2023-10-20T00:00:00+00:00 [queued]>
[2024-06-24 14:42:52,491] {taskinstance.py:851} INFO - Dependencies all met for <TaskInstance: dag_with_taskflow_api_v02.greet 2023-10-20T00:00:00+00:00 [queued]>
[2024-06-24 14:42:52,510] {taskinstance.py:1042} INFO - 
--------------------------------------------------------------------------------
[2024-06-24 14:42:52,515] {taskinstance.py:1043} INFO - Starting attempt 1 of 6
[2024-06-24 14:42:52,520] {taskinstance.py:1044} INFO - 
--------------------------------------------------------------------------------
[2024-06-24 14:42:52,788] {taskinstance.py:1063} INFO - Executing <Task(_PythonDecoratedOperator): greet> on 2023-10-20T00:00:00+00:00
[2024-06-24 14:42:52,854] {standard_task_runner.py:52} INFO - Started process 23094 to run task
[2024-06-24 14:42:52,930] {standard_task_runner.py:76} INFO - Running: ['airflow', 'tasks', 'run', 'dag_with_taskflow_api_v02', 'greet', '2023-10-20T00:00:00+00:00', '--job-id', '8891', '--pool', 'default_pool', '--raw', '--subdir', 'DAGS_FOLDER/dag_with_taskflow_api.py', '--cfg-path', '/tmp/tmpxrvhsvcf', '--error-file', '/tmp/tmp3rxm417i']
[2024-06-24 14:42:52,969] {standard_task_runner.py:77} INFO - Job 8891: Subtask greet
[2024-06-24 14:42:53,557] {logging_mixin.py:104} INFO - Running <TaskInstance: dag_with_taskflow_api_v02.greet 2023-10-20T00:00:00+00:00 [running]> on host 799b1e36e3f1
[2024-06-24 14:42:54,877] {taskinstance.py:1257} INFO - Exporting the following env vars:
AIRFLOW_CTX_DAG_OWNER=coder2j
AIRFLOW_CTX_DAG_ID=dag_with_taskflow_api_v02
AIRFLOW_CTX_TASK_ID=greet
AIRFLOW_CTX_EXECUTION_DATE=2023-10-20T00:00:00+00:00
AIRFLOW_CTX_DAG_RUN_ID=scheduled__2023-10-20T00:00:00+00:00
[2024-06-24 14:42:54,899] {logging_mixin.py:104} INFO - Hello World! My name is Jerry Fridman and I am 19 years old!
[2024-06-24 14:42:55,075] {taskinstance.py:1166} INFO - Marking task as SUCCESS. dag_id=dag_with_taskflow_api_v02, task_id=greet, execution_date=20231020T000000, start_date=20240624T144252, end_date=20240624T144255
[2024-06-24 14:42:55,472] {taskinstance.py:1220} INFO - 0 downstream tasks scheduled from follow-on schedule check
[2024-06-24 14:42:55,539] {local_task_job.py:146} INFO - Task exited with return code 0
