[2024-08-11 13:01:15,445] {taskinstance.py:851} INFO - Dependencies all met for <TaskInstance: dag_with_taskflow_api_v02.greet 2024-08-08T00:00:00+00:00 [queued]>
[2024-08-11 13:01:15,783] {taskinstance.py:851} INFO - Dependencies all met for <TaskInstance: dag_with_taskflow_api_v02.greet 2024-08-08T00:00:00+00:00 [queued]>
[2024-08-11 13:01:15,800] {taskinstance.py:1042} INFO - 
--------------------------------------------------------------------------------
[2024-08-11 13:01:15,802] {taskinstance.py:1043} INFO - Starting attempt 1 of 6
[2024-08-11 13:01:15,802] {taskinstance.py:1044} INFO - 
--------------------------------------------------------------------------------
[2024-08-11 13:01:16,045] {taskinstance.py:1063} INFO - Executing <Task(_PythonDecoratedOperator): greet> on 2024-08-08T00:00:00+00:00
[2024-08-11 13:01:16,141] {standard_task_runner.py:52} INFO - Started process 266 to run task
[2024-08-11 13:01:16,179] {standard_task_runner.py:76} INFO - Running: ['airflow', 'tasks', 'run', 'dag_with_taskflow_api_v02', 'greet', '2024-08-08T00:00:00+00:00', '--job-id', '12758', '--pool', 'default_pool', '--raw', '--subdir', 'DAGS_FOLDER/dag_with_taskflow_api.py', '--cfg-path', '/tmp/tmpdxfm97mr', '--error-file', '/tmp/tmpmaez1l3d']
[2024-08-11 13:01:16,226] {standard_task_runner.py:77} INFO - Job 12758: Subtask greet
[2024-08-11 13:01:16,897] {logging_mixin.py:104} INFO - Running <TaskInstance: dag_with_taskflow_api_v02.greet 2024-08-08T00:00:00+00:00 [running]> on host 799b1e36e3f1
[2024-08-11 13:01:17,386] {taskinstance.py:1257} INFO - Exporting the following env vars:
AIRFLOW_CTX_DAG_OWNER=coder2j
AIRFLOW_CTX_DAG_ID=dag_with_taskflow_api_v02
AIRFLOW_CTX_TASK_ID=greet
AIRFLOW_CTX_EXECUTION_DATE=2024-08-08T00:00:00+00:00
AIRFLOW_CTX_DAG_RUN_ID=scheduled__2024-08-08T00:00:00+00:00
[2024-08-11 13:01:17,393] {logging_mixin.py:104} INFO - Hello World! My name is Jerry Fridman and I am 19 years old!
[2024-08-11 13:01:17,555] {taskinstance.py:1166} INFO - Marking task as SUCCESS. dag_id=dag_with_taskflow_api_v02, task_id=greet, execution_date=20240808T000000, start_date=20240811T130115, end_date=20240811T130117
[2024-08-11 13:01:17,848] {taskinstance.py:1220} INFO - 0 downstream tasks scheduled from follow-on schedule check
[2024-08-11 13:01:17,907] {local_task_job.py:146} INFO - Task exited with return code 0
