[2024-08-01 17:19:55,071] {taskinstance.py:851} INFO - Dependencies all met for <TaskInstance: our_dag_with_python_operator_v07.get_age 2024-07-31T00:00:00+00:00 [queued]>
[2024-08-01 17:19:55,399] {taskinstance.py:851} INFO - Dependencies all met for <TaskInstance: our_dag_with_python_operator_v07.get_age 2024-07-31T00:00:00+00:00 [queued]>
[2024-08-01 17:19:55,401] {taskinstance.py:1042} INFO - 
--------------------------------------------------------------------------------
[2024-08-01 17:19:55,403] {taskinstance.py:1043} INFO - Starting attempt 1 of 6
[2024-08-01 17:19:55,425] {taskinstance.py:1044} INFO - 
--------------------------------------------------------------------------------
[2024-08-01 17:19:55,559] {taskinstance.py:1063} INFO - Executing <Task(PythonOperator): get_age> on 2024-07-31T00:00:00+00:00
[2024-08-01 17:19:55,581] {standard_task_runner.py:52} INFO - Started process 310 to run task
[2024-08-01 17:19:55,603] {standard_task_runner.py:76} INFO - Running: ['airflow', 'tasks', 'run', 'our_dag_with_python_operator_v07', 'get_age', '2024-07-31T00:00:00+00:00', '--job-id', '12621', '--pool', 'default_pool', '--raw', '--subdir', 'DAGS_FOLDER/create_dag_with_python_operator.py', '--cfg-path', '/tmp/tmpwlh00tmf', '--error-file', '/tmp/tmp_9mhany2']
[2024-08-01 17:19:55,653] {standard_task_runner.py:77} INFO - Job 12621: Subtask get_age
[2024-08-01 17:19:57,274] {logging_mixin.py:104} INFO - Running <TaskInstance: our_dag_with_python_operator_v07.get_age 2024-07-31T00:00:00+00:00 [running]> on host 799b1e36e3f1
[2024-08-01 17:19:58,691] {taskinstance.py:1257} INFO - Exporting the following env vars:
AIRFLOW_CTX_DAG_OWNER=coder2j
AIRFLOW_CTX_DAG_ID=our_dag_with_python_operator_v07
AIRFLOW_CTX_TASK_ID=get_age
AIRFLOW_CTX_EXECUTION_DATE=2024-07-31T00:00:00+00:00
AIRFLOW_CTX_DAG_RUN_ID=scheduled__2024-07-31T00:00:00+00:00
[2024-08-01 17:19:59,203] {python.py:118} INFO - Done. Returned value was: None
[2024-08-01 17:19:59,332] {taskinstance.py:1166} INFO - Marking task as SUCCESS. dag_id=our_dag_with_python_operator_v07, task_id=get_age, execution_date=20240731T000000, start_date=20240801T171955, end_date=20240801T171959
[2024-08-01 17:19:59,650] {taskinstance.py:1220} INFO - 1 downstream tasks scheduled from follow-on schedule check
[2024-08-01 17:19:59,688] {local_task_job.py:146} INFO - Task exited with return code 0
