[2024-06-24 14:28:47,738] {taskinstance.py:851} INFO - Dependencies all met for <TaskInstance: dag_with_taskflow_api_v02.get_age 2023-05-28T00:00:00+00:00 [queued]>
[2024-06-24 14:28:47,778] {taskinstance.py:851} INFO - Dependencies all met for <TaskInstance: dag_with_taskflow_api_v02.get_age 2023-05-28T00:00:00+00:00 [queued]>
[2024-06-24 14:28:47,783] {taskinstance.py:1042} INFO - 
--------------------------------------------------------------------------------
[2024-06-24 14:28:47,786] {taskinstance.py:1043} INFO - Starting attempt 1 of 6
[2024-06-24 14:28:47,787] {taskinstance.py:1044} INFO - 
--------------------------------------------------------------------------------
[2024-06-24 14:28:47,826] {taskinstance.py:1063} INFO - Executing <Task(_PythonDecoratedOperator): get_age> on 2023-05-28T00:00:00+00:00
[2024-06-24 14:28:47,838] {standard_task_runner.py:52} INFO - Started process 16566 to run task
[2024-06-24 14:28:47,853] {standard_task_runner.py:76} INFO - Running: ['airflow', 'tasks', 'run', 'dag_with_taskflow_api_v02', 'get_age', '2023-05-28T00:00:00+00:00', '--job-id', '7218', '--pool', 'default_pool', '--raw', '--subdir', 'DAGS_FOLDER/dag_with_taskflow_api.py', '--cfg-path', '/tmp/tmp44iesrn4', '--error-file', '/tmp/tmp01lvyr9p']
[2024-06-24 14:28:47,878] {standard_task_runner.py:77} INFO - Job 7218: Subtask get_age
[2024-06-24 14:28:48,039] {logging_mixin.py:104} INFO - Running <TaskInstance: dag_with_taskflow_api_v02.get_age 2023-05-28T00:00:00+00:00 [running]> on host 799b1e36e3f1
[2024-06-24 14:28:48,225] {taskinstance.py:1257} INFO - Exporting the following env vars:
AIRFLOW_CTX_DAG_OWNER=coder2j
AIRFLOW_CTX_DAG_ID=dag_with_taskflow_api_v02
AIRFLOW_CTX_TASK_ID=get_age
AIRFLOW_CTX_EXECUTION_DATE=2023-05-28T00:00:00+00:00
AIRFLOW_CTX_DAG_RUN_ID=scheduled__2023-05-28T00:00:00+00:00
[2024-06-24 14:28:48,326] {taskinstance.py:1166} INFO - Marking task as SUCCESS. dag_id=dag_with_taskflow_api_v02, task_id=get_age, execution_date=20230528T000000, start_date=20240624T142847, end_date=20240624T142848
[2024-06-24 14:28:48,512] {taskinstance.py:1220} INFO - 0 downstream tasks scheduled from follow-on schedule check
[2024-06-24 14:28:48,574] {local_task_job.py:146} INFO - Task exited with return code 0
