[2024-06-24 13:00:09,866] {taskinstance.py:851} INFO - Dependencies all met for <TaskInstance: our_first_dag_v5.first_task 2022-01-08T00:00:00+00:00 [queued]>
[2024-06-24 13:00:10,068] {taskinstance.py:851} INFO - Dependencies all met for <TaskInstance: our_first_dag_v5.first_task 2022-01-08T00:00:00+00:00 [queued]>
[2024-06-24 13:00:10,153] {taskinstance.py:1042} INFO - 
--------------------------------------------------------------------------------
[2024-06-24 13:00:10,185] {taskinstance.py:1043} INFO - Starting attempt 1 of 6
[2024-06-24 13:00:10,256] {taskinstance.py:1044} INFO - 
--------------------------------------------------------------------------------
[2024-06-24 13:00:10,409] {taskinstance.py:1063} INFO - Executing <Task(BashOperator): first_task> on 2022-01-08T00:00:00+00:00
[2024-06-24 13:00:10,467] {standard_task_runner.py:52} INFO - Started process 35158 to run task
[2024-06-24 13:00:10,510] {standard_task_runner.py:76} INFO - Running: ['airflow', 'tasks', 'run', 'our_first_dag_v5', 'first_task', '2022-01-08T00:00:00+00:00', '--job-id', '2370', '--pool', 'default_pool', '--raw', '--subdir', 'DAGS_FOLDER/our_first_dag.py', '--cfg-path', '/tmp/tmpkbrq4893', '--error-file', '/tmp/tmp8pjp0x61']
[2024-06-24 13:00:10,614] {standard_task_runner.py:77} INFO - Job 2370: Subtask first_task
[2024-06-24 13:00:11,157] {logging_mixin.py:104} INFO - Running <TaskInstance: our_first_dag_v5.first_task 2022-01-08T00:00:00+00:00 [running]> on host 799b1e36e3f1
[2024-06-24 13:00:11,748] {taskinstance.py:1257} INFO - Exporting the following env vars:
AIRFLOW_CTX_DAG_OWNER=coder2j
AIRFLOW_CTX_DAG_ID=our_first_dag_v5
AIRFLOW_CTX_TASK_ID=first_task
AIRFLOW_CTX_EXECUTION_DATE=2022-01-08T00:00:00+00:00
AIRFLOW_CTX_DAG_RUN_ID=scheduled__2022-01-08T00:00:00+00:00
[2024-06-24 13:00:11,759] {bash.py:135} INFO - Tmp dir root location: 
 /tmp
[2024-06-24 13:00:11,767] {bash.py:158} INFO - Running command: echo hello world, this is the first task!
[2024-06-24 13:00:11,841] {bash.py:169} INFO - Output:
[2024-06-24 13:00:11,847] {bash.py:173} INFO - hello world, this is the first task!
[2024-06-24 13:00:11,854] {bash.py:177} INFO - Command exited with return code 0
[2024-06-24 13:00:12,091] {taskinstance.py:1166} INFO - Marking task as SUCCESS. dag_id=our_first_dag_v5, task_id=first_task, execution_date=20220108T000000, start_date=20240624T130009, end_date=20240624T130012
[2024-06-24 13:00:12,293] {taskinstance.py:1220} INFO - 2 downstream tasks scheduled from follow-on schedule check
[2024-06-24 13:00:12,338] {local_task_job.py:146} INFO - Task exited with return code 0
