[2024-06-24 15:01:56,999] {taskinstance.py:851} INFO - Dependencies all met for <TaskInstance: dag_with_python_dependencies_v03.get_sklearn 2023-11-06T00:00:00+00:00 [queued]>
[2024-06-24 15:01:57,028] {taskinstance.py:851} INFO - Dependencies all met for <TaskInstance: dag_with_python_dependencies_v03.get_sklearn 2023-11-06T00:00:00+00:00 [queued]>
[2024-06-24 15:01:57,029] {taskinstance.py:1042} INFO - 
--------------------------------------------------------------------------------
[2024-06-24 15:01:57,030] {taskinstance.py:1043} INFO - Starting attempt 1 of 1
[2024-06-24 15:01:57,031] {taskinstance.py:1044} INFO - 
--------------------------------------------------------------------------------
[2024-06-24 15:01:57,093] {taskinstance.py:1063} INFO - Executing <Task(PythonOperator): get_sklearn> on 2023-11-06T00:00:00+00:00
[2024-06-24 15:01:57,105] {standard_task_runner.py:52} INFO - Started process 28720 to run task
[2024-06-24 15:01:57,125] {standard_task_runner.py:76} INFO - Running: ['airflow', 'tasks', 'run', 'dag_with_python_dependencies_v03', 'get_sklearn', '2023-11-06T00:00:00+00:00', '--job-id', '10219', '--pool', 'default_pool', '--raw', '--subdir', 'DAGS_FOLDER/dag_with_python_dependencies.py', '--cfg-path', '/tmp/tmpcjen0nsu', '--error-file', '/tmp/tmp37bhnqns']
[2024-06-24 15:01:57,137] {standard_task_runner.py:77} INFO - Job 10219: Subtask get_sklearn
[2024-06-24 15:01:57,410] {logging_mixin.py:104} INFO - Running <TaskInstance: dag_with_python_dependencies_v03.get_sklearn 2023-11-06T00:00:00+00:00 [running]> on host 799b1e36e3f1
[2024-06-24 15:01:58,073] {taskinstance.py:1257} INFO - Exporting the following env vars:
AIRFLOW_CTX_DAG_OWNER=coder2j
AIRFLOW_CTX_DAG_ID=dag_with_python_dependencies_v03
AIRFLOW_CTX_TASK_ID=get_sklearn
AIRFLOW_CTX_EXECUTION_DATE=2023-11-06T00:00:00+00:00
AIRFLOW_CTX_DAG_RUN_ID=scheduled__2023-11-06T00:00:00+00:00
[2024-06-24 15:02:01,832] {logging_mixin.py:104} INFO - sklearn with version: 0.24.2
[2024-06-24 15:02:01,837] {python.py:118} INFO - Done. Returned value was: None
[2024-06-24 15:02:01,918] {taskinstance.py:1166} INFO - Marking task as SUCCESS. dag_id=dag_with_python_dependencies_v03, task_id=get_sklearn, execution_date=20231106T000000, start_date=20240624T150157, end_date=20240624T150201
[2024-06-24 15:02:02,248] {local_task_job.py:188} WARNING - State of this instance has been externally set to success. Terminating instance.
[2024-06-24 15:02:02,261] {process_utils.py:100} INFO - Sending Signals.SIGTERM to GPID 28720
[2024-06-24 15:02:02,392] {taskinstance.py:1239} ERROR - Received SIGTERM. Terminating subprocesses.
[2024-06-24 15:02:02,462] {process_utils.py:66} INFO - Process psutil.Process(pid=28720, status='terminated', exitcode=1, started='15:01:56') (28720) terminated with exit code 1
