[2024-06-24 15:01:45,785] {taskinstance.py:851} INFO - Dependencies all met for <TaskInstance: dag_with_taskflow_api_v02.get_name 2024-01-30T00:00:00+00:00 [queued]>
[2024-06-24 15:01:45,881] {taskinstance.py:851} INFO - Dependencies all met for <TaskInstance: dag_with_taskflow_api_v02.get_name 2024-01-30T00:00:00+00:00 [queued]>
[2024-06-24 15:01:45,883] {taskinstance.py:1042} INFO - 
--------------------------------------------------------------------------------
[2024-06-24 15:01:45,889] {taskinstance.py:1043} INFO - Starting attempt 1 of 6
[2024-06-24 15:01:45,892] {taskinstance.py:1044} INFO - 
--------------------------------------------------------------------------------
[2024-06-24 15:01:46,074] {taskinstance.py:1063} INFO - Executing <Task(_PythonDecoratedOperator): get_name> on 2024-01-30T00:00:00+00:00
[2024-06-24 15:01:46,114] {standard_task_runner.py:52} INFO - Started process 28513 to run task
[2024-06-24 15:01:46,133] {standard_task_runner.py:76} INFO - Running: ['airflow', 'tasks', 'run', 'dag_with_taskflow_api_v02', 'get_name', '2024-01-30T00:00:00+00:00', '--job-id', '10168', '--pool', 'default_pool', '--raw', '--subdir', 'DAGS_FOLDER/dag_with_taskflow_api.py', '--cfg-path', '/tmp/tmplse9ym2c', '--error-file', '/tmp/tmp5l7a12r_']
[2024-06-24 15:01:46,160] {standard_task_runner.py:77} INFO - Job 10168: Subtask get_name
[2024-06-24 15:01:46,485] {logging_mixin.py:104} INFO - Running <TaskInstance: dag_with_taskflow_api_v02.get_name 2024-01-30T00:00:00+00:00 [running]> on host 799b1e36e3f1
[2024-06-24 15:01:46,921] {taskinstance.py:1257} INFO - Exporting the following env vars:
AIRFLOW_CTX_DAG_OWNER=coder2j
AIRFLOW_CTX_DAG_ID=dag_with_taskflow_api_v02
AIRFLOW_CTX_TASK_ID=get_name
AIRFLOW_CTX_EXECUTION_DATE=2024-01-30T00:00:00+00:00
AIRFLOW_CTX_DAG_RUN_ID=scheduled__2024-01-30T00:00:00+00:00
[2024-06-24 15:01:47,226] {taskinstance.py:1166} INFO - Marking task as SUCCESS. dag_id=dag_with_taskflow_api_v02, task_id=get_name, execution_date=20240130T000000, start_date=20240624T150145, end_date=20240624T150147
[2024-06-24 15:01:47,382] {taskinstance.py:1220} INFO - 1 downstream tasks scheduled from follow-on schedule check
[2024-06-24 15:01:47,398] {local_task_job.py:146} INFO - Task exited with return code 0
