[2024-06-24 14:30:34,365] {taskinstance.py:851} INFO - Dependencies all met for <TaskInstance: dag_with_taskflow_api_v02.get_name 2023-08-06T00:00:00+00:00 [queued]>
[2024-06-24 14:30:34,463] {taskinstance.py:851} INFO - Dependencies all met for <TaskInstance: dag_with_taskflow_api_v02.get_name 2023-08-06T00:00:00+00:00 [queued]>
[2024-06-24 14:30:34,468] {taskinstance.py:1042} INFO - 
--------------------------------------------------------------------------------
[2024-06-24 14:30:34,469] {taskinstance.py:1043} INFO - Starting attempt 1 of 6
[2024-06-24 14:30:34,470] {taskinstance.py:1044} INFO - 
--------------------------------------------------------------------------------
[2024-06-24 14:30:34,603] {taskinstance.py:1063} INFO - Executing <Task(_PythonDecoratedOperator): get_name> on 2023-08-06T00:00:00+00:00
[2024-06-24 14:30:34,631] {standard_task_runner.py:52} INFO - Started process 19472 to run task
[2024-06-24 14:30:34,662] {standard_task_runner.py:76} INFO - Running: ['airflow', 'tasks', 'run', 'dag_with_taskflow_api_v02', 'get_name', '2023-08-06T00:00:00+00:00', '--job-id', '7982', '--pool', 'default_pool', '--raw', '--subdir', 'DAGS_FOLDER/dag_with_taskflow_api.py', '--cfg-path', '/tmp/tmp2dk0ca3y', '--error-file', '/tmp/tmpi5_2w9ka']
[2024-06-24 14:30:34,670] {standard_task_runner.py:77} INFO - Job 7982: Subtask get_name
[2024-06-24 14:30:34,893] {logging_mixin.py:104} INFO - Running <TaskInstance: dag_with_taskflow_api_v02.get_name 2023-08-06T00:00:00+00:00 [running]> on host 799b1e36e3f1
[2024-06-24 14:30:35,234] {taskinstance.py:1257} INFO - Exporting the following env vars:
AIRFLOW_CTX_DAG_OWNER=coder2j
AIRFLOW_CTX_DAG_ID=dag_with_taskflow_api_v02
AIRFLOW_CTX_TASK_ID=get_name
AIRFLOW_CTX_EXECUTION_DATE=2023-08-06T00:00:00+00:00
AIRFLOW_CTX_DAG_RUN_ID=scheduled__2023-08-06T00:00:00+00:00
[2024-06-24 14:30:35,700] {taskinstance.py:1166} INFO - Marking task as SUCCESS. dag_id=dag_with_taskflow_api_v02, task_id=get_name, execution_date=20230806T000000, start_date=20240624T143034, end_date=20240624T143035
[2024-06-24 14:30:35,854] {taskinstance.py:1220} INFO - 1 downstream tasks scheduled from follow-on schedule check
[2024-06-24 14:30:35,886] {local_task_job.py:146} INFO - Task exited with return code 0
