[2024-06-24 14:25:25,349] {taskinstance.py:851} INFO - Dependencies all met for <TaskInstance: dag_with_taskflow_api_v02.get_age 2022-12-28T00:00:00+00:00 [queued]>
[2024-06-24 14:25:25,401] {taskinstance.py:851} INFO - Dependencies all met for <TaskInstance: dag_with_taskflow_api_v02.get_age 2022-12-28T00:00:00+00:00 [queued]>
[2024-06-24 14:25:25,404] {taskinstance.py:1042} INFO - 
--------------------------------------------------------------------------------
[2024-06-24 14:25:25,404] {taskinstance.py:1043} INFO - Starting attempt 1 of 6
[2024-06-24 14:25:25,406] {taskinstance.py:1044} INFO - 
--------------------------------------------------------------------------------
[2024-06-24 14:25:25,491] {taskinstance.py:1063} INFO - Executing <Task(_PythonDecoratedOperator): get_age> on 2022-12-28T00:00:00+00:00
[2024-06-24 14:25:25,506] {standard_task_runner.py:52} INFO - Started process 11179 to run task
[2024-06-24 14:25:25,519] {standard_task_runner.py:76} INFO - Running: ['airflow', 'tasks', 'run', 'dag_with_taskflow_api_v02', 'get_age', '2022-12-28T00:00:00+00:00', '--job-id', '5773', '--pool', 'default_pool', '--raw', '--subdir', 'DAGS_FOLDER/dag_with_taskflow_api.py', '--cfg-path', '/tmp/tmp9_jc81ov', '--error-file', '/tmp/tmp82881rmi']
[2024-06-24 14:25:25,533] {standard_task_runner.py:77} INFO - Job 5773: Subtask get_age
[2024-06-24 14:25:25,740] {logging_mixin.py:104} INFO - Running <TaskInstance: dag_with_taskflow_api_v02.get_age 2022-12-28T00:00:00+00:00 [running]> on host 799b1e36e3f1
[2024-06-24 14:25:25,903] {taskinstance.py:1257} INFO - Exporting the following env vars:
AIRFLOW_CTX_DAG_OWNER=coder2j
AIRFLOW_CTX_DAG_ID=dag_with_taskflow_api_v02
AIRFLOW_CTX_TASK_ID=get_age
AIRFLOW_CTX_EXECUTION_DATE=2022-12-28T00:00:00+00:00
AIRFLOW_CTX_DAG_RUN_ID=scheduled__2022-12-28T00:00:00+00:00
[2024-06-24 14:25:26,013] {taskinstance.py:1166} INFO - Marking task as SUCCESS. dag_id=dag_with_taskflow_api_v02, task_id=get_age, execution_date=20221228T000000, start_date=20240624T142525, end_date=20240624T142526
[2024-06-24 14:25:26,185] {taskinstance.py:1220} INFO - 1 downstream tasks scheduled from follow-on schedule check
[2024-06-24 14:25:26,226] {local_task_job.py:146} INFO - Task exited with return code 0
