[2024-08-11 13:01:01,515] {taskinstance.py:851} INFO - Dependencies all met for <TaskInstance: our_first_dag_v5.first_task 2024-08-08T00:00:00+00:00 [queued]>
[2024-08-11 13:01:01,684] {taskinstance.py:851} INFO - Dependencies all met for <TaskInstance: our_first_dag_v5.first_task 2024-08-08T00:00:00+00:00 [queued]>
[2024-08-11 13:01:01,687] {taskinstance.py:1042} INFO - 
--------------------------------------------------------------------------------
[2024-08-11 13:01:01,688] {taskinstance.py:1043} INFO - Starting attempt 1 of 6
[2024-08-11 13:01:01,695] {taskinstance.py:1044} INFO - 
--------------------------------------------------------------------------------
[2024-08-11 13:01:01,850] {taskinstance.py:1063} INFO - Executing <Task(BashOperator): first_task> on 2024-08-08T00:00:00+00:00
[2024-08-11 13:01:01,869] {standard_task_runner.py:52} INFO - Started process 189 to run task
[2024-08-11 13:01:02,876] {standard_task_runner.py:76} INFO - Running: ['airflow', 'tasks', 'run', 'our_first_dag_v5', 'first_task', '2024-08-08T00:00:00+00:00', '--job-id', '12738', '--pool', 'default_pool', '--raw', '--subdir', 'DAGS_FOLDER/our_first_dag.py', '--cfg-path', '/tmp/tmp8n3b03ct', '--error-file', '/tmp/tmp_ubxd30o']
[2024-08-11 13:01:03,148] {standard_task_runner.py:77} INFO - Job 12738: Subtask first_task
[2024-08-11 13:01:05,411] {logging_mixin.py:104} INFO - Running <TaskInstance: our_first_dag_v5.first_task 2024-08-08T00:00:00+00:00 [running]> on host 799b1e36e3f1
[2024-08-11 13:01:06,443] {taskinstance.py:1257} INFO - Exporting the following env vars:
AIRFLOW_CTX_DAG_OWNER=coder2j
AIRFLOW_CTX_DAG_ID=our_first_dag_v5
AIRFLOW_CTX_TASK_ID=first_task
AIRFLOW_CTX_EXECUTION_DATE=2024-08-08T00:00:00+00:00
AIRFLOW_CTX_DAG_RUN_ID=scheduled__2024-08-08T00:00:00+00:00
[2024-08-11 13:01:06,557] {bash.py:135} INFO - Tmp dir root location: 
 /tmp
[2024-08-11 13:01:06,713] {bash.py:158} INFO - Running command: echo hello world, this is the first task!
[2024-08-11 13:01:07,046] {bash.py:169} INFO - Output:
[2024-08-11 13:01:07,085] {bash.py:173} INFO - hello world, this is the first task!
[2024-08-11 13:01:07,117] {bash.py:177} INFO - Command exited with return code 0
[2024-08-11 13:01:07,538] {taskinstance.py:1166} INFO - Marking task as SUCCESS. dag_id=our_first_dag_v5, task_id=first_task, execution_date=20240808T000000, start_date=20240811T130101, end_date=20240811T130107
[2024-08-11 13:01:08,136] {taskinstance.py:1220} INFO - 2 downstream tasks scheduled from follow-on schedule check
[2024-08-11 13:01:08,568] {local_task_job.py:146} INFO - Task exited with return code 0
