[2024-06-24 14:19:00,367] {taskinstance.py:851} INFO - Dependencies all met for <TaskInstance: dag_with_taskflow_api_v02.get_name 2022-05-29T00:00:00+00:00 [queued]>
[2024-06-24 14:19:00,448] {taskinstance.py:851} INFO - Dependencies all met for <TaskInstance: dag_with_taskflow_api_v02.get_name 2022-05-29T00:00:00+00:00 [queued]>
[2024-06-24 14:19:00,455] {taskinstance.py:1042} INFO - 
--------------------------------------------------------------------------------
[2024-06-24 14:19:00,462] {taskinstance.py:1043} INFO - Starting attempt 1 of 6
[2024-06-24 14:19:00,469] {taskinstance.py:1044} INFO - 
--------------------------------------------------------------------------------
[2024-06-24 14:19:00,569] {taskinstance.py:1063} INFO - Executing <Task(_PythonDecoratedOperator): get_name> on 2022-05-29T00:00:00+00:00
[2024-06-24 14:19:00,582] {standard_task_runner.py:52} INFO - Started process 1577 to run task
[2024-06-24 14:19:00,591] {standard_task_runner.py:76} INFO - Running: ['airflow', 'tasks', 'run', 'dag_with_taskflow_api_v02', 'get_name', '2022-05-29T00:00:00+00:00', '--job-id', '3228', '--pool', 'default_pool', '--raw', '--subdir', 'DAGS_FOLDER/dag_with_taskflow_api.py', '--cfg-path', '/tmp/tmp0tdno2f8', '--error-file', '/tmp/tmpng2ybu3c']
[2024-06-24 14:19:00,599] {standard_task_runner.py:77} INFO - Job 3228: Subtask get_name
[2024-06-24 14:19:00,926] {logging_mixin.py:104} INFO - Running <TaskInstance: dag_with_taskflow_api_v02.get_name 2022-05-29T00:00:00+00:00 [running]> on host 799b1e36e3f1
[2024-06-24 14:19:01,112] {taskinstance.py:1257} INFO - Exporting the following env vars:
AIRFLOW_CTX_DAG_OWNER=coder2j
AIRFLOW_CTX_DAG_ID=dag_with_taskflow_api_v02
AIRFLOW_CTX_TASK_ID=get_name
AIRFLOW_CTX_EXECUTION_DATE=2022-05-29T00:00:00+00:00
AIRFLOW_CTX_DAG_RUN_ID=scheduled__2022-05-29T00:00:00+00:00
[2024-06-24 14:19:01,330] {taskinstance.py:1166} INFO - Marking task as SUCCESS. dag_id=dag_with_taskflow_api_v02, task_id=get_name, execution_date=20220529T000000, start_date=20240624T141900, end_date=20240624T141901
[2024-06-24 14:19:01,414] {taskinstance.py:1220} INFO - 0 downstream tasks scheduled from follow-on schedule check
[2024-06-24 14:19:01,459] {local_task_job.py:146} INFO - Task exited with return code 0
