[2024-06-24 12:49:46,151] {taskinstance.py:851} INFO - Dependencies all met for <TaskInstance: dag_with_cron_expression_v04.task1 2021-12-03T03:00:00+00:00 [queued]>
[2024-06-24 12:49:46,180] {taskinstance.py:851} INFO - Dependencies all met for <TaskInstance: dag_with_cron_expression_v04.task1 2021-12-03T03:00:00+00:00 [queued]>
[2024-06-24 12:49:46,181] {taskinstance.py:1042} INFO - 
--------------------------------------------------------------------------------
[2024-06-24 12:49:46,182] {taskinstance.py:1043} INFO - Starting attempt 1 of 6
[2024-06-24 12:49:46,185] {taskinstance.py:1044} INFO - 
--------------------------------------------------------------------------------
[2024-06-24 12:49:46,219] {taskinstance.py:1063} INFO - Executing <Task(BashOperator): task1> on 2021-12-03T03:00:00+00:00
[2024-06-24 12:49:46,227] {standard_task_runner.py:52} INFO - Started process 25656 to run task
[2024-06-24 12:49:46,236] {standard_task_runner.py:76} INFO - Running: ['airflow', 'tasks', 'run', 'dag_with_cron_expression_v04', 'task1', '2021-12-03T03:00:00+00:00', '--job-id', '107', '--pool', 'default_pool', '--raw', '--subdir', 'DAGS_FOLDER/dag_with_cron_expression.py', '--cfg-path', '/tmp/tmpw616tvkb', '--error-file', '/tmp/tmpffblcvkc']
[2024-06-24 12:49:46,243] {standard_task_runner.py:77} INFO - Job 107: Subtask task1
[2024-06-24 12:49:46,350] {logging_mixin.py:104} INFO - Running <TaskInstance: dag_with_cron_expression_v04.task1 2021-12-03T03:00:00+00:00 [running]> on host 799b1e36e3f1
[2024-06-24 12:49:46,452] {taskinstance.py:1257} INFO - Exporting the following env vars:
AIRFLOW_CTX_DAG_OWNER=coder2j
AIRFLOW_CTX_DAG_ID=dag_with_cron_expression_v04
AIRFLOW_CTX_TASK_ID=task1
AIRFLOW_CTX_EXECUTION_DATE=2021-12-03T03:00:00+00:00
AIRFLOW_CTX_DAG_RUN_ID=scheduled__2021-12-03T03:00:00+00:00
[2024-06-24 12:49:46,453] {bash.py:135} INFO - Tmp dir root location: 
 /tmp
[2024-06-24 12:49:46,456] {bash.py:158} INFO - Running command: echo dag with cron expression!
[2024-06-24 12:49:46,472] {bash.py:169} INFO - Output:
[2024-06-24 12:49:46,474] {bash.py:173} INFO - dag with cron expression!
[2024-06-24 12:49:46,475] {bash.py:177} INFO - Command exited with return code 0
[2024-06-24 12:49:46,524] {taskinstance.py:1166} INFO - Marking task as SUCCESS. dag_id=dag_with_cron_expression_v04, task_id=task1, execution_date=20211203T030000, start_date=20240624T124946, end_date=20240624T124946
[2024-06-24 12:49:46,576] {taskinstance.py:1220} INFO - 0 downstream tasks scheduled from follow-on schedule check
[2024-06-24 12:49:46,622] {local_task_job.py:146} INFO - Task exited with return code 0
