[2024-06-24 15:05:10,877] {taskinstance.py:851} INFO - Dependencies all met for <TaskInstance: dag_with_python_dependencies_v03.get_sklearn 2024-02-10T00:00:00+00:00 [queued]>
[2024-06-24 15:05:10,992] {taskinstance.py:851} INFO - Dependencies all met for <TaskInstance: dag_with_python_dependencies_v03.get_sklearn 2024-02-10T00:00:00+00:00 [queued]>
[2024-06-24 15:05:10,994] {taskinstance.py:1042} INFO - 
--------------------------------------------------------------------------------
[2024-06-24 15:05:10,999] {taskinstance.py:1043} INFO - Starting attempt 1 of 1
[2024-06-24 15:05:11,001] {taskinstance.py:1044} INFO - 
--------------------------------------------------------------------------------
[2024-06-24 15:05:11,055] {taskinstance.py:1063} INFO - Executing <Task(PythonOperator): get_sklearn> on 2024-02-10T00:00:00+00:00
[2024-06-24 15:05:11,068] {standard_task_runner.py:52} INFO - Started process 33154 to run task
[2024-06-24 15:05:11,085] {standard_task_runner.py:76} INFO - Running: ['airflow', 'tasks', 'run', 'dag_with_python_dependencies_v03', 'get_sklearn', '2024-02-10T00:00:00+00:00', '--job-id', '11372', '--pool', 'default_pool', '--raw', '--subdir', 'DAGS_FOLDER/dag_with_python_dependencies.py', '--cfg-path', '/tmp/tmpwpxzo7_9', '--error-file', '/tmp/tmpv1xqtmvg']
[2024-06-24 15:05:11,101] {standard_task_runner.py:77} INFO - Job 11372: Subtask get_sklearn
[2024-06-24 15:05:11,323] {logging_mixin.py:104} INFO - Running <TaskInstance: dag_with_python_dependencies_v03.get_sklearn 2024-02-10T00:00:00+00:00 [running]> on host 799b1e36e3f1
[2024-06-24 15:05:11,476] {taskinstance.py:1257} INFO - Exporting the following env vars:
AIRFLOW_CTX_DAG_OWNER=coder2j
AIRFLOW_CTX_DAG_ID=dag_with_python_dependencies_v03
AIRFLOW_CTX_TASK_ID=get_sklearn
AIRFLOW_CTX_EXECUTION_DATE=2024-02-10T00:00:00+00:00
AIRFLOW_CTX_DAG_RUN_ID=scheduled__2024-02-10T00:00:00+00:00
[2024-06-24 15:05:15,493] {logging_mixin.py:104} INFO - sklearn with version: 0.24.2
[2024-06-24 15:05:15,495] {python.py:118} INFO - Done. Returned value was: None
[2024-06-24 15:05:15,519] {taskinstance.py:1166} INFO - Marking task as SUCCESS. dag_id=dag_with_python_dependencies_v03, task_id=get_sklearn, execution_date=20240210T000000, start_date=20240624T150510, end_date=20240624T150515
[2024-06-24 15:05:15,927] {taskinstance.py:1220} INFO - 1 downstream tasks scheduled from follow-on schedule check
[2024-06-24 15:05:16,048] {local_task_job.py:146} INFO - Task exited with return code 0
