[2024-06-24 14:28:30,693] {taskinstance.py:851} INFO - Dependencies all met for <TaskInstance: our_dag_with_python_operator_v07.get_age 2023-05-15T00:00:00+00:00 [queued]>
[2024-06-24 14:28:30,745] {taskinstance.py:851} INFO - Dependencies all met for <TaskInstance: our_dag_with_python_operator_v07.get_age 2023-05-15T00:00:00+00:00 [queued]>
[2024-06-24 14:28:30,746] {taskinstance.py:1042} INFO - 
--------------------------------------------------------------------------------
[2024-06-24 14:28:30,746] {taskinstance.py:1043} INFO - Starting attempt 1 of 6
[2024-06-24 14:28:30,750] {taskinstance.py:1044} INFO - 
--------------------------------------------------------------------------------
[2024-06-24 14:28:30,805] {taskinstance.py:1063} INFO - Executing <Task(PythonOperator): get_age> on 2023-05-15T00:00:00+00:00
[2024-06-24 14:28:30,812] {standard_task_runner.py:52} INFO - Started process 16138 to run task
[2024-06-24 14:28:30,826] {standard_task_runner.py:76} INFO - Running: ['airflow', 'tasks', 'run', 'our_dag_with_python_operator_v07', 'get_age', '2023-05-15T00:00:00+00:00', '--job-id', '7086', '--pool', 'default_pool', '--raw', '--subdir', 'DAGS_FOLDER/create_dag_with_python_operator.py', '--cfg-path', '/tmp/tmpxmtbao1a', '--error-file', '/tmp/tmpgf_bbbb_']
[2024-06-24 14:28:30,835] {standard_task_runner.py:77} INFO - Job 7086: Subtask get_age
[2024-06-24 14:28:31,016] {logging_mixin.py:104} INFO - Running <TaskInstance: our_dag_with_python_operator_v07.get_age 2023-05-15T00:00:00+00:00 [running]> on host 799b1e36e3f1
[2024-06-24 14:28:31,209] {taskinstance.py:1257} INFO - Exporting the following env vars:
AIRFLOW_CTX_DAG_OWNER=coder2j
AIRFLOW_CTX_DAG_ID=our_dag_with_python_operator_v07
AIRFLOW_CTX_TASK_ID=get_age
AIRFLOW_CTX_EXECUTION_DATE=2023-05-15T00:00:00+00:00
AIRFLOW_CTX_DAG_RUN_ID=scheduled__2023-05-15T00:00:00+00:00
[2024-06-24 14:28:31,257] {python.py:118} INFO - Done. Returned value was: None
[2024-06-24 14:28:31,300] {taskinstance.py:1166} INFO - Marking task as SUCCESS. dag_id=our_dag_with_python_operator_v07, task_id=get_age, execution_date=20230515T000000, start_date=20240624T142830, end_date=20240624T142831
[2024-06-24 14:28:31,461] {taskinstance.py:1220} INFO - 0 downstream tasks scheduled from follow-on schedule check
[2024-06-24 14:28:31,525] {local_task_job.py:146} INFO - Task exited with return code 0
