[2024-06-24 14:22:32,428] {taskinstance.py:851} INFO - Dependencies all met for <TaskInstance: our_dag_with_python_operator_v07.get_name 2022-09-22T00:00:00+00:00 [queued]>
[2024-06-24 14:22:32,505] {taskinstance.py:851} INFO - Dependencies all met for <TaskInstance: our_dag_with_python_operator_v07.get_name 2022-09-22T00:00:00+00:00 [queued]>
[2024-06-24 14:22:32,509] {taskinstance.py:1042} INFO - 
--------------------------------------------------------------------------------
[2024-06-24 14:22:32,519] {taskinstance.py:1043} INFO - Starting attempt 1 of 6
[2024-06-24 14:22:32,522] {taskinstance.py:1044} INFO - 
--------------------------------------------------------------------------------
[2024-06-24 14:22:32,571] {taskinstance.py:1063} INFO - Executing <Task(PythonOperator): get_name> on 2022-09-22T00:00:00+00:00
[2024-06-24 14:22:32,579] {standard_task_runner.py:52} INFO - Started process 6494 to run task
[2024-06-24 14:22:32,588] {standard_task_runner.py:76} INFO - Running: ['airflow', 'tasks', 'run', 'our_dag_with_python_operator_v07', 'get_name', '2022-09-22T00:00:00+00:00', '--job-id', '4509', '--pool', 'default_pool', '--raw', '--subdir', 'DAGS_FOLDER/create_dag_with_python_operator.py', '--cfg-path', '/tmp/tmpez7np6u_', '--error-file', '/tmp/tmph2gwgqrp']
[2024-06-24 14:22:32,595] {standard_task_runner.py:77} INFO - Job 4509: Subtask get_name
[2024-06-24 14:22:32,733] {logging_mixin.py:104} INFO - Running <TaskInstance: our_dag_with_python_operator_v07.get_name 2022-09-22T00:00:00+00:00 [running]> on host 799b1e36e3f1
[2024-06-24 14:22:32,892] {taskinstance.py:1257} INFO - Exporting the following env vars:
AIRFLOW_CTX_DAG_OWNER=coder2j
AIRFLOW_CTX_DAG_ID=our_dag_with_python_operator_v07
AIRFLOW_CTX_TASK_ID=get_name
AIRFLOW_CTX_EXECUTION_DATE=2022-09-22T00:00:00+00:00
AIRFLOW_CTX_DAG_RUN_ID=scheduled__2022-09-22T00:00:00+00:00
[2024-06-24 14:22:33,047] {python.py:118} INFO - Done. Returned value was: None
[2024-06-24 14:22:33,091] {taskinstance.py:1166} INFO - Marking task as SUCCESS. dag_id=our_dag_with_python_operator_v07, task_id=get_name, execution_date=20220922T000000, start_date=20240624T142232, end_date=20240624T142233
[2024-06-24 14:22:33,202] {taskinstance.py:1220} INFO - 1 downstream tasks scheduled from follow-on schedule check
[2024-06-24 14:22:33,245] {local_task_job.py:146} INFO - Task exited with return code 0
