[2024-06-24 14:25:52,521] {taskinstance.py:851} INFO - Dependencies all met for <TaskInstance: dag_with_taskflow_api_v02.get_name 2023-02-14T00:00:00+00:00 [queued]>
[2024-06-24 14:25:52,587] {taskinstance.py:851} INFO - Dependencies all met for <TaskInstance: dag_with_taskflow_api_v02.get_name 2023-02-14T00:00:00+00:00 [queued]>
[2024-06-24 14:25:52,588] {taskinstance.py:1042} INFO - 
--------------------------------------------------------------------------------
[2024-06-24 14:25:52,589] {taskinstance.py:1043} INFO - Starting attempt 1 of 6
[2024-06-24 14:25:52,590] {taskinstance.py:1044} INFO - 
--------------------------------------------------------------------------------
[2024-06-24 14:25:52,662] {taskinstance.py:1063} INFO - Executing <Task(_PythonDecoratedOperator): get_name> on 2023-02-14T00:00:00+00:00
[2024-06-24 14:25:52,679] {standard_task_runner.py:52} INFO - Started process 11938 to run task
[2024-06-24 14:25:52,692] {standard_task_runner.py:76} INFO - Running: ['airflow', 'tasks', 'run', 'dag_with_taskflow_api_v02', 'get_name', '2023-02-14T00:00:00+00:00', '--job-id', '5965', '--pool', 'default_pool', '--raw', '--subdir', 'DAGS_FOLDER/dag_with_taskflow_api.py', '--cfg-path', '/tmp/tmpoeteou0j', '--error-file', '/tmp/tmptrm0jrr8']
[2024-06-24 14:25:52,707] {standard_task_runner.py:77} INFO - Job 5965: Subtask get_name
[2024-06-24 14:25:52,912] {logging_mixin.py:104} INFO - Running <TaskInstance: dag_with_taskflow_api_v02.get_name 2023-02-14T00:00:00+00:00 [running]> on host 799b1e36e3f1
[2024-06-24 14:25:53,094] {taskinstance.py:1257} INFO - Exporting the following env vars:
AIRFLOW_CTX_DAG_OWNER=coder2j
AIRFLOW_CTX_DAG_ID=dag_with_taskflow_api_v02
AIRFLOW_CTX_TASK_ID=get_name
AIRFLOW_CTX_EXECUTION_DATE=2023-02-14T00:00:00+00:00
AIRFLOW_CTX_DAG_RUN_ID=scheduled__2023-02-14T00:00:00+00:00
[2024-06-24 14:25:53,363] {taskinstance.py:1166} INFO - Marking task as SUCCESS. dag_id=dag_with_taskflow_api_v02, task_id=get_name, execution_date=20230214T000000, start_date=20240624T142552, end_date=20240624T142553
[2024-06-24 14:25:53,497] {taskinstance.py:1220} INFO - 0 downstream tasks scheduled from follow-on schedule check
[2024-06-24 14:25:53,557] {local_task_job.py:146} INFO - Task exited with return code 0
