[2024-06-24 14:30:01,107] {taskinstance.py:851} INFO - Dependencies all met for <TaskInstance: our_first_dag_v5.first_task 2023-05-11T00:00:00+00:00 [queued]>
[2024-06-24 14:30:01,262] {taskinstance.py:851} INFO - Dependencies all met for <TaskInstance: our_first_dag_v5.first_task 2023-05-11T00:00:00+00:00 [queued]>
[2024-06-24 14:30:01,263] {taskinstance.py:1042} INFO - 
--------------------------------------------------------------------------------
[2024-06-24 14:30:01,264] {taskinstance.py:1043} INFO - Starting attempt 1 of 6
[2024-06-24 14:30:01,301] {taskinstance.py:1044} INFO - 
--------------------------------------------------------------------------------
[2024-06-24 14:30:01,360] {taskinstance.py:1063} INFO - Executing <Task(BashOperator): first_task> on 2023-05-11T00:00:00+00:00
[2024-06-24 14:30:01,409] {standard_task_runner.py:52} INFO - Started process 18561 to run task
[2024-06-24 14:30:01,426] {standard_task_runner.py:76} INFO - Running: ['airflow', 'tasks', 'run', 'our_first_dag_v5', 'first_task', '2023-05-11T00:00:00+00:00', '--job-id', '7750', '--pool', 'default_pool', '--raw', '--subdir', 'DAGS_FOLDER/our_first_dag.py', '--cfg-path', '/tmp/tmp1u5gfj94', '--error-file', '/tmp/tmprlulgu8x']
[2024-06-24 14:30:01,444] {standard_task_runner.py:77} INFO - Job 7750: Subtask first_task
[2024-06-24 14:30:01,708] {logging_mixin.py:104} INFO - Running <TaskInstance: our_first_dag_v5.first_task 2023-05-11T00:00:00+00:00 [running]> on host 799b1e36e3f1
[2024-06-24 14:30:01,943] {taskinstance.py:1257} INFO - Exporting the following env vars:
AIRFLOW_CTX_DAG_OWNER=coder2j
AIRFLOW_CTX_DAG_ID=our_first_dag_v5
AIRFLOW_CTX_TASK_ID=first_task
AIRFLOW_CTX_EXECUTION_DATE=2023-05-11T00:00:00+00:00
AIRFLOW_CTX_DAG_RUN_ID=scheduled__2023-05-11T00:00:00+00:00
[2024-06-24 14:30:01,946] {bash.py:135} INFO - Tmp dir root location: 
 /tmp
[2024-06-24 14:30:01,949] {bash.py:158} INFO - Running command: echo hello world, this is the first task!
[2024-06-24 14:30:01,982] {bash.py:169} INFO - Output:
[2024-06-24 14:30:01,998] {bash.py:173} INFO - hello world, this is the first task!
[2024-06-24 14:30:02,004] {bash.py:177} INFO - Command exited with return code 0
[2024-06-24 14:30:02,267] {taskinstance.py:1166} INFO - Marking task as SUCCESS. dag_id=our_first_dag_v5, task_id=first_task, execution_date=20230511T000000, start_date=20240624T143001, end_date=20240624T143002
[2024-06-24 14:30:02,467] {taskinstance.py:1220} INFO - 2 downstream tasks scheduled from follow-on schedule check
[2024-06-24 14:30:02,526] {local_task_job.py:146} INFO - Task exited with return code 0
