[2024-06-24 12:49:35,204] {taskinstance.py:851} INFO - Dependencies all met for <TaskInstance: dag_with_taskflow_api_v02.get_name 2024-06-24T11:47:09.741433+00:00 [queued]>
[2024-06-24 12:49:35,253] {taskinstance.py:851} INFO - Dependencies all met for <TaskInstance: dag_with_taskflow_api_v02.get_name 2024-06-24T11:47:09.741433+00:00 [queued]>
[2024-06-24 12:49:35,257] {taskinstance.py:1042} INFO - 
--------------------------------------------------------------------------------
[2024-06-24 12:49:35,258] {taskinstance.py:1043} INFO - Starting attempt 1 of 6
[2024-06-24 12:49:35,259] {taskinstance.py:1044} INFO - 
--------------------------------------------------------------------------------
[2024-06-24 12:49:35,365] {taskinstance.py:1063} INFO - Executing <Task(_PythonDecoratedOperator): get_name> on 2024-06-24T11:47:09.741433+00:00
[2024-06-24 12:49:35,372] {standard_task_runner.py:52} INFO - Started process 25451 to run task
[2024-06-24 12:49:35,430] {standard_task_runner.py:76} INFO - Running: ['airflow', 'tasks', 'run', 'dag_with_taskflow_api_v02', 'get_name', '2024-06-24T11:47:09.741433+00:00', '--job-id', '47', '--pool', 'default_pool', '--raw', '--subdir', 'DAGS_FOLDER/dag_with_taskflow_api.py', '--cfg-path', '/tmp/tmpn0nxi637', '--error-file', '/tmp/tmpfvyeg05s']
[2024-06-24 12:49:35,452] {standard_task_runner.py:77} INFO - Job 47: Subtask get_name
[2024-06-24 12:49:35,735] {logging_mixin.py:104} INFO - Running <TaskInstance: dag_with_taskflow_api_v02.get_name 2024-06-24T11:47:09.741433+00:00 [running]> on host 799b1e36e3f1
[2024-06-24 12:49:35,935] {taskinstance.py:1257} INFO - Exporting the following env vars:
AIRFLOW_CTX_DAG_OWNER=coder2j
AIRFLOW_CTX_DAG_ID=dag_with_taskflow_api_v02
AIRFLOW_CTX_TASK_ID=get_name
AIRFLOW_CTX_EXECUTION_DATE=2024-06-24T11:47:09.741433+00:00
AIRFLOW_CTX_DAG_RUN_ID=manual__2024-06-24T11:47:09.741433+00:00
[2024-06-24 12:49:36,175] {taskinstance.py:1166} INFO - Marking task as SUCCESS. dag_id=dag_with_taskflow_api_v02, task_id=get_name, execution_date=20240624T114709, start_date=20240624T124935, end_date=20240624T124936
[2024-06-24 12:49:36,359] {taskinstance.py:1220} INFO - 0 downstream tasks scheduled from follow-on schedule check
[2024-06-24 12:49:36,414] {local_task_job.py:146} INFO - Task exited with return code 0
