[2024-06-24 14:30:13,735] {taskinstance.py:851} INFO - Dependencies all met for <TaskInstance: our_dag_with_python_operator_v07.greet 2023-07-15T00:00:00+00:00 [queued]>
[2024-06-24 14:30:13,823] {taskinstance.py:851} INFO - Dependencies all met for <TaskInstance: our_dag_with_python_operator_v07.greet 2023-07-15T00:00:00+00:00 [queued]>
[2024-06-24 14:30:13,849] {taskinstance.py:1042} INFO - 
--------------------------------------------------------------------------------
[2024-06-24 14:30:13,857] {taskinstance.py:1043} INFO - Starting attempt 1 of 6
[2024-06-24 14:30:13,859] {taskinstance.py:1044} INFO - 
--------------------------------------------------------------------------------
[2024-06-24 14:30:13,997] {taskinstance.py:1063} INFO - Executing <Task(PythonOperator): greet> on 2023-07-15T00:00:00+00:00
[2024-06-24 14:30:14,048] {standard_task_runner.py:52} INFO - Started process 18879 to run task
[2024-06-24 14:30:14,077] {standard_task_runner.py:76} INFO - Running: ['airflow', 'tasks', 'run', 'our_dag_with_python_operator_v07', 'greet', '2023-07-15T00:00:00+00:00', '--job-id', '7840', '--pool', 'default_pool', '--raw', '--subdir', 'DAGS_FOLDER/create_dag_with_python_operator.py', '--cfg-path', '/tmp/tmpus806zck', '--error-file', '/tmp/tmpkq6hcy8w']
[2024-06-24 14:30:14,115] {standard_task_runner.py:77} INFO - Job 7840: Subtask greet
[2024-06-24 14:30:14,452] {logging_mixin.py:104} INFO - Running <TaskInstance: our_dag_with_python_operator_v07.greet 2023-07-15T00:00:00+00:00 [running]> on host 799b1e36e3f1
[2024-06-24 14:30:14,690] {taskinstance.py:1257} INFO - Exporting the following env vars:
AIRFLOW_CTX_DAG_OWNER=coder2j
AIRFLOW_CTX_DAG_ID=our_dag_with_python_operator_v07
AIRFLOW_CTX_TASK_ID=greet
AIRFLOW_CTX_EXECUTION_DATE=2023-07-15T00:00:00+00:00
AIRFLOW_CTX_DAG_RUN_ID=scheduled__2023-07-15T00:00:00+00:00
[2024-06-24 14:30:14,696] {logging_mixin.py:104} INFO - some dict:  {'a': 1, 'b': 2}
[2024-06-24 14:30:14,824] {logging_mixin.py:104} INFO - Hello World! My name is Jerry Fridman, and I am 19 years old!
[2024-06-24 14:30:14,827] {python.py:118} INFO - Done. Returned value was: None
[2024-06-24 14:30:14,885] {taskinstance.py:1166} INFO - Marking task as SUCCESS. dag_id=our_dag_with_python_operator_v07, task_id=greet, execution_date=20230715T000000, start_date=20240624T143013, end_date=20240624T143014
[2024-06-24 14:30:15,053] {taskinstance.py:1220} INFO - 0 downstream tasks scheduled from follow-on schedule check
[2024-06-24 14:30:15,110] {local_task_job.py:146} INFO - Task exited with return code 0
