[2024-06-25 01:03:38,382] {taskinstance.py:851} INFO - Dependencies all met for <TaskInstance: dag_with_taskflow_api_v02.get_name 2024-06-24T00:00:00+00:00 [queued]>
[2024-06-25 01:03:38,410] {taskinstance.py:851} INFO - Dependencies all met for <TaskInstance: dag_with_taskflow_api_v02.get_name 2024-06-24T00:00:00+00:00 [queued]>
[2024-06-25 01:03:38,414] {taskinstance.py:1042} INFO - 
--------------------------------------------------------------------------------
[2024-06-25 01:03:38,417] {taskinstance.py:1043} INFO - Starting attempt 1 of 6
[2024-06-25 01:03:38,418] {taskinstance.py:1044} INFO - 
--------------------------------------------------------------------------------
[2024-06-25 01:03:38,451] {taskinstance.py:1063} INFO - Executing <Task(_PythonDecoratedOperator): get_name> on 2024-06-24T00:00:00+00:00
[2024-06-25 01:03:38,462] {standard_task_runner.py:52} INFO - Started process 84678 to run task
[2024-06-25 01:03:38,477] {standard_task_runner.py:76} INFO - Running: ['airflow', 'tasks', 'run', 'dag_with_taskflow_api_v02', 'get_name', '2024-06-24T00:00:00+00:00', '--job-id', '12181', '--pool', 'default_pool', '--raw', '--subdir', 'DAGS_FOLDER/dag_with_taskflow_api.py', '--cfg-path', '/tmp/tmpo3xp2i3h', '--error-file', '/tmp/tmp1o4jcj13']
[2024-06-25 01:03:38,489] {standard_task_runner.py:77} INFO - Job 12181: Subtask get_name
[2024-06-25 01:03:38,590] {logging_mixin.py:104} INFO - Running <TaskInstance: dag_with_taskflow_api_v02.get_name 2024-06-24T00:00:00+00:00 [running]> on host 799b1e36e3f1
[2024-06-25 01:03:38,723] {taskinstance.py:1257} INFO - Exporting the following env vars:
AIRFLOW_CTX_DAG_OWNER=coder2j
AIRFLOW_CTX_DAG_ID=dag_with_taskflow_api_v02
AIRFLOW_CTX_TASK_ID=get_name
AIRFLOW_CTX_EXECUTION_DATE=2024-06-24T00:00:00+00:00
AIRFLOW_CTX_DAG_RUN_ID=scheduled__2024-06-24T00:00:00+00:00
[2024-06-25 01:03:39,004] {taskinstance.py:1166} INFO - Marking task as SUCCESS. dag_id=dag_with_taskflow_api_v02, task_id=get_name, execution_date=20240624T000000, start_date=20240625T010338, end_date=20240625T010339
[2024-06-25 01:03:39,102] {taskinstance.py:1220} INFO - 0 downstream tasks scheduled from follow-on schedule check
[2024-06-25 01:03:39,140] {local_task_job.py:146} INFO - Task exited with return code 0
