[2024-06-24 15:03:21,331] {taskinstance.py:851} INFO - Dependencies all met for <TaskInstance: our_dag_with_python_operator_v07.greet 2024-03-20T00:00:00+00:00 [queued]>
[2024-06-24 15:03:21,377] {taskinstance.py:851} INFO - Dependencies all met for <TaskInstance: our_dag_with_python_operator_v07.greet 2024-03-20T00:00:00+00:00 [queued]>
[2024-06-24 15:03:21,381] {taskinstance.py:1042} INFO - 
--------------------------------------------------------------------------------
[2024-06-24 15:03:21,384] {taskinstance.py:1043} INFO - Starting attempt 1 of 6
[2024-06-24 15:03:21,385] {taskinstance.py:1044} INFO - 
--------------------------------------------------------------------------------
[2024-06-24 15:03:21,419] {taskinstance.py:1063} INFO - Executing <Task(PythonOperator): greet> on 2024-03-20T00:00:00+00:00
[2024-06-24 15:03:21,455] {standard_task_runner.py:52} INFO - Started process 30665 to run task
[2024-06-24 15:03:21,501] {standard_task_runner.py:76} INFO - Running: ['airflow', 'tasks', 'run', 'our_dag_with_python_operator_v07', 'greet', '2024-03-20T00:00:00+00:00', '--job-id', '10739', '--pool', 'default_pool', '--raw', '--subdir', 'DAGS_FOLDER/create_dag_with_python_operator.py', '--cfg-path', '/tmp/tmpjc0asd1b', '--error-file', '/tmp/tmpru90y7_1']
[2024-06-24 15:03:21,536] {standard_task_runner.py:77} INFO - Job 10739: Subtask greet
[2024-06-24 15:03:21,921] {logging_mixin.py:104} INFO - Running <TaskInstance: our_dag_with_python_operator_v07.greet 2024-03-20T00:00:00+00:00 [running]> on host 799b1e36e3f1
[2024-06-24 15:03:22,125] {taskinstance.py:1257} INFO - Exporting the following env vars:
AIRFLOW_CTX_DAG_OWNER=coder2j
AIRFLOW_CTX_DAG_ID=our_dag_with_python_operator_v07
AIRFLOW_CTX_TASK_ID=greet
AIRFLOW_CTX_EXECUTION_DATE=2024-03-20T00:00:00+00:00
AIRFLOW_CTX_DAG_RUN_ID=scheduled__2024-03-20T00:00:00+00:00
[2024-06-24 15:03:22,160] {logging_mixin.py:104} INFO - some dict:  {'a': 1, 'b': 2}
[2024-06-24 15:03:22,227] {logging_mixin.py:104} INFO - Hello World! My name is Jerry Fridman, and I am 19 years old!
[2024-06-24 15:03:22,232] {python.py:118} INFO - Done. Returned value was: None
[2024-06-24 15:03:22,275] {taskinstance.py:1166} INFO - Marking task as SUCCESS. dag_id=our_dag_with_python_operator_v07, task_id=greet, execution_date=20240320T000000, start_date=20240624T150321, end_date=20240624T150322
[2024-06-24 15:03:22,755] {taskinstance.py:1220} INFO - 0 downstream tasks scheduled from follow-on schedule check
[2024-06-24 15:03:22,804] {local_task_job.py:146} INFO - Task exited with return code 0
