[2024-06-24 14:46:40,710] {taskinstance.py:851} INFO - Dependencies all met for <TaskInstance: our_first_dag_v5.first_task 2023-09-10T00:00:00+00:00 [queued]>
[2024-06-24 14:46:40,801] {taskinstance.py:851} INFO - Dependencies all met for <TaskInstance: our_first_dag_v5.first_task 2023-09-10T00:00:00+00:00 [queued]>
[2024-06-24 14:46:40,863] {taskinstance.py:1042} INFO - 
--------------------------------------------------------------------------------
[2024-06-24 14:46:40,867] {taskinstance.py:1043} INFO - Starting attempt 1 of 6
[2024-06-24 14:46:40,879] {taskinstance.py:1044} INFO - 
--------------------------------------------------------------------------------
[2024-06-24 14:46:40,975] {taskinstance.py:1063} INFO - Executing <Task(BashOperator): first_task> on 2023-09-10T00:00:00+00:00
[2024-06-24 14:46:40,996] {standard_task_runner.py:52} INFO - Started process 24012 to run task
[2024-06-24 14:46:41,013] {standard_task_runner.py:76} INFO - Running: ['airflow', 'tasks', 'run', 'our_first_dag_v5', 'first_task', '2023-09-10T00:00:00+00:00', '--job-id', '9118', '--pool', 'default_pool', '--raw', '--subdir', 'DAGS_FOLDER/our_first_dag.py', '--cfg-path', '/tmp/tmpio2nyj1d', '--error-file', '/tmp/tmp7gjnqgbv']
[2024-06-24 14:46:41,028] {standard_task_runner.py:77} INFO - Job 9118: Subtask first_task
[2024-06-24 14:46:41,400] {logging_mixin.py:104} INFO - Running <TaskInstance: our_first_dag_v5.first_task 2023-09-10T00:00:00+00:00 [running]> on host 799b1e36e3f1
[2024-06-24 14:46:41,776] {taskinstance.py:1257} INFO - Exporting the following env vars:
AIRFLOW_CTX_DAG_OWNER=coder2j
AIRFLOW_CTX_DAG_ID=our_first_dag_v5
AIRFLOW_CTX_TASK_ID=first_task
AIRFLOW_CTX_EXECUTION_DATE=2023-09-10T00:00:00+00:00
AIRFLOW_CTX_DAG_RUN_ID=scheduled__2023-09-10T00:00:00+00:00
[2024-06-24 14:46:41,807] {bash.py:135} INFO - Tmp dir root location: 
 /tmp
[2024-06-24 14:46:41,810] {bash.py:158} INFO - Running command: echo hello world, this is the first task!
[2024-06-24 14:46:41,844] {bash.py:169} INFO - Output:
[2024-06-24 14:46:41,845] {bash.py:173} INFO - hello world, this is the first task!
[2024-06-24 14:46:41,847] {bash.py:177} INFO - Command exited with return code 0
[2024-06-24 14:46:42,144] {taskinstance.py:1166} INFO - Marking task as SUCCESS. dag_id=our_first_dag_v5, task_id=first_task, execution_date=20230910T000000, start_date=20240624T144640, end_date=20240624T144642
[2024-06-24 14:46:42,450] {taskinstance.py:1220} INFO - 2 downstream tasks scheduled from follow-on schedule check
[2024-06-24 14:46:42,533] {local_task_job.py:146} INFO - Task exited with return code 0
