[2024-06-24 12:58:20,590] {taskinstance.py:851} INFO - Dependencies all met for <TaskInstance: our_dag_with_python_operator_v07.get_age 2022-02-10T00:00:00+00:00 [queued]>
[2024-06-24 12:58:20,656] {taskinstance.py:851} INFO - Dependencies all met for <TaskInstance: our_dag_with_python_operator_v07.get_age 2022-02-10T00:00:00+00:00 [queued]>
[2024-06-24 12:58:20,660] {taskinstance.py:1042} INFO - 
--------------------------------------------------------------------------------
[2024-06-24 12:58:20,663] {taskinstance.py:1043} INFO - Starting attempt 1 of 6
[2024-06-24 12:58:20,664] {taskinstance.py:1044} INFO - 
--------------------------------------------------------------------------------
[2024-06-24 12:58:20,856] {taskinstance.py:1063} INFO - Executing <Task(PythonOperator): get_age> on 2022-02-10T00:00:00+00:00
[2024-06-24 12:58:20,886] {standard_task_runner.py:52} INFO - Started process 33356 to run task
[2024-06-24 12:58:20,946] {standard_task_runner.py:76} INFO - Running: ['airflow', 'tasks', 'run', 'our_dag_with_python_operator_v07', 'get_age', '2022-02-10T00:00:00+00:00', '--job-id', '1927', '--pool', 'default_pool', '--raw', '--subdir', 'DAGS_FOLDER/create_dag_with_python_operator.py', '--cfg-path', '/tmp/tmpwm5mhynq', '--error-file', '/tmp/tmpq__ip2wt']
[2024-06-24 12:58:20,965] {standard_task_runner.py:77} INFO - Job 1927: Subtask get_age
[2024-06-24 12:58:21,474] {logging_mixin.py:104} INFO - Running <TaskInstance: our_dag_with_python_operator_v07.get_age 2022-02-10T00:00:00+00:00 [running]> on host 799b1e36e3f1
[2024-06-24 12:58:21,815] {taskinstance.py:1257} INFO - Exporting the following env vars:
AIRFLOW_CTX_DAG_OWNER=coder2j
AIRFLOW_CTX_DAG_ID=our_dag_with_python_operator_v07
AIRFLOW_CTX_TASK_ID=get_age
AIRFLOW_CTX_EXECUTION_DATE=2022-02-10T00:00:00+00:00
AIRFLOW_CTX_DAG_RUN_ID=scheduled__2022-02-10T00:00:00+00:00
[2024-06-24 12:58:21,876] {python.py:118} INFO - Done. Returned value was: None
[2024-06-24 12:58:21,980] {taskinstance.py:1166} INFO - Marking task as SUCCESS. dag_id=our_dag_with_python_operator_v07, task_id=get_age, execution_date=20220210T000000, start_date=20240624T125820, end_date=20240624T125821
[2024-06-24 12:58:22,215] {taskinstance.py:1220} INFO - 1 downstream tasks scheduled from follow-on schedule check
[2024-06-24 12:58:22,314] {local_task_job.py:146} INFO - Task exited with return code 0
