[2024-07-26 06:17:26,819] {taskinstance.py:851} INFO - Dependencies all met for <TaskInstance: dag_with_taskflow_api_v02.greet 2024-07-25T00:00:00+00:00 [queued]>
[2024-07-26 06:17:26,917] {taskinstance.py:851} INFO - Dependencies all met for <TaskInstance: dag_with_taskflow_api_v02.greet 2024-07-25T00:00:00+00:00 [queued]>
[2024-07-26 06:17:26,926] {taskinstance.py:1042} INFO - 
--------------------------------------------------------------------------------
[2024-07-26 06:17:26,928] {taskinstance.py:1043} INFO - Starting attempt 1 of 6
[2024-07-26 06:17:26,930] {taskinstance.py:1044} INFO - 
--------------------------------------------------------------------------------
[2024-07-26 06:17:26,983] {taskinstance.py:1063} INFO - Executing <Task(_PythonDecoratedOperator): greet> on 2024-07-25T00:00:00+00:00
[2024-07-26 06:17:26,990] {standard_task_runner.py:52} INFO - Started process 239 to run task
[2024-07-26 06:17:27,000] {standard_task_runner.py:76} INFO - Running: ['airflow', 'tasks', 'run', 'dag_with_taskflow_api_v02', 'greet', '2024-07-25T00:00:00+00:00', '--job-id', '12561', '--pool', 'default_pool', '--raw', '--subdir', 'DAGS_FOLDER/dag_with_taskflow_api.py', '--cfg-path', '/tmp/tmpngmv9o0r', '--error-file', '/tmp/tmpfc5txe0w']
[2024-07-26 06:17:27,012] {standard_task_runner.py:77} INFO - Job 12561: Subtask greet
[2024-07-26 06:17:27,255] {logging_mixin.py:104} INFO - Running <TaskInstance: dag_with_taskflow_api_v02.greet 2024-07-25T00:00:00+00:00 [running]> on host 799b1e36e3f1
[2024-07-26 06:17:27,840] {taskinstance.py:1257} INFO - Exporting the following env vars:
AIRFLOW_CTX_DAG_OWNER=coder2j
AIRFLOW_CTX_DAG_ID=dag_with_taskflow_api_v02
AIRFLOW_CTX_TASK_ID=greet
AIRFLOW_CTX_EXECUTION_DATE=2024-07-25T00:00:00+00:00
AIRFLOW_CTX_DAG_RUN_ID=scheduled__2024-07-25T00:00:00+00:00
[2024-07-26 06:17:27,843] {logging_mixin.py:104} INFO - Hello World! My name is Jerry Fridman and I am 19 years old!
[2024-07-26 06:17:27,945] {taskinstance.py:1166} INFO - Marking task as SUCCESS. dag_id=dag_with_taskflow_api_v02, task_id=greet, execution_date=20240725T000000, start_date=20240726T061726, end_date=20240726T061727
[2024-07-26 06:17:28,200] {taskinstance.py:1220} INFO - 0 downstream tasks scheduled from follow-on schedule check
[2024-07-26 06:17:28,260] {local_task_job.py:146} INFO - Task exited with return code 0
