[2024-06-24 15:05:23,849] {taskinstance.py:851} INFO - Dependencies all met for <TaskInstance: our_dag_with_python_operator_v07.get_age 2024-05-10T00:00:00+00:00 [queued]>
[2024-06-24 15:05:23,916] {taskinstance.py:851} INFO - Dependencies all met for <TaskInstance: our_dag_with_python_operator_v07.get_age 2024-05-10T00:00:00+00:00 [queued]>
[2024-06-24 15:05:23,920] {taskinstance.py:1042} INFO - 
--------------------------------------------------------------------------------
[2024-06-24 15:05:23,921] {taskinstance.py:1043} INFO - Starting attempt 1 of 6
[2024-06-24 15:05:23,924] {taskinstance.py:1044} INFO - 
--------------------------------------------------------------------------------
[2024-06-24 15:05:24,018] {taskinstance.py:1063} INFO - Executing <Task(PythonOperator): get_age> on 2024-05-10T00:00:00+00:00
[2024-06-24 15:05:24,030] {standard_task_runner.py:52} INFO - Started process 33496 to run task
[2024-06-24 15:05:24,048] {standard_task_runner.py:76} INFO - Running: ['airflow', 'tasks', 'run', 'our_dag_with_python_operator_v07', 'get_age', '2024-05-10T00:00:00+00:00', '--job-id', '11462', '--pool', 'default_pool', '--raw', '--subdir', 'DAGS_FOLDER/create_dag_with_python_operator.py', '--cfg-path', '/tmp/tmp3uk7t4fi', '--error-file', '/tmp/tmpqfl1zg4g']
[2024-06-24 15:05:24,065] {standard_task_runner.py:77} INFO - Job 11462: Subtask get_age
[2024-06-24 15:05:24,299] {logging_mixin.py:104} INFO - Running <TaskInstance: our_dag_with_python_operator_v07.get_age 2024-05-10T00:00:00+00:00 [running]> on host 799b1e36e3f1
[2024-06-24 15:05:24,465] {taskinstance.py:1257} INFO - Exporting the following env vars:
AIRFLOW_CTX_DAG_OWNER=coder2j
AIRFLOW_CTX_DAG_ID=our_dag_with_python_operator_v07
AIRFLOW_CTX_TASK_ID=get_age
AIRFLOW_CTX_EXECUTION_DATE=2024-05-10T00:00:00+00:00
AIRFLOW_CTX_DAG_RUN_ID=scheduled__2024-05-10T00:00:00+00:00
[2024-06-24 15:05:24,499] {python.py:118} INFO - Done. Returned value was: None
[2024-06-24 15:05:24,525] {taskinstance.py:1166} INFO - Marking task as SUCCESS. dag_id=our_dag_with_python_operator_v07, task_id=get_age, execution_date=20240510T000000, start_date=20240624T150523, end_date=20240624T150524
[2024-06-24 15:05:24,618] {taskinstance.py:1220} INFO - 1 downstream tasks scheduled from follow-on schedule check
[2024-06-24 15:05:24,684] {local_task_job.py:146} INFO - Task exited with return code 0
