[2024-06-24 12:52:02,996] {taskinstance.py:851} INFO - Dependencies all met for <TaskInstance: our_first_dag_v5.second_task 2024-06-24T11:48:22.651294+00:00 [queued]>
[2024-06-24 12:52:03,270] {taskinstance.py:851} INFO - Dependencies all met for <TaskInstance: our_first_dag_v5.second_task 2024-06-24T11:48:22.651294+00:00 [queued]>
[2024-06-24 12:52:03,276] {taskinstance.py:1042} INFO - 
--------------------------------------------------------------------------------
[2024-06-24 12:52:03,283] {taskinstance.py:1043} INFO - Starting attempt 1 of 6
[2024-06-24 12:52:03,292] {taskinstance.py:1044} INFO - 
--------------------------------------------------------------------------------
[2024-06-24 12:52:03,543] {taskinstance.py:1063} INFO - Executing <Task(BashOperator): second_task> on 2024-06-24T11:48:22.651294+00:00
[2024-06-24 12:52:03,601] {standard_task_runner.py:52} INFO - Started process 27354 to run task
[2024-06-24 12:52:03,682] {standard_task_runner.py:76} INFO - Running: ['airflow', 'tasks', 'run', 'our_first_dag_v5', 'second_task', '2024-06-24T11:48:22.651294+00:00', '--job-id', '481', '--pool', 'default_pool', '--raw', '--subdir', 'DAGS_FOLDER/our_first_dag.py', '--cfg-path', '/tmp/tmporsgwzw7', '--error-file', '/tmp/tmpdpx2cslw']
[2024-06-24 12:52:03,715] {standard_task_runner.py:77} INFO - Job 481: Subtask second_task
[2024-06-24 12:52:04,196] {logging_mixin.py:104} INFO - Running <TaskInstance: our_first_dag_v5.second_task 2024-06-24T11:48:22.651294+00:00 [running]> on host 799b1e36e3f1
[2024-06-24 12:52:04,631] {taskinstance.py:1257} INFO - Exporting the following env vars:
AIRFLOW_CTX_DAG_OWNER=coder2j
AIRFLOW_CTX_DAG_ID=our_first_dag_v5
AIRFLOW_CTX_TASK_ID=second_task
AIRFLOW_CTX_EXECUTION_DATE=2024-06-24T11:48:22.651294+00:00
AIRFLOW_CTX_DAG_RUN_ID=manual__2024-06-24T11:48:22.651294+00:00
[2024-06-24 12:52:04,636] {bash.py:135} INFO - Tmp dir root location: 
 /tmp
[2024-06-24 12:52:04,672] {bash.py:158} INFO - Running command: echo hey, I am task2 and will be running after task1!
[2024-06-24 12:52:04,802] {bash.py:169} INFO - Output:
[2024-06-24 12:52:04,817] {bash.py:173} INFO - hey, I am task2 and will be running after task1!
[2024-06-24 12:52:04,824] {bash.py:177} INFO - Command exited with return code 0
[2024-06-24 12:52:05,270] {taskinstance.py:1166} INFO - Marking task as SUCCESS. dag_id=our_first_dag_v5, task_id=second_task, execution_date=20240624T114822, start_date=20240624T125203, end_date=20240624T125205
[2024-06-24 12:52:05,597] {taskinstance.py:1220} INFO - 0 downstream tasks scheduled from follow-on schedule check
[2024-06-24 12:52:05,682] {local_task_job.py:146} INFO - Task exited with return code 0
