[2024-07-24 03:00:02,983] {taskinstance.py:851} INFO - Dependencies all met for <TaskInstance: dag_with_cron_expression_v04.task1 2024-07-23T03:00:00+00:00 [queued]>
[2024-07-24 03:00:03,026] {taskinstance.py:851} INFO - Dependencies all met for <TaskInstance: dag_with_cron_expression_v04.task1 2024-07-23T03:00:00+00:00 [queued]>
[2024-07-24 03:00:03,029] {taskinstance.py:1042} INFO - 
--------------------------------------------------------------------------------
[2024-07-24 03:00:03,031] {taskinstance.py:1043} INFO - Starting attempt 1 of 6
[2024-07-24 03:00:03,033] {taskinstance.py:1044} INFO - 
--------------------------------------------------------------------------------
[2024-07-24 03:00:03,101] {taskinstance.py:1063} INFO - Executing <Task(BashOperator): task1> on 2024-07-23T03:00:00+00:00
[2024-07-24 03:00:03,117] {standard_task_runner.py:52} INFO - Started process 41896 to run task
[2024-07-24 03:00:03,139] {standard_task_runner.py:76} INFO - Running: ['airflow', 'tasks', 'run', 'dag_with_cron_expression_v04', 'task1', '2024-07-23T03:00:00+00:00', '--job-id', '12540', '--pool', 'default_pool', '--raw', '--subdir', 'DAGS_FOLDER/dag_with_cron_expression.py', '--cfg-path', '/tmp/tmpmr7iyiko', '--error-file', '/tmp/tmpx9kndjqy']
[2024-07-24 03:00:03,155] {standard_task_runner.py:77} INFO - Job 12540: Subtask task1
[2024-07-24 03:00:03,464] {logging_mixin.py:104} INFO - Running <TaskInstance: dag_with_cron_expression_v04.task1 2024-07-23T03:00:00+00:00 [running]> on host 799b1e36e3f1
[2024-07-24 03:00:03,663] {taskinstance.py:1257} INFO - Exporting the following env vars:
AIRFLOW_CTX_DAG_OWNER=coder2j
AIRFLOW_CTX_DAG_ID=dag_with_cron_expression_v04
AIRFLOW_CTX_TASK_ID=task1
AIRFLOW_CTX_EXECUTION_DATE=2024-07-23T03:00:00+00:00
AIRFLOW_CTX_DAG_RUN_ID=scheduled__2024-07-23T03:00:00+00:00
[2024-07-24 03:00:03,667] {bash.py:135} INFO - Tmp dir root location: 
 /tmp
[2024-07-24 03:00:03,672] {bash.py:158} INFO - Running command: echo dag with cron expression!
[2024-07-24 03:00:03,698] {bash.py:169} INFO - Output:
[2024-07-24 03:00:03,714] {bash.py:173} INFO - dag with cron expression!
[2024-07-24 03:00:03,717] {bash.py:177} INFO - Command exited with return code 0
[2024-07-24 03:00:03,848] {taskinstance.py:1166} INFO - Marking task as SUCCESS. dag_id=dag_with_cron_expression_v04, task_id=task1, execution_date=20240723T030000, start_date=20240724T030002, end_date=20240724T030003
[2024-07-24 03:00:03,963] {taskinstance.py:1220} INFO - 0 downstream tasks scheduled from follow-on schedule check
[2024-07-24 03:00:03,985] {local_task_job.py:146} INFO - Task exited with return code 0
