[2024-07-15 03:01:33,839] {taskinstance.py:851} INFO - Dependencies all met for <TaskInstance: dag_with_taskflow_api_v02.get_name 2024-07-14T00:00:00+00:00 [queued]>
[2024-07-15 03:01:33,919] {taskinstance.py:851} INFO - Dependencies all met for <TaskInstance: dag_with_taskflow_api_v02.get_name 2024-07-14T00:00:00+00:00 [queued]>
[2024-07-15 03:01:33,920] {taskinstance.py:1042} INFO - 
--------------------------------------------------------------------------------
[2024-07-15 03:01:33,922] {taskinstance.py:1043} INFO - Starting attempt 1 of 6
[2024-07-15 03:01:33,923] {taskinstance.py:1044} INFO - 
--------------------------------------------------------------------------------
[2024-07-15 03:01:34,028] {taskinstance.py:1063} INFO - Executing <Task(_PythonDecoratedOperator): get_name> on 2024-07-14T00:00:00+00:00
[2024-07-15 03:01:34,158] {standard_task_runner.py:52} INFO - Started process 7970 to run task
[2024-07-15 03:01:34,220] {standard_task_runner.py:76} INFO - Running: ['airflow', 'tasks', 'run', 'dag_with_taskflow_api_v02', 'get_name', '2024-07-14T00:00:00+00:00', '--job-id', '12419', '--pool', 'default_pool', '--raw', '--subdir', 'DAGS_FOLDER/dag_with_taskflow_api.py', '--cfg-path', '/tmp/tmp8tfv779b', '--error-file', '/tmp/tmpldiapmbw']
[2024-07-15 03:01:34,260] {standard_task_runner.py:77} INFO - Job 12419: Subtask get_name
[2024-07-15 03:01:34,794] {logging_mixin.py:104} INFO - Running <TaskInstance: dag_with_taskflow_api_v02.get_name 2024-07-14T00:00:00+00:00 [running]> on host 799b1e36e3f1
[2024-07-15 03:01:35,083] {taskinstance.py:1257} INFO - Exporting the following env vars:
AIRFLOW_CTX_DAG_OWNER=coder2j
AIRFLOW_CTX_DAG_ID=dag_with_taskflow_api_v02
AIRFLOW_CTX_TASK_ID=get_name
AIRFLOW_CTX_EXECUTION_DATE=2024-07-14T00:00:00+00:00
AIRFLOW_CTX_DAG_RUN_ID=scheduled__2024-07-14T00:00:00+00:00
[2024-07-15 03:01:35,355] {taskinstance.py:1166} INFO - Marking task as SUCCESS. dag_id=dag_with_taskflow_api_v02, task_id=get_name, execution_date=20240714T000000, start_date=20240715T030133, end_date=20240715T030135
[2024-07-15 03:01:35,470] {taskinstance.py:1220} INFO - 1 downstream tasks scheduled from follow-on schedule check
[2024-07-15 03:01:35,506] {local_task_job.py:146} INFO - Task exited with return code 0
