[2024-06-24 12:57:59,904] {taskinstance.py:851} INFO - Dependencies all met for <TaskInstance: our_first_dag_v5.second_task 2021-11-24T00:00:00+00:00 [queued]>
[2024-06-24 12:57:59,944] {taskinstance.py:851} INFO - Dependencies all met for <TaskInstance: our_first_dag_v5.second_task 2021-11-24T00:00:00+00:00 [queued]>
[2024-06-24 12:57:59,946] {taskinstance.py:1042} INFO - 
--------------------------------------------------------------------------------
[2024-06-24 12:57:59,947] {taskinstance.py:1043} INFO - Starting attempt 1 of 6
[2024-06-24 12:57:59,949] {taskinstance.py:1044} INFO - 
--------------------------------------------------------------------------------
[2024-06-24 12:58:00,026] {taskinstance.py:1063} INFO - Executing <Task(BashOperator): second_task> on 2021-11-24T00:00:00+00:00
[2024-06-24 12:58:00,047] {standard_task_runner.py:52} INFO - Started process 33047 to run task
[2024-06-24 12:58:00,095] {standard_task_runner.py:76} INFO - Running: ['airflow', 'tasks', 'run', 'our_first_dag_v5', 'second_task', '2021-11-24T00:00:00+00:00', '--job-id', '1848', '--pool', 'default_pool', '--raw', '--subdir', 'DAGS_FOLDER/our_first_dag.py', '--cfg-path', '/tmp/tmph0kuwtnw', '--error-file', '/tmp/tmpjtzywhv5']
[2024-06-24 12:58:00,111] {standard_task_runner.py:77} INFO - Job 1848: Subtask second_task
[2024-06-24 12:58:00,427] {logging_mixin.py:104} INFO - Running <TaskInstance: our_first_dag_v5.second_task 2021-11-24T00:00:00+00:00 [running]> on host 799b1e36e3f1
[2024-06-24 12:58:00,973] {taskinstance.py:1257} INFO - Exporting the following env vars:
AIRFLOW_CTX_DAG_OWNER=coder2j
AIRFLOW_CTX_DAG_ID=our_first_dag_v5
AIRFLOW_CTX_TASK_ID=second_task
AIRFLOW_CTX_EXECUTION_DATE=2021-11-24T00:00:00+00:00
AIRFLOW_CTX_DAG_RUN_ID=scheduled__2021-11-24T00:00:00+00:00
[2024-06-24 12:58:00,991] {bash.py:135} INFO - Tmp dir root location: 
 /tmp
[2024-06-24 12:58:00,997] {bash.py:158} INFO - Running command: echo hey, I am task2 and will be running after task1!
[2024-06-24 12:58:01,075] {bash.py:169} INFO - Output:
[2024-06-24 12:58:01,091] {bash.py:173} INFO - hey, I am task2 and will be running after task1!
[2024-06-24 12:58:01,095] {bash.py:177} INFO - Command exited with return code 0
[2024-06-24 12:58:01,379] {taskinstance.py:1166} INFO - Marking task as SUCCESS. dag_id=our_first_dag_v5, task_id=second_task, execution_date=20211124T000000, start_date=20240624T125759, end_date=20240624T125801
[2024-06-24 12:58:01,579] {taskinstance.py:1220} INFO - 0 downstream tasks scheduled from follow-on schedule check
[2024-06-24 12:58:01,660] {local_task_job.py:146} INFO - Task exited with return code 0
