[2024-06-24 12:52:02,856] {taskinstance.py:851} INFO - Dependencies all met for <TaskInstance: our_first_dag_v5.second_task 2024-06-24T11:50:18.186555+00:00 [queued]>
[2024-06-24 12:52:03,181] {taskinstance.py:851} INFO - Dependencies all met for <TaskInstance: our_first_dag_v5.second_task 2024-06-24T11:50:18.186555+00:00 [queued]>
[2024-06-24 12:52:03,183] {taskinstance.py:1042} INFO - 
--------------------------------------------------------------------------------
[2024-06-24 12:52:03,184] {taskinstance.py:1043} INFO - Starting attempt 1 of 6
[2024-06-24 12:52:03,186] {taskinstance.py:1044} INFO - 
--------------------------------------------------------------------------------
[2024-06-24 12:52:03,332] {taskinstance.py:1063} INFO - Executing <Task(BashOperator): second_task> on 2024-06-24T11:50:18.186555+00:00
[2024-06-24 12:52:03,372] {standard_task_runner.py:52} INFO - Started process 27352 to run task
[2024-06-24 12:52:03,468] {standard_task_runner.py:76} INFO - Running: ['airflow', 'tasks', 'run', 'our_first_dag_v5', 'second_task', '2024-06-24T11:50:18.186555+00:00', '--job-id', '480', '--pool', 'default_pool', '--raw', '--subdir', 'DAGS_FOLDER/our_first_dag.py', '--cfg-path', '/tmp/tmp3ejbj7fn', '--error-file', '/tmp/tmp1acbpg7u']
[2024-06-24 12:52:03,522] {standard_task_runner.py:77} INFO - Job 480: Subtask second_task
[2024-06-24 12:52:04,022] {logging_mixin.py:104} INFO - Running <TaskInstance: our_first_dag_v5.second_task 2024-06-24T11:50:18.186555+00:00 [running]> on host 799b1e36e3f1
[2024-06-24 12:52:04,526] {taskinstance.py:1257} INFO - Exporting the following env vars:
AIRFLOW_CTX_DAG_OWNER=coder2j
AIRFLOW_CTX_DAG_ID=our_first_dag_v5
AIRFLOW_CTX_TASK_ID=second_task
AIRFLOW_CTX_EXECUTION_DATE=2024-06-24T11:50:18.186555+00:00
AIRFLOW_CTX_DAG_RUN_ID=manual__2024-06-24T11:50:18.186555+00:00
[2024-06-24 12:52:04,533] {bash.py:135} INFO - Tmp dir root location: 
 /tmp
[2024-06-24 12:52:04,537] {bash.py:158} INFO - Running command: echo hey, I am task2 and will be running after task1!
[2024-06-24 12:52:04,568] {bash.py:169} INFO - Output:
[2024-06-24 12:52:04,573] {bash.py:173} INFO - hey, I am task2 and will be running after task1!
[2024-06-24 12:52:04,575] {bash.py:177} INFO - Command exited with return code 0
[2024-06-24 12:52:04,795] {taskinstance.py:1166} INFO - Marking task as SUCCESS. dag_id=our_first_dag_v5, task_id=second_task, execution_date=20240624T115018, start_date=20240624T125202, end_date=20240624T125204
[2024-06-24 12:52:05,154] {taskinstance.py:1220} INFO - 0 downstream tasks scheduled from follow-on schedule check
[2024-06-24 12:52:05,319] {local_task_job.py:146} INFO - Task exited with return code 0
