[2024-06-24 13:00:18,073] {taskinstance.py:851} INFO - Dependencies all met for <TaskInstance: our_first_dag_v5.first_task 2022-01-03T00:00:00+00:00 [queued]>
[2024-06-24 13:00:18,284] {taskinstance.py:851} INFO - Dependencies all met for <TaskInstance: our_first_dag_v5.first_task 2022-01-03T00:00:00+00:00 [queued]>
[2024-06-24 13:00:18,285] {taskinstance.py:1042} INFO - 
--------------------------------------------------------------------------------
[2024-06-24 13:00:18,292] {taskinstance.py:1043} INFO - Starting attempt 1 of 6
[2024-06-24 13:00:18,297] {taskinstance.py:1044} INFO - 
--------------------------------------------------------------------------------
[2024-06-24 13:00:18,495] {taskinstance.py:1063} INFO - Executing <Task(BashOperator): first_task> on 2022-01-03T00:00:00+00:00
[2024-06-24 13:00:18,548] {standard_task_runner.py:52} INFO - Started process 35276 to run task
[2024-06-24 13:00:18,624] {standard_task_runner.py:76} INFO - Running: ['airflow', 'tasks', 'run', 'our_first_dag_v5', 'first_task', '2022-01-03T00:00:00+00:00', '--job-id', '2411', '--pool', 'default_pool', '--raw', '--subdir', 'DAGS_FOLDER/our_first_dag.py', '--cfg-path', '/tmp/tmps_xlv9lc', '--error-file', '/tmp/tmpimwqh5jm']
[2024-06-24 13:00:18,667] {standard_task_runner.py:77} INFO - Job 2411: Subtask first_task
[2024-06-24 13:00:19,634] {logging_mixin.py:104} INFO - Running <TaskInstance: our_first_dag_v5.first_task 2022-01-03T00:00:00+00:00 [running]> on host 799b1e36e3f1
[2024-06-24 13:00:20,257] {taskinstance.py:1257} INFO - Exporting the following env vars:
AIRFLOW_CTX_DAG_OWNER=coder2j
AIRFLOW_CTX_DAG_ID=our_first_dag_v5
AIRFLOW_CTX_TASK_ID=first_task
AIRFLOW_CTX_EXECUTION_DATE=2022-01-03T00:00:00+00:00
AIRFLOW_CTX_DAG_RUN_ID=scheduled__2022-01-03T00:00:00+00:00
[2024-06-24 13:00:20,324] {bash.py:135} INFO - Tmp dir root location: 
 /tmp
[2024-06-24 13:00:20,339] {bash.py:158} INFO - Running command: echo hello world, this is the first task!
[2024-06-24 13:00:20,440] {bash.py:169} INFO - Output:
[2024-06-24 13:00:20,472] {bash.py:173} INFO - hello world, this is the first task!
[2024-06-24 13:00:20,474] {bash.py:177} INFO - Command exited with return code 0
[2024-06-24 13:00:20,739] {taskinstance.py:1166} INFO - Marking task as SUCCESS. dag_id=our_first_dag_v5, task_id=first_task, execution_date=20220103T000000, start_date=20240624T130018, end_date=20240624T130020
[2024-06-24 13:00:21,048] {taskinstance.py:1220} INFO - 2 downstream tasks scheduled from follow-on schedule check
[2024-06-24 13:00:21,187] {local_task_job.py:146} INFO - Task exited with return code 0
