[2024-06-24 14:31:50,759] {taskinstance.py:851} INFO - Dependencies all met for <TaskInstance: our_dag_with_python_operator_v07.get_name 2023-10-04T00:00:00+00:00 [queued]>
[2024-06-24 14:31:50,851] {taskinstance.py:851} INFO - Dependencies all met for <TaskInstance: our_dag_with_python_operator_v07.get_name 2023-10-04T00:00:00+00:00 [queued]>
[2024-06-24 14:31:50,870] {taskinstance.py:1042} INFO - 
--------------------------------------------------------------------------------
[2024-06-24 14:31:50,872] {taskinstance.py:1043} INFO - Starting attempt 1 of 6
[2024-06-24 14:31:50,874] {taskinstance.py:1044} INFO - 
--------------------------------------------------------------------------------
[2024-06-24 14:31:50,935] {taskinstance.py:1063} INFO - Executing <Task(PythonOperator): get_name> on 2023-10-04T00:00:00+00:00
[2024-06-24 14:31:50,944] {standard_task_runner.py:52} INFO - Started process 21503 to run task
[2024-06-24 14:31:50,959] {standard_task_runner.py:76} INFO - Running: ['airflow', 'tasks', 'run', 'our_dag_with_python_operator_v07', 'get_name', '2023-10-04T00:00:00+00:00', '--job-id', '8542', '--pool', 'default_pool', '--raw', '--subdir', 'DAGS_FOLDER/create_dag_with_python_operator.py', '--cfg-path', '/tmp/tmpbbh9t43p', '--error-file', '/tmp/tmpmu8t_yjz']
[2024-06-24 14:31:50,979] {standard_task_runner.py:77} INFO - Job 8542: Subtask get_name
[2024-06-24 14:31:51,275] {logging_mixin.py:104} INFO - Running <TaskInstance: our_dag_with_python_operator_v07.get_name 2023-10-04T00:00:00+00:00 [running]> on host 799b1e36e3f1
[2024-06-24 14:31:51,509] {taskinstance.py:1257} INFO - Exporting the following env vars:
AIRFLOW_CTX_DAG_OWNER=coder2j
AIRFLOW_CTX_DAG_ID=our_dag_with_python_operator_v07
AIRFLOW_CTX_TASK_ID=get_name
AIRFLOW_CTX_EXECUTION_DATE=2023-10-04T00:00:00+00:00
AIRFLOW_CTX_DAG_RUN_ID=scheduled__2023-10-04T00:00:00+00:00
[2024-06-24 14:31:51,597] {python.py:118} INFO - Done. Returned value was: None
[2024-06-24 14:31:51,634] {taskinstance.py:1166} INFO - Marking task as SUCCESS. dag_id=our_dag_with_python_operator_v07, task_id=get_name, execution_date=20231004T000000, start_date=20240624T143150, end_date=20240624T143151
[2024-06-24 14:31:51,822] {taskinstance.py:1220} INFO - 0 downstream tasks scheduled from follow-on schedule check
[2024-06-24 14:31:51,851] {local_task_job.py:146} INFO - Task exited with return code 0
