[2024-06-24 12:52:18,842] {taskinstance.py:851} INFO - Dependencies all met for <TaskInstance: dag_with_taskflow_api_v02.get_age 2021-11-04T00:00:00+00:00 [queued]>
[2024-06-24 12:52:18,964] {taskinstance.py:851} INFO - Dependencies all met for <TaskInstance: dag_with_taskflow_api_v02.get_age 2021-11-04T00:00:00+00:00 [queued]>
[2024-06-24 12:52:18,972] {taskinstance.py:1042} INFO - 
--------------------------------------------------------------------------------
[2024-06-24 12:52:18,973] {taskinstance.py:1043} INFO - Starting attempt 1 of 6
[2024-06-24 12:52:18,976] {taskinstance.py:1044} INFO - 
--------------------------------------------------------------------------------
[2024-06-24 12:52:19,159] {taskinstance.py:1063} INFO - Executing <Task(_PythonDecoratedOperator): get_age> on 2021-11-04T00:00:00+00:00
[2024-06-24 12:52:19,207] {standard_task_runner.py:52} INFO - Started process 27580 to run task
[2024-06-24 12:52:19,276] {standard_task_runner.py:76} INFO - Running: ['airflow', 'tasks', 'run', 'dag_with_taskflow_api_v02', 'get_age', '2021-11-04T00:00:00+00:00', '--job-id', '533', '--pool', 'default_pool', '--raw', '--subdir', 'DAGS_FOLDER/dag_with_taskflow_api.py', '--cfg-path', '/tmp/tmpuh26vrwe', '--error-file', '/tmp/tmp4txdg7af']
[2024-06-24 12:52:19,307] {standard_task_runner.py:77} INFO - Job 533: Subtask get_age
[2024-06-24 12:52:19,786] {logging_mixin.py:104} INFO - Running <TaskInstance: dag_with_taskflow_api_v02.get_age 2021-11-04T00:00:00+00:00 [running]> on host 799b1e36e3f1
[2024-06-24 12:52:20,271] {taskinstance.py:1257} INFO - Exporting the following env vars:
AIRFLOW_CTX_DAG_OWNER=coder2j
AIRFLOW_CTX_DAG_ID=dag_with_taskflow_api_v02
AIRFLOW_CTX_TASK_ID=get_age
AIRFLOW_CTX_EXECUTION_DATE=2021-11-04T00:00:00+00:00
AIRFLOW_CTX_DAG_RUN_ID=scheduled__2021-11-04T00:00:00+00:00
[2024-06-24 12:52:20,523] {taskinstance.py:1166} INFO - Marking task as SUCCESS. dag_id=dag_with_taskflow_api_v02, task_id=get_age, execution_date=20211104T000000, start_date=20240624T125218, end_date=20240624T125220
[2024-06-24 12:52:20,998] {taskinstance.py:1220} INFO - 1 downstream tasks scheduled from follow-on schedule check
[2024-06-24 12:52:21,082] {local_task_job.py:146} INFO - Task exited with return code 0
