[2024-06-24 13:00:19,697] {taskinstance.py:851} INFO - Dependencies all met for <TaskInstance: dag_with_taskflow_api_v02.get_name 2022-04-08T00:00:00+00:00 [queued]>
[2024-06-24 13:00:19,746] {taskinstance.py:851} INFO - Dependencies all met for <TaskInstance: dag_with_taskflow_api_v02.get_name 2022-04-08T00:00:00+00:00 [queued]>
[2024-06-24 13:00:19,753] {taskinstance.py:1042} INFO - 
--------------------------------------------------------------------------------
[2024-06-24 13:00:19,760] {taskinstance.py:1043} INFO - Starting attempt 1 of 6
[2024-06-24 13:00:19,763] {taskinstance.py:1044} INFO - 
--------------------------------------------------------------------------------
[2024-06-24 13:00:19,851] {taskinstance.py:1063} INFO - Executing <Task(_PythonDecoratedOperator): get_name> on 2022-04-08T00:00:00+00:00
[2024-06-24 13:00:19,974] {standard_task_runner.py:52} INFO - Started process 35288 to run task
[2024-06-24 13:00:20,015] {standard_task_runner.py:76} INFO - Running: ['airflow', 'tasks', 'run', 'dag_with_taskflow_api_v02', 'get_name', '2022-04-08T00:00:00+00:00', '--job-id', '2421', '--pool', 'default_pool', '--raw', '--subdir', 'DAGS_FOLDER/dag_with_taskflow_api.py', '--cfg-path', '/tmp/tmpe70oiqb0', '--error-file', '/tmp/tmp6mabzhmi']
[2024-06-24 13:00:20,027] {standard_task_runner.py:77} INFO - Job 2421: Subtask get_name
[2024-06-24 13:00:20,715] {logging_mixin.py:104} INFO - Running <TaskInstance: dag_with_taskflow_api_v02.get_name 2022-04-08T00:00:00+00:00 [running]> on host 799b1e36e3f1
[2024-06-24 13:00:21,336] {taskinstance.py:1257} INFO - Exporting the following env vars:
AIRFLOW_CTX_DAG_OWNER=coder2j
AIRFLOW_CTX_DAG_ID=dag_with_taskflow_api_v02
AIRFLOW_CTX_TASK_ID=get_name
AIRFLOW_CTX_EXECUTION_DATE=2022-04-08T00:00:00+00:00
AIRFLOW_CTX_DAG_RUN_ID=scheduled__2022-04-08T00:00:00+00:00
[2024-06-24 13:00:21,819] {taskinstance.py:1166} INFO - Marking task as SUCCESS. dag_id=dag_with_taskflow_api_v02, task_id=get_name, execution_date=20220408T000000, start_date=20240624T130019, end_date=20240624T130021
[2024-06-24 13:00:22,260] {taskinstance.py:1220} INFO - 0 downstream tasks scheduled from follow-on schedule check
[2024-06-24 13:00:22,291] {local_task_job.py:146} INFO - Task exited with return code 0
