[2024-06-24 14:22:49,392] {taskinstance.py:851} INFO - Dependencies all met for <TaskInstance: our_dag_with_python_operator_v07.get_age 2022-10-05T00:00:00+00:00 [queued]>
[2024-06-24 14:22:49,441] {taskinstance.py:851} INFO - Dependencies all met for <TaskInstance: our_dag_with_python_operator_v07.get_age 2022-10-05T00:00:00+00:00 [queued]>
[2024-06-24 14:22:49,444] {taskinstance.py:1042} INFO - 
--------------------------------------------------------------------------------
[2024-06-24 14:22:49,445] {taskinstance.py:1043} INFO - Starting attempt 1 of 6
[2024-06-24 14:22:49,447] {taskinstance.py:1044} INFO - 
--------------------------------------------------------------------------------
[2024-06-24 14:22:49,524] {taskinstance.py:1063} INFO - Executing <Task(PythonOperator): get_age> on 2022-10-05T00:00:00+00:00
[2024-06-24 14:22:49,544] {standard_task_runner.py:52} INFO - Started process 6942 to run task
[2024-06-24 14:22:49,569] {standard_task_runner.py:76} INFO - Running: ['airflow', 'tasks', 'run', 'our_dag_with_python_operator_v07', 'get_age', '2022-10-05T00:00:00+00:00', '--job-id', '4629', '--pool', 'default_pool', '--raw', '--subdir', 'DAGS_FOLDER/create_dag_with_python_operator.py', '--cfg-path', '/tmp/tmpsxd1o2hm', '--error-file', '/tmp/tmpny247mkq']
[2024-06-24 14:22:49,598] {standard_task_runner.py:77} INFO - Job 4629: Subtask get_age
[2024-06-24 14:22:49,864] {logging_mixin.py:104} INFO - Running <TaskInstance: our_dag_with_python_operator_v07.get_age 2022-10-05T00:00:00+00:00 [running]> on host 799b1e36e3f1
[2024-06-24 14:22:50,093] {taskinstance.py:1257} INFO - Exporting the following env vars:
AIRFLOW_CTX_DAG_OWNER=coder2j
AIRFLOW_CTX_DAG_ID=our_dag_with_python_operator_v07
AIRFLOW_CTX_TASK_ID=get_age
AIRFLOW_CTX_EXECUTION_DATE=2022-10-05T00:00:00+00:00
AIRFLOW_CTX_DAG_RUN_ID=scheduled__2022-10-05T00:00:00+00:00
[2024-06-24 14:22:50,222] {python.py:118} INFO - Done. Returned value was: None
[2024-06-24 14:22:50,264] {taskinstance.py:1166} INFO - Marking task as SUCCESS. dag_id=our_dag_with_python_operator_v07, task_id=get_age, execution_date=20221005T000000, start_date=20240624T142249, end_date=20240624T142250
[2024-06-24 14:22:50,432] {taskinstance.py:1220} INFO - 1 downstream tasks scheduled from follow-on schedule check
[2024-06-24 14:22:50,494] {local_task_job.py:146} INFO - Task exited with return code 0
