[2024-06-24 12:52:09,815] {taskinstance.py:851} INFO - Dependencies all met for <TaskInstance: our_dag_with_python_operator_v07.get_age 2021-10-08T00:00:00+00:00 [queued]>
[2024-06-24 12:52:09,951] {taskinstance.py:851} INFO - Dependencies all met for <TaskInstance: our_dag_with_python_operator_v07.get_age 2021-10-08T00:00:00+00:00 [queued]>
[2024-06-24 12:52:09,966] {taskinstance.py:1042} INFO - 
--------------------------------------------------------------------------------
[2024-06-24 12:52:09,989] {taskinstance.py:1043} INFO - Starting attempt 1 of 6
[2024-06-24 12:52:09,997] {taskinstance.py:1044} INFO - 
--------------------------------------------------------------------------------
[2024-06-24 12:52:10,157] {taskinstance.py:1063} INFO - Executing <Task(PythonOperator): get_age> on 2021-10-08T00:00:00+00:00
[2024-06-24 12:52:10,215] {standard_task_runner.py:52} INFO - Started process 27451 to run task
[2024-06-24 12:52:10,362] {standard_task_runner.py:76} INFO - Running: ['airflow', 'tasks', 'run', 'our_dag_with_python_operator_v07', 'get_age', '2021-10-08T00:00:00+00:00', '--job-id', '500', '--pool', 'default_pool', '--raw', '--subdir', 'DAGS_FOLDER/create_dag_with_python_operator.py', '--cfg-path', '/tmp/tmprwruo_5o', '--error-file', '/tmp/tmped28e0nb']
[2024-06-24 12:52:10,393] {standard_task_runner.py:77} INFO - Job 500: Subtask get_age
[2024-06-24 12:52:11,338] {logging_mixin.py:104} INFO - Running <TaskInstance: our_dag_with_python_operator_v07.get_age 2021-10-08T00:00:00+00:00 [running]> on host 799b1e36e3f1
[2024-06-24 12:52:12,123] {taskinstance.py:1257} INFO - Exporting the following env vars:
AIRFLOW_CTX_DAG_OWNER=coder2j
AIRFLOW_CTX_DAG_ID=our_dag_with_python_operator_v07
AIRFLOW_CTX_TASK_ID=get_age
AIRFLOW_CTX_EXECUTION_DATE=2021-10-08T00:00:00+00:00
AIRFLOW_CTX_DAG_RUN_ID=scheduled__2021-10-08T00:00:00+00:00
[2024-06-24 12:52:12,270] {python.py:118} INFO - Done. Returned value was: None
[2024-06-24 12:52:12,378] {taskinstance.py:1166} INFO - Marking task as SUCCESS. dag_id=our_dag_with_python_operator_v07, task_id=get_age, execution_date=20211008T000000, start_date=20240624T125209, end_date=20240624T125212
[2024-06-24 12:52:12,710] {taskinstance.py:1220} INFO - 0 downstream tasks scheduled from follow-on schedule check
[2024-06-24 12:52:12,842] {local_task_job.py:146} INFO - Task exited with return code 0
