[2024-06-24 14:18:03,370] {taskinstance.py:851} INFO - Dependencies all met for <TaskInstance: dag_with_taskflow_api_v02.get_name 2022-05-17T00:00:00+00:00 [queued]>
[2024-06-24 14:18:03,530] {taskinstance.py:851} INFO - Dependencies all met for <TaskInstance: dag_with_taskflow_api_v02.get_name 2022-05-17T00:00:00+00:00 [queued]>
[2024-06-24 14:18:03,539] {taskinstance.py:1042} INFO - 
--------------------------------------------------------------------------------
[2024-06-24 14:18:03,544] {taskinstance.py:1043} INFO - Starting attempt 1 of 6
[2024-06-24 14:18:03,545] {taskinstance.py:1044} INFO - 
--------------------------------------------------------------------------------
[2024-06-24 14:18:03,659] {taskinstance.py:1063} INFO - Executing <Task(_PythonDecoratedOperator): get_name> on 2022-05-17T00:00:00+00:00
[2024-06-24 14:18:03,690] {standard_task_runner.py:52} INFO - Started process 349 to run task
[2024-06-24 14:18:03,702] {standard_task_runner.py:76} INFO - Running: ['airflow', 'tasks', 'run', 'dag_with_taskflow_api_v02', 'get_name', '2022-05-17T00:00:00+00:00', '--job-id', '2906', '--pool', 'default_pool', '--raw', '--subdir', 'DAGS_FOLDER/dag_with_taskflow_api.py', '--cfg-path', '/tmp/tmpqw67fuz1', '--error-file', '/tmp/tmp5_i9igq1']
[2024-06-24 14:18:03,762] {standard_task_runner.py:77} INFO - Job 2906: Subtask get_name
[2024-06-24 14:18:04,170] {logging_mixin.py:104} INFO - Running <TaskInstance: dag_with_taskflow_api_v02.get_name 2022-05-17T00:00:00+00:00 [running]> on host 799b1e36e3f1
[2024-06-24 14:18:04,582] {taskinstance.py:1257} INFO - Exporting the following env vars:
AIRFLOW_CTX_DAG_OWNER=coder2j
AIRFLOW_CTX_DAG_ID=dag_with_taskflow_api_v02
AIRFLOW_CTX_TASK_ID=get_name
AIRFLOW_CTX_EXECUTION_DATE=2022-05-17T00:00:00+00:00
AIRFLOW_CTX_DAG_RUN_ID=scheduled__2022-05-17T00:00:00+00:00
[2024-06-24 14:18:04,900] {taskinstance.py:1166} INFO - Marking task as SUCCESS. dag_id=dag_with_taskflow_api_v02, task_id=get_name, execution_date=20220517T000000, start_date=20240624T141803, end_date=20240624T141804
[2024-06-24 14:18:05,080] {taskinstance.py:1220} INFO - 0 downstream tasks scheduled from follow-on schedule check
[2024-06-24 14:18:05,140] {local_task_job.py:146} INFO - Task exited with return code 0
