[2024-08-15 14:46:02,063] {taskinstance.py:851} INFO - Dependencies all met for <TaskInstance: charts_of_account_DAG_2min.call_api 2024-08-15T14:44:00+00:00 [queued]>
[2024-08-15 14:46:02,093] {taskinstance.py:851} INFO - Dependencies all met for <TaskInstance: charts_of_account_DAG_2min.call_api 2024-08-15T14:44:00+00:00 [queued]>
[2024-08-15 14:46:02,095] {taskinstance.py:1042} INFO - 
--------------------------------------------------------------------------------
[2024-08-15 14:46:02,095] {taskinstance.py:1043} INFO - Starting attempt 1 of 2
[2024-08-15 14:46:02,096] {taskinstance.py:1044} INFO - 
--------------------------------------------------------------------------------
[2024-08-15 14:46:02,113] {taskinstance.py:1063} INFO - Executing <Task(PythonOperator): call_api> on 2024-08-15T14:44:00+00:00
[2024-08-15 14:46:02,119] {standard_task_runner.py:52} INFO - Started process 40355 to run task
[2024-08-15 14:46:02,127] {standard_task_runner.py:76} INFO - Running: ['airflow', 'tasks', 'run', 'charts_of_account_DAG_2min', 'call_api', '2024-08-15T14:44:00+00:00', '--job-id', '12984', '--pool', 'default_pool', '--raw', '--subdir', 'DAGS_FOLDER/charts_of_account_dag.py', '--cfg-path', '/tmp/tmpzcsf11nc', '--error-file', '/tmp/tmpj31us7ll']
[2024-08-15 14:46:02,132] {standard_task_runner.py:77} INFO - Job 12984: Subtask call_api
[2024-08-15 14:46:02,220] {logging_mixin.py:104} INFO - Running <TaskInstance: charts_of_account_DAG_2min.call_api 2024-08-15T14:44:00+00:00 [running]> on host 799b1e36e3f1
[2024-08-15 14:46:02,305] {taskinstance.py:1257} INFO - Exporting the following env vars:
AIRFLOW_CTX_DAG_OWNER=airflow
AIRFLOW_CTX_DAG_ID=charts_of_account_DAG_2min
AIRFLOW_CTX_TASK_ID=call_api
AIRFLOW_CTX_EXECUTION_DATE=2024-08-15T14:44:00+00:00
AIRFLOW_CTX_DAG_RUN_ID=scheduled__2024-08-15T14:44:00+00:00
[2024-08-15 14:46:02,964] {logging_mixin.py:104} INFO - API call successful!
[2024-08-15 14:46:02,966] {python.py:118} INFO - Done. Returned value was: None
[2024-08-15 14:46:03,013] {taskinstance.py:1166} INFO - Marking task as SUCCESS. dag_id=charts_of_account_DAG_2min, task_id=call_api, execution_date=20240815T144400, start_date=20240815T144602, end_date=20240815T144603
[2024-08-15 14:46:03,478] {taskinstance.py:1220} INFO - 0 downstream tasks scheduled from follow-on schedule check
[2024-08-15 14:46:03,521] {local_task_job.py:146} INFO - Task exited with return code 0
