[2024-06-24 13:01:43,282] {taskinstance.py:851} INFO - Dependencies all met for <TaskInstance: our_first_dag_v5.second_task 2022-02-01T00:00:00+00:00 [queued]>
[2024-06-24 13:01:43,465] {taskinstance.py:851} INFO - Dependencies all met for <TaskInstance: our_first_dag_v5.second_task 2022-02-01T00:00:00+00:00 [queued]>
[2024-06-24 13:01:43,467] {taskinstance.py:1042} INFO - 
--------------------------------------------------------------------------------
[2024-06-24 13:01:43,475] {taskinstance.py:1043} INFO - Starting attempt 1 of 6
[2024-06-24 13:01:43,480] {taskinstance.py:1044} INFO - 
--------------------------------------------------------------------------------
[2024-06-24 13:01:43,893] {taskinstance.py:1063} INFO - Executing <Task(BashOperator): second_task> on 2022-02-01T00:00:00+00:00
[2024-06-24 13:01:43,960] {standard_task_runner.py:52} INFO - Started process 36587 to run task
[2024-06-24 13:01:43,992] {standard_task_runner.py:76} INFO - Running: ['airflow', 'tasks', 'run', 'our_first_dag_v5', 'second_task', '2022-02-01T00:00:00+00:00', '--job-id', '2720', '--pool', 'default_pool', '--raw', '--subdir', 'DAGS_FOLDER/our_first_dag.py', '--cfg-path', '/tmp/tmpqec5yeo3', '--error-file', '/tmp/tmpqgy6kois']
[2024-06-24 13:01:44,026] {standard_task_runner.py:77} INFO - Job 2720: Subtask second_task
[2024-06-24 13:01:44,567] {logging_mixin.py:104} INFO - Running <TaskInstance: our_first_dag_v5.second_task 2022-02-01T00:00:00+00:00 [running]> on host 799b1e36e3f1
[2024-06-24 13:01:44,992] {taskinstance.py:1257} INFO - Exporting the following env vars:
AIRFLOW_CTX_DAG_OWNER=coder2j
AIRFLOW_CTX_DAG_ID=our_first_dag_v5
AIRFLOW_CTX_TASK_ID=second_task
AIRFLOW_CTX_EXECUTION_DATE=2022-02-01T00:00:00+00:00
AIRFLOW_CTX_DAG_RUN_ID=scheduled__2022-02-01T00:00:00+00:00
[2024-06-24 13:01:45,000] {bash.py:135} INFO - Tmp dir root location: 
 /tmp
[2024-06-24 13:01:45,012] {bash.py:158} INFO - Running command: echo hey, I am task2 and will be running after task1!
[2024-06-24 13:01:45,094] {bash.py:169} INFO - Output:
[2024-06-24 13:01:45,119] {bash.py:173} INFO - hey, I am task2 and will be running after task1!
[2024-06-24 13:01:45,120] {bash.py:177} INFO - Command exited with return code 0
[2024-06-24 13:01:45,457] {taskinstance.py:1166} INFO - Marking task as SUCCESS. dag_id=our_first_dag_v5, task_id=second_task, execution_date=20220201T000000, start_date=20240624T130143, end_date=20240624T130145
[2024-06-24 13:01:45,755] {taskinstance.py:1220} INFO - 0 downstream tasks scheduled from follow-on schedule check
[2024-06-24 13:01:45,803] {local_task_job.py:146} INFO - Task exited with return code 0
