[2024-08-15 00:00:12,988] {taskinstance.py:851} INFO - Dependencies all met for <TaskInstance: dag_with_taskflow_api_v02.get_age 2024-08-14T00:00:00+00:00 [queued]>
[2024-08-15 00:00:13,188] {taskinstance.py:851} INFO - Dependencies all met for <TaskInstance: dag_with_taskflow_api_v02.get_age 2024-08-14T00:00:00+00:00 [queued]>
[2024-08-15 00:00:13,194] {taskinstance.py:1042} INFO - 
--------------------------------------------------------------------------------
[2024-08-15 00:00:13,197] {taskinstance.py:1043} INFO - Starting attempt 1 of 6
[2024-08-15 00:00:13,201] {taskinstance.py:1044} INFO - 
--------------------------------------------------------------------------------
[2024-08-15 00:00:13,281] {taskinstance.py:1063} INFO - Executing <Task(_PythonDecoratedOperator): get_age> on 2024-08-14T00:00:00+00:00
[2024-08-15 00:00:13,387] {standard_task_runner.py:52} INFO - Started process 3758 to run task
[2024-08-15 00:00:13,457] {standard_task_runner.py:76} INFO - Running: ['airflow', 'tasks', 'run', 'dag_with_taskflow_api_v02', 'get_age', '2024-08-14T00:00:00+00:00', '--job-id', '12812', '--pool', 'default_pool', '--raw', '--subdir', 'DAGS_FOLDER/dag_with_taskflow_api.py', '--cfg-path', '/tmp/tmplwnbkjl0', '--error-file', '/tmp/tmpcxarm8fp']
[2024-08-15 00:00:13,565] {standard_task_runner.py:77} INFO - Job 12812: Subtask get_age
[2024-08-15 00:00:14,140] {logging_mixin.py:104} INFO - Running <TaskInstance: dag_with_taskflow_api_v02.get_age 2024-08-14T00:00:00+00:00 [running]> on host 799b1e36e3f1
[2024-08-15 00:00:14,774] {taskinstance.py:1257} INFO - Exporting the following env vars:
AIRFLOW_CTX_DAG_OWNER=coder2j
AIRFLOW_CTX_DAG_ID=dag_with_taskflow_api_v02
AIRFLOW_CTX_TASK_ID=get_age
AIRFLOW_CTX_EXECUTION_DATE=2024-08-14T00:00:00+00:00
AIRFLOW_CTX_DAG_RUN_ID=scheduled__2024-08-14T00:00:00+00:00
[2024-08-15 00:00:15,506] {taskinstance.py:1166} INFO - Marking task as SUCCESS. dag_id=dag_with_taskflow_api_v02, task_id=get_age, execution_date=20240814T000000, start_date=20240815T000013, end_date=20240815T000015
[2024-08-15 00:00:16,007] {taskinstance.py:1220} INFO - 0 downstream tasks scheduled from follow-on schedule check
[2024-08-15 00:00:16,062] {local_task_job.py:146} INFO - Task exited with return code 0
