[2024-06-24 12:52:13,856] {taskinstance.py:851} INFO - Dependencies all met for <TaskInstance: dag_with_cron_expression_v04.task1 2023-08-11T03:00:00+00:00 [queued]>
[2024-06-24 12:52:14,095] {taskinstance.py:851} INFO - Dependencies all met for <TaskInstance: dag_with_cron_expression_v04.task1 2023-08-11T03:00:00+00:00 [queued]>
[2024-06-24 12:52:14,105] {taskinstance.py:1042} INFO - 
--------------------------------------------------------------------------------
[2024-06-24 12:52:14,108] {taskinstance.py:1043} INFO - Starting attempt 1 of 6
[2024-06-24 12:52:14,134] {taskinstance.py:1044} INFO - 
--------------------------------------------------------------------------------
[2024-06-24 12:52:14,287] {taskinstance.py:1063} INFO - Executing <Task(BashOperator): task1> on 2023-08-11T03:00:00+00:00
[2024-06-24 12:52:14,302] {standard_task_runner.py:52} INFO - Started process 27505 to run task
[2024-06-24 12:52:14,334] {standard_task_runner.py:76} INFO - Running: ['airflow', 'tasks', 'run', 'dag_with_cron_expression_v04', 'task1', '2023-08-11T03:00:00+00:00', '--job-id', '518', '--pool', 'default_pool', '--raw', '--subdir', 'DAGS_FOLDER/dag_with_cron_expression.py', '--cfg-path', '/tmp/tmpsfttjgii', '--error-file', '/tmp/tmp0l0rshfj']
[2024-06-24 12:52:14,361] {standard_task_runner.py:77} INFO - Job 518: Subtask task1
[2024-06-24 12:52:14,672] {logging_mixin.py:104} INFO - Running <TaskInstance: dag_with_cron_expression_v04.task1 2023-08-11T03:00:00+00:00 [running]> on host 799b1e36e3f1
[2024-06-24 12:52:15,011] {taskinstance.py:1257} INFO - Exporting the following env vars:
AIRFLOW_CTX_DAG_OWNER=coder2j
AIRFLOW_CTX_DAG_ID=dag_with_cron_expression_v04
AIRFLOW_CTX_TASK_ID=task1
AIRFLOW_CTX_EXECUTION_DATE=2023-08-11T03:00:00+00:00
AIRFLOW_CTX_DAG_RUN_ID=scheduled__2023-08-11T03:00:00+00:00
[2024-06-24 12:52:15,020] {bash.py:135} INFO - Tmp dir root location: 
 /tmp
[2024-06-24 12:52:15,043] {bash.py:158} INFO - Running command: echo dag with cron expression!
[2024-06-24 12:52:15,077] {bash.py:169} INFO - Output:
[2024-06-24 12:52:15,094] {bash.py:173} INFO - dag with cron expression!
[2024-06-24 12:52:15,102] {bash.py:177} INFO - Command exited with return code 0
[2024-06-24 12:52:15,388] {taskinstance.py:1166} INFO - Marking task as SUCCESS. dag_id=dag_with_cron_expression_v04, task_id=task1, execution_date=20230811T030000, start_date=20240624T125213, end_date=20240624T125215
[2024-06-24 12:52:15,632] {taskinstance.py:1220} INFO - 0 downstream tasks scheduled from follow-on schedule check
[2024-06-24 12:52:15,697] {local_task_job.py:146} INFO - Task exited with return code 0
