[2024-08-22 15:34:01,285] {taskinstance.py:851} INFO - Dependencies all met for <TaskInstance: charts_of_account_DAG_2min.call_api 2024-08-22T15:32:00+00:00 [queued]>
[2024-08-22 15:34:01,355] {taskinstance.py:851} INFO - Dependencies all met for <TaskInstance: charts_of_account_DAG_2min.call_api 2024-08-22T15:32:00+00:00 [queued]>
[2024-08-22 15:34:01,357] {taskinstance.py:1042} INFO - 
--------------------------------------------------------------------------------
[2024-08-22 15:34:01,358] {taskinstance.py:1043} INFO - Starting attempt 1 of 2
[2024-08-22 15:34:01,359] {taskinstance.py:1044} INFO - 
--------------------------------------------------------------------------------
[2024-08-22 15:34:01,440] {taskinstance.py:1063} INFO - Executing <Task(PythonOperator): call_api> on 2024-08-22T15:32:00+00:00
[2024-08-22 15:34:01,453] {standard_task_runner.py:52} INFO - Started process 171 to run task
[2024-08-22 15:34:01,463] {standard_task_runner.py:76} INFO - Running: ['airflow', 'tasks', 'run', 'charts_of_account_DAG_2min', 'call_api', '2024-08-22T15:32:00+00:00', '--job-id', '13002', '--pool', 'default_pool', '--raw', '--subdir', 'DAGS_FOLDER/charts_of_account_dag.py', '--cfg-path', '/tmp/tmpry5v52sa', '--error-file', '/tmp/tmpnh44shmf']
[2024-08-22 15:34:01,472] {standard_task_runner.py:77} INFO - Job 13002: Subtask call_api
[2024-08-22 15:34:01,616] {logging_mixin.py:104} INFO - Running <TaskInstance: charts_of_account_DAG_2min.call_api 2024-08-22T15:32:00+00:00 [running]> on host 4c8f195571b6
[2024-08-22 15:34:01,768] {taskinstance.py:1257} INFO - Exporting the following env vars:
AIRFLOW_CTX_DAG_OWNER=airflow
AIRFLOW_CTX_DAG_ID=charts_of_account_DAG_2min
AIRFLOW_CTX_TASK_ID=call_api
AIRFLOW_CTX_EXECUTION_DATE=2024-08-22T15:32:00+00:00
AIRFLOW_CTX_DAG_RUN_ID=scheduled__2024-08-22T15:32:00+00:00
[2024-08-22 15:34:02,286] {logging_mixin.py:104} INFO - API call successful!
[2024-08-22 15:34:02,288] {python.py:118} INFO - Done. Returned value was: None
[2024-08-22 15:34:02,313] {taskinstance.py:1166} INFO - Marking task as SUCCESS. dag_id=charts_of_account_DAG_2min, task_id=call_api, execution_date=20240822T153200, start_date=20240822T153401, end_date=20240822T153402
[2024-08-22 15:34:02,401] {taskinstance.py:1220} INFO - 0 downstream tasks scheduled from follow-on schedule check
[2024-08-22 15:34:02,449] {local_task_job.py:146} INFO - Task exited with return code 0
