[2024-06-24 14:29:06,661] {taskinstance.py:851} INFO - Dependencies all met for <TaskInstance: dag_with_python_dependencies_v03.get_sklearn 2023-03-22T00:00:00+00:00 [queued]>
[2024-06-24 14:29:06,709] {taskinstance.py:851} INFO - Dependencies all met for <TaskInstance: dag_with_python_dependencies_v03.get_sklearn 2023-03-22T00:00:00+00:00 [queued]>
[2024-06-24 14:29:06,713] {taskinstance.py:1042} INFO - 
--------------------------------------------------------------------------------
[2024-06-24 14:29:06,714] {taskinstance.py:1043} INFO - Starting attempt 1 of 1
[2024-06-24 14:29:06,720] {taskinstance.py:1044} INFO - 
--------------------------------------------------------------------------------
[2024-06-24 14:29:06,804] {taskinstance.py:1063} INFO - Executing <Task(PythonOperator): get_sklearn> on 2023-03-22T00:00:00+00:00
[2024-06-24 14:29:06,815] {standard_task_runner.py:52} INFO - Started process 17068 to run task
[2024-06-24 14:29:06,829] {standard_task_runner.py:76} INFO - Running: ['airflow', 'tasks', 'run', 'dag_with_python_dependencies_v03', 'get_sklearn', '2023-03-22T00:00:00+00:00', '--job-id', '7366', '--pool', 'default_pool', '--raw', '--subdir', 'DAGS_FOLDER/dag_with_python_dependencies.py', '--cfg-path', '/tmp/tmpc82u_hfw', '--error-file', '/tmp/tmp7j9hseqc']
[2024-06-24 14:29:06,846] {standard_task_runner.py:77} INFO - Job 7366: Subtask get_sklearn
[2024-06-24 14:29:06,991] {logging_mixin.py:104} INFO - Running <TaskInstance: dag_with_python_dependencies_v03.get_sklearn 2023-03-22T00:00:00+00:00 [running]> on host 799b1e36e3f1
[2024-06-24 14:29:07,262] {taskinstance.py:1257} INFO - Exporting the following env vars:
AIRFLOW_CTX_DAG_OWNER=coder2j
AIRFLOW_CTX_DAG_ID=dag_with_python_dependencies_v03
AIRFLOW_CTX_TASK_ID=get_sklearn
AIRFLOW_CTX_EXECUTION_DATE=2023-03-22T00:00:00+00:00
AIRFLOW_CTX_DAG_RUN_ID=scheduled__2023-03-22T00:00:00+00:00
[2024-06-24 14:29:10,537] {logging_mixin.py:104} INFO - sklearn with version: 0.24.2
[2024-06-24 14:29:10,571] {python.py:118} INFO - Done. Returned value was: None
[2024-06-24 14:29:10,641] {taskinstance.py:1166} INFO - Marking task as SUCCESS. dag_id=dag_with_python_dependencies_v03, task_id=get_sklearn, execution_date=20230322T000000, start_date=20240624T142906, end_date=20240624T142910
[2024-06-24 14:29:10,725] {taskinstance.py:1220} INFO - 1 downstream tasks scheduled from follow-on schedule check
[2024-06-24 14:29:10,757] {local_task_job.py:146} INFO - Task exited with return code 0
