[2024-06-24 14:38:38,128] {taskinstance.py:851} INFO - Dependencies all met for <TaskInstance: our_dag_with_python_operator_v07.get_age 2023-10-14T00:00:00+00:00 [queued]>
[2024-06-24 14:38:38,378] {taskinstance.py:851} INFO - Dependencies all met for <TaskInstance: our_dag_with_python_operator_v07.get_age 2023-10-14T00:00:00+00:00 [queued]>
[2024-06-24 14:38:38,399] {taskinstance.py:1042} INFO - 
--------------------------------------------------------------------------------
[2024-06-24 14:38:38,404] {taskinstance.py:1043} INFO - Starting attempt 1 of 6
[2024-06-24 14:38:38,412] {taskinstance.py:1044} INFO - 
--------------------------------------------------------------------------------
[2024-06-24 14:38:38,659] {taskinstance.py:1063} INFO - Executing <Task(PythonOperator): get_age> on 2023-10-14T00:00:00+00:00
[2024-06-24 14:38:38,759] {standard_task_runner.py:52} INFO - Started process 21882 to run task
[2024-06-24 14:38:38,839] {standard_task_runner.py:76} INFO - Running: ['airflow', 'tasks', 'run', 'our_dag_with_python_operator_v07', 'get_age', '2023-10-14T00:00:00+00:00', '--job-id', '8629', '--pool', 'default_pool', '--raw', '--subdir', 'DAGS_FOLDER/create_dag_with_python_operator.py', '--cfg-path', '/tmp/tmptu464xg1', '--error-file', '/tmp/tmpm5zpq_tz']
[2024-06-24 14:38:38,890] {standard_task_runner.py:77} INFO - Job 8629: Subtask get_age
[2024-06-24 14:38:40,567] {logging_mixin.py:104} INFO - Running <TaskInstance: our_dag_with_python_operator_v07.get_age 2023-10-14T00:00:00+00:00 [running]> on host 799b1e36e3f1
[2024-06-24 14:38:41,901] {taskinstance.py:1257} INFO - Exporting the following env vars:
AIRFLOW_CTX_DAG_OWNER=coder2j
AIRFLOW_CTX_DAG_ID=our_dag_with_python_operator_v07
AIRFLOW_CTX_TASK_ID=get_age
AIRFLOW_CTX_EXECUTION_DATE=2023-10-14T00:00:00+00:00
AIRFLOW_CTX_DAG_RUN_ID=scheduled__2023-10-14T00:00:00+00:00
[2024-06-24 14:38:42,438] {python.py:118} INFO - Done. Returned value was: None
[2024-06-24 14:38:42,693] {taskinstance.py:1166} INFO - Marking task as SUCCESS. dag_id=our_dag_with_python_operator_v07, task_id=get_age, execution_date=20231014T000000, start_date=20240624T143838, end_date=20240624T143842
[2024-06-24 14:38:43,291] {taskinstance.py:1220} INFO - 0 downstream tasks scheduled from follow-on schedule check
[2024-06-24 14:38:43,435] {local_task_job.py:146} INFO - Task exited with return code 0
