[2024-06-24 14:30:05,666] {taskinstance.py:851} INFO - Dependencies all met for <TaskInstance: our_first_dag_v5.first_task 2023-05-15T00:00:00+00:00 [queued]>
[2024-06-24 14:30:05,739] {taskinstance.py:851} INFO - Dependencies all met for <TaskInstance: our_first_dag_v5.first_task 2023-05-15T00:00:00+00:00 [queued]>
[2024-06-24 14:30:05,742] {taskinstance.py:1042} INFO - 
--------------------------------------------------------------------------------
[2024-06-24 14:30:05,742] {taskinstance.py:1043} INFO - Starting attempt 1 of 6
[2024-06-24 14:30:05,744] {taskinstance.py:1044} INFO - 
--------------------------------------------------------------------------------
[2024-06-24 14:30:05,824] {taskinstance.py:1063} INFO - Executing <Task(BashOperator): first_task> on 2023-05-15T00:00:00+00:00
[2024-06-24 14:30:05,845] {standard_task_runner.py:52} INFO - Started process 18666 to run task
[2024-06-24 14:30:05,859] {standard_task_runner.py:76} INFO - Running: ['airflow', 'tasks', 'run', 'our_first_dag_v5', 'first_task', '2023-05-15T00:00:00+00:00', '--job-id', '7779', '--pool', 'default_pool', '--raw', '--subdir', 'DAGS_FOLDER/our_first_dag.py', '--cfg-path', '/tmp/tmpa9a9z07a', '--error-file', '/tmp/tmp9cwzrxoq']
[2024-06-24 14:30:05,868] {standard_task_runner.py:77} INFO - Job 7779: Subtask first_task
[2024-06-24 14:30:06,187] {logging_mixin.py:104} INFO - Running <TaskInstance: our_first_dag_v5.first_task 2023-05-15T00:00:00+00:00 [running]> on host 799b1e36e3f1
[2024-06-24 14:30:06,487] {taskinstance.py:1257} INFO - Exporting the following env vars:
AIRFLOW_CTX_DAG_OWNER=coder2j
AIRFLOW_CTX_DAG_ID=our_first_dag_v5
AIRFLOW_CTX_TASK_ID=first_task
AIRFLOW_CTX_EXECUTION_DATE=2023-05-15T00:00:00+00:00
AIRFLOW_CTX_DAG_RUN_ID=scheduled__2023-05-15T00:00:00+00:00
[2024-06-24 14:30:06,489] {bash.py:135} INFO - Tmp dir root location: 
 /tmp
[2024-06-24 14:30:06,491] {bash.py:158} INFO - Running command: echo hello world, this is the first task!
[2024-06-24 14:30:06,517] {bash.py:169} INFO - Output:
[2024-06-24 14:30:06,524] {bash.py:173} INFO - hello world, this is the first task!
[2024-06-24 14:30:06,526] {bash.py:177} INFO - Command exited with return code 0
[2024-06-24 14:30:06,785] {taskinstance.py:1166} INFO - Marking task as SUCCESS. dag_id=our_first_dag_v5, task_id=first_task, execution_date=20230515T000000, start_date=20240624T143005, end_date=20240624T143006
[2024-06-24 14:30:07,000] {taskinstance.py:1220} INFO - 2 downstream tasks scheduled from follow-on schedule check
[2024-06-24 14:30:07,039] {local_task_job.py:146} INFO - Task exited with return code 0
