[2024-06-24 12:53:36,312] {taskinstance.py:851} INFO - Dependencies all met for <TaskInstance: dag_with_python_dependencies_v03.get_sklearn 2021-11-15T00:00:00+00:00 [queued]>
[2024-06-24 12:53:36,417] {taskinstance.py:851} INFO - Dependencies all met for <TaskInstance: dag_with_python_dependencies_v03.get_sklearn 2021-11-15T00:00:00+00:00 [queued]>
[2024-06-24 12:53:36,430] {taskinstance.py:1042} INFO - 
--------------------------------------------------------------------------------
[2024-06-24 12:53:36,445] {taskinstance.py:1043} INFO - Starting attempt 1 of 1
[2024-06-24 12:53:36,449] {taskinstance.py:1044} INFO - 
--------------------------------------------------------------------------------
[2024-06-24 12:53:36,549] {taskinstance.py:1063} INFO - Executing <Task(PythonOperator): get_sklearn> on 2021-11-15T00:00:00+00:00
[2024-06-24 12:53:36,591] {standard_task_runner.py:52} INFO - Started process 28759 to run task
[2024-06-24 12:53:36,667] {standard_task_runner.py:76} INFO - Running: ['airflow', 'tasks', 'run', 'dag_with_python_dependencies_v03', 'get_sklearn', '2021-11-15T00:00:00+00:00', '--job-id', '818', '--pool', 'default_pool', '--raw', '--subdir', 'DAGS_FOLDER/dag_with_python_dependencies.py', '--cfg-path', '/tmp/tmpi6e6dqz1', '--error-file', '/tmp/tmpau7h38u1']
[2024-06-24 12:53:36,686] {standard_task_runner.py:77} INFO - Job 818: Subtask get_sklearn
[2024-06-24 12:53:37,183] {logging_mixin.py:104} INFO - Running <TaskInstance: dag_with_python_dependencies_v03.get_sklearn 2021-11-15T00:00:00+00:00 [running]> on host 799b1e36e3f1
[2024-06-24 12:53:37,462] {taskinstance.py:1257} INFO - Exporting the following env vars:
AIRFLOW_CTX_DAG_OWNER=coder2j
AIRFLOW_CTX_DAG_ID=dag_with_python_dependencies_v03
AIRFLOW_CTX_TASK_ID=get_sklearn
AIRFLOW_CTX_EXECUTION_DATE=2021-11-15T00:00:00+00:00
AIRFLOW_CTX_DAG_RUN_ID=scheduled__2021-11-15T00:00:00+00:00
[2024-06-24 12:53:43,586] {logging_mixin.py:104} INFO - sklearn with version: 0.24.2
[2024-06-24 12:53:43,589] {python.py:118} INFO - Done. Returned value was: None
[2024-06-24 12:53:43,672] {taskinstance.py:1166} INFO - Marking task as SUCCESS. dag_id=dag_with_python_dependencies_v03, task_id=get_sklearn, execution_date=20211115T000000, start_date=20240624T125336, end_date=20240624T125343
[2024-06-24 12:53:43,884] {taskinstance.py:1220} INFO - 1 downstream tasks scheduled from follow-on schedule check
[2024-06-24 12:53:44,013] {local_task_job.py:146} INFO - Task exited with return code 0
