[2024-06-24 14:23:03,461] {taskinstance.py:851} INFO - Dependencies all met for <TaskInstance: dag_with_taskflow_api_v02.get_name 2022-10-23T00:00:00+00:00 [queued]>
[2024-06-24 14:23:03,503] {taskinstance.py:851} INFO - Dependencies all met for <TaskInstance: dag_with_taskflow_api_v02.get_name 2022-10-23T00:00:00+00:00 [queued]>
[2024-06-24 14:23:03,508] {taskinstance.py:1042} INFO - 
--------------------------------------------------------------------------------
[2024-06-24 14:23:03,510] {taskinstance.py:1043} INFO - Starting attempt 1 of 6
[2024-06-24 14:23:03,512] {taskinstance.py:1044} INFO - 
--------------------------------------------------------------------------------
[2024-06-24 14:23:03,590] {taskinstance.py:1063} INFO - Executing <Task(_PythonDecoratedOperator): get_name> on 2022-10-23T00:00:00+00:00
[2024-06-24 14:23:03,607] {standard_task_runner.py:52} INFO - Started process 7337 to run task
[2024-06-24 14:23:03,636] {standard_task_runner.py:76} INFO - Running: ['airflow', 'tasks', 'run', 'dag_with_taskflow_api_v02', 'get_name', '2022-10-23T00:00:00+00:00', '--job-id', '4728', '--pool', 'default_pool', '--raw', '--subdir', 'DAGS_FOLDER/dag_with_taskflow_api.py', '--cfg-path', '/tmp/tmp4y2fqeq_', '--error-file', '/tmp/tmp4q8h4ygo']
[2024-06-24 14:23:03,647] {standard_task_runner.py:77} INFO - Job 4728: Subtask get_name
[2024-06-24 14:23:03,875] {logging_mixin.py:104} INFO - Running <TaskInstance: dag_with_taskflow_api_v02.get_name 2022-10-23T00:00:00+00:00 [running]> on host 799b1e36e3f1
[2024-06-24 14:23:04,107] {taskinstance.py:1257} INFO - Exporting the following env vars:
AIRFLOW_CTX_DAG_OWNER=coder2j
AIRFLOW_CTX_DAG_ID=dag_with_taskflow_api_v02
AIRFLOW_CTX_TASK_ID=get_name
AIRFLOW_CTX_EXECUTION_DATE=2022-10-23T00:00:00+00:00
AIRFLOW_CTX_DAG_RUN_ID=scheduled__2022-10-23T00:00:00+00:00
[2024-06-24 14:23:04,408] {taskinstance.py:1166} INFO - Marking task as SUCCESS. dag_id=dag_with_taskflow_api_v02, task_id=get_name, execution_date=20221023T000000, start_date=20240624T142303, end_date=20240624T142304
[2024-06-24 14:23:04,556] {taskinstance.py:1220} INFO - 0 downstream tasks scheduled from follow-on schedule check
[2024-06-24 14:23:04,601] {local_task_job.py:146} INFO - Task exited with return code 0
