[2024-06-24 12:54:22,967] {taskinstance.py:851} INFO - Dependencies all met for <TaskInstance: dag_with_taskflow_api_v02.greet 2021-11-26T00:00:00+00:00 [queued]>
[2024-06-24 12:54:23,129] {taskinstance.py:851} INFO - Dependencies all met for <TaskInstance: dag_with_taskflow_api_v02.greet 2021-11-26T00:00:00+00:00 [queued]>
[2024-06-24 12:54:23,142] {taskinstance.py:1042} INFO - 
--------------------------------------------------------------------------------
[2024-06-24 12:54:23,142] {taskinstance.py:1043} INFO - Starting attempt 1 of 6
[2024-06-24 12:54:23,144] {taskinstance.py:1044} INFO - 
--------------------------------------------------------------------------------
[2024-06-24 12:54:23,247] {taskinstance.py:1063} INFO - Executing <Task(_PythonDecoratedOperator): greet> on 2021-11-26T00:00:00+00:00
[2024-06-24 12:54:23,271] {standard_task_runner.py:52} INFO - Started process 29514 to run task
[2024-06-24 12:54:23,308] {standard_task_runner.py:76} INFO - Running: ['airflow', 'tasks', 'run', 'dag_with_taskflow_api_v02', 'greet', '2021-11-26T00:00:00+00:00', '--job-id', '993', '--pool', 'default_pool', '--raw', '--subdir', 'DAGS_FOLDER/dag_with_taskflow_api.py', '--cfg-path', '/tmp/tmp8dqt775u', '--error-file', '/tmp/tmp_rgbx88p']
[2024-06-24 12:54:23,330] {standard_task_runner.py:77} INFO - Job 993: Subtask greet
[2024-06-24 12:54:23,779] {logging_mixin.py:104} INFO - Running <TaskInstance: dag_with_taskflow_api_v02.greet 2021-11-26T00:00:00+00:00 [running]> on host 799b1e36e3f1
[2024-06-24 12:54:24,683] {taskinstance.py:1257} INFO - Exporting the following env vars:
AIRFLOW_CTX_DAG_OWNER=coder2j
AIRFLOW_CTX_DAG_ID=dag_with_taskflow_api_v02
AIRFLOW_CTX_TASK_ID=greet
AIRFLOW_CTX_EXECUTION_DATE=2021-11-26T00:00:00+00:00
AIRFLOW_CTX_DAG_RUN_ID=scheduled__2021-11-26T00:00:00+00:00
[2024-06-24 12:54:24,685] {logging_mixin.py:104} INFO - Hello World! My name is Jerry Fridman and I am 19 years old!
[2024-06-24 12:54:24,881] {taskinstance.py:1166} INFO - Marking task as SUCCESS. dag_id=dag_with_taskflow_api_v02, task_id=greet, execution_date=20211126T000000, start_date=20240624T125422, end_date=20240624T125424
[2024-06-24 12:54:25,165] {taskinstance.py:1220} INFO - 0 downstream tasks scheduled from follow-on schedule check
[2024-06-24 12:54:25,196] {local_task_job.py:146} INFO - Task exited with return code 0
