[2024-06-24 14:19:55,818] {taskinstance.py:851} INFO - Dependencies all met for <TaskInstance: dag_with_taskflow_api_v02.get_name 2022-07-09T00:00:00+00:00 [queued]>
[2024-06-24 14:19:55,869] {taskinstance.py:851} INFO - Dependencies all met for <TaskInstance: dag_with_taskflow_api_v02.get_name 2022-07-09T00:00:00+00:00 [queued]>
[2024-06-24 14:19:55,870] {taskinstance.py:1042} INFO - 
--------------------------------------------------------------------------------
[2024-06-24 14:19:55,871] {taskinstance.py:1043} INFO - Starting attempt 1 of 6
[2024-06-24 14:19:55,893] {taskinstance.py:1044} INFO - 
--------------------------------------------------------------------------------
[2024-06-24 14:19:55,972] {taskinstance.py:1063} INFO - Executing <Task(_PythonDecoratedOperator): get_name> on 2022-07-09T00:00:00+00:00
[2024-06-24 14:19:55,983] {standard_task_runner.py:52} INFO - Started process 3073 to run task
[2024-06-24 14:19:55,997] {standard_task_runner.py:76} INFO - Running: ['airflow', 'tasks', 'run', 'dag_with_taskflow_api_v02', 'get_name', '2022-07-09T00:00:00+00:00', '--job-id', '3621', '--pool', 'default_pool', '--raw', '--subdir', 'DAGS_FOLDER/dag_with_taskflow_api.py', '--cfg-path', '/tmp/tmpm_oeutcv', '--error-file', '/tmp/tmpayae2bby']
[2024-06-24 14:19:56,006] {standard_task_runner.py:77} INFO - Job 3621: Subtask get_name
[2024-06-24 14:19:56,179] {logging_mixin.py:104} INFO - Running <TaskInstance: dag_with_taskflow_api_v02.get_name 2022-07-09T00:00:00+00:00 [running]> on host 799b1e36e3f1
[2024-06-24 14:19:56,453] {taskinstance.py:1257} INFO - Exporting the following env vars:
AIRFLOW_CTX_DAG_OWNER=coder2j
AIRFLOW_CTX_DAG_ID=dag_with_taskflow_api_v02
AIRFLOW_CTX_TASK_ID=get_name
AIRFLOW_CTX_EXECUTION_DATE=2022-07-09T00:00:00+00:00
AIRFLOW_CTX_DAG_RUN_ID=scheduled__2022-07-09T00:00:00+00:00
[2024-06-24 14:19:56,668] {taskinstance.py:1166} INFO - Marking task as SUCCESS. dag_id=dag_with_taskflow_api_v02, task_id=get_name, execution_date=20220709T000000, start_date=20240624T141955, end_date=20240624T141956
[2024-06-24 14:19:57,106] {taskinstance.py:1220} INFO - 0 downstream tasks scheduled from follow-on schedule check
[2024-06-24 14:19:57,163] {local_task_job.py:146} INFO - Task exited with return code 0
