[2024-06-24 14:31:11,135] {taskinstance.py:851} INFO - Dependencies all met for <TaskInstance: our_dag_with_python_operator_v07.greet 2023-08-21T00:00:00+00:00 [queued]>
[2024-06-24 14:31:11,284] {taskinstance.py:851} INFO - Dependencies all met for <TaskInstance: our_dag_with_python_operator_v07.greet 2023-08-21T00:00:00+00:00 [queued]>
[2024-06-24 14:31:11,288] {taskinstance.py:1042} INFO - 
--------------------------------------------------------------------------------
[2024-06-24 14:31:11,290] {taskinstance.py:1043} INFO - Starting attempt 1 of 6
[2024-06-24 14:31:11,294] {taskinstance.py:1044} INFO - 
--------------------------------------------------------------------------------
[2024-06-24 14:31:11,395] {taskinstance.py:1063} INFO - Executing <Task(PythonOperator): greet> on 2023-08-21T00:00:00+00:00
[2024-06-24 14:31:11,409] {standard_task_runner.py:52} INFO - Started process 20462 to run task
[2024-06-24 14:31:11,417] {standard_task_runner.py:76} INFO - Running: ['airflow', 'tasks', 'run', 'our_dag_with_python_operator_v07', 'greet', '2023-08-21T00:00:00+00:00', '--job-id', '8268', '--pool', 'default_pool', '--raw', '--subdir', 'DAGS_FOLDER/create_dag_with_python_operator.py', '--cfg-path', '/tmp/tmpddr0usk2', '--error-file', '/tmp/tmp74ah3iz4']
[2024-06-24 14:31:11,443] {standard_task_runner.py:77} INFO - Job 8268: Subtask greet
[2024-06-24 14:31:11,640] {logging_mixin.py:104} INFO - Running <TaskInstance: our_dag_with_python_operator_v07.greet 2023-08-21T00:00:00+00:00 [running]> on host 799b1e36e3f1
[2024-06-24 14:31:11,976] {taskinstance.py:1257} INFO - Exporting the following env vars:
AIRFLOW_CTX_DAG_OWNER=coder2j
AIRFLOW_CTX_DAG_ID=our_dag_with_python_operator_v07
AIRFLOW_CTX_TASK_ID=greet
AIRFLOW_CTX_EXECUTION_DATE=2023-08-21T00:00:00+00:00
AIRFLOW_CTX_DAG_RUN_ID=scheduled__2023-08-21T00:00:00+00:00
[2024-06-24 14:31:12,023] {logging_mixin.py:104} INFO - some dict:  {'a': 1, 'b': 2}
[2024-06-24 14:31:12,260] {logging_mixin.py:104} INFO - Hello World! My name is Jerry Fridman, and I am 19 years old!
[2024-06-24 14:31:12,261] {python.py:118} INFO - Done. Returned value was: None
[2024-06-24 14:31:12,309] {taskinstance.py:1166} INFO - Marking task as SUCCESS. dag_id=our_dag_with_python_operator_v07, task_id=greet, execution_date=20230821T000000, start_date=20240624T143111, end_date=20240624T143112
[2024-06-24 14:31:12,525] {taskinstance.py:1220} INFO - 0 downstream tasks scheduled from follow-on schedule check
[2024-06-24 14:31:12,551] {local_task_job.py:146} INFO - Task exited with return code 0
