[2024-06-24 12:56:11,843] {taskinstance.py:851} INFO - Dependencies all met for <TaskInstance: dag_with_taskflow_api_v02.greet 2022-01-09T00:00:00+00:00 [queued]>
[2024-06-24 12:56:12,055] {taskinstance.py:851} INFO - Dependencies all met for <TaskInstance: dag_with_taskflow_api_v02.greet 2022-01-09T00:00:00+00:00 [queued]>
[2024-06-24 12:56:12,111] {taskinstance.py:1042} INFO - 
--------------------------------------------------------------------------------
[2024-06-24 12:56:12,121] {taskinstance.py:1043} INFO - Starting attempt 1 of 6
[2024-06-24 12:56:12,122] {taskinstance.py:1044} INFO - 
--------------------------------------------------------------------------------
[2024-06-24 12:56:12,174] {taskinstance.py:1063} INFO - Executing <Task(_PythonDecoratedOperator): greet> on 2022-01-09T00:00:00+00:00
[2024-06-24 12:56:12,208] {standard_task_runner.py:52} INFO - Started process 31357 to run task
[2024-06-24 12:56:12,224] {standard_task_runner.py:76} INFO - Running: ['airflow', 'tasks', 'run', 'dag_with_taskflow_api_v02', 'greet', '2022-01-09T00:00:00+00:00', '--job-id', '1448', '--pool', 'default_pool', '--raw', '--subdir', 'DAGS_FOLDER/dag_with_taskflow_api.py', '--cfg-path', '/tmp/tmp70q2by_s', '--error-file', '/tmp/tmpomkqvmya']
[2024-06-24 12:56:12,246] {standard_task_runner.py:77} INFO - Job 1448: Subtask greet
[2024-06-24 12:56:12,750] {logging_mixin.py:104} INFO - Running <TaskInstance: dag_with_taskflow_api_v02.greet 2022-01-09T00:00:00+00:00 [running]> on host 799b1e36e3f1
[2024-06-24 12:56:13,227] {taskinstance.py:1257} INFO - Exporting the following env vars:
AIRFLOW_CTX_DAG_OWNER=coder2j
AIRFLOW_CTX_DAG_ID=dag_with_taskflow_api_v02
AIRFLOW_CTX_TASK_ID=greet
AIRFLOW_CTX_EXECUTION_DATE=2022-01-09T00:00:00+00:00
AIRFLOW_CTX_DAG_RUN_ID=scheduled__2022-01-09T00:00:00+00:00
[2024-06-24 12:56:13,241] {logging_mixin.py:104} INFO - Hello World! My name is Jerry Fridman and I am 19 years old!
[2024-06-24 12:56:13,329] {taskinstance.py:1166} INFO - Marking task as SUCCESS. dag_id=dag_with_taskflow_api_v02, task_id=greet, execution_date=20220109T000000, start_date=20240624T125611, end_date=20240624T125613
[2024-06-24 12:56:13,479] {taskinstance.py:1220} INFO - 0 downstream tasks scheduled from follow-on schedule check
[2024-06-24 12:56:13,548] {local_task_job.py:146} INFO - Task exited with return code 0
