[2024-06-24 14:27:49,731] {taskinstance.py:851} INFO - Dependencies all met for <TaskInstance: dag_with_taskflow_api_v02.get_name 2023-04-29T00:00:00+00:00 [queued]>
[2024-06-24 14:27:49,791] {taskinstance.py:851} INFO - Dependencies all met for <TaskInstance: dag_with_taskflow_api_v02.get_name 2023-04-29T00:00:00+00:00 [queued]>
[2024-06-24 14:27:49,793] {taskinstance.py:1042} INFO - 
--------------------------------------------------------------------------------
[2024-06-24 14:27:49,794] {taskinstance.py:1043} INFO - Starting attempt 1 of 6
[2024-06-24 14:27:49,796] {taskinstance.py:1044} INFO - 
--------------------------------------------------------------------------------
[2024-06-24 14:27:49,920] {taskinstance.py:1063} INFO - Executing <Task(_PythonDecoratedOperator): get_name> on 2023-04-29T00:00:00+00:00
[2024-06-24 14:27:49,963] {standard_task_runner.py:52} INFO - Started process 15066 to run task
[2024-06-24 14:27:50,004] {standard_task_runner.py:76} INFO - Running: ['airflow', 'tasks', 'run', 'dag_with_taskflow_api_v02', 'get_name', '2023-04-29T00:00:00+00:00', '--job-id', '6809', '--pool', 'default_pool', '--raw', '--subdir', 'DAGS_FOLDER/dag_with_taskflow_api.py', '--cfg-path', '/tmp/tmpcq3ozq5u', '--error-file', '/tmp/tmpxsipl3lk']
[2024-06-24 14:27:50,010] {standard_task_runner.py:77} INFO - Job 6809: Subtask get_name
[2024-06-24 14:27:50,335] {logging_mixin.py:104} INFO - Running <TaskInstance: dag_with_taskflow_api_v02.get_name 2023-04-29T00:00:00+00:00 [running]> on host 799b1e36e3f1
[2024-06-24 14:27:50,490] {taskinstance.py:1257} INFO - Exporting the following env vars:
AIRFLOW_CTX_DAG_OWNER=coder2j
AIRFLOW_CTX_DAG_ID=dag_with_taskflow_api_v02
AIRFLOW_CTX_TASK_ID=get_name
AIRFLOW_CTX_EXECUTION_DATE=2023-04-29T00:00:00+00:00
AIRFLOW_CTX_DAG_RUN_ID=scheduled__2023-04-29T00:00:00+00:00
[2024-06-24 14:27:50,866] {taskinstance.py:1166} INFO - Marking task as SUCCESS. dag_id=dag_with_taskflow_api_v02, task_id=get_name, execution_date=20230429T000000, start_date=20240624T142749, end_date=20240624T142750
[2024-06-24 14:27:50,975] {taskinstance.py:1220} INFO - 0 downstream tasks scheduled from follow-on schedule check
[2024-06-24 14:27:51,042] {local_task_job.py:146} INFO - Task exited with return code 0
