[2024-06-24 12:56:42,760] {taskinstance.py:851} INFO - Dependencies all met for <TaskInstance: our_first_dag_v5.first_task 2021-11-02T00:00:00+00:00 [queued]>
[2024-06-24 12:56:42,885] {taskinstance.py:851} INFO - Dependencies all met for <TaskInstance: our_first_dag_v5.first_task 2021-11-02T00:00:00+00:00 [queued]>
[2024-06-24 12:56:42,913] {taskinstance.py:1042} INFO - 
--------------------------------------------------------------------------------
[2024-06-24 12:56:42,922] {taskinstance.py:1043} INFO - Starting attempt 1 of 6
[2024-06-24 12:56:42,928] {taskinstance.py:1044} INFO - 
--------------------------------------------------------------------------------
[2024-06-24 12:56:43,132] {taskinstance.py:1063} INFO - Executing <Task(BashOperator): first_task> on 2021-11-02T00:00:00+00:00
[2024-06-24 12:56:43,163] {standard_task_runner.py:52} INFO - Started process 31873 to run task
[2024-06-24 12:56:43,216] {standard_task_runner.py:76} INFO - Running: ['airflow', 'tasks', 'run', 'our_first_dag_v5', 'first_task', '2021-11-02T00:00:00+00:00', '--job-id', '1566', '--pool', 'default_pool', '--raw', '--subdir', 'DAGS_FOLDER/our_first_dag.py', '--cfg-path', '/tmp/tmpu2tiyg4i', '--error-file', '/tmp/tmpcjy2ohdk']
[2024-06-24 12:56:43,305] {standard_task_runner.py:77} INFO - Job 1566: Subtask first_task
[2024-06-24 12:56:43,702] {logging_mixin.py:104} INFO - Running <TaskInstance: our_first_dag_v5.first_task 2021-11-02T00:00:00+00:00 [running]> on host 799b1e36e3f1
[2024-06-24 12:56:43,992] {taskinstance.py:1257} INFO - Exporting the following env vars:
AIRFLOW_CTX_DAG_OWNER=coder2j
AIRFLOW_CTX_DAG_ID=our_first_dag_v5
AIRFLOW_CTX_TASK_ID=first_task
AIRFLOW_CTX_EXECUTION_DATE=2021-11-02T00:00:00+00:00
AIRFLOW_CTX_DAG_RUN_ID=scheduled__2021-11-02T00:00:00+00:00
[2024-06-24 12:56:43,995] {bash.py:135} INFO - Tmp dir root location: 
 /tmp
[2024-06-24 12:56:44,001] {bash.py:158} INFO - Running command: echo hello world, this is the first task!
[2024-06-24 12:56:44,066] {bash.py:169} INFO - Output:
[2024-06-24 12:56:44,071] {bash.py:173} INFO - hello world, this is the first task!
[2024-06-24 12:56:44,073] {bash.py:177} INFO - Command exited with return code 0
[2024-06-24 12:56:44,329] {taskinstance.py:1166} INFO - Marking task as SUCCESS. dag_id=our_first_dag_v5, task_id=first_task, execution_date=20211102T000000, start_date=20240624T125642, end_date=20240624T125644
[2024-06-24 12:56:44,533] {taskinstance.py:1220} INFO - 2 downstream tasks scheduled from follow-on schedule check
[2024-06-24 12:56:44,608] {local_task_job.py:146} INFO - Task exited with return code 0
