[2024-07-23 11:11:15,381] {taskinstance.py:851} INFO - Dependencies all met for <TaskInstance: our_dag_with_python_operator_v07.get_age 2024-07-18T00:00:00+00:00 [queued]>
[2024-07-23 11:11:15,452] {taskinstance.py:851} INFO - Dependencies all met for <TaskInstance: our_dag_with_python_operator_v07.get_age 2024-07-18T00:00:00+00:00 [queued]>
[2024-07-23 11:11:15,466] {taskinstance.py:1042} INFO - 
--------------------------------------------------------------------------------
[2024-07-23 11:11:15,468] {taskinstance.py:1043} INFO - Starting attempt 1 of 6
[2024-07-23 11:11:15,471] {taskinstance.py:1044} INFO - 
--------------------------------------------------------------------------------
[2024-07-23 11:11:15,553] {taskinstance.py:1063} INFO - Executing <Task(PythonOperator): get_age> on 2024-07-18T00:00:00+00:00
[2024-07-23 11:11:15,601] {standard_task_runner.py:52} INFO - Started process 214 to run task
[2024-07-23 11:11:15,621] {standard_task_runner.py:76} INFO - Running: ['airflow', 'tasks', 'run', 'our_dag_with_python_operator_v07', 'get_age', '2024-07-18T00:00:00+00:00', '--job-id', '12461', '--pool', 'default_pool', '--raw', '--subdir', 'DAGS_FOLDER/create_dag_with_python_operator.py', '--cfg-path', '/tmp/tmp9aw__oq9', '--error-file', '/tmp/tmp6dayhjey']
[2024-07-23 11:11:15,636] {standard_task_runner.py:77} INFO - Job 12461: Subtask get_age
[2024-07-23 11:11:15,957] {logging_mixin.py:104} INFO - Running <TaskInstance: our_dag_with_python_operator_v07.get_age 2024-07-18T00:00:00+00:00 [running]> on host 799b1e36e3f1
[2024-07-23 11:11:16,388] {taskinstance.py:1257} INFO - Exporting the following env vars:
AIRFLOW_CTX_DAG_OWNER=coder2j
AIRFLOW_CTX_DAG_ID=our_dag_with_python_operator_v07
AIRFLOW_CTX_TASK_ID=get_age
AIRFLOW_CTX_EXECUTION_DATE=2024-07-18T00:00:00+00:00
AIRFLOW_CTX_DAG_RUN_ID=scheduled__2024-07-18T00:00:00+00:00
[2024-07-23 11:11:16,481] {python.py:118} INFO - Done. Returned value was: None
[2024-07-23 11:11:16,563] {taskinstance.py:1166} INFO - Marking task as SUCCESS. dag_id=our_dag_with_python_operator_v07, task_id=get_age, execution_date=20240718T000000, start_date=20240723T111115, end_date=20240723T111116
[2024-07-23 11:11:17,098] {taskinstance.py:1220} INFO - 0 downstream tasks scheduled from follow-on schedule check
[2024-07-23 11:11:17,168] {local_task_job.py:146} INFO - Task exited with return code 0
