[2024-06-24 14:27:57,983] {taskinstance.py:851} INFO - Dependencies all met for <TaskInstance: our_dag_with_python_operator_v07.get_age 2023-05-06T00:00:00+00:00 [queued]>
[2024-06-24 14:27:58,036] {taskinstance.py:851} INFO - Dependencies all met for <TaskInstance: our_dag_with_python_operator_v07.get_age 2023-05-06T00:00:00+00:00 [queued]>
[2024-06-24 14:27:58,040] {taskinstance.py:1042} INFO - 
--------------------------------------------------------------------------------
[2024-06-24 14:27:58,042] {taskinstance.py:1043} INFO - Starting attempt 1 of 6
[2024-06-24 14:27:58,043] {taskinstance.py:1044} INFO - 
--------------------------------------------------------------------------------
[2024-06-24 14:27:58,102] {taskinstance.py:1063} INFO - Executing <Task(PythonOperator): get_age> on 2023-05-06T00:00:00+00:00
[2024-06-24 14:27:58,117] {standard_task_runner.py:52} INFO - Started process 15303 to run task
[2024-06-24 14:27:58,144] {standard_task_runner.py:76} INFO - Running: ['airflow', 'tasks', 'run', 'our_dag_with_python_operator_v07', 'get_age', '2023-05-06T00:00:00+00:00', '--job-id', '6860', '--pool', 'default_pool', '--raw', '--subdir', 'DAGS_FOLDER/create_dag_with_python_operator.py', '--cfg-path', '/tmp/tmp28j_0gp4', '--error-file', '/tmp/tmpki_3agqy']
[2024-06-24 14:27:58,186] {standard_task_runner.py:77} INFO - Job 6860: Subtask get_age
[2024-06-24 14:27:58,489] {logging_mixin.py:104} INFO - Running <TaskInstance: our_dag_with_python_operator_v07.get_age 2023-05-06T00:00:00+00:00 [running]> on host 799b1e36e3f1
[2024-06-24 14:27:58,761] {taskinstance.py:1257} INFO - Exporting the following env vars:
AIRFLOW_CTX_DAG_OWNER=coder2j
AIRFLOW_CTX_DAG_ID=our_dag_with_python_operator_v07
AIRFLOW_CTX_TASK_ID=get_age
AIRFLOW_CTX_EXECUTION_DATE=2023-05-06T00:00:00+00:00
AIRFLOW_CTX_DAG_RUN_ID=scheduled__2023-05-06T00:00:00+00:00
[2024-06-24 14:27:58,915] {python.py:118} INFO - Done. Returned value was: None
[2024-06-24 14:27:58,945] {taskinstance.py:1166} INFO - Marking task as SUCCESS. dag_id=our_dag_with_python_operator_v07, task_id=get_age, execution_date=20230506T000000, start_date=20240624T142758, end_date=20240624T142758
[2024-06-24 14:27:59,243] {taskinstance.py:1220} INFO - 0 downstream tasks scheduled from follow-on schedule check
[2024-06-24 14:27:59,331] {local_task_job.py:146} INFO - Task exited with return code 0
