[2024-06-24 14:55:06,679] {taskinstance.py:851} INFO - Dependencies all met for <TaskInstance: dag_with_taskflow_api_v02.get_name 2024-01-05T00:00:00+00:00 [queued]>
[2024-06-24 14:55:06,970] {taskinstance.py:851} INFO - Dependencies all met for <TaskInstance: dag_with_taskflow_api_v02.get_name 2024-01-05T00:00:00+00:00 [queued]>
[2024-06-24 14:55:06,974] {taskinstance.py:1042} INFO - 
--------------------------------------------------------------------------------
[2024-06-24 14:55:06,989] {taskinstance.py:1043} INFO - Starting attempt 1 of 6
[2024-06-24 14:55:07,016] {taskinstance.py:1044} INFO - 
--------------------------------------------------------------------------------
[2024-06-24 14:55:07,403] {taskinstance.py:1063} INFO - Executing <Task(_PythonDecoratedOperator): get_name> on 2024-01-05T00:00:00+00:00
[2024-06-24 14:55:07,585] {standard_task_runner.py:52} INFO - Started process 26992 to run task
[2024-06-24 14:55:07,893] {standard_task_runner.py:76} INFO - Running: ['airflow', 'tasks', 'run', 'dag_with_taskflow_api_v02', 'get_name', '2024-01-05T00:00:00+00:00', '--job-id', '9795', '--pool', 'default_pool', '--raw', '--subdir', 'DAGS_FOLDER/dag_with_taskflow_api.py', '--cfg-path', '/tmp/tmpv5bo4j1k', '--error-file', '/tmp/tmpqpixah72']
[2024-06-24 14:55:07,982] {standard_task_runner.py:77} INFO - Job 9795: Subtask get_name
[2024-06-24 14:55:08,868] {logging_mixin.py:104} INFO - Running <TaskInstance: dag_with_taskflow_api_v02.get_name 2024-01-05T00:00:00+00:00 [running]> on host 799b1e36e3f1
[2024-06-24 14:55:10,167] {taskinstance.py:1257} INFO - Exporting the following env vars:
AIRFLOW_CTX_DAG_OWNER=coder2j
AIRFLOW_CTX_DAG_ID=dag_with_taskflow_api_v02
AIRFLOW_CTX_TASK_ID=get_name
AIRFLOW_CTX_EXECUTION_DATE=2024-01-05T00:00:00+00:00
AIRFLOW_CTX_DAG_RUN_ID=scheduled__2024-01-05T00:00:00+00:00
[2024-06-24 14:55:11,164] {taskinstance.py:1166} INFO - Marking task as SUCCESS. dag_id=dag_with_taskflow_api_v02, task_id=get_name, execution_date=20240105T000000, start_date=20240624T145506, end_date=20240624T145511
[2024-06-24 14:55:11,939] {taskinstance.py:1220} INFO - 0 downstream tasks scheduled from follow-on schedule check
[2024-06-24 14:55:12,050] {local_task_job.py:146} INFO - Task exited with return code 0
