[2024-06-24 15:06:41,362] {taskinstance.py:851} INFO - Dependencies all met for <TaskInstance: our_first_dag_v5.first_task 2024-06-21T00:00:00+00:00 [queued]>
[2024-06-24 15:06:41,417] {taskinstance.py:851} INFO - Dependencies all met for <TaskInstance: our_first_dag_v5.first_task 2024-06-21T00:00:00+00:00 [queued]>
[2024-06-24 15:06:41,418] {taskinstance.py:1042} INFO - 
--------------------------------------------------------------------------------
[2024-06-24 15:06:41,419] {taskinstance.py:1043} INFO - Starting attempt 1 of 6
[2024-06-24 15:06:41,419] {taskinstance.py:1044} INFO - 
--------------------------------------------------------------------------------
[2024-06-24 15:06:41,480] {taskinstance.py:1063} INFO - Executing <Task(BashOperator): first_task> on 2024-06-21T00:00:00+00:00
[2024-06-24 15:06:41,500] {standard_task_runner.py:52} INFO - Started process 35678 to run task
[2024-06-24 15:06:41,529] {standard_task_runner.py:76} INFO - Running: ['airflow', 'tasks', 'run', 'our_first_dag_v5', 'first_task', '2024-06-21T00:00:00+00:00', '--job-id', '11952', '--pool', 'default_pool', '--raw', '--subdir', 'DAGS_FOLDER/our_first_dag.py', '--cfg-path', '/tmp/tmprp26eldp', '--error-file', '/tmp/tmpd3bxit37']
[2024-06-24 15:06:41,552] {standard_task_runner.py:77} INFO - Job 11952: Subtask first_task
[2024-06-24 15:06:41,779] {logging_mixin.py:104} INFO - Running <TaskInstance: our_first_dag_v5.first_task 2024-06-21T00:00:00+00:00 [running]> on host 799b1e36e3f1
[2024-06-24 15:06:42,062] {taskinstance.py:1257} INFO - Exporting the following env vars:
AIRFLOW_CTX_DAG_OWNER=coder2j
AIRFLOW_CTX_DAG_ID=our_first_dag_v5
AIRFLOW_CTX_TASK_ID=first_task
AIRFLOW_CTX_EXECUTION_DATE=2024-06-21T00:00:00+00:00
AIRFLOW_CTX_DAG_RUN_ID=scheduled__2024-06-21T00:00:00+00:00
[2024-06-24 15:06:42,066] {bash.py:135} INFO - Tmp dir root location: 
 /tmp
[2024-06-24 15:06:42,071] {bash.py:158} INFO - Running command: echo hello world, this is the first task!
[2024-06-24 15:06:42,101] {bash.py:169} INFO - Output:
[2024-06-24 15:06:42,108] {bash.py:173} INFO - hello world, this is the first task!
[2024-06-24 15:06:42,109] {bash.py:177} INFO - Command exited with return code 0
[2024-06-24 15:06:42,229] {taskinstance.py:1166} INFO - Marking task as SUCCESS. dag_id=our_first_dag_v5, task_id=first_task, execution_date=20240621T000000, start_date=20240624T150641, end_date=20240624T150642
[2024-06-24 15:06:42,338] {taskinstance.py:1220} INFO - 2 downstream tasks scheduled from follow-on schedule check
[2024-06-24 15:06:42,403] {local_task_job.py:146} INFO - Task exited with return code 0
