[2024-06-24 12:49:37,450] {taskinstance.py:851} INFO - Dependencies all met for <TaskInstance: dag_with_taskflow_api_v02.greet 2024-06-24T11:10:31.338859+00:00 [queued]>
[2024-06-24 12:49:37,479] {taskinstance.py:851} INFO - Dependencies all met for <TaskInstance: dag_with_taskflow_api_v02.greet 2024-06-24T11:10:31.338859+00:00 [queued]>
[2024-06-24 12:49:37,481] {taskinstance.py:1042} INFO - 
--------------------------------------------------------------------------------
[2024-06-24 12:49:37,484] {taskinstance.py:1043} INFO - Starting attempt 1 of 6
[2024-06-24 12:49:37,486] {taskinstance.py:1044} INFO - 
--------------------------------------------------------------------------------
[2024-06-24 12:49:37,521] {taskinstance.py:1063} INFO - Executing <Task(_PythonDecoratedOperator): greet> on 2024-06-24T11:10:31.338859+00:00
[2024-06-24 12:49:37,532] {standard_task_runner.py:52} INFO - Started process 25478 to run task
[2024-06-24 12:49:37,541] {standard_task_runner.py:76} INFO - Running: ['airflow', 'tasks', 'run', 'dag_with_taskflow_api_v02', 'greet', '2024-06-24T11:10:31.338859+00:00', '--job-id', '61', '--pool', 'default_pool', '--raw', '--subdir', 'DAGS_FOLDER/dag_with_taskflow_api.py', '--cfg-path', '/tmp/tmp43_q6t4z', '--error-file', '/tmp/tmpoutsm_b_']
[2024-06-24 12:49:37,548] {standard_task_runner.py:77} INFO - Job 61: Subtask greet
[2024-06-24 12:49:37,685] {logging_mixin.py:104} INFO - Running <TaskInstance: dag_with_taskflow_api_v02.greet 2024-06-24T11:10:31.338859+00:00 [running]> on host 799b1e36e3f1
[2024-06-24 12:49:38,077] {taskinstance.py:1257} INFO - Exporting the following env vars:
AIRFLOW_CTX_DAG_OWNER=coder2j
AIRFLOW_CTX_DAG_ID=dag_with_taskflow_api_v02
AIRFLOW_CTX_TASK_ID=greet
AIRFLOW_CTX_EXECUTION_DATE=2024-06-24T11:10:31.338859+00:00
AIRFLOW_CTX_DAG_RUN_ID=manual__2024-06-24T11:10:31.338859+00:00
[2024-06-24 12:49:38,079] {logging_mixin.py:104} INFO - Hello World! My name is Jerry Fridman and I am 19 years old!
[2024-06-24 12:49:38,124] {taskinstance.py:1166} INFO - Marking task as SUCCESS. dag_id=dag_with_taskflow_api_v02, task_id=greet, execution_date=20240624T111031, start_date=20240624T124937, end_date=20240624T124938
[2024-06-24 12:49:38,273] {taskinstance.py:1220} INFO - 0 downstream tasks scheduled from follow-on schedule check
[2024-06-24 12:49:38,345] {local_task_job.py:146} INFO - Task exited with return code 0
