[2024-06-24 12:58:33,534] {taskinstance.py:851} INFO - Dependencies all met for <TaskInstance: our_first_dag_v5.second_task 2021-12-03T00:00:00+00:00 [queued]>
[2024-06-24 12:58:33,743] {taskinstance.py:851} INFO - Dependencies all met for <TaskInstance: our_first_dag_v5.second_task 2021-12-03T00:00:00+00:00 [queued]>
[2024-06-24 12:58:33,746] {taskinstance.py:1042} INFO - 
--------------------------------------------------------------------------------
[2024-06-24 12:58:33,775] {taskinstance.py:1043} INFO - Starting attempt 1 of 6
[2024-06-24 12:58:33,775] {taskinstance.py:1044} INFO - 
--------------------------------------------------------------------------------
[2024-06-24 12:58:33,976] {taskinstance.py:1063} INFO - Executing <Task(BashOperator): second_task> on 2021-12-03T00:00:00+00:00
[2024-06-24 12:58:34,091] {standard_task_runner.py:52} INFO - Started process 33560 to run task
[2024-06-24 12:58:34,111] {standard_task_runner.py:76} INFO - Running: ['airflow', 'tasks', 'run', 'our_first_dag_v5', 'second_task', '2021-12-03T00:00:00+00:00', '--job-id', '1965', '--pool', 'default_pool', '--raw', '--subdir', 'DAGS_FOLDER/our_first_dag.py', '--cfg-path', '/tmp/tmpo3c2037d', '--error-file', '/tmp/tmp6o3bphk2']
[2024-06-24 12:58:34,198] {standard_task_runner.py:77} INFO - Job 1965: Subtask second_task
[2024-06-24 12:58:34,531] {logging_mixin.py:104} INFO - Running <TaskInstance: our_first_dag_v5.second_task 2021-12-03T00:00:00+00:00 [running]> on host 799b1e36e3f1
[2024-06-24 12:58:35,037] {taskinstance.py:1257} INFO - Exporting the following env vars:
AIRFLOW_CTX_DAG_OWNER=coder2j
AIRFLOW_CTX_DAG_ID=our_first_dag_v5
AIRFLOW_CTX_TASK_ID=second_task
AIRFLOW_CTX_EXECUTION_DATE=2021-12-03T00:00:00+00:00
AIRFLOW_CTX_DAG_RUN_ID=scheduled__2021-12-03T00:00:00+00:00
[2024-06-24 12:58:35,043] {bash.py:135} INFO - Tmp dir root location: 
 /tmp
[2024-06-24 12:58:35,090] {bash.py:158} INFO - Running command: echo hey, I am task2 and will be running after task1!
[2024-06-24 12:58:35,131] {bash.py:169} INFO - Output:
[2024-06-24 12:58:35,162] {bash.py:173} INFO - hey, I am task2 and will be running after task1!
[2024-06-24 12:58:35,184] {bash.py:177} INFO - Command exited with return code 0
[2024-06-24 12:58:35,553] {taskinstance.py:1166} INFO - Marking task as SUCCESS. dag_id=our_first_dag_v5, task_id=second_task, execution_date=20211203T000000, start_date=20240624T125833, end_date=20240624T125835
[2024-06-24 12:58:35,967] {taskinstance.py:1220} INFO - 0 downstream tasks scheduled from follow-on schedule check
[2024-06-24 12:58:36,036] {local_task_job.py:146} INFO - Task exited with return code 0
