[2024-06-24 14:51:20,445] {taskinstance.py:851} INFO - Dependencies all met for <TaskInstance: our_first_dag_v5.thrid_task 2023-10-27T00:00:00+00:00 [queued]>
[2024-06-24 14:51:20,885] {taskinstance.py:851} INFO - Dependencies all met for <TaskInstance: our_first_dag_v5.thrid_task 2023-10-27T00:00:00+00:00 [queued]>
[2024-06-24 14:51:20,901] {taskinstance.py:1042} INFO - 
--------------------------------------------------------------------------------
[2024-06-24 14:51:20,907] {taskinstance.py:1043} INFO - Starting attempt 1 of 6
[2024-06-24 14:51:20,911] {taskinstance.py:1044} INFO - 
--------------------------------------------------------------------------------
[2024-06-24 14:51:21,110] {taskinstance.py:1063} INFO - Executing <Task(BashOperator): thrid_task> on 2023-10-27T00:00:00+00:00
[2024-06-24 14:51:21,498] {standard_task_runner.py:52} INFO - Started process 25908 to run task
[2024-06-24 14:51:21,600] {standard_task_runner.py:76} INFO - Running: ['airflow', 'tasks', 'run', 'our_first_dag_v5', 'thrid_task', '2023-10-27T00:00:00+00:00', '--job-id', '9560', '--pool', 'default_pool', '--raw', '--subdir', 'DAGS_FOLDER/our_first_dag.py', '--cfg-path', '/tmp/tmpqjwn4et4', '--error-file', '/tmp/tmpksj8wi7n']
[2024-06-24 14:51:21,661] {standard_task_runner.py:77} INFO - Job 9560: Subtask thrid_task
[2024-06-24 14:51:22,573] {logging_mixin.py:104} INFO - Running <TaskInstance: our_first_dag_v5.thrid_task 2023-10-27T00:00:00+00:00 [running]> on host 799b1e36e3f1
[2024-06-24 14:51:23,805] {taskinstance.py:1257} INFO - Exporting the following env vars:
AIRFLOW_CTX_DAG_OWNER=coder2j
AIRFLOW_CTX_DAG_ID=our_first_dag_v5
AIRFLOW_CTX_TASK_ID=thrid_task
AIRFLOW_CTX_EXECUTION_DATE=2023-10-27T00:00:00+00:00
AIRFLOW_CTX_DAG_RUN_ID=scheduled__2023-10-27T00:00:00+00:00
[2024-06-24 14:51:23,872] {bash.py:135} INFO - Tmp dir root location: 
 /tmp
[2024-06-24 14:51:23,882] {bash.py:158} INFO - Running command: echo hey, I am task3 and will be running after task1 at the same time as task2!
[2024-06-24 14:51:23,995] {bash.py:169} INFO - Output:
[2024-06-24 14:51:24,001] {bash.py:173} INFO - hey, I am task3 and will be running after task1 at the same time as task2!
[2024-06-24 14:51:24,007] {bash.py:177} INFO - Command exited with return code 0
[2024-06-24 14:51:24,666] {taskinstance.py:1166} INFO - Marking task as SUCCESS. dag_id=our_first_dag_v5, task_id=thrid_task, execution_date=20231027T000000, start_date=20240624T145120, end_date=20240624T145124
[2024-06-24 14:51:25,328] {taskinstance.py:1220} INFO - 0 downstream tasks scheduled from follow-on schedule check
[2024-06-24 14:51:25,492] {local_task_job.py:146} INFO - Task exited with return code 0
