[2024-07-04 19:07:15,600] {taskinstance.py:851} INFO - Dependencies all met for <TaskInstance: dag_with_python_dependencies_v03.get_sklearn 2024-07-02T00:00:00+00:00 [queued]>
[2024-07-04 19:07:15,685] {taskinstance.py:851} INFO - Dependencies all met for <TaskInstance: dag_with_python_dependencies_v03.get_sklearn 2024-07-02T00:00:00+00:00 [queued]>
[2024-07-04 19:07:15,687] {taskinstance.py:1042} INFO - 
--------------------------------------------------------------------------------
[2024-07-04 19:07:15,687] {taskinstance.py:1043} INFO - Starting attempt 1 of 1
[2024-07-04 19:07:15,691] {taskinstance.py:1044} INFO - 
--------------------------------------------------------------------------------
[2024-07-04 19:07:15,720] {taskinstance.py:1063} INFO - Executing <Task(PythonOperator): get_sklearn> on 2024-07-02T00:00:00+00:00
[2024-07-04 19:07:15,730] {standard_task_runner.py:52} INFO - Started process 405 to run task
[2024-07-04 19:07:15,753] {standard_task_runner.py:76} INFO - Running: ['airflow', 'tasks', 'run', 'dag_with_python_dependencies_v03', 'get_sklearn', '2024-07-02T00:00:00+00:00', '--job-id', '12271', '--pool', 'default_pool', '--raw', '--subdir', 'DAGS_FOLDER/dag_with_python_dependencies.py', '--cfg-path', '/tmp/tmp81sqlzlc', '--error-file', '/tmp/tmp7qq2rqbg']
[2024-07-04 19:07:15,779] {standard_task_runner.py:77} INFO - Job 12271: Subtask get_sklearn
[2024-07-04 19:07:16,069] {logging_mixin.py:104} INFO - Running <TaskInstance: dag_with_python_dependencies_v03.get_sklearn 2024-07-02T00:00:00+00:00 [running]> on host 799b1e36e3f1
[2024-07-04 19:07:16,629] {taskinstance.py:1257} INFO - Exporting the following env vars:
AIRFLOW_CTX_DAG_OWNER=coder2j
AIRFLOW_CTX_DAG_ID=dag_with_python_dependencies_v03
AIRFLOW_CTX_TASK_ID=get_sklearn
AIRFLOW_CTX_EXECUTION_DATE=2024-07-02T00:00:00+00:00
AIRFLOW_CTX_DAG_RUN_ID=scheduled__2024-07-02T00:00:00+00:00
[2024-07-04 19:07:19,613] {logging_mixin.py:104} INFO - sklearn with version: 0.24.2
[2024-07-04 19:07:19,615] {python.py:118} INFO - Done. Returned value was: None
[2024-07-04 19:07:19,644] {taskinstance.py:1166} INFO - Marking task as SUCCESS. dag_id=dag_with_python_dependencies_v03, task_id=get_sklearn, execution_date=20240702T000000, start_date=20240704T190715, end_date=20240704T190719
[2024-07-04 19:07:19,719] {taskinstance.py:1220} INFO - 1 downstream tasks scheduled from follow-on schedule check
[2024-07-04 19:07:19,777] {local_task_job.py:146} INFO - Task exited with return code 0
