[2024-06-24 12:49:33,973] {taskinstance.py:851} INFO - Dependencies all met for <TaskInstance: dag_with_taskflow_api_v02.get_age 2024-06-24T10:56:17.445446+00:00 [queued]>
[2024-06-24 12:49:34,043] {taskinstance.py:851} INFO - Dependencies all met for <TaskInstance: dag_with_taskflow_api_v02.get_age 2024-06-24T10:56:17.445446+00:00 [queued]>
[2024-06-24 12:49:34,046] {taskinstance.py:1042} INFO - 
--------------------------------------------------------------------------------
[2024-06-24 12:49:34,055] {taskinstance.py:1043} INFO - Starting attempt 1 of 6
[2024-06-24 12:49:34,058] {taskinstance.py:1044} INFO - 
--------------------------------------------------------------------------------
[2024-06-24 12:49:34,159] {taskinstance.py:1063} INFO - Executing <Task(_PythonDecoratedOperator): get_age> on 2024-06-24T10:56:17.445446+00:00
[2024-06-24 12:49:34,203] {standard_task_runner.py:52} INFO - Started process 25438 to run task
[2024-06-24 12:49:34,230] {standard_task_runner.py:76} INFO - Running: ['airflow', 'tasks', 'run', 'dag_with_taskflow_api_v02', 'get_age', '2024-06-24T10:56:17.445446+00:00', '--job-id', '41', '--pool', 'default_pool', '--raw', '--subdir', 'DAGS_FOLDER/dag_with_taskflow_api.py', '--cfg-path', '/tmp/tmpcmdqrmjc', '--error-file', '/tmp/tmpoicpn3oj']
[2024-06-24 12:49:34,259] {standard_task_runner.py:77} INFO - Job 41: Subtask get_age
[2024-06-24 12:49:34,502] {logging_mixin.py:104} INFO - Running <TaskInstance: dag_with_taskflow_api_v02.get_age 2024-06-24T10:56:17.445446+00:00 [running]> on host 799b1e36e3f1
[2024-06-24 12:49:34,813] {taskinstance.py:1257} INFO - Exporting the following env vars:
AIRFLOW_CTX_DAG_OWNER=coder2j
AIRFLOW_CTX_DAG_ID=dag_with_taskflow_api_v02
AIRFLOW_CTX_TASK_ID=get_age
AIRFLOW_CTX_EXECUTION_DATE=2024-06-24T10:56:17.445446+00:00
AIRFLOW_CTX_DAG_RUN_ID=manual__2024-06-24T10:56:17.445446+00:00
[2024-06-24 12:49:34,933] {taskinstance.py:1166} INFO - Marking task as SUCCESS. dag_id=dag_with_taskflow_api_v02, task_id=get_age, execution_date=20240624T105617, start_date=20240624T124933, end_date=20240624T124934
[2024-06-24 12:49:35,276] {taskinstance.py:1220} INFO - 1 downstream tasks scheduled from follow-on schedule check
[2024-06-24 12:49:35,339] {local_task_job.py:146} INFO - Task exited with return code 0
