[2024-08-04 00:14:53,056] {taskinstance.py:851} INFO - Dependencies all met for <TaskInstance: dag_with_catchup_backfill_v02.task1 2024-08-03T00:00:00+00:00 [queued]>
[2024-08-04 00:14:53,098] {taskinstance.py:851} INFO - Dependencies all met for <TaskInstance: dag_with_catchup_backfill_v02.task1 2024-08-03T00:00:00+00:00 [queued]>
[2024-08-04 00:14:53,099] {taskinstance.py:1042} INFO - 
--------------------------------------------------------------------------------
[2024-08-04 00:14:53,099] {taskinstance.py:1043} INFO - Starting attempt 1 of 6
[2024-08-04 00:14:53,102] {taskinstance.py:1044} INFO - 
--------------------------------------------------------------------------------
[2024-08-04 00:14:53,285] {taskinstance.py:1063} INFO - Executing <Task(BashOperator): task1> on 2024-08-03T00:00:00+00:00
[2024-08-04 00:14:53,328] {standard_task_runner.py:52} INFO - Started process 34303 to run task
[2024-08-04 00:14:53,337] {standard_task_runner.py:76} INFO - Running: ['airflow', 'tasks', 'run', 'dag_with_catchup_backfill_v02', 'task1', '2024-08-03T00:00:00+00:00', '--job-id', '12668', '--pool', 'default_pool', '--raw', '--subdir', 'DAGS_FOLDER/dag_with_catchup_and_backfill.py', '--cfg-path', '/tmp/tmpc06go_ub', '--error-file', '/tmp/tmpl3qyvhx5']
[2024-08-04 00:14:53,356] {standard_task_runner.py:77} INFO - Job 12668: Subtask task1
[2024-08-04 00:14:53,596] {logging_mixin.py:104} INFO - Running <TaskInstance: dag_with_catchup_backfill_v02.task1 2024-08-03T00:00:00+00:00 [running]> on host 799b1e36e3f1
[2024-08-04 00:14:54,666] {taskinstance.py:1257} INFO - Exporting the following env vars:
AIRFLOW_CTX_DAG_OWNER=coder2j
AIRFLOW_CTX_DAG_ID=dag_with_catchup_backfill_v02
AIRFLOW_CTX_TASK_ID=task1
AIRFLOW_CTX_EXECUTION_DATE=2024-08-03T00:00:00+00:00
AIRFLOW_CTX_DAG_RUN_ID=scheduled__2024-08-03T00:00:00+00:00
[2024-08-04 00:14:54,681] {bash.py:135} INFO - Tmp dir root location: 
 /tmp
[2024-08-04 00:14:54,731] {bash.py:158} INFO - Running command: echo This is a simple bash command!
[2024-08-04 00:14:54,875] {bash.py:169} INFO - Output:
[2024-08-04 00:14:54,936] {bash.py:173} INFO - This is a simple bash command!
[2024-08-04 00:14:54,980] {bash.py:177} INFO - Command exited with return code 0
[2024-08-04 00:14:55,241] {taskinstance.py:1166} INFO - Marking task as SUCCESS. dag_id=dag_with_catchup_backfill_v02, task_id=task1, execution_date=20240803T000000, start_date=20240804T001453, end_date=20240804T001455
[2024-08-04 00:14:55,604] {taskinstance.py:1220} INFO - 0 downstream tasks scheduled from follow-on schedule check
[2024-08-04 00:14:55,642] {local_task_job.py:146} INFO - Task exited with return code 0
