[2024-06-24 14:27:40,461] {taskinstance.py:851} INFO - Dependencies all met for <TaskInstance: our_first_dag_v5.second_task 2023-02-07T00:00:00+00:00 [queued]>
[2024-06-24 14:27:40,590] {taskinstance.py:851} INFO - Dependencies all met for <TaskInstance: our_first_dag_v5.second_task 2023-02-07T00:00:00+00:00 [queued]>
[2024-06-24 14:27:40,605] {taskinstance.py:1042} INFO - 
--------------------------------------------------------------------------------
[2024-06-24 14:27:40,610] {taskinstance.py:1043} INFO - Starting attempt 1 of 6
[2024-06-24 14:27:40,612] {taskinstance.py:1044} INFO - 
--------------------------------------------------------------------------------
[2024-06-24 14:27:40,678] {taskinstance.py:1063} INFO - Executing <Task(BashOperator): second_task> on 2023-02-07T00:00:00+00:00
[2024-06-24 14:27:40,699] {standard_task_runner.py:52} INFO - Started process 14832 to run task
[2024-06-24 14:27:40,733] {standard_task_runner.py:76} INFO - Running: ['airflow', 'tasks', 'run', 'our_first_dag_v5', 'second_task', '2023-02-07T00:00:00+00:00', '--job-id', '6746', '--pool', 'default_pool', '--raw', '--subdir', 'DAGS_FOLDER/our_first_dag.py', '--cfg-path', '/tmp/tmpuqit75s2', '--error-file', '/tmp/tmpd4gf_brx']
[2024-06-24 14:27:40,743] {standard_task_runner.py:77} INFO - Job 6746: Subtask second_task
[2024-06-24 14:27:41,025] {logging_mixin.py:104} INFO - Running <TaskInstance: our_first_dag_v5.second_task 2023-02-07T00:00:00+00:00 [running]> on host 799b1e36e3f1
[2024-06-24 14:27:41,483] {taskinstance.py:1257} INFO - Exporting the following env vars:
AIRFLOW_CTX_DAG_OWNER=coder2j
AIRFLOW_CTX_DAG_ID=our_first_dag_v5
AIRFLOW_CTX_TASK_ID=second_task
AIRFLOW_CTX_EXECUTION_DATE=2023-02-07T00:00:00+00:00
AIRFLOW_CTX_DAG_RUN_ID=scheduled__2023-02-07T00:00:00+00:00
[2024-06-24 14:27:41,500] {bash.py:135} INFO - Tmp dir root location: 
 /tmp
[2024-06-24 14:27:41,519] {bash.py:158} INFO - Running command: echo hey, I am task2 and will be running after task1!
[2024-06-24 14:27:41,565] {bash.py:169} INFO - Output:
[2024-06-24 14:27:41,642] {bash.py:173} INFO - hey, I am task2 and will be running after task1!
[2024-06-24 14:27:41,661] {bash.py:177} INFO - Command exited with return code 0
[2024-06-24 14:27:41,787] {taskinstance.py:1166} INFO - Marking task as SUCCESS. dag_id=our_first_dag_v5, task_id=second_task, execution_date=20230207T000000, start_date=20240624T142740, end_date=20240624T142741
[2024-06-24 14:27:41,904] {taskinstance.py:1220} INFO - 0 downstream tasks scheduled from follow-on schedule check
[2024-06-24 14:27:41,949] {local_task_job.py:146} INFO - Task exited with return code 0
