[2024-06-24 12:49:35,536] {taskinstance.py:851} INFO - Dependencies all met for <TaskInstance: dag_with_taskflow_api_v02.get_age 2024-06-24T11:10:31.338859+00:00 [queued]>
[2024-06-24 12:49:35,692] {taskinstance.py:851} INFO - Dependencies all met for <TaskInstance: dag_with_taskflow_api_v02.get_age 2024-06-24T11:10:31.338859+00:00 [queued]>
[2024-06-24 12:49:35,693] {taskinstance.py:1042} INFO - 
--------------------------------------------------------------------------------
[2024-06-24 12:49:35,694] {taskinstance.py:1043} INFO - Starting attempt 1 of 6
[2024-06-24 12:49:35,694] {taskinstance.py:1044} INFO - 
--------------------------------------------------------------------------------
[2024-06-24 12:49:35,755] {taskinstance.py:1063} INFO - Executing <Task(_PythonDecoratedOperator): get_age> on 2024-06-24T11:10:31.338859+00:00
[2024-06-24 12:49:35,764] {standard_task_runner.py:52} INFO - Started process 25455 to run task
[2024-06-24 12:49:35,777] {standard_task_runner.py:76} INFO - Running: ['airflow', 'tasks', 'run', 'dag_with_taskflow_api_v02', 'get_age', '2024-06-24T11:10:31.338859+00:00', '--job-id', '51', '--pool', 'default_pool', '--raw', '--subdir', 'DAGS_FOLDER/dag_with_taskflow_api.py', '--cfg-path', '/tmp/tmp51u6b7g5', '--error-file', '/tmp/tmpw6fztw2k']
[2024-06-24 12:49:35,797] {standard_task_runner.py:77} INFO - Job 51: Subtask get_age
[2024-06-24 12:49:35,923] {logging_mixin.py:104} INFO - Running <TaskInstance: dag_with_taskflow_api_v02.get_age 2024-06-24T11:10:31.338859+00:00 [running]> on host 799b1e36e3f1
[2024-06-24 12:49:36,116] {taskinstance.py:1257} INFO - Exporting the following env vars:
AIRFLOW_CTX_DAG_OWNER=coder2j
AIRFLOW_CTX_DAG_ID=dag_with_taskflow_api_v02
AIRFLOW_CTX_TASK_ID=get_age
AIRFLOW_CTX_EXECUTION_DATE=2024-06-24T11:10:31.338859+00:00
AIRFLOW_CTX_DAG_RUN_ID=manual__2024-06-24T11:10:31.338859+00:00
[2024-06-24 12:49:36,235] {taskinstance.py:1166} INFO - Marking task as SUCCESS. dag_id=dag_with_taskflow_api_v02, task_id=get_age, execution_date=20240624T111031, start_date=20240624T124935, end_date=20240624T124936
[2024-06-24 12:49:36,405] {taskinstance.py:1220} INFO - 1 downstream tasks scheduled from follow-on schedule check
[2024-06-24 12:49:36,477] {local_task_job.py:146} INFO - Task exited with return code 0
