[2024-06-24 15:06:01,128] {taskinstance.py:851} INFO - Dependencies all met for <TaskInstance: dag_with_python_dependencies_v03.get_sklearn 2024-03-05T00:00:00+00:00 [queued]>
[2024-06-24 15:06:01,160] {taskinstance.py:851} INFO - Dependencies all met for <TaskInstance: dag_with_python_dependencies_v03.get_sklearn 2024-03-05T00:00:00+00:00 [queued]>
[2024-06-24 15:06:01,161] {taskinstance.py:1042} INFO - 
--------------------------------------------------------------------------------
[2024-06-24 15:06:01,162] {taskinstance.py:1043} INFO - Starting attempt 1 of 1
[2024-06-24 15:06:01,164] {taskinstance.py:1044} INFO - 
--------------------------------------------------------------------------------
[2024-06-24 15:06:01,199] {taskinstance.py:1063} INFO - Executing <Task(PythonOperator): get_sklearn> on 2024-03-05T00:00:00+00:00
[2024-06-24 15:06:01,205] {standard_task_runner.py:52} INFO - Started process 34463 to run task
[2024-06-24 15:06:01,222] {standard_task_runner.py:76} INFO - Running: ['airflow', 'tasks', 'run', 'dag_with_python_dependencies_v03', 'get_sklearn', '2024-03-05T00:00:00+00:00', '--job-id', '11725', '--pool', 'default_pool', '--raw', '--subdir', 'DAGS_FOLDER/dag_with_python_dependencies.py', '--cfg-path', '/tmp/tmpwlc2swq9', '--error-file', '/tmp/tmpzra40lgf']
[2024-06-24 15:06:01,243] {standard_task_runner.py:77} INFO - Job 11725: Subtask get_sklearn
[2024-06-24 15:06:01,450] {logging_mixin.py:104} INFO - Running <TaskInstance: dag_with_python_dependencies_v03.get_sklearn 2024-03-05T00:00:00+00:00 [running]> on host 799b1e36e3f1
[2024-06-24 15:06:01,666] {taskinstance.py:1257} INFO - Exporting the following env vars:
AIRFLOW_CTX_DAG_OWNER=coder2j
AIRFLOW_CTX_DAG_ID=dag_with_python_dependencies_v03
AIRFLOW_CTX_TASK_ID=get_sklearn
AIRFLOW_CTX_EXECUTION_DATE=2024-03-05T00:00:00+00:00
AIRFLOW_CTX_DAG_RUN_ID=scheduled__2024-03-05T00:00:00+00:00
[2024-06-24 15:06:04,838] {logging_mixin.py:104} INFO - sklearn with version: 0.24.2
[2024-06-24 15:06:04,841] {python.py:118} INFO - Done. Returned value was: None
[2024-06-24 15:06:04,868] {taskinstance.py:1166} INFO - Marking task as SUCCESS. dag_id=dag_with_python_dependencies_v03, task_id=get_sklearn, execution_date=20240305T000000, start_date=20240624T150601, end_date=20240624T150604
[2024-06-24 15:06:04,948] {taskinstance.py:1220} INFO - 1 downstream tasks scheduled from follow-on schedule check
[2024-06-24 15:06:05,004] {local_task_job.py:146} INFO - Task exited with return code 0
