[2024-06-24 13:00:27,216] {taskinstance.py:851} INFO - Dependencies all met for <TaskInstance: our_first_dag_v5.thrid_task 2022-01-13T00:00:00+00:00 [queued]>
[2024-06-24 13:00:27,336] {taskinstance.py:851} INFO - Dependencies all met for <TaskInstance: our_first_dag_v5.thrid_task 2022-01-13T00:00:00+00:00 [queued]>
[2024-06-24 13:00:27,340] {taskinstance.py:1042} INFO - 
--------------------------------------------------------------------------------
[2024-06-24 13:00:27,341] {taskinstance.py:1043} INFO - Starting attempt 1 of 6
[2024-06-24 13:00:27,344] {taskinstance.py:1044} INFO - 
--------------------------------------------------------------------------------
[2024-06-24 13:00:27,466] {taskinstance.py:1063} INFO - Executing <Task(BashOperator): thrid_task> on 2022-01-13T00:00:00+00:00
[2024-06-24 13:00:27,487] {standard_task_runner.py:52} INFO - Started process 35406 to run task
[2024-06-24 13:00:27,517] {standard_task_runner.py:76} INFO - Running: ['airflow', 'tasks', 'run', 'our_first_dag_v5', 'thrid_task', '2022-01-13T00:00:00+00:00', '--job-id', '2450', '--pool', 'default_pool', '--raw', '--subdir', 'DAGS_FOLDER/our_first_dag.py', '--cfg-path', '/tmp/tmp_sve9oj0', '--error-file', '/tmp/tmpp4myyipi']
[2024-06-24 13:00:27,540] {standard_task_runner.py:77} INFO - Job 2450: Subtask thrid_task
[2024-06-24 13:00:28,142] {logging_mixin.py:104} INFO - Running <TaskInstance: our_first_dag_v5.thrid_task 2022-01-13T00:00:00+00:00 [running]> on host 799b1e36e3f1
[2024-06-24 13:00:28,491] {taskinstance.py:1257} INFO - Exporting the following env vars:
AIRFLOW_CTX_DAG_OWNER=coder2j
AIRFLOW_CTX_DAG_ID=our_first_dag_v5
AIRFLOW_CTX_TASK_ID=thrid_task
AIRFLOW_CTX_EXECUTION_DATE=2022-01-13T00:00:00+00:00
AIRFLOW_CTX_DAG_RUN_ID=scheduled__2022-01-13T00:00:00+00:00
[2024-06-24 13:00:28,507] {bash.py:135} INFO - Tmp dir root location: 
 /tmp
[2024-06-24 13:00:28,515] {bash.py:158} INFO - Running command: echo hey, I am task3 and will be running after task1 at the same time as task2!
[2024-06-24 13:00:28,592] {bash.py:169} INFO - Output:
[2024-06-24 13:00:28,600] {bash.py:173} INFO - hey, I am task3 and will be running after task1 at the same time as task2!
[2024-06-24 13:00:28,603] {bash.py:177} INFO - Command exited with return code 0
[2024-06-24 13:00:28,855] {taskinstance.py:1166} INFO - Marking task as SUCCESS. dag_id=our_first_dag_v5, task_id=thrid_task, execution_date=20220113T000000, start_date=20240624T130027, end_date=20240624T130028
[2024-06-24 13:00:29,088] {taskinstance.py:1220} INFO - 0 downstream tasks scheduled from follow-on schedule check
[2024-06-24 13:00:29,178] {local_task_job.py:146} INFO - Task exited with return code 0
