[2024-06-24 14:30:54,681] {taskinstance.py:851} INFO - Dependencies all met for <TaskInstance: dag_with_taskflow_api_v02.get_age 2023-08-26T00:00:00+00:00 [queued]>
[2024-06-24 14:30:54,740] {taskinstance.py:851} INFO - Dependencies all met for <TaskInstance: dag_with_taskflow_api_v02.get_age 2023-08-26T00:00:00+00:00 [queued]>
[2024-06-24 14:30:54,743] {taskinstance.py:1042} INFO - 
--------------------------------------------------------------------------------
[2024-06-24 14:30:54,746] {taskinstance.py:1043} INFO - Starting attempt 1 of 6
[2024-06-24 14:30:54,747] {taskinstance.py:1044} INFO - 
--------------------------------------------------------------------------------
[2024-06-24 14:30:54,806] {taskinstance.py:1063} INFO - Executing <Task(_PythonDecoratedOperator): get_age> on 2023-08-26T00:00:00+00:00
[2024-06-24 14:30:54,832] {standard_task_runner.py:52} INFO - Started process 20029 to run task
[2024-06-24 14:30:54,845] {standard_task_runner.py:76} INFO - Running: ['airflow', 'tasks', 'run', 'dag_with_taskflow_api_v02', 'get_age', '2023-08-26T00:00:00+00:00', '--job-id', '8138', '--pool', 'default_pool', '--raw', '--subdir', 'DAGS_FOLDER/dag_with_taskflow_api.py', '--cfg-path', '/tmp/tmpsjedbcc8', '--error-file', '/tmp/tmp0_dmzpn_']
[2024-06-24 14:30:54,852] {standard_task_runner.py:77} INFO - Job 8138: Subtask get_age
[2024-06-24 14:30:55,077] {logging_mixin.py:104} INFO - Running <TaskInstance: dag_with_taskflow_api_v02.get_age 2023-08-26T00:00:00+00:00 [running]> on host 799b1e36e3f1
[2024-06-24 14:30:55,290] {taskinstance.py:1257} INFO - Exporting the following env vars:
AIRFLOW_CTX_DAG_OWNER=coder2j
AIRFLOW_CTX_DAG_ID=dag_with_taskflow_api_v02
AIRFLOW_CTX_TASK_ID=get_age
AIRFLOW_CTX_EXECUTION_DATE=2023-08-26T00:00:00+00:00
AIRFLOW_CTX_DAG_RUN_ID=scheduled__2023-08-26T00:00:00+00:00
[2024-06-24 14:30:55,401] {taskinstance.py:1166} INFO - Marking task as SUCCESS. dag_id=dag_with_taskflow_api_v02, task_id=get_age, execution_date=20230826T000000, start_date=20240624T143054, end_date=20240624T143055
[2024-06-24 14:30:55,541] {taskinstance.py:1220} INFO - 0 downstream tasks scheduled from follow-on schedule check
[2024-06-24 14:30:55,573] {local_task_job.py:146} INFO - Task exited with return code 0
