[2024-06-24 12:51:04,429] {taskinstance.py:851} INFO - Dependencies all met for <TaskInstance: dag_with_cron_expression_v04.task1 2022-12-13T03:00:00+00:00 [queued]>
[2024-06-24 12:51:04,449] {taskinstance.py:851} INFO - Dependencies all met for <TaskInstance: dag_with_cron_expression_v04.task1 2022-12-13T03:00:00+00:00 [queued]>
[2024-06-24 12:51:04,450] {taskinstance.py:1042} INFO - 
--------------------------------------------------------------------------------
[2024-06-24 12:51:04,451] {taskinstance.py:1043} INFO - Starting attempt 1 of 6
[2024-06-24 12:51:04,453] {taskinstance.py:1044} INFO - 
--------------------------------------------------------------------------------
[2024-06-24 12:51:04,475] {taskinstance.py:1063} INFO - Executing <Task(BashOperator): task1> on 2022-12-13T03:00:00+00:00
[2024-06-24 12:51:04,480] {standard_task_runner.py:52} INFO - Started process 26611 to run task
[2024-06-24 12:51:04,486] {standard_task_runner.py:76} INFO - Running: ['airflow', 'tasks', 'run', 'dag_with_cron_expression_v04', 'task1', '2022-12-13T03:00:00+00:00', '--job-id', '321', '--pool', 'default_pool', '--raw', '--subdir', 'DAGS_FOLDER/dag_with_cron_expression.py', '--cfg-path', '/tmp/tmp06z00amf', '--error-file', '/tmp/tmpquupowpy']
[2024-06-24 12:51:04,490] {standard_task_runner.py:77} INFO - Job 321: Subtask task1
[2024-06-24 12:51:04,563] {logging_mixin.py:104} INFO - Running <TaskInstance: dag_with_cron_expression_v04.task1 2022-12-13T03:00:00+00:00 [running]> on host 799b1e36e3f1
[2024-06-24 12:51:04,643] {taskinstance.py:1257} INFO - Exporting the following env vars:
AIRFLOW_CTX_DAG_OWNER=coder2j
AIRFLOW_CTX_DAG_ID=dag_with_cron_expression_v04
AIRFLOW_CTX_TASK_ID=task1
AIRFLOW_CTX_EXECUTION_DATE=2022-12-13T03:00:00+00:00
AIRFLOW_CTX_DAG_RUN_ID=scheduled__2022-12-13T03:00:00+00:00
[2024-06-24 12:51:04,645] {bash.py:135} INFO - Tmp dir root location: 
 /tmp
[2024-06-24 12:51:04,648] {bash.py:158} INFO - Running command: echo dag with cron expression!
[2024-06-24 12:51:04,662] {bash.py:169} INFO - Output:
[2024-06-24 12:51:04,666] {bash.py:173} INFO - dag with cron expression!
[2024-06-24 12:51:04,669] {bash.py:177} INFO - Command exited with return code 0
[2024-06-24 12:51:04,746] {taskinstance.py:1166} INFO - Marking task as SUCCESS. dag_id=dag_with_cron_expression_v04, task_id=task1, execution_date=20221213T030000, start_date=20240624T125104, end_date=20240624T125104
[2024-06-24 12:51:05,010] {taskinstance.py:1220} INFO - 0 downstream tasks scheduled from follow-on schedule check
[2024-06-24 12:51:05,034] {local_task_job.py:146} INFO - Task exited with return code 0
