[2024-06-24 14:21:23,707] {taskinstance.py:851} INFO - Dependencies all met for <TaskInstance: our_first_dag_v5.second_task 2022-05-25T00:00:00+00:00 [queued]>
[2024-06-24 14:21:23,754] {taskinstance.py:851} INFO - Dependencies all met for <TaskInstance: our_first_dag_v5.second_task 2022-05-25T00:00:00+00:00 [queued]>
[2024-06-24 14:21:23,755] {taskinstance.py:1042} INFO - 
--------------------------------------------------------------------------------
[2024-06-24 14:21:23,758] {taskinstance.py:1043} INFO - Starting attempt 1 of 6
[2024-06-24 14:21:23,759] {taskinstance.py:1044} INFO - 
--------------------------------------------------------------------------------
[2024-06-24 14:21:23,792] {taskinstance.py:1063} INFO - Executing <Task(BashOperator): second_task> on 2022-05-25T00:00:00+00:00
[2024-06-24 14:21:23,805] {standard_task_runner.py:52} INFO - Started process 4714 to run task
[2024-06-24 14:21:23,824] {standard_task_runner.py:76} INFO - Running: ['airflow', 'tasks', 'run', 'our_first_dag_v5', 'second_task', '2022-05-25T00:00:00+00:00', '--job-id', '4034', '--pool', 'default_pool', '--raw', '--subdir', 'DAGS_FOLDER/our_first_dag.py', '--cfg-path', '/tmp/tmppb48x5nf', '--error-file', '/tmp/tmphldxuxru']
[2024-06-24 14:21:23,837] {standard_task_runner.py:77} INFO - Job 4034: Subtask second_task
[2024-06-24 14:21:24,149] {logging_mixin.py:104} INFO - Running <TaskInstance: our_first_dag_v5.second_task 2022-05-25T00:00:00+00:00 [running]> on host 799b1e36e3f1
[2024-06-24 14:21:24,383] {taskinstance.py:1257} INFO - Exporting the following env vars:
AIRFLOW_CTX_DAG_OWNER=coder2j
AIRFLOW_CTX_DAG_ID=our_first_dag_v5
AIRFLOW_CTX_TASK_ID=second_task
AIRFLOW_CTX_EXECUTION_DATE=2022-05-25T00:00:00+00:00
AIRFLOW_CTX_DAG_RUN_ID=scheduled__2022-05-25T00:00:00+00:00
[2024-06-24 14:21:24,386] {bash.py:135} INFO - Tmp dir root location: 
 /tmp
[2024-06-24 14:21:24,389] {bash.py:158} INFO - Running command: echo hey, I am task2 and will be running after task1!
[2024-06-24 14:21:24,419] {bash.py:169} INFO - Output:
[2024-06-24 14:21:24,430] {bash.py:173} INFO - hey, I am task2 and will be running after task1!
[2024-06-24 14:21:24,432] {bash.py:177} INFO - Command exited with return code 0
[2024-06-24 14:21:24,513] {taskinstance.py:1166} INFO - Marking task as SUCCESS. dag_id=our_first_dag_v5, task_id=second_task, execution_date=20220525T000000, start_date=20240624T142123, end_date=20240624T142124
[2024-06-24 14:21:24,602] {taskinstance.py:1220} INFO - 0 downstream tasks scheduled from follow-on schedule check
[2024-06-24 14:21:24,642] {local_task_job.py:146} INFO - Task exited with return code 0
