[2024-06-24 13:00:52,773] {taskinstance.py:851} INFO - Dependencies all met for <TaskInstance: our_dag_with_python_operator_v07.get_name 2022-04-07T00:00:00+00:00 [queued]>
[2024-06-24 13:00:52,997] {taskinstance.py:851} INFO - Dependencies all met for <TaskInstance: our_dag_with_python_operator_v07.get_name 2022-04-07T00:00:00+00:00 [queued]>
[2024-06-24 13:00:53,005] {taskinstance.py:1042} INFO - 
--------------------------------------------------------------------------------
[2024-06-24 13:00:53,015] {taskinstance.py:1043} INFO - Starting attempt 1 of 6
[2024-06-24 13:00:53,016] {taskinstance.py:1044} INFO - 
--------------------------------------------------------------------------------
[2024-06-24 13:00:53,164] {taskinstance.py:1063} INFO - Executing <Task(PythonOperator): get_name> on 2022-04-07T00:00:00+00:00
[2024-06-24 13:00:53,212] {standard_task_runner.py:52} INFO - Started process 35787 to run task
[2024-06-24 13:00:53,245] {standard_task_runner.py:76} INFO - Running: ['airflow', 'tasks', 'run', 'our_dag_with_python_operator_v07', 'get_name', '2022-04-07T00:00:00+00:00', '--job-id', '2525', '--pool', 'default_pool', '--raw', '--subdir', 'DAGS_FOLDER/create_dag_with_python_operator.py', '--cfg-path', '/tmp/tmpagxejg73', '--error-file', '/tmp/tmppy39f83g']
[2024-06-24 13:00:53,268] {standard_task_runner.py:77} INFO - Job 2525: Subtask get_name
[2024-06-24 13:00:53,793] {logging_mixin.py:104} INFO - Running <TaskInstance: our_dag_with_python_operator_v07.get_name 2022-04-07T00:00:00+00:00 [running]> on host 799b1e36e3f1
[2024-06-24 13:00:54,179] {taskinstance.py:1257} INFO - Exporting the following env vars:
AIRFLOW_CTX_DAG_OWNER=coder2j
AIRFLOW_CTX_DAG_ID=our_dag_with_python_operator_v07
AIRFLOW_CTX_TASK_ID=get_name
AIRFLOW_CTX_EXECUTION_DATE=2022-04-07T00:00:00+00:00
AIRFLOW_CTX_DAG_RUN_ID=scheduled__2022-04-07T00:00:00+00:00
[2024-06-24 13:00:54,895] {python.py:118} INFO - Done. Returned value was: None
[2024-06-24 13:00:55,053] {taskinstance.py:1166} INFO - Marking task as SUCCESS. dag_id=our_dag_with_python_operator_v07, task_id=get_name, execution_date=20220407T000000, start_date=20240624T130052, end_date=20240624T130055
[2024-06-24 13:00:55,363] {taskinstance.py:1220} INFO - 1 downstream tasks scheduled from follow-on schedule check
[2024-06-24 13:00:55,426] {local_task_job.py:146} INFO - Task exited with return code 0
