[2024-07-12 11:11:33,492] {taskinstance.py:851} INFO - Dependencies all met for <TaskInstance: our_first_dag_v5.thrid_task 2024-07-07T00:00:00+00:00 [queued]>
[2024-07-12 11:11:33,605] {taskinstance.py:851} INFO - Dependencies all met for <TaskInstance: our_first_dag_v5.thrid_task 2024-07-07T00:00:00+00:00 [queued]>
[2024-07-12 11:11:33,616] {taskinstance.py:1042} INFO - 
--------------------------------------------------------------------------------
[2024-07-12 11:11:33,618] {taskinstance.py:1043} INFO - Starting attempt 1 of 6
[2024-07-12 11:11:33,623] {taskinstance.py:1044} INFO - 
--------------------------------------------------------------------------------
[2024-07-12 11:11:33,779] {taskinstance.py:1063} INFO - Executing <Task(BashOperator): thrid_task> on 2024-07-07T00:00:00+00:00
[2024-07-12 11:11:33,797] {standard_task_runner.py:52} INFO - Started process 350 to run task
[2024-07-12 11:11:33,817] {standard_task_runner.py:76} INFO - Running: ['airflow', 'tasks', 'run', 'our_first_dag_v5', 'thrid_task', '2024-07-07T00:00:00+00:00', '--job-id', '12362', '--pool', 'default_pool', '--raw', '--subdir', 'DAGS_FOLDER/our_first_dag.py', '--cfg-path', '/tmp/tmpej49n2tv', '--error-file', '/tmp/tmpb0k87lya']
[2024-07-12 11:11:33,831] {standard_task_runner.py:77} INFO - Job 12362: Subtask thrid_task
[2024-07-12 11:11:34,263] {logging_mixin.py:104} INFO - Running <TaskInstance: our_first_dag_v5.thrid_task 2024-07-07T00:00:00+00:00 [running]> on host 799b1e36e3f1
[2024-07-12 11:11:34,920] {taskinstance.py:1257} INFO - Exporting the following env vars:
AIRFLOW_CTX_DAG_OWNER=coder2j
AIRFLOW_CTX_DAG_ID=our_first_dag_v5
AIRFLOW_CTX_TASK_ID=thrid_task
AIRFLOW_CTX_EXECUTION_DATE=2024-07-07T00:00:00+00:00
AIRFLOW_CTX_DAG_RUN_ID=scheduled__2024-07-07T00:00:00+00:00
[2024-07-12 11:11:34,941] {bash.py:135} INFO - Tmp dir root location: 
 /tmp
[2024-07-12 11:11:34,943] {bash.py:158} INFO - Running command: echo hey, I am task3 and will be running after task1 at the same time as task2!
[2024-07-12 11:11:35,129] {bash.py:169} INFO - Output:
[2024-07-12 11:11:35,182] {bash.py:173} INFO - hey, I am task3 and will be running after task1 at the same time as task2!
[2024-07-12 11:11:35,228] {bash.py:177} INFO - Command exited with return code 0
[2024-07-12 11:11:35,421] {taskinstance.py:1166} INFO - Marking task as SUCCESS. dag_id=our_first_dag_v5, task_id=thrid_task, execution_date=20240707T000000, start_date=20240712T111133, end_date=20240712T111135
[2024-07-12 11:11:36,934] {taskinstance.py:1220} INFO - 0 downstream tasks scheduled from follow-on schedule check
[2024-07-12 11:11:37,050] {local_task_job.py:146} INFO - Task exited with return code 0
