[2024-06-24 12:49:40,825] {taskinstance.py:851} INFO - Dependencies all met for <TaskInstance: dag_with_cron_expression_v04.task1 2021-11-18T03:00:00+00:00 [queued]>
[2024-06-24 12:49:40,894] {taskinstance.py:851} INFO - Dependencies all met for <TaskInstance: dag_with_cron_expression_v04.task1 2021-11-18T03:00:00+00:00 [queued]>
[2024-06-24 12:49:40,910] {taskinstance.py:1042} INFO - 
--------------------------------------------------------------------------------
[2024-06-24 12:49:40,911] {taskinstance.py:1043} INFO - Starting attempt 1 of 6
[2024-06-24 12:49:40,917] {taskinstance.py:1044} INFO - 
--------------------------------------------------------------------------------
[2024-06-24 12:49:41,012] {taskinstance.py:1063} INFO - Executing <Task(BashOperator): task1> on 2021-11-18T03:00:00+00:00
[2024-06-24 12:49:41,095] {standard_task_runner.py:52} INFO - Started process 25562 to run task
[2024-06-24 12:49:41,138] {standard_task_runner.py:76} INFO - Running: ['airflow', 'tasks', 'run', 'dag_with_cron_expression_v04', 'task1', '2021-11-18T03:00:00+00:00', '--job-id', '84', '--pool', 'default_pool', '--raw', '--subdir', 'DAGS_FOLDER/dag_with_cron_expression.py', '--cfg-path', '/tmp/tmpjq9ad47s', '--error-file', '/tmp/tmphgqg_2lb']
[2024-06-24 12:49:41,148] {standard_task_runner.py:77} INFO - Job 84: Subtask task1
[2024-06-24 12:49:41,439] {logging_mixin.py:104} INFO - Running <TaskInstance: dag_with_cron_expression_v04.task1 2021-11-18T03:00:00+00:00 [running]> on host 799b1e36e3f1
[2024-06-24 12:49:41,657] {taskinstance.py:1257} INFO - Exporting the following env vars:
AIRFLOW_CTX_DAG_OWNER=coder2j
AIRFLOW_CTX_DAG_ID=dag_with_cron_expression_v04
AIRFLOW_CTX_TASK_ID=task1
AIRFLOW_CTX_EXECUTION_DATE=2021-11-18T03:00:00+00:00
AIRFLOW_CTX_DAG_RUN_ID=scheduled__2021-11-18T03:00:00+00:00
[2024-06-24 12:49:41,662] {bash.py:135} INFO - Tmp dir root location: 
 /tmp
[2024-06-24 12:49:41,665] {bash.py:158} INFO - Running command: echo dag with cron expression!
[2024-06-24 12:49:41,721] {bash.py:169} INFO - Output:
[2024-06-24 12:49:41,729] {bash.py:173} INFO - dag with cron expression!
[2024-06-24 12:49:41,731] {bash.py:177} INFO - Command exited with return code 0
[2024-06-24 12:49:41,874] {taskinstance.py:1166} INFO - Marking task as SUCCESS. dag_id=dag_with_cron_expression_v04, task_id=task1, execution_date=20211118T030000, start_date=20240624T124940, end_date=20240624T124941
[2024-06-24 12:49:41,965] {taskinstance.py:1220} INFO - 0 downstream tasks scheduled from follow-on schedule check
[2024-06-24 12:49:42,027] {local_task_job.py:146} INFO - Task exited with return code 0
