[2024-06-24 14:22:11,685] {taskinstance.py:851} INFO - Dependencies all met for <TaskInstance: dag_with_python_dependencies_v03.get_sklearn 2022-08-04T00:00:00+00:00 [queued]>
[2024-06-24 14:22:11,731] {taskinstance.py:851} INFO - Dependencies all met for <TaskInstance: dag_with_python_dependencies_v03.get_sklearn 2022-08-04T00:00:00+00:00 [queued]>
[2024-06-24 14:22:11,738] {taskinstance.py:1042} INFO - 
--------------------------------------------------------------------------------
[2024-06-24 14:22:11,741] {taskinstance.py:1043} INFO - Starting attempt 1 of 1
[2024-06-24 14:22:11,742] {taskinstance.py:1044} INFO - 
--------------------------------------------------------------------------------
[2024-06-24 14:22:11,828] {taskinstance.py:1063} INFO - Executing <Task(PythonOperator): get_sklearn> on 2022-08-04T00:00:00+00:00
[2024-06-24 14:22:11,882] {standard_task_runner.py:76} INFO - Running: ['airflow', 'tasks', 'run', 'dag_with_python_dependencies_v03', 'get_sklearn', '2022-08-04T00:00:00+00:00', '--job-id', '4365', '--pool', 'default_pool', '--raw', '--subdir', 'DAGS_FOLDER/dag_with_python_dependencies.py', '--cfg-path', '/tmp/tmpz63amjc0', '--error-file', '/tmp/tmpdj60ph2y']
[2024-06-24 14:22:11,914] {standard_task_runner.py:77} INFO - Job 4365: Subtask get_sklearn
[2024-06-24 14:22:11,874] {standard_task_runner.py:52} INFO - Started process 5960 to run task
[2024-06-24 14:22:12,255] {logging_mixin.py:104} INFO - Running <TaskInstance: dag_with_python_dependencies_v03.get_sklearn 2022-08-04T00:00:00+00:00 [running]> on host 799b1e36e3f1
[2024-06-24 14:22:12,495] {taskinstance.py:1257} INFO - Exporting the following env vars:
AIRFLOW_CTX_DAG_OWNER=coder2j
AIRFLOW_CTX_DAG_ID=dag_with_python_dependencies_v03
AIRFLOW_CTX_TASK_ID=get_sklearn
AIRFLOW_CTX_EXECUTION_DATE=2022-08-04T00:00:00+00:00
AIRFLOW_CTX_DAG_RUN_ID=scheduled__2022-08-04T00:00:00+00:00
[2024-06-24 14:22:16,263] {logging_mixin.py:104} INFO - sklearn with version: 0.24.2
[2024-06-24 14:22:16,270] {python.py:118} INFO - Done. Returned value was: None
[2024-06-24 14:22:16,318] {taskinstance.py:1166} INFO - Marking task as SUCCESS. dag_id=dag_with_python_dependencies_v03, task_id=get_sklearn, execution_date=20220804T000000, start_date=20240624T142211, end_date=20240624T142216
[2024-06-24 14:22:16,507] {taskinstance.py:1220} INFO - 1 downstream tasks scheduled from follow-on schedule check
[2024-06-24 14:22:16,626] {local_task_job.py:146} INFO - Task exited with return code 0
