[2024-06-24 15:06:06,584] {taskinstance.py:851} INFO - Dependencies all met for <TaskInstance: our_first_dag_v5.second_task 2024-05-10T00:00:00+00:00 [queued]>
[2024-06-24 15:06:06,616] {taskinstance.py:851} INFO - Dependencies all met for <TaskInstance: our_first_dag_v5.second_task 2024-05-10T00:00:00+00:00 [queued]>
[2024-06-24 15:06:06,623] {taskinstance.py:1042} INFO - 
--------------------------------------------------------------------------------
[2024-06-24 15:06:06,629] {taskinstance.py:1043} INFO - Starting attempt 1 of 6
[2024-06-24 15:06:06,630] {taskinstance.py:1044} INFO - 
--------------------------------------------------------------------------------
[2024-06-24 15:06:06,715] {taskinstance.py:1063} INFO - Executing <Task(BashOperator): second_task> on 2024-05-10T00:00:00+00:00
[2024-06-24 15:06:06,729] {standard_task_runner.py:52} INFO - Started process 34629 to run task
[2024-06-24 15:06:06,786] {standard_task_runner.py:76} INFO - Running: ['airflow', 'tasks', 'run', 'our_first_dag_v5', 'second_task', '2024-05-10T00:00:00+00:00', '--job-id', '11762', '--pool', 'default_pool', '--raw', '--subdir', 'DAGS_FOLDER/our_first_dag.py', '--cfg-path', '/tmp/tmpnxf4_lrf', '--error-file', '/tmp/tmpsxbyzn0c']
[2024-06-24 15:06:06,793] {standard_task_runner.py:77} INFO - Job 11762: Subtask second_task
[2024-06-24 15:06:07,043] {logging_mixin.py:104} INFO - Running <TaskInstance: our_first_dag_v5.second_task 2024-05-10T00:00:00+00:00 [running]> on host 799b1e36e3f1
[2024-06-24 15:06:07,239] {taskinstance.py:1257} INFO - Exporting the following env vars:
AIRFLOW_CTX_DAG_OWNER=coder2j
AIRFLOW_CTX_DAG_ID=our_first_dag_v5
AIRFLOW_CTX_TASK_ID=second_task
AIRFLOW_CTX_EXECUTION_DATE=2024-05-10T00:00:00+00:00
AIRFLOW_CTX_DAG_RUN_ID=scheduled__2024-05-10T00:00:00+00:00
[2024-06-24 15:06:07,242] {bash.py:135} INFO - Tmp dir root location: 
 /tmp
[2024-06-24 15:06:07,244] {bash.py:158} INFO - Running command: echo hey, I am task2 and will be running after task1!
[2024-06-24 15:06:07,273] {bash.py:169} INFO - Output:
[2024-06-24 15:06:07,274] {bash.py:173} INFO - hey, I am task2 and will be running after task1!
[2024-06-24 15:06:07,278] {bash.py:177} INFO - Command exited with return code 0
[2024-06-24 15:06:07,400] {taskinstance.py:1166} INFO - Marking task as SUCCESS. dag_id=our_first_dag_v5, task_id=second_task, execution_date=20240510T000000, start_date=20240624T150606, end_date=20240624T150607
[2024-06-24 15:06:07,520] {taskinstance.py:1220} INFO - 0 downstream tasks scheduled from follow-on schedule check
[2024-06-24 15:06:07,572] {local_task_job.py:146} INFO - Task exited with return code 0
