[2024-06-25 01:03:38,339] {taskinstance.py:851} INFO - Dependencies all met for <TaskInstance: our_dag_with_python_operator_v07.get_age 2024-06-24T00:00:00+00:00 [queued]>
[2024-06-25 01:03:38,374] {taskinstance.py:851} INFO - Dependencies all met for <TaskInstance: our_dag_with_python_operator_v07.get_age 2024-06-24T00:00:00+00:00 [queued]>
[2024-06-25 01:03:38,376] {taskinstance.py:1042} INFO - 
--------------------------------------------------------------------------------
[2024-06-25 01:03:38,378] {taskinstance.py:1043} INFO - Starting attempt 1 of 6
[2024-06-25 01:03:38,380] {taskinstance.py:1044} INFO - 
--------------------------------------------------------------------------------
[2024-06-25 01:03:38,413] {taskinstance.py:1063} INFO - Executing <Task(PythonOperator): get_age> on 2024-06-24T00:00:00+00:00
[2024-06-25 01:03:38,419] {standard_task_runner.py:52} INFO - Started process 84675 to run task
[2024-06-25 01:03:38,433] {standard_task_runner.py:76} INFO - Running: ['airflow', 'tasks', 'run', 'our_dag_with_python_operator_v07', 'get_age', '2024-06-24T00:00:00+00:00', '--job-id', '12177', '--pool', 'default_pool', '--raw', '--subdir', 'DAGS_FOLDER/create_dag_with_python_operator.py', '--cfg-path', '/tmp/tmplgcq_fp0', '--error-file', '/tmp/tmpz5a8vycl']
[2024-06-25 01:03:38,440] {standard_task_runner.py:77} INFO - Job 12177: Subtask get_age
[2024-06-25 01:03:38,561] {logging_mixin.py:104} INFO - Running <TaskInstance: our_dag_with_python_operator_v07.get_age 2024-06-24T00:00:00+00:00 [running]> on host 799b1e36e3f1
[2024-06-25 01:03:38,702] {taskinstance.py:1257} INFO - Exporting the following env vars:
AIRFLOW_CTX_DAG_OWNER=coder2j
AIRFLOW_CTX_DAG_ID=our_dag_with_python_operator_v07
AIRFLOW_CTX_TASK_ID=get_age
AIRFLOW_CTX_EXECUTION_DATE=2024-06-24T00:00:00+00:00
AIRFLOW_CTX_DAG_RUN_ID=scheduled__2024-06-24T00:00:00+00:00
[2024-06-25 01:03:38,741] {python.py:118} INFO - Done. Returned value was: None
[2024-06-25 01:03:38,768] {taskinstance.py:1166} INFO - Marking task as SUCCESS. dag_id=our_dag_with_python_operator_v07, task_id=get_age, execution_date=20240624T000000, start_date=20240625T010338, end_date=20240625T010338
[2024-06-25 01:03:39,058] {taskinstance.py:1220} INFO - 0 downstream tasks scheduled from follow-on schedule check
[2024-06-25 01:03:39,082] {local_task_job.py:146} INFO - Task exited with return code 0
