[2024-06-24 12:53:12,514] {taskinstance.py:851} INFO - Dependencies all met for <TaskInstance: our_dag_with_python_operator_v07.greet 2021-11-03T00:00:00+00:00 [queued]>
[2024-06-24 12:53:12,562] {taskinstance.py:851} INFO - Dependencies all met for <TaskInstance: our_dag_with_python_operator_v07.greet 2021-11-03T00:00:00+00:00 [queued]>
[2024-06-24 12:53:12,569] {taskinstance.py:1042} INFO - 
--------------------------------------------------------------------------------
[2024-06-24 12:53:12,572] {taskinstance.py:1043} INFO - Starting attempt 1 of 6
[2024-06-24 12:53:12,574] {taskinstance.py:1044} INFO - 
--------------------------------------------------------------------------------
[2024-06-24 12:53:12,654] {taskinstance.py:1063} INFO - Executing <Task(PythonOperator): greet> on 2021-11-03T00:00:00+00:00
[2024-06-24 12:53:12,684] {standard_task_runner.py:52} INFO - Started process 28377 to run task
[2024-06-24 12:53:12,697] {standard_task_runner.py:76} INFO - Running: ['airflow', 'tasks', 'run', 'our_dag_with_python_operator_v07', 'greet', '2021-11-03T00:00:00+00:00', '--job-id', '726', '--pool', 'default_pool', '--raw', '--subdir', 'DAGS_FOLDER/create_dag_with_python_operator.py', '--cfg-path', '/tmp/tmp44pa2sls', '--error-file', '/tmp/tmp33ogg_wb']
[2024-06-24 12:53:12,708] {standard_task_runner.py:77} INFO - Job 726: Subtask greet
[2024-06-24 12:53:12,941] {logging_mixin.py:104} INFO - Running <TaskInstance: our_dag_with_python_operator_v07.greet 2021-11-03T00:00:00+00:00 [running]> on host 799b1e36e3f1
[2024-06-24 12:53:13,161] {taskinstance.py:1257} INFO - Exporting the following env vars:
AIRFLOW_CTX_DAG_OWNER=coder2j
AIRFLOW_CTX_DAG_ID=our_dag_with_python_operator_v07
AIRFLOW_CTX_TASK_ID=greet
AIRFLOW_CTX_EXECUTION_DATE=2021-11-03T00:00:00+00:00
AIRFLOW_CTX_DAG_RUN_ID=scheduled__2021-11-03T00:00:00+00:00
[2024-06-24 12:53:13,167] {logging_mixin.py:104} INFO - some dict:  {'a': 1, 'b': 2}
[2024-06-24 12:53:13,654] {logging_mixin.py:104} INFO - Hello World! My name is Jerry Fridman, and I am 19 years old!
[2024-06-24 12:53:13,694] {python.py:118} INFO - Done. Returned value was: None
[2024-06-24 12:53:13,791] {taskinstance.py:1166} INFO - Marking task as SUCCESS. dag_id=our_dag_with_python_operator_v07, task_id=greet, execution_date=20211103T000000, start_date=20240624T125312, end_date=20240624T125313
[2024-06-24 12:53:13,963] {taskinstance.py:1220} INFO - 0 downstream tasks scheduled from follow-on schedule check
[2024-06-24 12:53:14,061] {local_task_job.py:146} INFO - Task exited with return code 0
