[2024-06-24 14:22:06,871] {taskinstance.py:851} INFO - Dependencies all met for <TaskInstance: dag_with_taskflow_api_v02.greet 2022-09-18T00:00:00+00:00 [queued]>
[2024-06-24 14:22:06,940] {taskinstance.py:851} INFO - Dependencies all met for <TaskInstance: dag_with_taskflow_api_v02.greet 2022-09-18T00:00:00+00:00 [queued]>
[2024-06-24 14:22:06,944] {taskinstance.py:1042} INFO - 
--------------------------------------------------------------------------------
[2024-06-24 14:22:06,945] {taskinstance.py:1043} INFO - Starting attempt 1 of 6
[2024-06-24 14:22:06,946] {taskinstance.py:1044} INFO - 
--------------------------------------------------------------------------------
[2024-06-24 14:22:07,035] {taskinstance.py:1063} INFO - Executing <Task(_PythonDecoratedOperator): greet> on 2022-09-18T00:00:00+00:00
[2024-06-24 14:22:07,062] {standard_task_runner.py:52} INFO - Started process 5825 to run task
[2024-06-24 14:22:07,077] {standard_task_runner.py:76} INFO - Running: ['airflow', 'tasks', 'run', 'dag_with_taskflow_api_v02', 'greet', '2022-09-18T00:00:00+00:00', '--job-id', '4334', '--pool', 'default_pool', '--raw', '--subdir', 'DAGS_FOLDER/dag_with_taskflow_api.py', '--cfg-path', '/tmp/tmpt15jp222', '--error-file', '/tmp/tmpoplsipm3']
[2024-06-24 14:22:07,088] {standard_task_runner.py:77} INFO - Job 4334: Subtask greet
[2024-06-24 14:22:07,556] {logging_mixin.py:104} INFO - Running <TaskInstance: dag_with_taskflow_api_v02.greet 2022-09-18T00:00:00+00:00 [running]> on host 799b1e36e3f1
[2024-06-24 14:22:08,302] {taskinstance.py:1257} INFO - Exporting the following env vars:
AIRFLOW_CTX_DAG_OWNER=coder2j
AIRFLOW_CTX_DAG_ID=dag_with_taskflow_api_v02
AIRFLOW_CTX_TASK_ID=greet
AIRFLOW_CTX_EXECUTION_DATE=2022-09-18T00:00:00+00:00
AIRFLOW_CTX_DAG_RUN_ID=scheduled__2022-09-18T00:00:00+00:00
[2024-06-24 14:22:08,308] {logging_mixin.py:104} INFO - Hello World! My name is Jerry Fridman and I am 19 years old!
[2024-06-24 14:22:08,414] {taskinstance.py:1166} INFO - Marking task as SUCCESS. dag_id=dag_with_taskflow_api_v02, task_id=greet, execution_date=20220918T000000, start_date=20240624T142206, end_date=20240624T142208
[2024-06-24 14:22:08,579] {taskinstance.py:1220} INFO - 0 downstream tasks scheduled from follow-on schedule check
[2024-06-24 14:22:08,656] {local_task_job.py:146} INFO - Task exited with return code 0
