[2024-07-04 19:07:07,349] {taskinstance.py:851} INFO - Dependencies all met for <TaskInstance: dag_with_taskflow_api_v02.get_name 2024-06-28T00:00:00+00:00 [queued]>
[2024-07-04 19:07:07,449] {taskinstance.py:851} INFO - Dependencies all met for <TaskInstance: dag_with_taskflow_api_v02.get_name 2024-06-28T00:00:00+00:00 [queued]>
[2024-07-04 19:07:07,451] {taskinstance.py:1042} INFO - 
--------------------------------------------------------------------------------
[2024-07-04 19:07:07,452] {taskinstance.py:1043} INFO - Starting attempt 1 of 6
[2024-07-04 19:07:07,453] {taskinstance.py:1044} INFO - 
--------------------------------------------------------------------------------
[2024-07-04 19:07:07,493] {taskinstance.py:1063} INFO - Executing <Task(_PythonDecoratedOperator): get_name> on 2024-06-28T00:00:00+00:00
[2024-07-04 19:07:07,516] {standard_task_runner.py:52} INFO - Started process 223 to run task
[2024-07-04 19:07:07,533] {standard_task_runner.py:76} INFO - Running: ['airflow', 'tasks', 'run', 'dag_with_taskflow_api_v02', 'get_name', '2024-06-28T00:00:00+00:00', '--job-id', '12223', '--pool', 'default_pool', '--raw', '--subdir', 'DAGS_FOLDER/dag_with_taskflow_api.py', '--cfg-path', '/tmp/tmpq16bfx5f', '--error-file', '/tmp/tmp_y0eogbl']
[2024-07-04 19:07:07,549] {standard_task_runner.py:77} INFO - Job 12223: Subtask get_name
[2024-07-04 19:07:07,693] {logging_mixin.py:104} INFO - Running <TaskInstance: dag_with_taskflow_api_v02.get_name 2024-06-28T00:00:00+00:00 [running]> on host 799b1e36e3f1
[2024-07-04 19:07:08,084] {taskinstance.py:1257} INFO - Exporting the following env vars:
AIRFLOW_CTX_DAG_OWNER=coder2j
AIRFLOW_CTX_DAG_ID=dag_with_taskflow_api_v02
AIRFLOW_CTX_TASK_ID=get_name
AIRFLOW_CTX_EXECUTION_DATE=2024-06-28T00:00:00+00:00
AIRFLOW_CTX_DAG_RUN_ID=scheduled__2024-06-28T00:00:00+00:00
[2024-07-04 19:07:08,368] {taskinstance.py:1166} INFO - Marking task as SUCCESS. dag_id=dag_with_taskflow_api_v02, task_id=get_name, execution_date=20240628T000000, start_date=20240704T190707, end_date=20240704T190708
[2024-07-04 19:07:08,503] {taskinstance.py:1220} INFO - 0 downstream tasks scheduled from follow-on schedule check
[2024-07-04 19:07:08,528] {local_task_job.py:146} INFO - Task exited with return code 0
