[2024-06-24 12:52:42,159] {taskinstance.py:851} INFO - Dependencies all met for <TaskInstance: our_dag_with_python_operator_v07.get_age 2021-10-24T00:00:00+00:00 [queued]>
[2024-06-24 12:52:42,305] {taskinstance.py:851} INFO - Dependencies all met for <TaskInstance: our_dag_with_python_operator_v07.get_age 2021-10-24T00:00:00+00:00 [queued]>
[2024-06-24 12:52:42,312] {taskinstance.py:1042} INFO - 
--------------------------------------------------------------------------------
[2024-06-24 12:52:42,314] {taskinstance.py:1043} INFO - Starting attempt 1 of 6
[2024-06-24 12:52:42,315] {taskinstance.py:1044} INFO - 
--------------------------------------------------------------------------------
[2024-06-24 12:52:42,431] {taskinstance.py:1063} INFO - Executing <Task(PythonOperator): get_age> on 2021-10-24T00:00:00+00:00
[2024-06-24 12:52:42,474] {standard_task_runner.py:52} INFO - Started process 27947 to run task
[2024-06-24 12:52:42,506] {standard_task_runner.py:76} INFO - Running: ['airflow', 'tasks', 'run', 'our_dag_with_python_operator_v07', 'get_age', '2021-10-24T00:00:00+00:00', '--job-id', '610', '--pool', 'default_pool', '--raw', '--subdir', 'DAGS_FOLDER/create_dag_with_python_operator.py', '--cfg-path', '/tmp/tmplh50if4l', '--error-file', '/tmp/tmp47yp7wkl']
[2024-06-24 12:52:42,534] {standard_task_runner.py:77} INFO - Job 610: Subtask get_age
[2024-06-24 12:52:43,041] {logging_mixin.py:104} INFO - Running <TaskInstance: our_dag_with_python_operator_v07.get_age 2021-10-24T00:00:00+00:00 [running]> on host 799b1e36e3f1
[2024-06-24 12:52:43,355] {taskinstance.py:1257} INFO - Exporting the following env vars:
AIRFLOW_CTX_DAG_OWNER=coder2j
AIRFLOW_CTX_DAG_ID=our_dag_with_python_operator_v07
AIRFLOW_CTX_TASK_ID=get_age
AIRFLOW_CTX_EXECUTION_DATE=2021-10-24T00:00:00+00:00
AIRFLOW_CTX_DAG_RUN_ID=scheduled__2021-10-24T00:00:00+00:00
[2024-06-24 12:52:43,414] {python.py:118} INFO - Done. Returned value was: None
[2024-06-24 12:52:43,484] {taskinstance.py:1166} INFO - Marking task as SUCCESS. dag_id=our_dag_with_python_operator_v07, task_id=get_age, execution_date=20211024T000000, start_date=20240624T125242, end_date=20240624T125243
[2024-06-24 12:52:43,675] {taskinstance.py:1220} INFO - 0 downstream tasks scheduled from follow-on schedule check
[2024-06-24 12:52:43,798] {local_task_job.py:146} INFO - Task exited with return code 0
