[2024-06-24 12:52:52,599] {taskinstance.py:851} INFO - Dependencies all met for <TaskInstance: our_first_dag_v5.first_task 2021-08-18T00:00:00+00:00 [queued]>
[2024-06-24 12:52:52,771] {taskinstance.py:851} INFO - Dependencies all met for <TaskInstance: our_first_dag_v5.first_task 2021-08-18T00:00:00+00:00 [queued]>
[2024-06-24 12:52:52,779] {taskinstance.py:1042} INFO - 
--------------------------------------------------------------------------------
[2024-06-24 12:52:52,794] {taskinstance.py:1043} INFO - Starting attempt 1 of 6
[2024-06-24 12:52:52,801] {taskinstance.py:1044} INFO - 
--------------------------------------------------------------------------------
[2024-06-24 12:52:52,958] {taskinstance.py:1063} INFO - Executing <Task(BashOperator): first_task> on 2021-08-18T00:00:00+00:00
[2024-06-24 12:52:53,000] {standard_task_runner.py:52} INFO - Started process 28102 to run task
[2024-06-24 12:52:53,027] {standard_task_runner.py:76} INFO - Running: ['airflow', 'tasks', 'run', 'our_first_dag_v5', 'first_task', '2021-08-18T00:00:00+00:00', '--job-id', '640', '--pool', 'default_pool', '--raw', '--subdir', 'DAGS_FOLDER/our_first_dag.py', '--cfg-path', '/tmp/tmptw5j9o8d', '--error-file', '/tmp/tmppestkqy9']
[2024-06-24 12:52:53,046] {standard_task_runner.py:77} INFO - Job 640: Subtask first_task
[2024-06-24 12:52:53,838] {logging_mixin.py:104} INFO - Running <TaskInstance: our_first_dag_v5.first_task 2021-08-18T00:00:00+00:00 [running]> on host 799b1e36e3f1
[2024-06-24 12:52:54,525] {taskinstance.py:1257} INFO - Exporting the following env vars:
AIRFLOW_CTX_DAG_OWNER=coder2j
AIRFLOW_CTX_DAG_ID=our_first_dag_v5
AIRFLOW_CTX_TASK_ID=first_task
AIRFLOW_CTX_EXECUTION_DATE=2021-08-18T00:00:00+00:00
AIRFLOW_CTX_DAG_RUN_ID=scheduled__2021-08-18T00:00:00+00:00
[2024-06-24 12:52:54,531] {bash.py:135} INFO - Tmp dir root location: 
 /tmp
[2024-06-24 12:52:54,537] {bash.py:158} INFO - Running command: echo hello world, this is the first task!
[2024-06-24 12:52:54,749] {bash.py:169} INFO - Output:
[2024-06-24 12:52:54,791] {bash.py:173} INFO - hello world, this is the first task!
[2024-06-24 12:52:54,820] {bash.py:177} INFO - Command exited with return code 0
[2024-06-24 12:52:55,347] {taskinstance.py:1166} INFO - Marking task as SUCCESS. dag_id=our_first_dag_v5, task_id=first_task, execution_date=20210818T000000, start_date=20240624T125252, end_date=20240624T125255
[2024-06-24 12:52:56,124] {taskinstance.py:1220} INFO - 2 downstream tasks scheduled from follow-on schedule check
[2024-06-24 12:52:56,277] {local_task_job.py:146} INFO - Task exited with return code 0
