[2024-06-24 14:21:13,600] {taskinstance.py:851} INFO - Dependencies all met for <TaskInstance: our_dag_with_python_operator_v07.greet 2022-08-06T00:00:00+00:00 [queued]>
[2024-06-24 14:21:13,645] {taskinstance.py:851} INFO - Dependencies all met for <TaskInstance: our_dag_with_python_operator_v07.greet 2022-08-06T00:00:00+00:00 [queued]>
[2024-06-24 14:21:13,655] {taskinstance.py:1042} INFO - 
--------------------------------------------------------------------------------
[2024-06-24 14:21:13,660] {taskinstance.py:1043} INFO - Starting attempt 1 of 6
[2024-06-24 14:21:13,662] {taskinstance.py:1044} INFO - 
--------------------------------------------------------------------------------
[2024-06-24 14:21:13,723] {taskinstance.py:1063} INFO - Executing <Task(PythonOperator): greet> on 2022-08-06T00:00:00+00:00
[2024-06-24 14:21:13,762] {standard_task_runner.py:52} INFO - Started process 4475 to run task
[2024-06-24 14:21:13,789] {standard_task_runner.py:76} INFO - Running: ['airflow', 'tasks', 'run', 'our_dag_with_python_operator_v07', 'greet', '2022-08-06T00:00:00+00:00', '--job-id', '3961', '--pool', 'default_pool', '--raw', '--subdir', 'DAGS_FOLDER/create_dag_with_python_operator.py', '--cfg-path', '/tmp/tmp22g4cs2s', '--error-file', '/tmp/tmp13h3auie']
[2024-06-24 14:21:13,863] {standard_task_runner.py:77} INFO - Job 3961: Subtask greet
[2024-06-24 14:21:14,125] {logging_mixin.py:104} INFO - Running <TaskInstance: our_dag_with_python_operator_v07.greet 2022-08-06T00:00:00+00:00 [running]> on host 799b1e36e3f1
[2024-06-24 14:21:14,406] {taskinstance.py:1257} INFO - Exporting the following env vars:
AIRFLOW_CTX_DAG_OWNER=coder2j
AIRFLOW_CTX_DAG_ID=our_dag_with_python_operator_v07
AIRFLOW_CTX_TASK_ID=greet
AIRFLOW_CTX_EXECUTION_DATE=2022-08-06T00:00:00+00:00
AIRFLOW_CTX_DAG_RUN_ID=scheduled__2022-08-06T00:00:00+00:00
[2024-06-24 14:21:14,417] {logging_mixin.py:104} INFO - some dict:  {'a': 1, 'b': 2}
[2024-06-24 14:21:14,546] {logging_mixin.py:104} INFO - Hello World! My name is Jerry Fridman, and I am 19 years old!
[2024-06-24 14:21:14,546] {python.py:118} INFO - Done. Returned value was: None
[2024-06-24 14:21:14,613] {taskinstance.py:1166} INFO - Marking task as SUCCESS. dag_id=our_dag_with_python_operator_v07, task_id=greet, execution_date=20220806T000000, start_date=20240624T142113, end_date=20240624T142114
[2024-06-24 14:21:14,770] {taskinstance.py:1220} INFO - 0 downstream tasks scheduled from follow-on schedule check
[2024-06-24 14:21:14,814] {local_task_job.py:146} INFO - Task exited with return code 0
