[2024-08-15 00:00:12,994] {taskinstance.py:851} INFO - Dependencies all met for <TaskInstance: dag_with_python_dependencies_v03.get_sklearn 2024-08-14T00:00:00+00:00 [queued]>
[2024-08-15 00:00:13,196] {taskinstance.py:851} INFO - Dependencies all met for <TaskInstance: dag_with_python_dependencies_v03.get_sklearn 2024-08-14T00:00:00+00:00 [queued]>
[2024-08-15 00:00:13,202] {taskinstance.py:1042} INFO - 
--------------------------------------------------------------------------------
[2024-08-15 00:00:13,206] {taskinstance.py:1043} INFO - Starting attempt 1 of 1
[2024-08-15 00:00:13,210] {taskinstance.py:1044} INFO - 
--------------------------------------------------------------------------------
[2024-08-15 00:00:13,337] {taskinstance.py:1063} INFO - Executing <Task(PythonOperator): get_sklearn> on 2024-08-14T00:00:00+00:00
[2024-08-15 00:00:13,402] {standard_task_runner.py:52} INFO - Started process 3760 to run task
[2024-08-15 00:00:13,472] {standard_task_runner.py:76} INFO - Running: ['airflow', 'tasks', 'run', 'dag_with_python_dependencies_v03', 'get_sklearn', '2024-08-14T00:00:00+00:00', '--job-id', '12814', '--pool', 'default_pool', '--raw', '--subdir', 'DAGS_FOLDER/dag_with_python_dependencies.py', '--cfg-path', '/tmp/tmpz5p1mx6r', '--error-file', '/tmp/tmp_lbsqq6c']
[2024-08-15 00:00:13,525] {standard_task_runner.py:77} INFO - Job 12814: Subtask get_sklearn
[2024-08-15 00:00:14,166] {logging_mixin.py:104} INFO - Running <TaskInstance: dag_with_python_dependencies_v03.get_sklearn 2024-08-14T00:00:00+00:00 [running]> on host 799b1e36e3f1
[2024-08-15 00:00:14,790] {taskinstance.py:1257} INFO - Exporting the following env vars:
AIRFLOW_CTX_DAG_OWNER=coder2j
AIRFLOW_CTX_DAG_ID=dag_with_python_dependencies_v03
AIRFLOW_CTX_TASK_ID=get_sklearn
AIRFLOW_CTX_EXECUTION_DATE=2024-08-14T00:00:00+00:00
AIRFLOW_CTX_DAG_RUN_ID=scheduled__2024-08-14T00:00:00+00:00
[2024-08-15 00:00:32,199] {logging_mixin.py:104} INFO - sklearn with version: 0.24.2
[2024-08-15 00:00:32,201] {python.py:118} INFO - Done. Returned value was: None
[2024-08-15 00:00:32,270] {taskinstance.py:1166} INFO - Marking task as SUCCESS. dag_id=dag_with_python_dependencies_v03, task_id=get_sklearn, execution_date=20240814T000000, start_date=20240815T000013, end_date=20240815T000032
[2024-08-15 00:00:32,516] {taskinstance.py:1220} INFO - 0 downstream tasks scheduled from follow-on schedule check
[2024-08-15 00:00:32,618] {local_task_job.py:146} INFO - Task exited with return code 0
