[2024-06-24 14:24:24,181] {taskinstance.py:851} INFO - Dependencies all met for <TaskInstance: dag_with_taskflow_api_v02.get_name 2022-12-09T00:00:00+00:00 [queued]>
[2024-06-24 14:24:24,240] {taskinstance.py:851} INFO - Dependencies all met for <TaskInstance: dag_with_taskflow_api_v02.get_name 2022-12-09T00:00:00+00:00 [queued]>
[2024-06-24 14:24:24,241] {taskinstance.py:1042} INFO - 
--------------------------------------------------------------------------------
[2024-06-24 14:24:24,244] {taskinstance.py:1043} INFO - Starting attempt 1 of 6
[2024-06-24 14:24:24,247] {taskinstance.py:1044} INFO - 
--------------------------------------------------------------------------------
[2024-06-24 14:24:24,313] {taskinstance.py:1063} INFO - Executing <Task(_PythonDecoratedOperator): get_name> on 2022-12-09T00:00:00+00:00
[2024-06-24 14:24:24,324] {standard_task_runner.py:52} INFO - Started process 9498 to run task
[2024-06-24 14:24:24,334] {standard_task_runner.py:76} INFO - Running: ['airflow', 'tasks', 'run', 'dag_with_taskflow_api_v02', 'get_name', '2022-12-09T00:00:00+00:00', '--job-id', '5316', '--pool', 'default_pool', '--raw', '--subdir', 'DAGS_FOLDER/dag_with_taskflow_api.py', '--cfg-path', '/tmp/tmprxor1jh6', '--error-file', '/tmp/tmppn27j4d3']
[2024-06-24 14:24:24,346] {standard_task_runner.py:77} INFO - Job 5316: Subtask get_name
[2024-06-24 14:24:24,526] {logging_mixin.py:104} INFO - Running <TaskInstance: dag_with_taskflow_api_v02.get_name 2022-12-09T00:00:00+00:00 [running]> on host 799b1e36e3f1
[2024-06-24 14:24:24,808] {taskinstance.py:1257} INFO - Exporting the following env vars:
AIRFLOW_CTX_DAG_OWNER=coder2j
AIRFLOW_CTX_DAG_ID=dag_with_taskflow_api_v02
AIRFLOW_CTX_TASK_ID=get_name
AIRFLOW_CTX_EXECUTION_DATE=2022-12-09T00:00:00+00:00
AIRFLOW_CTX_DAG_RUN_ID=scheduled__2022-12-09T00:00:00+00:00
[2024-06-24 14:24:25,107] {taskinstance.py:1166} INFO - Marking task as SUCCESS. dag_id=dag_with_taskflow_api_v02, task_id=get_name, execution_date=20221209T000000, start_date=20240624T142424, end_date=20240624T142425
[2024-06-24 14:24:25,264] {taskinstance.py:1220} INFO - 0 downstream tasks scheduled from follow-on schedule check
[2024-06-24 14:24:25,322] {local_task_job.py:146} INFO - Task exited with return code 0
