[2024-06-24 14:22:19,903] {taskinstance.py:851} INFO - Dependencies all met for <TaskInstance: dag_with_python_dependencies_v03.get_sklearn 2022-08-10T00:00:00+00:00 [queued]>
[2024-06-24 14:22:19,933] {taskinstance.py:851} INFO - Dependencies all met for <TaskInstance: dag_with_python_dependencies_v03.get_sklearn 2022-08-10T00:00:00+00:00 [queued]>
[2024-06-24 14:22:19,937] {taskinstance.py:1042} INFO - 
--------------------------------------------------------------------------------
[2024-06-24 14:22:19,939] {taskinstance.py:1043} INFO - Starting attempt 1 of 1
[2024-06-24 14:22:19,941] {taskinstance.py:1044} INFO - 
--------------------------------------------------------------------------------
[2024-06-24 14:22:20,053] {taskinstance.py:1063} INFO - Executing <Task(PythonOperator): get_sklearn> on 2022-08-10T00:00:00+00:00
[2024-06-24 14:22:20,086] {standard_task_runner.py:52} INFO - Started process 6171 to run task
[2024-06-24 14:22:20,107] {standard_task_runner.py:76} INFO - Running: ['airflow', 'tasks', 'run', 'dag_with_python_dependencies_v03', 'get_sklearn', '2022-08-10T00:00:00+00:00', '--job-id', '4410', '--pool', 'default_pool', '--raw', '--subdir', 'DAGS_FOLDER/dag_with_python_dependencies.py', '--cfg-path', '/tmp/tmpdi7m99xm', '--error-file', '/tmp/tmpk_nqvjl0']
[2024-06-24 14:22:20,125] {standard_task_runner.py:77} INFO - Job 4410: Subtask get_sklearn
[2024-06-24 14:22:20,373] {logging_mixin.py:104} INFO - Running <TaskInstance: dag_with_python_dependencies_v03.get_sklearn 2022-08-10T00:00:00+00:00 [running]> on host 799b1e36e3f1
[2024-06-24 14:22:20,576] {taskinstance.py:1257} INFO - Exporting the following env vars:
AIRFLOW_CTX_DAG_OWNER=coder2j
AIRFLOW_CTX_DAG_ID=dag_with_python_dependencies_v03
AIRFLOW_CTX_TASK_ID=get_sklearn
AIRFLOW_CTX_EXECUTION_DATE=2022-08-10T00:00:00+00:00
AIRFLOW_CTX_DAG_RUN_ID=scheduled__2022-08-10T00:00:00+00:00
[2024-06-24 14:22:24,080] {logging_mixin.py:104} INFO - sklearn with version: 0.24.2
[2024-06-24 14:22:24,081] {python.py:118} INFO - Done. Returned value was: None
[2024-06-24 14:22:24,189] {taskinstance.py:1166} INFO - Marking task as SUCCESS. dag_id=dag_with_python_dependencies_v03, task_id=get_sklearn, execution_date=20220810T000000, start_date=20240624T142219, end_date=20240624T142224
[2024-06-24 14:22:24,352] {taskinstance.py:1220} INFO - 1 downstream tasks scheduled from follow-on schedule check
[2024-06-24 14:22:24,438] {local_task_job.py:146} INFO - Task exited with return code 0
