[2024-06-24 15:05:25,513] {taskinstance.py:851} INFO - Dependencies all met for <TaskInstance: our_first_dag_v5.first_task 2024-03-14T00:00:00+00:00 [queued]>
[2024-06-24 15:05:25,577] {taskinstance.py:851} INFO - Dependencies all met for <TaskInstance: our_first_dag_v5.first_task 2024-03-14T00:00:00+00:00 [queued]>
[2024-06-24 15:05:25,578] {taskinstance.py:1042} INFO - 
--------------------------------------------------------------------------------
[2024-06-24 15:05:25,579] {taskinstance.py:1043} INFO - Starting attempt 1 of 6
[2024-06-24 15:05:25,583] {taskinstance.py:1044} INFO - 
--------------------------------------------------------------------------------
[2024-06-24 15:05:25,637] {taskinstance.py:1063} INFO - Executing <Task(BashOperator): first_task> on 2024-03-14T00:00:00+00:00
[2024-06-24 15:05:25,658] {standard_task_runner.py:52} INFO - Started process 33530 to run task
[2024-06-24 15:05:25,667] {standard_task_runner.py:76} INFO - Running: ['airflow', 'tasks', 'run', 'our_first_dag_v5', 'first_task', '2024-03-14T00:00:00+00:00', '--job-id', '11473', '--pool', 'default_pool', '--raw', '--subdir', 'DAGS_FOLDER/our_first_dag.py', '--cfg-path', '/tmp/tmpq2lz7f1i', '--error-file', '/tmp/tmpwf_wnqz9']
[2024-06-24 15:05:25,676] {standard_task_runner.py:77} INFO - Job 11473: Subtask first_task
[2024-06-24 15:05:25,867] {logging_mixin.py:104} INFO - Running <TaskInstance: our_first_dag_v5.first_task 2024-03-14T00:00:00+00:00 [running]> on host 799b1e36e3f1
[2024-06-24 15:05:26,112] {taskinstance.py:1257} INFO - Exporting the following env vars:
AIRFLOW_CTX_DAG_OWNER=coder2j
AIRFLOW_CTX_DAG_ID=our_first_dag_v5
AIRFLOW_CTX_TASK_ID=first_task
AIRFLOW_CTX_EXECUTION_DATE=2024-03-14T00:00:00+00:00
AIRFLOW_CTX_DAG_RUN_ID=scheduled__2024-03-14T00:00:00+00:00
[2024-06-24 15:05:26,113] {bash.py:135} INFO - Tmp dir root location: 
 /tmp
[2024-06-24 15:05:26,116] {bash.py:158} INFO - Running command: echo hello world, this is the first task!
[2024-06-24 15:05:26,137] {bash.py:169} INFO - Output:
[2024-06-24 15:05:26,147] {bash.py:173} INFO - hello world, this is the first task!
[2024-06-24 15:05:26,148] {bash.py:177} INFO - Command exited with return code 0
[2024-06-24 15:05:26,228] {taskinstance.py:1166} INFO - Marking task as SUCCESS. dag_id=our_first_dag_v5, task_id=first_task, execution_date=20240314T000000, start_date=20240624T150525, end_date=20240624T150526
[2024-06-24 15:05:26,342] {taskinstance.py:1220} INFO - 2 downstream tasks scheduled from follow-on schedule check
[2024-06-24 15:05:26,400] {local_task_job.py:146} INFO - Task exited with return code 0
