[2024-08-01 17:19:51,914] {taskinstance.py:851} INFO - Dependencies all met for <TaskInstance: our_dag_with_python_operator_v07.get_name 2024-07-31T00:00:00+00:00 [queued]>
[2024-08-01 17:19:52,491] {taskinstance.py:851} INFO - Dependencies all met for <TaskInstance: our_dag_with_python_operator_v07.get_name 2024-07-31T00:00:00+00:00 [queued]>
[2024-08-01 17:19:52,505] {taskinstance.py:1042} INFO - 
--------------------------------------------------------------------------------
[2024-08-01 17:19:52,511] {taskinstance.py:1043} INFO - Starting attempt 1 of 6
[2024-08-01 17:19:52,554] {taskinstance.py:1044} INFO - 
--------------------------------------------------------------------------------
[2024-08-01 17:19:52,939] {taskinstance.py:1063} INFO - Executing <Task(PythonOperator): get_name> on 2024-07-31T00:00:00+00:00
[2024-08-01 17:19:52,952] {standard_task_runner.py:52} INFO - Started process 300 to run task
[2024-08-01 17:19:53,018] {standard_task_runner.py:76} INFO - Running: ['airflow', 'tasks', 'run', 'our_dag_with_python_operator_v07', 'get_name', '2024-07-31T00:00:00+00:00', '--job-id', '12615', '--pool', 'default_pool', '--raw', '--subdir', 'DAGS_FOLDER/create_dag_with_python_operator.py', '--cfg-path', '/tmp/tmpb80w3pkd', '--error-file', '/tmp/tmpl50lsbs4']
[2024-08-01 17:19:53,044] {standard_task_runner.py:77} INFO - Job 12615: Subtask get_name
[2024-08-01 17:19:54,450] {logging_mixin.py:104} INFO - Running <TaskInstance: our_dag_with_python_operator_v07.get_name 2024-07-31T00:00:00+00:00 [running]> on host 799b1e36e3f1
[2024-08-01 17:19:55,078] {taskinstance.py:1257} INFO - Exporting the following env vars:
AIRFLOW_CTX_DAG_OWNER=coder2j
AIRFLOW_CTX_DAG_ID=our_dag_with_python_operator_v07
AIRFLOW_CTX_TASK_ID=get_name
AIRFLOW_CTX_EXECUTION_DATE=2024-07-31T00:00:00+00:00
AIRFLOW_CTX_DAG_RUN_ID=scheduled__2024-07-31T00:00:00+00:00
[2024-08-01 17:19:55,675] {python.py:118} INFO - Done. Returned value was: None
[2024-08-01 17:19:55,719] {taskinstance.py:1166} INFO - Marking task as SUCCESS. dag_id=our_dag_with_python_operator_v07, task_id=get_name, execution_date=20240731T000000, start_date=20240801T171951, end_date=20240801T171955
[2024-08-01 17:19:56,267] {taskinstance.py:1220} INFO - 0 downstream tasks scheduled from follow-on schedule check
[2024-08-01 17:19:56,366] {local_task_job.py:146} INFO - Task exited with return code 0
