[2024-06-24 12:54:22,341] {taskinstance.py:851} INFO - Dependencies all met for <TaskInstance: dag_with_taskflow_api_v02.get_name 2021-12-05T00:00:00+00:00 [queued]>
[2024-06-24 12:54:22,552] {taskinstance.py:851} INFO - Dependencies all met for <TaskInstance: dag_with_taskflow_api_v02.get_name 2021-12-05T00:00:00+00:00 [queued]>
[2024-06-24 12:54:22,566] {taskinstance.py:1042} INFO - 
--------------------------------------------------------------------------------
[2024-06-24 12:54:22,568] {taskinstance.py:1043} INFO - Starting attempt 1 of 6
[2024-06-24 12:54:22,569] {taskinstance.py:1044} INFO - 
--------------------------------------------------------------------------------
[2024-06-24 12:54:22,643] {taskinstance.py:1063} INFO - Executing <Task(_PythonDecoratedOperator): get_name> on 2021-12-05T00:00:00+00:00
[2024-06-24 12:54:22,684] {standard_task_runner.py:52} INFO - Started process 29504 to run task
[2024-06-24 12:54:22,702] {standard_task_runner.py:76} INFO - Running: ['airflow', 'tasks', 'run', 'dag_with_taskflow_api_v02', 'get_name', '2021-12-05T00:00:00+00:00', '--job-id', '983', '--pool', 'default_pool', '--raw', '--subdir', 'DAGS_FOLDER/dag_with_taskflow_api.py', '--cfg-path', '/tmp/tmpzrhin4kk', '--error-file', '/tmp/tmpkj2tzhpt']
[2024-06-24 12:54:22,712] {standard_task_runner.py:77} INFO - Job 983: Subtask get_name
[2024-06-24 12:54:22,971] {logging_mixin.py:104} INFO - Running <TaskInstance: dag_with_taskflow_api_v02.get_name 2021-12-05T00:00:00+00:00 [running]> on host 799b1e36e3f1
[2024-06-24 12:54:23,476] {taskinstance.py:1257} INFO - Exporting the following env vars:
AIRFLOW_CTX_DAG_OWNER=coder2j
AIRFLOW_CTX_DAG_ID=dag_with_taskflow_api_v02
AIRFLOW_CTX_TASK_ID=get_name
AIRFLOW_CTX_EXECUTION_DATE=2021-12-05T00:00:00+00:00
AIRFLOW_CTX_DAG_RUN_ID=scheduled__2021-12-05T00:00:00+00:00
[2024-06-24 12:54:24,125] {taskinstance.py:1166} INFO - Marking task as SUCCESS. dag_id=dag_with_taskflow_api_v02, task_id=get_name, execution_date=20211205T000000, start_date=20240624T125422, end_date=20240624T125424
[2024-06-24 12:54:24,359] {taskinstance.py:1220} INFO - 0 downstream tasks scheduled from follow-on schedule check
[2024-06-24 12:54:24,553] {local_task_job.py:146} INFO - Task exited with return code 0
