[2024-06-24 14:46:23,851] {taskinstance.py:851} INFO - Dependencies all met for <TaskInstance: dag_with_python_dependencies_v03.get_sklearn 2023-08-07T00:00:00+00:00 [queued]>
[2024-06-24 14:46:23,898] {taskinstance.py:851} INFO - Dependencies all met for <TaskInstance: dag_with_python_dependencies_v03.get_sklearn 2023-08-07T00:00:00+00:00 [queued]>
[2024-06-24 14:46:23,912] {taskinstance.py:1042} INFO - 
--------------------------------------------------------------------------------
[2024-06-24 14:46:23,914] {taskinstance.py:1043} INFO - Starting attempt 1 of 1
[2024-06-24 14:46:23,916] {taskinstance.py:1044} INFO - 
--------------------------------------------------------------------------------
[2024-06-24 14:46:23,989] {taskinstance.py:1063} INFO - Executing <Task(PythonOperator): get_sklearn> on 2023-08-07T00:00:00+00:00
[2024-06-24 14:46:24,005] {standard_task_runner.py:52} INFO - Started process 23680 to run task
[2024-06-24 14:46:24,043] {standard_task_runner.py:76} INFO - Running: ['airflow', 'tasks', 'run', 'dag_with_python_dependencies_v03', 'get_sklearn', '2023-08-07T00:00:00+00:00', '--job-id', '9028', '--pool', 'default_pool', '--raw', '--subdir', 'DAGS_FOLDER/dag_with_python_dependencies.py', '--cfg-path', '/tmp/tmpop2tlmne', '--error-file', '/tmp/tmpn61wpa2g']
[2024-06-24 14:46:24,071] {standard_task_runner.py:77} INFO - Job 9028: Subtask get_sklearn
[2024-06-24 14:46:24,211] {logging_mixin.py:104} INFO - Running <TaskInstance: dag_with_python_dependencies_v03.get_sklearn 2023-08-07T00:00:00+00:00 [running]> on host 799b1e36e3f1
[2024-06-24 14:46:24,576] {taskinstance.py:1257} INFO - Exporting the following env vars:
AIRFLOW_CTX_DAG_OWNER=coder2j
AIRFLOW_CTX_DAG_ID=dag_with_python_dependencies_v03
AIRFLOW_CTX_TASK_ID=get_sklearn
AIRFLOW_CTX_EXECUTION_DATE=2023-08-07T00:00:00+00:00
AIRFLOW_CTX_DAG_RUN_ID=scheduled__2023-08-07T00:00:00+00:00
[2024-06-24 14:46:28,670] {logging_mixin.py:104} INFO - sklearn with version: 0.24.2
[2024-06-24 14:46:28,672] {python.py:118} INFO - Done. Returned value was: None
[2024-06-24 14:46:28,740] {taskinstance.py:1166} INFO - Marking task as SUCCESS. dag_id=dag_with_python_dependencies_v03, task_id=get_sklearn, execution_date=20230807T000000, start_date=20240624T144623, end_date=20240624T144628
[2024-06-24 14:46:28,949] {taskinstance.py:1220} INFO - 1 downstream tasks scheduled from follow-on schedule check
[2024-06-24 14:46:29,021] {local_task_job.py:146} INFO - Task exited with return code 0
