[2024-06-24 14:31:38,549] {taskinstance.py:851} INFO - Dependencies all met for <TaskInstance: our_first_dag_v5.second_task 2023-07-16T00:00:00+00:00 [queued]>
[2024-06-24 14:31:38,582] {taskinstance.py:851} INFO - Dependencies all met for <TaskInstance: our_first_dag_v5.second_task 2023-07-16T00:00:00+00:00 [queued]>
[2024-06-24 14:31:38,596] {taskinstance.py:1042} INFO - 
--------------------------------------------------------------------------------
[2024-06-24 14:31:38,599] {taskinstance.py:1043} INFO - Starting attempt 1 of 6
[2024-06-24 14:31:38,600] {taskinstance.py:1044} INFO - 
--------------------------------------------------------------------------------
[2024-06-24 14:31:38,666] {taskinstance.py:1063} INFO - Executing <Task(BashOperator): second_task> on 2023-07-16T00:00:00+00:00
[2024-06-24 14:31:38,681] {standard_task_runner.py:52} INFO - Started process 21153 to run task
[2024-06-24 14:31:38,699] {standard_task_runner.py:76} INFO - Running: ['airflow', 'tasks', 'run', 'our_first_dag_v5', 'second_task', '2023-07-16T00:00:00+00:00', '--job-id', '8462', '--pool', 'default_pool', '--raw', '--subdir', 'DAGS_FOLDER/our_first_dag.py', '--cfg-path', '/tmp/tmpi3_8ouu8', '--error-file', '/tmp/tmpk2b_q00w']
[2024-06-24 14:31:38,714] {standard_task_runner.py:77} INFO - Job 8462: Subtask second_task
[2024-06-24 14:31:38,843] {logging_mixin.py:104} INFO - Running <TaskInstance: our_first_dag_v5.second_task 2023-07-16T00:00:00+00:00 [running]> on host 799b1e36e3f1
[2024-06-24 14:31:39,038] {taskinstance.py:1257} INFO - Exporting the following env vars:
AIRFLOW_CTX_DAG_OWNER=coder2j
AIRFLOW_CTX_DAG_ID=our_first_dag_v5
AIRFLOW_CTX_TASK_ID=second_task
AIRFLOW_CTX_EXECUTION_DATE=2023-07-16T00:00:00+00:00
AIRFLOW_CTX_DAG_RUN_ID=scheduled__2023-07-16T00:00:00+00:00
[2024-06-24 14:31:39,042] {bash.py:135} INFO - Tmp dir root location: 
 /tmp
[2024-06-24 14:31:39,047] {bash.py:158} INFO - Running command: echo hey, I am task2 and will be running after task1!
[2024-06-24 14:31:39,084] {bash.py:169} INFO - Output:
[2024-06-24 14:31:39,094] {bash.py:173} INFO - hey, I am task2 and will be running after task1!
[2024-06-24 14:31:39,095] {bash.py:177} INFO - Command exited with return code 0
[2024-06-24 14:31:39,224] {taskinstance.py:1166} INFO - Marking task as SUCCESS. dag_id=our_first_dag_v5, task_id=second_task, execution_date=20230716T000000, start_date=20240624T143138, end_date=20240624T143139
[2024-06-24 14:31:39,360] {taskinstance.py:1220} INFO - 0 downstream tasks scheduled from follow-on schedule check
[2024-06-24 14:31:39,396] {local_task_job.py:146} INFO - Task exited with return code 0
