[2024-06-24 14:29:14,226] {taskinstance.py:851} INFO - Dependencies all met for <TaskInstance: our_dag_with_python_operator_v07.greet 2023-06-23T00:00:00+00:00 [queued]>
[2024-06-24 14:29:14,280] {taskinstance.py:851} INFO - Dependencies all met for <TaskInstance: our_dag_with_python_operator_v07.greet 2023-06-23T00:00:00+00:00 [queued]>
[2024-06-24 14:29:14,282] {taskinstance.py:1042} INFO - 
--------------------------------------------------------------------------------
[2024-06-24 14:29:14,283] {taskinstance.py:1043} INFO - Starting attempt 1 of 6
[2024-06-24 14:29:14,284] {taskinstance.py:1044} INFO - 
--------------------------------------------------------------------------------
[2024-06-24 14:29:14,325] {taskinstance.py:1063} INFO - Executing <Task(PythonOperator): greet> on 2023-06-23T00:00:00+00:00
[2024-06-24 14:29:14,342] {standard_task_runner.py:52} INFO - Started process 17282 to run task
[2024-06-24 14:29:14,363] {standard_task_runner.py:76} INFO - Running: ['airflow', 'tasks', 'run', 'our_dag_with_python_operator_v07', 'greet', '2023-06-23T00:00:00+00:00', '--job-id', '7415', '--pool', 'default_pool', '--raw', '--subdir', 'DAGS_FOLDER/create_dag_with_python_operator.py', '--cfg-path', '/tmp/tmps_dz6vi5', '--error-file', '/tmp/tmp8p26ogq_']
[2024-06-24 14:29:14,418] {standard_task_runner.py:77} INFO - Job 7415: Subtask greet
[2024-06-24 14:29:14,816] {logging_mixin.py:104} INFO - Running <TaskInstance: our_dag_with_python_operator_v07.greet 2023-06-23T00:00:00+00:00 [running]> on host 799b1e36e3f1
[2024-06-24 14:29:15,112] {taskinstance.py:1257} INFO - Exporting the following env vars:
AIRFLOW_CTX_DAG_OWNER=coder2j
AIRFLOW_CTX_DAG_ID=our_dag_with_python_operator_v07
AIRFLOW_CTX_TASK_ID=greet
AIRFLOW_CTX_EXECUTION_DATE=2023-06-23T00:00:00+00:00
AIRFLOW_CTX_DAG_RUN_ID=scheduled__2023-06-23T00:00:00+00:00
[2024-06-24 14:29:15,119] {logging_mixin.py:104} INFO - some dict:  {'a': 1, 'b': 2}
[2024-06-24 14:29:15,269] {logging_mixin.py:104} INFO - Hello World! My name is Jerry Fridman, and I am 19 years old!
[2024-06-24 14:29:15,271] {python.py:118} INFO - Done. Returned value was: None
[2024-06-24 14:29:15,325] {taskinstance.py:1166} INFO - Marking task as SUCCESS. dag_id=our_dag_with_python_operator_v07, task_id=greet, execution_date=20230623T000000, start_date=20240624T142914, end_date=20240624T142915
[2024-06-24 14:29:15,825] {taskinstance.py:1220} INFO - 0 downstream tasks scheduled from follow-on schedule check
[2024-06-24 14:29:15,876] {local_task_job.py:146} INFO - Task exited with return code 0
