[2024-06-24 14:20:45,152] {taskinstance.py:851} INFO - Dependencies all met for <TaskInstance: our_dag_with_python_operator_v07.get_name 2022-07-24T00:00:00+00:00 [queued]>
[2024-06-24 14:20:45,213] {taskinstance.py:851} INFO - Dependencies all met for <TaskInstance: our_dag_with_python_operator_v07.get_name 2022-07-24T00:00:00+00:00 [queued]>
[2024-06-24 14:20:45,219] {taskinstance.py:1042} INFO - 
--------------------------------------------------------------------------------
[2024-06-24 14:20:45,259] {taskinstance.py:1043} INFO - Starting attempt 1 of 6
[2024-06-24 14:20:45,270] {taskinstance.py:1044} INFO - 
--------------------------------------------------------------------------------
[2024-06-24 14:20:45,393] {taskinstance.py:1063} INFO - Executing <Task(PythonOperator): get_name> on 2022-07-24T00:00:00+00:00
[2024-06-24 14:20:45,404] {standard_task_runner.py:52} INFO - Started process 4020 to run task
[2024-06-24 14:20:45,430] {standard_task_runner.py:76} INFO - Running: ['airflow', 'tasks', 'run', 'our_dag_with_python_operator_v07', 'get_name', '2022-07-24T00:00:00+00:00', '--job-id', '3848', '--pool', 'default_pool', '--raw', '--subdir', 'DAGS_FOLDER/create_dag_with_python_operator.py', '--cfg-path', '/tmp/tmpxl1sbd1z', '--error-file', '/tmp/tmpb086gjgt']
[2024-06-24 14:20:45,452] {standard_task_runner.py:77} INFO - Job 3848: Subtask get_name
[2024-06-24 14:20:45,808] {logging_mixin.py:104} INFO - Running <TaskInstance: our_dag_with_python_operator_v07.get_name 2022-07-24T00:00:00+00:00 [running]> on host 799b1e36e3f1
[2024-06-24 14:20:46,105] {taskinstance.py:1257} INFO - Exporting the following env vars:
AIRFLOW_CTX_DAG_OWNER=coder2j
AIRFLOW_CTX_DAG_ID=our_dag_with_python_operator_v07
AIRFLOW_CTX_TASK_ID=get_name
AIRFLOW_CTX_EXECUTION_DATE=2022-07-24T00:00:00+00:00
AIRFLOW_CTX_DAG_RUN_ID=scheduled__2022-07-24T00:00:00+00:00
[2024-06-24 14:20:46,278] {python.py:118} INFO - Done. Returned value was: None
[2024-06-24 14:20:46,335] {taskinstance.py:1166} INFO - Marking task as SUCCESS. dag_id=our_dag_with_python_operator_v07, task_id=get_name, execution_date=20220724T000000, start_date=20240624T142045, end_date=20240624T142046
[2024-06-24 14:20:46,598] {taskinstance.py:1220} INFO - 0 downstream tasks scheduled from follow-on schedule check
[2024-06-24 14:20:46,646] {local_task_job.py:146} INFO - Task exited with return code 0
