[2024-07-12 11:11:23,565] {taskinstance.py:851} INFO - Dependencies all met for <TaskInstance: dag_with_taskflow_api_v02.get_age 2024-07-07T00:00:00+00:00 [queued]>
[2024-07-12 11:11:23,735] {taskinstance.py:851} INFO - Dependencies all met for <TaskInstance: dag_with_taskflow_api_v02.get_age 2024-07-07T00:00:00+00:00 [queued]>
[2024-07-12 11:11:23,746] {taskinstance.py:1042} INFO - 
--------------------------------------------------------------------------------
[2024-07-12 11:11:23,758] {taskinstance.py:1043} INFO - Starting attempt 1 of 6
[2024-07-12 11:11:23,763] {taskinstance.py:1044} INFO - 
--------------------------------------------------------------------------------
[2024-07-12 11:11:23,898] {taskinstance.py:1063} INFO - Executing <Task(_PythonDecoratedOperator): get_age> on 2024-07-07T00:00:00+00:00
[2024-07-12 11:11:23,950] {standard_task_runner.py:52} INFO - Started process 235 to run task
[2024-07-12 11:11:23,956] {standard_task_runner.py:76} INFO - Running: ['airflow', 'tasks', 'run', 'dag_with_taskflow_api_v02', 'get_age', '2024-07-07T00:00:00+00:00', '--job-id', '12329', '--pool', 'default_pool', '--raw', '--subdir', 'DAGS_FOLDER/dag_with_taskflow_api.py', '--cfg-path', '/tmp/tmpdfhe8uid', '--error-file', '/tmp/tmphojm5kfq']
[2024-07-12 11:11:23,987] {standard_task_runner.py:77} INFO - Job 12329: Subtask get_age
[2024-07-12 11:11:24,965] {logging_mixin.py:104} INFO - Running <TaskInstance: dag_with_taskflow_api_v02.get_age 2024-07-07T00:00:00+00:00 [running]> on host 799b1e36e3f1
[2024-07-12 11:11:25,354] {taskinstance.py:1257} INFO - Exporting the following env vars:
AIRFLOW_CTX_DAG_OWNER=coder2j
AIRFLOW_CTX_DAG_ID=dag_with_taskflow_api_v02
AIRFLOW_CTX_TASK_ID=get_age
AIRFLOW_CTX_EXECUTION_DATE=2024-07-07T00:00:00+00:00
AIRFLOW_CTX_DAG_RUN_ID=scheduled__2024-07-07T00:00:00+00:00
[2024-07-12 11:11:25,595] {taskinstance.py:1166} INFO - Marking task as SUCCESS. dag_id=dag_with_taskflow_api_v02, task_id=get_age, execution_date=20240707T000000, start_date=20240712T111123, end_date=20240712T111125
[2024-07-12 11:11:26,204] {taskinstance.py:1220} INFO - 0 downstream tasks scheduled from follow-on schedule check
[2024-07-12 11:11:26,266] {local_task_job.py:146} INFO - Task exited with return code 0
