[2024-06-24 12:58:03,185] {taskinstance.py:851} INFO - Dependencies all met for <TaskInstance: our_dag_with_python_operator_v07.get_age 2022-02-08T00:00:00+00:00 [queued]>
[2024-06-24 12:58:03,254] {taskinstance.py:851} INFO - Dependencies all met for <TaskInstance: our_dag_with_python_operator_v07.get_age 2022-02-08T00:00:00+00:00 [queued]>
[2024-06-24 12:58:03,256] {taskinstance.py:1042} INFO - 
--------------------------------------------------------------------------------
[2024-06-24 12:58:03,257] {taskinstance.py:1043} INFO - Starting attempt 1 of 6
[2024-06-24 12:58:03,279] {taskinstance.py:1044} INFO - 
--------------------------------------------------------------------------------
[2024-06-24 12:58:03,406] {taskinstance.py:1063} INFO - Executing <Task(PythonOperator): get_age> on 2022-02-08T00:00:00+00:00
[2024-06-24 12:58:03,454] {standard_task_runner.py:52} INFO - Started process 33086 to run task
[2024-06-24 12:58:03,470] {standard_task_runner.py:76} INFO - Running: ['airflow', 'tasks', 'run', 'our_dag_with_python_operator_v07', 'get_age', '2022-02-08T00:00:00+00:00', '--job-id', '1862', '--pool', 'default_pool', '--raw', '--subdir', 'DAGS_FOLDER/create_dag_with_python_operator.py', '--cfg-path', '/tmp/tmpbgv7_v6v', '--error-file', '/tmp/tmp4htev8te']
[2024-06-24 12:58:03,488] {standard_task_runner.py:77} INFO - Job 1862: Subtask get_age
[2024-06-24 12:58:04,193] {logging_mixin.py:104} INFO - Running <TaskInstance: our_dag_with_python_operator_v07.get_age 2022-02-08T00:00:00+00:00 [running]> on host 799b1e36e3f1
[2024-06-24 12:58:04,695] {taskinstance.py:1257} INFO - Exporting the following env vars:
AIRFLOW_CTX_DAG_OWNER=coder2j
AIRFLOW_CTX_DAG_ID=our_dag_with_python_operator_v07
AIRFLOW_CTX_TASK_ID=get_age
AIRFLOW_CTX_EXECUTION_DATE=2022-02-08T00:00:00+00:00
AIRFLOW_CTX_DAG_RUN_ID=scheduled__2022-02-08T00:00:00+00:00
[2024-06-24 12:58:04,822] {python.py:118} INFO - Done. Returned value was: None
[2024-06-24 12:58:04,853] {taskinstance.py:1166} INFO - Marking task as SUCCESS. dag_id=our_dag_with_python_operator_v07, task_id=get_age, execution_date=20220208T000000, start_date=20240624T125803, end_date=20240624T125804
[2024-06-24 12:58:05,194] {taskinstance.py:1220} INFO - 1 downstream tasks scheduled from follow-on schedule check
[2024-06-24 12:58:05,286] {local_task_job.py:146} INFO - Task exited with return code 0
