[2024-06-24 12:49:36,537] {taskinstance.py:851} INFO - Dependencies all met for <TaskInstance: our_first_dag_v5.first_task 2024-06-24T11:48:22.651294+00:00 [queued]>
[2024-06-24 12:49:36,575] {taskinstance.py:851} INFO - Dependencies all met for <TaskInstance: our_first_dag_v5.first_task 2024-06-24T11:48:22.651294+00:00 [queued]>
[2024-06-24 12:49:36,576] {taskinstance.py:1042} INFO - 
--------------------------------------------------------------------------------
[2024-06-24 12:49:36,580] {taskinstance.py:1043} INFO - Starting attempt 1 of 6
[2024-06-24 12:49:36,582] {taskinstance.py:1044} INFO - 
--------------------------------------------------------------------------------
[2024-06-24 12:49:36,623] {taskinstance.py:1063} INFO - Executing <Task(BashOperator): first_task> on 2024-06-24T11:48:22.651294+00:00
[2024-06-24 12:49:36,645] {standard_task_runner.py:52} INFO - Started process 25471 to run task
[2024-06-24 12:49:36,669] {standard_task_runner.py:76} INFO - Running: ['airflow', 'tasks', 'run', 'our_first_dag_v5', 'first_task', '2024-06-24T11:48:22.651294+00:00', '--job-id', '59', '--pool', 'default_pool', '--raw', '--subdir', 'DAGS_FOLDER/our_first_dag.py', '--cfg-path', '/tmp/tmp_r7sf482', '--error-file', '/tmp/tmpmc4dqaqf']
[2024-06-24 12:49:36,688] {standard_task_runner.py:77} INFO - Job 59: Subtask first_task
[2024-06-24 12:49:36,917] {logging_mixin.py:104} INFO - Running <TaskInstance: our_first_dag_v5.first_task 2024-06-24T11:48:22.651294+00:00 [running]> on host 799b1e36e3f1
[2024-06-24 12:49:37,069] {taskinstance.py:1257} INFO - Exporting the following env vars:
AIRFLOW_CTX_DAG_OWNER=coder2j
AIRFLOW_CTX_DAG_ID=our_first_dag_v5
AIRFLOW_CTX_TASK_ID=first_task
AIRFLOW_CTX_EXECUTION_DATE=2024-06-24T11:48:22.651294+00:00
AIRFLOW_CTX_DAG_RUN_ID=manual__2024-06-24T11:48:22.651294+00:00
[2024-06-24 12:49:37,073] {bash.py:135} INFO - Tmp dir root location: 
 /tmp
[2024-06-24 12:49:37,079] {bash.py:158} INFO - Running command: echo hello world, this is the first task!
[2024-06-24 12:49:37,106] {bash.py:169} INFO - Output:
[2024-06-24 12:49:37,112] {bash.py:173} INFO - hello world, this is the first task!
[2024-06-24 12:49:37,113] {bash.py:177} INFO - Command exited with return code 0
[2024-06-24 12:49:37,230] {taskinstance.py:1166} INFO - Marking task as SUCCESS. dag_id=our_first_dag_v5, task_id=first_task, execution_date=20240624T114822, start_date=20240624T124936, end_date=20240624T124937
[2024-06-24 12:49:37,340] {taskinstance.py:1220} INFO - 2 downstream tasks scheduled from follow-on schedule check
[2024-06-24 12:49:37,375] {local_task_job.py:146} INFO - Task exited with return code 0
