[2024-06-24 14:31:16,332] {taskinstance.py:851} INFO - Dependencies all met for <TaskInstance: our_dag_with_python_operator_v07.get_name 2023-09-14T00:00:00+00:00 [queued]>
[2024-06-24 14:31:16,419] {taskinstance.py:851} INFO - Dependencies all met for <TaskInstance: our_dag_with_python_operator_v07.get_name 2023-09-14T00:00:00+00:00 [queued]>
[2024-06-24 14:31:16,423] {taskinstance.py:1042} INFO - 
--------------------------------------------------------------------------------
[2024-06-24 14:31:16,424] {taskinstance.py:1043} INFO - Starting attempt 1 of 6
[2024-06-24 14:31:16,433] {taskinstance.py:1044} INFO - 
--------------------------------------------------------------------------------
[2024-06-24 14:31:16,504] {taskinstance.py:1063} INFO - Executing <Task(PythonOperator): get_name> on 2023-09-14T00:00:00+00:00
[2024-06-24 14:31:16,519] {standard_task_runner.py:52} INFO - Started process 20603 to run task
[2024-06-24 14:31:16,543] {standard_task_runner.py:76} INFO - Running: ['airflow', 'tasks', 'run', 'our_dag_with_python_operator_v07', 'get_name', '2023-09-14T00:00:00+00:00', '--job-id', '8302', '--pool', 'default_pool', '--raw', '--subdir', 'DAGS_FOLDER/create_dag_with_python_operator.py', '--cfg-path', '/tmp/tmp1hmxz31e', '--error-file', '/tmp/tmp5uzfy7sg']
[2024-06-24 14:31:16,569] {standard_task_runner.py:77} INFO - Job 8302: Subtask get_name
[2024-06-24 14:31:16,898] {logging_mixin.py:104} INFO - Running <TaskInstance: our_dag_with_python_operator_v07.get_name 2023-09-14T00:00:00+00:00 [running]> on host 799b1e36e3f1
[2024-06-24 14:31:17,180] {taskinstance.py:1257} INFO - Exporting the following env vars:
AIRFLOW_CTX_DAG_OWNER=coder2j
AIRFLOW_CTX_DAG_ID=our_dag_with_python_operator_v07
AIRFLOW_CTX_TASK_ID=get_name
AIRFLOW_CTX_EXECUTION_DATE=2023-09-14T00:00:00+00:00
AIRFLOW_CTX_DAG_RUN_ID=scheduled__2023-09-14T00:00:00+00:00
[2024-06-24 14:31:17,418] {python.py:118} INFO - Done. Returned value was: None
[2024-06-24 14:31:17,540] {taskinstance.py:1166} INFO - Marking task as SUCCESS. dag_id=our_dag_with_python_operator_v07, task_id=get_name, execution_date=20230914T000000, start_date=20240624T143116, end_date=20240624T143117
[2024-06-24 14:31:17,690] {taskinstance.py:1220} INFO - 1 downstream tasks scheduled from follow-on schedule check
[2024-06-24 14:31:17,726] {local_task_job.py:146} INFO - Task exited with return code 0
