[2024-06-24 14:49:15,071] {taskinstance.py:851} INFO - Dependencies all met for <TaskInstance: our_first_dag_v5.thrid_task 2023-10-03T00:00:00+00:00 [queued]>
[2024-06-24 14:49:15,181] {taskinstance.py:851} INFO - Dependencies all met for <TaskInstance: our_first_dag_v5.thrid_task 2023-10-03T00:00:00+00:00 [queued]>
[2024-06-24 14:49:15,187] {taskinstance.py:1042} INFO - 
--------------------------------------------------------------------------------
[2024-06-24 14:49:15,190] {taskinstance.py:1043} INFO - Starting attempt 1 of 6
[2024-06-24 14:49:15,196] {taskinstance.py:1044} INFO - 
--------------------------------------------------------------------------------
[2024-06-24 14:49:15,646] {taskinstance.py:1063} INFO - Executing <Task(BashOperator): thrid_task> on 2023-10-03T00:00:00+00:00
[2024-06-24 14:49:15,809] {standard_task_runner.py:52} INFO - Started process 24674 to run task
[2024-06-24 14:49:15,903] {standard_task_runner.py:76} INFO - Running: ['airflow', 'tasks', 'run', 'our_first_dag_v5', 'thrid_task', '2023-10-03T00:00:00+00:00', '--job-id', '9278', '--pool', 'default_pool', '--raw', '--subdir', 'DAGS_FOLDER/our_first_dag.py', '--cfg-path', '/tmp/tmpk3m529vr', '--error-file', '/tmp/tmp2_xuxegr']
[2024-06-24 14:49:16,001] {standard_task_runner.py:77} INFO - Job 9278: Subtask thrid_task
[2024-06-24 14:49:17,694] {logging_mixin.py:104} INFO - Running <TaskInstance: our_first_dag_v5.thrid_task 2023-10-03T00:00:00+00:00 [running]> on host 799b1e36e3f1
[2024-06-24 14:49:18,986] {taskinstance.py:1257} INFO - Exporting the following env vars:
AIRFLOW_CTX_DAG_OWNER=coder2j
AIRFLOW_CTX_DAG_ID=our_first_dag_v5
AIRFLOW_CTX_TASK_ID=thrid_task
AIRFLOW_CTX_EXECUTION_DATE=2023-10-03T00:00:00+00:00
AIRFLOW_CTX_DAG_RUN_ID=scheduled__2023-10-03T00:00:00+00:00
[2024-06-24 14:49:19,014] {bash.py:135} INFO - Tmp dir root location: 
 /tmp
[2024-06-24 14:49:19,038] {bash.py:158} INFO - Running command: echo hey, I am task3 and will be running after task1 at the same time as task2!
[2024-06-24 14:49:19,298] {bash.py:169} INFO - Output:
[2024-06-24 14:49:19,411] {bash.py:173} INFO - hey, I am task3 and will be running after task1 at the same time as task2!
[2024-06-24 14:49:19,434] {bash.py:177} INFO - Command exited with return code 0
[2024-06-24 14:49:20,129] {taskinstance.py:1166} INFO - Marking task as SUCCESS. dag_id=our_first_dag_v5, task_id=thrid_task, execution_date=20231003T000000, start_date=20240624T144915, end_date=20240624T144920
[2024-06-24 14:49:21,192] {taskinstance.py:1220} INFO - 0 downstream tasks scheduled from follow-on schedule check
[2024-06-24 14:49:21,804] {local_task_job.py:146} INFO - Task exited with return code 0
