[2024-06-24 14:28:36,685] {taskinstance.py:851} INFO - Dependencies all met for <TaskInstance: our_dag_with_python_operator_v07.get_name 2023-05-22T00:00:00+00:00 [queued]>
[2024-06-24 14:28:36,755] {taskinstance.py:851} INFO - Dependencies all met for <TaskInstance: our_dag_with_python_operator_v07.get_name 2023-05-22T00:00:00+00:00 [queued]>
[2024-06-24 14:28:36,758] {taskinstance.py:1042} INFO - 
--------------------------------------------------------------------------------
[2024-06-24 14:28:36,759] {taskinstance.py:1043} INFO - Starting attempt 1 of 6
[2024-06-24 14:28:36,761] {taskinstance.py:1044} INFO - 
--------------------------------------------------------------------------------
[2024-06-24 14:28:36,836] {taskinstance.py:1063} INFO - Executing <Task(PythonOperator): get_name> on 2023-05-22T00:00:00+00:00
[2024-06-24 14:28:36,862] {standard_task_runner.py:52} INFO - Started process 16277 to run task
[2024-06-24 14:28:36,880] {standard_task_runner.py:76} INFO - Running: ['airflow', 'tasks', 'run', 'our_dag_with_python_operator_v07', 'get_name', '2023-05-22T00:00:00+00:00', '--job-id', '7136', '--pool', 'default_pool', '--raw', '--subdir', 'DAGS_FOLDER/create_dag_with_python_operator.py', '--cfg-path', '/tmp/tmpdxqb33lm', '--error-file', '/tmp/tmpskupvbf8']
[2024-06-24 14:28:36,898] {standard_task_runner.py:77} INFO - Job 7136: Subtask get_name
[2024-06-24 14:28:37,278] {logging_mixin.py:104} INFO - Running <TaskInstance: our_dag_with_python_operator_v07.get_name 2023-05-22T00:00:00+00:00 [running]> on host 799b1e36e3f1
[2024-06-24 14:28:37,544] {taskinstance.py:1257} INFO - Exporting the following env vars:
AIRFLOW_CTX_DAG_OWNER=coder2j
AIRFLOW_CTX_DAG_ID=our_dag_with_python_operator_v07
AIRFLOW_CTX_TASK_ID=get_name
AIRFLOW_CTX_EXECUTION_DATE=2023-05-22T00:00:00+00:00
AIRFLOW_CTX_DAG_RUN_ID=scheduled__2023-05-22T00:00:00+00:00
[2024-06-24 14:28:37,799] {python.py:118} INFO - Done. Returned value was: None
[2024-06-24 14:28:37,858] {taskinstance.py:1166} INFO - Marking task as SUCCESS. dag_id=our_dag_with_python_operator_v07, task_id=get_name, execution_date=20230522T000000, start_date=20240624T142836, end_date=20240624T142837
[2024-06-24 14:28:38,035] {taskinstance.py:1220} INFO - 1 downstream tasks scheduled from follow-on schedule check
[2024-06-24 14:28:38,076] {local_task_job.py:146} INFO - Task exited with return code 0
