[2024-06-24 13:01:29,813] {taskinstance.py:851} INFO - Dependencies all met for <TaskInstance: our_dag_with_python_operator_v07.get_age 2022-04-11T00:00:00+00:00 [queued]>
[2024-06-24 13:01:29,870] {taskinstance.py:851} INFO - Dependencies all met for <TaskInstance: our_dag_with_python_operator_v07.get_age 2022-04-11T00:00:00+00:00 [queued]>
[2024-06-24 13:01:29,871] {taskinstance.py:1042} INFO - 
--------------------------------------------------------------------------------
[2024-06-24 13:01:29,875] {taskinstance.py:1043} INFO - Starting attempt 1 of 6
[2024-06-24 13:01:29,877] {taskinstance.py:1044} INFO - 
--------------------------------------------------------------------------------
[2024-06-24 13:01:30,114] {taskinstance.py:1063} INFO - Executing <Task(PythonOperator): get_age> on 2022-04-11T00:00:00+00:00
[2024-06-24 13:01:30,127] {standard_task_runner.py:52} INFO - Started process 36350 to run task
[2024-06-24 13:01:30,162] {standard_task_runner.py:76} INFO - Running: ['airflow', 'tasks', 'run', 'our_dag_with_python_operator_v07', 'get_age', '2022-04-11T00:00:00+00:00', '--job-id', '2669', '--pool', 'default_pool', '--raw', '--subdir', 'DAGS_FOLDER/create_dag_with_python_operator.py', '--cfg-path', '/tmp/tmprpcv2sd3', '--error-file', '/tmp/tmpw1sob1tj']
[2024-06-24 13:01:30,187] {standard_task_runner.py:77} INFO - Job 2669: Subtask get_age
[2024-06-24 13:01:30,848] {logging_mixin.py:104} INFO - Running <TaskInstance: our_dag_with_python_operator_v07.get_age 2022-04-11T00:00:00+00:00 [running]> on host 799b1e36e3f1
[2024-06-24 13:01:31,254] {taskinstance.py:1257} INFO - Exporting the following env vars:
AIRFLOW_CTX_DAG_OWNER=coder2j
AIRFLOW_CTX_DAG_ID=our_dag_with_python_operator_v07
AIRFLOW_CTX_TASK_ID=get_age
AIRFLOW_CTX_EXECUTION_DATE=2022-04-11T00:00:00+00:00
AIRFLOW_CTX_DAG_RUN_ID=scheduled__2022-04-11T00:00:00+00:00
[2024-06-24 13:01:31,509] {python.py:118} INFO - Done. Returned value was: None
[2024-06-24 13:01:31,609] {taskinstance.py:1166} INFO - Marking task as SUCCESS. dag_id=our_dag_with_python_operator_v07, task_id=get_age, execution_date=20220411T000000, start_date=20240624T130129, end_date=20240624T130131
[2024-06-24 13:01:31,796] {taskinstance.py:1220} INFO - 1 downstream tasks scheduled from follow-on schedule check
[2024-06-24 13:01:32,023] {local_task_job.py:146} INFO - Task exited with return code 0
