[2024-06-24 14:27:19,029] {taskinstance.py:851} INFO - Dependencies all met for <TaskInstance: dag_with_python_dependencies_v03.get_matplotlib 2023-01-22T00:00:00+00:00 [queued]>
[2024-06-24 14:27:19,057] {taskinstance.py:851} INFO - Dependencies all met for <TaskInstance: dag_with_python_dependencies_v03.get_matplotlib 2023-01-22T00:00:00+00:00 [queued]>
[2024-06-24 14:27:19,061] {taskinstance.py:1042} INFO - 
--------------------------------------------------------------------------------
[2024-06-24 14:27:19,062] {taskinstance.py:1043} INFO - Starting attempt 1 of 1
[2024-06-24 14:27:19,065] {taskinstance.py:1044} INFO - 
--------------------------------------------------------------------------------
[2024-06-24 14:27:19,121] {taskinstance.py:1063} INFO - Executing <Task(PythonOperator): get_matplotlib> on 2023-01-22T00:00:00+00:00
[2024-06-24 14:27:19,130] {standard_task_runner.py:52} INFO - Started process 14257 to run task
[2024-06-24 14:27:19,159] {standard_task_runner.py:76} INFO - Running: ['airflow', 'tasks', 'run', 'dag_with_python_dependencies_v03', 'get_matplotlib', '2023-01-22T00:00:00+00:00', '--job-id', '6591', '--pool', 'default_pool', '--raw', '--subdir', 'DAGS_FOLDER/dag_with_python_dependencies.py', '--cfg-path', '/tmp/tmppdt1h7bb', '--error-file', '/tmp/tmp4jqzs_f3']
[2024-06-24 14:27:19,173] {standard_task_runner.py:77} INFO - Job 6591: Subtask get_matplotlib
[2024-06-24 14:27:19,344] {logging_mixin.py:104} INFO - Running <TaskInstance: dag_with_python_dependencies_v03.get_matplotlib 2023-01-22T00:00:00+00:00 [running]> on host 799b1e36e3f1
[2024-06-24 14:27:19,492] {taskinstance.py:1257} INFO - Exporting the following env vars:
AIRFLOW_CTX_DAG_OWNER=coder2j
AIRFLOW_CTX_DAG_ID=dag_with_python_dependencies_v03
AIRFLOW_CTX_TASK_ID=get_matplotlib
AIRFLOW_CTX_EXECUTION_DATE=2023-01-22T00:00:00+00:00
AIRFLOW_CTX_DAG_RUN_ID=scheduled__2023-01-22T00:00:00+00:00
[2024-06-24 14:27:19,760] {__init__.py:482} WARNING - Matplotlib created a temporary config/cache directory at /tmp/matplotlib-kmazoa_u because the default path (/home/airflow/.config/matplotlib) is not a writable directory; it is highly recommended to set the MPLCONFIGDIR environment variable to a writable directory, in particular to speed up the import of Matplotlib and to better support multiprocessing.
[2024-06-24 14:27:19,778] {logging_mixin.py:104} INFO - matplotlib with version: 3.3.3
[2024-06-24 14:27:19,783] {python.py:118} INFO - Done. Returned value was: None
[2024-06-24 14:27:19,814] {taskinstance.py:1166} INFO - Marking task as SUCCESS. dag_id=dag_with_python_dependencies_v03, task_id=get_matplotlib, execution_date=20230122T000000, start_date=20240624T142719, end_date=20240624T142719
[2024-06-24 14:27:19,959] {taskinstance.py:1220} INFO - 0 downstream tasks scheduled from follow-on schedule check
[2024-06-24 14:27:20,018] {local_task_job.py:146} INFO - Task exited with return code 0
