[2024-06-24 14:31:22,417] {taskinstance.py:851} INFO - Dependencies all met for <TaskInstance: our_dag_with_python_operator_v07.get_name 2023-08-27T00:00:00+00:00 [queued]>
[2024-06-24 14:31:22,486] {taskinstance.py:851} INFO - Dependencies all met for <TaskInstance: our_dag_with_python_operator_v07.get_name 2023-08-27T00:00:00+00:00 [queued]>
[2024-06-24 14:31:22,490] {taskinstance.py:1042} INFO - 
--------------------------------------------------------------------------------
[2024-06-24 14:31:22,491] {taskinstance.py:1043} INFO - Starting attempt 1 of 6
[2024-06-24 14:31:22,493] {taskinstance.py:1044} INFO - 
--------------------------------------------------------------------------------
[2024-06-24 14:31:22,542] {taskinstance.py:1063} INFO - Executing <Task(PythonOperator): get_name> on 2023-08-27T00:00:00+00:00
[2024-06-24 14:31:22,556] {standard_task_runner.py:52} INFO - Started process 20755 to run task
[2024-06-24 14:31:22,591] {standard_task_runner.py:76} INFO - Running: ['airflow', 'tasks', 'run', 'our_dag_with_python_operator_v07', 'get_name', '2023-08-27T00:00:00+00:00', '--job-id', '8342', '--pool', 'default_pool', '--raw', '--subdir', 'DAGS_FOLDER/create_dag_with_python_operator.py', '--cfg-path', '/tmp/tmpzt9fkvrm', '--error-file', '/tmp/tmpgrgtcyro']
[2024-06-24 14:31:22,603] {standard_task_runner.py:77} INFO - Job 8342: Subtask get_name
[2024-06-24 14:31:22,897] {logging_mixin.py:104} INFO - Running <TaskInstance: our_dag_with_python_operator_v07.get_name 2023-08-27T00:00:00+00:00 [running]> on host 799b1e36e3f1
[2024-06-24 14:31:23,188] {taskinstance.py:1257} INFO - Exporting the following env vars:
AIRFLOW_CTX_DAG_OWNER=coder2j
AIRFLOW_CTX_DAG_ID=our_dag_with_python_operator_v07
AIRFLOW_CTX_TASK_ID=get_name
AIRFLOW_CTX_EXECUTION_DATE=2023-08-27T00:00:00+00:00
AIRFLOW_CTX_DAG_RUN_ID=scheduled__2023-08-27T00:00:00+00:00
[2024-06-24 14:31:23,304] {python.py:118} INFO - Done. Returned value was: None
[2024-06-24 14:31:23,353] {taskinstance.py:1166} INFO - Marking task as SUCCESS. dag_id=our_dag_with_python_operator_v07, task_id=get_name, execution_date=20230827T000000, start_date=20240624T143122, end_date=20240624T143123
[2024-06-24 14:31:23,462] {taskinstance.py:1220} INFO - 0 downstream tasks scheduled from follow-on schedule check
[2024-06-24 14:31:23,495] {local_task_job.py:146} INFO - Task exited with return code 0
