[2024-06-24 15:05:17,282] {taskinstance.py:851} INFO - Dependencies all met for <TaskInstance: our_dag_with_python_operator_v07.greet 2024-05-07T00:00:00+00:00 [queued]>
[2024-06-24 15:05:17,312] {taskinstance.py:851} INFO - Dependencies all met for <TaskInstance: our_dag_with_python_operator_v07.greet 2024-05-07T00:00:00+00:00 [queued]>
[2024-06-24 15:05:17,316] {taskinstance.py:1042} INFO - 
--------------------------------------------------------------------------------
[2024-06-24 15:05:17,317] {taskinstance.py:1043} INFO - Starting attempt 1 of 6
[2024-06-24 15:05:17,318] {taskinstance.py:1044} INFO - 
--------------------------------------------------------------------------------
[2024-06-24 15:05:17,366] {taskinstance.py:1063} INFO - Executing <Task(PythonOperator): greet> on 2024-05-07T00:00:00+00:00
[2024-06-24 15:05:17,403] {standard_task_runner.py:76} INFO - Running: ['airflow', 'tasks', 'run', 'our_dag_with_python_operator_v07', 'greet', '2024-05-07T00:00:00+00:00', '--job-id', '11411', '--pool', 'default_pool', '--raw', '--subdir', 'DAGS_FOLDER/create_dag_with_python_operator.py', '--cfg-path', '/tmp/tmp__sifq8k', '--error-file', '/tmp/tmpgymn11z9']
[2024-06-24 15:05:17,411] {standard_task_runner.py:77} INFO - Job 11411: Subtask greet
[2024-06-24 15:05:17,395] {standard_task_runner.py:52} INFO - Started process 33347 to run task
[2024-06-24 15:05:17,591] {logging_mixin.py:104} INFO - Running <TaskInstance: our_dag_with_python_operator_v07.greet 2024-05-07T00:00:00+00:00 [running]> on host 799b1e36e3f1
[2024-06-24 15:05:17,892] {taskinstance.py:1257} INFO - Exporting the following env vars:
AIRFLOW_CTX_DAG_OWNER=coder2j
AIRFLOW_CTX_DAG_ID=our_dag_with_python_operator_v07
AIRFLOW_CTX_TASK_ID=greet
AIRFLOW_CTX_EXECUTION_DATE=2024-05-07T00:00:00+00:00
AIRFLOW_CTX_DAG_RUN_ID=scheduled__2024-05-07T00:00:00+00:00
[2024-06-24 15:05:17,896] {logging_mixin.py:104} INFO - some dict:  {'a': 1, 'b': 2}
[2024-06-24 15:05:17,998] {logging_mixin.py:104} INFO - Hello World! My name is Jerry Fridman, and I am 19 years old!
[2024-06-24 15:05:18,000] {python.py:118} INFO - Done. Returned value was: None
[2024-06-24 15:05:18,047] {taskinstance.py:1166} INFO - Marking task as SUCCESS. dag_id=our_dag_with_python_operator_v07, task_id=greet, execution_date=20240507T000000, start_date=20240624T150517, end_date=20240624T150518
[2024-06-24 15:05:18,247] {taskinstance.py:1220} INFO - 0 downstream tasks scheduled from follow-on schedule check
[2024-06-24 15:05:18,282] {local_task_job.py:146} INFO - Task exited with return code 0
