[2024-06-24 15:02:49,041] {taskinstance.py:851} INFO - Dependencies all met for <TaskInstance: dag_with_taskflow_api_v02.get_age 2024-03-08T00:00:00+00:00 [queued]>
[2024-06-24 15:02:49,105] {taskinstance.py:851} INFO - Dependencies all met for <TaskInstance: dag_with_taskflow_api_v02.get_age 2024-03-08T00:00:00+00:00 [queued]>
[2024-06-24 15:02:49,111] {taskinstance.py:1042} INFO - 
--------------------------------------------------------------------------------
[2024-06-24 15:02:49,114] {taskinstance.py:1043} INFO - Starting attempt 1 of 6
[2024-06-24 15:02:49,118] {taskinstance.py:1044} INFO - 
--------------------------------------------------------------------------------
[2024-06-24 15:02:49,180] {taskinstance.py:1063} INFO - Executing <Task(_PythonDecoratedOperator): get_age> on 2024-03-08T00:00:00+00:00
[2024-06-24 15:02:49,213] {standard_task_runner.py:52} INFO - Started process 29970 to run task
[2024-06-24 15:02:49,264] {standard_task_runner.py:76} INFO - Running: ['airflow', 'tasks', 'run', 'dag_with_taskflow_api_v02', 'get_age', '2024-03-08T00:00:00+00:00', '--job-id', '10546', '--pool', 'default_pool', '--raw', '--subdir', 'DAGS_FOLDER/dag_with_taskflow_api.py', '--cfg-path', '/tmp/tmpyifha8y9', '--error-file', '/tmp/tmp_52bv6k3']
[2024-06-24 15:02:49,310] {standard_task_runner.py:77} INFO - Job 10546: Subtask get_age
[2024-06-24 15:02:49,663] {logging_mixin.py:104} INFO - Running <TaskInstance: dag_with_taskflow_api_v02.get_age 2024-03-08T00:00:00+00:00 [running]> on host 799b1e36e3f1
[2024-06-24 15:02:49,935] {taskinstance.py:1257} INFO - Exporting the following env vars:
AIRFLOW_CTX_DAG_OWNER=coder2j
AIRFLOW_CTX_DAG_ID=dag_with_taskflow_api_v02
AIRFLOW_CTX_TASK_ID=get_age
AIRFLOW_CTX_EXECUTION_DATE=2024-03-08T00:00:00+00:00
AIRFLOW_CTX_DAG_RUN_ID=scheduled__2024-03-08T00:00:00+00:00
[2024-06-24 15:02:50,058] {taskinstance.py:1166} INFO - Marking task as SUCCESS. dag_id=dag_with_taskflow_api_v02, task_id=get_age, execution_date=20240308T000000, start_date=20240624T150249, end_date=20240624T150250
[2024-06-24 15:02:50,186] {taskinstance.py:1220} INFO - 0 downstream tasks scheduled from follow-on schedule check
[2024-06-24 15:02:50,226] {local_task_job.py:146} INFO - Task exited with return code 0
