[2024-06-24 12:57:33,841] {taskinstance.py:851} INFO - Dependencies all met for <TaskInstance: our_first_dag_v5.first_task 2021-11-18T00:00:00+00:00 [queued]>
[2024-06-24 12:57:33,913] {taskinstance.py:851} INFO - Dependencies all met for <TaskInstance: our_first_dag_v5.first_task 2021-11-18T00:00:00+00:00 [queued]>
[2024-06-24 12:57:33,924] {taskinstance.py:1042} INFO - 
--------------------------------------------------------------------------------
[2024-06-24 12:57:33,929] {taskinstance.py:1043} INFO - Starting attempt 1 of 6
[2024-06-24 12:57:33,947] {taskinstance.py:1044} INFO - 
--------------------------------------------------------------------------------
[2024-06-24 12:57:34,025] {taskinstance.py:1063} INFO - Executing <Task(BashOperator): first_task> on 2021-11-18T00:00:00+00:00
[2024-06-24 12:57:34,056] {standard_task_runner.py:52} INFO - Started process 32626 to run task
[2024-06-24 12:57:34,122] {standard_task_runner.py:76} INFO - Running: ['airflow', 'tasks', 'run', 'our_first_dag_v5', 'first_task', '2021-11-18T00:00:00+00:00', '--job-id', '1753', '--pool', 'default_pool', '--raw', '--subdir', 'DAGS_FOLDER/our_first_dag.py', '--cfg-path', '/tmp/tmp51rlr_cu', '--error-file', '/tmp/tmp8lfpc98b']
[2024-06-24 12:57:34,222] {standard_task_runner.py:77} INFO - Job 1753: Subtask first_task
[2024-06-24 12:57:34,575] {logging_mixin.py:104} INFO - Running <TaskInstance: our_first_dag_v5.first_task 2021-11-18T00:00:00+00:00 [running]> on host 799b1e36e3f1
[2024-06-24 12:57:34,827] {taskinstance.py:1257} INFO - Exporting the following env vars:
AIRFLOW_CTX_DAG_OWNER=coder2j
AIRFLOW_CTX_DAG_ID=our_first_dag_v5
AIRFLOW_CTX_TASK_ID=first_task
AIRFLOW_CTX_EXECUTION_DATE=2021-11-18T00:00:00+00:00
AIRFLOW_CTX_DAG_RUN_ID=scheduled__2021-11-18T00:00:00+00:00
[2024-06-24 12:57:34,835] {bash.py:135} INFO - Tmp dir root location: 
 /tmp
[2024-06-24 12:57:34,843] {bash.py:158} INFO - Running command: echo hello world, this is the first task!
[2024-06-24 12:57:34,892] {bash.py:169} INFO - Output:
[2024-06-24 12:57:34,895] {bash.py:173} INFO - hello world, this is the first task!
[2024-06-24 12:57:34,901] {bash.py:177} INFO - Command exited with return code 0
[2024-06-24 12:57:35,078] {taskinstance.py:1166} INFO - Marking task as SUCCESS. dag_id=our_first_dag_v5, task_id=first_task, execution_date=20211118T000000, start_date=20240624T125733, end_date=20240624T125735
[2024-06-24 12:57:35,245] {taskinstance.py:1220} INFO - 2 downstream tasks scheduled from follow-on schedule check
[2024-06-24 12:57:35,281] {local_task_job.py:146} INFO - Task exited with return code 0
