[2024-06-24 12:53:17,773] {taskinstance.py:851} INFO - Dependencies all met for <TaskInstance: dag_with_taskflow_api_v02.get_name 2021-11-13T00:00:00+00:00 [queued]>
[2024-06-24 12:53:17,816] {taskinstance.py:851} INFO - Dependencies all met for <TaskInstance: dag_with_taskflow_api_v02.get_name 2021-11-13T00:00:00+00:00 [queued]>
[2024-06-24 12:53:17,821] {taskinstance.py:1042} INFO - 
--------------------------------------------------------------------------------
[2024-06-24 12:53:17,823] {taskinstance.py:1043} INFO - Starting attempt 1 of 6
[2024-06-24 12:53:17,826] {taskinstance.py:1044} INFO - 
--------------------------------------------------------------------------------
[2024-06-24 12:53:17,909] {taskinstance.py:1063} INFO - Executing <Task(_PythonDecoratedOperator): get_name> on 2021-11-13T00:00:00+00:00
[2024-06-24 12:53:17,945] {standard_task_runner.py:52} INFO - Started process 28437 to run task
[2024-06-24 12:53:17,993] {standard_task_runner.py:76} INFO - Running: ['airflow', 'tasks', 'run', 'dag_with_taskflow_api_v02', 'get_name', '2021-11-13T00:00:00+00:00', '--job-id', '742', '--pool', 'default_pool', '--raw', '--subdir', 'DAGS_FOLDER/dag_with_taskflow_api.py', '--cfg-path', '/tmp/tmphlddltj5', '--error-file', '/tmp/tmp1u923zib']
[2024-06-24 12:53:18,009] {standard_task_runner.py:77} INFO - Job 742: Subtask get_name
[2024-06-24 12:53:18,414] {logging_mixin.py:104} INFO - Running <TaskInstance: dag_with_taskflow_api_v02.get_name 2021-11-13T00:00:00+00:00 [running]> on host 799b1e36e3f1
[2024-06-24 12:53:19,107] {taskinstance.py:1257} INFO - Exporting the following env vars:
AIRFLOW_CTX_DAG_OWNER=coder2j
AIRFLOW_CTX_DAG_ID=dag_with_taskflow_api_v02
AIRFLOW_CTX_TASK_ID=get_name
AIRFLOW_CTX_EXECUTION_DATE=2021-11-13T00:00:00+00:00
AIRFLOW_CTX_DAG_RUN_ID=scheduled__2021-11-13T00:00:00+00:00
[2024-06-24 12:53:19,721] {taskinstance.py:1166} INFO - Marking task as SUCCESS. dag_id=dag_with_taskflow_api_v02, task_id=get_name, execution_date=20211113T000000, start_date=20240624T125317, end_date=20240624T125319
[2024-06-24 12:53:20,135] {taskinstance.py:1220} INFO - 0 downstream tasks scheduled from follow-on schedule check
[2024-06-24 12:53:20,203] {local_task_job.py:146} INFO - Task exited with return code 0
