[2024-08-01 17:19:54,705] {taskinstance.py:851} INFO - Dependencies all met for <TaskInstance: dag_with_taskflow_api_v02.get_name 2024-07-31T00:00:00+00:00 [queued]>
[2024-08-01 17:19:54,929] {taskinstance.py:851} INFO - Dependencies all met for <TaskInstance: dag_with_taskflow_api_v02.get_name 2024-07-31T00:00:00+00:00 [queued]>
[2024-08-01 17:19:54,950] {taskinstance.py:1042} INFO - 
--------------------------------------------------------------------------------
[2024-08-01 17:19:54,959] {taskinstance.py:1043} INFO - Starting attempt 1 of 6
[2024-08-01 17:19:54,977] {taskinstance.py:1044} INFO - 
--------------------------------------------------------------------------------
[2024-08-01 17:19:55,393] {taskinstance.py:1063} INFO - Executing <Task(_PythonDecoratedOperator): get_name> on 2024-07-31T00:00:00+00:00
[2024-08-01 17:19:55,444] {standard_task_runner.py:52} INFO - Started process 308 to run task
[2024-08-01 17:19:55,454] {standard_task_runner.py:76} INFO - Running: ['airflow', 'tasks', 'run', 'dag_with_taskflow_api_v02', 'get_name', '2024-07-31T00:00:00+00:00', '--job-id', '12618', '--pool', 'default_pool', '--raw', '--subdir', 'DAGS_FOLDER/dag_with_taskflow_api.py', '--cfg-path', '/tmp/tmppqp_t4kv', '--error-file', '/tmp/tmpwa6hjucv']
[2024-08-01 17:19:55,478] {standard_task_runner.py:77} INFO - Job 12618: Subtask get_name
[2024-08-01 17:19:55,984] {logging_mixin.py:104} INFO - Running <TaskInstance: dag_with_taskflow_api_v02.get_name 2024-07-31T00:00:00+00:00 [running]> on host 799b1e36e3f1
[2024-08-01 17:19:56,504] {taskinstance.py:1257} INFO - Exporting the following env vars:
AIRFLOW_CTX_DAG_OWNER=coder2j
AIRFLOW_CTX_DAG_ID=dag_with_taskflow_api_v02
AIRFLOW_CTX_TASK_ID=get_name
AIRFLOW_CTX_EXECUTION_DATE=2024-07-31T00:00:00+00:00
AIRFLOW_CTX_DAG_RUN_ID=scheduled__2024-07-31T00:00:00+00:00
[2024-08-01 17:19:58,720] {taskinstance.py:1166} INFO - Marking task as SUCCESS. dag_id=dag_with_taskflow_api_v02, task_id=get_name, execution_date=20240731T000000, start_date=20240801T171954, end_date=20240801T171958
[2024-08-01 17:19:59,676] {taskinstance.py:1220} INFO - 0 downstream tasks scheduled from follow-on schedule check
[2024-08-01 17:19:59,866] {local_task_job.py:146} INFO - Task exited with return code 0
