[2024-06-24 14:30:27,513] {taskinstance.py:851} INFO - Dependencies all met for <TaskInstance: our_dag_with_python_operator_v07.get_name 2023-08-05T00:00:00+00:00 [queued]>
[2024-06-24 14:30:27,580] {taskinstance.py:851} INFO - Dependencies all met for <TaskInstance: our_dag_with_python_operator_v07.get_name 2023-08-05T00:00:00+00:00 [queued]>
[2024-06-24 14:30:27,590] {taskinstance.py:1042} INFO - 
--------------------------------------------------------------------------------
[2024-06-24 14:30:27,606] {taskinstance.py:1043} INFO - Starting attempt 1 of 6
[2024-06-24 14:30:27,608] {taskinstance.py:1044} INFO - 
--------------------------------------------------------------------------------
[2024-06-24 14:30:27,706] {taskinstance.py:1063} INFO - Executing <Task(PythonOperator): get_name> on 2023-08-05T00:00:00+00:00
[2024-06-24 14:30:27,749] {standard_task_runner.py:76} INFO - Running: ['airflow', 'tasks', 'run', 'our_dag_with_python_operator_v07', 'get_name', '2023-08-05T00:00:00+00:00', '--job-id', '7937', '--pool', 'default_pool', '--raw', '--subdir', 'DAGS_FOLDER/create_dag_with_python_operator.py', '--cfg-path', '/tmp/tmp0qvb2yct', '--error-file', '/tmp/tmpju3uzkfx']
[2024-06-24 14:30:27,762] {standard_task_runner.py:77} INFO - Job 7937: Subtask get_name
[2024-06-24 14:30:27,739] {standard_task_runner.py:52} INFO - Started process 19268 to run task
[2024-06-24 14:30:28,176] {logging_mixin.py:104} INFO - Running <TaskInstance: our_dag_with_python_operator_v07.get_name 2023-08-05T00:00:00+00:00 [running]> on host 799b1e36e3f1
[2024-06-24 14:30:28,536] {taskinstance.py:1257} INFO - Exporting the following env vars:
AIRFLOW_CTX_DAG_OWNER=coder2j
AIRFLOW_CTX_DAG_ID=our_dag_with_python_operator_v07
AIRFLOW_CTX_TASK_ID=get_name
AIRFLOW_CTX_EXECUTION_DATE=2023-08-05T00:00:00+00:00
AIRFLOW_CTX_DAG_RUN_ID=scheduled__2023-08-05T00:00:00+00:00
[2024-06-24 14:30:28,741] {python.py:118} INFO - Done. Returned value was: None
[2024-06-24 14:30:28,811] {taskinstance.py:1166} INFO - Marking task as SUCCESS. dag_id=our_dag_with_python_operator_v07, task_id=get_name, execution_date=20230805T000000, start_date=20240624T143027, end_date=20240624T143028
[2024-06-24 14:30:28,965] {taskinstance.py:1220} INFO - 0 downstream tasks scheduled from follow-on schedule check
[2024-06-24 14:30:28,985] {local_task_job.py:146} INFO - Task exited with return code 0
