[2024-06-24 14:46:37,790] {taskinstance.py:851} INFO - Dependencies all met for <TaskInstance: our_first_dag_v5.second_task 2023-09-04T00:00:00+00:00 [queued]>
[2024-06-24 14:46:37,822] {taskinstance.py:851} INFO - Dependencies all met for <TaskInstance: our_first_dag_v5.second_task 2023-09-04T00:00:00+00:00 [queued]>
[2024-06-24 14:46:37,823] {taskinstance.py:1042} INFO - 
--------------------------------------------------------------------------------
[2024-06-24 14:46:37,829] {taskinstance.py:1043} INFO - Starting attempt 1 of 6
[2024-06-24 14:46:37,830] {taskinstance.py:1044} INFO - 
--------------------------------------------------------------------------------
[2024-06-24 14:46:37,868] {taskinstance.py:1063} INFO - Executing <Task(BashOperator): second_task> on 2023-09-04T00:00:00+00:00
[2024-06-24 14:46:37,881] {standard_task_runner.py:52} INFO - Started process 23957 to run task
[2024-06-24 14:46:37,888] {standard_task_runner.py:76} INFO - Running: ['airflow', 'tasks', 'run', 'our_first_dag_v5', 'second_task', '2023-09-04T00:00:00+00:00', '--job-id', '9100', '--pool', 'default_pool', '--raw', '--subdir', 'DAGS_FOLDER/our_first_dag.py', '--cfg-path', '/tmp/tmpf82vwg7g', '--error-file', '/tmp/tmpzz2m8_ai']
[2024-06-24 14:46:37,898] {standard_task_runner.py:77} INFO - Job 9100: Subtask second_task
[2024-06-24 14:46:38,228] {logging_mixin.py:104} INFO - Running <TaskInstance: our_first_dag_v5.second_task 2023-09-04T00:00:00+00:00 [running]> on host 799b1e36e3f1
[2024-06-24 14:46:38,513] {taskinstance.py:1257} INFO - Exporting the following env vars:
AIRFLOW_CTX_DAG_OWNER=coder2j
AIRFLOW_CTX_DAG_ID=our_first_dag_v5
AIRFLOW_CTX_TASK_ID=second_task
AIRFLOW_CTX_EXECUTION_DATE=2023-09-04T00:00:00+00:00
AIRFLOW_CTX_DAG_RUN_ID=scheduled__2023-09-04T00:00:00+00:00
[2024-06-24 14:46:38,514] {bash.py:135} INFO - Tmp dir root location: 
 /tmp
[2024-06-24 14:46:38,518] {bash.py:158} INFO - Running command: echo hey, I am task2 and will be running after task1!
[2024-06-24 14:46:38,568] {bash.py:169} INFO - Output:
[2024-06-24 14:46:38,577] {bash.py:173} INFO - hey, I am task2 and will be running after task1!
[2024-06-24 14:46:38,578] {bash.py:177} INFO - Command exited with return code 0
[2024-06-24 14:46:38,739] {taskinstance.py:1166} INFO - Marking task as SUCCESS. dag_id=our_first_dag_v5, task_id=second_task, execution_date=20230904T000000, start_date=20240624T144637, end_date=20240624T144638
[2024-06-24 14:46:38,842] {taskinstance.py:1220} INFO - 0 downstream tasks scheduled from follow-on schedule check
[2024-06-24 14:46:38,889] {local_task_job.py:146} INFO - Task exited with return code 0
