[2024-06-24 12:54:39,186] {taskinstance.py:851} INFO - Dependencies all met for <TaskInstance: our_first_dag_v5.second_task 2021-09-13T00:00:00+00:00 [queued]>
[2024-06-24 12:54:39,262] {taskinstance.py:851} INFO - Dependencies all met for <TaskInstance: our_first_dag_v5.second_task 2021-09-13T00:00:00+00:00 [queued]>
[2024-06-24 12:54:39,278] {taskinstance.py:1042} INFO - 
--------------------------------------------------------------------------------
[2024-06-24 12:54:39,279] {taskinstance.py:1043} INFO - Starting attempt 1 of 6
[2024-06-24 12:54:39,290] {taskinstance.py:1044} INFO - 
--------------------------------------------------------------------------------
[2024-06-24 12:54:39,416] {taskinstance.py:1063} INFO - Executing <Task(BashOperator): second_task> on 2021-09-13T00:00:00+00:00
[2024-06-24 12:54:39,437] {standard_task_runner.py:52} INFO - Started process 29772 to run task
[2024-06-24 12:54:39,458] {standard_task_runner.py:76} INFO - Running: ['airflow', 'tasks', 'run', 'our_first_dag_v5', 'second_task', '2021-09-13T00:00:00+00:00', '--job-id', '1067', '--pool', 'default_pool', '--raw', '--subdir', 'DAGS_FOLDER/our_first_dag.py', '--cfg-path', '/tmp/tmpf173f7gh', '--error-file', '/tmp/tmpetd2wl_h']
[2024-06-24 12:54:39,476] {standard_task_runner.py:77} INFO - Job 1067: Subtask second_task
[2024-06-24 12:54:40,043] {logging_mixin.py:104} INFO - Running <TaskInstance: our_first_dag_v5.second_task 2021-09-13T00:00:00+00:00 [running]> on host 799b1e36e3f1
[2024-06-24 12:54:40,429] {taskinstance.py:1257} INFO - Exporting the following env vars:
AIRFLOW_CTX_DAG_OWNER=coder2j
AIRFLOW_CTX_DAG_ID=our_first_dag_v5
AIRFLOW_CTX_TASK_ID=second_task
AIRFLOW_CTX_EXECUTION_DATE=2021-09-13T00:00:00+00:00
AIRFLOW_CTX_DAG_RUN_ID=scheduled__2021-09-13T00:00:00+00:00
[2024-06-24 12:54:40,434] {bash.py:135} INFO - Tmp dir root location: 
 /tmp
[2024-06-24 12:54:40,438] {bash.py:158} INFO - Running command: echo hey, I am task2 and will be running after task1!
[2024-06-24 12:54:40,467] {bash.py:169} INFO - Output:
[2024-06-24 12:54:40,471] {bash.py:173} INFO - hey, I am task2 and will be running after task1!
[2024-06-24 12:54:40,474] {bash.py:177} INFO - Command exited with return code 0
[2024-06-24 12:54:40,633] {taskinstance.py:1166} INFO - Marking task as SUCCESS. dag_id=our_first_dag_v5, task_id=second_task, execution_date=20210913T000000, start_date=20240624T125439, end_date=20240624T125440
[2024-06-24 12:54:40,885] {taskinstance.py:1220} INFO - 0 downstream tasks scheduled from follow-on schedule check
[2024-06-24 12:54:40,947] {local_task_job.py:146} INFO - Task exited with return code 0
