[2024-07-23 11:11:13,911] {taskinstance.py:851} INFO - Dependencies all met for <TaskInstance: our_dag_with_python_operator_v07.get_age 2024-07-17T00:00:00+00:00 [queued]>
[2024-07-23 11:11:14,091] {taskinstance.py:851} INFO - Dependencies all met for <TaskInstance: our_dag_with_python_operator_v07.get_age 2024-07-17T00:00:00+00:00 [queued]>
[2024-07-23 11:11:14,092] {taskinstance.py:1042} INFO - 
--------------------------------------------------------------------------------
[2024-07-23 11:11:14,094] {taskinstance.py:1043} INFO - Starting attempt 1 of 6
[2024-07-23 11:11:14,100] {taskinstance.py:1044} INFO - 
--------------------------------------------------------------------------------
[2024-07-23 11:11:14,314] {taskinstance.py:1063} INFO - Executing <Task(PythonOperator): get_age> on 2024-07-17T00:00:00+00:00
[2024-07-23 11:11:14,354] {standard_task_runner.py:52} INFO - Started process 207 to run task
[2024-07-23 11:11:14,432] {standard_task_runner.py:76} INFO - Running: ['airflow', 'tasks', 'run', 'our_dag_with_python_operator_v07', 'get_age', '2024-07-17T00:00:00+00:00', '--job-id', '12458', '--pool', 'default_pool', '--raw', '--subdir', 'DAGS_FOLDER/create_dag_with_python_operator.py', '--cfg-path', '/tmp/tmpgm9rek6u', '--error-file', '/tmp/tmp0s4wxta1']
[2024-07-23 11:11:14,462] {standard_task_runner.py:77} INFO - Job 12458: Subtask get_age
[2024-07-23 11:11:14,944] {logging_mixin.py:104} INFO - Running <TaskInstance: our_dag_with_python_operator_v07.get_age 2024-07-17T00:00:00+00:00 [running]> on host 799b1e36e3f1
[2024-07-23 11:11:15,357] {taskinstance.py:1257} INFO - Exporting the following env vars:
AIRFLOW_CTX_DAG_OWNER=coder2j
AIRFLOW_CTX_DAG_ID=our_dag_with_python_operator_v07
AIRFLOW_CTX_TASK_ID=get_age
AIRFLOW_CTX_EXECUTION_DATE=2024-07-17T00:00:00+00:00
AIRFLOW_CTX_DAG_RUN_ID=scheduled__2024-07-17T00:00:00+00:00
[2024-07-23 11:11:15,541] {python.py:118} INFO - Done. Returned value was: None
[2024-07-23 11:11:15,661] {taskinstance.py:1166} INFO - Marking task as SUCCESS. dag_id=our_dag_with_python_operator_v07, task_id=get_age, execution_date=20240717T000000, start_date=20240723T111113, end_date=20240723T111115
[2024-07-23 11:11:16,386] {taskinstance.py:1220} INFO - 0 downstream tasks scheduled from follow-on schedule check
[2024-07-23 11:11:16,542] {local_task_job.py:146} INFO - Task exited with return code 0
