[2024-06-24 14:19:54,089] {taskinstance.py:851} INFO - Dependencies all met for <TaskInstance: our_first_dag_v5.second_task 2022-05-01T00:00:00+00:00 [queued]>
[2024-06-24 14:19:54,317] {taskinstance.py:851} INFO - Dependencies all met for <TaskInstance: our_first_dag_v5.second_task 2022-05-01T00:00:00+00:00 [queued]>
[2024-06-24 14:19:54,327] {taskinstance.py:1042} INFO - 
--------------------------------------------------------------------------------
[2024-06-24 14:19:54,328] {taskinstance.py:1043} INFO - Starting attempt 1 of 6
[2024-06-24 14:19:54,329] {taskinstance.py:1044} INFO - 
--------------------------------------------------------------------------------
[2024-06-24 14:19:54,422] {taskinstance.py:1063} INFO - Executing <Task(BashOperator): second_task> on 2022-05-01T00:00:00+00:00
[2024-06-24 14:19:54,438] {standard_task_runner.py:52} INFO - Started process 3038 to run task
[2024-06-24 14:19:54,451] {standard_task_runner.py:76} INFO - Running: ['airflow', 'tasks', 'run', 'our_first_dag_v5', 'second_task', '2022-05-01T00:00:00+00:00', '--job-id', '3610', '--pool', 'default_pool', '--raw', '--subdir', 'DAGS_FOLDER/our_first_dag.py', '--cfg-path', '/tmp/tmpq8ree3qi', '--error-file', '/tmp/tmp2pl40t4x']
[2024-06-24 14:19:54,457] {standard_task_runner.py:77} INFO - Job 3610: Subtask second_task
[2024-06-24 14:19:54,691] {logging_mixin.py:104} INFO - Running <TaskInstance: our_first_dag_v5.second_task 2022-05-01T00:00:00+00:00 [running]> on host 799b1e36e3f1
[2024-06-24 14:19:54,925] {taskinstance.py:1257} INFO - Exporting the following env vars:
AIRFLOW_CTX_DAG_OWNER=coder2j
AIRFLOW_CTX_DAG_ID=our_first_dag_v5
AIRFLOW_CTX_TASK_ID=second_task
AIRFLOW_CTX_EXECUTION_DATE=2022-05-01T00:00:00+00:00
AIRFLOW_CTX_DAG_RUN_ID=scheduled__2022-05-01T00:00:00+00:00
[2024-06-24 14:19:54,936] {bash.py:135} INFO - Tmp dir root location: 
 /tmp
[2024-06-24 14:19:54,940] {bash.py:158} INFO - Running command: echo hey, I am task2 and will be running after task1!
[2024-06-24 14:19:54,975] {bash.py:169} INFO - Output:
[2024-06-24 14:19:54,979] {bash.py:173} INFO - hey, I am task2 and will be running after task1!
[2024-06-24 14:19:54,987] {bash.py:177} INFO - Command exited with return code 0
[2024-06-24 14:19:55,094] {taskinstance.py:1166} INFO - Marking task as SUCCESS. dag_id=our_first_dag_v5, task_id=second_task, execution_date=20220501T000000, start_date=20240624T141954, end_date=20240624T141955
[2024-06-24 14:19:55,209] {taskinstance.py:1220} INFO - 0 downstream tasks scheduled from follow-on schedule check
[2024-06-24 14:19:55,273] {local_task_job.py:146} INFO - Task exited with return code 0
