[2024-06-24 14:53:51,082] {taskinstance.py:851} INFO - Dependencies all met for <TaskInstance: our_first_dag_v5.thrid_task 2023-11-06T00:00:00+00:00 [queued]>
[2024-06-24 14:53:51,225] {taskinstance.py:851} INFO - Dependencies all met for <TaskInstance: our_first_dag_v5.thrid_task 2023-11-06T00:00:00+00:00 [queued]>
[2024-06-24 14:53:51,229] {taskinstance.py:1042} INFO - 
--------------------------------------------------------------------------------
[2024-06-24 14:53:51,247] {taskinstance.py:1043} INFO - Starting attempt 1 of 6
[2024-06-24 14:53:51,252] {taskinstance.py:1044} INFO - 
--------------------------------------------------------------------------------
[2024-06-24 14:53:51,378] {taskinstance.py:1063} INFO - Executing <Task(BashOperator): thrid_task> on 2023-11-06T00:00:00+00:00
[2024-06-24 14:53:51,399] {standard_task_runner.py:52} INFO - Started process 26445 to run task
[2024-06-24 14:53:51,645] {standard_task_runner.py:76} INFO - Running: ['airflow', 'tasks', 'run', 'our_first_dag_v5', 'thrid_task', '2023-11-06T00:00:00+00:00', '--job-id', '9681', '--pool', 'default_pool', '--raw', '--subdir', 'DAGS_FOLDER/our_first_dag.py', '--cfg-path', '/tmp/tmplkznyle2', '--error-file', '/tmp/tmph6ocidap']
[2024-06-24 14:53:51,773] {standard_task_runner.py:77} INFO - Job 9681: Subtask thrid_task
[2024-06-24 14:53:52,797] {logging_mixin.py:104} INFO - Running <TaskInstance: our_first_dag_v5.thrid_task 2023-11-06T00:00:00+00:00 [running]> on host 799b1e36e3f1
[2024-06-24 14:53:53,626] {taskinstance.py:1257} INFO - Exporting the following env vars:
AIRFLOW_CTX_DAG_OWNER=coder2j
AIRFLOW_CTX_DAG_ID=our_first_dag_v5
AIRFLOW_CTX_TASK_ID=thrid_task
AIRFLOW_CTX_EXECUTION_DATE=2023-11-06T00:00:00+00:00
AIRFLOW_CTX_DAG_RUN_ID=scheduled__2023-11-06T00:00:00+00:00
[2024-06-24 14:53:53,639] {bash.py:135} INFO - Tmp dir root location: 
 /tmp
[2024-06-24 14:53:53,654] {bash.py:158} INFO - Running command: echo hey, I am task3 and will be running after task1 at the same time as task2!
[2024-06-24 14:53:53,780] {bash.py:169} INFO - Output:
[2024-06-24 14:53:53,791] {bash.py:173} INFO - hey, I am task3 and will be running after task1 at the same time as task2!
[2024-06-24 14:53:53,798] {bash.py:177} INFO - Command exited with return code 0
[2024-06-24 14:53:54,510] {taskinstance.py:1166} INFO - Marking task as SUCCESS. dag_id=our_first_dag_v5, task_id=thrid_task, execution_date=20231106T000000, start_date=20240624T145351, end_date=20240624T145354
[2024-06-24 14:53:55,024] {taskinstance.py:1220} INFO - 0 downstream tasks scheduled from follow-on schedule check
[2024-06-24 14:53:55,107] {local_task_job.py:146} INFO - Task exited with return code 0
