[2024-06-24 15:03:24,116] {taskinstance.py:851} INFO - Dependencies all met for <TaskInstance: dag_with_taskflow_api_v02.greet 2024-03-28T00:00:00+00:00 [queued]>
[2024-06-24 15:03:24,311] {taskinstance.py:851} INFO - Dependencies all met for <TaskInstance: dag_with_taskflow_api_v02.greet 2024-03-28T00:00:00+00:00 [queued]>
[2024-06-24 15:03:24,312] {taskinstance.py:1042} INFO - 
--------------------------------------------------------------------------------
[2024-06-24 15:03:24,314] {taskinstance.py:1043} INFO - Starting attempt 1 of 6
[2024-06-24 15:03:24,318] {taskinstance.py:1044} INFO - 
--------------------------------------------------------------------------------
[2024-06-24 15:03:24,363] {taskinstance.py:1063} INFO - Executing <Task(_PythonDecoratedOperator): greet> on 2024-03-28T00:00:00+00:00
[2024-06-24 15:03:24,383] {standard_task_runner.py:52} INFO - Started process 30729 to run task
[2024-06-24 15:03:24,395] {standard_task_runner.py:76} INFO - Running: ['airflow', 'tasks', 'run', 'dag_with_taskflow_api_v02', 'greet', '2024-03-28T00:00:00+00:00', '--job-id', '10750', '--pool', 'default_pool', '--raw', '--subdir', 'DAGS_FOLDER/dag_with_taskflow_api.py', '--cfg-path', '/tmp/tmpbpmiw7un', '--error-file', '/tmp/tmp9c7oabms']
[2024-06-24 15:03:24,403] {standard_task_runner.py:77} INFO - Job 10750: Subtask greet
[2024-06-24 15:03:24,750] {logging_mixin.py:104} INFO - Running <TaskInstance: dag_with_taskflow_api_v02.greet 2024-03-28T00:00:00+00:00 [running]> on host 799b1e36e3f1
[2024-06-24 15:03:25,360] {taskinstance.py:1257} INFO - Exporting the following env vars:
AIRFLOW_CTX_DAG_OWNER=coder2j
AIRFLOW_CTX_DAG_ID=dag_with_taskflow_api_v02
AIRFLOW_CTX_TASK_ID=greet
AIRFLOW_CTX_EXECUTION_DATE=2024-03-28T00:00:00+00:00
AIRFLOW_CTX_DAG_RUN_ID=scheduled__2024-03-28T00:00:00+00:00
[2024-06-24 15:03:25,385] {logging_mixin.py:104} INFO - Hello World! My name is Jerry Fridman and I am 19 years old!
[2024-06-24 15:03:25,439] {taskinstance.py:1166} INFO - Marking task as SUCCESS. dag_id=dag_with_taskflow_api_v02, task_id=greet, execution_date=20240328T000000, start_date=20240624T150324, end_date=20240624T150325
[2024-06-24 15:03:25,649] {taskinstance.py:1220} INFO - 0 downstream tasks scheduled from follow-on schedule check
[2024-06-24 15:03:25,711] {local_task_job.py:146} INFO - Task exited with return code 0
