[2024-06-24 15:05:05,722] {taskinstance.py:851} INFO - Dependencies all met for <TaskInstance: our_dag_with_python_operator_v07.get_age 2024-05-24T00:00:00+00:00 [queued]>
[2024-06-24 15:05:05,791] {taskinstance.py:851} INFO - Dependencies all met for <TaskInstance: our_dag_with_python_operator_v07.get_age 2024-05-24T00:00:00+00:00 [queued]>
[2024-06-24 15:05:05,795] {taskinstance.py:1042} INFO - 
--------------------------------------------------------------------------------
[2024-06-24 15:05:05,796] {taskinstance.py:1043} INFO - Starting attempt 1 of 6
[2024-06-24 15:05:05,797] {taskinstance.py:1044} INFO - 
--------------------------------------------------------------------------------
[2024-06-24 15:05:05,883] {taskinstance.py:1063} INFO - Executing <Task(PythonOperator): get_age> on 2024-05-24T00:00:00+00:00
[2024-06-24 15:05:05,892] {standard_task_runner.py:52} INFO - Started process 33016 to run task
[2024-06-24 15:05:05,910] {standard_task_runner.py:76} INFO - Running: ['airflow', 'tasks', 'run', 'our_dag_with_python_operator_v07', 'get_age', '2024-05-24T00:00:00+00:00', '--job-id', '11345', '--pool', 'default_pool', '--raw', '--subdir', 'DAGS_FOLDER/create_dag_with_python_operator.py', '--cfg-path', '/tmp/tmpn13caoq3', '--error-file', '/tmp/tmpp3lkrvjj']
[2024-06-24 15:05:05,918] {standard_task_runner.py:77} INFO - Job 11345: Subtask get_age
[2024-06-24 15:05:06,137] {logging_mixin.py:104} INFO - Running <TaskInstance: our_dag_with_python_operator_v07.get_age 2024-05-24T00:00:00+00:00 [running]> on host 799b1e36e3f1
[2024-06-24 15:05:06,481] {taskinstance.py:1257} INFO - Exporting the following env vars:
AIRFLOW_CTX_DAG_OWNER=coder2j
AIRFLOW_CTX_DAG_ID=our_dag_with_python_operator_v07
AIRFLOW_CTX_TASK_ID=get_age
AIRFLOW_CTX_EXECUTION_DATE=2024-05-24T00:00:00+00:00
AIRFLOW_CTX_DAG_RUN_ID=scheduled__2024-05-24T00:00:00+00:00
[2024-06-24 15:05:06,524] {python.py:118} INFO - Done. Returned value was: None
[2024-06-24 15:05:06,619] {taskinstance.py:1166} INFO - Marking task as SUCCESS. dag_id=our_dag_with_python_operator_v07, task_id=get_age, execution_date=20240524T000000, start_date=20240624T150505, end_date=20240624T150506
[2024-06-24 15:05:07,151] {taskinstance.py:1220} INFO - 0 downstream tasks scheduled from follow-on schedule check
[2024-06-24 15:05:07,201] {local_task_job.py:146} INFO - Task exited with return code 0
