[2024-06-24 13:01:25,193] {taskinstance.py:851} INFO - Dependencies all met for <TaskInstance: our_dag_with_python_operator_v07.greet 2022-04-10T00:00:00+00:00 [queued]>
[2024-06-24 13:01:25,308] {taskinstance.py:851} INFO - Dependencies all met for <TaskInstance: our_dag_with_python_operator_v07.greet 2022-04-10T00:00:00+00:00 [queued]>
[2024-06-24 13:01:25,317] {taskinstance.py:1042} INFO - 
--------------------------------------------------------------------------------
[2024-06-24 13:01:25,319] {taskinstance.py:1043} INFO - Starting attempt 1 of 6
[2024-06-24 13:01:25,334] {taskinstance.py:1044} INFO - 
--------------------------------------------------------------------------------
[2024-06-24 13:01:25,442] {taskinstance.py:1063} INFO - Executing <Task(PythonOperator): greet> on 2022-04-10T00:00:00+00:00
[2024-06-24 13:01:25,461] {standard_task_runner.py:52} INFO - Started process 36282 to run task
[2024-06-24 13:01:25,505] {standard_task_runner.py:76} INFO - Running: ['airflow', 'tasks', 'run', 'our_dag_with_python_operator_v07', 'greet', '2022-04-10T00:00:00+00:00', '--job-id', '2651', '--pool', 'default_pool', '--raw', '--subdir', 'DAGS_FOLDER/create_dag_with_python_operator.py', '--cfg-path', '/tmp/tmp1ydx5mnb', '--error-file', '/tmp/tmp0ir5ogx0']
[2024-06-24 13:01:25,536] {standard_task_runner.py:77} INFO - Job 2651: Subtask greet
[2024-06-24 13:01:25,923] {logging_mixin.py:104} INFO - Running <TaskInstance: our_dag_with_python_operator_v07.greet 2022-04-10T00:00:00+00:00 [running]> on host 799b1e36e3f1
[2024-06-24 13:01:26,324] {taskinstance.py:1257} INFO - Exporting the following env vars:
AIRFLOW_CTX_DAG_OWNER=coder2j
AIRFLOW_CTX_DAG_ID=our_dag_with_python_operator_v07
AIRFLOW_CTX_TASK_ID=greet
AIRFLOW_CTX_EXECUTION_DATE=2022-04-10T00:00:00+00:00
AIRFLOW_CTX_DAG_RUN_ID=scheduled__2022-04-10T00:00:00+00:00
[2024-06-24 13:01:26,341] {logging_mixin.py:104} INFO - some dict:  {'a': 1, 'b': 2}
[2024-06-24 13:01:26,481] {logging_mixin.py:104} INFO - Hello World! My name is Jerry Fridman, and I am 19 years old!
[2024-06-24 13:01:26,492] {python.py:118} INFO - Done. Returned value was: None
[2024-06-24 13:01:26,552] {taskinstance.py:1166} INFO - Marking task as SUCCESS. dag_id=our_dag_with_python_operator_v07, task_id=greet, execution_date=20220410T000000, start_date=20240624T130125, end_date=20240624T130126
[2024-06-24 13:01:26,704] {taskinstance.py:1220} INFO - 0 downstream tasks scheduled from follow-on schedule check
[2024-06-24 13:01:26,784] {local_task_job.py:146} INFO - Task exited with return code 0
