[2024-06-24 14:21:31,736] {taskinstance.py:851} INFO - Dependencies all met for <TaskInstance: our_first_dag_v5.thrid_task 2022-06-10T00:00:00+00:00 [queued]>
[2024-06-24 14:21:31,790] {taskinstance.py:851} INFO - Dependencies all met for <TaskInstance: our_first_dag_v5.thrid_task 2022-06-10T00:00:00+00:00 [queued]>
[2024-06-24 14:21:31,791] {taskinstance.py:1042} INFO - 
--------------------------------------------------------------------------------
[2024-06-24 14:21:31,801] {taskinstance.py:1043} INFO - Starting attempt 1 of 6
[2024-06-24 14:21:31,808] {taskinstance.py:1044} INFO - 
--------------------------------------------------------------------------------
[2024-06-24 14:21:31,942] {taskinstance.py:1063} INFO - Executing <Task(BashOperator): thrid_task> on 2022-06-10T00:00:00+00:00
[2024-06-24 14:21:31,956] {standard_task_runner.py:52} INFO - Started process 4938 to run task
[2024-06-24 14:21:31,995] {standard_task_runner.py:76} INFO - Running: ['airflow', 'tasks', 'run', 'our_first_dag_v5', 'thrid_task', '2022-06-10T00:00:00+00:00', '--job-id', '4086', '--pool', 'default_pool', '--raw', '--subdir', 'DAGS_FOLDER/our_first_dag.py', '--cfg-path', '/tmp/tmpzkif8w83', '--error-file', '/tmp/tmpidlz1o56']
[2024-06-24 14:21:32,043] {standard_task_runner.py:77} INFO - Job 4086: Subtask thrid_task
[2024-06-24 14:21:32,216] {logging_mixin.py:104} INFO - Running <TaskInstance: our_first_dag_v5.thrid_task 2022-06-10T00:00:00+00:00 [running]> on host 799b1e36e3f1
[2024-06-24 14:21:32,480] {taskinstance.py:1257} INFO - Exporting the following env vars:
AIRFLOW_CTX_DAG_OWNER=coder2j
AIRFLOW_CTX_DAG_ID=our_first_dag_v5
AIRFLOW_CTX_TASK_ID=thrid_task
AIRFLOW_CTX_EXECUTION_DATE=2022-06-10T00:00:00+00:00
AIRFLOW_CTX_DAG_RUN_ID=scheduled__2022-06-10T00:00:00+00:00
[2024-06-24 14:21:32,482] {bash.py:135} INFO - Tmp dir root location: 
 /tmp
[2024-06-24 14:21:32,487] {bash.py:158} INFO - Running command: echo hey, I am task3 and will be running after task1 at the same time as task2!
[2024-06-24 14:21:32,531] {bash.py:169} INFO - Output:
[2024-06-24 14:21:32,532] {bash.py:173} INFO - hey, I am task3 and will be running after task1 at the same time as task2!
[2024-06-24 14:21:32,534] {bash.py:177} INFO - Command exited with return code 0
[2024-06-24 14:21:32,635] {taskinstance.py:1166} INFO - Marking task as SUCCESS. dag_id=our_first_dag_v5, task_id=thrid_task, execution_date=20220610T000000, start_date=20240624T142131, end_date=20240624T142132
[2024-06-24 14:21:32,721] {taskinstance.py:1220} INFO - 0 downstream tasks scheduled from follow-on schedule check
[2024-06-24 14:21:32,765] {local_task_job.py:146} INFO - Task exited with return code 0
