[2024-06-24 14:25:50,625] {taskinstance.py:851} INFO - Dependencies all met for <TaskInstance: dag_with_taskflow_api_v02.get_name 2023-02-07T00:00:00+00:00 [queued]>
[2024-06-24 14:25:50,705] {taskinstance.py:851} INFO - Dependencies all met for <TaskInstance: dag_with_taskflow_api_v02.get_name 2023-02-07T00:00:00+00:00 [queued]>
[2024-06-24 14:25:50,706] {taskinstance.py:1042} INFO - 
--------------------------------------------------------------------------------
[2024-06-24 14:25:50,714] {taskinstance.py:1043} INFO - Starting attempt 1 of 6
[2024-06-24 14:25:50,720] {taskinstance.py:1044} INFO - 
--------------------------------------------------------------------------------
[2024-06-24 14:25:50,758] {taskinstance.py:1063} INFO - Executing <Task(_PythonDecoratedOperator): get_name> on 2023-02-07T00:00:00+00:00
[2024-06-24 14:25:50,764] {standard_task_runner.py:52} INFO - Started process 11862 to run task
[2024-06-24 14:25:50,784] {standard_task_runner.py:76} INFO - Running: ['airflow', 'tasks', 'run', 'dag_with_taskflow_api_v02', 'get_name', '2023-02-07T00:00:00+00:00', '--job-id', '5952', '--pool', 'default_pool', '--raw', '--subdir', 'DAGS_FOLDER/dag_with_taskflow_api.py', '--cfg-path', '/tmp/tmpwl_g9c9r', '--error-file', '/tmp/tmphltmm6_k']
[2024-06-24 14:25:50,799] {standard_task_runner.py:77} INFO - Job 5952: Subtask get_name
[2024-06-24 14:25:50,946] {logging_mixin.py:104} INFO - Running <TaskInstance: dag_with_taskflow_api_v02.get_name 2023-02-07T00:00:00+00:00 [running]> on host 799b1e36e3f1
[2024-06-24 14:25:51,173] {taskinstance.py:1257} INFO - Exporting the following env vars:
AIRFLOW_CTX_DAG_OWNER=coder2j
AIRFLOW_CTX_DAG_ID=dag_with_taskflow_api_v02
AIRFLOW_CTX_TASK_ID=get_name
AIRFLOW_CTX_EXECUTION_DATE=2023-02-07T00:00:00+00:00
AIRFLOW_CTX_DAG_RUN_ID=scheduled__2023-02-07T00:00:00+00:00
[2024-06-24 14:25:51,402] {taskinstance.py:1166} INFO - Marking task as SUCCESS. dag_id=dag_with_taskflow_api_v02, task_id=get_name, execution_date=20230207T000000, start_date=20240624T142550, end_date=20240624T142551
[2024-06-24 14:25:51,536] {taskinstance.py:1220} INFO - 0 downstream tasks scheduled from follow-on schedule check
[2024-06-24 14:25:51,605] {local_task_job.py:146} INFO - Task exited with return code 0
