[2024-06-24 12:52:13,889] {taskinstance.py:851} INFO - Dependencies all met for <TaskInstance: our_dag_with_python_operator_v07.get_name 2021-10-07T00:00:00+00:00 [queued]>
[2024-06-24 12:52:14,018] {taskinstance.py:851} INFO - Dependencies all met for <TaskInstance: our_dag_with_python_operator_v07.get_name 2021-10-07T00:00:00+00:00 [queued]>
[2024-06-24 12:52:14,022] {taskinstance.py:1042} INFO - 
--------------------------------------------------------------------------------
[2024-06-24 12:52:14,023] {taskinstance.py:1043} INFO - Starting attempt 1 of 6
[2024-06-24 12:52:14,026] {taskinstance.py:1044} INFO - 
--------------------------------------------------------------------------------
[2024-06-24 12:52:14,214] {taskinstance.py:1063} INFO - Executing <Task(PythonOperator): get_name> on 2021-10-07T00:00:00+00:00
[2024-06-24 12:52:14,272] {standard_task_runner.py:52} INFO - Started process 27503 to run task
[2024-06-24 12:52:14,296] {standard_task_runner.py:76} INFO - Running: ['airflow', 'tasks', 'run', 'our_dag_with_python_operator_v07', 'get_name', '2021-10-07T00:00:00+00:00', '--job-id', '522', '--pool', 'default_pool', '--raw', '--subdir', 'DAGS_FOLDER/create_dag_with_python_operator.py', '--cfg-path', '/tmp/tmp32ub6if7', '--error-file', '/tmp/tmpl0_qldi0']
[2024-06-24 12:52:14,317] {standard_task_runner.py:77} INFO - Job 522: Subtask get_name
[2024-06-24 12:52:14,634] {logging_mixin.py:104} INFO - Running <TaskInstance: our_dag_with_python_operator_v07.get_name 2021-10-07T00:00:00+00:00 [running]> on host 799b1e36e3f1
[2024-06-24 12:52:14,941] {taskinstance.py:1257} INFO - Exporting the following env vars:
AIRFLOW_CTX_DAG_OWNER=coder2j
AIRFLOW_CTX_DAG_ID=our_dag_with_python_operator_v07
AIRFLOW_CTX_TASK_ID=get_name
AIRFLOW_CTX_EXECUTION_DATE=2021-10-07T00:00:00+00:00
AIRFLOW_CTX_DAG_RUN_ID=scheduled__2021-10-07T00:00:00+00:00
[2024-06-24 12:52:15,134] {python.py:118} INFO - Done. Returned value was: None
[2024-06-24 12:52:15,265] {taskinstance.py:1166} INFO - Marking task as SUCCESS. dag_id=our_dag_with_python_operator_v07, task_id=get_name, execution_date=20211007T000000, start_date=20240624T125213, end_date=20240624T125215
[2024-06-24 12:52:15,500] {taskinstance.py:1220} INFO - 1 downstream tasks scheduled from follow-on schedule check
[2024-06-24 12:52:15,557] {local_task_job.py:146} INFO - Task exited with return code 0
