[2024-06-24 12:59:36,087] {taskinstance.py:851} INFO - Dependencies all met for <TaskInstance: our_dag_with_python_operator_v07.get_age 2022-03-10T00:00:00+00:00 [queued]>
[2024-06-24 12:59:36,190] {taskinstance.py:851} INFO - Dependencies all met for <TaskInstance: our_dag_with_python_operator_v07.get_age 2022-03-10T00:00:00+00:00 [queued]>
[2024-06-24 12:59:36,198] {taskinstance.py:1042} INFO - 
--------------------------------------------------------------------------------
[2024-06-24 12:59:36,206] {taskinstance.py:1043} INFO - Starting attempt 1 of 6
[2024-06-24 12:59:36,211] {taskinstance.py:1044} INFO - 
--------------------------------------------------------------------------------
[2024-06-24 12:59:36,305] {taskinstance.py:1063} INFO - Executing <Task(PythonOperator): get_age> on 2022-03-10T00:00:00+00:00
[2024-06-24 12:59:36,322] {standard_task_runner.py:52} INFO - Started process 34579 to run task
[2024-06-24 12:59:36,353] {standard_task_runner.py:76} INFO - Running: ['airflow', 'tasks', 'run', 'our_dag_with_python_operator_v07', 'get_age', '2022-03-10T00:00:00+00:00', '--job-id', '2226', '--pool', 'default_pool', '--raw', '--subdir', 'DAGS_FOLDER/create_dag_with_python_operator.py', '--cfg-path', '/tmp/tmpzx9rqify', '--error-file', '/tmp/tmp0xtaavhe']
[2024-06-24 12:59:36,378] {standard_task_runner.py:77} INFO - Job 2226: Subtask get_age
[2024-06-24 12:59:36,685] {logging_mixin.py:104} INFO - Running <TaskInstance: our_dag_with_python_operator_v07.get_age 2022-03-10T00:00:00+00:00 [running]> on host 799b1e36e3f1
[2024-06-24 12:59:36,957] {taskinstance.py:1257} INFO - Exporting the following env vars:
AIRFLOW_CTX_DAG_OWNER=coder2j
AIRFLOW_CTX_DAG_ID=our_dag_with_python_operator_v07
AIRFLOW_CTX_TASK_ID=get_age
AIRFLOW_CTX_EXECUTION_DATE=2022-03-10T00:00:00+00:00
AIRFLOW_CTX_DAG_RUN_ID=scheduled__2022-03-10T00:00:00+00:00
[2024-06-24 12:59:37,063] {python.py:118} INFO - Done. Returned value was: None
[2024-06-24 12:59:37,184] {taskinstance.py:1166} INFO - Marking task as SUCCESS. dag_id=our_dag_with_python_operator_v07, task_id=get_age, execution_date=20220310T000000, start_date=20240624T125936, end_date=20240624T125937
[2024-06-24 12:59:37,495] {taskinstance.py:1220} INFO - 1 downstream tasks scheduled from follow-on schedule check
[2024-06-24 12:59:37,562] {local_task_job.py:146} INFO - Task exited with return code 0
