[2024-06-24 15:04:22,312] {taskinstance.py:851} INFO - Dependencies all met for <TaskInstance: our_dag_with_python_operator_v07.get_age 2024-04-24T00:00:00+00:00 [queued]>
[2024-06-24 15:04:22,372] {taskinstance.py:851} INFO - Dependencies all met for <TaskInstance: our_dag_with_python_operator_v07.get_age 2024-04-24T00:00:00+00:00 [queued]>
[2024-06-24 15:04:22,373] {taskinstance.py:1042} INFO - 
--------------------------------------------------------------------------------
[2024-06-24 15:04:22,374] {taskinstance.py:1043} INFO - Starting attempt 1 of 6
[2024-06-24 15:04:22,376] {taskinstance.py:1044} INFO - 
--------------------------------------------------------------------------------
[2024-06-24 15:04:22,419] {taskinstance.py:1063} INFO - Executing <Task(PythonOperator): get_age> on 2024-04-24T00:00:00+00:00
[2024-06-24 15:04:22,426] {standard_task_runner.py:52} INFO - Started process 31970 to run task
[2024-06-24 15:04:22,488] {standard_task_runner.py:76} INFO - Running: ['airflow', 'tasks', 'run', 'our_dag_with_python_operator_v07', 'get_age', '2024-04-24T00:00:00+00:00', '--job-id', '11082', '--pool', 'default_pool', '--raw', '--subdir', 'DAGS_FOLDER/create_dag_with_python_operator.py', '--cfg-path', '/tmp/tmp34bus1f2', '--error-file', '/tmp/tmp1oakf8ud']
[2024-06-24 15:04:22,501] {standard_task_runner.py:77} INFO - Job 11082: Subtask get_age
[2024-06-24 15:04:22,785] {logging_mixin.py:104} INFO - Running <TaskInstance: our_dag_with_python_operator_v07.get_age 2024-04-24T00:00:00+00:00 [running]> on host 799b1e36e3f1
[2024-06-24 15:04:23,104] {taskinstance.py:1257} INFO - Exporting the following env vars:
AIRFLOW_CTX_DAG_OWNER=coder2j
AIRFLOW_CTX_DAG_ID=our_dag_with_python_operator_v07
AIRFLOW_CTX_TASK_ID=get_age
AIRFLOW_CTX_EXECUTION_DATE=2024-04-24T00:00:00+00:00
AIRFLOW_CTX_DAG_RUN_ID=scheduled__2024-04-24T00:00:00+00:00
[2024-06-24 15:04:23,150] {python.py:118} INFO - Done. Returned value was: None
[2024-06-24 15:04:23,194] {taskinstance.py:1166} INFO - Marking task as SUCCESS. dag_id=our_dag_with_python_operator_v07, task_id=get_age, execution_date=20240424T000000, start_date=20240624T150422, end_date=20240624T150423
[2024-06-24 15:04:23,314] {taskinstance.py:1220} INFO - 0 downstream tasks scheduled from follow-on schedule check
[2024-06-24 15:04:23,338] {local_task_job.py:146} INFO - Task exited with return code 0
