[2024-06-24 12:54:50,183] {taskinstance.py:851} INFO - Dependencies all met for <TaskInstance: dag_with_taskflow_api_v02.get_age 2021-12-23T00:00:00+00:00 [queued]>
[2024-06-24 12:54:50,287] {taskinstance.py:851} INFO - Dependencies all met for <TaskInstance: dag_with_taskflow_api_v02.get_age 2021-12-23T00:00:00+00:00 [queued]>
[2024-06-24 12:54:50,298] {taskinstance.py:1042} INFO - 
--------------------------------------------------------------------------------
[2024-06-24 12:54:50,304] {taskinstance.py:1043} INFO - Starting attempt 1 of 6
[2024-06-24 12:54:50,312] {taskinstance.py:1044} INFO - 
--------------------------------------------------------------------------------
[2024-06-24 12:54:50,393] {taskinstance.py:1063} INFO - Executing <Task(_PythonDecoratedOperator): get_age> on 2021-12-23T00:00:00+00:00
[2024-06-24 12:54:50,419] {standard_task_runner.py:52} INFO - Started process 29990 to run task
[2024-06-24 12:54:50,487] {standard_task_runner.py:76} INFO - Running: ['airflow', 'tasks', 'run', 'dag_with_taskflow_api_v02', 'get_age', '2021-12-23T00:00:00+00:00', '--job-id', '1112', '--pool', 'default_pool', '--raw', '--subdir', 'DAGS_FOLDER/dag_with_taskflow_api.py', '--cfg-path', '/tmp/tmpo8q4ltg2', '--error-file', '/tmp/tmpkcf2mynw']
[2024-06-24 12:54:50,548] {standard_task_runner.py:77} INFO - Job 1112: Subtask get_age
[2024-06-24 12:54:50,970] {logging_mixin.py:104} INFO - Running <TaskInstance: dag_with_taskflow_api_v02.get_age 2021-12-23T00:00:00+00:00 [running]> on host 799b1e36e3f1
[2024-06-24 12:54:51,291] {taskinstance.py:1257} INFO - Exporting the following env vars:
AIRFLOW_CTX_DAG_OWNER=coder2j
AIRFLOW_CTX_DAG_ID=dag_with_taskflow_api_v02
AIRFLOW_CTX_TASK_ID=get_age
AIRFLOW_CTX_EXECUTION_DATE=2021-12-23T00:00:00+00:00
AIRFLOW_CTX_DAG_RUN_ID=scheduled__2021-12-23T00:00:00+00:00
[2024-06-24 12:54:51,489] {taskinstance.py:1166} INFO - Marking task as SUCCESS. dag_id=dag_with_taskflow_api_v02, task_id=get_age, execution_date=20211223T000000, start_date=20240624T125450, end_date=20240624T125451
[2024-06-24 12:54:51,813] {taskinstance.py:1220} INFO - 0 downstream tasks scheduled from follow-on schedule check
[2024-06-24 12:54:51,851] {local_task_job.py:146} INFO - Task exited with return code 0
