[2024-06-24 14:29:32,020] {taskinstance.py:851} INFO - Dependencies all met for <TaskInstance: dag_with_python_dependencies_v03.get_matplotlib 2023-03-25T00:00:00+00:00 [queued]>
[2024-06-24 14:29:32,164] {taskinstance.py:851} INFO - Dependencies all met for <TaskInstance: dag_with_python_dependencies_v03.get_matplotlib 2023-03-25T00:00:00+00:00 [queued]>
[2024-06-24 14:29:32,170] {taskinstance.py:1042} INFO - 
--------------------------------------------------------------------------------
[2024-06-24 14:29:32,186] {taskinstance.py:1043} INFO - Starting attempt 1 of 1
[2024-06-24 14:29:32,196] {taskinstance.py:1044} INFO - 
--------------------------------------------------------------------------------
[2024-06-24 14:29:32,267] {taskinstance.py:1063} INFO - Executing <Task(PythonOperator): get_matplotlib> on 2023-03-25T00:00:00+00:00
[2024-06-24 14:29:32,284] {standard_task_runner.py:52} INFO - Started process 17732 to run task
[2024-06-24 14:29:32,314] {standard_task_runner.py:76} INFO - Running: ['airflow', 'tasks', 'run', 'dag_with_python_dependencies_v03', 'get_matplotlib', '2023-03-25T00:00:00+00:00', '--job-id', '7547', '--pool', 'default_pool', '--raw', '--subdir', 'DAGS_FOLDER/dag_with_python_dependencies.py', '--cfg-path', '/tmp/tmpie3xkdgw', '--error-file', '/tmp/tmpeb_iu1_g']
[2024-06-24 14:29:32,377] {standard_task_runner.py:77} INFO - Job 7547: Subtask get_matplotlib
[2024-06-24 14:29:32,644] {logging_mixin.py:104} INFO - Running <TaskInstance: dag_with_python_dependencies_v03.get_matplotlib 2023-03-25T00:00:00+00:00 [running]> on host 799b1e36e3f1
[2024-06-24 14:29:32,838] {taskinstance.py:1257} INFO - Exporting the following env vars:
AIRFLOW_CTX_DAG_OWNER=coder2j
AIRFLOW_CTX_DAG_ID=dag_with_python_dependencies_v03
AIRFLOW_CTX_TASK_ID=get_matplotlib
AIRFLOW_CTX_EXECUTION_DATE=2023-03-25T00:00:00+00:00
AIRFLOW_CTX_DAG_RUN_ID=scheduled__2023-03-25T00:00:00+00:00
[2024-06-24 14:29:33,311] {__init__.py:482} WARNING - Matplotlib created a temporary config/cache directory at /tmp/matplotlib-87q34kzw because the default path (/home/airflow/.config/matplotlib) is not a writable directory; it is highly recommended to set the MPLCONFIGDIR environment variable to a writable directory, in particular to speed up the import of Matplotlib and to better support multiprocessing.
[2024-06-24 14:29:33,363] {logging_mixin.py:104} INFO - matplotlib with version: 3.3.3
[2024-06-24 14:29:33,363] {python.py:118} INFO - Done. Returned value was: None
[2024-06-24 14:29:33,437] {taskinstance.py:1166} INFO - Marking task as SUCCESS. dag_id=dag_with_python_dependencies_v03, task_id=get_matplotlib, execution_date=20230325T000000, start_date=20240624T142932, end_date=20240624T142933
[2024-06-24 14:29:33,524] {taskinstance.py:1220} INFO - 0 downstream tasks scheduled from follow-on schedule check
[2024-06-24 14:29:33,583] {local_task_job.py:146} INFO - Task exited with return code 0
