[2024-06-24 14:29:51,672] {taskinstance.py:851} INFO - Dependencies all met for <TaskInstance: our_first_dag_v5.first_task 2023-05-05T00:00:00+00:00 [queued]>
[2024-06-24 14:29:51,701] {taskinstance.py:851} INFO - Dependencies all met for <TaskInstance: our_first_dag_v5.first_task 2023-05-05T00:00:00+00:00 [queued]>
[2024-06-24 14:29:51,707] {taskinstance.py:1042} INFO - 
--------------------------------------------------------------------------------
[2024-06-24 14:29:51,708] {taskinstance.py:1043} INFO - Starting attempt 1 of 6
[2024-06-24 14:29:51,709] {taskinstance.py:1044} INFO - 
--------------------------------------------------------------------------------
[2024-06-24 14:29:51,784] {taskinstance.py:1063} INFO - Executing <Task(BashOperator): first_task> on 2023-05-05T00:00:00+00:00
[2024-06-24 14:29:51,811] {standard_task_runner.py:52} INFO - Started process 18299 to run task
[2024-06-24 14:29:51,839] {standard_task_runner.py:76} INFO - Running: ['airflow', 'tasks', 'run', 'our_first_dag_v5', 'first_task', '2023-05-05T00:00:00+00:00', '--job-id', '7680', '--pool', 'default_pool', '--raw', '--subdir', 'DAGS_FOLDER/our_first_dag.py', '--cfg-path', '/tmp/tmp8l16yrfd', '--error-file', '/tmp/tmprg52gsg_']
[2024-06-24 14:29:51,856] {standard_task_runner.py:77} INFO - Job 7680: Subtask first_task
[2024-06-24 14:29:52,114] {logging_mixin.py:104} INFO - Running <TaskInstance: our_first_dag_v5.first_task 2023-05-05T00:00:00+00:00 [running]> on host 799b1e36e3f1
[2024-06-24 14:29:52,361] {taskinstance.py:1257} INFO - Exporting the following env vars:
AIRFLOW_CTX_DAG_OWNER=coder2j
AIRFLOW_CTX_DAG_ID=our_first_dag_v5
AIRFLOW_CTX_TASK_ID=first_task
AIRFLOW_CTX_EXECUTION_DATE=2023-05-05T00:00:00+00:00
AIRFLOW_CTX_DAG_RUN_ID=scheduled__2023-05-05T00:00:00+00:00
[2024-06-24 14:29:52,374] {bash.py:135} INFO - Tmp dir root location: 
 /tmp
[2024-06-24 14:29:52,376] {bash.py:158} INFO - Running command: echo hello world, this is the first task!
[2024-06-24 14:29:52,404] {bash.py:169} INFO - Output:
[2024-06-24 14:29:52,419] {bash.py:173} INFO - hello world, this is the first task!
[2024-06-24 14:29:52,421] {bash.py:177} INFO - Command exited with return code 0
[2024-06-24 14:29:52,550] {taskinstance.py:1166} INFO - Marking task as SUCCESS. dag_id=our_first_dag_v5, task_id=first_task, execution_date=20230505T000000, start_date=20240624T142951, end_date=20240624T142952
[2024-06-24 14:29:52,768] {taskinstance.py:1220} INFO - 2 downstream tasks scheduled from follow-on schedule check
[2024-06-24 14:29:52,837] {local_task_job.py:146} INFO - Task exited with return code 0
