[2024-06-24 13:01:19,742] {taskinstance.py:851} INFO - Dependencies all met for <TaskInstance: our_first_dag_v5.first_task 2022-01-25T00:00:00+00:00 [queued]>
[2024-06-24 13:01:19,870] {taskinstance.py:851} INFO - Dependencies all met for <TaskInstance: our_first_dag_v5.first_task 2022-01-25T00:00:00+00:00 [queued]>
[2024-06-24 13:01:19,872] {taskinstance.py:1042} INFO - 
--------------------------------------------------------------------------------
[2024-06-24 13:01:19,877] {taskinstance.py:1043} INFO - Starting attempt 1 of 6
[2024-06-24 13:01:19,878] {taskinstance.py:1044} INFO - 
--------------------------------------------------------------------------------
[2024-06-24 13:01:20,092] {taskinstance.py:1063} INFO - Executing <Task(BashOperator): first_task> on 2022-01-25T00:00:00+00:00
[2024-06-24 13:01:20,124] {standard_task_runner.py:52} INFO - Started process 36174 to run task
[2024-06-24 13:01:20,168] {standard_task_runner.py:76} INFO - Running: ['airflow', 'tasks', 'run', 'our_first_dag_v5', 'first_task', '2022-01-25T00:00:00+00:00', '--job-id', '2627', '--pool', 'default_pool', '--raw', '--subdir', 'DAGS_FOLDER/our_first_dag.py', '--cfg-path', '/tmp/tmpo0x3w91u', '--error-file', '/tmp/tmpdvu9hvj9']
[2024-06-24 13:01:20,193] {standard_task_runner.py:77} INFO - Job 2627: Subtask first_task
[2024-06-24 13:01:20,433] {logging_mixin.py:104} INFO - Running <TaskInstance: our_first_dag_v5.first_task 2022-01-25T00:00:00+00:00 [running]> on host 799b1e36e3f1
[2024-06-24 13:01:20,731] {taskinstance.py:1257} INFO - Exporting the following env vars:
AIRFLOW_CTX_DAG_OWNER=coder2j
AIRFLOW_CTX_DAG_ID=our_first_dag_v5
AIRFLOW_CTX_TASK_ID=first_task
AIRFLOW_CTX_EXECUTION_DATE=2022-01-25T00:00:00+00:00
AIRFLOW_CTX_DAG_RUN_ID=scheduled__2022-01-25T00:00:00+00:00
[2024-06-24 13:01:20,734] {bash.py:135} INFO - Tmp dir root location: 
 /tmp
[2024-06-24 13:01:20,737] {bash.py:158} INFO - Running command: echo hello world, this is the first task!
[2024-06-24 13:01:20,790] {bash.py:169} INFO - Output:
[2024-06-24 13:01:20,794] {bash.py:173} INFO - hello world, this is the first task!
[2024-06-24 13:01:20,798] {bash.py:177} INFO - Command exited with return code 0
[2024-06-24 13:01:21,098] {taskinstance.py:1166} INFO - Marking task as SUCCESS. dag_id=our_first_dag_v5, task_id=first_task, execution_date=20220125T000000, start_date=20240624T130119, end_date=20240624T130121
[2024-06-24 13:01:21,281] {taskinstance.py:1220} INFO - 2 downstream tasks scheduled from follow-on schedule check
[2024-06-24 13:01:21,379] {local_task_job.py:146} INFO - Task exited with return code 0
