[2024-06-24 12:56:37,658] {taskinstance.py:851} INFO - Dependencies all met for <TaskInstance: our_first_dag_v5.thrid_task 2021-10-13T00:00:00+00:00 [queued]>
[2024-06-24 12:56:37,868] {taskinstance.py:851} INFO - Dependencies all met for <TaskInstance: our_first_dag_v5.thrid_task 2021-10-13T00:00:00+00:00 [queued]>
[2024-06-24 12:56:37,886] {taskinstance.py:1042} INFO - 
--------------------------------------------------------------------------------
[2024-06-24 12:56:37,888] {taskinstance.py:1043} INFO - Starting attempt 1 of 6
[2024-06-24 12:56:37,894] {taskinstance.py:1044} INFO - 
--------------------------------------------------------------------------------
[2024-06-24 12:56:38,008] {taskinstance.py:1063} INFO - Executing <Task(BashOperator): thrid_task> on 2021-10-13T00:00:00+00:00
[2024-06-24 12:56:38,098] {standard_task_runner.py:52} INFO - Started process 31785 to run task
[2024-06-24 12:56:38,145] {standard_task_runner.py:76} INFO - Running: ['airflow', 'tasks', 'run', 'our_first_dag_v5', 'thrid_task', '2021-10-13T00:00:00+00:00', '--job-id', '1548', '--pool', 'default_pool', '--raw', '--subdir', 'DAGS_FOLDER/our_first_dag.py', '--cfg-path', '/tmp/tmp4h0z4awg', '--error-file', '/tmp/tmpnhtcywwu']
[2024-06-24 12:56:38,170] {standard_task_runner.py:77} INFO - Job 1548: Subtask thrid_task
[2024-06-24 12:56:38,692] {logging_mixin.py:104} INFO - Running <TaskInstance: our_first_dag_v5.thrid_task 2021-10-13T00:00:00+00:00 [running]> on host 799b1e36e3f1
[2024-06-24 12:56:39,102] {taskinstance.py:1257} INFO - Exporting the following env vars:
AIRFLOW_CTX_DAG_OWNER=coder2j
AIRFLOW_CTX_DAG_ID=our_first_dag_v5
AIRFLOW_CTX_TASK_ID=thrid_task
AIRFLOW_CTX_EXECUTION_DATE=2021-10-13T00:00:00+00:00
AIRFLOW_CTX_DAG_RUN_ID=scheduled__2021-10-13T00:00:00+00:00
[2024-06-24 12:56:39,119] {bash.py:135} INFO - Tmp dir root location: 
 /tmp
[2024-06-24 12:56:39,127] {bash.py:158} INFO - Running command: echo hey, I am task3 and will be running after task1 at the same time as task2!
[2024-06-24 12:56:39,203] {bash.py:169} INFO - Output:
[2024-06-24 12:56:39,221] {bash.py:173} INFO - hey, I am task3 and will be running after task1 at the same time as task2!
[2024-06-24 12:56:39,223] {bash.py:177} INFO - Command exited with return code 0
[2024-06-24 12:56:39,343] {taskinstance.py:1166} INFO - Marking task as SUCCESS. dag_id=our_first_dag_v5, task_id=thrid_task, execution_date=20211013T000000, start_date=20240624T125637, end_date=20240624T125639
[2024-06-24 12:56:39,520] {taskinstance.py:1220} INFO - 0 downstream tasks scheduled from follow-on schedule check
[2024-06-24 12:56:39,669] {local_task_job.py:146} INFO - Task exited with return code 0
