[2024-06-24 14:29:19,823] {taskinstance.py:851} INFO - Dependencies all met for <TaskInstance: our_dag_with_python_operator_v07.get_name 2023-06-18T00:00:00+00:00 [queued]>
[2024-06-24 14:29:19,910] {taskinstance.py:851} INFO - Dependencies all met for <TaskInstance: our_dag_with_python_operator_v07.get_name 2023-06-18T00:00:00+00:00 [queued]>
[2024-06-24 14:29:19,913] {taskinstance.py:1042} INFO - 
--------------------------------------------------------------------------------
[2024-06-24 14:29:19,928] {taskinstance.py:1043} INFO - Starting attempt 1 of 6
[2024-06-24 14:29:19,931] {taskinstance.py:1044} INFO - 
--------------------------------------------------------------------------------
[2024-06-24 14:29:19,984] {taskinstance.py:1063} INFO - Executing <Task(PythonOperator): get_name> on 2023-06-18T00:00:00+00:00
[2024-06-24 14:29:19,995] {standard_task_runner.py:52} INFO - Started process 17403 to run task
[2024-06-24 14:29:20,004] {standard_task_runner.py:76} INFO - Running: ['airflow', 'tasks', 'run', 'our_dag_with_python_operator_v07', 'get_name', '2023-06-18T00:00:00+00:00', '--job-id', '7454', '--pool', 'default_pool', '--raw', '--subdir', 'DAGS_FOLDER/create_dag_with_python_operator.py', '--cfg-path', '/tmp/tmpkni83ron', '--error-file', '/tmp/tmpjih9qd57']
[2024-06-24 14:29:20,017] {standard_task_runner.py:77} INFO - Job 7454: Subtask get_name
[2024-06-24 14:29:20,333] {logging_mixin.py:104} INFO - Running <TaskInstance: our_dag_with_python_operator_v07.get_name 2023-06-18T00:00:00+00:00 [running]> on host 799b1e36e3f1
[2024-06-24 14:29:20,548] {taskinstance.py:1257} INFO - Exporting the following env vars:
AIRFLOW_CTX_DAG_OWNER=coder2j
AIRFLOW_CTX_DAG_ID=our_dag_with_python_operator_v07
AIRFLOW_CTX_TASK_ID=get_name
AIRFLOW_CTX_EXECUTION_DATE=2023-06-18T00:00:00+00:00
AIRFLOW_CTX_DAG_RUN_ID=scheduled__2023-06-18T00:00:00+00:00
[2024-06-24 14:29:20,690] {python.py:118} INFO - Done. Returned value was: None
[2024-06-24 14:29:20,787] {taskinstance.py:1166} INFO - Marking task as SUCCESS. dag_id=our_dag_with_python_operator_v07, task_id=get_name, execution_date=20230618T000000, start_date=20240624T142919, end_date=20240624T142920
[2024-06-24 14:29:20,998] {taskinstance.py:1220} INFO - 0 downstream tasks scheduled from follow-on schedule check
[2024-06-24 14:29:21,036] {local_task_job.py:146} INFO - Task exited with return code 0
