[2024-06-24 15:03:30,740] {taskinstance.py:851} INFO - Dependencies all met for <TaskInstance: our_dag_with_python_operator_v07.get_age 2024-03-09T00:00:00+00:00 [queued]>
[2024-06-24 15:03:30,826] {taskinstance.py:851} INFO - Dependencies all met for <TaskInstance: our_dag_with_python_operator_v07.get_age 2024-03-09T00:00:00+00:00 [queued]>
[2024-06-24 15:03:30,831] {taskinstance.py:1042} INFO - 
--------------------------------------------------------------------------------
[2024-06-24 15:03:30,833] {taskinstance.py:1043} INFO - Starting attempt 1 of 6
[2024-06-24 15:03:30,835] {taskinstance.py:1044} INFO - 
--------------------------------------------------------------------------------
[2024-06-24 15:03:30,898] {taskinstance.py:1063} INFO - Executing <Task(PythonOperator): get_age> on 2024-03-09T00:00:00+00:00
[2024-06-24 15:03:30,905] {standard_task_runner.py:52} INFO - Started process 30862 to run task
[2024-06-24 15:03:30,917] {standard_task_runner.py:76} INFO - Running: ['airflow', 'tasks', 'run', 'our_dag_with_python_operator_v07', 'get_age', '2024-03-09T00:00:00+00:00', '--job-id', '10784', '--pool', 'default_pool', '--raw', '--subdir', 'DAGS_FOLDER/create_dag_with_python_operator.py', '--cfg-path', '/tmp/tmpki75fy6a', '--error-file', '/tmp/tmpw2w3fmal']
[2024-06-24 15:03:30,942] {standard_task_runner.py:77} INFO - Job 10784: Subtask get_age
[2024-06-24 15:03:31,252] {logging_mixin.py:104} INFO - Running <TaskInstance: our_dag_with_python_operator_v07.get_age 2024-03-09T00:00:00+00:00 [running]> on host 799b1e36e3f1
[2024-06-24 15:03:31,482] {taskinstance.py:1257} INFO - Exporting the following env vars:
AIRFLOW_CTX_DAG_OWNER=coder2j
AIRFLOW_CTX_DAG_ID=our_dag_with_python_operator_v07
AIRFLOW_CTX_TASK_ID=get_age
AIRFLOW_CTX_EXECUTION_DATE=2024-03-09T00:00:00+00:00
AIRFLOW_CTX_DAG_RUN_ID=scheduled__2024-03-09T00:00:00+00:00
[2024-06-24 15:03:31,553] {python.py:118} INFO - Done. Returned value was: None
[2024-06-24 15:03:31,696] {taskinstance.py:1166} INFO - Marking task as SUCCESS. dag_id=our_dag_with_python_operator_v07, task_id=get_age, execution_date=20240309T000000, start_date=20240624T150330, end_date=20240624T150331
[2024-06-24 15:03:31,843] {taskinstance.py:1220} INFO - 0 downstream tasks scheduled from follow-on schedule check
[2024-06-24 15:03:31,888] {local_task_job.py:146} INFO - Task exited with return code 0
