[2024-08-01 17:19:46,160] {taskinstance.py:851} INFO - Dependencies all met for <TaskInstance: dag_with_taskflow_api_v02.get_age 2024-07-29T00:00:00+00:00 [queued]>
[2024-08-01 17:19:46,508] {taskinstance.py:851} INFO - Dependencies all met for <TaskInstance: dag_with_taskflow_api_v02.get_age 2024-07-29T00:00:00+00:00 [queued]>
[2024-08-01 17:19:46,517] {taskinstance.py:1042} INFO - 
--------------------------------------------------------------------------------
[2024-08-01 17:19:46,519] {taskinstance.py:1043} INFO - Starting attempt 1 of 6
[2024-08-01 17:19:46,523] {taskinstance.py:1044} INFO - 
--------------------------------------------------------------------------------
[2024-08-01 17:19:46,711] {taskinstance.py:1063} INFO - Executing <Task(_PythonDecoratedOperator): get_age> on 2024-07-29T00:00:00+00:00
[2024-08-01 17:19:46,810] {standard_task_runner.py:52} INFO - Started process 250 to run task
[2024-08-01 17:19:46,828] {standard_task_runner.py:76} INFO - Running: ['airflow', 'tasks', 'run', 'dag_with_taskflow_api_v02', 'get_age', '2024-07-29T00:00:00+00:00', '--job-id', '12601', '--pool', 'default_pool', '--raw', '--subdir', 'DAGS_FOLDER/dag_with_taskflow_api.py', '--cfg-path', '/tmp/tmpd3lxfeda', '--error-file', '/tmp/tmpromxm72l']
[2024-08-01 17:19:46,842] {standard_task_runner.py:77} INFO - Job 12601: Subtask get_age
[2024-08-01 17:19:48,206] {logging_mixin.py:104} INFO - Running <TaskInstance: dag_with_taskflow_api_v02.get_age 2024-07-29T00:00:00+00:00 [running]> on host 799b1e36e3f1
[2024-08-01 17:19:48,892] {taskinstance.py:1257} INFO - Exporting the following env vars:
AIRFLOW_CTX_DAG_OWNER=coder2j
AIRFLOW_CTX_DAG_ID=dag_with_taskflow_api_v02
AIRFLOW_CTX_TASK_ID=get_age
AIRFLOW_CTX_EXECUTION_DATE=2024-07-29T00:00:00+00:00
AIRFLOW_CTX_DAG_RUN_ID=scheduled__2024-07-29T00:00:00+00:00
[2024-08-01 17:19:49,411] {taskinstance.py:1166} INFO - Marking task as SUCCESS. dag_id=dag_with_taskflow_api_v02, task_id=get_age, execution_date=20240729T000000, start_date=20240801T171946, end_date=20240801T171949
[2024-08-01 17:19:50,243] {taskinstance.py:1220} INFO - 1 downstream tasks scheduled from follow-on schedule check
[2024-08-01 17:19:50,287] {local_task_job.py:146} INFO - Task exited with return code 0
