[2024-06-24 14:50:58,108] {taskinstance.py:851} INFO - Dependencies all met for <TaskInstance: our_dag_with_python_operator_v07.get_name 2023-12-17T00:00:00+00:00 [queued]>
[2024-06-24 14:50:58,140] {taskinstance.py:851} INFO - Dependencies all met for <TaskInstance: our_dag_with_python_operator_v07.get_name 2023-12-17T00:00:00+00:00 [queued]>
[2024-06-24 14:50:58,144] {taskinstance.py:1042} INFO - 
--------------------------------------------------------------------------------
[2024-06-24 14:50:58,146] {taskinstance.py:1043} INFO - Starting attempt 1 of 6
[2024-06-24 14:50:58,147] {taskinstance.py:1044} INFO - 
--------------------------------------------------------------------------------
[2024-06-24 14:50:58,195] {taskinstance.py:1063} INFO - Executing <Task(PythonOperator): get_name> on 2023-12-17T00:00:00+00:00
[2024-06-24 14:50:58,218] {standard_task_runner.py:52} INFO - Started process 25597 to run task
[2024-06-24 14:50:58,240] {standard_task_runner.py:76} INFO - Running: ['airflow', 'tasks', 'run', 'our_dag_with_python_operator_v07', 'get_name', '2023-12-17T00:00:00+00:00', '--job-id', '9472', '--pool', 'default_pool', '--raw', '--subdir', 'DAGS_FOLDER/create_dag_with_python_operator.py', '--cfg-path', '/tmp/tmpm9oae04_', '--error-file', '/tmp/tmpacko9_nk']
[2024-06-24 14:50:58,247] {standard_task_runner.py:77} INFO - Job 9472: Subtask get_name
[2024-06-24 14:50:58,464] {logging_mixin.py:104} INFO - Running <TaskInstance: our_dag_with_python_operator_v07.get_name 2023-12-17T00:00:00+00:00 [running]> on host 799b1e36e3f1
[2024-06-24 14:50:58,685] {taskinstance.py:1257} INFO - Exporting the following env vars:
AIRFLOW_CTX_DAG_OWNER=coder2j
AIRFLOW_CTX_DAG_ID=our_dag_with_python_operator_v07
AIRFLOW_CTX_TASK_ID=get_name
AIRFLOW_CTX_EXECUTION_DATE=2023-12-17T00:00:00+00:00
AIRFLOW_CTX_DAG_RUN_ID=scheduled__2023-12-17T00:00:00+00:00
[2024-06-24 14:50:58,850] {python.py:118} INFO - Done. Returned value was: None
[2024-06-24 14:50:58,914] {taskinstance.py:1166} INFO - Marking task as SUCCESS. dag_id=our_dag_with_python_operator_v07, task_id=get_name, execution_date=20231217T000000, start_date=20240624T145058, end_date=20240624T145058
[2024-06-24 14:50:59,191] {taskinstance.py:1220} INFO - 0 downstream tasks scheduled from follow-on schedule check
[2024-06-24 14:50:59,277] {local_task_job.py:146} INFO - Task exited with return code 0
