[2024-07-12 11:11:22,903] {taskinstance.py:851} INFO - Dependencies all met for <TaskInstance: our_first_dag_v5.first_task 2024-07-07T00:00:00+00:00 [queued]>
[2024-07-12 11:11:23,066] {taskinstance.py:851} INFO - Dependencies all met for <TaskInstance: our_first_dag_v5.first_task 2024-07-07T00:00:00+00:00 [queued]>
[2024-07-12 11:11:23,071] {taskinstance.py:1042} INFO - 
--------------------------------------------------------------------------------
[2024-07-12 11:11:23,072] {taskinstance.py:1043} INFO - Starting attempt 1 of 6
[2024-07-12 11:11:23,075] {taskinstance.py:1044} INFO - 
--------------------------------------------------------------------------------
[2024-07-12 11:11:23,191] {taskinstance.py:1063} INFO - Executing <Task(BashOperator): first_task> on 2024-07-07T00:00:00+00:00
[2024-07-12 11:11:23,243] {standard_task_runner.py:52} INFO - Started process 230 to run task
[2024-07-12 11:11:23,269] {standard_task_runner.py:76} INFO - Running: ['airflow', 'tasks', 'run', 'our_first_dag_v5', 'first_task', '2024-07-07T00:00:00+00:00', '--job-id', '12327', '--pool', 'default_pool', '--raw', '--subdir', 'DAGS_FOLDER/our_first_dag.py', '--cfg-path', '/tmp/tmp8rkluw3h', '--error-file', '/tmp/tmp0rdykw3u']
[2024-07-12 11:11:23,298] {standard_task_runner.py:77} INFO - Job 12327: Subtask first_task
[2024-07-12 11:11:24,008] {logging_mixin.py:104} INFO - Running <TaskInstance: our_first_dag_v5.first_task 2024-07-07T00:00:00+00:00 [running]> on host 799b1e36e3f1
[2024-07-12 11:11:24,574] {taskinstance.py:1257} INFO - Exporting the following env vars:
AIRFLOW_CTX_DAG_OWNER=coder2j
AIRFLOW_CTX_DAG_ID=our_first_dag_v5
AIRFLOW_CTX_TASK_ID=first_task
AIRFLOW_CTX_EXECUTION_DATE=2024-07-07T00:00:00+00:00
AIRFLOW_CTX_DAG_RUN_ID=scheduled__2024-07-07T00:00:00+00:00
[2024-07-12 11:11:24,579] {bash.py:135} INFO - Tmp dir root location: 
 /tmp
[2024-07-12 11:11:24,593] {bash.py:158} INFO - Running command: echo hello world, this is the first task!
[2024-07-12 11:11:24,675] {bash.py:169} INFO - Output:
[2024-07-12 11:11:24,691] {bash.py:173} INFO - hello world, this is the first task!
[2024-07-12 11:11:24,695] {bash.py:177} INFO - Command exited with return code 0
[2024-07-12 11:11:25,087] {taskinstance.py:1166} INFO - Marking task as SUCCESS. dag_id=our_first_dag_v5, task_id=first_task, execution_date=20240707T000000, start_date=20240712T111122, end_date=20240712T111125
[2024-07-12 11:11:26,102] {taskinstance.py:1220} INFO - 0 downstream tasks scheduled from follow-on schedule check
[2024-07-12 11:11:26,299] {local_task_job.py:146} INFO - Task exited with return code 0
