[2024-06-24 12:54:06,749] {taskinstance.py:851} INFO - Dependencies all met for <TaskInstance: dag_with_taskflow_api_v02.get_name 2021-12-10T00:00:00+00:00 [queued]>
[2024-06-24 12:54:06,781] {taskinstance.py:851} INFO - Dependencies all met for <TaskInstance: dag_with_taskflow_api_v02.get_name 2021-12-10T00:00:00+00:00 [queued]>
[2024-06-24 12:54:06,790] {taskinstance.py:1042} INFO - 
--------------------------------------------------------------------------------
[2024-06-24 12:54:06,807] {taskinstance.py:1043} INFO - Starting attempt 1 of 6
[2024-06-24 12:54:06,811] {taskinstance.py:1044} INFO - 
--------------------------------------------------------------------------------
[2024-06-24 12:54:06,900] {taskinstance.py:1063} INFO - Executing <Task(_PythonDecoratedOperator): get_name> on 2021-12-10T00:00:00+00:00
[2024-06-24 12:54:06,986] {standard_task_runner.py:52} INFO - Started process 29259 to run task
[2024-06-24 12:54:07,037] {standard_task_runner.py:76} INFO - Running: ['airflow', 'tasks', 'run', 'dag_with_taskflow_api_v02', 'get_name', '2021-12-10T00:00:00+00:00', '--job-id', '928', '--pool', 'default_pool', '--raw', '--subdir', 'DAGS_FOLDER/dag_with_taskflow_api.py', '--cfg-path', '/tmp/tmp6n93s6eo', '--error-file', '/tmp/tmpqu0z9e__']
[2024-06-24 12:54:07,097] {standard_task_runner.py:77} INFO - Job 928: Subtask get_name
[2024-06-24 12:54:07,935] {logging_mixin.py:104} INFO - Running <TaskInstance: dag_with_taskflow_api_v02.get_name 2021-12-10T00:00:00+00:00 [running]> on host 799b1e36e3f1
[2024-06-24 12:54:09,102] {taskinstance.py:1257} INFO - Exporting the following env vars:
AIRFLOW_CTX_DAG_OWNER=coder2j
AIRFLOW_CTX_DAG_ID=dag_with_taskflow_api_v02
AIRFLOW_CTX_TASK_ID=get_name
AIRFLOW_CTX_EXECUTION_DATE=2021-12-10T00:00:00+00:00
AIRFLOW_CTX_DAG_RUN_ID=scheduled__2021-12-10T00:00:00+00:00
[2024-06-24 12:54:09,903] {taskinstance.py:1166} INFO - Marking task as SUCCESS. dag_id=dag_with_taskflow_api_v02, task_id=get_name, execution_date=20211210T000000, start_date=20240624T125406, end_date=20240624T125409
[2024-06-24 12:54:10,307] {taskinstance.py:1220} INFO - 1 downstream tasks scheduled from follow-on schedule check
[2024-06-24 12:54:10,374] {local_task_job.py:146} INFO - Task exited with return code 0
