[2024-06-24 12:55:12,940] {taskinstance.py:851} INFO - Dependencies all met for <TaskInstance: our_first_dag_v5.second_task 2021-10-04T00:00:00+00:00 [queued]>
[2024-06-24 12:55:13,092] {taskinstance.py:851} INFO - Dependencies all met for <TaskInstance: our_first_dag_v5.second_task 2021-10-04T00:00:00+00:00 [queued]>
[2024-06-24 12:55:13,101] {taskinstance.py:1042} INFO - 
--------------------------------------------------------------------------------
[2024-06-24 12:55:13,105] {taskinstance.py:1043} INFO - Starting attempt 1 of 6
[2024-06-24 12:55:13,108] {taskinstance.py:1044} INFO - 
--------------------------------------------------------------------------------
[2024-06-24 12:55:13,170] {taskinstance.py:1063} INFO - Executing <Task(BashOperator): second_task> on 2021-10-04T00:00:00+00:00
[2024-06-24 12:55:13,191] {standard_task_runner.py:52} INFO - Started process 30390 to run task
[2024-06-24 12:55:13,210] {standard_task_runner.py:76} INFO - Running: ['airflow', 'tasks', 'run', 'our_first_dag_v5', 'second_task', '2021-10-04T00:00:00+00:00', '--job-id', '1218', '--pool', 'default_pool', '--raw', '--subdir', 'DAGS_FOLDER/our_first_dag.py', '--cfg-path', '/tmp/tmpb6jbzxst', '--error-file', '/tmp/tmpxbce4dye']
[2024-06-24 12:55:13,228] {standard_task_runner.py:77} INFO - Job 1218: Subtask second_task
[2024-06-24 12:55:13,650] {logging_mixin.py:104} INFO - Running <TaskInstance: our_first_dag_v5.second_task 2021-10-04T00:00:00+00:00 [running]> on host 799b1e36e3f1
[2024-06-24 12:55:13,893] {taskinstance.py:1257} INFO - Exporting the following env vars:
AIRFLOW_CTX_DAG_OWNER=coder2j
AIRFLOW_CTX_DAG_ID=our_first_dag_v5
AIRFLOW_CTX_TASK_ID=second_task
AIRFLOW_CTX_EXECUTION_DATE=2021-10-04T00:00:00+00:00
AIRFLOW_CTX_DAG_RUN_ID=scheduled__2021-10-04T00:00:00+00:00
[2024-06-24 12:55:13,896] {bash.py:135} INFO - Tmp dir root location: 
 /tmp
[2024-06-24 12:55:13,912] {bash.py:158} INFO - Running command: echo hey, I am task2 and will be running after task1!
[2024-06-24 12:55:13,953] {bash.py:169} INFO - Output:
[2024-06-24 12:55:13,956] {bash.py:173} INFO - hey, I am task2 and will be running after task1!
[2024-06-24 12:55:13,963] {bash.py:177} INFO - Command exited with return code 0
[2024-06-24 12:55:14,115] {taskinstance.py:1166} INFO - Marking task as SUCCESS. dag_id=our_first_dag_v5, task_id=second_task, execution_date=20211004T000000, start_date=20240624T125512, end_date=20240624T125514
[2024-06-24 12:55:14,197] {taskinstance.py:1220} INFO - 0 downstream tasks scheduled from follow-on schedule check
[2024-06-24 12:55:14,217] {local_task_job.py:146} INFO - Task exited with return code 0
