[2024-06-24 14:27:22,479] {taskinstance.py:851} INFO - Dependencies all met for <TaskInstance: our_first_dag_v5.first_task 2023-02-01T00:00:00+00:00 [queued]>
[2024-06-24 14:27:22,541] {taskinstance.py:851} INFO - Dependencies all met for <TaskInstance: our_first_dag_v5.first_task 2023-02-01T00:00:00+00:00 [queued]>
[2024-06-24 14:27:22,543] {taskinstance.py:1042} INFO - 
--------------------------------------------------------------------------------
[2024-06-24 14:27:22,544] {taskinstance.py:1043} INFO - Starting attempt 1 of 6
[2024-06-24 14:27:22,545] {taskinstance.py:1044} INFO - 
--------------------------------------------------------------------------------
[2024-06-24 14:27:22,667] {taskinstance.py:1063} INFO - Executing <Task(BashOperator): first_task> on 2023-02-01T00:00:00+00:00
[2024-06-24 14:27:22,697] {standard_task_runner.py:52} INFO - Started process 14344 to run task
[2024-06-24 14:27:22,715] {standard_task_runner.py:76} INFO - Running: ['airflow', 'tasks', 'run', 'our_first_dag_v5', 'first_task', '2023-02-01T00:00:00+00:00', '--job-id', '6614', '--pool', 'default_pool', '--raw', '--subdir', 'DAGS_FOLDER/our_first_dag.py', '--cfg-path', '/tmp/tmpw89l83o0', '--error-file', '/tmp/tmps47hi0cr']
[2024-06-24 14:27:22,730] {standard_task_runner.py:77} INFO - Job 6614: Subtask first_task
[2024-06-24 14:27:22,983] {logging_mixin.py:104} INFO - Running <TaskInstance: our_first_dag_v5.first_task 2023-02-01T00:00:00+00:00 [running]> on host 799b1e36e3f1
[2024-06-24 14:27:23,152] {taskinstance.py:1257} INFO - Exporting the following env vars:
AIRFLOW_CTX_DAG_OWNER=coder2j
AIRFLOW_CTX_DAG_ID=our_first_dag_v5
AIRFLOW_CTX_TASK_ID=first_task
AIRFLOW_CTX_EXECUTION_DATE=2023-02-01T00:00:00+00:00
AIRFLOW_CTX_DAG_RUN_ID=scheduled__2023-02-01T00:00:00+00:00
[2024-06-24 14:27:23,161] {bash.py:135} INFO - Tmp dir root location: 
 /tmp
[2024-06-24 14:27:23,164] {bash.py:158} INFO - Running command: echo hello world, this is the first task!
[2024-06-24 14:27:23,205] {bash.py:169} INFO - Output:
[2024-06-24 14:27:23,208] {bash.py:173} INFO - hello world, this is the first task!
[2024-06-24 14:27:23,211] {bash.py:177} INFO - Command exited with return code 0
[2024-06-24 14:27:23,332] {taskinstance.py:1166} INFO - Marking task as SUCCESS. dag_id=our_first_dag_v5, task_id=first_task, execution_date=20230201T000000, start_date=20240624T142722, end_date=20240624T142723
[2024-06-24 14:27:23,650] {taskinstance.py:1220} INFO - 2 downstream tasks scheduled from follow-on schedule check
[2024-06-24 14:27:23,679] {local_task_job.py:146} INFO - Task exited with return code 0
