[2024-06-24 14:51:00,695] {taskinstance.py:851} INFO - Dependencies all met for <TaskInstance: our_first_dag_v5.thrid_task 2023-10-19T00:00:00+00:00 [queued]>
[2024-06-24 14:51:00,728] {taskinstance.py:851} INFO - Dependencies all met for <TaskInstance: our_first_dag_v5.thrid_task 2023-10-19T00:00:00+00:00 [queued]>
[2024-06-24 14:51:00,729] {taskinstance.py:1042} INFO - 
--------------------------------------------------------------------------------
[2024-06-24 14:51:00,734] {taskinstance.py:1043} INFO - Starting attempt 1 of 6
[2024-06-24 14:51:00,735] {taskinstance.py:1044} INFO - 
--------------------------------------------------------------------------------
[2024-06-24 14:51:00,829] {taskinstance.py:1063} INFO - Executing <Task(BashOperator): thrid_task> on 2023-10-19T00:00:00+00:00
[2024-06-24 14:51:00,855] {standard_task_runner.py:52} INFO - Started process 25658 to run task
[2024-06-24 14:51:00,903] {standard_task_runner.py:76} INFO - Running: ['airflow', 'tasks', 'run', 'our_first_dag_v5', 'thrid_task', '2023-10-19T00:00:00+00:00', '--job-id', '9486', '--pool', 'default_pool', '--raw', '--subdir', 'DAGS_FOLDER/our_first_dag.py', '--cfg-path', '/tmp/tmp_t5s6fn9', '--error-file', '/tmp/tmp1f4nkk6w']
[2024-06-24 14:51:00,939] {standard_task_runner.py:77} INFO - Job 9486: Subtask thrid_task
[2024-06-24 14:51:01,307] {logging_mixin.py:104} INFO - Running <TaskInstance: our_first_dag_v5.thrid_task 2023-10-19T00:00:00+00:00 [running]> on host 799b1e36e3f1
[2024-06-24 14:51:01,666] {taskinstance.py:1257} INFO - Exporting the following env vars:
AIRFLOW_CTX_DAG_OWNER=coder2j
AIRFLOW_CTX_DAG_ID=our_first_dag_v5
AIRFLOW_CTX_TASK_ID=thrid_task
AIRFLOW_CTX_EXECUTION_DATE=2023-10-19T00:00:00+00:00
AIRFLOW_CTX_DAG_RUN_ID=scheduled__2023-10-19T00:00:00+00:00
[2024-06-24 14:51:01,671] {bash.py:135} INFO - Tmp dir root location: 
 /tmp
[2024-06-24 14:51:01,680] {bash.py:158} INFO - Running command: echo hey, I am task3 and will be running after task1 at the same time as task2!
[2024-06-24 14:51:01,736] {bash.py:169} INFO - Output:
[2024-06-24 14:51:01,738] {bash.py:173} INFO - hey, I am task3 and will be running after task1 at the same time as task2!
[2024-06-24 14:51:01,746] {bash.py:177} INFO - Command exited with return code 0
[2024-06-24 14:51:02,015] {taskinstance.py:1166} INFO - Marking task as SUCCESS. dag_id=our_first_dag_v5, task_id=thrid_task, execution_date=20231019T000000, start_date=20240624T145100, end_date=20240624T145102
[2024-06-24 14:51:02,190] {taskinstance.py:1220} INFO - 0 downstream tasks scheduled from follow-on schedule check
[2024-06-24 14:51:02,216] {local_task_job.py:146} INFO - Task exited with return code 0
