[2024-06-24 12:54:52,589] {taskinstance.py:851} INFO - Dependencies all met for <TaskInstance: dag_with_python_dependencies_v03.get_matplotlib 2021-12-12T00:00:00+00:00 [queued]>
[2024-06-24 12:54:52,664] {taskinstance.py:851} INFO - Dependencies all met for <TaskInstance: dag_with_python_dependencies_v03.get_matplotlib 2021-12-12T00:00:00+00:00 [queued]>
[2024-06-24 12:54:52,679] {taskinstance.py:1042} INFO - 
--------------------------------------------------------------------------------
[2024-06-24 12:54:52,691] {taskinstance.py:1043} INFO - Starting attempt 1 of 1
[2024-06-24 12:54:52,695] {taskinstance.py:1044} INFO - 
--------------------------------------------------------------------------------
[2024-06-24 12:54:52,902] {taskinstance.py:1063} INFO - Executing <Task(PythonOperator): get_matplotlib> on 2021-12-12T00:00:00+00:00
[2024-06-24 12:54:52,939] {standard_task_runner.py:52} INFO - Started process 30031 to run task
[2024-06-24 12:54:52,970] {standard_task_runner.py:76} INFO - Running: ['airflow', 'tasks', 'run', 'dag_with_python_dependencies_v03', 'get_matplotlib', '2021-12-12T00:00:00+00:00', '--job-id', '1130', '--pool', 'default_pool', '--raw', '--subdir', 'DAGS_FOLDER/dag_with_python_dependencies.py', '--cfg-path', '/tmp/tmp7b7vrf9v', '--error-file', '/tmp/tmp80k5ibmf']
[2024-06-24 12:54:52,994] {standard_task_runner.py:77} INFO - Job 1130: Subtask get_matplotlib
[2024-06-24 12:54:53,263] {logging_mixin.py:104} INFO - Running <TaskInstance: dag_with_python_dependencies_v03.get_matplotlib 2021-12-12T00:00:00+00:00 [running]> on host 799b1e36e3f1
[2024-06-24 12:54:53,611] {taskinstance.py:1257} INFO - Exporting the following env vars:
AIRFLOW_CTX_DAG_OWNER=coder2j
AIRFLOW_CTX_DAG_ID=dag_with_python_dependencies_v03
AIRFLOW_CTX_TASK_ID=get_matplotlib
AIRFLOW_CTX_EXECUTION_DATE=2021-12-12T00:00:00+00:00
AIRFLOW_CTX_DAG_RUN_ID=scheduled__2021-12-12T00:00:00+00:00
[2024-06-24 12:54:54,177] {__init__.py:482} WARNING - Matplotlib created a temporary config/cache directory at /tmp/matplotlib-4juzb9ij because the default path (/home/airflow/.config/matplotlib) is not a writable directory; it is highly recommended to set the MPLCONFIGDIR environment variable to a writable directory, in particular to speed up the import of Matplotlib and to better support multiprocessing.
[2024-06-24 12:54:54,232] {logging_mixin.py:104} INFO - matplotlib with version: 3.3.3
[2024-06-24 12:54:54,245] {python.py:118} INFO - Done. Returned value was: None
[2024-06-24 12:54:54,343] {taskinstance.py:1166} INFO - Marking task as SUCCESS. dag_id=dag_with_python_dependencies_v03, task_id=get_matplotlib, execution_date=20211212T000000, start_date=20240624T125452, end_date=20240624T125454
[2024-06-24 12:54:54,558] {taskinstance.py:1220} INFO - 0 downstream tasks scheduled from follow-on schedule check
[2024-06-24 12:54:54,657] {local_task_job.py:146} INFO - Task exited with return code 0
