[2024-06-24 13:00:46,930] {taskinstance.py:851} INFO - Dependencies all met for <TaskInstance: our_dag_with_python_operator_v07.get_age 2022-04-04T00:00:00+00:00 [queued]>
[2024-06-24 13:00:47,120] {taskinstance.py:851} INFO - Dependencies all met for <TaskInstance: our_dag_with_python_operator_v07.get_age 2022-04-04T00:00:00+00:00 [queued]>
[2024-06-24 13:00:47,128] {taskinstance.py:1042} INFO - 
--------------------------------------------------------------------------------
[2024-06-24 13:00:47,139] {taskinstance.py:1043} INFO - Starting attempt 1 of 6
[2024-06-24 13:00:47,144] {taskinstance.py:1044} INFO - 
--------------------------------------------------------------------------------
[2024-06-24 13:00:47,362] {taskinstance.py:1063} INFO - Executing <Task(PythonOperator): get_age> on 2022-04-04T00:00:00+00:00
[2024-06-24 13:00:47,395] {standard_task_runner.py:52} INFO - Started process 35724 to run task
[2024-06-24 13:00:47,427] {standard_task_runner.py:76} INFO - Running: ['airflow', 'tasks', 'run', 'our_dag_with_python_operator_v07', 'get_age', '2022-04-04T00:00:00+00:00', '--job-id', '2512', '--pool', 'default_pool', '--raw', '--subdir', 'DAGS_FOLDER/create_dag_with_python_operator.py', '--cfg-path', '/tmp/tmpd999nixt', '--error-file', '/tmp/tmpnhp0gn3t']
[2024-06-24 13:00:47,483] {standard_task_runner.py:77} INFO - Job 2512: Subtask get_age
[2024-06-24 13:00:48,605] {logging_mixin.py:104} INFO - Running <TaskInstance: our_dag_with_python_operator_v07.get_age 2022-04-04T00:00:00+00:00 [running]> on host 799b1e36e3f1
[2024-06-24 13:00:49,370] {taskinstance.py:1257} INFO - Exporting the following env vars:
AIRFLOW_CTX_DAG_OWNER=coder2j
AIRFLOW_CTX_DAG_ID=our_dag_with_python_operator_v07
AIRFLOW_CTX_TASK_ID=get_age
AIRFLOW_CTX_EXECUTION_DATE=2022-04-04T00:00:00+00:00
AIRFLOW_CTX_DAG_RUN_ID=scheduled__2022-04-04T00:00:00+00:00
[2024-06-24 13:00:49,588] {python.py:118} INFO - Done. Returned value was: None
[2024-06-24 13:00:49,701] {taskinstance.py:1166} INFO - Marking task as SUCCESS. dag_id=our_dag_with_python_operator_v07, task_id=get_age, execution_date=20220404T000000, start_date=20240624T130047, end_date=20240624T130049
[2024-06-24 13:00:50,203] {taskinstance.py:1220} INFO - 1 downstream tasks scheduled from follow-on schedule check
[2024-06-24 13:00:50,357] {local_task_job.py:146} INFO - Task exited with return code 0
