[2024-06-24 12:58:19,273] {taskinstance.py:851} INFO - Dependencies all met for <TaskInstance: dag_with_taskflow_api_v02.greet 2022-02-14T00:00:00+00:00 [queued]>
[2024-06-24 12:58:19,501] {taskinstance.py:851} INFO - Dependencies all met for <TaskInstance: dag_with_taskflow_api_v02.greet 2022-02-14T00:00:00+00:00 [queued]>
[2024-06-24 12:58:19,518] {taskinstance.py:1042} INFO - 
--------------------------------------------------------------------------------
[2024-06-24 12:58:19,519] {taskinstance.py:1043} INFO - Starting attempt 1 of 6
[2024-06-24 12:58:19,520] {taskinstance.py:1044} INFO - 
--------------------------------------------------------------------------------
[2024-06-24 12:58:19,725] {taskinstance.py:1063} INFO - Executing <Task(_PythonDecoratedOperator): greet> on 2022-02-14T00:00:00+00:00
[2024-06-24 12:58:19,775] {standard_task_runner.py:52} INFO - Started process 33345 to run task
[2024-06-24 12:58:19,810] {standard_task_runner.py:76} INFO - Running: ['airflow', 'tasks', 'run', 'dag_with_taskflow_api_v02', 'greet', '2022-02-14T00:00:00+00:00', '--job-id', '1916', '--pool', 'default_pool', '--raw', '--subdir', 'DAGS_FOLDER/dag_with_taskflow_api.py', '--cfg-path', '/tmp/tmpt_qj6dwt', '--error-file', '/tmp/tmpzxyftwza']
[2024-06-24 12:58:19,894] {standard_task_runner.py:77} INFO - Job 1916: Subtask greet
[2024-06-24 12:58:20,533] {logging_mixin.py:104} INFO - Running <TaskInstance: dag_with_taskflow_api_v02.greet 2022-02-14T00:00:00+00:00 [running]> on host 799b1e36e3f1
[2024-06-24 12:58:21,212] {taskinstance.py:1257} INFO - Exporting the following env vars:
AIRFLOW_CTX_DAG_OWNER=coder2j
AIRFLOW_CTX_DAG_ID=dag_with_taskflow_api_v02
AIRFLOW_CTX_TASK_ID=greet
AIRFLOW_CTX_EXECUTION_DATE=2022-02-14T00:00:00+00:00
AIRFLOW_CTX_DAG_RUN_ID=scheduled__2022-02-14T00:00:00+00:00
[2024-06-24 12:58:21,220] {logging_mixin.py:104} INFO - Hello World! My name is Jerry Fridman and I am 19 years old!
[2024-06-24 12:58:21,296] {taskinstance.py:1166} INFO - Marking task as SUCCESS. dag_id=dag_with_taskflow_api_v02, task_id=greet, execution_date=20220214T000000, start_date=20240624T125819, end_date=20240624T125821
[2024-06-24 12:58:21,480] {taskinstance.py:1220} INFO - 0 downstream tasks scheduled from follow-on schedule check
[2024-06-24 12:58:21,551] {local_task_job.py:146} INFO - Task exited with return code 0
