[2024-06-24 14:24:44,896] {taskinstance.py:851} INFO - Dependencies all met for <TaskInstance: our_first_dag_v5.first_task 2022-10-18T00:00:00+00:00 [queued]>
[2024-06-24 14:24:44,953] {taskinstance.py:851} INFO - Dependencies all met for <TaskInstance: our_first_dag_v5.first_task 2022-10-18T00:00:00+00:00 [queued]>
[2024-06-24 14:24:44,954] {taskinstance.py:1042} INFO - 
--------------------------------------------------------------------------------
[2024-06-24 14:24:44,957] {taskinstance.py:1043} INFO - Starting attempt 1 of 6
[2024-06-24 14:24:44,958] {taskinstance.py:1044} INFO - 
--------------------------------------------------------------------------------
[2024-06-24 14:24:45,056] {taskinstance.py:1063} INFO - Executing <Task(BashOperator): first_task> on 2022-10-18T00:00:00+00:00
[2024-06-24 14:24:45,074] {standard_task_runner.py:52} INFO - Started process 10063 to run task
[2024-06-24 14:24:45,090] {standard_task_runner.py:76} INFO - Running: ['airflow', 'tasks', 'run', 'our_first_dag_v5', 'first_task', '2022-10-18T00:00:00+00:00', '--job-id', '5477', '--pool', 'default_pool', '--raw', '--subdir', 'DAGS_FOLDER/our_first_dag.py', '--cfg-path', '/tmp/tmp7aeyj1p2', '--error-file', '/tmp/tmpji8fv44_']
[2024-06-24 14:24:45,108] {standard_task_runner.py:77} INFO - Job 5477: Subtask first_task
[2024-06-24 14:24:45,301] {logging_mixin.py:104} INFO - Running <TaskInstance: our_first_dag_v5.first_task 2022-10-18T00:00:00+00:00 [running]> on host 799b1e36e3f1
[2024-06-24 14:24:45,545] {taskinstance.py:1257} INFO - Exporting the following env vars:
AIRFLOW_CTX_DAG_OWNER=coder2j
AIRFLOW_CTX_DAG_ID=our_first_dag_v5
AIRFLOW_CTX_TASK_ID=first_task
AIRFLOW_CTX_EXECUTION_DATE=2022-10-18T00:00:00+00:00
AIRFLOW_CTX_DAG_RUN_ID=scheduled__2022-10-18T00:00:00+00:00
[2024-06-24 14:24:45,553] {bash.py:135} INFO - Tmp dir root location: 
 /tmp
[2024-06-24 14:24:45,557] {bash.py:158} INFO - Running command: echo hello world, this is the first task!
[2024-06-24 14:24:45,577] {bash.py:169} INFO - Output:
[2024-06-24 14:24:45,609] {bash.py:173} INFO - hello world, this is the first task!
[2024-06-24 14:24:45,618] {bash.py:177} INFO - Command exited with return code 0
[2024-06-24 14:24:45,804] {taskinstance.py:1166} INFO - Marking task as SUCCESS. dag_id=our_first_dag_v5, task_id=first_task, execution_date=20221018T000000, start_date=20240624T142444, end_date=20240624T142445
[2024-06-24 14:24:45,937] {taskinstance.py:1220} INFO - 2 downstream tasks scheduled from follow-on schedule check
[2024-06-24 14:24:45,977] {local_task_job.py:146} INFO - Task exited with return code 0
