[2024-06-24 14:31:28,324] {taskinstance.py:851} INFO - Dependencies all met for <TaskInstance: dag_with_taskflow_api_v02.greet 2023-09-08T00:00:00+00:00 [queued]>
[2024-06-24 14:31:28,359] {taskinstance.py:851} INFO - Dependencies all met for <TaskInstance: dag_with_taskflow_api_v02.greet 2023-09-08T00:00:00+00:00 [queued]>
[2024-06-24 14:31:28,367] {taskinstance.py:1042} INFO - 
--------------------------------------------------------------------------------
[2024-06-24 14:31:28,369] {taskinstance.py:1043} INFO - Starting attempt 1 of 6
[2024-06-24 14:31:28,370] {taskinstance.py:1044} INFO - 
--------------------------------------------------------------------------------
[2024-06-24 14:31:28,423] {taskinstance.py:1063} INFO - Executing <Task(_PythonDecoratedOperator): greet> on 2023-09-08T00:00:00+00:00
[2024-06-24 14:31:28,431] {standard_task_runner.py:52} INFO - Started process 20880 to run task
[2024-06-24 14:31:28,440] {standard_task_runner.py:76} INFO - Running: ['airflow', 'tasks', 'run', 'dag_with_taskflow_api_v02', 'greet', '2023-09-08T00:00:00+00:00', '--job-id', '8378', '--pool', 'default_pool', '--raw', '--subdir', 'DAGS_FOLDER/dag_with_taskflow_api.py', '--cfg-path', '/tmp/tmpvqffb65z', '--error-file', '/tmp/tmp167dv937']
[2024-06-24 14:31:28,448] {standard_task_runner.py:77} INFO - Job 8378: Subtask greet
[2024-06-24 14:31:28,891] {logging_mixin.py:104} INFO - Running <TaskInstance: dag_with_taskflow_api_v02.greet 2023-09-08T00:00:00+00:00 [running]> on host 799b1e36e3f1
[2024-06-24 14:31:29,113] {taskinstance.py:1257} INFO - Exporting the following env vars:
AIRFLOW_CTX_DAG_OWNER=coder2j
AIRFLOW_CTX_DAG_ID=dag_with_taskflow_api_v02
AIRFLOW_CTX_TASK_ID=greet
AIRFLOW_CTX_EXECUTION_DATE=2023-09-08T00:00:00+00:00
AIRFLOW_CTX_DAG_RUN_ID=scheduled__2023-09-08T00:00:00+00:00
[2024-06-24 14:31:29,118] {logging_mixin.py:104} INFO - Hello World! My name is Jerry Fridman and I am 19 years old!
[2024-06-24 14:31:29,142] {taskinstance.py:1166} INFO - Marking task as SUCCESS. dag_id=dag_with_taskflow_api_v02, task_id=greet, execution_date=20230908T000000, start_date=20240624T143128, end_date=20240624T143129
[2024-06-24 14:31:29,312] {taskinstance.py:1220} INFO - 0 downstream tasks scheduled from follow-on schedule check
[2024-06-24 14:31:29,349] {local_task_job.py:146} INFO - Task exited with return code 0
