[2024-06-24 14:25:10,015] {taskinstance.py:851} INFO - Dependencies all met for <TaskInstance: dag_with_taskflow_api_v02.greet 2023-01-14T00:00:00+00:00 [queued]>
[2024-06-24 14:25:10,074] {taskinstance.py:851} INFO - Dependencies all met for <TaskInstance: dag_with_taskflow_api_v02.greet 2023-01-14T00:00:00+00:00 [queued]>
[2024-06-24 14:25:10,077] {taskinstance.py:1042} INFO - 
--------------------------------------------------------------------------------
[2024-06-24 14:25:10,088] {taskinstance.py:1043} INFO - Starting attempt 1 of 6
[2024-06-24 14:25:10,097] {taskinstance.py:1044} INFO - 
--------------------------------------------------------------------------------
[2024-06-24 14:25:10,175] {taskinstance.py:1063} INFO - Executing <Task(_PythonDecoratedOperator): greet> on 2023-01-14T00:00:00+00:00
[2024-06-24 14:25:10,201] {standard_task_runner.py:52} INFO - Started process 10790 to run task
[2024-06-24 14:25:10,217] {standard_task_runner.py:76} INFO - Running: ['airflow', 'tasks', 'run', 'dag_with_taskflow_api_v02', 'greet', '2023-01-14T00:00:00+00:00', '--job-id', '5660', '--pool', 'default_pool', '--raw', '--subdir', 'DAGS_FOLDER/dag_with_taskflow_api.py', '--cfg-path', '/tmp/tmp5bo20u98', '--error-file', '/tmp/tmphf6wdw_5']
[2024-06-24 14:25:10,233] {standard_task_runner.py:77} INFO - Job 5660: Subtask greet
[2024-06-24 14:25:10,471] {logging_mixin.py:104} INFO - Running <TaskInstance: dag_with_taskflow_api_v02.greet 2023-01-14T00:00:00+00:00 [running]> on host 799b1e36e3f1
[2024-06-24 14:25:10,721] {taskinstance.py:1257} INFO - Exporting the following env vars:
AIRFLOW_CTX_DAG_OWNER=coder2j
AIRFLOW_CTX_DAG_ID=dag_with_taskflow_api_v02
AIRFLOW_CTX_TASK_ID=greet
AIRFLOW_CTX_EXECUTION_DATE=2023-01-14T00:00:00+00:00
AIRFLOW_CTX_DAG_RUN_ID=scheduled__2023-01-14T00:00:00+00:00
[2024-06-24 14:25:10,731] {logging_mixin.py:104} INFO - Hello World! My name is Jerry Fridman and I am 19 years old!
[2024-06-24 14:25:10,793] {taskinstance.py:1166} INFO - Marking task as SUCCESS. dag_id=dag_with_taskflow_api_v02, task_id=greet, execution_date=20230114T000000, start_date=20240624T142510, end_date=20240624T142510
[2024-06-24 14:25:10,912] {taskinstance.py:1220} INFO - 0 downstream tasks scheduled from follow-on schedule check
[2024-06-24 14:25:10,933] {local_task_job.py:146} INFO - Task exited with return code 0
