[2024-06-24 12:52:23,768] {taskinstance.py:851} INFO - Dependencies all met for <TaskInstance: dag_with_taskflow_api_v02.greet 2021-11-03T00:00:00+00:00 [queued]>
[2024-06-24 12:52:23,888] {taskinstance.py:851} INFO - Dependencies all met for <TaskInstance: dag_with_taskflow_api_v02.greet 2021-11-03T00:00:00+00:00 [queued]>
[2024-06-24 12:52:23,895] {taskinstance.py:1042} INFO - 
--------------------------------------------------------------------------------
[2024-06-24 12:52:23,896] {taskinstance.py:1043} INFO - Starting attempt 1 of 6
[2024-06-24 12:52:23,897] {taskinstance.py:1044} INFO - 
--------------------------------------------------------------------------------
[2024-06-24 12:52:24,032] {taskinstance.py:1063} INFO - Executing <Task(_PythonDecoratedOperator): greet> on 2021-11-03T00:00:00+00:00
[2024-06-24 12:52:24,078] {standard_task_runner.py:52} INFO - Started process 27645 to run task
[2024-06-24 12:52:24,102] {standard_task_runner.py:76} INFO - Running: ['airflow', 'tasks', 'run', 'dag_with_taskflow_api_v02', 'greet', '2021-11-03T00:00:00+00:00', '--job-id', '552', '--pool', 'default_pool', '--raw', '--subdir', 'DAGS_FOLDER/dag_with_taskflow_api.py', '--cfg-path', '/tmp/tmpvwh6ros6', '--error-file', '/tmp/tmpqvp3tzju']
[2024-06-24 12:52:24,135] {standard_task_runner.py:77} INFO - Job 552: Subtask greet
[2024-06-24 12:52:24,557] {logging_mixin.py:104} INFO - Running <TaskInstance: dag_with_taskflow_api_v02.greet 2021-11-03T00:00:00+00:00 [running]> on host 799b1e36e3f1
[2024-06-24 12:52:25,111] {taskinstance.py:1257} INFO - Exporting the following env vars:
AIRFLOW_CTX_DAG_OWNER=coder2j
AIRFLOW_CTX_DAG_ID=dag_with_taskflow_api_v02
AIRFLOW_CTX_TASK_ID=greet
AIRFLOW_CTX_EXECUTION_DATE=2021-11-03T00:00:00+00:00
AIRFLOW_CTX_DAG_RUN_ID=scheduled__2021-11-03T00:00:00+00:00
[2024-06-24 12:52:25,150] {logging_mixin.py:104} INFO - Hello World! My name is Jerry Fridman and I am 19 years old!
[2024-06-24 12:52:25,246] {taskinstance.py:1166} INFO - Marking task as SUCCESS. dag_id=dag_with_taskflow_api_v02, task_id=greet, execution_date=20211103T000000, start_date=20240624T125223, end_date=20240624T125225
[2024-06-24 12:52:25,407] {taskinstance.py:1220} INFO - 0 downstream tasks scheduled from follow-on schedule check
[2024-06-24 12:52:25,509] {local_task_job.py:146} INFO - Task exited with return code 0
