[2024-06-24 15:06:30,652] {taskinstance.py:851} INFO - Dependencies all met for <TaskInstance: dag_with_python_dependencies_v03.get_sklearn 2024-04-04T00:00:00+00:00 [queued]>
[2024-06-24 15:06:30,688] {taskinstance.py:851} INFO - Dependencies all met for <TaskInstance: dag_with_python_dependencies_v03.get_sklearn 2024-04-04T00:00:00+00:00 [queued]>
[2024-06-24 15:06:30,689] {taskinstance.py:1042} INFO - 
--------------------------------------------------------------------------------
[2024-06-24 15:06:30,695] {taskinstance.py:1043} INFO - Starting attempt 1 of 1
[2024-06-24 15:06:30,696] {taskinstance.py:1044} INFO - 
--------------------------------------------------------------------------------
[2024-06-24 15:06:30,725] {taskinstance.py:1063} INFO - Executing <Task(PythonOperator): get_sklearn> on 2024-04-04T00:00:00+00:00
[2024-06-24 15:06:30,734] {standard_task_runner.py:52} INFO - Started process 35338 to run task
[2024-06-24 15:06:30,761] {standard_task_runner.py:76} INFO - Running: ['airflow', 'tasks', 'run', 'dag_with_python_dependencies_v03', 'get_sklearn', '2024-04-04T00:00:00+00:00', '--job-id', '11894', '--pool', 'default_pool', '--raw', '--subdir', 'DAGS_FOLDER/dag_with_python_dependencies.py', '--cfg-path', '/tmp/tmp3whrssex', '--error-file', '/tmp/tmpdyi5z4s0']
[2024-06-24 15:06:30,778] {standard_task_runner.py:77} INFO - Job 11894: Subtask get_sklearn
[2024-06-24 15:06:30,948] {logging_mixin.py:104} INFO - Running <TaskInstance: dag_with_python_dependencies_v03.get_sklearn 2024-04-04T00:00:00+00:00 [running]> on host 799b1e36e3f1
[2024-06-24 15:06:31,098] {taskinstance.py:1257} INFO - Exporting the following env vars:
AIRFLOW_CTX_DAG_OWNER=coder2j
AIRFLOW_CTX_DAG_ID=dag_with_python_dependencies_v03
AIRFLOW_CTX_TASK_ID=get_sklearn
AIRFLOW_CTX_EXECUTION_DATE=2024-04-04T00:00:00+00:00
AIRFLOW_CTX_DAG_RUN_ID=scheduled__2024-04-04T00:00:00+00:00
[2024-06-24 15:06:33,885] {logging_mixin.py:104} INFO - sklearn with version: 0.24.2
[2024-06-24 15:06:33,886] {python.py:118} INFO - Done. Returned value was: None
[2024-06-24 15:06:33,917] {taskinstance.py:1166} INFO - Marking task as SUCCESS. dag_id=dag_with_python_dependencies_v03, task_id=get_sklearn, execution_date=20240404T000000, start_date=20240624T150630, end_date=20240624T150633
[2024-06-24 15:06:34,086] {taskinstance.py:1220} INFO - 1 downstream tasks scheduled from follow-on schedule check
[2024-06-24 15:06:34,202] {local_task_job.py:146} INFO - Task exited with return code 0
