[2024-06-24 14:38:38,147] {taskinstance.py:851} INFO - Dependencies all met for <TaskInstance: dag_with_python_dependencies_v03.get_matplotlib 2023-06-30T00:00:00+00:00 [queued]>
[2024-06-24 14:38:38,244] {taskinstance.py:851} INFO - Dependencies all met for <TaskInstance: dag_with_python_dependencies_v03.get_matplotlib 2023-06-30T00:00:00+00:00 [queued]>
[2024-06-24 14:38:38,371] {taskinstance.py:1042} INFO - 
--------------------------------------------------------------------------------
[2024-06-24 14:38:38,396] {taskinstance.py:1043} INFO - Starting attempt 1 of 1
[2024-06-24 14:38:38,401] {taskinstance.py:1044} INFO - 
--------------------------------------------------------------------------------
[2024-06-24 14:38:38,777] {taskinstance.py:1063} INFO - Executing <Task(PythonOperator): get_matplotlib> on 2023-06-30T00:00:00+00:00
[2024-06-24 14:38:38,857] {standard_task_runner.py:52} INFO - Started process 21883 to run task
[2024-06-24 14:38:39,047] {standard_task_runner.py:76} INFO - Running: ['airflow', 'tasks', 'run', 'dag_with_python_dependencies_v03', 'get_matplotlib', '2023-06-30T00:00:00+00:00', '--job-id', '8631', '--pool', 'default_pool', '--raw', '--subdir', 'DAGS_FOLDER/dag_with_python_dependencies.py', '--cfg-path', '/tmp/tmp3shr4i7f', '--error-file', '/tmp/tmp7zhv9z81']
[2024-06-24 14:38:39,272] {standard_task_runner.py:77} INFO - Job 8631: Subtask get_matplotlib
[2024-06-24 14:38:40,681] {logging_mixin.py:104} INFO - Running <TaskInstance: dag_with_python_dependencies_v03.get_matplotlib 2023-06-30T00:00:00+00:00 [running]> on host 799b1e36e3f1
[2024-06-24 14:38:41,944] {taskinstance.py:1257} INFO - Exporting the following env vars:
AIRFLOW_CTX_DAG_OWNER=coder2j
AIRFLOW_CTX_DAG_ID=dag_with_python_dependencies_v03
AIRFLOW_CTX_TASK_ID=get_matplotlib
AIRFLOW_CTX_EXECUTION_DATE=2023-06-30T00:00:00+00:00
AIRFLOW_CTX_DAG_RUN_ID=scheduled__2023-06-30T00:00:00+00:00
[2024-06-24 14:38:44,190] {__init__.py:482} WARNING - Matplotlib created a temporary config/cache directory at /tmp/matplotlib-_rhyog5m because the default path (/home/airflow/.config/matplotlib) is not a writable directory; it is highly recommended to set the MPLCONFIGDIR environment variable to a writable directory, in particular to speed up the import of Matplotlib and to better support multiprocessing.
[2024-06-24 14:38:44,298] {logging_mixin.py:104} INFO - matplotlib with version: 3.3.3
[2024-06-24 14:38:44,311] {python.py:118} INFO - Done. Returned value was: None
[2024-06-24 14:38:44,504] {taskinstance.py:1166} INFO - Marking task as SUCCESS. dag_id=dag_with_python_dependencies_v03, task_id=get_matplotlib, execution_date=20230630T000000, start_date=20240624T143838, end_date=20240624T143844
[2024-06-24 14:38:44,821] {local_task_job.py:188} WARNING - State of this instance has been externally set to success. Terminating instance.
[2024-06-24 14:38:44,927] {process_utils.py:100} INFO - Sending Signals.SIGTERM to GPID 21883
[2024-06-24 14:38:44,930] {taskinstance.py:1239} ERROR - Received SIGTERM. Terminating subprocesses.
[2024-06-24 14:38:45,100] {process_utils.py:66} INFO - Process psutil.Process(pid=21883, status='terminated', exitcode=1, started='14:38:37') (21883) terminated with exit code 1
