[2024-06-24 12:58:28,736] {taskinstance.py:851} INFO - Dependencies all met for <TaskInstance: our_dag_with_python_operator_v07.get_name 2022-02-12T00:00:00+00:00 [queued]>
[2024-06-24 12:58:28,787] {taskinstance.py:851} INFO - Dependencies all met for <TaskInstance: our_dag_with_python_operator_v07.get_name 2022-02-12T00:00:00+00:00 [queued]>
[2024-06-24 12:58:28,793] {taskinstance.py:1042} INFO - 
--------------------------------------------------------------------------------
[2024-06-24 12:58:28,794] {taskinstance.py:1043} INFO - Starting attempt 1 of 6
[2024-06-24 12:58:28,798] {taskinstance.py:1044} INFO - 
--------------------------------------------------------------------------------
[2024-06-24 12:58:28,924] {taskinstance.py:1063} INFO - Executing <Task(PythonOperator): get_name> on 2022-02-12T00:00:00+00:00
[2024-06-24 12:58:28,946] {standard_task_runner.py:52} INFO - Started process 33476 to run task
[2024-06-24 12:58:28,971] {standard_task_runner.py:76} INFO - Running: ['airflow', 'tasks', 'run', 'our_dag_with_python_operator_v07', 'get_name', '2022-02-12T00:00:00+00:00', '--job-id', '1948', '--pool', 'default_pool', '--raw', '--subdir', 'DAGS_FOLDER/create_dag_with_python_operator.py', '--cfg-path', '/tmp/tmpik3s5npu', '--error-file', '/tmp/tmp2gnbngxw']
[2024-06-24 12:58:28,998] {standard_task_runner.py:77} INFO - Job 1948: Subtask get_name
[2024-06-24 12:58:29,514] {logging_mixin.py:104} INFO - Running <TaskInstance: our_dag_with_python_operator_v07.get_name 2022-02-12T00:00:00+00:00 [running]> on host 799b1e36e3f1
[2024-06-24 12:58:29,857] {taskinstance.py:1257} INFO - Exporting the following env vars:
AIRFLOW_CTX_DAG_OWNER=coder2j
AIRFLOW_CTX_DAG_ID=our_dag_with_python_operator_v07
AIRFLOW_CTX_TASK_ID=get_name
AIRFLOW_CTX_EXECUTION_DATE=2022-02-12T00:00:00+00:00
AIRFLOW_CTX_DAG_RUN_ID=scheduled__2022-02-12T00:00:00+00:00
[2024-06-24 12:58:30,099] {python.py:118} INFO - Done. Returned value was: None
[2024-06-24 12:58:30,205] {taskinstance.py:1166} INFO - Marking task as SUCCESS. dag_id=our_dag_with_python_operator_v07, task_id=get_name, execution_date=20220212T000000, start_date=20240624T125828, end_date=20240624T125830
[2024-06-24 12:58:30,575] {taskinstance.py:1220} INFO - 1 downstream tasks scheduled from follow-on schedule check
[2024-06-24 12:58:30,677] {local_task_job.py:146} INFO - Task exited with return code 0
