[2024-06-24 12:57:55,244] {taskinstance.py:851} INFO - Dependencies all met for <TaskInstance: our_dag_with_python_operator_v07.get_age 2022-02-06T00:00:00+00:00 [queued]>
[2024-06-24 12:57:55,324] {taskinstance.py:851} INFO - Dependencies all met for <TaskInstance: our_dag_with_python_operator_v07.get_age 2022-02-06T00:00:00+00:00 [queued]>
[2024-06-24 12:57:55,325] {taskinstance.py:1042} INFO - 
--------------------------------------------------------------------------------
[2024-06-24 12:57:55,326] {taskinstance.py:1043} INFO - Starting attempt 1 of 6
[2024-06-24 12:57:55,328] {taskinstance.py:1044} INFO - 
--------------------------------------------------------------------------------
[2024-06-24 12:57:55,373] {taskinstance.py:1063} INFO - Executing <Task(PythonOperator): get_age> on 2022-02-06T00:00:00+00:00
[2024-06-24 12:57:55,400] {standard_task_runner.py:52} INFO - Started process 32956 to run task
[2024-06-24 12:57:55,417] {standard_task_runner.py:76} INFO - Running: ['airflow', 'tasks', 'run', 'our_dag_with_python_operator_v07', 'get_age', '2022-02-06T00:00:00+00:00', '--job-id', '1826', '--pool', 'default_pool', '--raw', '--subdir', 'DAGS_FOLDER/create_dag_with_python_operator.py', '--cfg-path', '/tmp/tmpqfep1ull', '--error-file', '/tmp/tmpjhw9zg2b']
[2024-06-24 12:57:55,427] {standard_task_runner.py:77} INFO - Job 1826: Subtask get_age
[2024-06-24 12:57:55,827] {logging_mixin.py:104} INFO - Running <TaskInstance: our_dag_with_python_operator_v07.get_age 2022-02-06T00:00:00+00:00 [running]> on host 799b1e36e3f1
[2024-06-24 12:57:56,113] {taskinstance.py:1257} INFO - Exporting the following env vars:
AIRFLOW_CTX_DAG_OWNER=coder2j
AIRFLOW_CTX_DAG_ID=our_dag_with_python_operator_v07
AIRFLOW_CTX_TASK_ID=get_age
AIRFLOW_CTX_EXECUTION_DATE=2022-02-06T00:00:00+00:00
AIRFLOW_CTX_DAG_RUN_ID=scheduled__2022-02-06T00:00:00+00:00
[2024-06-24 12:57:56,245] {python.py:118} INFO - Done. Returned value was: None
[2024-06-24 12:57:56,417] {taskinstance.py:1166} INFO - Marking task as SUCCESS. dag_id=our_dag_with_python_operator_v07, task_id=get_age, execution_date=20220206T000000, start_date=20240624T125755, end_date=20240624T125756
[2024-06-24 12:57:56,634] {taskinstance.py:1220} INFO - 0 downstream tasks scheduled from follow-on schedule check
[2024-06-24 12:57:56,683] {local_task_job.py:146} INFO - Task exited with return code 0
