[2024-08-02 00:13:12,054] {taskinstance.py:851} INFO - Dependencies all met for <TaskInstance: our_dag_with_python_operator_v07.get_age 2024-08-01T00:00:00+00:00 [queued]>
[2024-08-02 00:13:12,134] {taskinstance.py:851} INFO - Dependencies all met for <TaskInstance: our_dag_with_python_operator_v07.get_age 2024-08-01T00:00:00+00:00 [queued]>
[2024-08-02 00:13:12,139] {taskinstance.py:1042} INFO - 
--------------------------------------------------------------------------------
[2024-08-02 00:13:12,143] {taskinstance.py:1043} INFO - Starting attempt 1 of 6
[2024-08-02 00:13:12,144] {taskinstance.py:1044} INFO - 
--------------------------------------------------------------------------------
[2024-08-02 00:13:12,210] {taskinstance.py:1063} INFO - Executing <Task(PythonOperator): get_age> on 2024-08-01T00:00:00+00:00
[2024-08-02 00:13:12,226] {standard_task_runner.py:52} INFO - Started process 34021 to run task
[2024-08-02 00:13:12,327] {standard_task_runner.py:76} INFO - Running: ['airflow', 'tasks', 'run', 'our_dag_with_python_operator_v07', 'get_age', '2024-08-01T00:00:00+00:00', '--job-id', '12646', '--pool', 'default_pool', '--raw', '--subdir', 'DAGS_FOLDER/create_dag_with_python_operator.py', '--cfg-path', '/tmp/tmpllbc2d8v', '--error-file', '/tmp/tmp_qwr9dd4']
[2024-08-02 00:13:12,337] {standard_task_runner.py:77} INFO - Job 12646: Subtask get_age
[2024-08-02 00:13:12,507] {logging_mixin.py:104} INFO - Running <TaskInstance: our_dag_with_python_operator_v07.get_age 2024-08-01T00:00:00+00:00 [running]> on host 799b1e36e3f1
[2024-08-02 00:13:12,657] {taskinstance.py:1257} INFO - Exporting the following env vars:
AIRFLOW_CTX_DAG_OWNER=coder2j
AIRFLOW_CTX_DAG_ID=our_dag_with_python_operator_v07
AIRFLOW_CTX_TASK_ID=get_age
AIRFLOW_CTX_EXECUTION_DATE=2024-08-01T00:00:00+00:00
AIRFLOW_CTX_DAG_RUN_ID=scheduled__2024-08-01T00:00:00+00:00
[2024-08-02 00:13:12,755] {python.py:118} INFO - Done. Returned value was: None
[2024-08-02 00:13:12,810] {taskinstance.py:1166} INFO - Marking task as SUCCESS. dag_id=our_dag_with_python_operator_v07, task_id=get_age, execution_date=20240801T000000, start_date=20240802T001312, end_date=20240802T001312
[2024-08-02 00:13:12,904] {taskinstance.py:1220} INFO - 1 downstream tasks scheduled from follow-on schedule check
[2024-08-02 00:13:12,940] {local_task_job.py:146} INFO - Task exited with return code 0
