[2024-06-24 14:21:07,460] {taskinstance.py:851} INFO - Dependencies all met for <TaskInstance: our_dag_with_python_operator_v07.get_name 2022-08-07T00:00:00+00:00 [queued]>
[2024-06-24 14:21:07,657] {taskinstance.py:851} INFO - Dependencies all met for <TaskInstance: our_dag_with_python_operator_v07.get_name 2022-08-07T00:00:00+00:00 [queued]>
[2024-06-24 14:21:07,670] {taskinstance.py:1042} INFO - 
--------------------------------------------------------------------------------
[2024-06-24 14:21:07,677] {taskinstance.py:1043} INFO - Starting attempt 1 of 6
[2024-06-24 14:21:07,816] {taskinstance.py:1044} INFO - 
--------------------------------------------------------------------------------
[2024-06-24 14:21:07,904] {taskinstance.py:1063} INFO - Executing <Task(PythonOperator): get_name> on 2022-08-07T00:00:00+00:00
[2024-06-24 14:21:07,944] {standard_task_runner.py:52} INFO - Started process 4359 to run task
[2024-06-24 14:21:07,963] {standard_task_runner.py:76} INFO - Running: ['airflow', 'tasks', 'run', 'our_dag_with_python_operator_v07', 'get_name', '2022-08-07T00:00:00+00:00', '--job-id', '3941', '--pool', 'default_pool', '--raw', '--subdir', 'DAGS_FOLDER/create_dag_with_python_operator.py', '--cfg-path', '/tmp/tmpumny0k7p', '--error-file', '/tmp/tmpltdcm9zr']
[2024-06-24 14:21:07,977] {standard_task_runner.py:77} INFO - Job 3941: Subtask get_name
[2024-06-24 14:21:08,629] {logging_mixin.py:104} INFO - Running <TaskInstance: our_dag_with_python_operator_v07.get_name 2022-08-07T00:00:00+00:00 [running]> on host 799b1e36e3f1
[2024-06-24 14:21:09,277] {taskinstance.py:1257} INFO - Exporting the following env vars:
AIRFLOW_CTX_DAG_OWNER=coder2j
AIRFLOW_CTX_DAG_ID=our_dag_with_python_operator_v07
AIRFLOW_CTX_TASK_ID=get_name
AIRFLOW_CTX_EXECUTION_DATE=2022-08-07T00:00:00+00:00
AIRFLOW_CTX_DAG_RUN_ID=scheduled__2022-08-07T00:00:00+00:00
[2024-06-24 14:21:10,018] {python.py:118} INFO - Done. Returned value was: None
[2024-06-24 14:21:10,461] {taskinstance.py:1166} INFO - Marking task as SUCCESS. dag_id=our_dag_with_python_operator_v07, task_id=get_name, execution_date=20220807T000000, start_date=20240624T142107, end_date=20240624T142110
[2024-06-24 14:21:10,847] {taskinstance.py:1220} INFO - 1 downstream tasks scheduled from follow-on schedule check
[2024-06-24 14:21:10,887] {local_task_job.py:146} INFO - Task exited with return code 0
