[2024-06-24 14:21:35,832] {taskinstance.py:851} INFO - Dependencies all met for <TaskInstance: dag_with_python_dependencies_v03.get_sklearn 2022-07-12T00:00:00+00:00 [queued]>
[2024-06-24 14:21:35,868] {taskinstance.py:851} INFO - Dependencies all met for <TaskInstance: dag_with_python_dependencies_v03.get_sklearn 2022-07-12T00:00:00+00:00 [queued]>
[2024-06-24 14:21:35,881] {taskinstance.py:1042} INFO - 
--------------------------------------------------------------------------------
[2024-06-24 14:21:35,885] {taskinstance.py:1043} INFO - Starting attempt 1 of 1
[2024-06-24 14:21:35,885] {taskinstance.py:1044} INFO - 
--------------------------------------------------------------------------------
[2024-06-24 14:21:36,028] {taskinstance.py:1063} INFO - Executing <Task(PythonOperator): get_sklearn> on 2022-07-12T00:00:00+00:00
[2024-06-24 14:21:36,039] {standard_task_runner.py:52} INFO - Started process 5023 to run task
[2024-06-24 14:21:36,120] {standard_task_runner.py:76} INFO - Running: ['airflow', 'tasks', 'run', 'dag_with_python_dependencies_v03', 'get_sklearn', '2022-07-12T00:00:00+00:00', '--job-id', '4117', '--pool', 'default_pool', '--raw', '--subdir', 'DAGS_FOLDER/dag_with_python_dependencies.py', '--cfg-path', '/tmp/tmpa4qj8fid', '--error-file', '/tmp/tmpl8gafwrj']
[2024-06-24 14:21:36,145] {standard_task_runner.py:77} INFO - Job 4117: Subtask get_sklearn
[2024-06-24 14:21:36,372] {logging_mixin.py:104} INFO - Running <TaskInstance: dag_with_python_dependencies_v03.get_sklearn 2022-07-12T00:00:00+00:00 [running]> on host 799b1e36e3f1
[2024-06-24 14:21:36,660] {taskinstance.py:1257} INFO - Exporting the following env vars:
AIRFLOW_CTX_DAG_OWNER=coder2j
AIRFLOW_CTX_DAG_ID=dag_with_python_dependencies_v03
AIRFLOW_CTX_TASK_ID=get_sklearn
AIRFLOW_CTX_EXECUTION_DATE=2022-07-12T00:00:00+00:00
AIRFLOW_CTX_DAG_RUN_ID=scheduled__2022-07-12T00:00:00+00:00
[2024-06-24 14:21:40,865] {logging_mixin.py:104} INFO - sklearn with version: 0.24.2
[2024-06-24 14:21:40,867] {python.py:118} INFO - Done. Returned value was: None
[2024-06-24 14:21:40,943] {taskinstance.py:1166} INFO - Marking task as SUCCESS. dag_id=dag_with_python_dependencies_v03, task_id=get_sklearn, execution_date=20220712T000000, start_date=20240624T142135, end_date=20240624T142140
[2024-06-24 14:21:41,114] {taskinstance.py:1220} INFO - 1 downstream tasks scheduled from follow-on schedule check
[2024-06-24 14:21:41,173] {local_task_job.py:188} WARNING - State of this instance has been externally set to success. Terminating instance.
[2024-06-24 14:21:41,185] {process_utils.py:100} INFO - Sending Signals.SIGTERM to GPID 5023
[2024-06-24 14:21:41,192] {process_utils.py:66} INFO - Process psutil.Process(pid=5023, status='terminated', exitcode=0, started='14:21:35') (5023) terminated with exit code 0
