[2024-06-24 14:20:49,489] {taskinstance.py:851} INFO - Dependencies all met for <TaskInstance: our_dag_with_python_operator_v07.get_age 2022-07-26T00:00:00+00:00 [queued]>
[2024-06-24 14:20:49,539] {taskinstance.py:851} INFO - Dependencies all met for <TaskInstance: our_dag_with_python_operator_v07.get_age 2022-07-26T00:00:00+00:00 [queued]>
[2024-06-24 14:20:49,547] {taskinstance.py:1042} INFO - 
--------------------------------------------------------------------------------
[2024-06-24 14:20:49,554] {taskinstance.py:1043} INFO - Starting attempt 1 of 6
[2024-06-24 14:20:49,557] {taskinstance.py:1044} INFO - 
--------------------------------------------------------------------------------
[2024-06-24 14:20:49,642] {taskinstance.py:1063} INFO - Executing <Task(PythonOperator): get_age> on 2022-07-26T00:00:00+00:00
[2024-06-24 14:20:49,669] {standard_task_runner.py:52} INFO - Started process 4072 to run task
[2024-06-24 14:20:49,696] {standard_task_runner.py:76} INFO - Running: ['airflow', 'tasks', 'run', 'our_dag_with_python_operator_v07', 'get_age', '2022-07-26T00:00:00+00:00', '--job-id', '3867', '--pool', 'default_pool', '--raw', '--subdir', 'DAGS_FOLDER/create_dag_with_python_operator.py', '--cfg-path', '/tmp/tmpk_qf5lbk', '--error-file', '/tmp/tmppnbhusn4']
[2024-06-24 14:20:49,708] {standard_task_runner.py:77} INFO - Job 3867: Subtask get_age
[2024-06-24 14:20:50,344] {logging_mixin.py:104} INFO - Running <TaskInstance: our_dag_with_python_operator_v07.get_age 2022-07-26T00:00:00+00:00 [running]> on host 799b1e36e3f1
[2024-06-24 14:20:50,798] {taskinstance.py:1257} INFO - Exporting the following env vars:
AIRFLOW_CTX_DAG_OWNER=coder2j
AIRFLOW_CTX_DAG_ID=our_dag_with_python_operator_v07
AIRFLOW_CTX_TASK_ID=get_age
AIRFLOW_CTX_EXECUTION_DATE=2022-07-26T00:00:00+00:00
AIRFLOW_CTX_DAG_RUN_ID=scheduled__2022-07-26T00:00:00+00:00
[2024-06-24 14:20:51,005] {python.py:118} INFO - Done. Returned value was: None
[2024-06-24 14:20:51,096] {taskinstance.py:1166} INFO - Marking task as SUCCESS. dag_id=our_dag_with_python_operator_v07, task_id=get_age, execution_date=20220726T000000, start_date=20240624T142049, end_date=20240624T142051
[2024-06-24 14:20:51,373] {taskinstance.py:1220} INFO - 1 downstream tasks scheduled from follow-on schedule check
[2024-06-24 14:20:51,472] {local_task_job.py:146} INFO - Task exited with return code 0
