[2024-07-23 11:11:35,362] {taskinstance.py:851} INFO - Dependencies all met for <TaskInstance: our_first_dag_v5.thrid_task 2024-07-22T00:00:00+00:00 [queued]>
[2024-07-23 11:11:35,476] {taskinstance.py:851} INFO - Dependencies all met for <TaskInstance: our_first_dag_v5.thrid_task 2024-07-22T00:00:00+00:00 [queued]>
[2024-07-23 11:11:35,488] {taskinstance.py:1042} INFO - 
--------------------------------------------------------------------------------
[2024-07-23 11:11:35,491] {taskinstance.py:1043} INFO - Starting attempt 1 of 6
[2024-07-23 11:11:35,498] {taskinstance.py:1044} INFO - 
--------------------------------------------------------------------------------
[2024-07-23 11:11:35,568] {taskinstance.py:1063} INFO - Executing <Task(BashOperator): thrid_task> on 2024-07-22T00:00:00+00:00
[2024-07-23 11:11:35,601] {standard_task_runner.py:52} INFO - Started process 432 to run task
[2024-07-23 11:11:35,624] {standard_task_runner.py:76} INFO - Running: ['airflow', 'tasks', 'run', 'our_first_dag_v5', 'thrid_task', '2024-07-22T00:00:00+00:00', '--job-id', '12525', '--pool', 'default_pool', '--raw', '--subdir', 'DAGS_FOLDER/our_first_dag.py', '--cfg-path', '/tmp/tmpjz9orstb', '--error-file', '/tmp/tmpf2g9cdlj']
[2024-07-23 11:11:35,663] {standard_task_runner.py:77} INFO - Job 12525: Subtask thrid_task
[2024-07-23 11:11:36,105] {logging_mixin.py:104} INFO - Running <TaskInstance: our_first_dag_v5.thrid_task 2024-07-22T00:00:00+00:00 [running]> on host 799b1e36e3f1
[2024-07-23 11:11:36,422] {taskinstance.py:1257} INFO - Exporting the following env vars:
AIRFLOW_CTX_DAG_OWNER=coder2j
AIRFLOW_CTX_DAG_ID=our_first_dag_v5
AIRFLOW_CTX_TASK_ID=thrid_task
AIRFLOW_CTX_EXECUTION_DATE=2024-07-22T00:00:00+00:00
AIRFLOW_CTX_DAG_RUN_ID=scheduled__2024-07-22T00:00:00+00:00
[2024-07-23 11:11:36,425] {bash.py:135} INFO - Tmp dir root location: 
 /tmp
[2024-07-23 11:11:36,431] {bash.py:158} INFO - Running command: echo hey, I am task3 and will be running after task1 at the same time as task2!
[2024-07-23 11:11:36,453] {bash.py:169} INFO - Output:
[2024-07-23 11:11:36,458] {bash.py:173} INFO - hey, I am task3 and will be running after task1 at the same time as task2!
[2024-07-23 11:11:36,461] {bash.py:177} INFO - Command exited with return code 0
[2024-07-23 11:11:36,629] {taskinstance.py:1166} INFO - Marking task as SUCCESS. dag_id=our_first_dag_v5, task_id=thrid_task, execution_date=20240722T000000, start_date=20240723T111135, end_date=20240723T111136
[2024-07-23 11:11:36,720] {taskinstance.py:1220} INFO - 0 downstream tasks scheduled from follow-on schedule check
[2024-07-23 11:11:36,757] {local_task_job.py:146} INFO - Task exited with return code 0
