[2024-06-24 14:27:07,374] {taskinstance.py:851} INFO - Dependencies all met for <TaskInstance: our_first_dag_v5.second_task 2023-01-22T00:00:00+00:00 [queued]>
[2024-06-24 14:27:07,465] {taskinstance.py:851} INFO - Dependencies all met for <TaskInstance: our_first_dag_v5.second_task 2023-01-22T00:00:00+00:00 [queued]>
[2024-06-24 14:27:07,478] {taskinstance.py:1042} INFO - 
--------------------------------------------------------------------------------
[2024-06-24 14:27:07,479] {taskinstance.py:1043} INFO - Starting attempt 1 of 6
[2024-06-24 14:27:07,489] {taskinstance.py:1044} INFO - 
--------------------------------------------------------------------------------
[2024-06-24 14:27:07,607] {taskinstance.py:1063} INFO - Executing <Task(BashOperator): second_task> on 2023-01-22T00:00:00+00:00
[2024-06-24 14:27:07,681] {standard_task_runner.py:52} INFO - Started process 13905 to run task
[2024-06-24 14:27:07,718] {standard_task_runner.py:76} INFO - Running: ['airflow', 'tasks', 'run', 'our_first_dag_v5', 'second_task', '2023-01-22T00:00:00+00:00', '--job-id', '6507', '--pool', 'default_pool', '--raw', '--subdir', 'DAGS_FOLDER/our_first_dag.py', '--cfg-path', '/tmp/tmpjv8dn8n1', '--error-file', '/tmp/tmpk9ivxebl']
[2024-06-24 14:27:07,733] {standard_task_runner.py:77} INFO - Job 6507: Subtask second_task
[2024-06-24 14:27:07,909] {logging_mixin.py:104} INFO - Running <TaskInstance: our_first_dag_v5.second_task 2023-01-22T00:00:00+00:00 [running]> on host 799b1e36e3f1
[2024-06-24 14:27:08,112] {taskinstance.py:1257} INFO - Exporting the following env vars:
AIRFLOW_CTX_DAG_OWNER=coder2j
AIRFLOW_CTX_DAG_ID=our_first_dag_v5
AIRFLOW_CTX_TASK_ID=second_task
AIRFLOW_CTX_EXECUTION_DATE=2023-01-22T00:00:00+00:00
AIRFLOW_CTX_DAG_RUN_ID=scheduled__2023-01-22T00:00:00+00:00
[2024-06-24 14:27:08,116] {bash.py:135} INFO - Tmp dir root location: 
 /tmp
[2024-06-24 14:27:08,120] {bash.py:158} INFO - Running command: echo hey, I am task2 and will be running after task1!
[2024-06-24 14:27:08,162] {bash.py:169} INFO - Output:
[2024-06-24 14:27:08,186] {bash.py:173} INFO - hey, I am task2 and will be running after task1!
[2024-06-24 14:27:08,190] {bash.py:177} INFO - Command exited with return code 0
[2024-06-24 14:27:08,324] {taskinstance.py:1166} INFO - Marking task as SUCCESS. dag_id=our_first_dag_v5, task_id=second_task, execution_date=20230122T000000, start_date=20240624T142707, end_date=20240624T142708
[2024-06-24 14:27:08,459] {taskinstance.py:1220} INFO - 0 downstream tasks scheduled from follow-on schedule check
[2024-06-24 14:27:08,485] {local_task_job.py:146} INFO - Task exited with return code 0
