[2024-06-24 14:26:05,290] {taskinstance.py:851} INFO - Dependencies all met for <TaskInstance: dag_with_python_dependencies_v03.get_sklearn 2022-12-22T00:00:00+00:00 [queued]>
[2024-06-24 14:26:05,355] {taskinstance.py:851} INFO - Dependencies all met for <TaskInstance: dag_with_python_dependencies_v03.get_sklearn 2022-12-22T00:00:00+00:00 [queued]>
[2024-06-24 14:26:05,358] {taskinstance.py:1042} INFO - 
--------------------------------------------------------------------------------
[2024-06-24 14:26:05,361] {taskinstance.py:1043} INFO - Starting attempt 1 of 1
[2024-06-24 14:26:05,368] {taskinstance.py:1044} INFO - 
--------------------------------------------------------------------------------
[2024-06-24 14:26:05,456] {taskinstance.py:1063} INFO - Executing <Task(PythonOperator): get_sklearn> on 2022-12-22T00:00:00+00:00
[2024-06-24 14:26:05,486] {standard_task_runner.py:52} INFO - Started process 12295 to run task
[2024-06-24 14:26:05,506] {standard_task_runner.py:76} INFO - Running: ['airflow', 'tasks', 'run', 'dag_with_python_dependencies_v03', 'get_sklearn', '2022-12-22T00:00:00+00:00', '--job-id', '6056', '--pool', 'default_pool', '--raw', '--subdir', 'DAGS_FOLDER/dag_with_python_dependencies.py', '--cfg-path', '/tmp/tmpecputgiy', '--error-file', '/tmp/tmpssr5vamm']
[2024-06-24 14:26:05,522] {standard_task_runner.py:77} INFO - Job 6056: Subtask get_sklearn
[2024-06-24 14:26:05,660] {logging_mixin.py:104} INFO - Running <TaskInstance: dag_with_python_dependencies_v03.get_sklearn 2022-12-22T00:00:00+00:00 [running]> on host 799b1e36e3f1
[2024-06-24 14:26:05,794] {taskinstance.py:1257} INFO - Exporting the following env vars:
AIRFLOW_CTX_DAG_OWNER=coder2j
AIRFLOW_CTX_DAG_ID=dag_with_python_dependencies_v03
AIRFLOW_CTX_TASK_ID=get_sklearn
AIRFLOW_CTX_EXECUTION_DATE=2022-12-22T00:00:00+00:00
AIRFLOW_CTX_DAG_RUN_ID=scheduled__2022-12-22T00:00:00+00:00
[2024-06-24 14:26:10,473] {logging_mixin.py:104} INFO - sklearn with version: 0.24.2
[2024-06-24 14:26:10,475] {python.py:118} INFO - Done. Returned value was: None
[2024-06-24 14:26:10,572] {taskinstance.py:1166} INFO - Marking task as SUCCESS. dag_id=dag_with_python_dependencies_v03, task_id=get_sklearn, execution_date=20221222T000000, start_date=20240624T142605, end_date=20240624T142610
[2024-06-24 14:26:10,731] {local_task_job.py:188} WARNING - State of this instance has been externally set to success. Terminating instance.
[2024-06-24 14:26:10,751] {process_utils.py:100} INFO - Sending Signals.SIGTERM to GPID 12295
[2024-06-24 14:26:10,763] {taskinstance.py:1239} ERROR - Received SIGTERM. Terminating subprocesses.
[2024-06-24 14:26:10,910] {process_utils.py:66} INFO - Process psutil.Process(pid=12295, status='terminated', exitcode=1, started='14:26:04') (12295) terminated with exit code 1
