[2024-06-24 14:54:26,348] {taskinstance.py:851} INFO - Dependencies all met for <TaskInstance: dag_with_taskflow_api_v02.get_age 2023-12-28T00:00:00+00:00 [queued]>
[2024-06-24 14:54:28,108] {taskinstance.py:851} INFO - Dependencies all met for <TaskInstance: dag_with_taskflow_api_v02.get_age 2023-12-28T00:00:00+00:00 [queued]>
[2024-06-24 14:54:28,139] {taskinstance.py:1042} INFO - 
--------------------------------------------------------------------------------
[2024-06-24 14:54:28,175] {taskinstance.py:1043} INFO - Starting attempt 1 of 6
[2024-06-24 14:54:28,226] {taskinstance.py:1044} INFO - 
--------------------------------------------------------------------------------
[2024-06-24 14:54:28,427] {taskinstance.py:1063} INFO - Executing <Task(_PythonDecoratedOperator): get_age> on 2023-12-28T00:00:00+00:00
[2024-06-24 14:54:28,457] {standard_task_runner.py:52} INFO - Started process 26704 to run task
[2024-06-24 14:54:28,526] {standard_task_runner.py:76} INFO - Running: ['airflow', 'tasks', 'run', 'dag_with_taskflow_api_v02', 'get_age', '2023-12-28T00:00:00+00:00', '--job-id', '9737', '--pool', 'default_pool', '--raw', '--subdir', 'DAGS_FOLDER/dag_with_taskflow_api.py', '--cfg-path', '/tmp/tmpviu7o5fl', '--error-file', '/tmp/tmpdu3eru6k']
[2024-06-24 14:54:28,621] {standard_task_runner.py:77} INFO - Job 9737: Subtask get_age
[2024-06-24 14:54:28,948] {logging_mixin.py:104} INFO - Running <TaskInstance: dag_with_taskflow_api_v02.get_age 2023-12-28T00:00:00+00:00 [running]> on host 799b1e36e3f1
[2024-06-24 14:54:29,235] {taskinstance.py:1257} INFO - Exporting the following env vars:
AIRFLOW_CTX_DAG_OWNER=coder2j
AIRFLOW_CTX_DAG_ID=dag_with_taskflow_api_v02
AIRFLOW_CTX_TASK_ID=get_age
AIRFLOW_CTX_EXECUTION_DATE=2023-12-28T00:00:00+00:00
AIRFLOW_CTX_DAG_RUN_ID=scheduled__2023-12-28T00:00:00+00:00
[2024-06-24 14:54:29,471] {taskinstance.py:1166} INFO - Marking task as SUCCESS. dag_id=dag_with_taskflow_api_v02, task_id=get_age, execution_date=20231228T000000, start_date=20240624T145426, end_date=20240624T145429
[2024-06-24 14:54:29,804] {taskinstance.py:1220} INFO - 1 downstream tasks scheduled from follow-on schedule check
[2024-06-24 14:54:29,877] {local_task_job.py:146} INFO - Task exited with return code 0
