[2024-06-24 15:01:45,614] {taskinstance.py:851} INFO - Dependencies all met for <TaskInstance: dag_with_taskflow_api_v02.get_age 2024-01-31T00:00:00+00:00 [queued]>
[2024-06-24 15:01:45,746] {taskinstance.py:851} INFO - Dependencies all met for <TaskInstance: dag_with_taskflow_api_v02.get_age 2024-01-31T00:00:00+00:00 [queued]>
[2024-06-24 15:01:45,754] {taskinstance.py:1042} INFO - 
--------------------------------------------------------------------------------
[2024-06-24 15:01:45,756] {taskinstance.py:1043} INFO - Starting attempt 1 of 6
[2024-06-24 15:01:45,767] {taskinstance.py:1044} INFO - 
--------------------------------------------------------------------------------
[2024-06-24 15:01:45,870] {taskinstance.py:1063} INFO - Executing <Task(_PythonDecoratedOperator): get_age> on 2024-01-31T00:00:00+00:00
[2024-06-24 15:01:45,887] {standard_task_runner.py:52} INFO - Started process 28501 to run task
[2024-06-24 15:01:45,902] {standard_task_runner.py:76} INFO - Running: ['airflow', 'tasks', 'run', 'dag_with_taskflow_api_v02', 'get_age', '2024-01-31T00:00:00+00:00', '--job-id', '10166', '--pool', 'default_pool', '--raw', '--subdir', 'DAGS_FOLDER/dag_with_taskflow_api.py', '--cfg-path', '/tmp/tmp2xn5cuyc', '--error-file', '/tmp/tmpafaa45_p']
[2024-06-24 15:01:45,935] {standard_task_runner.py:77} INFO - Job 10166: Subtask get_age
[2024-06-24 15:01:46,206] {logging_mixin.py:104} INFO - Running <TaskInstance: dag_with_taskflow_api_v02.get_age 2024-01-31T00:00:00+00:00 [running]> on host 799b1e36e3f1
[2024-06-24 15:01:46,469] {taskinstance.py:1257} INFO - Exporting the following env vars:
AIRFLOW_CTX_DAG_OWNER=coder2j
AIRFLOW_CTX_DAG_ID=dag_with_taskflow_api_v02
AIRFLOW_CTX_TASK_ID=get_age
AIRFLOW_CTX_EXECUTION_DATE=2024-01-31T00:00:00+00:00
AIRFLOW_CTX_DAG_RUN_ID=scheduled__2024-01-31T00:00:00+00:00
[2024-06-24 15:01:46,614] {taskinstance.py:1166} INFO - Marking task as SUCCESS. dag_id=dag_with_taskflow_api_v02, task_id=get_age, execution_date=20240131T000000, start_date=20240624T150145, end_date=20240624T150146
[2024-06-24 15:01:46,932] {taskinstance.py:1220} INFO - 0 downstream tasks scheduled from follow-on schedule check
[2024-06-24 15:01:46,979] {local_task_job.py:146} INFO - Task exited with return code 0
