[2024-06-24 13:00:34,433] {taskinstance.py:851} INFO - Dependencies all met for <TaskInstance: dag_with_python_dependencies_v03.get_sklearn 2022-03-12T00:00:00+00:00 [queued]>
[2024-06-24 13:00:34,531] {taskinstance.py:851} INFO - Dependencies all met for <TaskInstance: dag_with_python_dependencies_v03.get_sklearn 2022-03-12T00:00:00+00:00 [queued]>
[2024-06-24 13:00:34,552] {taskinstance.py:1042} INFO - 
--------------------------------------------------------------------------------
[2024-06-24 13:00:34,556] {taskinstance.py:1043} INFO - Starting attempt 1 of 1
[2024-06-24 13:00:34,563] {taskinstance.py:1044} INFO - 
--------------------------------------------------------------------------------
[2024-06-24 13:00:34,895] {taskinstance.py:1063} INFO - Executing <Task(PythonOperator): get_sklearn> on 2022-03-12T00:00:00+00:00
[2024-06-24 13:00:34,936] {standard_task_runner.py:52} INFO - Started process 35527 to run task
[2024-06-24 13:00:35,014] {standard_task_runner.py:76} INFO - Running: ['airflow', 'tasks', 'run', 'dag_with_python_dependencies_v03', 'get_sklearn', '2022-03-12T00:00:00+00:00', '--job-id', '2477', '--pool', 'default_pool', '--raw', '--subdir', 'DAGS_FOLDER/dag_with_python_dependencies.py', '--cfg-path', '/tmp/tmpakqrm936', '--error-file', '/tmp/tmpbvlt0mjj']
[2024-06-24 13:00:35,056] {standard_task_runner.py:77} INFO - Job 2477: Subtask get_sklearn
[2024-06-24 13:00:35,695] {logging_mixin.py:104} INFO - Running <TaskInstance: dag_with_python_dependencies_v03.get_sklearn 2022-03-12T00:00:00+00:00 [running]> on host 799b1e36e3f1
[2024-06-24 13:00:36,831] {taskinstance.py:1257} INFO - Exporting the following env vars:
AIRFLOW_CTX_DAG_OWNER=coder2j
AIRFLOW_CTX_DAG_ID=dag_with_python_dependencies_v03
AIRFLOW_CTX_TASK_ID=get_sklearn
AIRFLOW_CTX_EXECUTION_DATE=2022-03-12T00:00:00+00:00
AIRFLOW_CTX_DAG_RUN_ID=scheduled__2022-03-12T00:00:00+00:00
[2024-06-24 13:00:43,254] {logging_mixin.py:104} INFO - sklearn with version: 0.24.2
[2024-06-24 13:00:43,255] {python.py:118} INFO - Done. Returned value was: None
[2024-06-24 13:00:43,576] {taskinstance.py:1166} INFO - Marking task as SUCCESS. dag_id=dag_with_python_dependencies_v03, task_id=get_sklearn, execution_date=20220312T000000, start_date=20240624T130034, end_date=20240624T130043
[2024-06-24 13:00:43,984] {taskinstance.py:1220} INFO - 1 downstream tasks scheduled from follow-on schedule check
[2024-06-24 13:00:44,133] {local_task_job.py:146} INFO - Task exited with return code 0
