[2024-06-24 12:57:56,914] {taskinstance.py:851} INFO - Dependencies all met for <TaskInstance: dag_with_taskflow_api_v02.get_name 2022-02-19T00:00:00+00:00 [queued]>
[2024-06-24 12:57:56,977] {taskinstance.py:851} INFO - Dependencies all met for <TaskInstance: dag_with_taskflow_api_v02.get_name 2022-02-19T00:00:00+00:00 [queued]>
[2024-06-24 12:57:56,982] {taskinstance.py:1042} INFO - 
--------------------------------------------------------------------------------
[2024-06-24 12:57:56,985] {taskinstance.py:1043} INFO - Starting attempt 1 of 6
[2024-06-24 12:57:56,993] {taskinstance.py:1044} INFO - 
--------------------------------------------------------------------------------
[2024-06-24 12:57:57,073] {taskinstance.py:1063} INFO - Executing <Task(_PythonDecoratedOperator): get_name> on 2022-02-19T00:00:00+00:00
[2024-06-24 12:57:57,095] {standard_task_runner.py:52} INFO - Started process 32985 to run task
[2024-06-24 12:57:57,114] {standard_task_runner.py:76} INFO - Running: ['airflow', 'tasks', 'run', 'dag_with_taskflow_api_v02', 'get_name', '2022-02-19T00:00:00+00:00', '--job-id', '1840', '--pool', 'default_pool', '--raw', '--subdir', 'DAGS_FOLDER/dag_with_taskflow_api.py', '--cfg-path', '/tmp/tmprrgzd24e', '--error-file', '/tmp/tmphilx75_4']
[2024-06-24 12:57:57,128] {standard_task_runner.py:77} INFO - Job 1840: Subtask get_name
[2024-06-24 12:57:57,515] {logging_mixin.py:104} INFO - Running <TaskInstance: dag_with_taskflow_api_v02.get_name 2022-02-19T00:00:00+00:00 [running]> on host 799b1e36e3f1
[2024-06-24 12:57:57,872] {taskinstance.py:1257} INFO - Exporting the following env vars:
AIRFLOW_CTX_DAG_OWNER=coder2j
AIRFLOW_CTX_DAG_ID=dag_with_taskflow_api_v02
AIRFLOW_CTX_TASK_ID=get_name
AIRFLOW_CTX_EXECUTION_DATE=2022-02-19T00:00:00+00:00
AIRFLOW_CTX_DAG_RUN_ID=scheduled__2022-02-19T00:00:00+00:00
[2024-06-24 12:57:58,183] {taskinstance.py:1166} INFO - Marking task as SUCCESS. dag_id=dag_with_taskflow_api_v02, task_id=get_name, execution_date=20220219T000000, start_date=20240624T125756, end_date=20240624T125758
[2024-06-24 12:57:58,302] {taskinstance.py:1220} INFO - 1 downstream tasks scheduled from follow-on schedule check
[2024-06-24 12:57:58,331] {local_task_job.py:146} INFO - Task exited with return code 0
