[2024-06-24 15:02:36,413] {taskinstance.py:851} INFO - Dependencies all met for <TaskInstance: our_first_dag_v5.second_task 2024-01-08T00:00:00+00:00 [queued]>
[2024-06-24 15:02:36,483] {taskinstance.py:851} INFO - Dependencies all met for <TaskInstance: our_first_dag_v5.second_task 2024-01-08T00:00:00+00:00 [queued]>
[2024-06-24 15:02:36,490] {taskinstance.py:1042} INFO - 
--------------------------------------------------------------------------------
[2024-06-24 15:02:36,490] {taskinstance.py:1043} INFO - Starting attempt 1 of 6
[2024-06-24 15:02:36,491] {taskinstance.py:1044} INFO - 
--------------------------------------------------------------------------------
[2024-06-24 15:02:36,646] {taskinstance.py:1063} INFO - Executing <Task(BashOperator): second_task> on 2024-01-08T00:00:00+00:00
[2024-06-24 15:02:36,705] {standard_task_runner.py:52} INFO - Started process 29708 to run task
[2024-06-24 15:02:36,736] {standard_task_runner.py:76} INFO - Running: ['airflow', 'tasks', 'run', 'our_first_dag_v5', 'second_task', '2024-01-08T00:00:00+00:00', '--job-id', '10476', '--pool', 'default_pool', '--raw', '--subdir', 'DAGS_FOLDER/our_first_dag.py', '--cfg-path', '/tmp/tmptobzyjx0', '--error-file', '/tmp/tmpkgf9hv3c']
[2024-06-24 15:02:36,761] {standard_task_runner.py:77} INFO - Job 10476: Subtask second_task
[2024-06-24 15:02:37,015] {logging_mixin.py:104} INFO - Running <TaskInstance: our_first_dag_v5.second_task 2024-01-08T00:00:00+00:00 [running]> on host 799b1e36e3f1
[2024-06-24 15:02:37,625] {taskinstance.py:1257} INFO - Exporting the following env vars:
AIRFLOW_CTX_DAG_OWNER=coder2j
AIRFLOW_CTX_DAG_ID=our_first_dag_v5
AIRFLOW_CTX_TASK_ID=second_task
AIRFLOW_CTX_EXECUTION_DATE=2024-01-08T00:00:00+00:00
AIRFLOW_CTX_DAG_RUN_ID=scheduled__2024-01-08T00:00:00+00:00
[2024-06-24 15:02:37,633] {bash.py:135} INFO - Tmp dir root location: 
 /tmp
[2024-06-24 15:02:37,651] {bash.py:158} INFO - Running command: echo hey, I am task2 and will be running after task1!
[2024-06-24 15:02:37,755] {bash.py:169} INFO - Output:
[2024-06-24 15:02:37,760] {bash.py:173} INFO - hey, I am task2 and will be running after task1!
[2024-06-24 15:02:37,767] {bash.py:177} INFO - Command exited with return code 0
[2024-06-24 15:02:38,041] {taskinstance.py:1166} INFO - Marking task as SUCCESS. dag_id=our_first_dag_v5, task_id=second_task, execution_date=20240108T000000, start_date=20240624T150236, end_date=20240624T150238
[2024-06-24 15:02:38,288] {taskinstance.py:1220} INFO - 0 downstream tasks scheduled from follow-on schedule check
[2024-06-24 15:02:38,385] {local_task_job.py:146} INFO - Task exited with return code 0
