[2024-07-05 00:08:38,803] {taskinstance.py:851} INFO - Dependencies all met for <TaskInstance: dag_with_catchup_backfill_v02.task1 2024-07-04T00:00:00+00:00 [queued]>
[2024-07-05 00:08:38,971] {taskinstance.py:851} INFO - Dependencies all met for <TaskInstance: dag_with_catchup_backfill_v02.task1 2024-07-04T00:00:00+00:00 [queued]>
[2024-07-05 00:08:38,978] {taskinstance.py:1042} INFO - 
--------------------------------------------------------------------------------
[2024-07-05 00:08:38,984] {taskinstance.py:1043} INFO - Starting attempt 1 of 6
[2024-07-05 00:08:38,992] {taskinstance.py:1044} INFO - 
--------------------------------------------------------------------------------
[2024-07-05 00:08:39,123] {taskinstance.py:1063} INFO - Executing <Task(BashOperator): task1> on 2024-07-04T00:00:00+00:00
[2024-07-05 00:08:39,194] {standard_task_runner.py:52} INFO - Started process 42376 to run task
[2024-07-05 00:08:39,243] {standard_task_runner.py:76} INFO - Running: ['airflow', 'tasks', 'run', 'dag_with_catchup_backfill_v02', 'task1', '2024-07-04T00:00:00+00:00', '--job-id', '12304', '--pool', 'default_pool', '--raw', '--subdir', 'DAGS_FOLDER/dag_with_catchup_and_backfill.py', '--cfg-path', '/tmp/tmpmiix11xk', '--error-file', '/tmp/tmptuja9cvj']
[2024-07-05 00:08:39,279] {standard_task_runner.py:77} INFO - Job 12304: Subtask task1
[2024-07-05 00:08:39,821] {logging_mixin.py:104} INFO - Running <TaskInstance: dag_with_catchup_backfill_v02.task1 2024-07-04T00:00:00+00:00 [running]> on host 799b1e36e3f1
[2024-07-05 00:08:40,465] {taskinstance.py:1257} INFO - Exporting the following env vars:
AIRFLOW_CTX_DAG_OWNER=coder2j
AIRFLOW_CTX_DAG_ID=dag_with_catchup_backfill_v02
AIRFLOW_CTX_TASK_ID=task1
AIRFLOW_CTX_EXECUTION_DATE=2024-07-04T00:00:00+00:00
AIRFLOW_CTX_DAG_RUN_ID=scheduled__2024-07-04T00:00:00+00:00
[2024-07-05 00:08:40,476] {bash.py:135} INFO - Tmp dir root location: 
 /tmp
[2024-07-05 00:08:40,487] {bash.py:158} INFO - Running command: echo This is a simple bash command!
[2024-07-05 00:08:40,554] {bash.py:169} INFO - Output:
[2024-07-05 00:08:40,566] {bash.py:173} INFO - This is a simple bash command!
[2024-07-05 00:08:40,573] {bash.py:177} INFO - Command exited with return code 0
[2024-07-05 00:08:40,883] {taskinstance.py:1166} INFO - Marking task as SUCCESS. dag_id=dag_with_catchup_backfill_v02, task_id=task1, execution_date=20240704T000000, start_date=20240705T000838, end_date=20240705T000840
[2024-07-05 00:08:41,591] {taskinstance.py:1220} INFO - 0 downstream tasks scheduled from follow-on schedule check
[2024-07-05 00:08:41,653] {local_task_job.py:146} INFO - Task exited with return code 0
