[2024-06-24 14:30:26,860] {taskinstance.py:851} INFO - Dependencies all met for <TaskInstance: our_first_dag_v5.second_task 2023-05-25T00:00:00+00:00 [queued]>
[2024-06-24 14:30:27,009] {taskinstance.py:851} INFO - Dependencies all met for <TaskInstance: our_first_dag_v5.second_task 2023-05-25T00:00:00+00:00 [queued]>
[2024-06-24 14:30:27,012] {taskinstance.py:1042} INFO - 
--------------------------------------------------------------------------------
[2024-06-24 14:30:27,019] {taskinstance.py:1043} INFO - Starting attempt 1 of 6
[2024-06-24 14:30:27,024] {taskinstance.py:1044} INFO - 
--------------------------------------------------------------------------------
[2024-06-24 14:30:27,181] {taskinstance.py:1063} INFO - Executing <Task(BashOperator): second_task> on 2023-05-25T00:00:00+00:00
[2024-06-24 14:30:27,200] {standard_task_runner.py:52} INFO - Started process 19255 to run task
[2024-06-24 14:30:27,222] {standard_task_runner.py:76} INFO - Running: ['airflow', 'tasks', 'run', 'our_first_dag_v5', 'second_task', '2023-05-25T00:00:00+00:00', '--job-id', '7931', '--pool', 'default_pool', '--raw', '--subdir', 'DAGS_FOLDER/our_first_dag.py', '--cfg-path', '/tmp/tmp3eox2iz9', '--error-file', '/tmp/tmpocodimd_']
[2024-06-24 14:30:27,239] {standard_task_runner.py:77} INFO - Job 7931: Subtask second_task
[2024-06-24 14:30:27,452] {logging_mixin.py:104} INFO - Running <TaskInstance: our_first_dag_v5.second_task 2023-05-25T00:00:00+00:00 [running]> on host 799b1e36e3f1
[2024-06-24 14:30:27,695] {taskinstance.py:1257} INFO - Exporting the following env vars:
AIRFLOW_CTX_DAG_OWNER=coder2j
AIRFLOW_CTX_DAG_ID=our_first_dag_v5
AIRFLOW_CTX_TASK_ID=second_task
AIRFLOW_CTX_EXECUTION_DATE=2023-05-25T00:00:00+00:00
AIRFLOW_CTX_DAG_RUN_ID=scheduled__2023-05-25T00:00:00+00:00
[2024-06-24 14:30:27,709] {bash.py:135} INFO - Tmp dir root location: 
 /tmp
[2024-06-24 14:30:27,712] {bash.py:158} INFO - Running command: echo hey, I am task2 and will be running after task1!
[2024-06-24 14:30:27,786] {bash.py:169} INFO - Output:
[2024-06-24 14:30:27,802] {bash.py:173} INFO - hey, I am task2 and will be running after task1!
[2024-06-24 14:30:27,810] {bash.py:177} INFO - Command exited with return code 0
[2024-06-24 14:30:27,990] {taskinstance.py:1166} INFO - Marking task as SUCCESS. dag_id=our_first_dag_v5, task_id=second_task, execution_date=20230525T000000, start_date=20240624T143026, end_date=20240624T143027
[2024-06-24 14:30:28,155] {taskinstance.py:1220} INFO - 0 downstream tasks scheduled from follow-on schedule check
[2024-06-24 14:30:28,206] {local_task_job.py:146} INFO - Task exited with return code 0
