[2024-07-15 03:01:33,835] {taskinstance.py:851} INFO - Dependencies all met for <TaskInstance: dag_with_catchup_backfill_v02.task1 2024-07-14T00:00:00+00:00 [queued]>
[2024-07-15 03:01:33,939] {taskinstance.py:851} INFO - Dependencies all met for <TaskInstance: dag_with_catchup_backfill_v02.task1 2024-07-14T00:00:00+00:00 [queued]>
[2024-07-15 03:01:33,940] {taskinstance.py:1042} INFO - 
--------------------------------------------------------------------------------
[2024-07-15 03:01:33,944] {taskinstance.py:1043} INFO - Starting attempt 1 of 6
[2024-07-15 03:01:33,951] {taskinstance.py:1044} INFO - 
--------------------------------------------------------------------------------
[2024-07-15 03:01:34,010] {taskinstance.py:1063} INFO - Executing <Task(BashOperator): task1> on 2024-07-14T00:00:00+00:00
[2024-07-15 03:01:34,063] {standard_task_runner.py:52} INFO - Started process 7965 to run task
[2024-07-15 03:01:34,094] {standard_task_runner.py:76} INFO - Running: ['airflow', 'tasks', 'run', 'dag_with_catchup_backfill_v02', 'task1', '2024-07-14T00:00:00+00:00', '--job-id', '12420', '--pool', 'default_pool', '--raw', '--subdir', 'DAGS_FOLDER/dag_with_catchup_and_backfill.py', '--cfg-path', '/tmp/tmpjvhck29a', '--error-file', '/tmp/tmplh4zhdl7']
[2024-07-15 03:01:34,128] {standard_task_runner.py:77} INFO - Job 12420: Subtask task1
[2024-07-15 03:01:34,544] {logging_mixin.py:104} INFO - Running <TaskInstance: dag_with_catchup_backfill_v02.task1 2024-07-14T00:00:00+00:00 [running]> on host 799b1e36e3f1
[2024-07-15 03:01:34,866] {taskinstance.py:1257} INFO - Exporting the following env vars:
AIRFLOW_CTX_DAG_OWNER=coder2j
AIRFLOW_CTX_DAG_ID=dag_with_catchup_backfill_v02
AIRFLOW_CTX_TASK_ID=task1
AIRFLOW_CTX_EXECUTION_DATE=2024-07-14T00:00:00+00:00
AIRFLOW_CTX_DAG_RUN_ID=scheduled__2024-07-14T00:00:00+00:00
[2024-07-15 03:01:34,870] {bash.py:135} INFO - Tmp dir root location: 
 /tmp
[2024-07-15 03:01:34,880] {bash.py:158} INFO - Running command: echo This is a simple bash command!
[2024-07-15 03:01:34,920] {bash.py:169} INFO - Output:
[2024-07-15 03:01:34,970] {bash.py:173} INFO - This is a simple bash command!
[2024-07-15 03:01:34,975] {bash.py:177} INFO - Command exited with return code 0
[2024-07-15 03:01:35,118] {taskinstance.py:1166} INFO - Marking task as SUCCESS. dag_id=dag_with_catchup_backfill_v02, task_id=task1, execution_date=20240714T000000, start_date=20240715T030133, end_date=20240715T030135
[2024-07-15 03:01:35,273] {taskinstance.py:1220} INFO - 0 downstream tasks scheduled from follow-on schedule check
[2024-07-15 03:01:35,353] {local_task_job.py:146} INFO - Task exited with return code 0
