[2024-06-24 12:55:39,046] {taskinstance.py:851} INFO - Dependencies all met for <TaskInstance: our_dag_with_python_operator_v07.get_age 2021-12-29T00:00:00+00:00 [queued]>
[2024-06-24 12:55:39,140] {taskinstance.py:851} INFO - Dependencies all met for <TaskInstance: our_dag_with_python_operator_v07.get_age 2021-12-29T00:00:00+00:00 [queued]>
[2024-06-24 12:55:39,144] {taskinstance.py:1042} INFO - 
--------------------------------------------------------------------------------
[2024-06-24 12:55:39,145] {taskinstance.py:1043} INFO - Starting attempt 1 of 6
[2024-06-24 12:55:39,146] {taskinstance.py:1044} INFO - 
--------------------------------------------------------------------------------
[2024-06-24 12:55:39,194] {taskinstance.py:1063} INFO - Executing <Task(PythonOperator): get_age> on 2021-12-29T00:00:00+00:00
[2024-06-24 12:55:39,214] {standard_task_runner.py:52} INFO - Started process 30854 to run task
[2024-06-24 12:55:39,226] {standard_task_runner.py:76} INFO - Running: ['airflow', 'tasks', 'run', 'our_dag_with_python_operator_v07', 'get_age', '2021-12-29T00:00:00+00:00', '--job-id', '1323', '--pool', 'default_pool', '--raw', '--subdir', 'DAGS_FOLDER/create_dag_with_python_operator.py', '--cfg-path', '/tmp/tmp7leagy8g', '--error-file', '/tmp/tmp0sl9dneq']
[2024-06-24 12:55:39,266] {standard_task_runner.py:77} INFO - Job 1323: Subtask get_age
[2024-06-24 12:55:39,512] {logging_mixin.py:104} INFO - Running <TaskInstance: our_dag_with_python_operator_v07.get_age 2021-12-29T00:00:00+00:00 [running]> on host 799b1e36e3f1
[2024-06-24 12:55:39,731] {taskinstance.py:1257} INFO - Exporting the following env vars:
AIRFLOW_CTX_DAG_OWNER=coder2j
AIRFLOW_CTX_DAG_ID=our_dag_with_python_operator_v07
AIRFLOW_CTX_TASK_ID=get_age
AIRFLOW_CTX_EXECUTION_DATE=2021-12-29T00:00:00+00:00
AIRFLOW_CTX_DAG_RUN_ID=scheduled__2021-12-29T00:00:00+00:00
[2024-06-24 12:55:39,833] {python.py:118} INFO - Done. Returned value was: None
[2024-06-24 12:55:39,935] {taskinstance.py:1166} INFO - Marking task as SUCCESS. dag_id=our_dag_with_python_operator_v07, task_id=get_age, execution_date=20211229T000000, start_date=20240624T125539, end_date=20240624T125539
[2024-06-24 12:55:40,169] {taskinstance.py:1220} INFO - 0 downstream tasks scheduled from follow-on schedule check
[2024-06-24 12:55:40,200] {local_task_job.py:146} INFO - Task exited with return code 0
