[2024-06-24 14:54:24,634] {taskinstance.py:851} INFO - Dependencies all met for <TaskInstance: our_dag_with_python_operator_v07.greet 2023-12-14T00:00:00+00:00 [queued]>
[2024-06-24 14:54:24,914] {taskinstance.py:851} INFO - Dependencies all met for <TaskInstance: our_dag_with_python_operator_v07.greet 2023-12-14T00:00:00+00:00 [queued]>
[2024-06-24 14:54:24,940] {taskinstance.py:1042} INFO - 
--------------------------------------------------------------------------------
[2024-06-24 14:54:24,944] {taskinstance.py:1043} INFO - Starting attempt 1 of 6
[2024-06-24 14:54:24,952] {taskinstance.py:1044} INFO - 
--------------------------------------------------------------------------------
[2024-06-24 14:54:25,267] {taskinstance.py:1063} INFO - Executing <Task(PythonOperator): greet> on 2023-12-14T00:00:00+00:00
[2024-06-24 14:54:25,384] {standard_task_runner.py:52} INFO - Started process 26684 to run task
[2024-06-24 14:54:25,494] {standard_task_runner.py:76} INFO - Running: ['airflow', 'tasks', 'run', 'our_dag_with_python_operator_v07', 'greet', '2023-12-14T00:00:00+00:00', '--job-id', '9734', '--pool', 'default_pool', '--raw', '--subdir', 'DAGS_FOLDER/create_dag_with_python_operator.py', '--cfg-path', '/tmp/tmp5wlfwzp5', '--error-file', '/tmp/tmpo4j1o13u']
[2024-06-24 14:54:25,583] {standard_task_runner.py:77} INFO - Job 9734: Subtask greet
[2024-06-24 14:54:28,381] {logging_mixin.py:104} INFO - Running <TaskInstance: our_dag_with_python_operator_v07.greet 2023-12-14T00:00:00+00:00 [running]> on host 799b1e36e3f1
[2024-06-24 14:54:28,796] {taskinstance.py:1257} INFO - Exporting the following env vars:
AIRFLOW_CTX_DAG_OWNER=coder2j
AIRFLOW_CTX_DAG_ID=our_dag_with_python_operator_v07
AIRFLOW_CTX_TASK_ID=greet
AIRFLOW_CTX_EXECUTION_DATE=2023-12-14T00:00:00+00:00
AIRFLOW_CTX_DAG_RUN_ID=scheduled__2023-12-14T00:00:00+00:00
[2024-06-24 14:54:28,800] {logging_mixin.py:104} INFO - some dict:  {'a': 1, 'b': 2}
[2024-06-24 14:54:29,155] {logging_mixin.py:104} INFO - Hello World! My name is Jerry Fridman, and I am 19 years old!
[2024-06-24 14:54:29,182] {python.py:118} INFO - Done. Returned value was: None
[2024-06-24 14:54:29,241] {taskinstance.py:1166} INFO - Marking task as SUCCESS. dag_id=our_dag_with_python_operator_v07, task_id=greet, execution_date=20231214T000000, start_date=20240624T145424, end_date=20240624T145429
[2024-06-24 14:54:29,408] {taskinstance.py:1220} INFO - 0 downstream tasks scheduled from follow-on schedule check
[2024-06-24 14:54:29,467] {local_task_job.py:146} INFO - Task exited with return code 0
