[2024-06-24 14:28:41,180] {taskinstance.py:851} INFO - Dependencies all met for <TaskInstance: dag_with_taskflow_api_v02.greet 2023-05-22T00:00:00+00:00 [queued]>
[2024-06-24 14:28:41,263] {taskinstance.py:851} INFO - Dependencies all met for <TaskInstance: dag_with_taskflow_api_v02.greet 2023-05-22T00:00:00+00:00 [queued]>
[2024-06-24 14:28:41,269] {taskinstance.py:1042} INFO - 
--------------------------------------------------------------------------------
[2024-06-24 14:28:41,286] {taskinstance.py:1043} INFO - Starting attempt 1 of 6
[2024-06-24 14:28:41,292] {taskinstance.py:1044} INFO - 
--------------------------------------------------------------------------------
[2024-06-24 14:28:41,409] {taskinstance.py:1063} INFO - Executing <Task(_PythonDecoratedOperator): greet> on 2023-05-22T00:00:00+00:00
[2024-06-24 14:28:41,436] {standard_task_runner.py:52} INFO - Started process 16392 to run task
[2024-06-24 14:28:41,456] {standard_task_runner.py:76} INFO - Running: ['airflow', 'tasks', 'run', 'dag_with_taskflow_api_v02', 'greet', '2023-05-22T00:00:00+00:00', '--job-id', '7173', '--pool', 'default_pool', '--raw', '--subdir', 'DAGS_FOLDER/dag_with_taskflow_api.py', '--cfg-path', '/tmp/tmp3p_p0ing', '--error-file', '/tmp/tmpuwwkenjl']
[2024-06-24 14:28:41,475] {standard_task_runner.py:77} INFO - Job 7173: Subtask greet
[2024-06-24 14:28:41,649] {logging_mixin.py:104} INFO - Running <TaskInstance: dag_with_taskflow_api_v02.greet 2023-05-22T00:00:00+00:00 [running]> on host 799b1e36e3f1
[2024-06-24 14:28:42,126] {taskinstance.py:1257} INFO - Exporting the following env vars:
AIRFLOW_CTX_DAG_OWNER=coder2j
AIRFLOW_CTX_DAG_ID=dag_with_taskflow_api_v02
AIRFLOW_CTX_TASK_ID=greet
AIRFLOW_CTX_EXECUTION_DATE=2023-05-22T00:00:00+00:00
AIRFLOW_CTX_DAG_RUN_ID=scheduled__2023-05-22T00:00:00+00:00
[2024-06-24 14:28:42,129] {logging_mixin.py:104} INFO - Hello World! My name is Jerry Fridman and I am 19 years old!
[2024-06-24 14:28:42,168] {taskinstance.py:1166} INFO - Marking task as SUCCESS. dag_id=dag_with_taskflow_api_v02, task_id=greet, execution_date=20230522T000000, start_date=20240624T142841, end_date=20240624T142842
[2024-06-24 14:28:42,382] {taskinstance.py:1220} INFO - 0 downstream tasks scheduled from follow-on schedule check
[2024-06-24 14:28:42,484] {local_task_job.py:146} INFO - Task exited with return code 0
