[2024-06-24 14:25:16,903] {taskinstance.py:851} INFO - Dependencies all met for <TaskInstance: our_first_dag_v5.thrid_task 2022-11-13T00:00:00+00:00 [queued]>
[2024-06-24 14:25:16,925] {taskinstance.py:851} INFO - Dependencies all met for <TaskInstance: our_first_dag_v5.thrid_task 2022-11-13T00:00:00+00:00 [queued]>
[2024-06-24 14:25:16,934] {taskinstance.py:1042} INFO - 
--------------------------------------------------------------------------------
[2024-06-24 14:25:16,935] {taskinstance.py:1043} INFO - Starting attempt 1 of 6
[2024-06-24 14:25:16,937] {taskinstance.py:1044} INFO - 
--------------------------------------------------------------------------------
[2024-06-24 14:25:16,990] {taskinstance.py:1063} INFO - Executing <Task(BashOperator): thrid_task> on 2022-11-13T00:00:00+00:00
[2024-06-24 14:25:17,007] {standard_task_runner.py:52} INFO - Started process 10964 to run task
[2024-06-24 14:25:17,032] {standard_task_runner.py:76} INFO - Running: ['airflow', 'tasks', 'run', 'our_first_dag_v5', 'thrid_task', '2022-11-13T00:00:00+00:00', '--job-id', '5713', '--pool', 'default_pool', '--raw', '--subdir', 'DAGS_FOLDER/our_first_dag.py', '--cfg-path', '/tmp/tmpaz6tyl8p', '--error-file', '/tmp/tmp4rc2r4rc']
[2024-06-24 14:25:17,058] {standard_task_runner.py:77} INFO - Job 5713: Subtask thrid_task
[2024-06-24 14:25:17,215] {logging_mixin.py:104} INFO - Running <TaskInstance: our_first_dag_v5.thrid_task 2022-11-13T00:00:00+00:00 [running]> on host 799b1e36e3f1
[2024-06-24 14:25:17,410] {taskinstance.py:1257} INFO - Exporting the following env vars:
AIRFLOW_CTX_DAG_OWNER=coder2j
AIRFLOW_CTX_DAG_ID=our_first_dag_v5
AIRFLOW_CTX_TASK_ID=thrid_task
AIRFLOW_CTX_EXECUTION_DATE=2022-11-13T00:00:00+00:00
AIRFLOW_CTX_DAG_RUN_ID=scheduled__2022-11-13T00:00:00+00:00
[2024-06-24 14:25:17,411] {bash.py:135} INFO - Tmp dir root location: 
 /tmp
[2024-06-24 14:25:17,417] {bash.py:158} INFO - Running command: echo hey, I am task3 and will be running after task1 at the same time as task2!
[2024-06-24 14:25:17,443] {bash.py:169} INFO - Output:
[2024-06-24 14:25:17,448] {bash.py:173} INFO - hey, I am task3 and will be running after task1 at the same time as task2!
[2024-06-24 14:25:17,459] {bash.py:177} INFO - Command exited with return code 0
[2024-06-24 14:25:17,649] {taskinstance.py:1166} INFO - Marking task as SUCCESS. dag_id=our_first_dag_v5, task_id=thrid_task, execution_date=20221113T000000, start_date=20240624T142516, end_date=20240624T142517
[2024-06-24 14:25:17,749] {taskinstance.py:1220} INFO - 0 downstream tasks scheduled from follow-on schedule check
[2024-06-24 14:25:17,809] {local_task_job.py:146} INFO - Task exited with return code 0
