[2024-08-01 17:19:54,940] {taskinstance.py:851} INFO - Dependencies all met for <TaskInstance: our_first_dag_v5.second_task 2024-07-28T00:00:00+00:00 [queued]>
[2024-08-01 17:19:55,403] {taskinstance.py:851} INFO - Dependencies all met for <TaskInstance: our_first_dag_v5.second_task 2024-07-28T00:00:00+00:00 [queued]>
[2024-08-01 17:19:55,406] {taskinstance.py:1042} INFO - 
--------------------------------------------------------------------------------
[2024-08-01 17:19:55,407] {taskinstance.py:1043} INFO - Starting attempt 1 of 6
[2024-08-01 17:19:55,409] {taskinstance.py:1044} INFO - 
--------------------------------------------------------------------------------
[2024-08-01 17:19:55,610] {taskinstance.py:1063} INFO - Executing <Task(BashOperator): second_task> on 2024-07-28T00:00:00+00:00
[2024-08-01 17:19:55,642] {standard_task_runner.py:52} INFO - Started process 311 to run task
[2024-08-01 17:19:55,665] {standard_task_runner.py:76} INFO - Running: ['airflow', 'tasks', 'run', 'our_first_dag_v5', 'second_task', '2024-07-28T00:00:00+00:00', '--job-id', '12620', '--pool', 'default_pool', '--raw', '--subdir', 'DAGS_FOLDER/our_first_dag.py', '--cfg-path', '/tmp/tmpzyvd_a2z', '--error-file', '/tmp/tmp67_07a_c']
[2024-08-01 17:19:55,686] {standard_task_runner.py:77} INFO - Job 12620: Subtask second_task
[2024-08-01 17:19:57,317] {logging_mixin.py:104} INFO - Running <TaskInstance: our_first_dag_v5.second_task 2024-07-28T00:00:00+00:00 [running]> on host 799b1e36e3f1
[2024-08-01 17:19:58,701] {taskinstance.py:1257} INFO - Exporting the following env vars:
AIRFLOW_CTX_DAG_OWNER=coder2j
AIRFLOW_CTX_DAG_ID=our_first_dag_v5
AIRFLOW_CTX_TASK_ID=second_task
AIRFLOW_CTX_EXECUTION_DATE=2024-07-28T00:00:00+00:00
AIRFLOW_CTX_DAG_RUN_ID=scheduled__2024-07-28T00:00:00+00:00
[2024-08-01 17:19:58,717] {bash.py:135} INFO - Tmp dir root location: 
 /tmp
[2024-08-01 17:19:58,726] {bash.py:158} INFO - Running command: echo hey, I am task2 and will be running after task1!
[2024-08-01 17:19:59,150] {bash.py:169} INFO - Output:
[2024-08-01 17:19:59,169] {bash.py:173} INFO - hey, I am task2 and will be running after task1!
[2024-08-01 17:19:59,173] {bash.py:177} INFO - Command exited with return code 0
[2024-08-01 17:19:59,572] {taskinstance.py:1166} INFO - Marking task as SUCCESS. dag_id=our_first_dag_v5, task_id=second_task, execution_date=20240728T000000, start_date=20240801T171954, end_date=20240801T171959
[2024-08-01 17:20:00,666] {taskinstance.py:1220} INFO - 0 downstream tasks scheduled from follow-on schedule check
[2024-08-01 17:20:01,242] {local_task_job.py:146} INFO - Task exited with return code 0
