[2024-06-24 14:28:30,521] {taskinstance.py:851} INFO - Dependencies all met for <TaskInstance: dag_with_taskflow_api_v02.get_age 2023-05-11T00:00:00+00:00 [queued]>
[2024-06-24 14:28:30,621] {taskinstance.py:851} INFO - Dependencies all met for <TaskInstance: dag_with_taskflow_api_v02.get_age 2023-05-11T00:00:00+00:00 [queued]>
[2024-06-24 14:28:30,631] {taskinstance.py:1042} INFO - 
--------------------------------------------------------------------------------
[2024-06-24 14:28:30,632] {taskinstance.py:1043} INFO - Starting attempt 1 of 6
[2024-06-24 14:28:30,633] {taskinstance.py:1044} INFO - 
--------------------------------------------------------------------------------
[2024-06-24 14:28:30,745] {taskinstance.py:1063} INFO - Executing <Task(_PythonDecoratedOperator): get_age> on 2023-05-11T00:00:00+00:00
[2024-06-24 14:28:30,772] {standard_task_runner.py:52} INFO - Started process 16136 to run task
[2024-06-24 14:28:30,781] {standard_task_runner.py:76} INFO - Running: ['airflow', 'tasks', 'run', 'dag_with_taskflow_api_v02', 'get_age', '2023-05-11T00:00:00+00:00', '--job-id', '7083', '--pool', 'default_pool', '--raw', '--subdir', 'DAGS_FOLDER/dag_with_taskflow_api.py', '--cfg-path', '/tmp/tmpd13hq2jo', '--error-file', '/tmp/tmpabw57o3y']
[2024-06-24 14:28:30,793] {standard_task_runner.py:77} INFO - Job 7083: Subtask get_age
[2024-06-24 14:28:30,920] {logging_mixin.py:104} INFO - Running <TaskInstance: dag_with_taskflow_api_v02.get_age 2023-05-11T00:00:00+00:00 [running]> on host 799b1e36e3f1
[2024-06-24 14:28:31,112] {taskinstance.py:1257} INFO - Exporting the following env vars:
AIRFLOW_CTX_DAG_OWNER=coder2j
AIRFLOW_CTX_DAG_ID=dag_with_taskflow_api_v02
AIRFLOW_CTX_TASK_ID=get_age
AIRFLOW_CTX_EXECUTION_DATE=2023-05-11T00:00:00+00:00
AIRFLOW_CTX_DAG_RUN_ID=scheduled__2023-05-11T00:00:00+00:00
[2024-06-24 14:28:31,277] {taskinstance.py:1166} INFO - Marking task as SUCCESS. dag_id=dag_with_taskflow_api_v02, task_id=get_age, execution_date=20230511T000000, start_date=20240624T142830, end_date=20240624T142831
[2024-06-24 14:28:31,423] {taskinstance.py:1220} INFO - 0 downstream tasks scheduled from follow-on schedule check
[2024-06-24 14:28:31,465] {local_task_job.py:146} INFO - Task exited with return code 0
