[2024-06-24 12:53:14,872] {taskinstance.py:851} INFO - Dependencies all met for <TaskInstance: our_dag_with_python_operator_v07.greet 2021-11-04T00:00:00+00:00 [queued]>
[2024-06-24 12:53:14,915] {taskinstance.py:851} INFO - Dependencies all met for <TaskInstance: our_dag_with_python_operator_v07.greet 2021-11-04T00:00:00+00:00 [queued]>
[2024-06-24 12:53:14,917] {taskinstance.py:1042} INFO - 
--------------------------------------------------------------------------------
[2024-06-24 12:53:14,919] {taskinstance.py:1043} INFO - Starting attempt 1 of 6
[2024-06-24 12:53:14,920] {taskinstance.py:1044} INFO - 
--------------------------------------------------------------------------------
[2024-06-24 12:53:14,982] {taskinstance.py:1063} INFO - Executing <Task(PythonOperator): greet> on 2021-11-04T00:00:00+00:00
[2024-06-24 12:53:15,025] {standard_task_runner.py:52} INFO - Started process 28404 to run task
[2024-06-24 12:53:15,070] {standard_task_runner.py:76} INFO - Running: ['airflow', 'tasks', 'run', 'our_dag_with_python_operator_v07', 'greet', '2021-11-04T00:00:00+00:00', '--job-id', '731', '--pool', 'default_pool', '--raw', '--subdir', 'DAGS_FOLDER/create_dag_with_python_operator.py', '--cfg-path', '/tmp/tmp1jlgd562', '--error-file', '/tmp/tmpbky5jbza']
[2024-06-24 12:53:15,096] {standard_task_runner.py:77} INFO - Job 731: Subtask greet
[2024-06-24 12:53:15,639] {logging_mixin.py:104} INFO - Running <TaskInstance: our_dag_with_python_operator_v07.greet 2021-11-04T00:00:00+00:00 [running]> on host 799b1e36e3f1
[2024-06-24 12:53:16,434] {taskinstance.py:1257} INFO - Exporting the following env vars:
AIRFLOW_CTX_DAG_OWNER=coder2j
AIRFLOW_CTX_DAG_ID=our_dag_with_python_operator_v07
AIRFLOW_CTX_TASK_ID=greet
AIRFLOW_CTX_EXECUTION_DATE=2021-11-04T00:00:00+00:00
AIRFLOW_CTX_DAG_RUN_ID=scheduled__2021-11-04T00:00:00+00:00
[2024-06-24 12:53:16,482] {logging_mixin.py:104} INFO - some dict:  {'a': 1, 'b': 2}
[2024-06-24 12:53:16,661] {logging_mixin.py:104} INFO - Hello World! My name is Jerry Fridman, and I am 19 years old!
[2024-06-24 12:53:16,670] {python.py:118} INFO - Done. Returned value was: None
[2024-06-24 12:53:16,804] {taskinstance.py:1166} INFO - Marking task as SUCCESS. dag_id=our_dag_with_python_operator_v07, task_id=greet, execution_date=20211104T000000, start_date=20240624T125314, end_date=20240624T125316
[2024-06-24 12:53:17,102] {taskinstance.py:1220} INFO - 0 downstream tasks scheduled from follow-on schedule check
[2024-06-24 12:53:17,204] {local_task_job.py:146} INFO - Task exited with return code 0
