[2024-06-24 12:55:49,948] {taskinstance.py:851} INFO - Dependencies all met for <TaskInstance: dag_with_python_dependencies_v03.get_sklearn 2021-12-27T00:00:00+00:00 [queued]>
[2024-06-24 12:55:50,221] {taskinstance.py:851} INFO - Dependencies all met for <TaskInstance: dag_with_python_dependencies_v03.get_sklearn 2021-12-27T00:00:00+00:00 [queued]>
[2024-06-24 12:55:50,236] {taskinstance.py:1042} INFO - 
--------------------------------------------------------------------------------
[2024-06-24 12:55:50,246] {taskinstance.py:1043} INFO - Starting attempt 1 of 1
[2024-06-24 12:55:50,253] {taskinstance.py:1044} INFO - 
--------------------------------------------------------------------------------
[2024-06-24 12:55:50,359] {taskinstance.py:1063} INFO - Executing <Task(PythonOperator): get_sklearn> on 2021-12-27T00:00:00+00:00
[2024-06-24 12:55:50,389] {standard_task_runner.py:52} INFO - Started process 31041 to run task
[2024-06-24 12:55:50,407] {standard_task_runner.py:76} INFO - Running: ['airflow', 'tasks', 'run', 'dag_with_python_dependencies_v03', 'get_sklearn', '2021-12-27T00:00:00+00:00', '--job-id', '1365', '--pool', 'default_pool', '--raw', '--subdir', 'DAGS_FOLDER/dag_with_python_dependencies.py', '--cfg-path', '/tmp/tmptl6lznve', '--error-file', '/tmp/tmpi5bg68hm']
[2024-06-24 12:55:50,427] {standard_task_runner.py:77} INFO - Job 1365: Subtask get_sklearn
[2024-06-24 12:55:50,703] {logging_mixin.py:104} INFO - Running <TaskInstance: dag_with_python_dependencies_v03.get_sklearn 2021-12-27T00:00:00+00:00 [running]> on host 799b1e36e3f1
[2024-06-24 12:55:51,067] {taskinstance.py:1257} INFO - Exporting the following env vars:
AIRFLOW_CTX_DAG_OWNER=coder2j
AIRFLOW_CTX_DAG_ID=dag_with_python_dependencies_v03
AIRFLOW_CTX_TASK_ID=get_sklearn
AIRFLOW_CTX_EXECUTION_DATE=2021-12-27T00:00:00+00:00
AIRFLOW_CTX_DAG_RUN_ID=scheduled__2021-12-27T00:00:00+00:00
[2024-06-24 12:55:58,406] {logging_mixin.py:104} INFO - sklearn with version: 0.24.2
[2024-06-24 12:55:58,408] {python.py:118} INFO - Done. Returned value was: None
[2024-06-24 12:55:58,501] {taskinstance.py:1166} INFO - Marking task as SUCCESS. dag_id=dag_with_python_dependencies_v03, task_id=get_sklearn, execution_date=20211227T000000, start_date=20240624T125549, end_date=20240624T125558
[2024-06-24 12:55:58,778] {taskinstance.py:1220} INFO - 1 downstream tasks scheduled from follow-on schedule check
[2024-06-24 12:55:58,959] {local_task_job.py:146} INFO - Task exited with return code 0
