[2024-06-24 14:28:13,146] {taskinstance.py:851} INFO - Dependencies all met for <TaskInstance: our_dag_with_python_operator_v07.greet 2023-05-01T00:00:00+00:00 [queued]>
[2024-06-24 14:28:13,278] {taskinstance.py:851} INFO - Dependencies all met for <TaskInstance: our_dag_with_python_operator_v07.greet 2023-05-01T00:00:00+00:00 [queued]>
[2024-06-24 14:28:13,283] {taskinstance.py:1042} INFO - 
--------------------------------------------------------------------------------
[2024-06-24 14:28:13,285] {taskinstance.py:1043} INFO - Starting attempt 1 of 6
[2024-06-24 14:28:13,292] {taskinstance.py:1044} INFO - 
--------------------------------------------------------------------------------
[2024-06-24 14:28:13,354] {taskinstance.py:1063} INFO - Executing <Task(PythonOperator): greet> on 2023-05-01T00:00:00+00:00
[2024-06-24 14:28:13,365] {standard_task_runner.py:52} INFO - Started process 15681 to run task
[2024-06-24 14:28:13,425] {standard_task_runner.py:76} INFO - Running: ['airflow', 'tasks', 'run', 'our_dag_with_python_operator_v07', 'greet', '2023-05-01T00:00:00+00:00', '--job-id', '6964', '--pool', 'default_pool', '--raw', '--subdir', 'DAGS_FOLDER/create_dag_with_python_operator.py', '--cfg-path', '/tmp/tmpm651k34j', '--error-file', '/tmp/tmph5_q2g2a']
[2024-06-24 14:28:13,465] {standard_task_runner.py:77} INFO - Job 6964: Subtask greet
[2024-06-24 14:28:13,735] {logging_mixin.py:104} INFO - Running <TaskInstance: our_dag_with_python_operator_v07.greet 2023-05-01T00:00:00+00:00 [running]> on host 799b1e36e3f1
[2024-06-24 14:28:14,010] {taskinstance.py:1257} INFO - Exporting the following env vars:
AIRFLOW_CTX_DAG_OWNER=coder2j
AIRFLOW_CTX_DAG_ID=our_dag_with_python_operator_v07
AIRFLOW_CTX_TASK_ID=greet
AIRFLOW_CTX_EXECUTION_DATE=2023-05-01T00:00:00+00:00
AIRFLOW_CTX_DAG_RUN_ID=scheduled__2023-05-01T00:00:00+00:00
[2024-06-24 14:28:14,013] {logging_mixin.py:104} INFO - some dict:  {'a': 1, 'b': 2}
[2024-06-24 14:28:14,294] {logging_mixin.py:104} INFO - Hello World! My name is Jerry Fridman, and I am 19 years old!
[2024-06-24 14:28:14,295] {python.py:118} INFO - Done. Returned value was: None
[2024-06-24 14:28:14,343] {taskinstance.py:1166} INFO - Marking task as SUCCESS. dag_id=our_dag_with_python_operator_v07, task_id=greet, execution_date=20230501T000000, start_date=20240624T142813, end_date=20240624T142814
[2024-06-24 14:28:14,440] {taskinstance.py:1220} INFO - 0 downstream tasks scheduled from follow-on schedule check
[2024-06-24 14:28:14,496] {local_task_job.py:146} INFO - Task exited with return code 0
