[2024-06-24 12:55:08,893] {taskinstance.py:851} INFO - Dependencies all met for <TaskInstance: our_dag_with_python_operator_v07.get_age 2021-12-11T00:00:00+00:00 [queued]>
[2024-06-24 12:55:09,014] {taskinstance.py:851} INFO - Dependencies all met for <TaskInstance: our_dag_with_python_operator_v07.get_age 2021-12-11T00:00:00+00:00 [queued]>
[2024-06-24 12:55:09,029] {taskinstance.py:1042} INFO - 
--------------------------------------------------------------------------------
[2024-06-24 12:55:09,040] {taskinstance.py:1043} INFO - Starting attempt 1 of 6
[2024-06-24 12:55:09,041] {taskinstance.py:1044} INFO - 
--------------------------------------------------------------------------------
[2024-06-24 12:55:09,211] {taskinstance.py:1063} INFO - Executing <Task(PythonOperator): get_age> on 2021-12-11T00:00:00+00:00
[2024-06-24 12:55:09,265] {standard_task_runner.py:52} INFO - Started process 30338 to run task
[2024-06-24 12:55:09,301] {standard_task_runner.py:76} INFO - Running: ['airflow', 'tasks', 'run', 'our_dag_with_python_operator_v07', 'get_age', '2021-12-11T00:00:00+00:00', '--job-id', '1200', '--pool', 'default_pool', '--raw', '--subdir', 'DAGS_FOLDER/create_dag_with_python_operator.py', '--cfg-path', '/tmp/tmpz7sd53j1', '--error-file', '/tmp/tmpngywnksz']
[2024-06-24 12:55:09,317] {standard_task_runner.py:77} INFO - Job 1200: Subtask get_age
[2024-06-24 12:55:09,706] {logging_mixin.py:104} INFO - Running <TaskInstance: our_dag_with_python_operator_v07.get_age 2021-12-11T00:00:00+00:00 [running]> on host 799b1e36e3f1
[2024-06-24 12:55:10,072] {taskinstance.py:1257} INFO - Exporting the following env vars:
AIRFLOW_CTX_DAG_OWNER=coder2j
AIRFLOW_CTX_DAG_ID=our_dag_with_python_operator_v07
AIRFLOW_CTX_TASK_ID=get_age
AIRFLOW_CTX_EXECUTION_DATE=2021-12-11T00:00:00+00:00
AIRFLOW_CTX_DAG_RUN_ID=scheduled__2021-12-11T00:00:00+00:00
[2024-06-24 12:55:10,651] {python.py:118} INFO - Done. Returned value was: None
[2024-06-24 12:55:10,755] {taskinstance.py:1166} INFO - Marking task as SUCCESS. dag_id=our_dag_with_python_operator_v07, task_id=get_age, execution_date=20211211T000000, start_date=20240624T125508, end_date=20240624T125510
[2024-06-24 12:55:11,205] {taskinstance.py:1220} INFO - 0 downstream tasks scheduled from follow-on schedule check
[2024-06-24 12:55:11,346] {local_task_job.py:146} INFO - Task exited with return code 0
