[2024-06-24 14:27:58,300] {taskinstance.py:851} INFO - Dependencies all met for <TaskInstance: dag_with_python_dependencies_v03.get_sklearn 2023-02-18T00:00:00+00:00 [queued]>
[2024-06-24 14:27:58,370] {taskinstance.py:851} INFO - Dependencies all met for <TaskInstance: dag_with_python_dependencies_v03.get_sklearn 2023-02-18T00:00:00+00:00 [queued]>
[2024-06-24 14:27:58,375] {taskinstance.py:1042} INFO - 
--------------------------------------------------------------------------------
[2024-06-24 14:27:58,376] {taskinstance.py:1043} INFO - Starting attempt 1 of 1
[2024-06-24 14:27:58,378] {taskinstance.py:1044} INFO - 
--------------------------------------------------------------------------------
[2024-06-24 14:27:58,427] {taskinstance.py:1063} INFO - Executing <Task(PythonOperator): get_sklearn> on 2023-02-18T00:00:00+00:00
[2024-06-24 14:27:58,442] {standard_task_runner.py:52} INFO - Started process 15310 to run task
[2024-06-24 14:27:58,454] {standard_task_runner.py:76} INFO - Running: ['airflow', 'tasks', 'run', 'dag_with_python_dependencies_v03', 'get_sklearn', '2023-02-18T00:00:00+00:00', '--job-id', '6867', '--pool', 'default_pool', '--raw', '--subdir', 'DAGS_FOLDER/dag_with_python_dependencies.py', '--cfg-path', '/tmp/tmp67azlv8c', '--error-file', '/tmp/tmp9hro1zoe']
[2024-06-24 14:27:58,470] {standard_task_runner.py:77} INFO - Job 6867: Subtask get_sklearn
[2024-06-24 14:27:58,990] {logging_mixin.py:104} INFO - Running <TaskInstance: dag_with_python_dependencies_v03.get_sklearn 2023-02-18T00:00:00+00:00 [running]> on host 799b1e36e3f1
[2024-06-24 14:27:59,510] {taskinstance.py:1257} INFO - Exporting the following env vars:
AIRFLOW_CTX_DAG_OWNER=coder2j
AIRFLOW_CTX_DAG_ID=dag_with_python_dependencies_v03
AIRFLOW_CTX_TASK_ID=get_sklearn
AIRFLOW_CTX_EXECUTION_DATE=2023-02-18T00:00:00+00:00
AIRFLOW_CTX_DAG_RUN_ID=scheduled__2023-02-18T00:00:00+00:00
[2024-06-24 14:28:01,300] {logging_mixin.py:104} INFO - sklearn with version: 0.24.2
[2024-06-24 14:28:01,301] {python.py:118} INFO - Done. Returned value was: None
[2024-06-24 14:28:01,314] {taskinstance.py:1166} INFO - Marking task as SUCCESS. dag_id=dag_with_python_dependencies_v03, task_id=get_sklearn, execution_date=20230218T000000, start_date=20240624T142758, end_date=20240624T142801
[2024-06-24 14:28:01,358] {taskinstance.py:1220} INFO - 1 downstream tasks scheduled from follow-on schedule check
[2024-06-24 14:28:01,383] {local_task_job.py:146} INFO - Task exited with return code 0
