[2024-06-24 15:04:03,365] {taskinstance.py:851} INFO - Dependencies all met for <TaskInstance: our_dag_with_python_operator_v07.greet 2024-04-15T00:00:00+00:00 [queued]>
[2024-06-24 15:04:03,404] {taskinstance.py:851} INFO - Dependencies all met for <TaskInstance: our_dag_with_python_operator_v07.greet 2024-04-15T00:00:00+00:00 [queued]>
[2024-06-24 15:04:03,406] {taskinstance.py:1042} INFO - 
--------------------------------------------------------------------------------
[2024-06-24 15:04:03,414] {taskinstance.py:1043} INFO - Starting attempt 1 of 6
[2024-06-24 15:04:03,415] {taskinstance.py:1044} INFO - 
--------------------------------------------------------------------------------
[2024-06-24 15:04:03,753] {taskinstance.py:1063} INFO - Executing <Task(PythonOperator): greet> on 2024-04-15T00:00:00+00:00
[2024-06-24 15:04:03,761] {standard_task_runner.py:52} INFO - Started process 31623 to run task
[2024-06-24 15:04:03,768] {standard_task_runner.py:76} INFO - Running: ['airflow', 'tasks', 'run', 'our_dag_with_python_operator_v07', 'greet', '2024-04-15T00:00:00+00:00', '--job-id', '10980', '--pool', 'default_pool', '--raw', '--subdir', 'DAGS_FOLDER/create_dag_with_python_operator.py', '--cfg-path', '/tmp/tmp344ku1s7', '--error-file', '/tmp/tmpik565_9s']
[2024-06-24 15:04:03,796] {standard_task_runner.py:77} INFO - Job 10980: Subtask greet
[2024-06-24 15:04:04,004] {logging_mixin.py:104} INFO - Running <TaskInstance: our_dag_with_python_operator_v07.greet 2024-04-15T00:00:00+00:00 [running]> on host 799b1e36e3f1
[2024-06-24 15:04:04,290] {taskinstance.py:1257} INFO - Exporting the following env vars:
AIRFLOW_CTX_DAG_OWNER=coder2j
AIRFLOW_CTX_DAG_ID=our_dag_with_python_operator_v07
AIRFLOW_CTX_TASK_ID=greet
AIRFLOW_CTX_EXECUTION_DATE=2024-04-15T00:00:00+00:00
AIRFLOW_CTX_DAG_RUN_ID=scheduled__2024-04-15T00:00:00+00:00
[2024-06-24 15:04:04,328] {logging_mixin.py:104} INFO - some dict:  {'a': 1, 'b': 2}
[2024-06-24 15:04:04,474] {logging_mixin.py:104} INFO - Hello World! My name is Jerry Fridman, and I am 19 years old!
[2024-06-24 15:04:04,477] {python.py:118} INFO - Done. Returned value was: None
[2024-06-24 15:04:04,515] {taskinstance.py:1166} INFO - Marking task as SUCCESS. dag_id=our_dag_with_python_operator_v07, task_id=greet, execution_date=20240415T000000, start_date=20240624T150403, end_date=20240624T150404
[2024-06-24 15:04:04,647] {taskinstance.py:1220} INFO - 0 downstream tasks scheduled from follow-on schedule check
[2024-06-24 15:04:04,762] {local_task_job.py:146} INFO - Task exited with return code 0
