[2024-06-24 12:59:54,717] {taskinstance.py:851} INFO - Dependencies all met for <TaskInstance: dag_with_taskflow_api_v02.greet 2022-03-28T00:00:00+00:00 [queued]>
[2024-06-24 12:59:54,818] {taskinstance.py:851} INFO - Dependencies all met for <TaskInstance: dag_with_taskflow_api_v02.greet 2022-03-28T00:00:00+00:00 [queued]>
[2024-06-24 12:59:54,819] {taskinstance.py:1042} INFO - 
--------------------------------------------------------------------------------
[2024-06-24 12:59:54,821] {taskinstance.py:1043} INFO - Starting attempt 1 of 6
[2024-06-24 12:59:54,823] {taskinstance.py:1044} INFO - 
--------------------------------------------------------------------------------
[2024-06-24 12:59:54,883] {taskinstance.py:1063} INFO - Executing <Task(_PythonDecoratedOperator): greet> on 2022-03-28T00:00:00+00:00
[2024-06-24 12:59:54,926] {standard_task_runner.py:52} INFO - Started process 34906 to run task
[2024-06-24 12:59:54,967] {standard_task_runner.py:76} INFO - Running: ['airflow', 'tasks', 'run', 'dag_with_taskflow_api_v02', 'greet', '2022-03-28T00:00:00+00:00', '--job-id', '2303', '--pool', 'default_pool', '--raw', '--subdir', 'DAGS_FOLDER/dag_with_taskflow_api.py', '--cfg-path', '/tmp/tmp4r8cs_yn', '--error-file', '/tmp/tmpcuy8pd69']
[2024-06-24 12:59:54,978] {standard_task_runner.py:77} INFO - Job 2303: Subtask greet
[2024-06-24 12:59:55,325] {logging_mixin.py:104} INFO - Running <TaskInstance: dag_with_taskflow_api_v02.greet 2022-03-28T00:00:00+00:00 [running]> on host 799b1e36e3f1
[2024-06-24 12:59:55,759] {taskinstance.py:1257} INFO - Exporting the following env vars:
AIRFLOW_CTX_DAG_OWNER=coder2j
AIRFLOW_CTX_DAG_ID=dag_with_taskflow_api_v02
AIRFLOW_CTX_TASK_ID=greet
AIRFLOW_CTX_EXECUTION_DATE=2022-03-28T00:00:00+00:00
AIRFLOW_CTX_DAG_RUN_ID=scheduled__2022-03-28T00:00:00+00:00
[2024-06-24 12:59:55,769] {logging_mixin.py:104} INFO - Hello World! My name is Jerry Fridman and I am 19 years old!
[2024-06-24 12:59:55,802] {taskinstance.py:1166} INFO - Marking task as SUCCESS. dag_id=dag_with_taskflow_api_v02, task_id=greet, execution_date=20220328T000000, start_date=20240624T125954, end_date=20240624T125955
[2024-06-24 12:59:55,960] {taskinstance.py:1220} INFO - 0 downstream tasks scheduled from follow-on schedule check
[2024-06-24 12:59:55,994] {local_task_job.py:146} INFO - Task exited with return code 0
