[2024-06-24 14:41:35,090] {taskinstance.py:851} INFO - Dependencies all met for <TaskInstance: dag_with_taskflow_api_v02.get_name 2023-09-29T00:00:00+00:00 [queued]>
[2024-06-24 14:41:35,118] {taskinstance.py:851} INFO - Dependencies all met for <TaskInstance: dag_with_taskflow_api_v02.get_name 2023-09-29T00:00:00+00:00 [queued]>
[2024-06-24 14:41:35,123] {taskinstance.py:1042} INFO - 
--------------------------------------------------------------------------------
[2024-06-24 14:41:35,126] {taskinstance.py:1043} INFO - Starting attempt 1 of 6
[2024-06-24 14:41:35,128] {taskinstance.py:1044} INFO - 
--------------------------------------------------------------------------------
[2024-06-24 14:41:35,232] {taskinstance.py:1063} INFO - Executing <Task(_PythonDecoratedOperator): get_name> on 2023-09-29T00:00:00+00:00
[2024-06-24 14:41:35,240] {standard_task_runner.py:52} INFO - Started process 22814 to run task
[2024-06-24 14:41:35,253] {standard_task_runner.py:76} INFO - Running: ['airflow', 'tasks', 'run', 'dag_with_taskflow_api_v02', 'get_name', '2023-09-29T00:00:00+00:00', '--job-id', '8829', '--pool', 'default_pool', '--raw', '--subdir', 'DAGS_FOLDER/dag_with_taskflow_api.py', '--cfg-path', '/tmp/tmprk66lwy7', '--error-file', '/tmp/tmp0obiy2nl']
[2024-06-24 14:41:35,267] {standard_task_runner.py:77} INFO - Job 8829: Subtask get_name
[2024-06-24 14:41:35,477] {logging_mixin.py:104} INFO - Running <TaskInstance: dag_with_taskflow_api_v02.get_name 2023-09-29T00:00:00+00:00 [running]> on host 799b1e36e3f1
[2024-06-24 14:41:35,678] {taskinstance.py:1257} INFO - Exporting the following env vars:
AIRFLOW_CTX_DAG_OWNER=coder2j
AIRFLOW_CTX_DAG_ID=dag_with_taskflow_api_v02
AIRFLOW_CTX_TASK_ID=get_name
AIRFLOW_CTX_EXECUTION_DATE=2023-09-29T00:00:00+00:00
AIRFLOW_CTX_DAG_RUN_ID=scheduled__2023-09-29T00:00:00+00:00
[2024-06-24 14:41:35,886] {taskinstance.py:1166} INFO - Marking task as SUCCESS. dag_id=dag_with_taskflow_api_v02, task_id=get_name, execution_date=20230929T000000, start_date=20240624T144135, end_date=20240624T144135
[2024-06-24 14:41:35,974] {taskinstance.py:1220} INFO - 1 downstream tasks scheduled from follow-on schedule check
[2024-06-24 14:41:36,004] {local_task_job.py:146} INFO - Task exited with return code 0
