[2024-06-24 12:49:45,591] {taskinstance.py:851} INFO - Dependencies all met for <TaskInstance: dag_with_cron_expression_v04.task1 2021-12-02T03:00:00+00:00 [queued]>
[2024-06-24 12:49:45,621] {taskinstance.py:851} INFO - Dependencies all met for <TaskInstance: dag_with_cron_expression_v04.task1 2021-12-02T03:00:00+00:00 [queued]>
[2024-06-24 12:49:45,622] {taskinstance.py:1042} INFO - 
--------------------------------------------------------------------------------
[2024-06-24 12:49:45,623] {taskinstance.py:1043} INFO - Starting attempt 1 of 6
[2024-06-24 12:49:45,625] {taskinstance.py:1044} INFO - 
--------------------------------------------------------------------------------
[2024-06-24 12:49:45,658] {taskinstance.py:1063} INFO - Executing <Task(BashOperator): task1> on 2021-12-02T03:00:00+00:00
[2024-06-24 12:49:45,666] {standard_task_runner.py:52} INFO - Started process 25652 to run task
[2024-06-24 12:49:45,676] {standard_task_runner.py:76} INFO - Running: ['airflow', 'tasks', 'run', 'dag_with_cron_expression_v04', 'task1', '2021-12-02T03:00:00+00:00', '--job-id', '105', '--pool', 'default_pool', '--raw', '--subdir', 'DAGS_FOLDER/dag_with_cron_expression.py', '--cfg-path', '/tmp/tmp8z95ng2l', '--error-file', '/tmp/tmpt_quy16i']
[2024-06-24 12:49:45,683] {standard_task_runner.py:77} INFO - Job 105: Subtask task1
[2024-06-24 12:49:45,819] {logging_mixin.py:104} INFO - Running <TaskInstance: dag_with_cron_expression_v04.task1 2021-12-02T03:00:00+00:00 [running]> on host 799b1e36e3f1
[2024-06-24 12:49:45,922] {taskinstance.py:1257} INFO - Exporting the following env vars:
AIRFLOW_CTX_DAG_OWNER=coder2j
AIRFLOW_CTX_DAG_ID=dag_with_cron_expression_v04
AIRFLOW_CTX_TASK_ID=task1
AIRFLOW_CTX_EXECUTION_DATE=2021-12-02T03:00:00+00:00
AIRFLOW_CTX_DAG_RUN_ID=scheduled__2021-12-02T03:00:00+00:00
[2024-06-24 12:49:45,925] {bash.py:135} INFO - Tmp dir root location: 
 /tmp
[2024-06-24 12:49:45,927] {bash.py:158} INFO - Running command: echo dag with cron expression!
[2024-06-24 12:49:45,941] {bash.py:169} INFO - Output:
[2024-06-24 12:49:45,945] {bash.py:173} INFO - dag with cron expression!
[2024-06-24 12:49:45,946] {bash.py:177} INFO - Command exited with return code 0
[2024-06-24 12:49:46,001] {taskinstance.py:1166} INFO - Marking task as SUCCESS. dag_id=dag_with_cron_expression_v04, task_id=task1, execution_date=20211202T030000, start_date=20240624T124945, end_date=20240624T124946
[2024-06-24 12:49:46,075] {taskinstance.py:1220} INFO - 0 downstream tasks scheduled from follow-on schedule check
[2024-06-24 12:49:46,100] {local_task_job.py:146} INFO - Task exited with return code 0
