[2024-06-24 15:01:50,599] {taskinstance.py:851} INFO - Dependencies all met for <TaskInstance: dag_with_taskflow_api_v02.greet 2024-01-25T00:00:00+00:00 [queued]>
[2024-06-24 15:01:50,699] {taskinstance.py:851} INFO - Dependencies all met for <TaskInstance: dag_with_taskflow_api_v02.greet 2024-01-25T00:00:00+00:00 [queued]>
[2024-06-24 15:01:50,713] {taskinstance.py:1042} INFO - 
--------------------------------------------------------------------------------
[2024-06-24 15:01:50,717] {taskinstance.py:1043} INFO - Starting attempt 1 of 6
[2024-06-24 15:01:50,718] {taskinstance.py:1044} INFO - 
--------------------------------------------------------------------------------
[2024-06-24 15:01:50,855] {taskinstance.py:1063} INFO - Executing <Task(_PythonDecoratedOperator): greet> on 2024-01-25T00:00:00+00:00
[2024-06-24 15:01:50,871] {standard_task_runner.py:52} INFO - Started process 28600 to run task
[2024-06-24 15:01:50,888] {standard_task_runner.py:76} INFO - Running: ['airflow', 'tasks', 'run', 'dag_with_taskflow_api_v02', 'greet', '2024-01-25T00:00:00+00:00', '--job-id', '10187', '--pool', 'default_pool', '--raw', '--subdir', 'DAGS_FOLDER/dag_with_taskflow_api.py', '--cfg-path', '/tmp/tmpc6mn8jsw', '--error-file', '/tmp/tmpodylyx_8']
[2024-06-24 15:01:50,900] {standard_task_runner.py:77} INFO - Job 10187: Subtask greet
[2024-06-24 15:01:51,423] {logging_mixin.py:104} INFO - Running <TaskInstance: dag_with_taskflow_api_v02.greet 2024-01-25T00:00:00+00:00 [running]> on host 799b1e36e3f1
[2024-06-24 15:01:51,973] {taskinstance.py:1257} INFO - Exporting the following env vars:
AIRFLOW_CTX_DAG_OWNER=coder2j
AIRFLOW_CTX_DAG_ID=dag_with_taskflow_api_v02
AIRFLOW_CTX_TASK_ID=greet
AIRFLOW_CTX_EXECUTION_DATE=2024-01-25T00:00:00+00:00
AIRFLOW_CTX_DAG_RUN_ID=scheduled__2024-01-25T00:00:00+00:00
[2024-06-24 15:01:51,975] {logging_mixin.py:104} INFO - Hello World! My name is Jerry Fridman and I am 19 years old!
[2024-06-24 15:01:52,119] {taskinstance.py:1166} INFO - Marking task as SUCCESS. dag_id=dag_with_taskflow_api_v02, task_id=greet, execution_date=20240125T000000, start_date=20240624T150150, end_date=20240624T150152
[2024-06-24 15:01:52,371] {taskinstance.py:1220} INFO - 0 downstream tasks scheduled from follow-on schedule check
[2024-06-24 15:01:52,467] {local_task_job.py:146} INFO - Task exited with return code 0
