[2024-06-24 13:01:27,057] {taskinstance.py:851} INFO - Dependencies all met for <TaskInstance: our_dag_with_python_operator_v07.get_name 2022-04-02T00:00:00+00:00 [queued]>
[2024-06-24 13:01:27,093] {taskinstance.py:851} INFO - Dependencies all met for <TaskInstance: our_dag_with_python_operator_v07.get_name 2022-04-02T00:00:00+00:00 [queued]>
[2024-06-24 13:01:27,096] {taskinstance.py:1042} INFO - 
--------------------------------------------------------------------------------
[2024-06-24 13:01:27,102] {taskinstance.py:1043} INFO - Starting attempt 1 of 6
[2024-06-24 13:01:27,105] {taskinstance.py:1044} INFO - 
--------------------------------------------------------------------------------
[2024-06-24 13:01:27,231] {taskinstance.py:1063} INFO - Executing <Task(PythonOperator): get_name> on 2022-04-02T00:00:00+00:00
[2024-06-24 13:01:27,259] {standard_task_runner.py:52} INFO - Started process 36305 to run task
[2024-06-24 13:01:27,275] {standard_task_runner.py:76} INFO - Running: ['airflow', 'tasks', 'run', 'our_dag_with_python_operator_v07', 'get_name', '2022-04-02T00:00:00+00:00', '--job-id', '2656', '--pool', 'default_pool', '--raw', '--subdir', 'DAGS_FOLDER/create_dag_with_python_operator.py', '--cfg-path', '/tmp/tmppn8ff2j_', '--error-file', '/tmp/tmpxxoa_d7c']
[2024-06-24 13:01:27,289] {standard_task_runner.py:77} INFO - Job 2656: Subtask get_name
[2024-06-24 13:01:27,827] {logging_mixin.py:104} INFO - Running <TaskInstance: our_dag_with_python_operator_v07.get_name 2022-04-02T00:00:00+00:00 [running]> on host 799b1e36e3f1
[2024-06-24 13:01:28,263] {taskinstance.py:1257} INFO - Exporting the following env vars:
AIRFLOW_CTX_DAG_OWNER=coder2j
AIRFLOW_CTX_DAG_ID=our_dag_with_python_operator_v07
AIRFLOW_CTX_TASK_ID=get_name
AIRFLOW_CTX_EXECUTION_DATE=2022-04-02T00:00:00+00:00
AIRFLOW_CTX_DAG_RUN_ID=scheduled__2022-04-02T00:00:00+00:00
[2024-06-24 13:01:28,562] {python.py:118} INFO - Done. Returned value was: None
[2024-06-24 13:01:28,680] {taskinstance.py:1166} INFO - Marking task as SUCCESS. dag_id=our_dag_with_python_operator_v07, task_id=get_name, execution_date=20220402T000000, start_date=20240624T130127, end_date=20240624T130128
[2024-06-24 13:01:29,013] {taskinstance.py:1220} INFO - 0 downstream tasks scheduled from follow-on schedule check
[2024-06-24 13:01:29,147] {local_task_job.py:146} INFO - Task exited with return code 0
