[2024-06-24 14:26:48,770] {taskinstance.py:851} INFO - Dependencies all met for <TaskInstance: our_dag_with_python_operator_v07.greet 2023-03-15T00:00:00+00:00 [queued]>
[2024-06-24 14:26:48,797] {taskinstance.py:851} INFO - Dependencies all met for <TaskInstance: our_dag_with_python_operator_v07.greet 2023-03-15T00:00:00+00:00 [queued]>
[2024-06-24 14:26:48,801] {taskinstance.py:1042} INFO - 
--------------------------------------------------------------------------------
[2024-06-24 14:26:48,802] {taskinstance.py:1043} INFO - Starting attempt 1 of 6
[2024-06-24 14:26:48,803] {taskinstance.py:1044} INFO - 
--------------------------------------------------------------------------------
[2024-06-24 14:26:48,864] {taskinstance.py:1063} INFO - Executing <Task(PythonOperator): greet> on 2023-03-15T00:00:00+00:00
[2024-06-24 14:26:48,897] {standard_task_runner.py:52} INFO - Started process 13451 to run task
[2024-06-24 14:26:48,904] {standard_task_runner.py:76} INFO - Running: ['airflow', 'tasks', 'run', 'our_dag_with_python_operator_v07', 'greet', '2023-03-15T00:00:00+00:00', '--job-id', '6369', '--pool', 'default_pool', '--raw', '--subdir', 'DAGS_FOLDER/create_dag_with_python_operator.py', '--cfg-path', '/tmp/tmpv9mj3n2a', '--error-file', '/tmp/tmp662xn447']
[2024-06-24 14:26:48,927] {standard_task_runner.py:77} INFO - Job 6369: Subtask greet
[2024-06-24 14:26:49,148] {logging_mixin.py:104} INFO - Running <TaskInstance: our_dag_with_python_operator_v07.greet 2023-03-15T00:00:00+00:00 [running]> on host 799b1e36e3f1
[2024-06-24 14:26:49,331] {taskinstance.py:1257} INFO - Exporting the following env vars:
AIRFLOW_CTX_DAG_OWNER=coder2j
AIRFLOW_CTX_DAG_ID=our_dag_with_python_operator_v07
AIRFLOW_CTX_TASK_ID=greet
AIRFLOW_CTX_EXECUTION_DATE=2023-03-15T00:00:00+00:00
AIRFLOW_CTX_DAG_RUN_ID=scheduled__2023-03-15T00:00:00+00:00
[2024-06-24 14:26:49,336] {logging_mixin.py:104} INFO - some dict:  {'a': 1, 'b': 2}
[2024-06-24 14:26:49,460] {logging_mixin.py:104} INFO - Hello World! My name is Jerry Fridman, and I am 19 years old!
[2024-06-24 14:26:49,462] {python.py:118} INFO - Done. Returned value was: None
[2024-06-24 14:26:49,519] {taskinstance.py:1166} INFO - Marking task as SUCCESS. dag_id=our_dag_with_python_operator_v07, task_id=greet, execution_date=20230315T000000, start_date=20240624T142648, end_date=20240624T142649
[2024-06-24 14:26:49,624] {taskinstance.py:1220} INFO - 0 downstream tasks scheduled from follow-on schedule check
[2024-06-24 14:26:49,717] {local_task_job.py:146} INFO - Task exited with return code 0
