[2024-06-24 14:30:05,681] {taskinstance.py:851} INFO - Dependencies all met for <TaskInstance: our_dag_with_python_operator_v07.get_age 2023-07-31T00:00:00+00:00 [queued]>
[2024-06-24 14:30:05,723] {taskinstance.py:851} INFO - Dependencies all met for <TaskInstance: our_dag_with_python_operator_v07.get_age 2023-07-31T00:00:00+00:00 [queued]>
[2024-06-24 14:30:05,732] {taskinstance.py:1042} INFO - 
--------------------------------------------------------------------------------
[2024-06-24 14:30:05,738] {taskinstance.py:1043} INFO - Starting attempt 1 of 6
[2024-06-24 14:30:05,739] {taskinstance.py:1044} INFO - 
--------------------------------------------------------------------------------
[2024-06-24 14:30:05,796] {taskinstance.py:1063} INFO - Executing <Task(PythonOperator): get_age> on 2023-07-31T00:00:00+00:00
[2024-06-24 14:30:05,823] {standard_task_runner.py:52} INFO - Started process 18664 to run task
[2024-06-24 14:30:05,833] {standard_task_runner.py:76} INFO - Running: ['airflow', 'tasks', 'run', 'our_dag_with_python_operator_v07', 'get_age', '2023-07-31T00:00:00+00:00', '--job-id', '7781', '--pool', 'default_pool', '--raw', '--subdir', 'DAGS_FOLDER/create_dag_with_python_operator.py', '--cfg-path', '/tmp/tmp8zg5b8jz', '--error-file', '/tmp/tmpb2qzsc_0']
[2024-06-24 14:30:05,872] {standard_task_runner.py:77} INFO - Job 7781: Subtask get_age
[2024-06-24 14:30:06,219] {logging_mixin.py:104} INFO - Running <TaskInstance: our_dag_with_python_operator_v07.get_age 2023-07-31T00:00:00+00:00 [running]> on host 799b1e36e3f1
[2024-06-24 14:30:06,498] {taskinstance.py:1257} INFO - Exporting the following env vars:
AIRFLOW_CTX_DAG_OWNER=coder2j
AIRFLOW_CTX_DAG_ID=our_dag_with_python_operator_v07
AIRFLOW_CTX_TASK_ID=get_age
AIRFLOW_CTX_EXECUTION_DATE=2023-07-31T00:00:00+00:00
AIRFLOW_CTX_DAG_RUN_ID=scheduled__2023-07-31T00:00:00+00:00
[2024-06-24 14:30:06,585] {python.py:118} INFO - Done. Returned value was: None
[2024-06-24 14:30:06,712] {taskinstance.py:1166} INFO - Marking task as SUCCESS. dag_id=our_dag_with_python_operator_v07, task_id=get_age, execution_date=20230731T000000, start_date=20240624T143005, end_date=20240624T143006
[2024-06-24 14:30:06,879] {taskinstance.py:1220} INFO - 0 downstream tasks scheduled from follow-on schedule check
[2024-06-24 14:30:06,933] {local_task_job.py:146} INFO - Task exited with return code 0
