[2024-07-26 06:17:22,403] {taskinstance.py:851} INFO - Dependencies all met for <TaskInstance: dag_with_catchup_backfill_v02.task1 2024-07-25T00:00:00+00:00 [queued]>
[2024-07-26 06:17:22,520] {taskinstance.py:851} INFO - Dependencies all met for <TaskInstance: dag_with_catchup_backfill_v02.task1 2024-07-25T00:00:00+00:00 [queued]>
[2024-07-26 06:17:22,521] {taskinstance.py:1042} INFO - 
--------------------------------------------------------------------------------
[2024-07-26 06:17:22,523] {taskinstance.py:1043} INFO - Starting attempt 1 of 6
[2024-07-26 06:17:22,528] {taskinstance.py:1044} INFO - 
--------------------------------------------------------------------------------
[2024-07-26 06:17:22,700] {taskinstance.py:1063} INFO - Executing <Task(BashOperator): task1> on 2024-07-25T00:00:00+00:00
[2024-07-26 06:17:22,732] {standard_task_runner.py:52} INFO - Started process 196 to run task
[2024-07-26 06:17:22,761] {standard_task_runner.py:76} INFO - Running: ['airflow', 'tasks', 'run', 'dag_with_catchup_backfill_v02', 'task1', '2024-07-25T00:00:00+00:00', '--job-id', '12553', '--pool', 'default_pool', '--raw', '--subdir', 'DAGS_FOLDER/dag_with_catchup_and_backfill.py', '--cfg-path', '/tmp/tmpnp1xeon1', '--error-file', '/tmp/tmptneii46u']
[2024-07-26 06:17:22,776] {standard_task_runner.py:77} INFO - Job 12553: Subtask task1
[2024-07-26 06:17:23,569] {logging_mixin.py:104} INFO - Running <TaskInstance: dag_with_catchup_backfill_v02.task1 2024-07-25T00:00:00+00:00 [running]> on host 799b1e36e3f1
[2024-07-26 06:17:24,073] {taskinstance.py:1257} INFO - Exporting the following env vars:
AIRFLOW_CTX_DAG_OWNER=coder2j
AIRFLOW_CTX_DAG_ID=dag_with_catchup_backfill_v02
AIRFLOW_CTX_TASK_ID=task1
AIRFLOW_CTX_EXECUTION_DATE=2024-07-25T00:00:00+00:00
AIRFLOW_CTX_DAG_RUN_ID=scheduled__2024-07-25T00:00:00+00:00
[2024-07-26 06:17:24,090] {bash.py:135} INFO - Tmp dir root location: 
 /tmp
[2024-07-26 06:17:24,106] {bash.py:158} INFO - Running command: echo This is a simple bash command!
[2024-07-26 06:17:24,156] {bash.py:169} INFO - Output:
[2024-07-26 06:17:24,157] {bash.py:173} INFO - This is a simple bash command!
[2024-07-26 06:17:24,159] {bash.py:177} INFO - Command exited with return code 0
[2024-07-26 06:17:24,336] {taskinstance.py:1166} INFO - Marking task as SUCCESS. dag_id=dag_with_catchup_backfill_v02, task_id=task1, execution_date=20240725T000000, start_date=20240726T061722, end_date=20240726T061724
[2024-07-26 06:17:24,477] {taskinstance.py:1220} INFO - 0 downstream tasks scheduled from follow-on schedule check
[2024-07-26 06:17:24,501] {local_task_job.py:146} INFO - Task exited with return code 0
