[2024-07-04 19:07:10,341] {taskinstance.py:851} INFO - Dependencies all met for <TaskInstance: dag_with_taskflow_api_v02.greet 2024-06-26T00:00:00+00:00 [queued]>
[2024-07-04 19:07:10,403] {taskinstance.py:851} INFO - Dependencies all met for <TaskInstance: dag_with_taskflow_api_v02.greet 2024-06-26T00:00:00+00:00 [queued]>
[2024-07-04 19:07:10,404] {taskinstance.py:1042} INFO - 
--------------------------------------------------------------------------------
[2024-07-04 19:07:10,405] {taskinstance.py:1043} INFO - Starting attempt 1 of 6
[2024-07-04 19:07:10,408] {taskinstance.py:1044} INFO - 
--------------------------------------------------------------------------------
[2024-07-04 19:07:10,456] {taskinstance.py:1063} INFO - Executing <Task(_PythonDecoratedOperator): greet> on 2024-06-26T00:00:00+00:00
[2024-07-04 19:07:10,464] {standard_task_runner.py:52} INFO - Started process 310 to run task
[2024-07-04 19:07:10,513] {standard_task_runner.py:76} INFO - Running: ['airflow', 'tasks', 'run', 'dag_with_taskflow_api_v02', 'greet', '2024-06-26T00:00:00+00:00', '--job-id', '12238', '--pool', 'default_pool', '--raw', '--subdir', 'DAGS_FOLDER/dag_with_taskflow_api.py', '--cfg-path', '/tmp/tmpzy7d2xul', '--error-file', '/tmp/tmpw_l9w_ac']
[2024-07-04 19:07:10,549] {standard_task_runner.py:77} INFO - Job 12238: Subtask greet
[2024-07-04 19:07:11,101] {logging_mixin.py:104} INFO - Running <TaskInstance: dag_with_taskflow_api_v02.greet 2024-06-26T00:00:00+00:00 [running]> on host 799b1e36e3f1
[2024-07-04 19:07:11,808] {taskinstance.py:1257} INFO - Exporting the following env vars:
AIRFLOW_CTX_DAG_OWNER=coder2j
AIRFLOW_CTX_DAG_ID=dag_with_taskflow_api_v02
AIRFLOW_CTX_TASK_ID=greet
AIRFLOW_CTX_EXECUTION_DATE=2024-06-26T00:00:00+00:00
AIRFLOW_CTX_DAG_RUN_ID=scheduled__2024-06-26T00:00:00+00:00
[2024-07-04 19:07:11,823] {logging_mixin.py:104} INFO - Hello World! My name is Jerry Fridman and I am 19 years old!
[2024-07-04 19:07:11,904] {taskinstance.py:1166} INFO - Marking task as SUCCESS. dag_id=dag_with_taskflow_api_v02, task_id=greet, execution_date=20240626T000000, start_date=20240704T190710, end_date=20240704T190711
[2024-07-04 19:07:12,541] {taskinstance.py:1220} INFO - 0 downstream tasks scheduled from follow-on schedule check
[2024-07-04 19:07:12,599] {local_task_job.py:146} INFO - Task exited with return code 0
