[2024-07-23 11:11:13,183] {taskinstance.py:851} INFO - Dependencies all met for <TaskInstance: dag_with_python_dependencies_v03.get_sklearn 2024-07-17T00:00:00+00:00 [queued]>
[2024-07-23 11:11:13,231] {taskinstance.py:851} INFO - Dependencies all met for <TaskInstance: dag_with_python_dependencies_v03.get_sklearn 2024-07-17T00:00:00+00:00 [queued]>
[2024-07-23 11:11:13,238] {taskinstance.py:1042} INFO - 
--------------------------------------------------------------------------------
[2024-07-23 11:11:13,244] {taskinstance.py:1043} INFO - Starting attempt 1 of 1
[2024-07-23 11:11:13,249] {taskinstance.py:1044} INFO - 
--------------------------------------------------------------------------------
[2024-07-23 11:11:13,462] {taskinstance.py:1063} INFO - Executing <Task(PythonOperator): get_sklearn> on 2024-07-17T00:00:00+00:00
[2024-07-23 11:11:13,506] {standard_task_runner.py:52} INFO - Started process 197 to run task
[2024-07-23 11:11:13,573] {standard_task_runner.py:76} INFO - Running: ['airflow', 'tasks', 'run', 'dag_with_python_dependencies_v03', 'get_sklearn', '2024-07-17T00:00:00+00:00', '--job-id', '12453', '--pool', 'default_pool', '--raw', '--subdir', 'DAGS_FOLDER/dag_with_python_dependencies.py', '--cfg-path', '/tmp/tmp10lt9knw', '--error-file', '/tmp/tmpzyz4kb0h']
[2024-07-23 11:11:13,613] {standard_task_runner.py:77} INFO - Job 12453: Subtask get_sklearn
[2024-07-23 11:11:14,611] {logging_mixin.py:104} INFO - Running <TaskInstance: dag_with_python_dependencies_v03.get_sklearn 2024-07-17T00:00:00+00:00 [running]> on host 799b1e36e3f1
[2024-07-23 11:11:15,023] {taskinstance.py:1257} INFO - Exporting the following env vars:
AIRFLOW_CTX_DAG_OWNER=coder2j
AIRFLOW_CTX_DAG_ID=dag_with_python_dependencies_v03
AIRFLOW_CTX_TASK_ID=get_sklearn
AIRFLOW_CTX_EXECUTION_DATE=2024-07-17T00:00:00+00:00
AIRFLOW_CTX_DAG_RUN_ID=scheduled__2024-07-17T00:00:00+00:00
[2024-07-23 11:11:23,405] {logging_mixin.py:104} INFO - sklearn with version: 0.24.2
[2024-07-23 11:11:23,408] {python.py:118} INFO - Done. Returned value was: None
[2024-07-23 11:11:23,493] {taskinstance.py:1166} INFO - Marking task as SUCCESS. dag_id=dag_with_python_dependencies_v03, task_id=get_sklearn, execution_date=20240717T000000, start_date=20240723T111113, end_date=20240723T111123
[2024-07-23 11:11:24,117] {local_task_job.py:188} WARNING - State of this instance has been externally set to success. Terminating instance.
[2024-07-23 11:11:24,194] {process_utils.py:100} INFO - Sending Signals.SIGTERM to GPID 197
[2024-07-23 11:11:24,647] {taskinstance.py:1239} ERROR - Received SIGTERM. Terminating subprocesses.
[2024-07-23 11:11:24,926] {process_utils.py:66} INFO - Process psutil.Process(pid=197, status='terminated', exitcode=1, started='11:11:12') (197) terminated with exit code 1
