[2024-06-24 14:31:35,261] {taskinstance.py:851} INFO - Dependencies all met for <TaskInstance: our_dag_with_python_operator_v07.get_name 2023-09-21T00:00:00+00:00 [queued]>
[2024-06-24 14:31:35,334] {taskinstance.py:851} INFO - Dependencies all met for <TaskInstance: our_dag_with_python_operator_v07.get_name 2023-09-21T00:00:00+00:00 [queued]>
[2024-06-24 14:31:35,338] {taskinstance.py:1042} INFO - 
--------------------------------------------------------------------------------
[2024-06-24 14:31:35,339] {taskinstance.py:1043} INFO - Starting attempt 1 of 6
[2024-06-24 14:31:35,342] {taskinstance.py:1044} INFO - 
--------------------------------------------------------------------------------
[2024-06-24 14:31:35,375] {taskinstance.py:1063} INFO - Executing <Task(PythonOperator): get_name> on 2023-09-21T00:00:00+00:00
[2024-06-24 14:31:35,386] {standard_task_runner.py:52} INFO - Started process 21054 to run task
[2024-06-24 14:31:35,395] {standard_task_runner.py:76} INFO - Running: ['airflow', 'tasks', 'run', 'our_dag_with_python_operator_v07', 'get_name', '2023-09-21T00:00:00+00:00', '--job-id', '8432', '--pool', 'default_pool', '--raw', '--subdir', 'DAGS_FOLDER/create_dag_with_python_operator.py', '--cfg-path', '/tmp/tmpspmamfgf', '--error-file', '/tmp/tmp_domtdk4']
[2024-06-24 14:31:35,402] {standard_task_runner.py:77} INFO - Job 8432: Subtask get_name
[2024-06-24 14:31:35,511] {logging_mixin.py:104} INFO - Running <TaskInstance: our_dag_with_python_operator_v07.get_name 2023-09-21T00:00:00+00:00 [running]> on host 799b1e36e3f1
[2024-06-24 14:31:35,652] {taskinstance.py:1257} INFO - Exporting the following env vars:
AIRFLOW_CTX_DAG_OWNER=coder2j
AIRFLOW_CTX_DAG_ID=our_dag_with_python_operator_v07
AIRFLOW_CTX_TASK_ID=get_name
AIRFLOW_CTX_EXECUTION_DATE=2023-09-21T00:00:00+00:00
AIRFLOW_CTX_DAG_RUN_ID=scheduled__2023-09-21T00:00:00+00:00
[2024-06-24 14:31:35,791] {python.py:118} INFO - Done. Returned value was: None
[2024-06-24 14:31:35,851] {taskinstance.py:1166} INFO - Marking task as SUCCESS. dag_id=our_dag_with_python_operator_v07, task_id=get_name, execution_date=20230921T000000, start_date=20240624T143135, end_date=20240624T143135
[2024-06-24 14:31:35,922] {taskinstance.py:1220} INFO - 0 downstream tasks scheduled from follow-on schedule check
[2024-06-24 14:31:36,002] {local_task_job.py:146} INFO - Task exited with return code 0
