[2024-06-24 14:22:57,990] {taskinstance.py:851} INFO - Dependencies all met for <TaskInstance: dag_with_taskflow_api_v02.get_name 2022-10-20T00:00:00+00:00 [queued]>
[2024-06-24 14:22:58,019] {taskinstance.py:851} INFO - Dependencies all met for <TaskInstance: dag_with_taskflow_api_v02.get_name 2022-10-20T00:00:00+00:00 [queued]>
[2024-06-24 14:22:58,022] {taskinstance.py:1042} INFO - 
--------------------------------------------------------------------------------
[2024-06-24 14:22:58,024] {taskinstance.py:1043} INFO - Starting attempt 1 of 6
[2024-06-24 14:22:58,024] {taskinstance.py:1044} INFO - 
--------------------------------------------------------------------------------
[2024-06-24 14:22:58,077] {taskinstance.py:1063} INFO - Executing <Task(_PythonDecoratedOperator): get_name> on 2022-10-20T00:00:00+00:00
[2024-06-24 14:22:58,091] {standard_task_runner.py:52} INFO - Started process 7191 to run task
[2024-06-24 14:22:58,127] {standard_task_runner.py:76} INFO - Running: ['airflow', 'tasks', 'run', 'dag_with_taskflow_api_v02', 'get_name', '2022-10-20T00:00:00+00:00', '--job-id', '4688', '--pool', 'default_pool', '--raw', '--subdir', 'DAGS_FOLDER/dag_with_taskflow_api.py', '--cfg-path', '/tmp/tmpap73w26i', '--error-file', '/tmp/tmpuy6fgp9c']
[2024-06-24 14:22:58,145] {standard_task_runner.py:77} INFO - Job 4688: Subtask get_name
[2024-06-24 14:22:58,345] {logging_mixin.py:104} INFO - Running <TaskInstance: dag_with_taskflow_api_v02.get_name 2022-10-20T00:00:00+00:00 [running]> on host 799b1e36e3f1
[2024-06-24 14:22:58,580] {taskinstance.py:1257} INFO - Exporting the following env vars:
AIRFLOW_CTX_DAG_OWNER=coder2j
AIRFLOW_CTX_DAG_ID=dag_with_taskflow_api_v02
AIRFLOW_CTX_TASK_ID=get_name
AIRFLOW_CTX_EXECUTION_DATE=2022-10-20T00:00:00+00:00
AIRFLOW_CTX_DAG_RUN_ID=scheduled__2022-10-20T00:00:00+00:00
[2024-06-24 14:22:58,833] {taskinstance.py:1166} INFO - Marking task as SUCCESS. dag_id=dag_with_taskflow_api_v02, task_id=get_name, execution_date=20221020T000000, start_date=20240624T142257, end_date=20240624T142258
[2024-06-24 14:22:59,025] {taskinstance.py:1220} INFO - 0 downstream tasks scheduled from follow-on schedule check
[2024-06-24 14:22:59,075] {local_task_job.py:146} INFO - Task exited with return code 0
