[2024-06-24 12:49:50,738] {taskinstance.py:851} INFO - Dependencies all met for <TaskInstance: dag_with_cron_expression_v04.task1 2021-12-22T03:00:00+00:00 [queued]>
[2024-06-24 12:49:50,763] {taskinstance.py:851} INFO - Dependencies all met for <TaskInstance: dag_with_cron_expression_v04.task1 2021-12-22T03:00:00+00:00 [queued]>
[2024-06-24 12:49:50,764] {taskinstance.py:1042} INFO - 
--------------------------------------------------------------------------------
[2024-06-24 12:49:50,765] {taskinstance.py:1043} INFO - Starting attempt 1 of 6
[2024-06-24 12:49:50,765] {taskinstance.py:1044} INFO - 
--------------------------------------------------------------------------------
[2024-06-24 12:49:50,788] {taskinstance.py:1063} INFO - Executing <Task(BashOperator): task1> on 2021-12-22T03:00:00+00:00
[2024-06-24 12:49:50,794] {standard_task_runner.py:52} INFO - Started process 25687 to run task
[2024-06-24 12:49:50,800] {standard_task_runner.py:76} INFO - Running: ['airflow', 'tasks', 'run', 'dag_with_cron_expression_v04', 'task1', '2021-12-22T03:00:00+00:00', '--job-id', '118', '--pool', 'default_pool', '--raw', '--subdir', 'DAGS_FOLDER/dag_with_cron_expression.py', '--cfg-path', '/tmp/tmpgq4l7p5o', '--error-file', '/tmp/tmpyck7puwp']
[2024-06-24 12:49:50,806] {standard_task_runner.py:77} INFO - Job 118: Subtask task1
[2024-06-24 12:49:50,883] {logging_mixin.py:104} INFO - Running <TaskInstance: dag_with_cron_expression_v04.task1 2021-12-22T03:00:00+00:00 [running]> on host 799b1e36e3f1
[2024-06-24 12:49:50,956] {taskinstance.py:1257} INFO - Exporting the following env vars:
AIRFLOW_CTX_DAG_OWNER=coder2j
AIRFLOW_CTX_DAG_ID=dag_with_cron_expression_v04
AIRFLOW_CTX_TASK_ID=task1
AIRFLOW_CTX_EXECUTION_DATE=2021-12-22T03:00:00+00:00
AIRFLOW_CTX_DAG_RUN_ID=scheduled__2021-12-22T03:00:00+00:00
[2024-06-24 12:49:50,958] {bash.py:135} INFO - Tmp dir root location: 
 /tmp
[2024-06-24 12:49:50,960] {bash.py:158} INFO - Running command: echo dag with cron expression!
[2024-06-24 12:49:50,975] {bash.py:169} INFO - Output:
[2024-06-24 12:49:50,978] {bash.py:173} INFO - dag with cron expression!
[2024-06-24 12:49:50,979] {bash.py:177} INFO - Command exited with return code 0
[2024-06-24 12:49:51,030] {taskinstance.py:1166} INFO - Marking task as SUCCESS. dag_id=dag_with_cron_expression_v04, task_id=task1, execution_date=20211222T030000, start_date=20240624T124950, end_date=20240624T124951
[2024-06-24 12:49:51,097] {taskinstance.py:1220} INFO - 0 downstream tasks scheduled from follow-on schedule check
[2024-06-24 12:49:51,144] {local_task_job.py:146} INFO - Task exited with return code 0
