[2024-06-24 14:18:54,780] {taskinstance.py:851} INFO - Dependencies all met for <TaskInstance: dag_with_taskflow_api_v02.get_age 2022-06-07T00:00:00+00:00 [queued]>
[2024-06-24 14:18:54,916] {taskinstance.py:851} INFO - Dependencies all met for <TaskInstance: dag_with_taskflow_api_v02.get_age 2022-06-07T00:00:00+00:00 [queued]>
[2024-06-24 14:18:54,919] {taskinstance.py:1042} INFO - 
--------------------------------------------------------------------------------
[2024-06-24 14:18:54,921] {taskinstance.py:1043} INFO - Starting attempt 1 of 6
[2024-06-24 14:18:54,925] {taskinstance.py:1044} INFO - 
--------------------------------------------------------------------------------
[2024-06-24 14:18:55,050] {taskinstance.py:1063} INFO - Executing <Task(_PythonDecoratedOperator): get_age> on 2022-06-07T00:00:00+00:00
[2024-06-24 14:18:55,067] {standard_task_runner.py:52} INFO - Started process 1457 to run task
[2024-06-24 14:18:55,083] {standard_task_runner.py:76} INFO - Running: ['airflow', 'tasks', 'run', 'dag_with_taskflow_api_v02', 'get_age', '2022-06-07T00:00:00+00:00', '--job-id', '3192', '--pool', 'default_pool', '--raw', '--subdir', 'DAGS_FOLDER/dag_with_taskflow_api.py', '--cfg-path', '/tmp/tmpjurtkopz', '--error-file', '/tmp/tmp9gbqjy_w']
[2024-06-24 14:18:55,094] {standard_task_runner.py:77} INFO - Job 3192: Subtask get_age
[2024-06-24 14:18:55,500] {logging_mixin.py:104} INFO - Running <TaskInstance: dag_with_taskflow_api_v02.get_age 2022-06-07T00:00:00+00:00 [running]> on host 799b1e36e3f1
[2024-06-24 14:18:55,979] {taskinstance.py:1257} INFO - Exporting the following env vars:
AIRFLOW_CTX_DAG_OWNER=coder2j
AIRFLOW_CTX_DAG_ID=dag_with_taskflow_api_v02
AIRFLOW_CTX_TASK_ID=get_age
AIRFLOW_CTX_EXECUTION_DATE=2022-06-07T00:00:00+00:00
AIRFLOW_CTX_DAG_RUN_ID=scheduled__2022-06-07T00:00:00+00:00
[2024-06-24 14:18:56,302] {taskinstance.py:1166} INFO - Marking task as SUCCESS. dag_id=dag_with_taskflow_api_v02, task_id=get_age, execution_date=20220607T000000, start_date=20240624T141854, end_date=20240624T141856
[2024-06-24 14:18:56,535] {taskinstance.py:1220} INFO - 1 downstream tasks scheduled from follow-on schedule check
[2024-06-24 14:18:56,594] {local_task_job.py:146} INFO - Task exited with return code 0
