[2024-07-13 03:37:58,960] {taskinstance.py:851} INFO - Dependencies all met for <TaskInstance: dag_with_catchup_backfill_v02.task1 2024-07-12T00:00:00+00:00 [None]>
[2024-07-13 03:37:59,008] {taskinstance.py:851} INFO - Dependencies all met for <TaskInstance: dag_with_catchup_backfill_v02.task1 2024-07-12T00:00:00+00:00 [None]>
[2024-07-13 03:37:59,009] {taskinstance.py:1042} INFO - 
--------------------------------------------------------------------------------
[2024-07-13 03:37:59,011] {taskinstance.py:1043} INFO - Starting attempt 1 of 6
[2024-07-13 03:37:59,013] {taskinstance.py:1044} INFO - 
--------------------------------------------------------------------------------
[2024-07-13 03:37:59,030] {taskinstance.py:1063} INFO - Executing <Task(BashOperator): task1> on 2024-07-12T00:00:00+00:00
[2024-07-13 03:37:59,043] {standard_task_runner.py:52} INFO - Started process 16649 to run task
[2024-07-13 03:37:59,059] {standard_task_runner.py:76} INFO - Running: ['airflow', 'tasks', 'run', 'dag_with_catchup_backfill_v02', 'task1', '2024-07-12T00:00:00+00:00', '--job-id', '12398', '--pool', 'default_pool', '--raw', '--subdir', 'DAGS_FOLDER/dag_with_catchup_and_backfill.py', '--cfg-path', '/tmp/tmpzzxj05a5', '--error-file', '/tmp/tmpynxgpn72']
[2024-07-13 03:37:59,075] {standard_task_runner.py:77} INFO - Job 12398: Subtask task1
[2024-07-13 03:37:59,272] {logging_mixin.py:104} INFO - Running <TaskInstance: dag_with_catchup_backfill_v02.task1 2024-07-12T00:00:00+00:00 [running]> on host 799b1e36e3f1
[2024-07-13 03:37:59,399] {taskinstance.py:1257} INFO - Exporting the following env vars:
AIRFLOW_CTX_DAG_OWNER=coder2j
AIRFLOW_CTX_DAG_ID=dag_with_catchup_backfill_v02
AIRFLOW_CTX_TASK_ID=task1
AIRFLOW_CTX_EXECUTION_DATE=2024-07-12T00:00:00+00:00
AIRFLOW_CTX_DAG_RUN_ID=scheduled__2024-07-12T00:00:00+00:00
[2024-07-13 03:37:59,402] {bash.py:135} INFO - Tmp dir root location: 
 /tmp
[2024-07-13 03:37:59,408] {bash.py:158} INFO - Running command: echo This is a simple bash command!
[2024-07-13 03:37:59,433] {bash.py:169} INFO - Output:
[2024-07-13 03:37:59,447] {bash.py:173} INFO - This is a simple bash command!
[2024-07-13 03:37:59,450] {bash.py:177} INFO - Command exited with return code 0
[2024-07-13 03:37:59,542] {taskinstance.py:1166} INFO - Marking task as SUCCESS. dag_id=dag_with_catchup_backfill_v02, task_id=task1, execution_date=20240712T000000, start_date=20240713T033758, end_date=20240713T033759
[2024-07-13 03:37:59,669] {taskinstance.py:1220} INFO - 0 downstream tasks scheduled from follow-on schedule check
[2024-07-13 03:37:59,697] {local_task_job.py:146} INFO - Task exited with return code 0
