[2024-06-24 14:30:17,954] {taskinstance.py:851} INFO - Dependencies all met for <TaskInstance: dag_with_taskflow_api_v02.get_name 2023-07-12T00:00:00+00:00 [queued]>
[2024-06-24 14:30:18,023] {taskinstance.py:851} INFO - Dependencies all met for <TaskInstance: dag_with_taskflow_api_v02.get_name 2023-07-12T00:00:00+00:00 [queued]>
[2024-06-24 14:30:18,027] {taskinstance.py:1042} INFO - 
--------------------------------------------------------------------------------
[2024-06-24 14:30:18,029] {taskinstance.py:1043} INFO - Starting attempt 1 of 6
[2024-06-24 14:30:18,035] {taskinstance.py:1044} INFO - 
--------------------------------------------------------------------------------
[2024-06-24 14:30:18,091] {taskinstance.py:1063} INFO - Executing <Task(_PythonDecoratedOperator): get_name> on 2023-07-12T00:00:00+00:00
[2024-06-24 14:30:18,116] {standard_task_runner.py:52} INFO - Started process 19009 to run task
[2024-06-24 14:30:18,127] {standard_task_runner.py:76} INFO - Running: ['airflow', 'tasks', 'run', 'dag_with_taskflow_api_v02', 'get_name', '2023-07-12T00:00:00+00:00', '--job-id', '7870', '--pool', 'default_pool', '--raw', '--subdir', 'DAGS_FOLDER/dag_with_taskflow_api.py', '--cfg-path', '/tmp/tmpkjcbxyhy', '--error-file', '/tmp/tmpp0fovt6n']
[2024-06-24 14:30:18,145] {standard_task_runner.py:77} INFO - Job 7870: Subtask get_name
[2024-06-24 14:30:18,409] {logging_mixin.py:104} INFO - Running <TaskInstance: dag_with_taskflow_api_v02.get_name 2023-07-12T00:00:00+00:00 [running]> on host 799b1e36e3f1
[2024-06-24 14:30:18,733] {taskinstance.py:1257} INFO - Exporting the following env vars:
AIRFLOW_CTX_DAG_OWNER=coder2j
AIRFLOW_CTX_DAG_ID=dag_with_taskflow_api_v02
AIRFLOW_CTX_TASK_ID=get_name
AIRFLOW_CTX_EXECUTION_DATE=2023-07-12T00:00:00+00:00
AIRFLOW_CTX_DAG_RUN_ID=scheduled__2023-07-12T00:00:00+00:00
[2024-06-24 14:30:18,987] {taskinstance.py:1166} INFO - Marking task as SUCCESS. dag_id=dag_with_taskflow_api_v02, task_id=get_name, execution_date=20230712T000000, start_date=20240624T143017, end_date=20240624T143018
[2024-06-24 14:30:19,348] {taskinstance.py:1220} INFO - 0 downstream tasks scheduled from follow-on schedule check
[2024-06-24 14:30:19,433] {local_task_job.py:146} INFO - Task exited with return code 0
