[2024-06-24 14:22:51,530] {taskinstance.py:851} INFO - Dependencies all met for <TaskInstance: our_dag_with_python_operator_v07.greet 2022-10-04T00:00:00+00:00 [queued]>
[2024-06-24 14:22:51,584] {taskinstance.py:851} INFO - Dependencies all met for <TaskInstance: our_dag_with_python_operator_v07.greet 2022-10-04T00:00:00+00:00 [queued]>
[2024-06-24 14:22:51,595] {taskinstance.py:1042} INFO - 
--------------------------------------------------------------------------------
[2024-06-24 14:22:51,600] {taskinstance.py:1043} INFO - Starting attempt 1 of 6
[2024-06-24 14:22:51,610] {taskinstance.py:1044} INFO - 
--------------------------------------------------------------------------------
[2024-06-24 14:22:51,677] {taskinstance.py:1063} INFO - Executing <Task(PythonOperator): greet> on 2022-10-04T00:00:00+00:00
[2024-06-24 14:22:51,711] {standard_task_runner.py:52} INFO - Started process 7002 to run task
[2024-06-24 14:22:51,727] {standard_task_runner.py:76} INFO - Running: ['airflow', 'tasks', 'run', 'our_dag_with_python_operator_v07', 'greet', '2022-10-04T00:00:00+00:00', '--job-id', '4639', '--pool', 'default_pool', '--raw', '--subdir', 'DAGS_FOLDER/create_dag_with_python_operator.py', '--cfg-path', '/tmp/tmpb9w0aikf', '--error-file', '/tmp/tmp3mv_rmlu']
[2024-06-24 14:22:51,741] {standard_task_runner.py:77} INFO - Job 4639: Subtask greet
[2024-06-24 14:22:51,952] {logging_mixin.py:104} INFO - Running <TaskInstance: our_dag_with_python_operator_v07.greet 2022-10-04T00:00:00+00:00 [running]> on host 799b1e36e3f1
[2024-06-24 14:22:52,145] {taskinstance.py:1257} INFO - Exporting the following env vars:
AIRFLOW_CTX_DAG_OWNER=coder2j
AIRFLOW_CTX_DAG_ID=our_dag_with_python_operator_v07
AIRFLOW_CTX_TASK_ID=greet
AIRFLOW_CTX_EXECUTION_DATE=2022-10-04T00:00:00+00:00
AIRFLOW_CTX_DAG_RUN_ID=scheduled__2022-10-04T00:00:00+00:00
[2024-06-24 14:22:52,159] {logging_mixin.py:104} INFO - some dict:  {'a': 1, 'b': 2}
[2024-06-24 14:22:52,347] {logging_mixin.py:104} INFO - Hello World! My name is Jerry Fridman, and I am 19 years old!
[2024-06-24 14:22:52,350] {python.py:118} INFO - Done. Returned value was: None
[2024-06-24 14:22:52,423] {taskinstance.py:1166} INFO - Marking task as SUCCESS. dag_id=our_dag_with_python_operator_v07, task_id=greet, execution_date=20221004T000000, start_date=20240624T142251, end_date=20240624T142252
[2024-06-24 14:22:52,631] {taskinstance.py:1220} INFO - 0 downstream tasks scheduled from follow-on schedule check
[2024-06-24 14:22:52,652] {local_task_job.py:146} INFO - Task exited with return code 0
