[2024-06-24 14:26:43,341] {taskinstance.py:851} INFO - Dependencies all met for <TaskInstance: our_first_dag_v5.thrid_task 2022-12-28T00:00:00+00:00 [queued]>
[2024-06-24 14:26:43,397] {taskinstance.py:851} INFO - Dependencies all met for <TaskInstance: our_first_dag_v5.thrid_task 2022-12-28T00:00:00+00:00 [queued]>
[2024-06-24 14:26:43,401] {taskinstance.py:1042} INFO - 
--------------------------------------------------------------------------------
[2024-06-24 14:26:43,402] {taskinstance.py:1043} INFO - Starting attempt 1 of 6
[2024-06-24 14:26:43,403] {taskinstance.py:1044} INFO - 
--------------------------------------------------------------------------------
[2024-06-24 14:26:43,505] {taskinstance.py:1063} INFO - Executing <Task(BashOperator): thrid_task> on 2022-12-28T00:00:00+00:00
[2024-06-24 14:26:43,515] {standard_task_runner.py:52} INFO - Started process 13291 to run task
[2024-06-24 14:26:43,538] {standard_task_runner.py:76} INFO - Running: ['airflow', 'tasks', 'run', 'our_first_dag_v5', 'thrid_task', '2022-12-28T00:00:00+00:00', '--job-id', '6331', '--pool', 'default_pool', '--raw', '--subdir', 'DAGS_FOLDER/our_first_dag.py', '--cfg-path', '/tmp/tmpuuzkrxs5', '--error-file', '/tmp/tmphov0ay6i']
[2024-06-24 14:26:43,553] {standard_task_runner.py:77} INFO - Job 6331: Subtask thrid_task
[2024-06-24 14:26:43,727] {logging_mixin.py:104} INFO - Running <TaskInstance: our_first_dag_v5.thrid_task 2022-12-28T00:00:00+00:00 [running]> on host 799b1e36e3f1
[2024-06-24 14:26:43,927] {taskinstance.py:1257} INFO - Exporting the following env vars:
AIRFLOW_CTX_DAG_OWNER=coder2j
AIRFLOW_CTX_DAG_ID=our_first_dag_v5
AIRFLOW_CTX_TASK_ID=thrid_task
AIRFLOW_CTX_EXECUTION_DATE=2022-12-28T00:00:00+00:00
AIRFLOW_CTX_DAG_RUN_ID=scheduled__2022-12-28T00:00:00+00:00
[2024-06-24 14:26:43,941] {bash.py:135} INFO - Tmp dir root location: 
 /tmp
[2024-06-24 14:26:43,942] {bash.py:158} INFO - Running command: echo hey, I am task3 and will be running after task1 at the same time as task2!
[2024-06-24 14:26:43,992] {bash.py:169} INFO - Output:
[2024-06-24 14:26:43,994] {bash.py:173} INFO - hey, I am task3 and will be running after task1 at the same time as task2!
[2024-06-24 14:26:43,999] {bash.py:177} INFO - Command exited with return code 0
[2024-06-24 14:26:44,138] {taskinstance.py:1166} INFO - Marking task as SUCCESS. dag_id=our_first_dag_v5, task_id=thrid_task, execution_date=20221228T000000, start_date=20240624T142643, end_date=20240624T142644
[2024-06-24 14:26:44,262] {taskinstance.py:1220} INFO - 0 downstream tasks scheduled from follow-on schedule check
[2024-06-24 14:26:44,295] {local_task_job.py:146} INFO - Task exited with return code 0
