[2024-06-24 14:27:26,510] {taskinstance.py:851} INFO - Dependencies all met for <TaskInstance: dag_with_taskflow_api_v02.get_name 2023-04-10T00:00:00+00:00 [queued]>
[2024-06-24 14:27:26,558] {taskinstance.py:851} INFO - Dependencies all met for <TaskInstance: dag_with_taskflow_api_v02.get_name 2023-04-10T00:00:00+00:00 [queued]>
[2024-06-24 14:27:26,560] {taskinstance.py:1042} INFO - 
--------------------------------------------------------------------------------
[2024-06-24 14:27:26,561] {taskinstance.py:1043} INFO - Starting attempt 1 of 6
[2024-06-24 14:27:26,565] {taskinstance.py:1044} INFO - 
--------------------------------------------------------------------------------
[2024-06-24 14:27:26,602] {taskinstance.py:1063} INFO - Executing <Task(_PythonDecoratedOperator): get_name> on 2023-04-10T00:00:00+00:00
[2024-06-24 14:27:26,611] {standard_task_runner.py:52} INFO - Started process 14460 to run task
[2024-06-24 14:27:26,622] {standard_task_runner.py:76} INFO - Running: ['airflow', 'tasks', 'run', 'dag_with_taskflow_api_v02', 'get_name', '2023-04-10T00:00:00+00:00', '--job-id', '6637', '--pool', 'default_pool', '--raw', '--subdir', 'DAGS_FOLDER/dag_with_taskflow_api.py', '--cfg-path', '/tmp/tmp669j1i71', '--error-file', '/tmp/tmpwo11fim_']
[2024-06-24 14:27:26,633] {standard_task_runner.py:77} INFO - Job 6637: Subtask get_name
[2024-06-24 14:27:26,848] {logging_mixin.py:104} INFO - Running <TaskInstance: dag_with_taskflow_api_v02.get_name 2023-04-10T00:00:00+00:00 [running]> on host 799b1e36e3f1
[2024-06-24 14:27:27,051] {taskinstance.py:1257} INFO - Exporting the following env vars:
AIRFLOW_CTX_DAG_OWNER=coder2j
AIRFLOW_CTX_DAG_ID=dag_with_taskflow_api_v02
AIRFLOW_CTX_TASK_ID=get_name
AIRFLOW_CTX_EXECUTION_DATE=2023-04-10T00:00:00+00:00
AIRFLOW_CTX_DAG_RUN_ID=scheduled__2023-04-10T00:00:00+00:00
[2024-06-24 14:27:27,326] {taskinstance.py:1166} INFO - Marking task as SUCCESS. dag_id=dag_with_taskflow_api_v02, task_id=get_name, execution_date=20230410T000000, start_date=20240624T142726, end_date=20240624T142727
[2024-06-24 14:27:27,424] {taskinstance.py:1220} INFO - 0 downstream tasks scheduled from follow-on schedule check
[2024-06-24 14:27:27,457] {local_task_job.py:146} INFO - Task exited with return code 0
