[2024-06-24 12:59:31,143] {taskinstance.py:851} INFO - Dependencies all met for <TaskInstance: dag_with_taskflow_api_v02.greet 2022-03-13T00:00:00+00:00 [queued]>
[2024-06-24 12:59:31,185] {taskinstance.py:851} INFO - Dependencies all met for <TaskInstance: dag_with_taskflow_api_v02.greet 2022-03-13T00:00:00+00:00 [queued]>
[2024-06-24 12:59:31,205] {taskinstance.py:1042} INFO - 
--------------------------------------------------------------------------------
[2024-06-24 12:59:31,217] {taskinstance.py:1043} INFO - Starting attempt 1 of 6
[2024-06-24 12:59:31,237] {taskinstance.py:1044} INFO - 
--------------------------------------------------------------------------------
[2024-06-24 12:59:31,340] {taskinstance.py:1063} INFO - Executing <Task(_PythonDecoratedOperator): greet> on 2022-03-13T00:00:00+00:00
[2024-06-24 12:59:31,356] {standard_task_runner.py:52} INFO - Started process 34518 to run task
[2024-06-24 12:59:31,385] {standard_task_runner.py:76} INFO - Running: ['airflow', 'tasks', 'run', 'dag_with_taskflow_api_v02', 'greet', '2022-03-13T00:00:00+00:00', '--job-id', '2199', '--pool', 'default_pool', '--raw', '--subdir', 'DAGS_FOLDER/dag_with_taskflow_api.py', '--cfg-path', '/tmp/tmpcecxts9i', '--error-file', '/tmp/tmpqeidhlfv']
[2024-06-24 12:59:31,411] {standard_task_runner.py:77} INFO - Job 2199: Subtask greet
[2024-06-24 12:59:31,751] {logging_mixin.py:104} INFO - Running <TaskInstance: dag_with_taskflow_api_v02.greet 2022-03-13T00:00:00+00:00 [running]> on host 799b1e36e3f1
[2024-06-24 12:59:32,342] {taskinstance.py:1257} INFO - Exporting the following env vars:
AIRFLOW_CTX_DAG_OWNER=coder2j
AIRFLOW_CTX_DAG_ID=dag_with_taskflow_api_v02
AIRFLOW_CTX_TASK_ID=greet
AIRFLOW_CTX_EXECUTION_DATE=2022-03-13T00:00:00+00:00
AIRFLOW_CTX_DAG_RUN_ID=scheduled__2022-03-13T00:00:00+00:00
[2024-06-24 12:59:32,351] {logging_mixin.py:104} INFO - Hello World! My name is Jerry Fridman and I am 19 years old!
[2024-06-24 12:59:32,389] {taskinstance.py:1166} INFO - Marking task as SUCCESS. dag_id=dag_with_taskflow_api_v02, task_id=greet, execution_date=20220313T000000, start_date=20240624T125931, end_date=20240624T125932
[2024-06-24 12:59:32,517] {taskinstance.py:1220} INFO - 0 downstream tasks scheduled from follow-on schedule check
[2024-06-24 12:59:32,574] {local_task_job.py:146} INFO - Task exited with return code 0
