[2024-07-12 11:11:37,369] {taskinstance.py:851} INFO - Dependencies all met for <TaskInstance: dag_with_taskflow_api_v02.get_name 2024-07-10T00:00:00+00:00 [queued]>
[2024-07-12 11:11:37,682] {taskinstance.py:851} INFO - Dependencies all met for <TaskInstance: dag_with_taskflow_api_v02.get_name 2024-07-10T00:00:00+00:00 [queued]>
[2024-07-12 11:11:37,683] {taskinstance.py:1042} INFO - 
--------------------------------------------------------------------------------
[2024-07-12 11:11:37,685] {taskinstance.py:1043} INFO - Starting attempt 1 of 6
[2024-07-12 11:11:37,686] {taskinstance.py:1044} INFO - 
--------------------------------------------------------------------------------
[2024-07-12 11:11:37,748] {taskinstance.py:1063} INFO - Executing <Task(_PythonDecoratedOperator): get_name> on 2024-07-10T00:00:00+00:00
[2024-07-12 11:11:37,771] {standard_task_runner.py:52} INFO - Started process 400 to run task
[2024-07-12 11:11:37,790] {standard_task_runner.py:76} INFO - Running: ['airflow', 'tasks', 'run', 'dag_with_taskflow_api_v02', 'get_name', '2024-07-10T00:00:00+00:00', '--job-id', '12377', '--pool', 'default_pool', '--raw', '--subdir', 'DAGS_FOLDER/dag_with_taskflow_api.py', '--cfg-path', '/tmp/tmpdjq8ivql', '--error-file', '/tmp/tmp8ab28x_s']
[2024-07-12 11:11:37,868] {standard_task_runner.py:77} INFO - Job 12377: Subtask get_name
[2024-07-12 11:11:38,243] {logging_mixin.py:104} INFO - Running <TaskInstance: dag_with_taskflow_api_v02.get_name 2024-07-10T00:00:00+00:00 [running]> on host 799b1e36e3f1
[2024-07-12 11:11:38,544] {taskinstance.py:1257} INFO - Exporting the following env vars:
AIRFLOW_CTX_DAG_OWNER=coder2j
AIRFLOW_CTX_DAG_ID=dag_with_taskflow_api_v02
AIRFLOW_CTX_TASK_ID=get_name
AIRFLOW_CTX_EXECUTION_DATE=2024-07-10T00:00:00+00:00
AIRFLOW_CTX_DAG_RUN_ID=scheduled__2024-07-10T00:00:00+00:00
[2024-07-12 11:11:38,973] {taskinstance.py:1166} INFO - Marking task as SUCCESS. dag_id=dag_with_taskflow_api_v02, task_id=get_name, execution_date=20240710T000000, start_date=20240712T111137, end_date=20240712T111138
[2024-07-12 11:11:39,147] {taskinstance.py:1220} INFO - 1 downstream tasks scheduled from follow-on schedule check
[2024-07-12 11:11:39,218] {local_task_job.py:146} INFO - Task exited with return code 0
