[2024-06-24 12:54:56,604] {taskinstance.py:851} INFO - Dependencies all met for <TaskInstance: dag_with_taskflow_api_v02.get_age 2021-12-19T00:00:00+00:00 [queued]>
[2024-06-24 12:54:56,706] {taskinstance.py:851} INFO - Dependencies all met for <TaskInstance: dag_with_taskflow_api_v02.get_age 2021-12-19T00:00:00+00:00 [queued]>
[2024-06-24 12:54:56,711] {taskinstance.py:1042} INFO - 
--------------------------------------------------------------------------------
[2024-06-24 12:54:56,722] {taskinstance.py:1043} INFO - Starting attempt 1 of 6
[2024-06-24 12:54:56,729] {taskinstance.py:1044} INFO - 
--------------------------------------------------------------------------------
[2024-06-24 12:54:56,828] {taskinstance.py:1063} INFO - Executing <Task(_PythonDecoratedOperator): get_age> on 2021-12-19T00:00:00+00:00
[2024-06-24 12:54:56,910] {standard_task_runner.py:52} INFO - Started process 30090 to run task
[2024-06-24 12:54:56,927] {standard_task_runner.py:76} INFO - Running: ['airflow', 'tasks', 'run', 'dag_with_taskflow_api_v02', 'get_age', '2021-12-19T00:00:00+00:00', '--job-id', '1149', '--pool', 'default_pool', '--raw', '--subdir', 'DAGS_FOLDER/dag_with_taskflow_api.py', '--cfg-path', '/tmp/tmpyefn5esr', '--error-file', '/tmp/tmp_a2to86h']
[2024-06-24 12:54:56,940] {standard_task_runner.py:77} INFO - Job 1149: Subtask get_age
[2024-06-24 12:54:57,388] {logging_mixin.py:104} INFO - Running <TaskInstance: dag_with_taskflow_api_v02.get_age 2021-12-19T00:00:00+00:00 [running]> on host 799b1e36e3f1
[2024-06-24 12:54:57,768] {taskinstance.py:1257} INFO - Exporting the following env vars:
AIRFLOW_CTX_DAG_OWNER=coder2j
AIRFLOW_CTX_DAG_ID=dag_with_taskflow_api_v02
AIRFLOW_CTX_TASK_ID=get_age
AIRFLOW_CTX_EXECUTION_DATE=2021-12-19T00:00:00+00:00
AIRFLOW_CTX_DAG_RUN_ID=scheduled__2021-12-19T00:00:00+00:00
[2024-06-24 12:54:57,960] {taskinstance.py:1166} INFO - Marking task as SUCCESS. dag_id=dag_with_taskflow_api_v02, task_id=get_age, execution_date=20211219T000000, start_date=20240624T125456, end_date=20240624T125457
[2024-06-24 12:54:58,273] {taskinstance.py:1220} INFO - 1 downstream tasks scheduled from follow-on schedule check
[2024-06-24 12:54:58,367] {local_task_job.py:146} INFO - Task exited with return code 0
