[2024-06-24 12:52:52,323] {taskinstance.py:851} INFO - Dependencies all met for <TaskInstance: our_dag_with_python_operator_v07.get_name 2021-10-27T00:00:00+00:00 [queued]>
[2024-06-24 12:52:52,509] {taskinstance.py:851} INFO - Dependencies all met for <TaskInstance: our_dag_with_python_operator_v07.get_name 2021-10-27T00:00:00+00:00 [queued]>
[2024-06-24 12:52:52,517] {taskinstance.py:1042} INFO - 
--------------------------------------------------------------------------------
[2024-06-24 12:52:52,518] {taskinstance.py:1043} INFO - Starting attempt 1 of 6
[2024-06-24 12:52:52,535] {taskinstance.py:1044} INFO - 
--------------------------------------------------------------------------------
[2024-06-24 12:52:52,669] {taskinstance.py:1063} INFO - Executing <Task(PythonOperator): get_name> on 2021-10-27T00:00:00+00:00
[2024-06-24 12:52:52,682] {standard_task_runner.py:52} INFO - Started process 28093 to run task
[2024-06-24 12:52:52,692] {standard_task_runner.py:76} INFO - Running: ['airflow', 'tasks', 'run', 'our_dag_with_python_operator_v07', 'get_name', '2021-10-27T00:00:00+00:00', '--job-id', '643', '--pool', 'default_pool', '--raw', '--subdir', 'DAGS_FOLDER/create_dag_with_python_operator.py', '--cfg-path', '/tmp/tmp0e869b0l', '--error-file', '/tmp/tmpoywsh0_3']
[2024-06-24 12:52:52,700] {standard_task_runner.py:77} INFO - Job 643: Subtask get_name
[2024-06-24 12:52:53,295] {logging_mixin.py:104} INFO - Running <TaskInstance: our_dag_with_python_operator_v07.get_name 2021-10-27T00:00:00+00:00 [running]> on host 799b1e36e3f1
[2024-06-24 12:52:54,097] {taskinstance.py:1257} INFO - Exporting the following env vars:
AIRFLOW_CTX_DAG_OWNER=coder2j
AIRFLOW_CTX_DAG_ID=our_dag_with_python_operator_v07
AIRFLOW_CTX_TASK_ID=get_name
AIRFLOW_CTX_EXECUTION_DATE=2021-10-27T00:00:00+00:00
AIRFLOW_CTX_DAG_RUN_ID=scheduled__2021-10-27T00:00:00+00:00
[2024-06-24 12:52:54,513] {python.py:118} INFO - Done. Returned value was: None
[2024-06-24 12:52:54,611] {taskinstance.py:1166} INFO - Marking task as SUCCESS. dag_id=our_dag_with_python_operator_v07, task_id=get_name, execution_date=20211027T000000, start_date=20240624T125252, end_date=20240624T125254
[2024-06-24 12:52:54,925] {taskinstance.py:1220} INFO - 0 downstream tasks scheduled from follow-on schedule check
[2024-06-24 12:52:55,016] {local_task_job.py:146} INFO - Task exited with return code 0
