[2024-06-24 14:52:04,114] {taskinstance.py:851} INFO - Dependencies all met for <TaskInstance: dag_with_python_dependencies_v03.get_sklearn 2023-09-23T00:00:00+00:00 [queued]>
[2024-06-24 14:52:04,148] {taskinstance.py:851} INFO - Dependencies all met for <TaskInstance: dag_with_python_dependencies_v03.get_sklearn 2023-09-23T00:00:00+00:00 [queued]>
[2024-06-24 14:52:04,156] {taskinstance.py:1042} INFO - 
--------------------------------------------------------------------------------
[2024-06-24 14:52:04,157] {taskinstance.py:1043} INFO - Starting attempt 1 of 1
[2024-06-24 14:52:04,158] {taskinstance.py:1044} INFO - 
--------------------------------------------------------------------------------
[2024-06-24 14:52:04,195] {taskinstance.py:1063} INFO - Executing <Task(PythonOperator): get_sklearn> on 2023-09-23T00:00:00+00:00
[2024-06-24 14:52:04,201] {standard_task_runner.py:52} INFO - Started process 26119 to run task
[2024-06-24 14:52:04,214] {standard_task_runner.py:76} INFO - Running: ['airflow', 'tasks', 'run', 'dag_with_python_dependencies_v03', 'get_sklearn', '2023-09-23T00:00:00+00:00', '--job-id', '9598', '--pool', 'default_pool', '--raw', '--subdir', 'DAGS_FOLDER/dag_with_python_dependencies.py', '--cfg-path', '/tmp/tmpc8gg8elq', '--error-file', '/tmp/tmp_ea0scnk']
[2024-06-24 14:52:04,220] {standard_task_runner.py:77} INFO - Job 9598: Subtask get_sklearn
[2024-06-24 14:52:04,334] {logging_mixin.py:104} INFO - Running <TaskInstance: dag_with_python_dependencies_v03.get_sklearn 2023-09-23T00:00:00+00:00 [running]> on host 799b1e36e3f1
[2024-06-24 14:52:04,459] {taskinstance.py:1257} INFO - Exporting the following env vars:
AIRFLOW_CTX_DAG_OWNER=coder2j
AIRFLOW_CTX_DAG_ID=dag_with_python_dependencies_v03
AIRFLOW_CTX_TASK_ID=get_sklearn
AIRFLOW_CTX_EXECUTION_DATE=2023-09-23T00:00:00+00:00
AIRFLOW_CTX_DAG_RUN_ID=scheduled__2023-09-23T00:00:00+00:00
[2024-06-24 14:52:08,986] {logging_mixin.py:104} INFO - sklearn with version: 0.24.2
[2024-06-24 14:52:08,989] {python.py:118} INFO - Done. Returned value was: None
[2024-06-24 14:52:09,029] {taskinstance.py:1166} INFO - Marking task as SUCCESS. dag_id=dag_with_python_dependencies_v03, task_id=get_sklearn, execution_date=20230923T000000, start_date=20240624T145204, end_date=20240624T145209
[2024-06-24 14:52:09,332] {local_task_job.py:188} WARNING - State of this instance has been externally set to success. Terminating instance.
[2024-06-24 14:52:09,335] {taskinstance.py:1220} INFO - 0 downstream tasks scheduled from follow-on schedule check
[2024-06-24 14:52:09,352] {process_utils.py:100} INFO - Sending Signals.SIGTERM to GPID 26119
[2024-06-24 14:52:09,354] {taskinstance.py:1239} ERROR - Received SIGTERM. Terminating subprocesses.
[2024-06-24 14:52:09,520] {process_utils.py:66} INFO - Process psutil.Process(pid=26119, status='terminated', exitcode=1, started='14:52:03') (26119) terminated with exit code 1
