[2024-06-24 12:53:51,610] {taskinstance.py:851} INFO - Dependencies all met for <TaskInstance: dag_with_python_dependencies_v03.get_sklearn 2021-11-23T00:00:00+00:00 [queued]>
[2024-06-24 12:53:51,652] {taskinstance.py:851} INFO - Dependencies all met for <TaskInstance: dag_with_python_dependencies_v03.get_sklearn 2021-11-23T00:00:00+00:00 [queued]>
[2024-06-24 12:53:51,657] {taskinstance.py:1042} INFO - 
--------------------------------------------------------------------------------
[2024-06-24 12:53:51,661] {taskinstance.py:1043} INFO - Starting attempt 1 of 1
[2024-06-24 12:53:51,668] {taskinstance.py:1044} INFO - 
--------------------------------------------------------------------------------
[2024-06-24 12:53:51,880] {taskinstance.py:1063} INFO - Executing <Task(PythonOperator): get_sklearn> on 2021-11-23T00:00:00+00:00
[2024-06-24 12:53:51,910] {standard_task_runner.py:52} INFO - Started process 28986 to run task
[2024-06-24 12:53:51,937] {standard_task_runner.py:76} INFO - Running: ['airflow', 'tasks', 'run', 'dag_with_python_dependencies_v03', 'get_sklearn', '2021-11-23T00:00:00+00:00', '--job-id', '870', '--pool', 'default_pool', '--raw', '--subdir', 'DAGS_FOLDER/dag_with_python_dependencies.py', '--cfg-path', '/tmp/tmpqogz89vr', '--error-file', '/tmp/tmpkq5udfe1']
[2024-06-24 12:53:51,959] {standard_task_runner.py:77} INFO - Job 870: Subtask get_sklearn
[2024-06-24 12:53:52,521] {logging_mixin.py:104} INFO - Running <TaskInstance: dag_with_python_dependencies_v03.get_sklearn 2021-11-23T00:00:00+00:00 [running]> on host 799b1e36e3f1
[2024-06-24 12:53:53,054] {taskinstance.py:1257} INFO - Exporting the following env vars:
AIRFLOW_CTX_DAG_OWNER=coder2j
AIRFLOW_CTX_DAG_ID=dag_with_python_dependencies_v03
AIRFLOW_CTX_TASK_ID=get_sklearn
AIRFLOW_CTX_EXECUTION_DATE=2021-11-23T00:00:00+00:00
AIRFLOW_CTX_DAG_RUN_ID=scheduled__2021-11-23T00:00:00+00:00
[2024-06-24 12:54:00,115] {logging_mixin.py:104} INFO - sklearn with version: 0.24.2
[2024-06-24 12:54:00,130] {python.py:118} INFO - Done. Returned value was: None
[2024-06-24 12:54:00,336] {taskinstance.py:1166} INFO - Marking task as SUCCESS. dag_id=dag_with_python_dependencies_v03, task_id=get_sklearn, execution_date=20211123T000000, start_date=20240624T125351, end_date=20240624T125400
[2024-06-24 12:54:00,675] {taskinstance.py:1220} INFO - 1 downstream tasks scheduled from follow-on schedule check
[2024-06-24 12:54:00,842] {local_task_job.py:146} INFO - Task exited with return code 0
