[2024-06-24 14:26:58,524] {taskinstance.py:851} INFO - Dependencies all met for <TaskInstance: dag_with_taskflow_api_v02.get_name 2023-03-29T00:00:00+00:00 [queued]>
[2024-06-24 14:26:58,594] {taskinstance.py:851} INFO - Dependencies all met for <TaskInstance: dag_with_taskflow_api_v02.get_name 2023-03-29T00:00:00+00:00 [queued]>
[2024-06-24 14:26:58,608] {taskinstance.py:1042} INFO - 
--------------------------------------------------------------------------------
[2024-06-24 14:26:58,612] {taskinstance.py:1043} INFO - Starting attempt 1 of 6
[2024-06-24 14:26:58,627] {taskinstance.py:1044} INFO - 
--------------------------------------------------------------------------------
[2024-06-24 14:26:58,679] {taskinstance.py:1063} INFO - Executing <Task(_PythonDecoratedOperator): get_name> on 2023-03-29T00:00:00+00:00
[2024-06-24 14:26:58,702] {standard_task_runner.py:52} INFO - Started process 13690 to run task
[2024-06-24 14:26:58,716] {standard_task_runner.py:76} INFO - Running: ['airflow', 'tasks', 'run', 'dag_with_taskflow_api_v02', 'get_name', '2023-03-29T00:00:00+00:00', '--job-id', '6439', '--pool', 'default_pool', '--raw', '--subdir', 'DAGS_FOLDER/dag_with_taskflow_api.py', '--cfg-path', '/tmp/tmpto89i0fo', '--error-file', '/tmp/tmp_f_7txgp']
[2024-06-24 14:26:58,728] {standard_task_runner.py:77} INFO - Job 6439: Subtask get_name
[2024-06-24 14:26:58,855] {logging_mixin.py:104} INFO - Running <TaskInstance: dag_with_taskflow_api_v02.get_name 2023-03-29T00:00:00+00:00 [running]> on host 799b1e36e3f1
[2024-06-24 14:26:59,062] {taskinstance.py:1257} INFO - Exporting the following env vars:
AIRFLOW_CTX_DAG_OWNER=coder2j
AIRFLOW_CTX_DAG_ID=dag_with_taskflow_api_v02
AIRFLOW_CTX_TASK_ID=get_name
AIRFLOW_CTX_EXECUTION_DATE=2023-03-29T00:00:00+00:00
AIRFLOW_CTX_DAG_RUN_ID=scheduled__2023-03-29T00:00:00+00:00
[2024-06-24 14:26:59,399] {taskinstance.py:1166} INFO - Marking task as SUCCESS. dag_id=dag_with_taskflow_api_v02, task_id=get_name, execution_date=20230329T000000, start_date=20240624T142658, end_date=20240624T142659
[2024-06-24 14:26:59,568] {taskinstance.py:1220} INFO - 1 downstream tasks scheduled from follow-on schedule check
[2024-06-24 14:26:59,628] {local_task_job.py:146} INFO - Task exited with return code 0
