[2024-06-24 14:42:55,734] {taskinstance.py:851} INFO - Dependencies all met for <TaskInstance: our_first_dag_v5.first_task 2023-08-24T00:00:00+00:00 [queued]>
[2024-06-24 14:42:55,828] {taskinstance.py:851} INFO - Dependencies all met for <TaskInstance: our_first_dag_v5.first_task 2023-08-24T00:00:00+00:00 [queued]>
[2024-06-24 14:42:55,833] {taskinstance.py:1042} INFO - 
--------------------------------------------------------------------------------
[2024-06-24 14:42:55,838] {taskinstance.py:1043} INFO - Starting attempt 1 of 6
[2024-06-24 14:42:55,840] {taskinstance.py:1044} INFO - 
--------------------------------------------------------------------------------
[2024-06-24 14:42:55,944] {taskinstance.py:1063} INFO - Executing <Task(BashOperator): first_task> on 2023-08-24T00:00:00+00:00
[2024-06-24 14:42:55,967] {standard_task_runner.py:52} INFO - Started process 23111 to run task
[2024-06-24 14:42:56,000] {standard_task_runner.py:76} INFO - Running: ['airflow', 'tasks', 'run', 'our_first_dag_v5', 'first_task', '2023-08-24T00:00:00+00:00', '--job-id', '8893', '--pool', 'default_pool', '--raw', '--subdir', 'DAGS_FOLDER/our_first_dag.py', '--cfg-path', '/tmp/tmpxvp69hxh', '--error-file', '/tmp/tmp2487bo47']
[2024-06-24 14:42:56,035] {standard_task_runner.py:77} INFO - Job 8893: Subtask first_task
[2024-06-24 14:42:56,566] {logging_mixin.py:104} INFO - Running <TaskInstance: our_first_dag_v5.first_task 2023-08-24T00:00:00+00:00 [running]> on host 799b1e36e3f1
[2024-06-24 14:42:57,852] {taskinstance.py:1257} INFO - Exporting the following env vars:
AIRFLOW_CTX_DAG_OWNER=coder2j
AIRFLOW_CTX_DAG_ID=our_first_dag_v5
AIRFLOW_CTX_TASK_ID=first_task
AIRFLOW_CTX_EXECUTION_DATE=2023-08-24T00:00:00+00:00
AIRFLOW_CTX_DAG_RUN_ID=scheduled__2023-08-24T00:00:00+00:00
[2024-06-24 14:42:57,872] {bash.py:135} INFO - Tmp dir root location: 
 /tmp
[2024-06-24 14:42:57,886] {bash.py:158} INFO - Running command: echo hello world, this is the first task!
[2024-06-24 14:42:58,027] {bash.py:169} INFO - Output:
[2024-06-24 14:42:58,049] {bash.py:173} INFO - hello world, this is the first task!
[2024-06-24 14:42:58,069] {bash.py:177} INFO - Command exited with return code 0
[2024-06-24 14:42:58,376] {taskinstance.py:1166} INFO - Marking task as SUCCESS. dag_id=our_first_dag_v5, task_id=first_task, execution_date=20230824T000000, start_date=20240624T144255, end_date=20240624T144258
[2024-06-24 14:42:59,095] {taskinstance.py:1220} INFO - 2 downstream tasks scheduled from follow-on schedule check
[2024-06-24 14:42:59,189] {local_task_job.py:146} INFO - Task exited with return code 0
