[2024-08-13 00:00:20,204] {taskinstance.py:851} INFO - Dependencies all met for <TaskInstance: our_dag_with_python_operator_v07.get_name 2024-08-12T00:00:00+00:00 [queued]>
[2024-08-13 00:00:20,444] {taskinstance.py:851} INFO - Dependencies all met for <TaskInstance: our_dag_with_python_operator_v07.get_name 2024-08-12T00:00:00+00:00 [queued]>
[2024-08-13 00:00:20,450] {taskinstance.py:1042} INFO - 
--------------------------------------------------------------------------------
[2024-08-13 00:00:20,455] {taskinstance.py:1043} INFO - Starting attempt 1 of 6
[2024-08-13 00:00:20,460] {taskinstance.py:1044} INFO - 
--------------------------------------------------------------------------------
[2024-08-13 00:00:20,598] {taskinstance.py:1063} INFO - Executing <Task(PythonOperator): get_name> on 2024-08-12T00:00:00+00:00
[2024-08-13 00:00:20,627] {standard_task_runner.py:52} INFO - Started process 84817 to run task
[2024-08-13 00:00:20,677] {standard_task_runner.py:76} INFO - Running: ['airflow', 'tasks', 'run', 'our_dag_with_python_operator_v07', 'get_name', '2024-08-12T00:00:00+00:00', '--job-id', '12786', '--pool', 'default_pool', '--raw', '--subdir', 'DAGS_FOLDER/create_dag_with_python_operator.py', '--cfg-path', '/tmp/tmpn7i0g5t9', '--error-file', '/tmp/tmpdg52goyq']
[2024-08-13 00:00:20,715] {standard_task_runner.py:77} INFO - Job 12786: Subtask get_name
[2024-08-13 00:00:21,357] {logging_mixin.py:104} INFO - Running <TaskInstance: our_dag_with_python_operator_v07.get_name 2024-08-12T00:00:00+00:00 [running]> on host 799b1e36e3f1
[2024-08-13 00:00:22,333] {taskinstance.py:1257} INFO - Exporting the following env vars:
AIRFLOW_CTX_DAG_OWNER=coder2j
AIRFLOW_CTX_DAG_ID=our_dag_with_python_operator_v07
AIRFLOW_CTX_TASK_ID=get_name
AIRFLOW_CTX_EXECUTION_DATE=2024-08-12T00:00:00+00:00
AIRFLOW_CTX_DAG_RUN_ID=scheduled__2024-08-12T00:00:00+00:00
[2024-08-13 00:00:22,743] {python.py:118} INFO - Done. Returned value was: None
[2024-08-13 00:00:22,949] {taskinstance.py:1166} INFO - Marking task as SUCCESS. dag_id=our_dag_with_python_operator_v07, task_id=get_name, execution_date=20240812T000000, start_date=20240813T000020, end_date=20240813T000022
[2024-08-13 00:00:23,403] {taskinstance.py:1220} INFO - 1 downstream tasks scheduled from follow-on schedule check
[2024-08-13 00:00:23,560] {local_task_job.py:146} INFO - Task exited with return code 0
