[2024-06-24 14:22:30,723] {taskinstance.py:851} INFO - Dependencies all met for <TaskInstance: dag_with_python_dependencies_v03.get_sklearn 2022-08-13T00:00:00+00:00 [queued]>
[2024-06-24 14:22:30,784] {taskinstance.py:851} INFO - Dependencies all met for <TaskInstance: dag_with_python_dependencies_v03.get_sklearn 2022-08-13T00:00:00+00:00 [queued]>
[2024-06-24 14:22:30,791] {taskinstance.py:1042} INFO - 
--------------------------------------------------------------------------------
[2024-06-24 14:22:30,792] {taskinstance.py:1043} INFO - Starting attempt 1 of 1
[2024-06-24 14:22:30,792] {taskinstance.py:1044} INFO - 
--------------------------------------------------------------------------------
[2024-06-24 14:22:30,851] {taskinstance.py:1063} INFO - Executing <Task(PythonOperator): get_sklearn> on 2022-08-13T00:00:00+00:00
[2024-06-24 14:22:30,860] {standard_task_runner.py:52} INFO - Started process 6454 to run task
[2024-06-24 14:22:30,897] {standard_task_runner.py:76} INFO - Running: ['airflow', 'tasks', 'run', 'dag_with_python_dependencies_v03', 'get_sklearn', '2022-08-13T00:00:00+00:00', '--job-id', '4492', '--pool', 'default_pool', '--raw', '--subdir', 'DAGS_FOLDER/dag_with_python_dependencies.py', '--cfg-path', '/tmp/tmp_he38i7k', '--error-file', '/tmp/tmpiuyrmu5b']
[2024-06-24 14:22:30,918] {standard_task_runner.py:77} INFO - Job 4492: Subtask get_sklearn
[2024-06-24 14:22:31,192] {logging_mixin.py:104} INFO - Running <TaskInstance: dag_with_python_dependencies_v03.get_sklearn 2022-08-13T00:00:00+00:00 [running]> on host 799b1e36e3f1
[2024-06-24 14:22:31,554] {taskinstance.py:1257} INFO - Exporting the following env vars:
AIRFLOW_CTX_DAG_OWNER=coder2j
AIRFLOW_CTX_DAG_ID=dag_with_python_dependencies_v03
AIRFLOW_CTX_TASK_ID=get_sklearn
AIRFLOW_CTX_EXECUTION_DATE=2022-08-13T00:00:00+00:00
AIRFLOW_CTX_DAG_RUN_ID=scheduled__2022-08-13T00:00:00+00:00
[2024-06-24 14:22:35,883] {logging_mixin.py:104} INFO - sklearn with version: 0.24.2
[2024-06-24 14:22:35,893] {python.py:118} INFO - Done. Returned value was: None
[2024-06-24 14:22:35,965] {taskinstance.py:1166} INFO - Marking task as SUCCESS. dag_id=dag_with_python_dependencies_v03, task_id=get_sklearn, execution_date=20220813T000000, start_date=20240624T142230, end_date=20240624T142235
[2024-06-24 14:22:36,115] {local_task_job.py:188} WARNING - State of this instance has been externally set to success. Terminating instance.
[2024-06-24 14:22:36,138] {process_utils.py:100} INFO - Sending Signals.SIGTERM to GPID 6454
[2024-06-24 14:22:36,155] {taskinstance.py:1239} ERROR - Received SIGTERM. Terminating subprocesses.
[2024-06-24 14:22:36,309] {process_utils.py:66} INFO - Process psutil.Process(pid=6454, status='terminated', exitcode=1, started='14:22:29') (6454) terminated with exit code 1
