[2024-06-24 14:42:41,130] {taskinstance.py:851} INFO - Dependencies all met for <TaskInstance: dag_with_taskflow_api_v02.get_name 2023-10-20T00:00:00+00:00 [queued]>
[2024-06-24 14:42:41,561] {taskinstance.py:851} INFO - Dependencies all met for <TaskInstance: dag_with_taskflow_api_v02.get_name 2023-10-20T00:00:00+00:00 [queued]>
[2024-06-24 14:42:41,573] {taskinstance.py:1042} INFO - 
--------------------------------------------------------------------------------
[2024-06-24 14:42:41,586] {taskinstance.py:1043} INFO - Starting attempt 1 of 6
[2024-06-24 14:42:41,597] {taskinstance.py:1044} INFO - 
--------------------------------------------------------------------------------
[2024-06-24 14:42:41,777] {taskinstance.py:1063} INFO - Executing <Task(_PythonDecoratedOperator): get_name> on 2023-10-20T00:00:00+00:00
[2024-06-24 14:42:41,807] {standard_task_runner.py:52} INFO - Started process 23028 to run task
[2024-06-24 14:42:41,848] {standard_task_runner.py:76} INFO - Running: ['airflow', 'tasks', 'run', 'dag_with_taskflow_api_v02', 'get_name', '2023-10-20T00:00:00+00:00', '--job-id', '8871', '--pool', 'default_pool', '--raw', '--subdir', 'DAGS_FOLDER/dag_with_taskflow_api.py', '--cfg-path', '/tmp/tmpwmejrfbw', '--error-file', '/tmp/tmpwj4tisn_']
[2024-06-24 14:42:41,914] {standard_task_runner.py:77} INFO - Job 8871: Subtask get_name
[2024-06-24 14:42:42,528] {logging_mixin.py:104} INFO - Running <TaskInstance: dag_with_taskflow_api_v02.get_name 2023-10-20T00:00:00+00:00 [running]> on host 799b1e36e3f1
[2024-06-24 14:42:43,287] {taskinstance.py:1257} INFO - Exporting the following env vars:
AIRFLOW_CTX_DAG_OWNER=coder2j
AIRFLOW_CTX_DAG_ID=dag_with_taskflow_api_v02
AIRFLOW_CTX_TASK_ID=get_name
AIRFLOW_CTX_EXECUTION_DATE=2023-10-20T00:00:00+00:00
AIRFLOW_CTX_DAG_RUN_ID=scheduled__2023-10-20T00:00:00+00:00
[2024-06-24 14:42:44,400] {taskinstance.py:1166} INFO - Marking task as SUCCESS. dag_id=dag_with_taskflow_api_v02, task_id=get_name, execution_date=20231020T000000, start_date=20240624T144241, end_date=20240624T144244
[2024-06-24 14:42:45,140] {taskinstance.py:1220} INFO - 1 downstream tasks scheduled from follow-on schedule check
[2024-06-24 14:42:45,295] {local_task_job.py:146} INFO - Task exited with return code 0
