[2024-07-12 11:11:28,446] {taskinstance.py:851} INFO - Dependencies all met for <TaskInstance: our_first_dag_v5.second_task 2024-07-06T00:00:00+00:00 [queued]>
[2024-07-12 11:11:28,485] {taskinstance.py:851} INFO - Dependencies all met for <TaskInstance: our_first_dag_v5.second_task 2024-07-06T00:00:00+00:00 [queued]>
[2024-07-12 11:11:28,488] {taskinstance.py:1042} INFO - 
--------------------------------------------------------------------------------
[2024-07-12 11:11:28,490] {taskinstance.py:1043} INFO - Starting attempt 1 of 6
[2024-07-12 11:11:28,492] {taskinstance.py:1044} INFO - 
--------------------------------------------------------------------------------
[2024-07-12 11:11:28,542] {taskinstance.py:1063} INFO - Executing <Task(BashOperator): second_task> on 2024-07-06T00:00:00+00:00
[2024-07-12 11:11:28,554] {standard_task_runner.py:52} INFO - Started process 289 to run task
[2024-07-12 11:11:28,625] {standard_task_runner.py:76} INFO - Running: ['airflow', 'tasks', 'run', 'our_first_dag_v5', 'second_task', '2024-07-06T00:00:00+00:00', '--job-id', '12346', '--pool', 'default_pool', '--raw', '--subdir', 'DAGS_FOLDER/our_first_dag.py', '--cfg-path', '/tmp/tmpwjr1b8hh', '--error-file', '/tmp/tmpb5_ob_fz']
[2024-07-12 11:11:28,663] {standard_task_runner.py:77} INFO - Job 12346: Subtask second_task
[2024-07-12 11:11:28,900] {logging_mixin.py:104} INFO - Running <TaskInstance: our_first_dag_v5.second_task 2024-07-06T00:00:00+00:00 [running]> on host 799b1e36e3f1
[2024-07-12 11:11:29,073] {taskinstance.py:1257} INFO - Exporting the following env vars:
AIRFLOW_CTX_DAG_OWNER=coder2j
AIRFLOW_CTX_DAG_ID=our_first_dag_v5
AIRFLOW_CTX_TASK_ID=second_task
AIRFLOW_CTX_EXECUTION_DATE=2024-07-06T00:00:00+00:00
AIRFLOW_CTX_DAG_RUN_ID=scheduled__2024-07-06T00:00:00+00:00
[2024-07-12 11:11:29,079] {bash.py:135} INFO - Tmp dir root location: 
 /tmp
[2024-07-12 11:11:29,083] {bash.py:158} INFO - Running command: echo hey, I am task2 and will be running after task1!
[2024-07-12 11:11:29,184] {bash.py:169} INFO - Output:
[2024-07-12 11:11:29,218] {bash.py:173} INFO - hey, I am task2 and will be running after task1!
[2024-07-12 11:11:29,221] {bash.py:177} INFO - Command exited with return code 0
[2024-07-12 11:11:29,432] {taskinstance.py:1166} INFO - Marking task as SUCCESS. dag_id=our_first_dag_v5, task_id=second_task, execution_date=20240706T000000, start_date=20240712T111128, end_date=20240712T111129
[2024-07-12 11:11:29,672] {taskinstance.py:1220} INFO - 0 downstream tasks scheduled from follow-on schedule check
[2024-07-12 11:11:29,721] {local_task_job.py:146} INFO - Task exited with return code 0
