[2024-06-24 14:25:38,716] {taskinstance.py:851} INFO - Dependencies all met for <TaskInstance: dag_with_taskflow_api_v02.get_age 2023-02-03T00:00:00+00:00 [queued]>
[2024-06-24 14:25:38,771] {taskinstance.py:851} INFO - Dependencies all met for <TaskInstance: dag_with_taskflow_api_v02.get_age 2023-02-03T00:00:00+00:00 [queued]>
[2024-06-24 14:25:38,780] {taskinstance.py:1042} INFO - 
--------------------------------------------------------------------------------
[2024-06-24 14:25:38,781] {taskinstance.py:1043} INFO - Starting attempt 1 of 6
[2024-06-24 14:25:38,783] {taskinstance.py:1044} INFO - 
--------------------------------------------------------------------------------
[2024-06-24 14:25:38,820] {taskinstance.py:1063} INFO - Executing <Task(_PythonDecoratedOperator): get_age> on 2023-02-03T00:00:00+00:00
[2024-06-24 14:25:38,833] {standard_task_runner.py:52} INFO - Started process 11572 to run task
[2024-06-24 14:25:38,865] {standard_task_runner.py:76} INFO - Running: ['airflow', 'tasks', 'run', 'dag_with_taskflow_api_v02', 'get_age', '2023-02-03T00:00:00+00:00', '--job-id', '5872', '--pool', 'default_pool', '--raw', '--subdir', 'DAGS_FOLDER/dag_with_taskflow_api.py', '--cfg-path', '/tmp/tmpfv02kqxp', '--error-file', '/tmp/tmpw0nidi20']
[2024-06-24 14:25:38,902] {standard_task_runner.py:77} INFO - Job 5872: Subtask get_age
[2024-06-24 14:25:39,199] {logging_mixin.py:104} INFO - Running <TaskInstance: dag_with_taskflow_api_v02.get_age 2023-02-03T00:00:00+00:00 [running]> on host 799b1e36e3f1
[2024-06-24 14:25:39,315] {taskinstance.py:1257} INFO - Exporting the following env vars:
AIRFLOW_CTX_DAG_OWNER=coder2j
AIRFLOW_CTX_DAG_ID=dag_with_taskflow_api_v02
AIRFLOW_CTX_TASK_ID=get_age
AIRFLOW_CTX_EXECUTION_DATE=2023-02-03T00:00:00+00:00
AIRFLOW_CTX_DAG_RUN_ID=scheduled__2023-02-03T00:00:00+00:00
[2024-06-24 14:25:39,370] {taskinstance.py:1166} INFO - Marking task as SUCCESS. dag_id=dag_with_taskflow_api_v02, task_id=get_age, execution_date=20230203T000000, start_date=20240624T142538, end_date=20240624T142539
[2024-06-24 14:25:39,488] {taskinstance.py:1220} INFO - 0 downstream tasks scheduled from follow-on schedule check
[2024-06-24 14:25:39,540] {local_task_job.py:146} INFO - Task exited with return code 0
