[2024-07-05 00:08:38,729] {taskinstance.py:851} INFO - Dependencies all met for <TaskInstance: our_first_dag_v5.first_task 2024-07-04T00:00:00+00:00 [queued]>
[2024-07-05 00:08:38,880] {taskinstance.py:851} INFO - Dependencies all met for <TaskInstance: our_first_dag_v5.first_task 2024-07-04T00:00:00+00:00 [queued]>
[2024-07-05 00:08:38,887] {taskinstance.py:1042} INFO - 
--------------------------------------------------------------------------------
[2024-07-05 00:08:38,891] {taskinstance.py:1043} INFO - Starting attempt 1 of 6
[2024-07-05 00:08:38,896] {taskinstance.py:1044} INFO - 
--------------------------------------------------------------------------------
[2024-07-05 00:08:39,047] {taskinstance.py:1063} INFO - Executing <Task(BashOperator): first_task> on 2024-07-04T00:00:00+00:00
[2024-07-05 00:08:39,075] {standard_task_runner.py:52} INFO - Started process 42373 to run task
[2024-07-05 00:08:39,135] {standard_task_runner.py:76} INFO - Running: ['airflow', 'tasks', 'run', 'our_first_dag_v5', 'first_task', '2024-07-04T00:00:00+00:00', '--job-id', '12298', '--pool', 'default_pool', '--raw', '--subdir', 'DAGS_FOLDER/our_first_dag.py', '--cfg-path', '/tmp/tmpdu3n9nh0', '--error-file', '/tmp/tmpon16p7ig']
[2024-07-05 00:08:39,164] {standard_task_runner.py:77} INFO - Job 12298: Subtask first_task
[2024-07-05 00:08:39,723] {logging_mixin.py:104} INFO - Running <TaskInstance: our_first_dag_v5.first_task 2024-07-04T00:00:00+00:00 [running]> on host 799b1e36e3f1
[2024-07-05 00:08:40,292] {taskinstance.py:1257} INFO - Exporting the following env vars:
AIRFLOW_CTX_DAG_OWNER=coder2j
AIRFLOW_CTX_DAG_ID=our_first_dag_v5
AIRFLOW_CTX_TASK_ID=first_task
AIRFLOW_CTX_EXECUTION_DATE=2024-07-04T00:00:00+00:00
AIRFLOW_CTX_DAG_RUN_ID=scheduled__2024-07-04T00:00:00+00:00
[2024-07-05 00:08:40,303] {bash.py:135} INFO - Tmp dir root location: 
 /tmp
[2024-07-05 00:08:40,316] {bash.py:158} INFO - Running command: echo hello world, this is the first task!
[2024-07-05 00:08:40,482] {bash.py:169} INFO - Output:
[2024-07-05 00:08:40,562] {bash.py:173} INFO - hello world, this is the first task!
[2024-07-05 00:08:40,571] {bash.py:177} INFO - Command exited with return code 0
[2024-07-05 00:08:40,823] {taskinstance.py:1166} INFO - Marking task as SUCCESS. dag_id=our_first_dag_v5, task_id=first_task, execution_date=20240704T000000, start_date=20240705T000838, end_date=20240705T000840
[2024-07-05 00:08:41,193] {taskinstance.py:1220} INFO - 2 downstream tasks scheduled from follow-on schedule check
[2024-07-05 00:08:41,258] {local_task_job.py:146} INFO - Task exited with return code 0
