[2024-06-24 14:25:28,078] {taskinstance.py:851} INFO - Dependencies all met for <TaskInstance: our_dag_with_python_operator_v07.greet 2023-01-03T00:00:00+00:00 [queued]>
[2024-06-24 14:25:28,148] {taskinstance.py:851} INFO - Dependencies all met for <TaskInstance: our_dag_with_python_operator_v07.greet 2023-01-03T00:00:00+00:00 [queued]>
[2024-06-24 14:25:28,153] {taskinstance.py:1042} INFO - 
--------------------------------------------------------------------------------
[2024-06-24 14:25:28,154] {taskinstance.py:1043} INFO - Starting attempt 1 of 6
[2024-06-24 14:25:28,158] {taskinstance.py:1044} INFO - 
--------------------------------------------------------------------------------
[2024-06-24 14:25:28,232] {taskinstance.py:1063} INFO - Executing <Task(PythonOperator): greet> on 2023-01-03T00:00:00+00:00
[2024-06-24 14:25:28,244] {standard_task_runner.py:52} INFO - Started process 11268 to run task
[2024-06-24 14:25:28,266] {standard_task_runner.py:76} INFO - Running: ['airflow', 'tasks', 'run', 'our_dag_with_python_operator_v07', 'greet', '2023-01-03T00:00:00+00:00', '--job-id', '5795', '--pool', 'default_pool', '--raw', '--subdir', 'DAGS_FOLDER/create_dag_with_python_operator.py', '--cfg-path', '/tmp/tmpi9eid6yk', '--error-file', '/tmp/tmpx47i2_3z']
[2024-06-24 14:25:28,282] {standard_task_runner.py:77} INFO - Job 5795: Subtask greet
[2024-06-24 14:25:28,479] {logging_mixin.py:104} INFO - Running <TaskInstance: our_dag_with_python_operator_v07.greet 2023-01-03T00:00:00+00:00 [running]> on host 799b1e36e3f1
[2024-06-24 14:25:28,683] {taskinstance.py:1257} INFO - Exporting the following env vars:
AIRFLOW_CTX_DAG_OWNER=coder2j
AIRFLOW_CTX_DAG_ID=our_dag_with_python_operator_v07
AIRFLOW_CTX_TASK_ID=greet
AIRFLOW_CTX_EXECUTION_DATE=2023-01-03T00:00:00+00:00
AIRFLOW_CTX_DAG_RUN_ID=scheduled__2023-01-03T00:00:00+00:00
[2024-06-24 14:25:28,684] {logging_mixin.py:104} INFO - some dict:  {'a': 1, 'b': 2}
[2024-06-24 14:25:28,779] {logging_mixin.py:104} INFO - Hello World! My name is Jerry Fridman, and I am 19 years old!
[2024-06-24 14:25:28,785] {python.py:118} INFO - Done. Returned value was: None
[2024-06-24 14:25:28,850] {taskinstance.py:1166} INFO - Marking task as SUCCESS. dag_id=our_dag_with_python_operator_v07, task_id=greet, execution_date=20230103T000000, start_date=20240624T142528, end_date=20240624T142528
[2024-06-24 14:25:28,953] {taskinstance.py:1220} INFO - 0 downstream tasks scheduled from follow-on schedule check
[2024-06-24 14:25:29,019] {local_task_job.py:146} INFO - Task exited with return code 0
