[2024-06-24 14:24:20,848] {taskinstance.py:851} INFO - Dependencies all met for <TaskInstance: dag_with_python_dependencies_v03.get_sklearn 2022-10-14T00:00:00+00:00 [queued]>
[2024-06-24 14:24:20,935] {taskinstance.py:851} INFO - Dependencies all met for <TaskInstance: dag_with_python_dependencies_v03.get_sklearn 2022-10-14T00:00:00+00:00 [queued]>
[2024-06-24 14:24:20,941] {taskinstance.py:1042} INFO - 
--------------------------------------------------------------------------------
[2024-06-24 14:24:20,942] {taskinstance.py:1043} INFO - Starting attempt 1 of 1
[2024-06-24 14:24:20,947] {taskinstance.py:1044} INFO - 
--------------------------------------------------------------------------------
[2024-06-24 14:24:21,079] {taskinstance.py:1063} INFO - Executing <Task(PythonOperator): get_sklearn> on 2022-10-14T00:00:00+00:00
[2024-06-24 14:24:21,096] {standard_task_runner.py:52} INFO - Started process 9413 to run task
[2024-06-24 14:24:21,160] {standard_task_runner.py:76} INFO - Running: ['airflow', 'tasks', 'run', 'dag_with_python_dependencies_v03', 'get_sklearn', '2022-10-14T00:00:00+00:00', '--job-id', '5299', '--pool', 'default_pool', '--raw', '--subdir', 'DAGS_FOLDER/dag_with_python_dependencies.py', '--cfg-path', '/tmp/tmpd3560xmk', '--error-file', '/tmp/tmpdz0bd9w1']
[2024-06-24 14:24:21,170] {standard_task_runner.py:77} INFO - Job 5299: Subtask get_sklearn
[2024-06-24 14:24:21,576] {logging_mixin.py:104} INFO - Running <TaskInstance: dag_with_python_dependencies_v03.get_sklearn 2022-10-14T00:00:00+00:00 [running]> on host 799b1e36e3f1
[2024-06-24 14:24:21,781] {taskinstance.py:1257} INFO - Exporting the following env vars:
AIRFLOW_CTX_DAG_OWNER=coder2j
AIRFLOW_CTX_DAG_ID=dag_with_python_dependencies_v03
AIRFLOW_CTX_TASK_ID=get_sklearn
AIRFLOW_CTX_EXECUTION_DATE=2022-10-14T00:00:00+00:00
AIRFLOW_CTX_DAG_RUN_ID=scheduled__2022-10-14T00:00:00+00:00
[2024-06-24 14:24:24,636] {logging_mixin.py:104} INFO - sklearn with version: 0.24.2
[2024-06-24 14:24:24,641] {python.py:118} INFO - Done. Returned value was: None
[2024-06-24 14:24:24,699] {taskinstance.py:1166} INFO - Marking task as SUCCESS. dag_id=dag_with_python_dependencies_v03, task_id=get_sklearn, execution_date=20221014T000000, start_date=20240624T142420, end_date=20240624T142424
[2024-06-24 14:24:24,833] {taskinstance.py:1220} INFO - 1 downstream tasks scheduled from follow-on schedule check
[2024-06-24 14:24:24,959] {local_task_job.py:146} INFO - Task exited with return code 0
