[2024-06-24 14:21:21,051] {taskinstance.py:851} INFO - Dependencies all met for <TaskInstance: dag_with_python_dependencies_v03.get_matplotlib 2022-06-25T00:00:00+00:00 [queued]>
[2024-06-24 14:21:21,090] {taskinstance.py:851} INFO - Dependencies all met for <TaskInstance: dag_with_python_dependencies_v03.get_matplotlib 2022-06-25T00:00:00+00:00 [queued]>
[2024-06-24 14:21:21,091] {taskinstance.py:1042} INFO - 
--------------------------------------------------------------------------------
[2024-06-24 14:21:21,092] {taskinstance.py:1043} INFO - Starting attempt 1 of 1
[2024-06-24 14:21:21,092] {taskinstance.py:1044} INFO - 
--------------------------------------------------------------------------------
[2024-06-24 14:21:21,129] {taskinstance.py:1063} INFO - Executing <Task(PythonOperator): get_matplotlib> on 2022-06-25T00:00:00+00:00
[2024-06-24 14:21:21,141] {standard_task_runner.py:52} INFO - Started process 4648 to run task
[2024-06-24 14:21:21,172] {standard_task_runner.py:76} INFO - Running: ['airflow', 'tasks', 'run', 'dag_with_python_dependencies_v03', 'get_matplotlib', '2022-06-25T00:00:00+00:00', '--job-id', '4013', '--pool', 'default_pool', '--raw', '--subdir', 'DAGS_FOLDER/dag_with_python_dependencies.py', '--cfg-path', '/tmp/tmp_uz7vfu7', '--error-file', '/tmp/tmp64n6_zfn']
[2024-06-24 14:21:21,187] {standard_task_runner.py:77} INFO - Job 4013: Subtask get_matplotlib
[2024-06-24 14:21:21,607] {logging_mixin.py:104} INFO - Running <TaskInstance: dag_with_python_dependencies_v03.get_matplotlib 2022-06-25T00:00:00+00:00 [running]> on host 799b1e36e3f1
[2024-06-24 14:21:21,849] {taskinstance.py:1257} INFO - Exporting the following env vars:
AIRFLOW_CTX_DAG_OWNER=coder2j
AIRFLOW_CTX_DAG_ID=dag_with_python_dependencies_v03
AIRFLOW_CTX_TASK_ID=get_matplotlib
AIRFLOW_CTX_EXECUTION_DATE=2022-06-25T00:00:00+00:00
AIRFLOW_CTX_DAG_RUN_ID=scheduled__2022-06-25T00:00:00+00:00
[2024-06-24 14:21:22,153] {__init__.py:482} WARNING - Matplotlib created a temporary config/cache directory at /tmp/matplotlib-t4dgatlv because the default path (/home/airflow/.config/matplotlib) is not a writable directory; it is highly recommended to set the MPLCONFIGDIR environment variable to a writable directory, in particular to speed up the import of Matplotlib and to better support multiprocessing.
[2024-06-24 14:21:22,215] {logging_mixin.py:104} INFO - matplotlib with version: 3.3.3
[2024-06-24 14:21:22,224] {python.py:118} INFO - Done. Returned value was: None
[2024-06-24 14:21:22,266] {taskinstance.py:1166} INFO - Marking task as SUCCESS. dag_id=dag_with_python_dependencies_v03, task_id=get_matplotlib, execution_date=20220625T000000, start_date=20240624T142121, end_date=20240624T142122
[2024-06-24 14:21:22,391] {taskinstance.py:1220} INFO - 0 downstream tasks scheduled from follow-on schedule check
[2024-06-24 14:21:22,440] {local_task_job.py:146} INFO - Task exited with return code 0
