[2024-06-24 13:01:23,818] {taskinstance.py:851} INFO - Dependencies all met for <TaskInstance: dag_with_cron_expression_v04.task1 2024-06-20T03:00:00+00:00 [queued]>
[2024-06-24 13:01:23,881] {taskinstance.py:851} INFO - Dependencies all met for <TaskInstance: dag_with_cron_expression_v04.task1 2024-06-20T03:00:00+00:00 [queued]>
[2024-06-24 13:01:23,882] {taskinstance.py:1042} INFO - 
--------------------------------------------------------------------------------
[2024-06-24 13:01:23,883] {taskinstance.py:1043} INFO - Starting attempt 1 of 6
[2024-06-24 13:01:23,885] {taskinstance.py:1044} INFO - 
--------------------------------------------------------------------------------
[2024-06-24 13:01:23,971] {taskinstance.py:1063} INFO - Executing <Task(BashOperator): task1> on 2024-06-20T03:00:00+00:00
[2024-06-24 13:01:24,017] {standard_task_runner.py:52} INFO - Started process 36240 to run task
[2024-06-24 13:01:24,048] {standard_task_runner.py:76} INFO - Running: ['airflow', 'tasks', 'run', 'dag_with_cron_expression_v04', 'task1', '2024-06-20T03:00:00+00:00', '--job-id', '2646', '--pool', 'default_pool', '--raw', '--subdir', 'DAGS_FOLDER/dag_with_cron_expression.py', '--cfg-path', '/tmp/tmp7v3z8byt', '--error-file', '/tmp/tmp5xrlr5hs']
[2024-06-24 13:01:24,068] {standard_task_runner.py:77} INFO - Job 2646: Subtask task1
[2024-06-24 13:01:24,512] {logging_mixin.py:104} INFO - Running <TaskInstance: dag_with_cron_expression_v04.task1 2024-06-20T03:00:00+00:00 [running]> on host 799b1e36e3f1
[2024-06-24 13:01:24,772] {taskinstance.py:1257} INFO - Exporting the following env vars:
AIRFLOW_CTX_DAG_OWNER=coder2j
AIRFLOW_CTX_DAG_ID=dag_with_cron_expression_v04
AIRFLOW_CTX_TASK_ID=task1
AIRFLOW_CTX_EXECUTION_DATE=2024-06-20T03:00:00+00:00
AIRFLOW_CTX_DAG_RUN_ID=scheduled__2024-06-20T03:00:00+00:00
[2024-06-24 13:01:24,780] {bash.py:135} INFO - Tmp dir root location: 
 /tmp
[2024-06-24 13:01:24,791] {bash.py:158} INFO - Running command: echo dag with cron expression!
[2024-06-24 13:01:24,847] {bash.py:169} INFO - Output:
[2024-06-24 13:01:24,855] {bash.py:173} INFO - dag with cron expression!
[2024-06-24 13:01:24,859] {bash.py:177} INFO - Command exited with return code 0
[2024-06-24 13:01:25,002] {taskinstance.py:1166} INFO - Marking task as SUCCESS. dag_id=dag_with_cron_expression_v04, task_id=task1, execution_date=20240620T030000, start_date=20240624T130123, end_date=20240624T130125
[2024-06-24 13:01:25,138] {taskinstance.py:1220} INFO - 0 downstream tasks scheduled from follow-on schedule check
[2024-06-24 13:01:25,191] {local_task_job.py:146} INFO - Task exited with return code 0
