[2024-06-24 15:05:46,307] {taskinstance.py:851} INFO - Dependencies all met for <TaskInstance: dag_with_python_dependencies_v03.get_sklearn 2024-02-24T00:00:00+00:00 [queued]>
[2024-06-24 15:05:46,354] {taskinstance.py:851} INFO - Dependencies all met for <TaskInstance: dag_with_python_dependencies_v03.get_sklearn 2024-02-24T00:00:00+00:00 [queued]>
[2024-06-24 15:05:46,356] {taskinstance.py:1042} INFO - 
--------------------------------------------------------------------------------
[2024-06-24 15:05:46,357] {taskinstance.py:1043} INFO - Starting attempt 1 of 1
[2024-06-24 15:05:46,357] {taskinstance.py:1044} INFO - 
--------------------------------------------------------------------------------
[2024-06-24 15:05:46,473] {taskinstance.py:1063} INFO - Executing <Task(PythonOperator): get_sklearn> on 2024-02-24T00:00:00+00:00
[2024-06-24 15:05:46,503] {standard_task_runner.py:52} INFO - Started process 34055 to run task
[2024-06-24 15:05:46,532] {standard_task_runner.py:76} INFO - Running: ['airflow', 'tasks', 'run', 'dag_with_python_dependencies_v03', 'get_sklearn', '2024-02-24T00:00:00+00:00', '--job-id', '11622', '--pool', 'default_pool', '--raw', '--subdir', 'DAGS_FOLDER/dag_with_python_dependencies.py', '--cfg-path', '/tmp/tmpbd8mg501', '--error-file', '/tmp/tmpyw9gu5w4']
[2024-06-24 15:05:46,541] {standard_task_runner.py:77} INFO - Job 11622: Subtask get_sklearn
[2024-06-24 15:05:46,746] {logging_mixin.py:104} INFO - Running <TaskInstance: dag_with_python_dependencies_v03.get_sklearn 2024-02-24T00:00:00+00:00 [running]> on host 799b1e36e3f1
[2024-06-24 15:05:46,877] {taskinstance.py:1257} INFO - Exporting the following env vars:
AIRFLOW_CTX_DAG_OWNER=coder2j
AIRFLOW_CTX_DAG_ID=dag_with_python_dependencies_v03
AIRFLOW_CTX_TASK_ID=get_sklearn
AIRFLOW_CTX_EXECUTION_DATE=2024-02-24T00:00:00+00:00
AIRFLOW_CTX_DAG_RUN_ID=scheduled__2024-02-24T00:00:00+00:00
[2024-06-24 15:05:50,895] {logging_mixin.py:104} INFO - sklearn with version: 0.24.2
[2024-06-24 15:05:50,897] {python.py:118} INFO - Done. Returned value was: None
[2024-06-24 15:05:50,932] {taskinstance.py:1166} INFO - Marking task as SUCCESS. dag_id=dag_with_python_dependencies_v03, task_id=get_sklearn, execution_date=20240224T000000, start_date=20240624T150546, end_date=20240624T150550
[2024-06-24 15:05:51,042] {taskinstance.py:1220} INFO - 1 downstream tasks scheduled from follow-on schedule check
[2024-06-24 15:05:51,158] {local_task_job.py:146} INFO - Task exited with return code 0
