[2024-08-13 00:00:30,618] {taskinstance.py:851} INFO - Dependencies all met for <TaskInstance: our_dag_with_python_operator_v07.greet 2024-08-12T00:00:00+00:00 [queued]>
[2024-08-13 00:00:30,846] {taskinstance.py:851} INFO - Dependencies all met for <TaskInstance: our_dag_with_python_operator_v07.greet 2024-08-12T00:00:00+00:00 [queued]>
[2024-08-13 00:00:30,849] {taskinstance.py:1042} INFO - 
--------------------------------------------------------------------------------
[2024-08-13 00:00:30,854] {taskinstance.py:1043} INFO - Starting attempt 1 of 6
[2024-08-13 00:00:30,862] {taskinstance.py:1044} INFO - 
--------------------------------------------------------------------------------
[2024-08-13 00:00:30,962] {taskinstance.py:1063} INFO - Executing <Task(PythonOperator): greet> on 2024-08-12T00:00:00+00:00
[2024-08-13 00:00:30,990] {standard_task_runner.py:52} INFO - Started process 84848 to run task
[2024-08-13 00:00:31,043] {standard_task_runner.py:76} INFO - Running: ['airflow', 'tasks', 'run', 'our_dag_with_python_operator_v07', 'greet', '2024-08-12T00:00:00+00:00', '--job-id', '12793', '--pool', 'default_pool', '--raw', '--subdir', 'DAGS_FOLDER/create_dag_with_python_operator.py', '--cfg-path', '/tmp/tmpfn_bf1lr', '--error-file', '/tmp/tmpiqltotyj']
[2024-08-13 00:00:31,082] {standard_task_runner.py:77} INFO - Job 12793: Subtask greet
[2024-08-13 00:00:31,877] {logging_mixin.py:104} INFO - Running <TaskInstance: our_dag_with_python_operator_v07.greet 2024-08-12T00:00:00+00:00 [running]> on host 799b1e36e3f1
[2024-08-13 00:00:32,947] {taskinstance.py:1257} INFO - Exporting the following env vars:
AIRFLOW_CTX_DAG_OWNER=coder2j
AIRFLOW_CTX_DAG_ID=our_dag_with_python_operator_v07
AIRFLOW_CTX_TASK_ID=greet
AIRFLOW_CTX_EXECUTION_DATE=2024-08-12T00:00:00+00:00
AIRFLOW_CTX_DAG_RUN_ID=scheduled__2024-08-12T00:00:00+00:00
[2024-08-13 00:00:32,974] {logging_mixin.py:104} INFO - some dict:  {'a': 1, 'b': 2}
[2024-08-13 00:00:33,237] {logging_mixin.py:104} INFO - Hello World! My name is Jerry Fridman, and I am 19 years old!
[2024-08-13 00:00:33,243] {python.py:118} INFO - Done. Returned value was: None
[2024-08-13 00:00:33,362] {taskinstance.py:1166} INFO - Marking task as SUCCESS. dag_id=our_dag_with_python_operator_v07, task_id=greet, execution_date=20240812T000000, start_date=20240813T000030, end_date=20240813T000033
[2024-08-13 00:00:33,602] {taskinstance.py:1220} INFO - 0 downstream tasks scheduled from follow-on schedule check
[2024-08-13 00:00:33,651] {local_task_job.py:146} INFO - Task exited with return code 0
