[2024-08-01 17:19:45,310] {taskinstance.py:851} INFO - Dependencies all met for <TaskInstance: dag_with_taskflow_api_v02.get_age 2024-07-28T00:00:00+00:00 [queued]>
[2024-08-01 17:19:45,482] {taskinstance.py:851} INFO - Dependencies all met for <TaskInstance: dag_with_taskflow_api_v02.get_age 2024-07-28T00:00:00+00:00 [queued]>
[2024-08-01 17:19:45,510] {taskinstance.py:1042} INFO - 
--------------------------------------------------------------------------------
[2024-08-01 17:19:45,512] {taskinstance.py:1043} INFO - Starting attempt 1 of 6
[2024-08-01 17:19:45,514] {taskinstance.py:1044} INFO - 
--------------------------------------------------------------------------------
[2024-08-01 17:19:45,650] {taskinstance.py:1063} INFO - Executing <Task(_PythonDecoratedOperator): get_age> on 2024-07-28T00:00:00+00:00
[2024-08-01 17:19:45,666] {standard_task_runner.py:52} INFO - Started process 247 to run task
[2024-08-01 17:19:45,719] {standard_task_runner.py:76} INFO - Running: ['airflow', 'tasks', 'run', 'dag_with_taskflow_api_v02', 'get_age', '2024-07-28T00:00:00+00:00', '--job-id', '12592', '--pool', 'default_pool', '--raw', '--subdir', 'DAGS_FOLDER/dag_with_taskflow_api.py', '--cfg-path', '/tmp/tmp5ag6jhuw', '--error-file', '/tmp/tmpmf3xbqn6']
[2024-08-01 17:19:45,738] {standard_task_runner.py:77} INFO - Job 12592: Subtask get_age
[2024-08-01 17:19:46,100] {logging_mixin.py:104} INFO - Running <TaskInstance: dag_with_taskflow_api_v02.get_age 2024-07-28T00:00:00+00:00 [running]> on host 799b1e36e3f1
[2024-08-01 17:19:46,927] {taskinstance.py:1257} INFO - Exporting the following env vars:
AIRFLOW_CTX_DAG_OWNER=coder2j
AIRFLOW_CTX_DAG_ID=dag_with_taskflow_api_v02
AIRFLOW_CTX_TASK_ID=get_age
AIRFLOW_CTX_EXECUTION_DATE=2024-07-28T00:00:00+00:00
AIRFLOW_CTX_DAG_RUN_ID=scheduled__2024-07-28T00:00:00+00:00
[2024-08-01 17:19:47,518] {taskinstance.py:1166} INFO - Marking task as SUCCESS. dag_id=dag_with_taskflow_api_v02, task_id=get_age, execution_date=20240728T000000, start_date=20240801T171945, end_date=20240801T171947
[2024-08-01 17:19:48,084] {taskinstance.py:1220} INFO - 1 downstream tasks scheduled from follow-on schedule check
[2024-08-01 17:19:48,402] {local_task_job.py:146} INFO - Task exited with return code 0
