[2024-06-24 14:23:13,394] {taskinstance.py:851} INFO - Dependencies all met for <TaskInstance: our_dag_with_python_operator_v07.get_age 2022-10-22T00:00:00+00:00 [queued]>
[2024-06-24 14:23:13,460] {taskinstance.py:851} INFO - Dependencies all met for <TaskInstance: our_dag_with_python_operator_v07.get_age 2022-10-22T00:00:00+00:00 [queued]>
[2024-06-24 14:23:13,464] {taskinstance.py:1042} INFO - 
--------------------------------------------------------------------------------
[2024-06-24 14:23:13,465] {taskinstance.py:1043} INFO - Starting attempt 1 of 6
[2024-06-24 14:23:13,466] {taskinstance.py:1044} INFO - 
--------------------------------------------------------------------------------
[2024-06-24 14:23:13,545] {taskinstance.py:1063} INFO - Executing <Task(PythonOperator): get_age> on 2022-10-22T00:00:00+00:00
[2024-06-24 14:23:13,575] {standard_task_runner.py:52} INFO - Started process 7600 to run task
[2024-06-24 14:23:13,583] {standard_task_runner.py:76} INFO - Running: ['airflow', 'tasks', 'run', 'our_dag_with_python_operator_v07', 'get_age', '2022-10-22T00:00:00+00:00', '--job-id', '4794', '--pool', 'default_pool', '--raw', '--subdir', 'DAGS_FOLDER/create_dag_with_python_operator.py', '--cfg-path', '/tmp/tmptromswda', '--error-file', '/tmp/tmpsk9amn9i']
[2024-06-24 14:23:13,604] {standard_task_runner.py:77} INFO - Job 4794: Subtask get_age
[2024-06-24 14:23:13,753] {logging_mixin.py:104} INFO - Running <TaskInstance: our_dag_with_python_operator_v07.get_age 2022-10-22T00:00:00+00:00 [running]> on host 799b1e36e3f1
[2024-06-24 14:23:13,944] {taskinstance.py:1257} INFO - Exporting the following env vars:
AIRFLOW_CTX_DAG_OWNER=coder2j
AIRFLOW_CTX_DAG_ID=our_dag_with_python_operator_v07
AIRFLOW_CTX_TASK_ID=get_age
AIRFLOW_CTX_EXECUTION_DATE=2022-10-22T00:00:00+00:00
AIRFLOW_CTX_DAG_RUN_ID=scheduled__2022-10-22T00:00:00+00:00
[2024-06-24 14:23:13,984] {python.py:118} INFO - Done. Returned value was: None
[2024-06-24 14:23:14,021] {taskinstance.py:1166} INFO - Marking task as SUCCESS. dag_id=our_dag_with_python_operator_v07, task_id=get_age, execution_date=20221022T000000, start_date=20240624T142313, end_date=20240624T142314
[2024-06-24 14:23:14,191] {taskinstance.py:1220} INFO - 1 downstream tasks scheduled from follow-on schedule check
[2024-06-24 14:23:14,221] {local_task_job.py:146} INFO - Task exited with return code 0
