[2024-06-24 15:02:35,216] {taskinstance.py:851} INFO - Dependencies all met for <TaskInstance: our_dag_with_python_operator_v07.get_name 2024-03-03T00:00:00+00:00 [queued]>
[2024-06-24 15:02:35,284] {taskinstance.py:851} INFO - Dependencies all met for <TaskInstance: our_dag_with_python_operator_v07.get_name 2024-03-03T00:00:00+00:00 [queued]>
[2024-06-24 15:02:35,289] {taskinstance.py:1042} INFO - 
--------------------------------------------------------------------------------
[2024-06-24 15:02:35,290] {taskinstance.py:1043} INFO - Starting attempt 1 of 6
[2024-06-24 15:02:35,294] {taskinstance.py:1044} INFO - 
--------------------------------------------------------------------------------
[2024-06-24 15:02:35,436] {taskinstance.py:1063} INFO - Executing <Task(PythonOperator): get_name> on 2024-03-03T00:00:00+00:00
[2024-06-24 15:02:35,454] {standard_task_runner.py:52} INFO - Started process 29664 to run task
[2024-06-24 15:02:35,471] {standard_task_runner.py:76} INFO - Running: ['airflow', 'tasks', 'run', 'our_dag_with_python_operator_v07', 'get_name', '2024-03-03T00:00:00+00:00', '--job-id', '10466', '--pool', 'default_pool', '--raw', '--subdir', 'DAGS_FOLDER/create_dag_with_python_operator.py', '--cfg-path', '/tmp/tmpcx5kx3ks', '--error-file', '/tmp/tmpkzsg_fne']
[2024-06-24 15:02:35,490] {standard_task_runner.py:77} INFO - Job 10466: Subtask get_name
[2024-06-24 15:02:35,773] {logging_mixin.py:104} INFO - Running <TaskInstance: our_dag_with_python_operator_v07.get_name 2024-03-03T00:00:00+00:00 [running]> on host 799b1e36e3f1
[2024-06-24 15:02:36,057] {taskinstance.py:1257} INFO - Exporting the following env vars:
AIRFLOW_CTX_DAG_OWNER=coder2j
AIRFLOW_CTX_DAG_ID=our_dag_with_python_operator_v07
AIRFLOW_CTX_TASK_ID=get_name
AIRFLOW_CTX_EXECUTION_DATE=2024-03-03T00:00:00+00:00
AIRFLOW_CTX_DAG_RUN_ID=scheduled__2024-03-03T00:00:00+00:00
[2024-06-24 15:02:36,300] {python.py:118} INFO - Done. Returned value was: None
[2024-06-24 15:02:36,354] {taskinstance.py:1166} INFO - Marking task as SUCCESS. dag_id=our_dag_with_python_operator_v07, task_id=get_name, execution_date=20240303T000000, start_date=20240624T150235, end_date=20240624T150236
[2024-06-24 15:02:36,536] {taskinstance.py:1220} INFO - 0 downstream tasks scheduled from follow-on schedule check
[2024-06-24 15:02:36,625] {local_task_job.py:146} INFO - Task exited with return code 0
