[2024-06-24 15:05:13,394] {taskinstance.py:851} INFO - Dependencies all met for <TaskInstance: dag_with_taskflow_api_v02.get_name 2024-05-05T00:00:00+00:00 [queued]>
[2024-06-24 15:05:13,460] {taskinstance.py:851} INFO - Dependencies all met for <TaskInstance: dag_with_taskflow_api_v02.get_name 2024-05-05T00:00:00+00:00 [queued]>
[2024-06-24 15:05:13,463] {taskinstance.py:1042} INFO - 
--------------------------------------------------------------------------------
[2024-06-24 15:05:13,464] {taskinstance.py:1043} INFO - Starting attempt 1 of 6
[2024-06-24 15:05:13,465] {taskinstance.py:1044} INFO - 
--------------------------------------------------------------------------------
[2024-06-24 15:05:13,509] {taskinstance.py:1063} INFO - Executing <Task(_PythonDecoratedOperator): get_name> on 2024-05-05T00:00:00+00:00
[2024-06-24 15:05:13,528] {standard_task_runner.py:52} INFO - Started process 33256 to run task
[2024-06-24 15:05:13,545] {standard_task_runner.py:76} INFO - Running: ['airflow', 'tasks', 'run', 'dag_with_taskflow_api_v02', 'get_name', '2024-05-05T00:00:00+00:00', '--job-id', '11392', '--pool', 'default_pool', '--raw', '--subdir', 'DAGS_FOLDER/dag_with_taskflow_api.py', '--cfg-path', '/tmp/tmpz6yen8km', '--error-file', '/tmp/tmp0f2tz2ax']
[2024-06-24 15:05:13,561] {standard_task_runner.py:77} INFO - Job 11392: Subtask get_name
[2024-06-24 15:05:13,871] {logging_mixin.py:104} INFO - Running <TaskInstance: dag_with_taskflow_api_v02.get_name 2024-05-05T00:00:00+00:00 [running]> on host 799b1e36e3f1
[2024-06-24 15:05:14,168] {taskinstance.py:1257} INFO - Exporting the following env vars:
AIRFLOW_CTX_DAG_OWNER=coder2j
AIRFLOW_CTX_DAG_ID=dag_with_taskflow_api_v02
AIRFLOW_CTX_TASK_ID=get_name
AIRFLOW_CTX_EXECUTION_DATE=2024-05-05T00:00:00+00:00
AIRFLOW_CTX_DAG_RUN_ID=scheduled__2024-05-05T00:00:00+00:00
[2024-06-24 15:05:14,455] {taskinstance.py:1166} INFO - Marking task as SUCCESS. dag_id=dag_with_taskflow_api_v02, task_id=get_name, execution_date=20240505T000000, start_date=20240624T150513, end_date=20240624T150514
[2024-06-24 15:05:14,669] {taskinstance.py:1220} INFO - 1 downstream tasks scheduled from follow-on schedule check
[2024-06-24 15:05:14,717] {local_task_job.py:146} INFO - Task exited with return code 0
