[2024-08-06 14:24:38,692] {taskinstance.py:851} INFO - Dependencies all met for <TaskInstance: dag_with_taskflow_api_v02.get_name 2024-08-05T00:00:00+00:00 [queued]>
[2024-08-06 14:24:39,224] {taskinstance.py:851} INFO - Dependencies all met for <TaskInstance: dag_with_taskflow_api_v02.get_name 2024-08-05T00:00:00+00:00 [queued]>
[2024-08-06 14:24:39,233] {taskinstance.py:1042} INFO - 
--------------------------------------------------------------------------------
[2024-08-06 14:24:39,237] {taskinstance.py:1043} INFO - Starting attempt 1 of 6
[2024-08-06 14:24:39,239] {taskinstance.py:1044} INFO - 
--------------------------------------------------------------------------------
[2024-08-06 14:24:39,400] {taskinstance.py:1063} INFO - Executing <Task(_PythonDecoratedOperator): get_name> on 2024-08-05T00:00:00+00:00
[2024-08-06 14:24:39,417] {standard_task_runner.py:52} INFO - Started process 201 to run task
[2024-08-06 14:24:39,509] {standard_task_runner.py:76} INFO - Running: ['airflow', 'tasks', 'run', 'dag_with_taskflow_api_v02', 'get_name', '2024-08-05T00:00:00+00:00', '--job-id', '12694', '--pool', 'default_pool', '--raw', '--subdir', 'DAGS_FOLDER/dag_with_taskflow_api.py', '--cfg-path', '/tmp/tmpzpachmm3', '--error-file', '/tmp/tmpkefx9y_m']
[2024-08-06 14:24:39,546] {standard_task_runner.py:77} INFO - Job 12694: Subtask get_name
[2024-08-06 14:24:40,399] {logging_mixin.py:104} INFO - Running <TaskInstance: dag_with_taskflow_api_v02.get_name 2024-08-05T00:00:00+00:00 [running]> on host 799b1e36e3f1
[2024-08-06 14:24:41,048] {taskinstance.py:1257} INFO - Exporting the following env vars:
AIRFLOW_CTX_DAG_OWNER=coder2j
AIRFLOW_CTX_DAG_ID=dag_with_taskflow_api_v02
AIRFLOW_CTX_TASK_ID=get_name
AIRFLOW_CTX_EXECUTION_DATE=2024-08-05T00:00:00+00:00
AIRFLOW_CTX_DAG_RUN_ID=scheduled__2024-08-05T00:00:00+00:00
[2024-08-06 14:24:41,637] {taskinstance.py:1166} INFO - Marking task as SUCCESS. dag_id=dag_with_taskflow_api_v02, task_id=get_name, execution_date=20240805T000000, start_date=20240806T142438, end_date=20240806T142441
[2024-08-06 14:24:41,978] {taskinstance.py:1220} INFO - 0 downstream tasks scheduled from follow-on schedule check
[2024-08-06 14:24:42,059] {local_task_job.py:146} INFO - Task exited with return code 0
