[2024-08-01 17:19:40,034] {taskinstance.py:851} INFO - Dependencies all met for <TaskInstance: dag_with_cron_expression_v04.task1 2024-07-26T03:00:00+00:00 [queued]>
[2024-08-01 17:19:40,353] {taskinstance.py:851} INFO - Dependencies all met for <TaskInstance: dag_with_cron_expression_v04.task1 2024-07-26T03:00:00+00:00 [queued]>
[2024-08-01 17:19:40,361] {taskinstance.py:1042} INFO - 
--------------------------------------------------------------------------------
[2024-08-01 17:19:40,371] {taskinstance.py:1043} INFO - Starting attempt 1 of 6
[2024-08-01 17:19:40,378] {taskinstance.py:1044} INFO - 
--------------------------------------------------------------------------------
[2024-08-01 17:19:41,435] {taskinstance.py:1063} INFO - Executing <Task(BashOperator): task1> on 2024-07-26T03:00:00+00:00
[2024-08-01 17:19:41,621] {standard_task_runner.py:52} INFO - Started process 201 to run task
[2024-08-01 17:19:41,663] {standard_task_runner.py:76} INFO - Running: ['airflow', 'tasks', 'run', 'dag_with_cron_expression_v04', 'task1', '2024-07-26T03:00:00+00:00', '--job-id', '12589', '--pool', 'default_pool', '--raw', '--subdir', 'DAGS_FOLDER/dag_with_cron_expression.py', '--cfg-path', '/tmp/tmptga4gelj', '--error-file', '/tmp/tmpj1nqc6cz']
[2024-08-01 17:19:41,770] {standard_task_runner.py:77} INFO - Job 12589: Subtask task1
[2024-08-01 17:19:42,899] {logging_mixin.py:104} INFO - Running <TaskInstance: dag_with_cron_expression_v04.task1 2024-07-26T03:00:00+00:00 [running]> on host 799b1e36e3f1
[2024-08-01 17:19:44,173] {taskinstance.py:1257} INFO - Exporting the following env vars:
AIRFLOW_CTX_DAG_OWNER=coder2j
AIRFLOW_CTX_DAG_ID=dag_with_cron_expression_v04
AIRFLOW_CTX_TASK_ID=task1
AIRFLOW_CTX_EXECUTION_DATE=2024-07-26T03:00:00+00:00
AIRFLOW_CTX_DAG_RUN_ID=scheduled__2024-07-26T03:00:00+00:00
[2024-08-01 17:19:44,195] {bash.py:135} INFO - Tmp dir root location: 
 /tmp
[2024-08-01 17:19:44,212] {bash.py:158} INFO - Running command: echo dag with cron expression!
[2024-08-01 17:19:44,292] {bash.py:169} INFO - Output:
[2024-08-01 17:19:44,380] {bash.py:173} INFO - dag with cron expression!
[2024-08-01 17:19:44,405] {bash.py:177} INFO - Command exited with return code 0
[2024-08-01 17:19:45,051] {taskinstance.py:1166} INFO - Marking task as SUCCESS. dag_id=dag_with_cron_expression_v04, task_id=task1, execution_date=20240726T030000, start_date=20240801T171940, end_date=20240801T171945
[2024-08-01 17:19:45,771] {taskinstance.py:1220} INFO - 0 downstream tasks scheduled from follow-on schedule check
[2024-08-01 17:19:45,963] {local_task_job.py:146} INFO - Task exited with return code 0
