[2024-06-24 12:57:37,627] {taskinstance.py:851} INFO - Dependencies all met for <TaskInstance: dag_with_taskflow_api_v02.get_age 2022-01-30T00:00:00+00:00 [queued]>
[2024-06-24 12:57:37,673] {taskinstance.py:851} INFO - Dependencies all met for <TaskInstance: dag_with_taskflow_api_v02.get_age 2022-01-30T00:00:00+00:00 [queued]>
[2024-06-24 12:57:37,678] {taskinstance.py:1042} INFO - 
--------------------------------------------------------------------------------
[2024-06-24 12:57:37,688] {taskinstance.py:1043} INFO - Starting attempt 1 of 6
[2024-06-24 12:57:37,693] {taskinstance.py:1044} INFO - 
--------------------------------------------------------------------------------
[2024-06-24 12:57:37,795] {taskinstance.py:1063} INFO - Executing <Task(_PythonDecoratedOperator): get_age> on 2022-01-30T00:00:00+00:00
[2024-06-24 12:57:37,846] {standard_task_runner.py:52} INFO - Started process 32685 to run task
[2024-06-24 12:57:37,887] {standard_task_runner.py:76} INFO - Running: ['airflow', 'tasks', 'run', 'dag_with_taskflow_api_v02', 'get_age', '2022-01-30T00:00:00+00:00', '--job-id', '1769', '--pool', 'default_pool', '--raw', '--subdir', 'DAGS_FOLDER/dag_with_taskflow_api.py', '--cfg-path', '/tmp/tmp7nsl4e7t', '--error-file', '/tmp/tmplj449343']
[2024-06-24 12:57:37,923] {standard_task_runner.py:77} INFO - Job 1769: Subtask get_age
[2024-06-24 12:57:38,424] {logging_mixin.py:104} INFO - Running <TaskInstance: dag_with_taskflow_api_v02.get_age 2022-01-30T00:00:00+00:00 [running]> on host 799b1e36e3f1
[2024-06-24 12:57:38,971] {taskinstance.py:1257} INFO - Exporting the following env vars:
AIRFLOW_CTX_DAG_OWNER=coder2j
AIRFLOW_CTX_DAG_ID=dag_with_taskflow_api_v02
AIRFLOW_CTX_TASK_ID=get_age
AIRFLOW_CTX_EXECUTION_DATE=2022-01-30T00:00:00+00:00
AIRFLOW_CTX_DAG_RUN_ID=scheduled__2022-01-30T00:00:00+00:00
[2024-06-24 12:57:39,310] {taskinstance.py:1166} INFO - Marking task as SUCCESS. dag_id=dag_with_taskflow_api_v02, task_id=get_age, execution_date=20220130T000000, start_date=20240624T125737, end_date=20240624T125739
[2024-06-24 12:57:39,530] {taskinstance.py:1220} INFO - 1 downstream tasks scheduled from follow-on schedule check
[2024-06-24 12:57:39,590] {local_task_job.py:146} INFO - Task exited with return code 0
