[2024-06-24 12:54:30,523] {taskinstance.py:851} INFO - Dependencies all met for <TaskInstance: our_dag_with_python_operator_v07.get_name 2021-11-26T00:00:00+00:00 [queued]>
[2024-06-24 12:54:30,683] {taskinstance.py:851} INFO - Dependencies all met for <TaskInstance: our_dag_with_python_operator_v07.get_name 2021-11-26T00:00:00+00:00 [queued]>
[2024-06-24 12:54:30,704] {taskinstance.py:1042} INFO - 
--------------------------------------------------------------------------------
[2024-06-24 12:54:30,743] {taskinstance.py:1043} INFO - Starting attempt 1 of 6
[2024-06-24 12:54:30,744] {taskinstance.py:1044} INFO - 
--------------------------------------------------------------------------------
[2024-06-24 12:54:30,845] {taskinstance.py:1063} INFO - Executing <Task(PythonOperator): get_name> on 2021-11-26T00:00:00+00:00
[2024-06-24 12:54:30,856] {standard_task_runner.py:52} INFO - Started process 29634 to run task
[2024-06-24 12:54:30,874] {standard_task_runner.py:76} INFO - Running: ['airflow', 'tasks', 'run', 'our_dag_with_python_operator_v07', 'get_name', '2021-11-26T00:00:00+00:00', '--job-id', '1026', '--pool', 'default_pool', '--raw', '--subdir', 'DAGS_FOLDER/create_dag_with_python_operator.py', '--cfg-path', '/tmp/tmpemc5igl7', '--error-file', '/tmp/tmp8lqhxma4']
[2024-06-24 12:54:30,902] {standard_task_runner.py:77} INFO - Job 1026: Subtask get_name
[2024-06-24 12:54:31,366] {logging_mixin.py:104} INFO - Running <TaskInstance: our_dag_with_python_operator_v07.get_name 2021-11-26T00:00:00+00:00 [running]> on host 799b1e36e3f1
[2024-06-24 12:54:31,736] {taskinstance.py:1257} INFO - Exporting the following env vars:
AIRFLOW_CTX_DAG_OWNER=coder2j
AIRFLOW_CTX_DAG_ID=our_dag_with_python_operator_v07
AIRFLOW_CTX_TASK_ID=get_name
AIRFLOW_CTX_EXECUTION_DATE=2021-11-26T00:00:00+00:00
AIRFLOW_CTX_DAG_RUN_ID=scheduled__2021-11-26T00:00:00+00:00
[2024-06-24 12:54:31,933] {python.py:118} INFO - Done. Returned value was: None
[2024-06-24 12:54:31,993] {taskinstance.py:1166} INFO - Marking task as SUCCESS. dag_id=our_dag_with_python_operator_v07, task_id=get_name, execution_date=20211126T000000, start_date=20240624T125430, end_date=20240624T125431
[2024-06-24 12:54:32,151] {taskinstance.py:1220} INFO - 1 downstream tasks scheduled from follow-on schedule check
[2024-06-24 12:54:32,206] {local_task_job.py:146} INFO - Task exited with return code 0
