[2024-06-24 12:58:09,971] {taskinstance.py:851} INFO - Dependencies all met for <TaskInstance: dag_with_python_dependencies_v03.get_matplotlib 2022-02-03T00:00:00+00:00 [queued]>
[2024-06-24 12:58:10,062] {taskinstance.py:851} INFO - Dependencies all met for <TaskInstance: dag_with_python_dependencies_v03.get_matplotlib 2022-02-03T00:00:00+00:00 [queued]>
[2024-06-24 12:58:10,073] {taskinstance.py:1042} INFO - 
--------------------------------------------------------------------------------
[2024-06-24 12:58:10,079] {taskinstance.py:1043} INFO - Starting attempt 1 of 1
[2024-06-24 12:58:10,082] {taskinstance.py:1044} INFO - 
--------------------------------------------------------------------------------
[2024-06-24 12:58:10,161] {taskinstance.py:1063} INFO - Executing <Task(PythonOperator): get_matplotlib> on 2022-02-03T00:00:00+00:00
[2024-06-24 12:58:10,393] {standard_task_runner.py:52} INFO - Started process 33206 to run task
[2024-06-24 12:58:10,485] {standard_task_runner.py:76} INFO - Running: ['airflow', 'tasks', 'run', 'dag_with_python_dependencies_v03', 'get_matplotlib', '2022-02-03T00:00:00+00:00', '--job-id', '1886', '--pool', 'default_pool', '--raw', '--subdir', 'DAGS_FOLDER/dag_with_python_dependencies.py', '--cfg-path', '/tmp/tmpxu0r4urk', '--error-file', '/tmp/tmp3alzp5lr']
[2024-06-24 12:58:10,575] {standard_task_runner.py:77} INFO - Job 1886: Subtask get_matplotlib
[2024-06-24 12:58:11,049] {logging_mixin.py:104} INFO - Running <TaskInstance: dag_with_python_dependencies_v03.get_matplotlib 2022-02-03T00:00:00+00:00 [running]> on host 799b1e36e3f1
[2024-06-24 12:58:11,512] {taskinstance.py:1257} INFO - Exporting the following env vars:
AIRFLOW_CTX_DAG_OWNER=coder2j
AIRFLOW_CTX_DAG_ID=dag_with_python_dependencies_v03
AIRFLOW_CTX_TASK_ID=get_matplotlib
AIRFLOW_CTX_EXECUTION_DATE=2022-02-03T00:00:00+00:00
AIRFLOW_CTX_DAG_RUN_ID=scheduled__2022-02-03T00:00:00+00:00
[2024-06-24 12:58:12,490] {__init__.py:482} WARNING - Matplotlib created a temporary config/cache directory at /tmp/matplotlib-8vzys99t because the default path (/home/airflow/.config/matplotlib) is not a writable directory; it is highly recommended to set the MPLCONFIGDIR environment variable to a writable directory, in particular to speed up the import of Matplotlib and to better support multiprocessing.
[2024-06-24 12:58:12,553] {logging_mixin.py:104} INFO - matplotlib with version: 3.3.3
[2024-06-24 12:58:12,565] {python.py:118} INFO - Done. Returned value was: None
[2024-06-24 12:58:12,682] {taskinstance.py:1166} INFO - Marking task as SUCCESS. dag_id=dag_with_python_dependencies_v03, task_id=get_matplotlib, execution_date=20220203T000000, start_date=20240624T125809, end_date=20240624T125812
[2024-06-24 12:58:12,981] {taskinstance.py:1220} INFO - 0 downstream tasks scheduled from follow-on schedule check
[2024-06-24 12:58:13,168] {local_task_job.py:146} INFO - Task exited with return code 0
