[2024-06-24 14:26:10,020] {taskinstance.py:851} INFO - Dependencies all met for <TaskInstance: our_first_dag_v5.second_task 2022-11-29T00:00:00+00:00 [queued]>
[2024-06-24 14:26:10,085] {taskinstance.py:851} INFO - Dependencies all met for <TaskInstance: our_first_dag_v5.second_task 2022-11-29T00:00:00+00:00 [queued]>
[2024-06-24 14:26:10,091] {taskinstance.py:1042} INFO - 
--------------------------------------------------------------------------------
[2024-06-24 14:26:10,093] {taskinstance.py:1043} INFO - Starting attempt 1 of 6
[2024-06-24 14:26:10,094] {taskinstance.py:1044} INFO - 
--------------------------------------------------------------------------------
[2024-06-24 14:26:10,321] {taskinstance.py:1063} INFO - Executing <Task(BashOperator): second_task> on 2022-11-29T00:00:00+00:00
[2024-06-24 14:26:10,339] {standard_task_runner.py:52} INFO - Started process 12424 to run task
[2024-06-24 14:26:10,375] {standard_task_runner.py:76} INFO - Running: ['airflow', 'tasks', 'run', 'our_first_dag_v5', 'second_task', '2022-11-29T00:00:00+00:00', '--job-id', '6089', '--pool', 'default_pool', '--raw', '--subdir', 'DAGS_FOLDER/our_first_dag.py', '--cfg-path', '/tmp/tmp3mv0sm0u', '--error-file', '/tmp/tmpgwypiryk']
[2024-06-24 14:26:10,388] {standard_task_runner.py:77} INFO - Job 6089: Subtask second_task
[2024-06-24 14:26:10,704] {logging_mixin.py:104} INFO - Running <TaskInstance: our_first_dag_v5.second_task 2022-11-29T00:00:00+00:00 [running]> on host 799b1e36e3f1
[2024-06-24 14:26:10,907] {taskinstance.py:1257} INFO - Exporting the following env vars:
AIRFLOW_CTX_DAG_OWNER=coder2j
AIRFLOW_CTX_DAG_ID=our_first_dag_v5
AIRFLOW_CTX_TASK_ID=second_task
AIRFLOW_CTX_EXECUTION_DATE=2022-11-29T00:00:00+00:00
AIRFLOW_CTX_DAG_RUN_ID=scheduled__2022-11-29T00:00:00+00:00
[2024-06-24 14:26:10,911] {bash.py:135} INFO - Tmp dir root location: 
 /tmp
[2024-06-24 14:26:10,916] {bash.py:158} INFO - Running command: echo hey, I am task2 and will be running after task1!
[2024-06-24 14:26:10,991] {bash.py:169} INFO - Output:
[2024-06-24 14:26:10,997] {bash.py:173} INFO - hey, I am task2 and will be running after task1!
[2024-06-24 14:26:11,003] {bash.py:177} INFO - Command exited with return code 0
[2024-06-24 14:26:11,226] {taskinstance.py:1166} INFO - Marking task as SUCCESS. dag_id=our_first_dag_v5, task_id=second_task, execution_date=20221129T000000, start_date=20240624T142610, end_date=20240624T142611
[2024-06-24 14:26:11,440] {taskinstance.py:1220} INFO - 0 downstream tasks scheduled from follow-on schedule check
[2024-06-24 14:26:11,465] {local_task_job.py:146} INFO - Task exited with return code 0
