[2024-06-24 14:17:57,026] {taskinstance.py:851} INFO - Dependencies all met for <TaskInstance: our_first_dag_v5.first_task 2022-02-23T00:00:00+00:00 [queued]>
[2024-06-24 14:17:57,246] {taskinstance.py:851} INFO - Dependencies all met for <TaskInstance: our_first_dag_v5.first_task 2022-02-23T00:00:00+00:00 [queued]>
[2024-06-24 14:17:57,257] {taskinstance.py:1042} INFO - 
--------------------------------------------------------------------------------
[2024-06-24 14:17:57,270] {taskinstance.py:1043} INFO - Starting attempt 1 of 6
[2024-06-24 14:17:57,271] {taskinstance.py:1044} INFO - 
--------------------------------------------------------------------------------
[2024-06-24 14:17:57,561] {taskinstance.py:1063} INFO - Executing <Task(BashOperator): first_task> on 2022-02-23T00:00:00+00:00
[2024-06-24 14:17:57,609] {standard_task_runner.py:52} INFO - Started process 253 to run task
[2024-06-24 14:17:57,645] {standard_task_runner.py:76} INFO - Running: ['airflow', 'tasks', 'run', 'our_first_dag_v5', 'first_task', '2022-02-23T00:00:00+00:00', '--job-id', '2864', '--pool', 'default_pool', '--raw', '--subdir', 'DAGS_FOLDER/our_first_dag.py', '--cfg-path', '/tmp/tmpvd2emhpd', '--error-file', '/tmp/tmpa2jr3oyz']
[2024-06-24 14:17:57,704] {standard_task_runner.py:77} INFO - Job 2864: Subtask first_task
[2024-06-24 14:17:58,328] {logging_mixin.py:104} INFO - Running <TaskInstance: our_first_dag_v5.first_task 2022-02-23T00:00:00+00:00 [running]> on host 799b1e36e3f1
[2024-06-24 14:17:59,049] {taskinstance.py:1257} INFO - Exporting the following env vars:
AIRFLOW_CTX_DAG_OWNER=coder2j
AIRFLOW_CTX_DAG_ID=our_first_dag_v5
AIRFLOW_CTX_TASK_ID=first_task
AIRFLOW_CTX_EXECUTION_DATE=2022-02-23T00:00:00+00:00
AIRFLOW_CTX_DAG_RUN_ID=scheduled__2022-02-23T00:00:00+00:00
[2024-06-24 14:17:59,055] {bash.py:135} INFO - Tmp dir root location: 
 /tmp
[2024-06-24 14:17:59,058] {bash.py:158} INFO - Running command: echo hello world, this is the first task!
[2024-06-24 14:17:59,088] {bash.py:169} INFO - Output:
[2024-06-24 14:17:59,105] {bash.py:173} INFO - hello world, this is the first task!
[2024-06-24 14:17:59,107] {bash.py:177} INFO - Command exited with return code 0
[2024-06-24 14:17:59,299] {taskinstance.py:1166} INFO - Marking task as SUCCESS. dag_id=our_first_dag_v5, task_id=first_task, execution_date=20220223T000000, start_date=20240624T141757, end_date=20240624T141759
[2024-06-24 14:17:59,522] {taskinstance.py:1220} INFO - 2 downstream tasks scheduled from follow-on schedule check
[2024-06-24 14:17:59,585] {local_task_job.py:146} INFO - Task exited with return code 0
