[2024-08-06 14:24:37,071] {taskinstance.py:851} INFO - Dependencies all met for <TaskInstance: our_dag_with_python_operator_v07.get_name 2024-08-05T00:00:00+00:00 [queued]>
[2024-08-06 14:24:37,354] {taskinstance.py:851} INFO - Dependencies all met for <TaskInstance: our_dag_with_python_operator_v07.get_name 2024-08-05T00:00:00+00:00 [queued]>
[2024-08-06 14:24:37,356] {taskinstance.py:1042} INFO - 
--------------------------------------------------------------------------------
[2024-08-06 14:24:37,359] {taskinstance.py:1043} INFO - Starting attempt 1 of 6
[2024-08-06 14:24:37,360] {taskinstance.py:1044} INFO - 
--------------------------------------------------------------------------------
[2024-08-06 14:24:37,657] {taskinstance.py:1063} INFO - Executing <Task(PythonOperator): get_name> on 2024-08-05T00:00:00+00:00
[2024-08-06 14:24:37,774] {standard_task_runner.py:52} INFO - Started process 194 to run task
[2024-08-06 14:24:38,207] {standard_task_runner.py:76} INFO - Running: ['airflow', 'tasks', 'run', 'our_dag_with_python_operator_v07', 'get_name', '2024-08-05T00:00:00+00:00', '--job-id', '12689', '--pool', 'default_pool', '--raw', '--subdir', 'DAGS_FOLDER/create_dag_with_python_operator.py', '--cfg-path', '/tmp/tmpoqxxj0sj', '--error-file', '/tmp/tmp2xfle211']
[2024-08-06 14:24:38,484] {standard_task_runner.py:77} INFO - Job 12689: Subtask get_name
[2024-08-06 14:24:39,098] {logging_mixin.py:104} INFO - Running <TaskInstance: our_dag_with_python_operator_v07.get_name 2024-08-05T00:00:00+00:00 [running]> on host 799b1e36e3f1
[2024-08-06 14:24:39,619] {taskinstance.py:1257} INFO - Exporting the following env vars:
AIRFLOW_CTX_DAG_OWNER=coder2j
AIRFLOW_CTX_DAG_ID=our_dag_with_python_operator_v07
AIRFLOW_CTX_TASK_ID=get_name
AIRFLOW_CTX_EXECUTION_DATE=2024-08-05T00:00:00+00:00
AIRFLOW_CTX_DAG_RUN_ID=scheduled__2024-08-05T00:00:00+00:00
[2024-08-06 14:24:40,110] {python.py:118} INFO - Done. Returned value was: None
[2024-08-06 14:24:40,270] {taskinstance.py:1166} INFO - Marking task as SUCCESS. dag_id=our_dag_with_python_operator_v07, task_id=get_name, execution_date=20240805T000000, start_date=20240806T142437, end_date=20240806T142440
[2024-08-06 14:24:40,929] {taskinstance.py:1220} INFO - 1 downstream tasks scheduled from follow-on schedule check
[2024-08-06 14:24:40,968] {local_task_job.py:146} INFO - Task exited with return code 0
