[2024-07-04 19:07:07,022] {taskinstance.py:851} INFO - Dependencies all met for <TaskInstance: dag_with_cron_expression_v04.task1 2024-06-28T03:00:00+00:00 [queued]>
[2024-07-04 19:07:07,221] {taskinstance.py:851} INFO - Dependencies all met for <TaskInstance: dag_with_cron_expression_v04.task1 2024-06-28T03:00:00+00:00 [queued]>
[2024-07-04 19:07:07,225] {taskinstance.py:1042} INFO - 
--------------------------------------------------------------------------------
[2024-07-04 19:07:07,239] {taskinstance.py:1043} INFO - Starting attempt 1 of 6
[2024-07-04 19:07:07,243] {taskinstance.py:1044} INFO - 
--------------------------------------------------------------------------------
[2024-07-04 19:07:07,348] {taskinstance.py:1063} INFO - Executing <Task(BashOperator): task1> on 2024-06-28T03:00:00+00:00
[2024-07-04 19:07:07,367] {standard_task_runner.py:52} INFO - Started process 220 to run task
[2024-07-04 19:07:07,390] {standard_task_runner.py:76} INFO - Running: ['airflow', 'tasks', 'run', 'dag_with_cron_expression_v04', 'task1', '2024-06-28T03:00:00+00:00', '--job-id', '12219', '--pool', 'default_pool', '--raw', '--subdir', 'DAGS_FOLDER/dag_with_cron_expression.py', '--cfg-path', '/tmp/tmpqonhsnw_', '--error-file', '/tmp/tmpa1hxxg9l']
[2024-07-04 19:07:07,405] {standard_task_runner.py:77} INFO - Job 12219: Subtask task1
[2024-07-04 19:07:07,647] {logging_mixin.py:104} INFO - Running <TaskInstance: dag_with_cron_expression_v04.task1 2024-06-28T03:00:00+00:00 [running]> on host 799b1e36e3f1
[2024-07-04 19:07:07,971] {taskinstance.py:1257} INFO - Exporting the following env vars:
AIRFLOW_CTX_DAG_OWNER=coder2j
AIRFLOW_CTX_DAG_ID=dag_with_cron_expression_v04
AIRFLOW_CTX_TASK_ID=task1
AIRFLOW_CTX_EXECUTION_DATE=2024-06-28T03:00:00+00:00
AIRFLOW_CTX_DAG_RUN_ID=scheduled__2024-06-28T03:00:00+00:00
[2024-07-04 19:07:07,983] {bash.py:135} INFO - Tmp dir root location: 
 /tmp
[2024-07-04 19:07:07,986] {bash.py:158} INFO - Running command: echo dag with cron expression!
[2024-07-04 19:07:08,018] {bash.py:169} INFO - Output:
[2024-07-04 19:07:08,028] {bash.py:173} INFO - dag with cron expression!
[2024-07-04 19:07:08,029] {bash.py:177} INFO - Command exited with return code 0
[2024-07-04 19:07:08,238] {taskinstance.py:1166} INFO - Marking task as SUCCESS. dag_id=dag_with_cron_expression_v04, task_id=task1, execution_date=20240628T030000, start_date=20240704T190707, end_date=20240704T190708
[2024-07-04 19:07:08,333] {taskinstance.py:1220} INFO - 0 downstream tasks scheduled from follow-on schedule check
[2024-07-04 19:07:08,387] {local_task_job.py:146} INFO - Task exited with return code 0
