[2024-06-24 12:55:29,956] {taskinstance.py:851} INFO - Dependencies all met for <TaskInstance: dag_with_taskflow_api_v02.greet 2021-12-24T00:00:00+00:00 [queued]>
[2024-06-24 12:55:30,110] {taskinstance.py:851} INFO - Dependencies all met for <TaskInstance: dag_with_taskflow_api_v02.greet 2021-12-24T00:00:00+00:00 [queued]>
[2024-06-24 12:55:30,116] {taskinstance.py:1042} INFO - 
--------------------------------------------------------------------------------
[2024-06-24 12:55:30,118] {taskinstance.py:1043} INFO - Starting attempt 1 of 6
[2024-06-24 12:55:30,125] {taskinstance.py:1044} INFO - 
--------------------------------------------------------------------------------
[2024-06-24 12:55:30,238] {taskinstance.py:1063} INFO - Executing <Task(_PythonDecoratedOperator): greet> on 2021-12-24T00:00:00+00:00
[2024-06-24 12:55:30,300] {standard_task_runner.py:52} INFO - Started process 30674 to run task
[2024-06-24 12:55:30,348] {standard_task_runner.py:76} INFO - Running: ['airflow', 'tasks', 'run', 'dag_with_taskflow_api_v02', 'greet', '2021-12-24T00:00:00+00:00', '--job-id', '1287', '--pool', 'default_pool', '--raw', '--subdir', 'DAGS_FOLDER/dag_with_taskflow_api.py', '--cfg-path', '/tmp/tmpst9ppzkm', '--error-file', '/tmp/tmpjw2epcke']
[2024-06-24 12:55:30,373] {standard_task_runner.py:77} INFO - Job 1287: Subtask greet
[2024-06-24 12:55:30,856] {logging_mixin.py:104} INFO - Running <TaskInstance: dag_with_taskflow_api_v02.greet 2021-12-24T00:00:00+00:00 [running]> on host 799b1e36e3f1
[2024-06-24 12:55:31,512] {taskinstance.py:1257} INFO - Exporting the following env vars:
AIRFLOW_CTX_DAG_OWNER=coder2j
AIRFLOW_CTX_DAG_ID=dag_with_taskflow_api_v02
AIRFLOW_CTX_TASK_ID=greet
AIRFLOW_CTX_EXECUTION_DATE=2021-12-24T00:00:00+00:00
AIRFLOW_CTX_DAG_RUN_ID=scheduled__2021-12-24T00:00:00+00:00
[2024-06-24 12:55:31,518] {logging_mixin.py:104} INFO - Hello World! My name is Jerry Fridman and I am 19 years old!
[2024-06-24 12:55:31,638] {taskinstance.py:1166} INFO - Marking task as SUCCESS. dag_id=dag_with_taskflow_api_v02, task_id=greet, execution_date=20211224T000000, start_date=20240624T125529, end_date=20240624T125531
[2024-06-24 12:55:31,955] {taskinstance.py:1220} INFO - 0 downstream tasks scheduled from follow-on schedule check
[2024-06-24 12:55:32,154] {local_task_job.py:146} INFO - Task exited with return code 0
