[2024-06-24 14:22:43,507] {taskinstance.py:851} INFO - Dependencies all met for <TaskInstance: our_dag_with_python_operator_v07.get_age 2022-09-27T00:00:00+00:00 [queued]>
[2024-06-24 14:22:43,565] {taskinstance.py:851} INFO - Dependencies all met for <TaskInstance: our_dag_with_python_operator_v07.get_age 2022-09-27T00:00:00+00:00 [queued]>
[2024-06-24 14:22:43,566] {taskinstance.py:1042} INFO - 
--------------------------------------------------------------------------------
[2024-06-24 14:22:43,567] {taskinstance.py:1043} INFO - Starting attempt 1 of 6
[2024-06-24 14:22:43,569] {taskinstance.py:1044} INFO - 
--------------------------------------------------------------------------------
[2024-06-24 14:22:43,601] {taskinstance.py:1063} INFO - Executing <Task(PythonOperator): get_age> on 2022-09-27T00:00:00+00:00
[2024-06-24 14:22:43,614] {standard_task_runner.py:52} INFO - Started process 6791 to run task
[2024-06-24 14:22:43,625] {standard_task_runner.py:76} INFO - Running: ['airflow', 'tasks', 'run', 'our_dag_with_python_operator_v07', 'get_age', '2022-09-27T00:00:00+00:00', '--job-id', '4585', '--pool', 'default_pool', '--raw', '--subdir', 'DAGS_FOLDER/create_dag_with_python_operator.py', '--cfg-path', '/tmp/tmpvbw3tfwh', '--error-file', '/tmp/tmpe18a976l']
[2024-06-24 14:22:43,634] {standard_task_runner.py:77} INFO - Job 4585: Subtask get_age
[2024-06-24 14:22:43,852] {logging_mixin.py:104} INFO - Running <TaskInstance: our_dag_with_python_operator_v07.get_age 2022-09-27T00:00:00+00:00 [running]> on host 799b1e36e3f1
[2024-06-24 14:22:44,231] {taskinstance.py:1257} INFO - Exporting the following env vars:
AIRFLOW_CTX_DAG_OWNER=coder2j
AIRFLOW_CTX_DAG_ID=our_dag_with_python_operator_v07
AIRFLOW_CTX_TASK_ID=get_age
AIRFLOW_CTX_EXECUTION_DATE=2022-09-27T00:00:00+00:00
AIRFLOW_CTX_DAG_RUN_ID=scheduled__2022-09-27T00:00:00+00:00
[2024-06-24 14:22:44,413] {python.py:118} INFO - Done. Returned value was: None
[2024-06-24 14:22:44,500] {taskinstance.py:1166} INFO - Marking task as SUCCESS. dag_id=our_dag_with_python_operator_v07, task_id=get_age, execution_date=20220927T000000, start_date=20240624T142243, end_date=20240624T142244
[2024-06-24 14:22:44,745] {taskinstance.py:1220} INFO - 1 downstream tasks scheduled from follow-on schedule check
[2024-06-24 14:22:44,783] {local_task_job.py:146} INFO - Task exited with return code 0
