[2024-06-24 14:18:43,264] {taskinstance.py:851} INFO - Dependencies all met for <TaskInstance: our_dag_with_python_operator_v07.get_name 2022-05-16T00:00:00+00:00 [queued]>
[2024-06-24 14:18:43,393] {taskinstance.py:851} INFO - Dependencies all met for <TaskInstance: our_dag_with_python_operator_v07.get_name 2022-05-16T00:00:00+00:00 [queued]>
[2024-06-24 14:18:43,394] {taskinstance.py:1042} INFO - 
--------------------------------------------------------------------------------
[2024-06-24 14:18:43,402] {taskinstance.py:1043} INFO - Starting attempt 1 of 6
[2024-06-24 14:18:43,405] {taskinstance.py:1044} INFO - 
--------------------------------------------------------------------------------
[2024-06-24 14:18:43,474] {taskinstance.py:1063} INFO - Executing <Task(PythonOperator): get_name> on 2022-05-16T00:00:00+00:00
[2024-06-24 14:18:43,487] {standard_task_runner.py:52} INFO - Started process 1186 to run task
[2024-06-24 14:18:43,494] {standard_task_runner.py:76} INFO - Running: ['airflow', 'tasks', 'run', 'our_dag_with_python_operator_v07', 'get_name', '2022-05-16T00:00:00+00:00', '--job-id', '3123', '--pool', 'default_pool', '--raw', '--subdir', 'DAGS_FOLDER/create_dag_with_python_operator.py', '--cfg-path', '/tmp/tmpbf976ruw', '--error-file', '/tmp/tmpnf8qiry8']
[2024-06-24 14:18:43,503] {standard_task_runner.py:77} INFO - Job 3123: Subtask get_name
[2024-06-24 14:18:43,737] {logging_mixin.py:104} INFO - Running <TaskInstance: our_dag_with_python_operator_v07.get_name 2022-05-16T00:00:00+00:00 [running]> on host 799b1e36e3f1
[2024-06-24 14:18:43,974] {taskinstance.py:1257} INFO - Exporting the following env vars:
AIRFLOW_CTX_DAG_OWNER=coder2j
AIRFLOW_CTX_DAG_ID=our_dag_with_python_operator_v07
AIRFLOW_CTX_TASK_ID=get_name
AIRFLOW_CTX_EXECUTION_DATE=2022-05-16T00:00:00+00:00
AIRFLOW_CTX_DAG_RUN_ID=scheduled__2022-05-16T00:00:00+00:00
[2024-06-24 14:18:44,231] {python.py:118} INFO - Done. Returned value was: None
[2024-06-24 14:18:44,301] {taskinstance.py:1166} INFO - Marking task as SUCCESS. dag_id=our_dag_with_python_operator_v07, task_id=get_name, execution_date=20220516T000000, start_date=20240624T141843, end_date=20240624T141844
[2024-06-24 14:18:44,476] {taskinstance.py:1220} INFO - 1 downstream tasks scheduled from follow-on schedule check
[2024-06-24 14:18:44,541] {local_task_job.py:146} INFO - Task exited with return code 0
