[2024-08-15 00:00:12,980] {taskinstance.py:851} INFO - Dependencies all met for <TaskInstance: dag_with_taskflow_api_v02.get_name 2024-08-14T00:00:00+00:00 [queued]>
[2024-08-15 00:00:13,159] {taskinstance.py:851} INFO - Dependencies all met for <TaskInstance: dag_with_taskflow_api_v02.get_name 2024-08-14T00:00:00+00:00 [queued]>
[2024-08-15 00:00:13,161] {taskinstance.py:1042} INFO - 
--------------------------------------------------------------------------------
[2024-08-15 00:00:13,166] {taskinstance.py:1043} INFO - Starting attempt 1 of 6
[2024-08-15 00:00:13,169] {taskinstance.py:1044} INFO - 
--------------------------------------------------------------------------------
[2024-08-15 00:00:13,273] {taskinstance.py:1063} INFO - Executing <Task(_PythonDecoratedOperator): get_name> on 2024-08-14T00:00:00+00:00
[2024-08-15 00:00:13,313] {standard_task_runner.py:52} INFO - Started process 3756 to run task
[2024-08-15 00:00:13,433] {standard_task_runner.py:76} INFO - Running: ['airflow', 'tasks', 'run', 'dag_with_taskflow_api_v02', 'get_name', '2024-08-14T00:00:00+00:00', '--job-id', '12813', '--pool', 'default_pool', '--raw', '--subdir', 'DAGS_FOLDER/dag_with_taskflow_api.py', '--cfg-path', '/tmp/tmpq0aelyuo', '--error-file', '/tmp/tmpw020rjjw']
[2024-08-15 00:00:13,541] {standard_task_runner.py:77} INFO - Job 12813: Subtask get_name
[2024-08-15 00:00:14,158] {logging_mixin.py:104} INFO - Running <TaskInstance: dag_with_taskflow_api_v02.get_name 2024-08-14T00:00:00+00:00 [running]> on host 799b1e36e3f1
[2024-08-15 00:00:14,996] {taskinstance.py:1257} INFO - Exporting the following env vars:
AIRFLOW_CTX_DAG_OWNER=coder2j
AIRFLOW_CTX_DAG_ID=dag_with_taskflow_api_v02
AIRFLOW_CTX_TASK_ID=get_name
AIRFLOW_CTX_EXECUTION_DATE=2024-08-14T00:00:00+00:00
AIRFLOW_CTX_DAG_RUN_ID=scheduled__2024-08-14T00:00:00+00:00
[2024-08-15 00:00:15,959] {taskinstance.py:1166} INFO - Marking task as SUCCESS. dag_id=dag_with_taskflow_api_v02, task_id=get_name, execution_date=20240814T000000, start_date=20240815T000012, end_date=20240815T000015
[2024-08-15 00:00:16,289] {taskinstance.py:1220} INFO - 1 downstream tasks scheduled from follow-on schedule check
[2024-08-15 00:00:16,373] {local_task_job.py:146} INFO - Task exited with return code 0
