[2024-06-24 14:30:13,769] {taskinstance.py:851} INFO - Dependencies all met for <TaskInstance: dag_with_python_dependencies_v03.get_sklearn 2023-05-10T00:00:00+00:00 [queued]>
[2024-06-24 14:30:13,837] {taskinstance.py:851} INFO - Dependencies all met for <TaskInstance: dag_with_python_dependencies_v03.get_sklearn 2023-05-10T00:00:00+00:00 [queued]>
[2024-06-24 14:30:13,855] {taskinstance.py:1042} INFO - 
--------------------------------------------------------------------------------
[2024-06-24 14:30:13,861] {taskinstance.py:1043} INFO - Starting attempt 1 of 1
[2024-06-24 14:30:13,866] {taskinstance.py:1044} INFO - 
--------------------------------------------------------------------------------
[2024-06-24 14:30:14,016] {taskinstance.py:1063} INFO - Executing <Task(PythonOperator): get_sklearn> on 2023-05-10T00:00:00+00:00
[2024-06-24 14:30:14,052] {standard_task_runner.py:52} INFO - Started process 18880 to run task
[2024-06-24 14:30:14,075] {standard_task_runner.py:76} INFO - Running: ['airflow', 'tasks', 'run', 'dag_with_python_dependencies_v03', 'get_sklearn', '2023-05-10T00:00:00+00:00', '--job-id', '7841', '--pool', 'default_pool', '--raw', '--subdir', 'DAGS_FOLDER/dag_with_python_dependencies.py', '--cfg-path', '/tmp/tmpncfqbhxe', '--error-file', '/tmp/tmpbyzntlfm']
[2024-06-24 14:30:14,115] {standard_task_runner.py:77} INFO - Job 7841: Subtask get_sklearn
[2024-06-24 14:30:14,472] {logging_mixin.py:104} INFO - Running <TaskInstance: dag_with_python_dependencies_v03.get_sklearn 2023-05-10T00:00:00+00:00 [running]> on host 799b1e36e3f1
[2024-06-24 14:30:14,793] {taskinstance.py:1257} INFO - Exporting the following env vars:
AIRFLOW_CTX_DAG_OWNER=coder2j
AIRFLOW_CTX_DAG_ID=dag_with_python_dependencies_v03
AIRFLOW_CTX_TASK_ID=get_sklearn
AIRFLOW_CTX_EXECUTION_DATE=2023-05-10T00:00:00+00:00
AIRFLOW_CTX_DAG_RUN_ID=scheduled__2023-05-10T00:00:00+00:00
[2024-06-24 14:30:18,988] {logging_mixin.py:104} INFO - sklearn with version: 0.24.2
[2024-06-24 14:30:18,998] {python.py:118} INFO - Done. Returned value was: None
[2024-06-24 14:30:19,051] {taskinstance.py:1166} INFO - Marking task as SUCCESS. dag_id=dag_with_python_dependencies_v03, task_id=get_sklearn, execution_date=20230510T000000, start_date=20240624T143013, end_date=20240624T143019
[2024-06-24 14:30:19,358] {local_task_job.py:188} WARNING - State of this instance has been externally set to success. Terminating instance.
[2024-06-24 14:30:19,389] {process_utils.py:100} INFO - Sending Signals.SIGTERM to GPID 18880
[2024-06-24 14:30:19,447] {taskinstance.py:1239} ERROR - Received SIGTERM. Terminating subprocesses.
[2024-06-24 14:30:19,635] {process_utils.py:66} INFO - Process psutil.Process(pid=18880, status='terminated', exitcode=1, started='14:30:13') (18880) terminated with exit code 1
