[2024-06-24 14:27:30,524] {taskinstance.py:851} INFO - Dependencies all met for <TaskInstance: our_dag_with_python_operator_v07.greet 2023-04-13T00:00:00+00:00 [queued]>
[2024-06-24 14:27:30,571] {taskinstance.py:851} INFO - Dependencies all met for <TaskInstance: our_dag_with_python_operator_v07.greet 2023-04-13T00:00:00+00:00 [queued]>
[2024-06-24 14:27:30,575] {taskinstance.py:1042} INFO - 
--------------------------------------------------------------------------------
[2024-06-24 14:27:30,577] {taskinstance.py:1043} INFO - Starting attempt 1 of 6
[2024-06-24 14:27:30,578] {taskinstance.py:1044} INFO - 
--------------------------------------------------------------------------------
[2024-06-24 14:27:30,639] {taskinstance.py:1063} INFO - Executing <Task(PythonOperator): greet> on 2023-04-13T00:00:00+00:00
[2024-06-24 14:27:30,662] {standard_task_runner.py:52} INFO - Started process 14553 to run task
[2024-06-24 14:27:30,676] {standard_task_runner.py:76} INFO - Running: ['airflow', 'tasks', 'run', 'our_dag_with_python_operator_v07', 'greet', '2023-04-13T00:00:00+00:00', '--job-id', '6675', '--pool', 'default_pool', '--raw', '--subdir', 'DAGS_FOLDER/create_dag_with_python_operator.py', '--cfg-path', '/tmp/tmpml9lve4d', '--error-file', '/tmp/tmplqas4cwa']
[2024-06-24 14:27:30,688] {standard_task_runner.py:77} INFO - Job 6675: Subtask greet
[2024-06-24 14:27:31,054] {logging_mixin.py:104} INFO - Running <TaskInstance: our_dag_with_python_operator_v07.greet 2023-04-13T00:00:00+00:00 [running]> on host 799b1e36e3f1
[2024-06-24 14:27:31,315] {taskinstance.py:1257} INFO - Exporting the following env vars:
AIRFLOW_CTX_DAG_OWNER=coder2j
AIRFLOW_CTX_DAG_ID=our_dag_with_python_operator_v07
AIRFLOW_CTX_TASK_ID=greet
AIRFLOW_CTX_EXECUTION_DATE=2023-04-13T00:00:00+00:00
AIRFLOW_CTX_DAG_RUN_ID=scheduled__2023-04-13T00:00:00+00:00
[2024-06-24 14:27:31,325] {logging_mixin.py:104} INFO - some dict:  {'a': 1, 'b': 2}
[2024-06-24 14:27:31,453] {logging_mixin.py:104} INFO - Hello World! My name is Jerry Fridman, and I am 19 years old!
[2024-06-24 14:27:31,458] {python.py:118} INFO - Done. Returned value was: None
[2024-06-24 14:27:31,490] {taskinstance.py:1166} INFO - Marking task as SUCCESS. dag_id=our_dag_with_python_operator_v07, task_id=greet, execution_date=20230413T000000, start_date=20240624T142730, end_date=20240624T142731
[2024-06-24 14:27:31,604] {taskinstance.py:1220} INFO - 0 downstream tasks scheduled from follow-on schedule check
[2024-06-24 14:27:31,659] {local_task_job.py:146} INFO - Task exited with return code 0
