[2024-06-24 15:05:04,692] {taskinstance.py:851} INFO - Dependencies all met for <TaskInstance: our_first_dag_v5.second_task 2024-03-27T00:00:00+00:00 [queued]>
[2024-06-24 15:05:04,750] {taskinstance.py:851} INFO - Dependencies all met for <TaskInstance: our_first_dag_v5.second_task 2024-03-27T00:00:00+00:00 [queued]>
[2024-06-24 15:05:04,752] {taskinstance.py:1042} INFO - 
--------------------------------------------------------------------------------
[2024-06-24 15:05:04,765] {taskinstance.py:1043} INFO - Starting attempt 1 of 6
[2024-06-24 15:05:04,766] {taskinstance.py:1044} INFO - 
--------------------------------------------------------------------------------
[2024-06-24 15:05:04,874] {taskinstance.py:1063} INFO - Executing <Task(BashOperator): second_task> on 2024-03-27T00:00:00+00:00
[2024-06-24 15:05:04,910] {standard_task_runner.py:52} INFO - Started process 33003 to run task
[2024-06-24 15:05:04,930] {standard_task_runner.py:76} INFO - Running: ['airflow', 'tasks', 'run', 'our_first_dag_v5', 'second_task', '2024-03-27T00:00:00+00:00', '--job-id', '11334', '--pool', 'default_pool', '--raw', '--subdir', 'DAGS_FOLDER/our_first_dag.py', '--cfg-path', '/tmp/tmp7f3dg02o', '--error-file', '/tmp/tmpmz7ki_c7']
[2024-06-24 15:05:04,938] {standard_task_runner.py:77} INFO - Job 11334: Subtask second_task
[2024-06-24 15:05:05,239] {logging_mixin.py:104} INFO - Running <TaskInstance: our_first_dag_v5.second_task 2024-03-27T00:00:00+00:00 [running]> on host 799b1e36e3f1
[2024-06-24 15:05:05,468] {taskinstance.py:1257} INFO - Exporting the following env vars:
AIRFLOW_CTX_DAG_OWNER=coder2j
AIRFLOW_CTX_DAG_ID=our_first_dag_v5
AIRFLOW_CTX_TASK_ID=second_task
AIRFLOW_CTX_EXECUTION_DATE=2024-03-27T00:00:00+00:00
AIRFLOW_CTX_DAG_RUN_ID=scheduled__2024-03-27T00:00:00+00:00
[2024-06-24 15:05:05,475] {bash.py:135} INFO - Tmp dir root location: 
 /tmp
[2024-06-24 15:05:05,484] {bash.py:158} INFO - Running command: echo hey, I am task2 and will be running after task1!
[2024-06-24 15:05:05,515] {bash.py:169} INFO - Output:
[2024-06-24 15:05:05,520] {bash.py:173} INFO - hey, I am task2 and will be running after task1!
[2024-06-24 15:05:05,521] {bash.py:177} INFO - Command exited with return code 0
[2024-06-24 15:05:05,628] {taskinstance.py:1166} INFO - Marking task as SUCCESS. dag_id=our_first_dag_v5, task_id=second_task, execution_date=20240327T000000, start_date=20240624T150504, end_date=20240624T150505
[2024-06-24 15:05:05,710] {taskinstance.py:1220} INFO - 0 downstream tasks scheduled from follow-on schedule check
[2024-06-24 15:05:05,748] {local_task_job.py:146} INFO - Task exited with return code 0
