[2024-06-24 12:58:27,122] {taskinstance.py:851} INFO - Dependencies all met for <TaskInstance: dag_with_taskflow_api_v02.get_name 2022-02-24T00:00:00+00:00 [queued]>
[2024-06-24 12:58:27,362] {taskinstance.py:851} INFO - Dependencies all met for <TaskInstance: dag_with_taskflow_api_v02.get_name 2022-02-24T00:00:00+00:00 [queued]>
[2024-06-24 12:58:27,375] {taskinstance.py:1042} INFO - 
--------------------------------------------------------------------------------
[2024-06-24 12:58:27,377] {taskinstance.py:1043} INFO - Starting attempt 1 of 6
[2024-06-24 12:58:27,380] {taskinstance.py:1044} INFO - 
--------------------------------------------------------------------------------
[2024-06-24 12:58:27,540] {taskinstance.py:1063} INFO - Executing <Task(_PythonDecoratedOperator): get_name> on 2022-02-24T00:00:00+00:00
[2024-06-24 12:58:27,636] {standard_task_runner.py:76} INFO - Running: ['airflow', 'tasks', 'run', 'dag_with_taskflow_api_v02', 'get_name', '2022-02-24T00:00:00+00:00', '--job-id', '1945', '--pool', 'default_pool', '--raw', '--subdir', 'DAGS_FOLDER/dag_with_taskflow_api.py', '--cfg-path', '/tmp/tmprn36u5h0', '--error-file', '/tmp/tmpxu4fzmll']
[2024-06-24 12:58:27,658] {standard_task_runner.py:77} INFO - Job 1945: Subtask get_name
[2024-06-24 12:58:27,614] {standard_task_runner.py:52} INFO - Started process 33457 to run task
[2024-06-24 12:58:28,086] {logging_mixin.py:104} INFO - Running <TaskInstance: dag_with_taskflow_api_v02.get_name 2022-02-24T00:00:00+00:00 [running]> on host 799b1e36e3f1
[2024-06-24 12:58:28,516] {taskinstance.py:1257} INFO - Exporting the following env vars:
AIRFLOW_CTX_DAG_OWNER=coder2j
AIRFLOW_CTX_DAG_ID=dag_with_taskflow_api_v02
AIRFLOW_CTX_TASK_ID=get_name
AIRFLOW_CTX_EXECUTION_DATE=2022-02-24T00:00:00+00:00
AIRFLOW_CTX_DAG_RUN_ID=scheduled__2022-02-24T00:00:00+00:00
[2024-06-24 12:58:29,103] {taskinstance.py:1166} INFO - Marking task as SUCCESS. dag_id=dag_with_taskflow_api_v02, task_id=get_name, execution_date=20220224T000000, start_date=20240624T125827, end_date=20240624T125829
[2024-06-24 12:58:29,510] {taskinstance.py:1220} INFO - 1 downstream tasks scheduled from follow-on schedule check
[2024-06-24 12:58:29,555] {local_task_job.py:146} INFO - Task exited with return code 0
