[2024-06-24 12:53:14,950] {taskinstance.py:851} INFO - Dependencies all met for <TaskInstance: dag_with_taskflow_api_v02.greet 2021-11-25T00:00:00+00:00 [queued]>
[2024-06-24 12:53:15,040] {taskinstance.py:851} INFO - Dependencies all met for <TaskInstance: dag_with_taskflow_api_v02.greet 2021-11-25T00:00:00+00:00 [queued]>
[2024-06-24 12:53:15,050] {taskinstance.py:1042} INFO - 
--------------------------------------------------------------------------------
[2024-06-24 12:53:15,051] {taskinstance.py:1043} INFO - Starting attempt 1 of 6
[2024-06-24 12:53:15,060] {taskinstance.py:1044} INFO - 
--------------------------------------------------------------------------------
[2024-06-24 12:53:15,209] {taskinstance.py:1063} INFO - Executing <Task(_PythonDecoratedOperator): greet> on 2021-11-25T00:00:00+00:00
[2024-06-24 12:53:15,282] {standard_task_runner.py:52} INFO - Started process 28415 to run task
[2024-06-24 12:53:15,333] {standard_task_runner.py:76} INFO - Running: ['airflow', 'tasks', 'run', 'dag_with_taskflow_api_v02', 'greet', '2021-11-25T00:00:00+00:00', '--job-id', '734', '--pool', 'default_pool', '--raw', '--subdir', 'DAGS_FOLDER/dag_with_taskflow_api.py', '--cfg-path', '/tmp/tmp5_tqr049', '--error-file', '/tmp/tmpibl2v_0k']
[2024-06-24 12:53:15,343] {standard_task_runner.py:77} INFO - Job 734: Subtask greet
[2024-06-24 12:53:15,820] {logging_mixin.py:104} INFO - Running <TaskInstance: dag_with_taskflow_api_v02.greet 2021-11-25T00:00:00+00:00 [running]> on host 799b1e36e3f1
[2024-06-24 12:53:16,445] {taskinstance.py:1257} INFO - Exporting the following env vars:
AIRFLOW_CTX_DAG_OWNER=coder2j
AIRFLOW_CTX_DAG_ID=dag_with_taskflow_api_v02
AIRFLOW_CTX_TASK_ID=greet
AIRFLOW_CTX_EXECUTION_DATE=2021-11-25T00:00:00+00:00
AIRFLOW_CTX_DAG_RUN_ID=scheduled__2021-11-25T00:00:00+00:00
[2024-06-24 12:53:16,449] {logging_mixin.py:104} INFO - Hello World! My name is Jerry Fridman and I am 19 years old!
[2024-06-24 12:53:16,723] {taskinstance.py:1166} INFO - Marking task as SUCCESS. dag_id=dag_with_taskflow_api_v02, task_id=greet, execution_date=20211125T000000, start_date=20240624T125314, end_date=20240624T125316
[2024-06-24 12:53:17,195] {taskinstance.py:1220} INFO - 0 downstream tasks scheduled from follow-on schedule check
[2024-06-24 12:53:17,347] {local_task_job.py:146} INFO - Task exited with return code 0
