[2024-07-27 04:00:27,234] {taskinstance.py:851} INFO - Dependencies all met for <TaskInstance: dag_with_taskflow_api_v02.greet 2024-07-26T00:00:00+00:00 [queued]>
[2024-07-27 04:00:27,319] {taskinstance.py:851} INFO - Dependencies all met for <TaskInstance: dag_with_taskflow_api_v02.greet 2024-07-26T00:00:00+00:00 [queued]>
[2024-07-27 04:00:27,327] {taskinstance.py:1042} INFO - 
--------------------------------------------------------------------------------
[2024-07-27 04:00:27,328] {taskinstance.py:1043} INFO - Starting attempt 1 of 6
[2024-07-27 04:00:27,332] {taskinstance.py:1044} INFO - 
--------------------------------------------------------------------------------
[2024-07-27 04:00:27,386] {taskinstance.py:1063} INFO - Executing <Task(_PythonDecoratedOperator): greet> on 2024-07-26T00:00:00+00:00
[2024-07-27 04:00:27,446] {standard_task_runner.py:52} INFO - Started process 67914 to run task
[2024-07-27 04:00:27,483] {standard_task_runner.py:76} INFO - Running: ['airflow', 'tasks', 'run', 'dag_with_taskflow_api_v02', 'greet', '2024-07-26T00:00:00+00:00', '--job-id', '12576', '--pool', 'default_pool', '--raw', '--subdir', 'DAGS_FOLDER/dag_with_taskflow_api.py', '--cfg-path', '/tmp/tmpxtkle_ut', '--error-file', '/tmp/tmpxkf71ckt']
[2024-07-27 04:00:27,501] {standard_task_runner.py:77} INFO - Job 12576: Subtask greet
[2024-07-27 04:00:27,776] {logging_mixin.py:104} INFO - Running <TaskInstance: dag_with_taskflow_api_v02.greet 2024-07-26T00:00:00+00:00 [running]> on host 799b1e36e3f1
[2024-07-27 04:00:28,053] {taskinstance.py:1257} INFO - Exporting the following env vars:
AIRFLOW_CTX_DAG_OWNER=coder2j
AIRFLOW_CTX_DAG_ID=dag_with_taskflow_api_v02
AIRFLOW_CTX_TASK_ID=greet
AIRFLOW_CTX_EXECUTION_DATE=2024-07-26T00:00:00+00:00
AIRFLOW_CTX_DAG_RUN_ID=scheduled__2024-07-26T00:00:00+00:00
[2024-07-27 04:00:28,057] {logging_mixin.py:104} INFO - Hello World! My name is Jerry Fridman and I am 19 years old!
[2024-07-27 04:00:28,146] {taskinstance.py:1166} INFO - Marking task as SUCCESS. dag_id=dag_with_taskflow_api_v02, task_id=greet, execution_date=20240726T000000, start_date=20240727T040027, end_date=20240727T040028
[2024-07-27 04:00:28,260] {taskinstance.py:1220} INFO - 0 downstream tasks scheduled from follow-on schedule check
[2024-07-27 04:00:28,311] {local_task_job.py:146} INFO - Task exited with return code 0
