[2024-06-24 15:03:05,359] {taskinstance.py:851} INFO - Dependencies all met for <TaskInstance: our_dag_with_python_operator_v07.get_name 2024-03-20T00:00:00+00:00 [queued]>
[2024-06-24 15:03:05,408] {taskinstance.py:851} INFO - Dependencies all met for <TaskInstance: our_dag_with_python_operator_v07.get_name 2024-03-20T00:00:00+00:00 [queued]>
[2024-06-24 15:03:05,413] {taskinstance.py:1042} INFO - 
--------------------------------------------------------------------------------
[2024-06-24 15:03:05,413] {taskinstance.py:1043} INFO - Starting attempt 1 of 6
[2024-06-24 15:03:05,415] {taskinstance.py:1044} INFO - 
--------------------------------------------------------------------------------
[2024-06-24 15:03:05,452] {taskinstance.py:1063} INFO - Executing <Task(PythonOperator): get_name> on 2024-03-20T00:00:00+00:00
[2024-06-24 15:03:05,459] {standard_task_runner.py:52} INFO - Started process 30351 to run task
[2024-06-24 15:03:05,467] {standard_task_runner.py:76} INFO - Running: ['airflow', 'tasks', 'run', 'our_dag_with_python_operator_v07', 'get_name', '2024-03-20T00:00:00+00:00', '--job-id', '10646', '--pool', 'default_pool', '--raw', '--subdir', 'DAGS_FOLDER/create_dag_with_python_operator.py', '--cfg-path', '/tmp/tmpvv8_4yww', '--error-file', '/tmp/tmpv72r7x9e']
[2024-06-24 15:03:05,475] {standard_task_runner.py:77} INFO - Job 10646: Subtask get_name
[2024-06-24 15:03:05,781] {logging_mixin.py:104} INFO - Running <TaskInstance: our_dag_with_python_operator_v07.get_name 2024-03-20T00:00:00+00:00 [running]> on host 799b1e36e3f1
[2024-06-24 15:03:06,013] {taskinstance.py:1257} INFO - Exporting the following env vars:
AIRFLOW_CTX_DAG_OWNER=coder2j
AIRFLOW_CTX_DAG_ID=our_dag_with_python_operator_v07
AIRFLOW_CTX_TASK_ID=get_name
AIRFLOW_CTX_EXECUTION_DATE=2024-03-20T00:00:00+00:00
AIRFLOW_CTX_DAG_RUN_ID=scheduled__2024-03-20T00:00:00+00:00
[2024-06-24 15:03:06,200] {python.py:118} INFO - Done. Returned value was: None
[2024-06-24 15:03:06,271] {taskinstance.py:1166} INFO - Marking task as SUCCESS. dag_id=our_dag_with_python_operator_v07, task_id=get_name, execution_date=20240320T000000, start_date=20240624T150305, end_date=20240624T150306
[2024-06-24 15:03:06,432] {taskinstance.py:1220} INFO - 1 downstream tasks scheduled from follow-on schedule check
[2024-06-24 15:03:06,489] {local_task_job.py:146} INFO - Task exited with return code 0
