[2024-06-24 14:28:56,036] {taskinstance.py:851} INFO - Dependencies all met for <TaskInstance: our_dag_with_python_operator_v07.get_name 2023-06-10T00:00:00+00:00 [queued]>
[2024-06-24 14:28:56,106] {taskinstance.py:851} INFO - Dependencies all met for <TaskInstance: our_dag_with_python_operator_v07.get_name 2023-06-10T00:00:00+00:00 [queued]>
[2024-06-24 14:28:56,110] {taskinstance.py:1042} INFO - 
--------------------------------------------------------------------------------
[2024-06-24 14:28:56,115] {taskinstance.py:1043} INFO - Starting attempt 1 of 6
[2024-06-24 14:28:56,116] {taskinstance.py:1044} INFO - 
--------------------------------------------------------------------------------
[2024-06-24 14:28:56,158] {taskinstance.py:1063} INFO - Executing <Task(PythonOperator): get_name> on 2023-06-10T00:00:00+00:00
[2024-06-24 14:28:56,168] {standard_task_runner.py:52} INFO - Started process 16789 to run task
[2024-06-24 14:28:56,180] {standard_task_runner.py:76} INFO - Running: ['airflow', 'tasks', 'run', 'our_dag_with_python_operator_v07', 'get_name', '2023-06-10T00:00:00+00:00', '--job-id', '7273', '--pool', 'default_pool', '--raw', '--subdir', 'DAGS_FOLDER/create_dag_with_python_operator.py', '--cfg-path', '/tmp/tmpqbnj4f97', '--error-file', '/tmp/tmpihp6v17a']
[2024-06-24 14:28:56,188] {standard_task_runner.py:77} INFO - Job 7273: Subtask get_name
[2024-06-24 14:28:56,335] {logging_mixin.py:104} INFO - Running <TaskInstance: our_dag_with_python_operator_v07.get_name 2023-06-10T00:00:00+00:00 [running]> on host 799b1e36e3f1
[2024-06-24 14:28:56,457] {taskinstance.py:1257} INFO - Exporting the following env vars:
AIRFLOW_CTX_DAG_OWNER=coder2j
AIRFLOW_CTX_DAG_ID=our_dag_with_python_operator_v07
AIRFLOW_CTX_TASK_ID=get_name
AIRFLOW_CTX_EXECUTION_DATE=2023-06-10T00:00:00+00:00
AIRFLOW_CTX_DAG_RUN_ID=scheduled__2023-06-10T00:00:00+00:00
[2024-06-24 14:28:56,548] {python.py:118} INFO - Done. Returned value was: None
[2024-06-24 14:28:56,602] {taskinstance.py:1166} INFO - Marking task as SUCCESS. dag_id=our_dag_with_python_operator_v07, task_id=get_name, execution_date=20230610T000000, start_date=20240624T142856, end_date=20240624T142856
[2024-06-24 14:28:56,716] {taskinstance.py:1220} INFO - 0 downstream tasks scheduled from follow-on schedule check
[2024-06-24 14:28:56,759] {local_task_job.py:146} INFO - Task exited with return code 0
