[2024-07-23 11:11:24,296] {taskinstance.py:851} INFO - Dependencies all met for <TaskInstance: our_first_dag_v5.thrid_task 2024-07-18T00:00:00+00:00 [queued]>
[2024-07-23 11:11:24,430] {taskinstance.py:851} INFO - Dependencies all met for <TaskInstance: our_first_dag_v5.thrid_task 2024-07-18T00:00:00+00:00 [queued]>
[2024-07-23 11:11:24,434] {taskinstance.py:1042} INFO - 
--------------------------------------------------------------------------------
[2024-07-23 11:11:24,443] {taskinstance.py:1043} INFO - Starting attempt 1 of 6
[2024-07-23 11:11:24,446] {taskinstance.py:1044} INFO - 
--------------------------------------------------------------------------------
[2024-07-23 11:11:24,666] {taskinstance.py:1063} INFO - Executing <Task(BashOperator): thrid_task> on 2024-07-18T00:00:00+00:00
[2024-07-23 11:11:24,683] {standard_task_runner.py:52} INFO - Started process 318 to run task
[2024-07-23 11:11:24,791] {standard_task_runner.py:76} INFO - Running: ['airflow', 'tasks', 'run', 'our_first_dag_v5', 'thrid_task', '2024-07-18T00:00:00+00:00', '--job-id', '12485', '--pool', 'default_pool', '--raw', '--subdir', 'DAGS_FOLDER/our_first_dag.py', '--cfg-path', '/tmp/tmptlo_eet8', '--error-file', '/tmp/tmppducfkss']
[2024-07-23 11:11:25,001] {standard_task_runner.py:77} INFO - Job 12485: Subtask thrid_task
[2024-07-23 11:11:25,828] {logging_mixin.py:104} INFO - Running <TaskInstance: our_first_dag_v5.thrid_task 2024-07-18T00:00:00+00:00 [running]> on host 799b1e36e3f1
[2024-07-23 11:11:26,281] {taskinstance.py:1257} INFO - Exporting the following env vars:
AIRFLOW_CTX_DAG_OWNER=coder2j
AIRFLOW_CTX_DAG_ID=our_first_dag_v5
AIRFLOW_CTX_TASK_ID=thrid_task
AIRFLOW_CTX_EXECUTION_DATE=2024-07-18T00:00:00+00:00
AIRFLOW_CTX_DAG_RUN_ID=scheduled__2024-07-18T00:00:00+00:00
[2024-07-23 11:11:26,286] {bash.py:135} INFO - Tmp dir root location: 
 /tmp
[2024-07-23 11:11:26,291] {bash.py:158} INFO - Running command: echo hey, I am task3 and will be running after task1 at the same time as task2!
[2024-07-23 11:11:26,333] {bash.py:169} INFO - Output:
[2024-07-23 11:11:26,359] {bash.py:173} INFO - hey, I am task3 and will be running after task1 at the same time as task2!
[2024-07-23 11:11:26,361] {bash.py:177} INFO - Command exited with return code 0
[2024-07-23 11:11:26,777] {taskinstance.py:1166} INFO - Marking task as SUCCESS. dag_id=our_first_dag_v5, task_id=thrid_task, execution_date=20240718T000000, start_date=20240723T111124, end_date=20240723T111126
[2024-07-23 11:11:27,735] {taskinstance.py:1220} INFO - 0 downstream tasks scheduled from follow-on schedule check
[2024-07-23 11:11:27,802] {local_task_job.py:146} INFO - Task exited with return code 0
