[2024-06-24 14:29:54,049] {taskinstance.py:851} INFO - Dependencies all met for <TaskInstance: our_first_dag_v5.first_task 2023-05-07T00:00:00+00:00 [queued]>
[2024-06-24 14:29:54,078] {taskinstance.py:851} INFO - Dependencies all met for <TaskInstance: our_first_dag_v5.first_task 2023-05-07T00:00:00+00:00 [queued]>
[2024-06-24 14:29:54,080] {taskinstance.py:1042} INFO - 
--------------------------------------------------------------------------------
[2024-06-24 14:29:54,082] {taskinstance.py:1043} INFO - Starting attempt 1 of 6
[2024-06-24 14:29:54,087] {taskinstance.py:1044} INFO - 
--------------------------------------------------------------------------------
[2024-06-24 14:29:54,151] {taskinstance.py:1063} INFO - Executing <Task(BashOperator): first_task> on 2023-05-07T00:00:00+00:00
[2024-06-24 14:29:54,160] {standard_task_runner.py:52} INFO - Started process 18352 to run task
[2024-06-24 14:29:54,168] {standard_task_runner.py:76} INFO - Running: ['airflow', 'tasks', 'run', 'our_first_dag_v5', 'first_task', '2023-05-07T00:00:00+00:00', '--job-id', '7701', '--pool', 'default_pool', '--raw', '--subdir', 'DAGS_FOLDER/our_first_dag.py', '--cfg-path', '/tmp/tmptnumgilw', '--error-file', '/tmp/tmp3k1i1zjs']
[2024-06-24 14:29:54,187] {standard_task_runner.py:77} INFO - Job 7701: Subtask first_task
[2024-06-24 14:29:54,387] {logging_mixin.py:104} INFO - Running <TaskInstance: our_first_dag_v5.first_task 2023-05-07T00:00:00+00:00 [running]> on host 799b1e36e3f1
[2024-06-24 14:29:54,585] {taskinstance.py:1257} INFO - Exporting the following env vars:
AIRFLOW_CTX_DAG_OWNER=coder2j
AIRFLOW_CTX_DAG_ID=our_first_dag_v5
AIRFLOW_CTX_TASK_ID=first_task
AIRFLOW_CTX_EXECUTION_DATE=2023-05-07T00:00:00+00:00
AIRFLOW_CTX_DAG_RUN_ID=scheduled__2023-05-07T00:00:00+00:00
[2024-06-24 14:29:54,592] {bash.py:135} INFO - Tmp dir root location: 
 /tmp
[2024-06-24 14:29:54,597] {bash.py:158} INFO - Running command: echo hello world, this is the first task!
[2024-06-24 14:29:54,620] {bash.py:169} INFO - Output:
[2024-06-24 14:29:54,628] {bash.py:173} INFO - hello world, this is the first task!
[2024-06-24 14:29:54,634] {bash.py:177} INFO - Command exited with return code 0
[2024-06-24 14:29:54,738] {taskinstance.py:1166} INFO - Marking task as SUCCESS. dag_id=our_first_dag_v5, task_id=first_task, execution_date=20230507T000000, start_date=20240624T142954, end_date=20240624T142954
[2024-06-24 14:29:54,888] {taskinstance.py:1220} INFO - 2 downstream tasks scheduled from follow-on schedule check
[2024-06-24 14:29:54,907] {local_task_job.py:146} INFO - Task exited with return code 0
