[2024-08-06 14:24:36,202] {taskinstance.py:851} INFO - Dependencies all met for <TaskInstance: our_dag_with_python_operator_v07.get_age 2024-08-04T00:00:00+00:00 [queued]>
[2024-08-06 14:24:36,380] {taskinstance.py:851} INFO - Dependencies all met for <TaskInstance: our_dag_with_python_operator_v07.get_age 2024-08-04T00:00:00+00:00 [queued]>
[2024-08-06 14:24:36,385] {taskinstance.py:1042} INFO - 
--------------------------------------------------------------------------------
[2024-08-06 14:24:36,393] {taskinstance.py:1043} INFO - Starting attempt 1 of 6
[2024-08-06 14:24:36,396] {taskinstance.py:1044} INFO - 
--------------------------------------------------------------------------------
[2024-08-06 14:24:36,565] {taskinstance.py:1063} INFO - Executing <Task(PythonOperator): get_age> on 2024-08-04T00:00:00+00:00
[2024-08-06 14:24:36,805] {standard_task_runner.py:52} INFO - Started process 190 to run task
[2024-08-06 14:24:36,867] {standard_task_runner.py:76} INFO - Running: ['airflow', 'tasks', 'run', 'our_dag_with_python_operator_v07', 'get_age', '2024-08-04T00:00:00+00:00', '--job-id', '12683', '--pool', 'default_pool', '--raw', '--subdir', 'DAGS_FOLDER/create_dag_with_python_operator.py', '--cfg-path', '/tmp/tmp0v3lkfq2', '--error-file', '/tmp/tmpvcl2ac54']
[2024-08-06 14:24:36,923] {standard_task_runner.py:77} INFO - Job 12683: Subtask get_age
[2024-08-06 14:24:37,893] {logging_mixin.py:104} INFO - Running <TaskInstance: our_dag_with_python_operator_v07.get_age 2024-08-04T00:00:00+00:00 [running]> on host 799b1e36e3f1
[2024-08-06 14:24:39,300] {taskinstance.py:1257} INFO - Exporting the following env vars:
AIRFLOW_CTX_DAG_OWNER=coder2j
AIRFLOW_CTX_DAG_ID=our_dag_with_python_operator_v07
AIRFLOW_CTX_TASK_ID=get_age
AIRFLOW_CTX_EXECUTION_DATE=2024-08-04T00:00:00+00:00
AIRFLOW_CTX_DAG_RUN_ID=scheduled__2024-08-04T00:00:00+00:00
[2024-08-06 14:24:39,582] {python.py:118} INFO - Done. Returned value was: None
[2024-08-06 14:24:39,753] {taskinstance.py:1166} INFO - Marking task as SUCCESS. dag_id=our_dag_with_python_operator_v07, task_id=get_age, execution_date=20240804T000000, start_date=20240806T142436, end_date=20240806T142439
[2024-08-06 14:24:40,450] {taskinstance.py:1220} INFO - 1 downstream tasks scheduled from follow-on schedule check
[2024-08-06 14:24:40,533] {local_task_job.py:146} INFO - Task exited with return code 0
