[2024-06-24 15:06:29,603] {taskinstance.py:851} INFO - Dependencies all met for <TaskInstance: our_first_dag_v5.second_task 2024-06-06T00:00:00+00:00 [queued]>
[2024-06-24 15:06:29,673] {taskinstance.py:851} INFO - Dependencies all met for <TaskInstance: our_first_dag_v5.second_task 2024-06-06T00:00:00+00:00 [queued]>
[2024-06-24 15:06:29,684] {taskinstance.py:1042} INFO - 
--------------------------------------------------------------------------------
[2024-06-24 15:06:29,692] {taskinstance.py:1043} INFO - Starting attempt 1 of 6
[2024-06-24 15:06:29,697] {taskinstance.py:1044} INFO - 
--------------------------------------------------------------------------------
[2024-06-24 15:06:29,770] {taskinstance.py:1063} INFO - Executing <Task(BashOperator): second_task> on 2024-06-06T00:00:00+00:00
[2024-06-24 15:06:29,784] {standard_task_runner.py:52} INFO - Started process 35311 to run task
[2024-06-24 15:06:29,794] {standard_task_runner.py:76} INFO - Running: ['airflow', 'tasks', 'run', 'our_first_dag_v5', 'second_task', '2024-06-06T00:00:00+00:00', '--job-id', '11885', '--pool', 'default_pool', '--raw', '--subdir', 'DAGS_FOLDER/our_first_dag.py', '--cfg-path', '/tmp/tmpl5pj5mow', '--error-file', '/tmp/tmpiu07naf8']
[2024-06-24 15:06:29,801] {standard_task_runner.py:77} INFO - Job 11885: Subtask second_task
[2024-06-24 15:06:29,965] {logging_mixin.py:104} INFO - Running <TaskInstance: our_first_dag_v5.second_task 2024-06-06T00:00:00+00:00 [running]> on host 799b1e36e3f1
[2024-06-24 15:06:30,130] {taskinstance.py:1257} INFO - Exporting the following env vars:
AIRFLOW_CTX_DAG_OWNER=coder2j
AIRFLOW_CTX_DAG_ID=our_first_dag_v5
AIRFLOW_CTX_TASK_ID=second_task
AIRFLOW_CTX_EXECUTION_DATE=2024-06-06T00:00:00+00:00
AIRFLOW_CTX_DAG_RUN_ID=scheduled__2024-06-06T00:00:00+00:00
[2024-06-24 15:06:30,132] {bash.py:135} INFO - Tmp dir root location: 
 /tmp
[2024-06-24 15:06:30,134] {bash.py:158} INFO - Running command: echo hey, I am task2 and will be running after task1!
[2024-06-24 15:06:30,191] {bash.py:169} INFO - Output:
[2024-06-24 15:06:30,195] {bash.py:173} INFO - hey, I am task2 and will be running after task1!
[2024-06-24 15:06:30,196] {bash.py:177} INFO - Command exited with return code 0
[2024-06-24 15:06:30,335] {taskinstance.py:1166} INFO - Marking task as SUCCESS. dag_id=our_first_dag_v5, task_id=second_task, execution_date=20240606T000000, start_date=20240624T150629, end_date=20240624T150630
[2024-06-24 15:06:30,404] {taskinstance.py:1220} INFO - 0 downstream tasks scheduled from follow-on schedule check
[2024-06-24 15:06:30,431] {local_task_job.py:146} INFO - Task exited with return code 0
