[2024-06-24 14:24:05,397] {taskinstance.py:851} INFO - Dependencies all met for <TaskInstance: our_dag_with_python_operator_v07.get_name 2022-12-03T00:00:00+00:00 [queued]>
[2024-06-24 14:24:05,477] {taskinstance.py:851} INFO - Dependencies all met for <TaskInstance: our_dag_with_python_operator_v07.get_name 2022-12-03T00:00:00+00:00 [queued]>
[2024-06-24 14:24:05,481] {taskinstance.py:1042} INFO - 
--------------------------------------------------------------------------------
[2024-06-24 14:24:05,482] {taskinstance.py:1043} INFO - Starting attempt 1 of 6
[2024-06-24 14:24:05,488] {taskinstance.py:1044} INFO - 
--------------------------------------------------------------------------------
[2024-06-24 14:24:05,563] {taskinstance.py:1063} INFO - Executing <Task(PythonOperator): get_name> on 2022-12-03T00:00:00+00:00
[2024-06-24 14:24:05,579] {standard_task_runner.py:52} INFO - Started process 9000 to run task
[2024-06-24 14:24:05,586] {standard_task_runner.py:76} INFO - Running: ['airflow', 'tasks', 'run', 'our_dag_with_python_operator_v07', 'get_name', '2022-12-03T00:00:00+00:00', '--job-id', '5187', '--pool', 'default_pool', '--raw', '--subdir', 'DAGS_FOLDER/create_dag_with_python_operator.py', '--cfg-path', '/tmp/tmphq7c7l9r', '--error-file', '/tmp/tmpnyk4g1q4']
[2024-06-24 14:24:05,605] {standard_task_runner.py:77} INFO - Job 5187: Subtask get_name
[2024-06-24 14:24:05,802] {logging_mixin.py:104} INFO - Running <TaskInstance: our_dag_with_python_operator_v07.get_name 2022-12-03T00:00:00+00:00 [running]> on host 799b1e36e3f1
[2024-06-24 14:24:06,047] {taskinstance.py:1257} INFO - Exporting the following env vars:
AIRFLOW_CTX_DAG_OWNER=coder2j
AIRFLOW_CTX_DAG_ID=our_dag_with_python_operator_v07
AIRFLOW_CTX_TASK_ID=get_name
AIRFLOW_CTX_EXECUTION_DATE=2022-12-03T00:00:00+00:00
AIRFLOW_CTX_DAG_RUN_ID=scheduled__2022-12-03T00:00:00+00:00
[2024-06-24 14:24:06,138] {python.py:118} INFO - Done. Returned value was: None
[2024-06-24 14:24:06,165] {taskinstance.py:1166} INFO - Marking task as SUCCESS. dag_id=our_dag_with_python_operator_v07, task_id=get_name, execution_date=20221203T000000, start_date=20240624T142405, end_date=20240624T142406
[2024-06-24 14:24:06,251] {taskinstance.py:1220} INFO - 0 downstream tasks scheduled from follow-on schedule check
[2024-06-24 14:24:06,297] {local_task_job.py:146} INFO - Task exited with return code 0
