[2024-06-24 14:18:27,580] {taskinstance.py:851} INFO - Dependencies all met for <TaskInstance: dag_with_python_dependencies_v03.get_sklearn 2022-04-20T00:00:00+00:00 [queued]>
[2024-06-24 14:18:27,746] {taskinstance.py:851} INFO - Dependencies all met for <TaskInstance: dag_with_python_dependencies_v03.get_sklearn 2022-04-20T00:00:00+00:00 [queued]>
[2024-06-24 14:18:27,747] {taskinstance.py:1042} INFO - 
--------------------------------------------------------------------------------
[2024-06-24 14:18:27,752] {taskinstance.py:1043} INFO - Starting attempt 1 of 1
[2024-06-24 14:18:27,753] {taskinstance.py:1044} INFO - 
--------------------------------------------------------------------------------
[2024-06-24 14:18:27,870] {taskinstance.py:1063} INFO - Executing <Task(PythonOperator): get_sklearn> on 2022-04-20T00:00:00+00:00
[2024-06-24 14:18:27,895] {standard_task_runner.py:52} INFO - Started process 878 to run task
[2024-06-24 14:18:27,932] {standard_task_runner.py:76} INFO - Running: ['airflow', 'tasks', 'run', 'dag_with_python_dependencies_v03', 'get_sklearn', '2022-04-20T00:00:00+00:00', '--job-id', '3048', '--pool', 'default_pool', '--raw', '--subdir', 'DAGS_FOLDER/dag_with_python_dependencies.py', '--cfg-path', '/tmp/tmpwaou99wd', '--error-file', '/tmp/tmp5_isnamg']
[2024-06-24 14:18:27,972] {standard_task_runner.py:77} INFO - Job 3048: Subtask get_sklearn
[2024-06-24 14:18:28,679] {logging_mixin.py:104} INFO - Running <TaskInstance: dag_with_python_dependencies_v03.get_sklearn 2022-04-20T00:00:00+00:00 [running]> on host 799b1e36e3f1
[2024-06-24 14:18:29,035] {taskinstance.py:1257} INFO - Exporting the following env vars:
AIRFLOW_CTX_DAG_OWNER=coder2j
AIRFLOW_CTX_DAG_ID=dag_with_python_dependencies_v03
AIRFLOW_CTX_TASK_ID=get_sklearn
AIRFLOW_CTX_EXECUTION_DATE=2022-04-20T00:00:00+00:00
AIRFLOW_CTX_DAG_RUN_ID=scheduled__2022-04-20T00:00:00+00:00
[2024-06-24 14:18:33,065] {logging_mixin.py:104} INFO - sklearn with version: 0.24.2
[2024-06-24 14:18:33,065] {python.py:118} INFO - Done. Returned value was: None
[2024-06-24 14:18:33,166] {taskinstance.py:1166} INFO - Marking task as SUCCESS. dag_id=dag_with_python_dependencies_v03, task_id=get_sklearn, execution_date=20220420T000000, start_date=20240624T141827, end_date=20240624T141833
[2024-06-24 14:18:33,425] {local_task_job.py:188} WARNING - State of this instance has been externally set to success. Terminating instance.
[2024-06-24 14:18:33,441] {process_utils.py:100} INFO - Sending Signals.SIGTERM to GPID 878
[2024-06-24 14:18:33,454] {taskinstance.py:1239} ERROR - Received SIGTERM. Terminating subprocesses.
[2024-06-24 14:18:33,671] {process_utils.py:66} INFO - Process psutil.Process(pid=878, status='terminated', exitcode=1, started='14:18:26') (878) terminated with exit code 1
