[2024-06-24 14:30:19,585] {taskinstance.py:851} INFO - Dependencies all met for <TaskInstance: dag_with_taskflow_api_v02.get_name 2023-07-21T00:00:00+00:00 [queued]>
[2024-06-24 14:30:19,609] {taskinstance.py:851} INFO - Dependencies all met for <TaskInstance: dag_with_taskflow_api_v02.get_name 2023-07-21T00:00:00+00:00 [queued]>
[2024-06-24 14:30:19,618] {taskinstance.py:1042} INFO - 
--------------------------------------------------------------------------------
[2024-06-24 14:30:19,620] {taskinstance.py:1043} INFO - Starting attempt 1 of 6
[2024-06-24 14:30:19,621] {taskinstance.py:1044} INFO - 
--------------------------------------------------------------------------------
[2024-06-24 14:30:19,682] {taskinstance.py:1063} INFO - Executing <Task(_PythonDecoratedOperator): get_name> on 2023-07-21T00:00:00+00:00
[2024-06-24 14:30:19,693] {standard_task_runner.py:52} INFO - Started process 19065 to run task
[2024-06-24 14:30:19,723] {standard_task_runner.py:76} INFO - Running: ['airflow', 'tasks', 'run', 'dag_with_taskflow_api_v02', 'get_name', '2023-07-21T00:00:00+00:00', '--job-id', '7883', '--pool', 'default_pool', '--raw', '--subdir', 'DAGS_FOLDER/dag_with_taskflow_api.py', '--cfg-path', '/tmp/tmp4cj5sqyj', '--error-file', '/tmp/tmpf1ot2xzw']
[2024-06-24 14:30:19,741] {standard_task_runner.py:77} INFO - Job 7883: Subtask get_name
[2024-06-24 14:30:19,976] {logging_mixin.py:104} INFO - Running <TaskInstance: dag_with_taskflow_api_v02.get_name 2023-07-21T00:00:00+00:00 [running]> on host 799b1e36e3f1
[2024-06-24 14:30:20,166] {taskinstance.py:1257} INFO - Exporting the following env vars:
AIRFLOW_CTX_DAG_OWNER=coder2j
AIRFLOW_CTX_DAG_ID=dag_with_taskflow_api_v02
AIRFLOW_CTX_TASK_ID=get_name
AIRFLOW_CTX_EXECUTION_DATE=2023-07-21T00:00:00+00:00
AIRFLOW_CTX_DAG_RUN_ID=scheduled__2023-07-21T00:00:00+00:00
[2024-06-24 14:30:20,353] {taskinstance.py:1166} INFO - Marking task as SUCCESS. dag_id=dag_with_taskflow_api_v02, task_id=get_name, execution_date=20230721T000000, start_date=20240624T143019, end_date=20240624T143020
[2024-06-24 14:30:20,474] {taskinstance.py:1220} INFO - 1 downstream tasks scheduled from follow-on schedule check
[2024-06-24 14:30:20,492] {local_task_job.py:146} INFO - Task exited with return code 0
