[2024-06-24 14:28:25,694] {taskinstance.py:851} INFO - Dependencies all met for <TaskInstance: our_first_dag_v5.second_task 2023-03-10T00:00:00+00:00 [queued]>
[2024-06-24 14:28:25,717] {taskinstance.py:851} INFO - Dependencies all met for <TaskInstance: our_first_dag_v5.second_task 2023-03-10T00:00:00+00:00 [queued]>
[2024-06-24 14:28:25,720] {taskinstance.py:1042} INFO - 
--------------------------------------------------------------------------------
[2024-06-24 14:28:25,722] {taskinstance.py:1043} INFO - Starting attempt 1 of 6
[2024-06-24 14:28:25,723] {taskinstance.py:1044} INFO - 
--------------------------------------------------------------------------------
[2024-06-24 14:28:25,761] {taskinstance.py:1063} INFO - Executing <Task(BashOperator): second_task> on 2023-03-10T00:00:00+00:00
[2024-06-24 14:28:25,768] {standard_task_runner.py:52} INFO - Started process 15997 to run task
[2024-06-24 14:28:25,785] {standard_task_runner.py:76} INFO - Running: ['airflow', 'tasks', 'run', 'our_first_dag_v5', 'second_task', '2023-03-10T00:00:00+00:00', '--job-id', '7052', '--pool', 'default_pool', '--raw', '--subdir', 'DAGS_FOLDER/our_first_dag.py', '--cfg-path', '/tmp/tmpf7o6tg8a', '--error-file', '/tmp/tmpgxi6ft7x']
[2024-06-24 14:28:25,793] {standard_task_runner.py:77} INFO - Job 7052: Subtask second_task
[2024-06-24 14:28:26,140] {logging_mixin.py:104} INFO - Running <TaskInstance: our_first_dag_v5.second_task 2023-03-10T00:00:00+00:00 [running]> on host 799b1e36e3f1
[2024-06-24 14:28:26,356] {taskinstance.py:1257} INFO - Exporting the following env vars:
AIRFLOW_CTX_DAG_OWNER=coder2j
AIRFLOW_CTX_DAG_ID=our_first_dag_v5
AIRFLOW_CTX_TASK_ID=second_task
AIRFLOW_CTX_EXECUTION_DATE=2023-03-10T00:00:00+00:00
AIRFLOW_CTX_DAG_RUN_ID=scheduled__2023-03-10T00:00:00+00:00
[2024-06-24 14:28:26,358] {bash.py:135} INFO - Tmp dir root location: 
 /tmp
[2024-06-24 14:28:26,363] {bash.py:158} INFO - Running command: echo hey, I am task2 and will be running after task1!
[2024-06-24 14:28:26,389] {bash.py:169} INFO - Output:
[2024-06-24 14:28:26,393] {bash.py:173} INFO - hey, I am task2 and will be running after task1!
[2024-06-24 14:28:26,396] {bash.py:177} INFO - Command exited with return code 0
[2024-06-24 14:28:26,537] {taskinstance.py:1166} INFO - Marking task as SUCCESS. dag_id=our_first_dag_v5, task_id=second_task, execution_date=20230310T000000, start_date=20240624T142825, end_date=20240624T142826
[2024-06-24 14:28:27,202] {taskinstance.py:1220} INFO - 0 downstream tasks scheduled from follow-on schedule check
[2024-06-24 14:28:27,253] {local_task_job.py:146} INFO - Task exited with return code 0
