[2024-06-24 12:52:44,049] {taskinstance.py:851} INFO - Dependencies all met for <TaskInstance: dag_with_taskflow_api_v02.get_name 2021-11-19T00:00:00+00:00 [queued]>
[2024-06-24 12:52:44,158] {taskinstance.py:851} INFO - Dependencies all met for <TaskInstance: dag_with_taskflow_api_v02.get_name 2021-11-19T00:00:00+00:00 [queued]>
[2024-06-24 12:52:44,171] {taskinstance.py:1042} INFO - 
--------------------------------------------------------------------------------
[2024-06-24 12:52:44,172] {taskinstance.py:1043} INFO - Starting attempt 1 of 6
[2024-06-24 12:52:44,173] {taskinstance.py:1044} INFO - 
--------------------------------------------------------------------------------
[2024-06-24 12:52:44,260] {taskinstance.py:1063} INFO - Executing <Task(_PythonDecoratedOperator): get_name> on 2021-11-19T00:00:00+00:00
[2024-06-24 12:52:44,292] {standard_task_runner.py:52} INFO - Started process 27978 to run task
[2024-06-24 12:52:44,318] {standard_task_runner.py:76} INFO - Running: ['airflow', 'tasks', 'run', 'dag_with_taskflow_api_v02', 'get_name', '2021-11-19T00:00:00+00:00', '--job-id', '616', '--pool', 'default_pool', '--raw', '--subdir', 'DAGS_FOLDER/dag_with_taskflow_api.py', '--cfg-path', '/tmp/tmpa1ebzk6f', '--error-file', '/tmp/tmpgf6u81r2']
[2024-06-24 12:52:44,343] {standard_task_runner.py:77} INFO - Job 616: Subtask get_name
[2024-06-24 12:52:45,089] {logging_mixin.py:104} INFO - Running <TaskInstance: dag_with_taskflow_api_v02.get_name 2021-11-19T00:00:00+00:00 [running]> on host 799b1e36e3f1
[2024-06-24 12:52:45,405] {taskinstance.py:1257} INFO - Exporting the following env vars:
AIRFLOW_CTX_DAG_OWNER=coder2j
AIRFLOW_CTX_DAG_ID=dag_with_taskflow_api_v02
AIRFLOW_CTX_TASK_ID=get_name
AIRFLOW_CTX_EXECUTION_DATE=2021-11-19T00:00:00+00:00
AIRFLOW_CTX_DAG_RUN_ID=scheduled__2021-11-19T00:00:00+00:00
[2024-06-24 12:52:45,906] {taskinstance.py:1166} INFO - Marking task as SUCCESS. dag_id=dag_with_taskflow_api_v02, task_id=get_name, execution_date=20211119T000000, start_date=20240624T125244, end_date=20240624T125245
[2024-06-24 12:52:46,174] {taskinstance.py:1220} INFO - 0 downstream tasks scheduled from follow-on schedule check
[2024-06-24 12:52:46,256] {local_task_job.py:146} INFO - Task exited with return code 0
