[2024-06-24 15:03:04,500] {taskinstance.py:851} INFO - Dependencies all met for <TaskInstance: our_first_dag_v5.second_task 2024-01-29T00:00:00+00:00 [queued]>
[2024-06-24 15:03:04,561] {taskinstance.py:851} INFO - Dependencies all met for <TaskInstance: our_first_dag_v5.second_task 2024-01-29T00:00:00+00:00 [queued]>
[2024-06-24 15:03:04,564] {taskinstance.py:1042} INFO - 
--------------------------------------------------------------------------------
[2024-06-24 15:03:04,565] {taskinstance.py:1043} INFO - Starting attempt 1 of 6
[2024-06-24 15:03:04,565] {taskinstance.py:1044} INFO - 
--------------------------------------------------------------------------------
[2024-06-24 15:03:04,660] {taskinstance.py:1063} INFO - Executing <Task(BashOperator): second_task> on 2024-01-29T00:00:00+00:00
[2024-06-24 15:03:04,669] {standard_task_runner.py:52} INFO - Started process 30341 to run task
[2024-06-24 15:03:04,689] {standard_task_runner.py:76} INFO - Running: ['airflow', 'tasks', 'run', 'our_first_dag_v5', 'second_task', '2024-01-29T00:00:00+00:00', '--job-id', '10637', '--pool', 'default_pool', '--raw', '--subdir', 'DAGS_FOLDER/our_first_dag.py', '--cfg-path', '/tmp/tmpjvxqvfgz', '--error-file', '/tmp/tmpd2zevdk9']
[2024-06-24 15:03:04,705] {standard_task_runner.py:77} INFO - Job 10637: Subtask second_task
[2024-06-24 15:03:04,879] {logging_mixin.py:104} INFO - Running <TaskInstance: our_first_dag_v5.second_task 2024-01-29T00:00:00+00:00 [running]> on host 799b1e36e3f1
[2024-06-24 15:03:05,235] {taskinstance.py:1257} INFO - Exporting the following env vars:
AIRFLOW_CTX_DAG_OWNER=coder2j
AIRFLOW_CTX_DAG_ID=our_first_dag_v5
AIRFLOW_CTX_TASK_ID=second_task
AIRFLOW_CTX_EXECUTION_DATE=2024-01-29T00:00:00+00:00
AIRFLOW_CTX_DAG_RUN_ID=scheduled__2024-01-29T00:00:00+00:00
[2024-06-24 15:03:05,238] {bash.py:135} INFO - Tmp dir root location: 
 /tmp
[2024-06-24 15:03:05,243] {bash.py:158} INFO - Running command: echo hey, I am task2 and will be running after task1!
[2024-06-24 15:03:05,271] {bash.py:169} INFO - Output:
[2024-06-24 15:03:05,273] {bash.py:173} INFO - hey, I am task2 and will be running after task1!
[2024-06-24 15:03:05,274] {bash.py:177} INFO - Command exited with return code 0
[2024-06-24 15:03:05,332] {taskinstance.py:1166} INFO - Marking task as SUCCESS. dag_id=our_first_dag_v5, task_id=second_task, execution_date=20240129T000000, start_date=20240624T150304, end_date=20240624T150305
[2024-06-24 15:03:05,461] {taskinstance.py:1220} INFO - 0 downstream tasks scheduled from follow-on schedule check
[2024-06-24 15:03:05,489] {local_task_job.py:146} INFO - Task exited with return code 0
