[2024-06-24 15:06:20,358] {taskinstance.py:851} INFO - Dependencies all met for <TaskInstance: dag_with_python_dependencies_v03.get_sklearn 2024-03-24T00:00:00+00:00 [queued]>
[2024-06-24 15:06:20,411] {taskinstance.py:851} INFO - Dependencies all met for <TaskInstance: dag_with_python_dependencies_v03.get_sklearn 2024-03-24T00:00:00+00:00 [queued]>
[2024-06-24 15:06:20,412] {taskinstance.py:1042} INFO - 
--------------------------------------------------------------------------------
[2024-06-24 15:06:20,413] {taskinstance.py:1043} INFO - Starting attempt 1 of 1
[2024-06-24 15:06:20,414] {taskinstance.py:1044} INFO - 
--------------------------------------------------------------------------------
[2024-06-24 15:06:20,451] {taskinstance.py:1063} INFO - Executing <Task(PythonOperator): get_sklearn> on 2024-03-24T00:00:00+00:00
[2024-06-24 15:06:20,457] {standard_task_runner.py:52} INFO - Started process 35044 to run task
[2024-06-24 15:06:20,465] {standard_task_runner.py:76} INFO - Running: ['airflow', 'tasks', 'run', 'dag_with_python_dependencies_v03', 'get_sklearn', '2024-03-24T00:00:00+00:00', '--job-id', '11837', '--pool', 'default_pool', '--raw', '--subdir', 'DAGS_FOLDER/dag_with_python_dependencies.py', '--cfg-path', '/tmp/tmp4okn4ut5', '--error-file', '/tmp/tmpkt8jhxxc']
[2024-06-24 15:06:20,470] {standard_task_runner.py:77} INFO - Job 11837: Subtask get_sklearn
[2024-06-24 15:06:20,600] {logging_mixin.py:104} INFO - Running <TaskInstance: dag_with_python_dependencies_v03.get_sklearn 2024-03-24T00:00:00+00:00 [running]> on host 799b1e36e3f1
[2024-06-24 15:06:20,773] {taskinstance.py:1257} INFO - Exporting the following env vars:
AIRFLOW_CTX_DAG_OWNER=coder2j
AIRFLOW_CTX_DAG_ID=dag_with_python_dependencies_v03
AIRFLOW_CTX_TASK_ID=get_sklearn
AIRFLOW_CTX_EXECUTION_DATE=2024-03-24T00:00:00+00:00
AIRFLOW_CTX_DAG_RUN_ID=scheduled__2024-03-24T00:00:00+00:00
[2024-06-24 15:06:23,316] {logging_mixin.py:104} INFO - sklearn with version: 0.24.2
[2024-06-24 15:06:23,322] {python.py:118} INFO - Done. Returned value was: None
[2024-06-24 15:06:23,382] {taskinstance.py:1166} INFO - Marking task as SUCCESS. dag_id=dag_with_python_dependencies_v03, task_id=get_sklearn, execution_date=20240324T000000, start_date=20240624T150620, end_date=20240624T150623
[2024-06-24 15:06:23,488] {taskinstance.py:1220} INFO - 1 downstream tasks scheduled from follow-on schedule check
[2024-06-24 15:06:23,565] {local_task_job.py:146} INFO - Task exited with return code 0
