[2024-06-24 12:55:11,797] {taskinstance.py:851} INFO - Dependencies all met for <TaskInstance: our_first_dag_v5.first_task 2021-10-06T00:00:00+00:00 [queued]>
[2024-06-24 12:55:11,880] {taskinstance.py:851} INFO - Dependencies all met for <TaskInstance: our_first_dag_v5.first_task 2021-10-06T00:00:00+00:00 [queued]>
[2024-06-24 12:55:11,883] {taskinstance.py:1042} INFO - 
--------------------------------------------------------------------------------
[2024-06-24 12:55:11,887] {taskinstance.py:1043} INFO - Starting attempt 1 of 6
[2024-06-24 12:55:11,892] {taskinstance.py:1044} INFO - 
--------------------------------------------------------------------------------
[2024-06-24 12:55:12,038] {taskinstance.py:1063} INFO - Executing <Task(BashOperator): first_task> on 2021-10-06T00:00:00+00:00
[2024-06-24 12:55:12,085] {standard_task_runner.py:52} INFO - Started process 30372 to run task
[2024-06-24 12:55:12,114] {standard_task_runner.py:76} INFO - Running: ['airflow', 'tasks', 'run', 'our_first_dag_v5', 'first_task', '2021-10-06T00:00:00+00:00', '--job-id', '1212', '--pool', 'default_pool', '--raw', '--subdir', 'DAGS_FOLDER/our_first_dag.py', '--cfg-path', '/tmp/tmps49923qi', '--error-file', '/tmp/tmptmf6npqu']
[2024-06-24 12:55:12,138] {standard_task_runner.py:77} INFO - Job 1212: Subtask first_task
[2024-06-24 12:55:12,668] {logging_mixin.py:104} INFO - Running <TaskInstance: our_first_dag_v5.first_task 2021-10-06T00:00:00+00:00 [running]> on host 799b1e36e3f1
[2024-06-24 12:55:13,014] {taskinstance.py:1257} INFO - Exporting the following env vars:
AIRFLOW_CTX_DAG_OWNER=coder2j
AIRFLOW_CTX_DAG_ID=our_first_dag_v5
AIRFLOW_CTX_TASK_ID=first_task
AIRFLOW_CTX_EXECUTION_DATE=2021-10-06T00:00:00+00:00
AIRFLOW_CTX_DAG_RUN_ID=scheduled__2021-10-06T00:00:00+00:00
[2024-06-24 12:55:13,026] {bash.py:135} INFO - Tmp dir root location: 
 /tmp
[2024-06-24 12:55:13,034] {bash.py:158} INFO - Running command: echo hello world, this is the first task!
[2024-06-24 12:55:13,141] {bash.py:169} INFO - Output:
[2024-06-24 12:55:13,146] {bash.py:173} INFO - hello world, this is the first task!
[2024-06-24 12:55:13,167] {bash.py:177} INFO - Command exited with return code 0
[2024-06-24 12:55:13,457] {taskinstance.py:1166} INFO - Marking task as SUCCESS. dag_id=our_first_dag_v5, task_id=first_task, execution_date=20211006T000000, start_date=20240624T125511, end_date=20240624T125513
[2024-06-24 12:55:13,599] {taskinstance.py:1220} INFO - 2 downstream tasks scheduled from follow-on schedule check
[2024-06-24 12:55:13,669] {local_task_job.py:146} INFO - Task exited with return code 0
