[2024-06-24 12:57:56,406] {taskinstance.py:851} INFO - Dependencies all met for <TaskInstance: dag_with_taskflow_api_v02.get_age 2022-02-19T00:00:00+00:00 [queued]>
[2024-06-24 12:57:56,534] {taskinstance.py:851} INFO - Dependencies all met for <TaskInstance: dag_with_taskflow_api_v02.get_age 2022-02-19T00:00:00+00:00 [queued]>
[2024-06-24 12:57:56,551] {taskinstance.py:1042} INFO - 
--------------------------------------------------------------------------------
[2024-06-24 12:57:56,558] {taskinstance.py:1043} INFO - Starting attempt 1 of 6
[2024-06-24 12:57:56,562] {taskinstance.py:1044} INFO - 
--------------------------------------------------------------------------------
[2024-06-24 12:57:56,695] {taskinstance.py:1063} INFO - Executing <Task(_PythonDecoratedOperator): get_age> on 2022-02-19T00:00:00+00:00
[2024-06-24 12:57:56,728] {standard_task_runner.py:52} INFO - Started process 32980 to run task
[2024-06-24 12:57:56,752] {standard_task_runner.py:76} INFO - Running: ['airflow', 'tasks', 'run', 'dag_with_taskflow_api_v02', 'get_age', '2022-02-19T00:00:00+00:00', '--job-id', '1839', '--pool', 'default_pool', '--raw', '--subdir', 'DAGS_FOLDER/dag_with_taskflow_api.py', '--cfg-path', '/tmp/tmpqbgxh6_d', '--error-file', '/tmp/tmpbbzheyuq']
[2024-06-24 12:57:56,763] {standard_task_runner.py:77} INFO - Job 1839: Subtask get_age
[2024-06-24 12:57:57,365] {logging_mixin.py:104} INFO - Running <TaskInstance: dag_with_taskflow_api_v02.get_age 2022-02-19T00:00:00+00:00 [running]> on host 799b1e36e3f1
[2024-06-24 12:57:57,697] {taskinstance.py:1257} INFO - Exporting the following env vars:
AIRFLOW_CTX_DAG_OWNER=coder2j
AIRFLOW_CTX_DAG_ID=dag_with_taskflow_api_v02
AIRFLOW_CTX_TASK_ID=get_age
AIRFLOW_CTX_EXECUTION_DATE=2022-02-19T00:00:00+00:00
AIRFLOW_CTX_DAG_RUN_ID=scheduled__2022-02-19T00:00:00+00:00
[2024-06-24 12:57:57,973] {taskinstance.py:1166} INFO - Marking task as SUCCESS. dag_id=dag_with_taskflow_api_v02, task_id=get_age, execution_date=20220219T000000, start_date=20240624T125756, end_date=20240624T125757
[2024-06-24 12:57:58,204] {taskinstance.py:1220} INFO - 0 downstream tasks scheduled from follow-on schedule check
[2024-06-24 12:57:58,278] {local_task_job.py:146} INFO - Task exited with return code 0
