[2024-06-24 15:03:20,925] {taskinstance.py:851} INFO - Dependencies all met for <TaskInstance: dag_with_taskflow_api_v02.get_age 2024-03-28T00:00:00+00:00 [queued]>
[2024-06-24 15:03:21,027] {taskinstance.py:851} INFO - Dependencies all met for <TaskInstance: dag_with_taskflow_api_v02.get_age 2024-03-28T00:00:00+00:00 [queued]>
[2024-06-24 15:03:21,031] {taskinstance.py:1042} INFO - 
--------------------------------------------------------------------------------
[2024-06-24 15:03:21,032] {taskinstance.py:1043} INFO - Starting attempt 1 of 6
[2024-06-24 15:03:21,036] {taskinstance.py:1044} INFO - 
--------------------------------------------------------------------------------
[2024-06-24 15:03:21,202] {taskinstance.py:1063} INFO - Executing <Task(_PythonDecoratedOperator): get_age> on 2024-03-28T00:00:00+00:00
[2024-06-24 15:03:21,239] {standard_task_runner.py:52} INFO - Started process 30654 to run task
[2024-06-24 15:03:21,265] {standard_task_runner.py:76} INFO - Running: ['airflow', 'tasks', 'run', 'dag_with_taskflow_api_v02', 'get_age', '2024-03-28T00:00:00+00:00', '--job-id', '10729', '--pool', 'default_pool', '--raw', '--subdir', 'DAGS_FOLDER/dag_with_taskflow_api.py', '--cfg-path', '/tmp/tmps3ri2rzy', '--error-file', '/tmp/tmpf4rhp3cd']
[2024-06-24 15:03:21,276] {standard_task_runner.py:77} INFO - Job 10729: Subtask get_age
[2024-06-24 15:03:21,474] {logging_mixin.py:104} INFO - Running <TaskInstance: dag_with_taskflow_api_v02.get_age 2024-03-28T00:00:00+00:00 [running]> on host 799b1e36e3f1
[2024-06-24 15:03:21,648] {taskinstance.py:1257} INFO - Exporting the following env vars:
AIRFLOW_CTX_DAG_OWNER=coder2j
AIRFLOW_CTX_DAG_ID=dag_with_taskflow_api_v02
AIRFLOW_CTX_TASK_ID=get_age
AIRFLOW_CTX_EXECUTION_DATE=2024-03-28T00:00:00+00:00
AIRFLOW_CTX_DAG_RUN_ID=scheduled__2024-03-28T00:00:00+00:00
[2024-06-24 15:03:21,859] {taskinstance.py:1166} INFO - Marking task as SUCCESS. dag_id=dag_with_taskflow_api_v02, task_id=get_age, execution_date=20240328T000000, start_date=20240624T150320, end_date=20240624T150321
[2024-06-24 15:03:22,060] {taskinstance.py:1220} INFO - 0 downstream tasks scheduled from follow-on schedule check
[2024-06-24 15:03:22,123] {local_task_job.py:146} INFO - Task exited with return code 0
