[2024-06-24 14:27:00,411] {taskinstance.py:851} INFO - Dependencies all met for <TaskInstance: our_first_dag_v5.first_task 2023-01-06T00:00:00+00:00 [queued]>
[2024-06-24 14:27:00,446] {taskinstance.py:851} INFO - Dependencies all met for <TaskInstance: our_first_dag_v5.first_task 2023-01-06T00:00:00+00:00 [queued]>
[2024-06-24 14:27:00,450] {taskinstance.py:1042} INFO - 
--------------------------------------------------------------------------------
[2024-06-24 14:27:00,451] {taskinstance.py:1043} INFO - Starting attempt 1 of 6
[2024-06-24 14:27:00,454] {taskinstance.py:1044} INFO - 
--------------------------------------------------------------------------------
[2024-06-24 14:27:00,539] {taskinstance.py:1063} INFO - Executing <Task(BashOperator): first_task> on 2023-01-06T00:00:00+00:00
[2024-06-24 14:27:00,562] {standard_task_runner.py:52} INFO - Started process 13732 to run task
[2024-06-24 14:27:00,571] {standard_task_runner.py:76} INFO - Running: ['airflow', 'tasks', 'run', 'our_first_dag_v5', 'first_task', '2023-01-06T00:00:00+00:00', '--job-id', '6455', '--pool', 'default_pool', '--raw', '--subdir', 'DAGS_FOLDER/our_first_dag.py', '--cfg-path', '/tmp/tmpenuk_ooy', '--error-file', '/tmp/tmpi4xwo2t8']
[2024-06-24 14:27:00,580] {standard_task_runner.py:77} INFO - Job 6455: Subtask first_task
[2024-06-24 14:27:00,909] {logging_mixin.py:104} INFO - Running <TaskInstance: our_first_dag_v5.first_task 2023-01-06T00:00:00+00:00 [running]> on host 799b1e36e3f1
[2024-06-24 14:27:01,137] {taskinstance.py:1257} INFO - Exporting the following env vars:
AIRFLOW_CTX_DAG_OWNER=coder2j
AIRFLOW_CTX_DAG_ID=our_first_dag_v5
AIRFLOW_CTX_TASK_ID=first_task
AIRFLOW_CTX_EXECUTION_DATE=2023-01-06T00:00:00+00:00
AIRFLOW_CTX_DAG_RUN_ID=scheduled__2023-01-06T00:00:00+00:00
[2024-06-24 14:27:01,142] {bash.py:135} INFO - Tmp dir root location: 
 /tmp
[2024-06-24 14:27:01,148] {bash.py:158} INFO - Running command: echo hello world, this is the first task!
[2024-06-24 14:27:01,173] {bash.py:169} INFO - Output:
[2024-06-24 14:27:01,177] {bash.py:173} INFO - hello world, this is the first task!
[2024-06-24 14:27:01,178] {bash.py:177} INFO - Command exited with return code 0
[2024-06-24 14:27:01,371] {taskinstance.py:1166} INFO - Marking task as SUCCESS. dag_id=our_first_dag_v5, task_id=first_task, execution_date=20230106T000000, start_date=20240624T142700, end_date=20240624T142701
[2024-06-24 14:27:01,528] {taskinstance.py:1220} INFO - 2 downstream tasks scheduled from follow-on schedule check
[2024-06-24 14:27:01,587] {local_task_job.py:146} INFO - Task exited with return code 0
