[2024-06-24 14:46:39,382] {taskinstance.py:851} INFO - Dependencies all met for <TaskInstance: our_dag_with_python_operator_v07.get_age 2023-11-17T00:00:00+00:00 [queued]>
[2024-06-24 14:46:39,492] {taskinstance.py:851} INFO - Dependencies all met for <TaskInstance: our_dag_with_python_operator_v07.get_age 2023-11-17T00:00:00+00:00 [queued]>
[2024-06-24 14:46:39,495] {taskinstance.py:1042} INFO - 
--------------------------------------------------------------------------------
[2024-06-24 14:46:39,496] {taskinstance.py:1043} INFO - Starting attempt 1 of 6
[2024-06-24 14:46:39,497] {taskinstance.py:1044} INFO - 
--------------------------------------------------------------------------------
[2024-06-24 14:46:39,593] {taskinstance.py:1063} INFO - Executing <Task(PythonOperator): get_age> on 2023-11-17T00:00:00+00:00
[2024-06-24 14:46:39,610] {standard_task_runner.py:52} INFO - Started process 23991 to run task
[2024-06-24 14:46:39,635] {standard_task_runner.py:76} INFO - Running: ['airflow', 'tasks', 'run', 'our_dag_with_python_operator_v07', 'get_age', '2023-11-17T00:00:00+00:00', '--job-id', '9108', '--pool', 'default_pool', '--raw', '--subdir', 'DAGS_FOLDER/create_dag_with_python_operator.py', '--cfg-path', '/tmp/tmp9dlah3tw', '--error-file', '/tmp/tmpynx0vqec']
[2024-06-24 14:46:39,701] {standard_task_runner.py:77} INFO - Job 9108: Subtask get_age
[2024-06-24 14:46:40,189] {logging_mixin.py:104} INFO - Running <TaskInstance: our_dag_with_python_operator_v07.get_age 2023-11-17T00:00:00+00:00 [running]> on host 799b1e36e3f1
[2024-06-24 14:46:40,721] {taskinstance.py:1257} INFO - Exporting the following env vars:
AIRFLOW_CTX_DAG_OWNER=coder2j
AIRFLOW_CTX_DAG_ID=our_dag_with_python_operator_v07
AIRFLOW_CTX_TASK_ID=get_age
AIRFLOW_CTX_EXECUTION_DATE=2023-11-17T00:00:00+00:00
AIRFLOW_CTX_DAG_RUN_ID=scheduled__2023-11-17T00:00:00+00:00
[2024-06-24 14:46:40,851] {python.py:118} INFO - Done. Returned value was: None
[2024-06-24 14:46:40,937] {taskinstance.py:1166} INFO - Marking task as SUCCESS. dag_id=our_dag_with_python_operator_v07, task_id=get_age, execution_date=20231117T000000, start_date=20240624T144639, end_date=20240624T144640
[2024-06-24 14:46:41,344] {taskinstance.py:1220} INFO - 1 downstream tasks scheduled from follow-on schedule check
[2024-06-24 14:46:41,453] {local_task_job.py:146} INFO - Task exited with return code 0
