[2024-06-24 14:20:13,750] {taskinstance.py:851} INFO - Dependencies all met for <TaskInstance: our_first_dag_v5.thrid_task 2022-05-09T00:00:00+00:00 [queued]>
[2024-06-24 14:20:14,028] {taskinstance.py:851} INFO - Dependencies all met for <TaskInstance: our_first_dag_v5.thrid_task 2022-05-09T00:00:00+00:00 [queued]>
[2024-06-24 14:20:14,043] {taskinstance.py:1042} INFO - 
--------------------------------------------------------------------------------
[2024-06-24 14:20:14,046] {taskinstance.py:1043} INFO - Starting attempt 1 of 6
[2024-06-24 14:20:14,049] {taskinstance.py:1044} INFO - 
--------------------------------------------------------------------------------
[2024-06-24 14:20:14,115] {taskinstance.py:1063} INFO - Executing <Task(BashOperator): thrid_task> on 2022-05-09T00:00:00+00:00
[2024-06-24 14:20:14,139] {standard_task_runner.py:52} INFO - Started process 3473 to run task
[2024-06-24 14:20:14,171] {standard_task_runner.py:76} INFO - Running: ['airflow', 'tasks', 'run', 'our_first_dag_v5', 'thrid_task', '2022-05-09T00:00:00+00:00', '--job-id', '3729', '--pool', 'default_pool', '--raw', '--subdir', 'DAGS_FOLDER/our_first_dag.py', '--cfg-path', '/tmp/tmpagt31klt', '--error-file', '/tmp/tmpr4qa2s4m']
[2024-06-24 14:20:14,195] {standard_task_runner.py:77} INFO - Job 3729: Subtask thrid_task
[2024-06-24 14:20:14,530] {logging_mixin.py:104} INFO - Running <TaskInstance: our_first_dag_v5.thrid_task 2022-05-09T00:00:00+00:00 [running]> on host 799b1e36e3f1
[2024-06-24 14:20:14,960] {taskinstance.py:1257} INFO - Exporting the following env vars:
AIRFLOW_CTX_DAG_OWNER=coder2j
AIRFLOW_CTX_DAG_ID=our_first_dag_v5
AIRFLOW_CTX_TASK_ID=thrid_task
AIRFLOW_CTX_EXECUTION_DATE=2022-05-09T00:00:00+00:00
AIRFLOW_CTX_DAG_RUN_ID=scheduled__2022-05-09T00:00:00+00:00
[2024-06-24 14:20:14,967] {bash.py:135} INFO - Tmp dir root location: 
 /tmp
[2024-06-24 14:20:14,979] {bash.py:158} INFO - Running command: echo hey, I am task3 and will be running after task1 at the same time as task2!
[2024-06-24 14:20:15,033] {bash.py:169} INFO - Output:
[2024-06-24 14:20:15,035] {bash.py:173} INFO - hey, I am task3 and will be running after task1 at the same time as task2!
[2024-06-24 14:20:15,036] {bash.py:177} INFO - Command exited with return code 0
[2024-06-24 14:20:15,173] {taskinstance.py:1166} INFO - Marking task as SUCCESS. dag_id=our_first_dag_v5, task_id=thrid_task, execution_date=20220509T000000, start_date=20240624T142013, end_date=20240624T142015
[2024-06-24 14:20:15,380] {taskinstance.py:1220} INFO - 0 downstream tasks scheduled from follow-on schedule check
[2024-06-24 14:20:15,431] {local_task_job.py:146} INFO - Task exited with return code 0
