[2024-06-24 12:55:18,339] {taskinstance.py:851} INFO - Dependencies all met for <TaskInstance: dag_with_taskflow_api_v02.get_name 2021-12-28T00:00:00+00:00 [queued]>
[2024-06-24 12:55:18,442] {taskinstance.py:851} INFO - Dependencies all met for <TaskInstance: dag_with_taskflow_api_v02.get_name 2021-12-28T00:00:00+00:00 [queued]>
[2024-06-24 12:55:18,453] {taskinstance.py:1042} INFO - 
--------------------------------------------------------------------------------
[2024-06-24 12:55:18,458] {taskinstance.py:1043} INFO - Starting attempt 1 of 6
[2024-06-24 12:55:18,464] {taskinstance.py:1044} INFO - 
--------------------------------------------------------------------------------
[2024-06-24 12:55:18,617] {taskinstance.py:1063} INFO - Executing <Task(_PythonDecoratedOperator): get_name> on 2021-12-28T00:00:00+00:00
[2024-06-24 12:55:18,651] {standard_task_runner.py:52} INFO - Started process 30480 to run task
[2024-06-24 12:55:18,689] {standard_task_runner.py:76} INFO - Running: ['airflow', 'tasks', 'run', 'dag_with_taskflow_api_v02', 'get_name', '2021-12-28T00:00:00+00:00', '--job-id', '1244', '--pool', 'default_pool', '--raw', '--subdir', 'DAGS_FOLDER/dag_with_taskflow_api.py', '--cfg-path', '/tmp/tmpyaz7yxyn', '--error-file', '/tmp/tmpryxtd0lj']
[2024-06-24 12:55:18,700] {standard_task_runner.py:77} INFO - Job 1244: Subtask get_name
[2024-06-24 12:55:19,084] {logging_mixin.py:104} INFO - Running <TaskInstance: dag_with_taskflow_api_v02.get_name 2021-12-28T00:00:00+00:00 [running]> on host 799b1e36e3f1
[2024-06-24 12:55:19,601] {taskinstance.py:1257} INFO - Exporting the following env vars:
AIRFLOW_CTX_DAG_OWNER=coder2j
AIRFLOW_CTX_DAG_ID=dag_with_taskflow_api_v02
AIRFLOW_CTX_TASK_ID=get_name
AIRFLOW_CTX_EXECUTION_DATE=2021-12-28T00:00:00+00:00
AIRFLOW_CTX_DAG_RUN_ID=scheduled__2021-12-28T00:00:00+00:00
[2024-06-24 12:55:20,000] {taskinstance.py:1166} INFO - Marking task as SUCCESS. dag_id=dag_with_taskflow_api_v02, task_id=get_name, execution_date=20211228T000000, start_date=20240624T125518, end_date=20240624T125520
[2024-06-24 12:55:20,389] {taskinstance.py:1220} INFO - 1 downstream tasks scheduled from follow-on schedule check
[2024-06-24 12:55:20,412] {local_task_job.py:146} INFO - Task exited with return code 0
