[2024-06-24 14:24:57,750] {taskinstance.py:851} INFO - Dependencies all met for <TaskInstance: dag_with_taskflow_api_v02.get_name 2023-01-06T00:00:00+00:00 [queued]>
[2024-06-24 14:24:57,804] {taskinstance.py:851} INFO - Dependencies all met for <TaskInstance: dag_with_taskflow_api_v02.get_name 2023-01-06T00:00:00+00:00 [queued]>
[2024-06-24 14:24:57,810] {taskinstance.py:1042} INFO - 
--------------------------------------------------------------------------------
[2024-06-24 14:24:57,820] {taskinstance.py:1043} INFO - Starting attempt 1 of 6
[2024-06-24 14:24:57,823] {taskinstance.py:1044} INFO - 
--------------------------------------------------------------------------------
[2024-06-24 14:24:57,877] {taskinstance.py:1063} INFO - Executing <Task(_PythonDecoratedOperator): get_name> on 2023-01-06T00:00:00+00:00
[2024-06-24 14:24:57,901] {standard_task_runner.py:52} INFO - Started process 10403 to run task
[2024-06-24 14:24:57,908] {standard_task_runner.py:76} INFO - Running: ['airflow', 'tasks', 'run', 'dag_with_taskflow_api_v02', 'get_name', '2023-01-06T00:00:00+00:00', '--job-id', '5566', '--pool', 'default_pool', '--raw', '--subdir', 'DAGS_FOLDER/dag_with_taskflow_api.py', '--cfg-path', '/tmp/tmp_zsf1kny', '--error-file', '/tmp/tmpe4tz8eho']
[2024-06-24 14:24:57,917] {standard_task_runner.py:77} INFO - Job 5566: Subtask get_name
[2024-06-24 14:24:58,113] {logging_mixin.py:104} INFO - Running <TaskInstance: dag_with_taskflow_api_v02.get_name 2023-01-06T00:00:00+00:00 [running]> on host 799b1e36e3f1
[2024-06-24 14:24:58,415] {taskinstance.py:1257} INFO - Exporting the following env vars:
AIRFLOW_CTX_DAG_OWNER=coder2j
AIRFLOW_CTX_DAG_ID=dag_with_taskflow_api_v02
AIRFLOW_CTX_TASK_ID=get_name
AIRFLOW_CTX_EXECUTION_DATE=2023-01-06T00:00:00+00:00
AIRFLOW_CTX_DAG_RUN_ID=scheduled__2023-01-06T00:00:00+00:00
[2024-06-24 14:24:58,744] {taskinstance.py:1166} INFO - Marking task as SUCCESS. dag_id=dag_with_taskflow_api_v02, task_id=get_name, execution_date=20230106T000000, start_date=20240624T142457, end_date=20240624T142458
[2024-06-24 14:24:58,833] {taskinstance.py:1220} INFO - 0 downstream tasks scheduled from follow-on schedule check
[2024-06-24 14:24:58,864] {local_task_job.py:146} INFO - Task exited with return code 0
