[2024-06-24 14:19:10,736] {taskinstance.py:851} INFO - Dependencies all met for <TaskInstance: our_first_dag_v5.second_task 2022-03-30T00:00:00+00:00 [queued]>
[2024-06-24 14:19:10,792] {taskinstance.py:851} INFO - Dependencies all met for <TaskInstance: our_first_dag_v5.second_task 2022-03-30T00:00:00+00:00 [queued]>
[2024-06-24 14:19:10,806] {taskinstance.py:1042} INFO - 
--------------------------------------------------------------------------------
[2024-06-24 14:19:10,817] {taskinstance.py:1043} INFO - Starting attempt 1 of 6
[2024-06-24 14:19:10,818] {taskinstance.py:1044} INFO - 
--------------------------------------------------------------------------------
[2024-06-24 14:19:10,904] {taskinstance.py:1063} INFO - Executing <Task(BashOperator): second_task> on 2022-03-30T00:00:00+00:00
[2024-06-24 14:19:10,917] {standard_task_runner.py:52} INFO - Started process 1832 to run task
[2024-06-24 14:19:10,926] {standard_task_runner.py:76} INFO - Running: ['airflow', 'tasks', 'run', 'our_first_dag_v5', 'second_task', '2022-03-30T00:00:00+00:00', '--job-id', '3302', '--pool', 'default_pool', '--raw', '--subdir', 'DAGS_FOLDER/our_first_dag.py', '--cfg-path', '/tmp/tmp2rw7x6tq', '--error-file', '/tmp/tmpi15nqewx']
[2024-06-24 14:19:10,933] {standard_task_runner.py:77} INFO - Job 3302: Subtask second_task
[2024-06-24 14:19:11,113] {logging_mixin.py:104} INFO - Running <TaskInstance: our_first_dag_v5.second_task 2022-03-30T00:00:00+00:00 [running]> on host 799b1e36e3f1
[2024-06-24 14:19:11,350] {taskinstance.py:1257} INFO - Exporting the following env vars:
AIRFLOW_CTX_DAG_OWNER=coder2j
AIRFLOW_CTX_DAG_ID=our_first_dag_v5
AIRFLOW_CTX_TASK_ID=second_task
AIRFLOW_CTX_EXECUTION_DATE=2022-03-30T00:00:00+00:00
AIRFLOW_CTX_DAG_RUN_ID=scheduled__2022-03-30T00:00:00+00:00
[2024-06-24 14:19:11,353] {bash.py:135} INFO - Tmp dir root location: 
 /tmp
[2024-06-24 14:19:11,362] {bash.py:158} INFO - Running command: echo hey, I am task2 and will be running after task1!
[2024-06-24 14:19:11,381] {bash.py:169} INFO - Output:
[2024-06-24 14:19:11,382] {bash.py:173} INFO - hey, I am task2 and will be running after task1!
[2024-06-24 14:19:11,384] {bash.py:177} INFO - Command exited with return code 0
[2024-06-24 14:19:11,499] {taskinstance.py:1166} INFO - Marking task as SUCCESS. dag_id=our_first_dag_v5, task_id=second_task, execution_date=20220330T000000, start_date=20240624T141910, end_date=20240624T141911
[2024-06-24 14:19:11,627] {taskinstance.py:1220} INFO - 0 downstream tasks scheduled from follow-on schedule check
[2024-06-24 14:19:11,643] {local_task_job.py:146} INFO - Task exited with return code 0
