[2024-06-25 01:03:38,339] {taskinstance.py:851} INFO - Dependencies all met for <TaskInstance: our_first_dag_v5.first_task 2024-06-24T00:00:00+00:00 [queued]>
[2024-06-25 01:03:38,368] {taskinstance.py:851} INFO - Dependencies all met for <TaskInstance: our_first_dag_v5.first_task 2024-06-24T00:00:00+00:00 [queued]>
[2024-06-25 01:03:38,371] {taskinstance.py:1042} INFO - 
--------------------------------------------------------------------------------
[2024-06-25 01:03:38,373] {taskinstance.py:1043} INFO - Starting attempt 1 of 6
[2024-06-25 01:03:38,374] {taskinstance.py:1044} INFO - 
--------------------------------------------------------------------------------
[2024-06-25 01:03:38,409] {taskinstance.py:1063} INFO - Executing <Task(BashOperator): first_task> on 2024-06-24T00:00:00+00:00
[2024-06-25 01:03:38,417] {standard_task_runner.py:52} INFO - Started process 84674 to run task
[2024-06-25 01:03:38,424] {standard_task_runner.py:76} INFO - Running: ['airflow', 'tasks', 'run', 'our_first_dag_v5', 'first_task', '2024-06-24T00:00:00+00:00', '--job-id', '12176', '--pool', 'default_pool', '--raw', '--subdir', 'DAGS_FOLDER/our_first_dag.py', '--cfg-path', '/tmp/tmppl5xzkhp', '--error-file', '/tmp/tmpcqj6v2m3']
[2024-06-25 01:03:38,433] {standard_task_runner.py:77} INFO - Job 12176: Subtask first_task
[2024-06-25 01:03:38,573] {logging_mixin.py:104} INFO - Running <TaskInstance: our_first_dag_v5.first_task 2024-06-24T00:00:00+00:00 [running]> on host 799b1e36e3f1
[2024-06-25 01:03:38,706] {taskinstance.py:1257} INFO - Exporting the following env vars:
AIRFLOW_CTX_DAG_OWNER=coder2j
AIRFLOW_CTX_DAG_ID=our_first_dag_v5
AIRFLOW_CTX_TASK_ID=first_task
AIRFLOW_CTX_EXECUTION_DATE=2024-06-24T00:00:00+00:00
AIRFLOW_CTX_DAG_RUN_ID=scheduled__2024-06-24T00:00:00+00:00
[2024-06-25 01:03:38,709] {bash.py:135} INFO - Tmp dir root location: 
 /tmp
[2024-06-25 01:03:38,711] {bash.py:158} INFO - Running command: echo hello world, this is the first task!
[2024-06-25 01:03:38,729] {bash.py:169} INFO - Output:
[2024-06-25 01:03:38,762] {bash.py:173} INFO - hello world, this is the first task!
[2024-06-25 01:03:38,768] {bash.py:177} INFO - Command exited with return code 0
[2024-06-25 01:03:38,843] {taskinstance.py:1166} INFO - Marking task as SUCCESS. dag_id=our_first_dag_v5, task_id=first_task, execution_date=20240624T000000, start_date=20240625T010338, end_date=20240625T010338
[2024-06-25 01:03:39,064] {taskinstance.py:1220} INFO - 0 downstream tasks scheduled from follow-on schedule check
[2024-06-25 01:03:39,101] {local_task_job.py:146} INFO - Task exited with return code 0
