[2024-06-24 12:52:20,818] {taskinstance.py:851} INFO - Dependencies all met for <TaskInstance: our_dag_with_python_operator_v07.get_age 2021-10-14T00:00:00+00:00 [queued]>
[2024-06-24 12:52:21,010] {taskinstance.py:851} INFO - Dependencies all met for <TaskInstance: our_dag_with_python_operator_v07.get_age 2021-10-14T00:00:00+00:00 [queued]>
[2024-06-24 12:52:21,061] {taskinstance.py:1042} INFO - 
--------------------------------------------------------------------------------
[2024-06-24 12:52:21,097] {taskinstance.py:1043} INFO - Starting attempt 1 of 6
[2024-06-24 12:52:21,135] {taskinstance.py:1044} INFO - 
--------------------------------------------------------------------------------
[2024-06-24 12:52:21,255] {taskinstance.py:1063} INFO - Executing <Task(PythonOperator): get_age> on 2021-10-14T00:00:00+00:00
[2024-06-24 12:52:21,290] {standard_task_runner.py:52} INFO - Started process 27605 to run task
[2024-06-24 12:52:21,349] {standard_task_runner.py:76} INFO - Running: ['airflow', 'tasks', 'run', 'our_dag_with_python_operator_v07', 'get_age', '2021-10-14T00:00:00+00:00', '--job-id', '543', '--pool', 'default_pool', '--raw', '--subdir', 'DAGS_FOLDER/create_dag_with_python_operator.py', '--cfg-path', '/tmp/tmpcy69_jou', '--error-file', '/tmp/tmp19ljbx6n']
[2024-06-24 12:52:21,460] {standard_task_runner.py:77} INFO - Job 543: Subtask get_age
[2024-06-24 12:52:22,001] {logging_mixin.py:104} INFO - Running <TaskInstance: our_dag_with_python_operator_v07.get_age 2021-10-14T00:00:00+00:00 [running]> on host 799b1e36e3f1
[2024-06-24 12:52:22,712] {taskinstance.py:1257} INFO - Exporting the following env vars:
AIRFLOW_CTX_DAG_OWNER=coder2j
AIRFLOW_CTX_DAG_ID=our_dag_with_python_operator_v07
AIRFLOW_CTX_TASK_ID=get_age
AIRFLOW_CTX_EXECUTION_DATE=2021-10-14T00:00:00+00:00
AIRFLOW_CTX_DAG_RUN_ID=scheduled__2021-10-14T00:00:00+00:00
[2024-06-24 12:52:23,044] {python.py:118} INFO - Done. Returned value was: None
[2024-06-24 12:52:23,135] {taskinstance.py:1166} INFO - Marking task as SUCCESS. dag_id=our_dag_with_python_operator_v07, task_id=get_age, execution_date=20211014T000000, start_date=20240624T125220, end_date=20240624T125223
[2024-06-24 12:52:23,381] {taskinstance.py:1220} INFO - 1 downstream tasks scheduled from follow-on schedule check
[2024-06-24 12:52:23,418] {local_task_job.py:146} INFO - Task exited with return code 0
