[2024-06-24 14:19:04,014] {taskinstance.py:851} INFO - Dependencies all met for <TaskInstance: dag_with_taskflow_api_v02.get_name 2022-06-12T00:00:00+00:00 [queued]>
[2024-06-24 14:19:04,069] {taskinstance.py:851} INFO - Dependencies all met for <TaskInstance: dag_with_taskflow_api_v02.get_name 2022-06-12T00:00:00+00:00 [queued]>
[2024-06-24 14:19:04,074] {taskinstance.py:1042} INFO - 
--------------------------------------------------------------------------------
[2024-06-24 14:19:04,082] {taskinstance.py:1043} INFO - Starting attempt 1 of 6
[2024-06-24 14:19:04,083] {taskinstance.py:1044} INFO - 
--------------------------------------------------------------------------------
[2024-06-24 14:19:04,129] {taskinstance.py:1063} INFO - Executing <Task(_PythonDecoratedOperator): get_name> on 2022-06-12T00:00:00+00:00
[2024-06-24 14:19:04,171] {standard_task_runner.py:52} INFO - Started process 1686 to run task
[2024-06-24 14:19:04,177] {standard_task_runner.py:76} INFO - Running: ['airflow', 'tasks', 'run', 'dag_with_taskflow_api_v02', 'get_name', '2022-06-12T00:00:00+00:00', '--job-id', '3256', '--pool', 'default_pool', '--raw', '--subdir', 'DAGS_FOLDER/dag_with_taskflow_api.py', '--cfg-path', '/tmp/tmpkl_sk8g_', '--error-file', '/tmp/tmpzie21yaq']
[2024-06-24 14:19:04,197] {standard_task_runner.py:77} INFO - Job 3256: Subtask get_name
[2024-06-24 14:19:04,534] {logging_mixin.py:104} INFO - Running <TaskInstance: dag_with_taskflow_api_v02.get_name 2022-06-12T00:00:00+00:00 [running]> on host 799b1e36e3f1
[2024-06-24 14:19:04,719] {taskinstance.py:1257} INFO - Exporting the following env vars:
AIRFLOW_CTX_DAG_OWNER=coder2j
AIRFLOW_CTX_DAG_ID=dag_with_taskflow_api_v02
AIRFLOW_CTX_TASK_ID=get_name
AIRFLOW_CTX_EXECUTION_DATE=2022-06-12T00:00:00+00:00
AIRFLOW_CTX_DAG_RUN_ID=scheduled__2022-06-12T00:00:00+00:00
[2024-06-24 14:19:05,150] {taskinstance.py:1166} INFO - Marking task as SUCCESS. dag_id=dag_with_taskflow_api_v02, task_id=get_name, execution_date=20220612T000000, start_date=20240624T141904, end_date=20240624T141905
[2024-06-24 14:19:05,546] {taskinstance.py:1220} INFO - 1 downstream tasks scheduled from follow-on schedule check
[2024-06-24 14:19:05,561] {local_task_job.py:146} INFO - Task exited with return code 0
