[2024-06-24 14:21:47,114] {taskinstance.py:851} INFO - Dependencies all met for <TaskInstance: dag_with_taskflow_api_v02.greet 2022-08-24T00:00:00+00:00 [queued]>
[2024-06-24 14:21:47,235] {taskinstance.py:851} INFO - Dependencies all met for <TaskInstance: dag_with_taskflow_api_v02.greet 2022-08-24T00:00:00+00:00 [queued]>
[2024-06-24 14:21:47,248] {taskinstance.py:1042} INFO - 
--------------------------------------------------------------------------------
[2024-06-24 14:21:47,250] {taskinstance.py:1043} INFO - Starting attempt 1 of 6
[2024-06-24 14:21:47,251] {taskinstance.py:1044} INFO - 
--------------------------------------------------------------------------------
[2024-06-24 14:21:47,326] {taskinstance.py:1063} INFO - Executing <Task(_PythonDecoratedOperator): greet> on 2022-08-24T00:00:00+00:00
[2024-06-24 14:21:47,338] {standard_task_runner.py:52} INFO - Started process 5306 to run task
[2024-06-24 14:21:47,364] {standard_task_runner.py:76} INFO - Running: ['airflow', 'tasks', 'run', 'dag_with_taskflow_api_v02', 'greet', '2022-08-24T00:00:00+00:00', '--job-id', '4195', '--pool', 'default_pool', '--raw', '--subdir', 'DAGS_FOLDER/dag_with_taskflow_api.py', '--cfg-path', '/tmp/tmp4qmmpsp3', '--error-file', '/tmp/tmpi_v_roz_']
[2024-06-24 14:21:47,396] {standard_task_runner.py:77} INFO - Job 4195: Subtask greet
[2024-06-24 14:21:47,675] {logging_mixin.py:104} INFO - Running <TaskInstance: dag_with_taskflow_api_v02.greet 2022-08-24T00:00:00+00:00 [running]> on host 799b1e36e3f1
[2024-06-24 14:21:48,121] {taskinstance.py:1257} INFO - Exporting the following env vars:
AIRFLOW_CTX_DAG_OWNER=coder2j
AIRFLOW_CTX_DAG_ID=dag_with_taskflow_api_v02
AIRFLOW_CTX_TASK_ID=greet
AIRFLOW_CTX_EXECUTION_DATE=2022-08-24T00:00:00+00:00
AIRFLOW_CTX_DAG_RUN_ID=scheduled__2022-08-24T00:00:00+00:00
[2024-06-24 14:21:48,130] {logging_mixin.py:104} INFO - Hello World! My name is Jerry Fridman and I am 19 years old!
[2024-06-24 14:21:48,176] {taskinstance.py:1166} INFO - Marking task as SUCCESS. dag_id=dag_with_taskflow_api_v02, task_id=greet, execution_date=20220824T000000, start_date=20240624T142147, end_date=20240624T142148
[2024-06-24 14:21:48,319] {taskinstance.py:1220} INFO - 0 downstream tasks scheduled from follow-on schedule check
[2024-06-24 14:21:48,538] {local_task_job.py:146} INFO - Task exited with return code 0
