[2024-07-12 11:11:34,303] {taskinstance.py:851} INFO - Dependencies all met for <TaskInstance: our_dag_with_python_operator_v07.greet 2024-07-08T00:00:00+00:00 [queued]>
[2024-07-12 11:11:34,916] {taskinstance.py:851} INFO - Dependencies all met for <TaskInstance: our_dag_with_python_operator_v07.greet 2024-07-08T00:00:00+00:00 [queued]>
[2024-07-12 11:11:34,920] {taskinstance.py:1042} INFO - 
--------------------------------------------------------------------------------
[2024-07-12 11:11:34,942] {taskinstance.py:1043} INFO - Starting attempt 1 of 6
[2024-07-12 11:11:34,944] {taskinstance.py:1044} INFO - 
--------------------------------------------------------------------------------
[2024-07-12 11:11:35,206] {taskinstance.py:1063} INFO - Executing <Task(PythonOperator): greet> on 2024-07-08T00:00:00+00:00
[2024-07-12 11:11:35,282] {standard_task_runner.py:52} INFO - Started process 371 to run task
[2024-07-12 11:11:35,293] {standard_task_runner.py:76} INFO - Running: ['airflow', 'tasks', 'run', 'our_dag_with_python_operator_v07', 'greet', '2024-07-08T00:00:00+00:00', '--job-id', '12366', '--pool', 'default_pool', '--raw', '--subdir', 'DAGS_FOLDER/create_dag_with_python_operator.py', '--cfg-path', '/tmp/tmpn22lovx3', '--error-file', '/tmp/tmpiazcd2xk']
[2024-07-12 11:11:35,299] {standard_task_runner.py:77} INFO - Job 12366: Subtask greet
[2024-07-12 11:11:35,755] {logging_mixin.py:104} INFO - Running <TaskInstance: our_dag_with_python_operator_v07.greet 2024-07-08T00:00:00+00:00 [running]> on host 799b1e36e3f1
[2024-07-12 11:11:36,309] {taskinstance.py:1257} INFO - Exporting the following env vars:
AIRFLOW_CTX_DAG_OWNER=coder2j
AIRFLOW_CTX_DAG_ID=our_dag_with_python_operator_v07
AIRFLOW_CTX_TASK_ID=greet
AIRFLOW_CTX_EXECUTION_DATE=2024-07-08T00:00:00+00:00
AIRFLOW_CTX_DAG_RUN_ID=scheduled__2024-07-08T00:00:00+00:00
[2024-07-12 11:11:36,311] {logging_mixin.py:104} INFO - some dict:  {'a': 1, 'b': 2}
[2024-07-12 11:11:36,552] {logging_mixin.py:104} INFO - Hello World! My name is Jerry Fridman, and I am 19 years old!
[2024-07-12 11:11:36,556] {python.py:118} INFO - Done. Returned value was: None
[2024-07-12 11:11:36,610] {taskinstance.py:1166} INFO - Marking task as SUCCESS. dag_id=our_dag_with_python_operator_v07, task_id=greet, execution_date=20240708T000000, start_date=20240712T111134, end_date=20240712T111136
[2024-07-12 11:11:37,125] {taskinstance.py:1220} INFO - 0 downstream tasks scheduled from follow-on schedule check
[2024-07-12 11:11:37,168] {local_task_job.py:146} INFO - Task exited with return code 0
