[2024-06-24 12:55:18,037] {taskinstance.py:851} INFO - Dependencies all met for <TaskInstance: our_first_dag_v5.first_task 2021-09-18T00:00:00+00:00 [queued]>
[2024-06-24 12:55:18,204] {taskinstance.py:851} INFO - Dependencies all met for <TaskInstance: our_first_dag_v5.first_task 2021-09-18T00:00:00+00:00 [queued]>
[2024-06-24 12:55:18,206] {taskinstance.py:1042} INFO - 
--------------------------------------------------------------------------------
[2024-06-24 12:55:18,207] {taskinstance.py:1043} INFO - Starting attempt 1 of 6
[2024-06-24 12:55:18,213] {taskinstance.py:1044} INFO - 
--------------------------------------------------------------------------------
[2024-06-24 12:55:18,314] {taskinstance.py:1063} INFO - Executing <Task(BashOperator): first_task> on 2021-09-18T00:00:00+00:00
[2024-06-24 12:55:18,329] {standard_task_runner.py:52} INFO - Started process 30470 to run task
[2024-06-24 12:55:18,342] {standard_task_runner.py:76} INFO - Running: ['airflow', 'tasks', 'run', 'our_first_dag_v5', 'first_task', '2021-09-18T00:00:00+00:00', '--job-id', '1234', '--pool', 'default_pool', '--raw', '--subdir', 'DAGS_FOLDER/our_first_dag.py', '--cfg-path', '/tmp/tmp0ubo7yb3', '--error-file', '/tmp/tmpbxbpo9z6']
[2024-06-24 12:55:18,367] {standard_task_runner.py:77} INFO - Job 1234: Subtask first_task
[2024-06-24 12:55:18,623] {logging_mixin.py:104} INFO - Running <TaskInstance: our_first_dag_v5.first_task 2021-09-18T00:00:00+00:00 [running]> on host 799b1e36e3f1
[2024-06-24 12:55:19,084] {taskinstance.py:1257} INFO - Exporting the following env vars:
AIRFLOW_CTX_DAG_OWNER=coder2j
AIRFLOW_CTX_DAG_ID=our_first_dag_v5
AIRFLOW_CTX_TASK_ID=first_task
AIRFLOW_CTX_EXECUTION_DATE=2021-09-18T00:00:00+00:00
AIRFLOW_CTX_DAG_RUN_ID=scheduled__2021-09-18T00:00:00+00:00
[2024-06-24 12:55:19,091] {bash.py:135} INFO - Tmp dir root location: 
 /tmp
[2024-06-24 12:55:19,131] {bash.py:158} INFO - Running command: echo hello world, this is the first task!
[2024-06-24 12:55:19,350] {bash.py:169} INFO - Output:
[2024-06-24 12:55:19,366] {bash.py:173} INFO - hello world, this is the first task!
[2024-06-24 12:55:19,367] {bash.py:177} INFO - Command exited with return code 0
[2024-06-24 12:55:19,579] {taskinstance.py:1166} INFO - Marking task as SUCCESS. dag_id=our_first_dag_v5, task_id=first_task, execution_date=20210918T000000, start_date=20240624T125518, end_date=20240624T125519
[2024-06-24 12:55:19,756] {taskinstance.py:1220} INFO - 2 downstream tasks scheduled from follow-on schedule check
[2024-06-24 12:55:19,863] {local_task_job.py:146} INFO - Task exited with return code 0
