[2024-06-24 14:20:42,832] {taskinstance.py:851} INFO - Dependencies all met for <TaskInstance: dag_with_taskflow_api_v02.greet 2022-07-13T00:00:00+00:00 [queued]>
[2024-06-24 14:20:43,055] {taskinstance.py:851} INFO - Dependencies all met for <TaskInstance: dag_with_taskflow_api_v02.greet 2022-07-13T00:00:00+00:00 [queued]>
[2024-06-24 14:20:43,057] {taskinstance.py:1042} INFO - 
--------------------------------------------------------------------------------
[2024-06-24 14:20:43,058] {taskinstance.py:1043} INFO - Starting attempt 1 of 6
[2024-06-24 14:20:43,058] {taskinstance.py:1044} INFO - 
--------------------------------------------------------------------------------
[2024-06-24 14:20:43,202] {taskinstance.py:1063} INFO - Executing <Task(_PythonDecoratedOperator): greet> on 2022-07-13T00:00:00+00:00
[2024-06-24 14:20:43,213] {standard_task_runner.py:52} INFO - Started process 3985 to run task
[2024-06-24 14:20:43,368] {standard_task_runner.py:76} INFO - Running: ['airflow', 'tasks', 'run', 'dag_with_taskflow_api_v02', 'greet', '2022-07-13T00:00:00+00:00', '--job-id', '3843', '--pool', 'default_pool', '--raw', '--subdir', 'DAGS_FOLDER/dag_with_taskflow_api.py', '--cfg-path', '/tmp/tmpgll_0ln1', '--error-file', '/tmp/tmpkiid4zfk']
[2024-06-24 14:20:43,449] {standard_task_runner.py:77} INFO - Job 3843: Subtask greet
[2024-06-24 14:20:44,043] {logging_mixin.py:104} INFO - Running <TaskInstance: dag_with_taskflow_api_v02.greet 2022-07-13T00:00:00+00:00 [running]> on host 799b1e36e3f1
[2024-06-24 14:20:44,749] {taskinstance.py:1257} INFO - Exporting the following env vars:
AIRFLOW_CTX_DAG_OWNER=coder2j
AIRFLOW_CTX_DAG_ID=dag_with_taskflow_api_v02
AIRFLOW_CTX_TASK_ID=greet
AIRFLOW_CTX_EXECUTION_DATE=2022-07-13T00:00:00+00:00
AIRFLOW_CTX_DAG_RUN_ID=scheduled__2022-07-13T00:00:00+00:00
[2024-06-24 14:20:44,801] {logging_mixin.py:104} INFO - Hello World! My name is Jerry Fridman and I am 19 years old!
[2024-06-24 14:20:44,937] {taskinstance.py:1166} INFO - Marking task as SUCCESS. dag_id=dag_with_taskflow_api_v02, task_id=greet, execution_date=20220713T000000, start_date=20240624T142042, end_date=20240624T142044
[2024-06-24 14:20:45,302] {taskinstance.py:1220} INFO - 0 downstream tasks scheduled from follow-on schedule check
[2024-06-24 14:20:45,434] {local_task_job.py:146} INFO - Task exited with return code 0
