[2024-06-24 14:51:03,458] {taskinstance.py:851} INFO - Dependencies all met for <TaskInstance: our_first_dag_v5.thrid_task 2023-10-20T00:00:00+00:00 [queued]>
[2024-06-24 14:51:03,484] {taskinstance.py:851} INFO - Dependencies all met for <TaskInstance: our_first_dag_v5.thrid_task 2023-10-20T00:00:00+00:00 [queued]>
[2024-06-24 14:51:03,489] {taskinstance.py:1042} INFO - 
--------------------------------------------------------------------------------
[2024-06-24 14:51:03,490] {taskinstance.py:1043} INFO - Starting attempt 1 of 6
[2024-06-24 14:51:03,492] {taskinstance.py:1044} INFO - 
--------------------------------------------------------------------------------
[2024-06-24 14:51:03,522] {taskinstance.py:1063} INFO - Executing <Task(BashOperator): thrid_task> on 2023-10-20T00:00:00+00:00
[2024-06-24 14:51:03,532] {standard_task_runner.py:52} INFO - Started process 25709 to run task
[2024-06-24 14:51:03,549] {standard_task_runner.py:76} INFO - Running: ['airflow', 'tasks', 'run', 'our_first_dag_v5', 'thrid_task', '2023-10-20T00:00:00+00:00', '--job-id', '9507', '--pool', 'default_pool', '--raw', '--subdir', 'DAGS_FOLDER/our_first_dag.py', '--cfg-path', '/tmp/tmpg0x86nmo', '--error-file', '/tmp/tmpxr43pivw']
[2024-06-24 14:51:03,559] {standard_task_runner.py:77} INFO - Job 9507: Subtask thrid_task
[2024-06-24 14:51:03,816] {logging_mixin.py:104} INFO - Running <TaskInstance: our_first_dag_v5.thrid_task 2023-10-20T00:00:00+00:00 [running]> on host 799b1e36e3f1
[2024-06-24 14:51:04,043] {taskinstance.py:1257} INFO - Exporting the following env vars:
AIRFLOW_CTX_DAG_OWNER=coder2j
AIRFLOW_CTX_DAG_ID=our_first_dag_v5
AIRFLOW_CTX_TASK_ID=thrid_task
AIRFLOW_CTX_EXECUTION_DATE=2023-10-20T00:00:00+00:00
AIRFLOW_CTX_DAG_RUN_ID=scheduled__2023-10-20T00:00:00+00:00
[2024-06-24 14:51:04,045] {bash.py:135} INFO - Tmp dir root location: 
 /tmp
[2024-06-24 14:51:04,050] {bash.py:158} INFO - Running command: echo hey, I am task3 and will be running after task1 at the same time as task2!
[2024-06-24 14:51:04,073] {bash.py:169} INFO - Output:
[2024-06-24 14:51:04,078] {bash.py:173} INFO - hey, I am task3 and will be running after task1 at the same time as task2!
[2024-06-24 14:51:04,082] {bash.py:177} INFO - Command exited with return code 0
[2024-06-24 14:51:04,157] {taskinstance.py:1166} INFO - Marking task as SUCCESS. dag_id=our_first_dag_v5, task_id=thrid_task, execution_date=20231020T000000, start_date=20240624T145103, end_date=20240624T145104
[2024-06-24 14:51:04,749] {taskinstance.py:1220} INFO - 0 downstream tasks scheduled from follow-on schedule check
[2024-06-24 14:51:04,778] {local_task_job.py:146} INFO - Task exited with return code 0
