[2024-06-24 15:06:44,979] {taskinstance.py:851} INFO - Dependencies all met for <TaskInstance: dag_with_python_dependencies_v03.get_sklearn 2024-04-20T00:00:00+00:00 [queued]>
[2024-06-24 15:06:45,120] {taskinstance.py:851} INFO - Dependencies all met for <TaskInstance: dag_with_python_dependencies_v03.get_sklearn 2024-04-20T00:00:00+00:00 [queued]>
[2024-06-24 15:06:45,130] {taskinstance.py:1042} INFO - 
--------------------------------------------------------------------------------
[2024-06-24 15:06:45,133] {taskinstance.py:1043} INFO - Starting attempt 1 of 1
[2024-06-24 15:06:45,133] {taskinstance.py:1044} INFO - 
--------------------------------------------------------------------------------
[2024-06-24 15:06:45,225] {taskinstance.py:1063} INFO - Executing <Task(PythonOperator): get_sklearn> on 2024-04-20T00:00:00+00:00
[2024-06-24 15:06:45,251] {standard_task_runner.py:52} INFO - Started process 35797 to run task
[2024-06-24 15:06:45,250] {standard_task_runner.py:76} INFO - Running: ['airflow', 'tasks', 'run', 'dag_with_python_dependencies_v03', 'get_sklearn', '2024-04-20T00:00:00+00:00', '--job-id', '11973', '--pool', 'default_pool', '--raw', '--subdir', 'DAGS_FOLDER/dag_with_python_dependencies.py', '--cfg-path', '/tmp/tmp308dv0bg', '--error-file', '/tmp/tmp452te62u']
[2024-06-24 15:06:45,261] {standard_task_runner.py:77} INFO - Job 11973: Subtask get_sklearn
[2024-06-24 15:06:45,470] {logging_mixin.py:104} INFO - Running <TaskInstance: dag_with_python_dependencies_v03.get_sklearn 2024-04-20T00:00:00+00:00 [running]> on host 799b1e36e3f1
[2024-06-24 15:06:45,574] {taskinstance.py:1257} INFO - Exporting the following env vars:
AIRFLOW_CTX_DAG_OWNER=coder2j
AIRFLOW_CTX_DAG_ID=dag_with_python_dependencies_v03
AIRFLOW_CTX_TASK_ID=get_sklearn
AIRFLOW_CTX_EXECUTION_DATE=2024-04-20T00:00:00+00:00
AIRFLOW_CTX_DAG_RUN_ID=scheduled__2024-04-20T00:00:00+00:00
[2024-06-24 15:06:47,485] {logging_mixin.py:104} INFO - sklearn with version: 0.24.2
[2024-06-24 15:06:47,502] {python.py:118} INFO - Done. Returned value was: None
[2024-06-24 15:06:47,522] {taskinstance.py:1166} INFO - Marking task as SUCCESS. dag_id=dag_with_python_dependencies_v03, task_id=get_sklearn, execution_date=20240420T000000, start_date=20240624T150644, end_date=20240624T150647
[2024-06-24 15:06:47,580] {taskinstance.py:1220} INFO - 1 downstream tasks scheduled from follow-on schedule check
[2024-06-24 15:06:47,660] {local_task_job.py:146} INFO - Task exited with return code 0
