[2024-06-24 15:02:13,566] {taskinstance.py:851} INFO - Dependencies all met for <TaskInstance: our_dag_with_python_operator_v07.get_age 2024-02-24T00:00:00+00:00 [queued]>
[2024-06-24 15:02:13,643] {taskinstance.py:851} INFO - Dependencies all met for <TaskInstance: our_dag_with_python_operator_v07.get_age 2024-02-24T00:00:00+00:00 [queued]>
[2024-06-24 15:02:13,648] {taskinstance.py:1042} INFO - 
--------------------------------------------------------------------------------
[2024-06-24 15:02:13,651] {taskinstance.py:1043} INFO - Starting attempt 1 of 6
[2024-06-24 15:02:13,653] {taskinstance.py:1044} INFO - 
--------------------------------------------------------------------------------
[2024-06-24 15:02:13,726] {taskinstance.py:1063} INFO - Executing <Task(PythonOperator): get_age> on 2024-02-24T00:00:00+00:00
[2024-06-24 15:02:13,736] {standard_task_runner.py:52} INFO - Started process 29174 to run task
[2024-06-24 15:02:13,764] {standard_task_runner.py:76} INFO - Running: ['airflow', 'tasks', 'run', 'our_dag_with_python_operator_v07', 'get_age', '2024-02-24T00:00:00+00:00', '--job-id', '10333', '--pool', 'default_pool', '--raw', '--subdir', 'DAGS_FOLDER/create_dag_with_python_operator.py', '--cfg-path', '/tmp/tmp1ialjp6k', '--error-file', '/tmp/tmpmp8xm01e']
[2024-06-24 15:02:13,783] {standard_task_runner.py:77} INFO - Job 10333: Subtask get_age
[2024-06-24 15:02:14,015] {logging_mixin.py:104} INFO - Running <TaskInstance: our_dag_with_python_operator_v07.get_age 2024-02-24T00:00:00+00:00 [running]> on host 799b1e36e3f1
[2024-06-24 15:02:14,263] {taskinstance.py:1257} INFO - Exporting the following env vars:
AIRFLOW_CTX_DAG_OWNER=coder2j
AIRFLOW_CTX_DAG_ID=our_dag_with_python_operator_v07
AIRFLOW_CTX_TASK_ID=get_age
AIRFLOW_CTX_EXECUTION_DATE=2024-02-24T00:00:00+00:00
AIRFLOW_CTX_DAG_RUN_ID=scheduled__2024-02-24T00:00:00+00:00
[2024-06-24 15:02:14,373] {python.py:118} INFO - Done. Returned value was: None
[2024-06-24 15:02:14,434] {taskinstance.py:1166} INFO - Marking task as SUCCESS. dag_id=our_dag_with_python_operator_v07, task_id=get_age, execution_date=20240224T000000, start_date=20240624T150213, end_date=20240624T150214
[2024-06-24 15:02:14,553] {taskinstance.py:1220} INFO - 0 downstream tasks scheduled from follow-on schedule check
[2024-06-24 15:02:14,605] {local_task_job.py:146} INFO - Task exited with return code 0
