[2024-06-24 14:43:11,465] {taskinstance.py:851} INFO - Dependencies all met for <TaskInstance: our_first_dag_v5.first_task 2023-08-26T00:00:00+00:00 [queued]>
[2024-06-24 14:43:12,242] {taskinstance.py:851} INFO - Dependencies all met for <TaskInstance: our_first_dag_v5.first_task 2023-08-26T00:00:00+00:00 [queued]>
[2024-06-24 14:43:12,261] {taskinstance.py:1042} INFO - 
--------------------------------------------------------------------------------
[2024-06-24 14:43:12,265] {taskinstance.py:1043} INFO - Starting attempt 1 of 6
[2024-06-24 14:43:12,277] {taskinstance.py:1044} INFO - 
--------------------------------------------------------------------------------
[2024-06-24 14:43:12,528] {taskinstance.py:1063} INFO - Executing <Task(BashOperator): first_task> on 2023-08-26T00:00:00+00:00
[2024-06-24 14:43:12,563] {standard_task_runner.py:52} INFO - Started process 23198 to run task
[2024-06-24 14:43:12,658] {standard_task_runner.py:76} INFO - Running: ['airflow', 'tasks', 'run', 'our_first_dag_v5', 'first_task', '2023-08-26T00:00:00+00:00', '--job-id', '8914', '--pool', 'default_pool', '--raw', '--subdir', 'DAGS_FOLDER/our_first_dag.py', '--cfg-path', '/tmp/tmpsi8b3txs', '--error-file', '/tmp/tmp7yojowke']
[2024-06-24 14:43:12,698] {standard_task_runner.py:77} INFO - Job 8914: Subtask first_task
[2024-06-24 14:43:13,708] {logging_mixin.py:104} INFO - Running <TaskInstance: our_first_dag_v5.first_task 2023-08-26T00:00:00+00:00 [running]> on host 799b1e36e3f1
[2024-06-24 14:43:14,620] {taskinstance.py:1257} INFO - Exporting the following env vars:
AIRFLOW_CTX_DAG_OWNER=coder2j
AIRFLOW_CTX_DAG_ID=our_first_dag_v5
AIRFLOW_CTX_TASK_ID=first_task
AIRFLOW_CTX_EXECUTION_DATE=2023-08-26T00:00:00+00:00
AIRFLOW_CTX_DAG_RUN_ID=scheduled__2023-08-26T00:00:00+00:00
[2024-06-24 14:43:14,631] {bash.py:135} INFO - Tmp dir root location: 
 /tmp
[2024-06-24 14:43:14,676] {bash.py:158} INFO - Running command: echo hello world, this is the first task!
[2024-06-24 14:43:14,790] {bash.py:169} INFO - Output:
[2024-06-24 14:43:14,804] {bash.py:173} INFO - hello world, this is the first task!
[2024-06-24 14:43:14,808] {bash.py:177} INFO - Command exited with return code 0
[2024-06-24 14:43:15,462] {taskinstance.py:1166} INFO - Marking task as SUCCESS. dag_id=our_first_dag_v5, task_id=first_task, execution_date=20230826T000000, start_date=20240624T144311, end_date=20240624T144315
[2024-06-24 14:43:16,085] {taskinstance.py:1220} INFO - 2 downstream tasks scheduled from follow-on schedule check
[2024-06-24 14:43:16,223] {local_task_job.py:146} INFO - Task exited with return code 0
