[2024-06-24 15:06:55,775] {taskinstance.py:851} INFO - Dependencies all met for <TaskInstance: dag_with_python_dependencies_v03.get_matplotlib 2024-05-02T00:00:00+00:00 [queued]>
[2024-06-24 15:06:55,809] {taskinstance.py:851} INFO - Dependencies all met for <TaskInstance: dag_with_python_dependencies_v03.get_matplotlib 2024-05-02T00:00:00+00:00 [queued]>
[2024-06-24 15:06:55,811] {taskinstance.py:1042} INFO - 
--------------------------------------------------------------------------------
[2024-06-24 15:06:55,813] {taskinstance.py:1043} INFO - Starting attempt 1 of 1
[2024-06-24 15:06:55,816] {taskinstance.py:1044} INFO - 
--------------------------------------------------------------------------------
[2024-06-24 15:06:55,861] {taskinstance.py:1063} INFO - Executing <Task(PythonOperator): get_matplotlib> on 2024-05-02T00:00:00+00:00
[2024-06-24 15:06:55,868] {standard_task_runner.py:52} INFO - Started process 36122 to run task
[2024-06-24 15:06:55,878] {standard_task_runner.py:76} INFO - Running: ['airflow', 'tasks', 'run', 'dag_with_python_dependencies_v03', 'get_matplotlib', '2024-05-02T00:00:00+00:00', '--job-id', '12015', '--pool', 'default_pool', '--raw', '--subdir', 'DAGS_FOLDER/dag_with_python_dependencies.py', '--cfg-path', '/tmp/tmp3e_hfjcx', '--error-file', '/tmp/tmpztt127uj']
[2024-06-24 15:06:55,885] {standard_task_runner.py:77} INFO - Job 12015: Subtask get_matplotlib
[2024-06-24 15:06:56,053] {logging_mixin.py:104} INFO - Running <TaskInstance: dag_with_python_dependencies_v03.get_matplotlib 2024-05-02T00:00:00+00:00 [running]> on host 799b1e36e3f1
[2024-06-24 15:06:56,153] {taskinstance.py:1257} INFO - Exporting the following env vars:
AIRFLOW_CTX_DAG_OWNER=coder2j
AIRFLOW_CTX_DAG_ID=dag_with_python_dependencies_v03
AIRFLOW_CTX_TASK_ID=get_matplotlib
AIRFLOW_CTX_EXECUTION_DATE=2024-05-02T00:00:00+00:00
AIRFLOW_CTX_DAG_RUN_ID=scheduled__2024-05-02T00:00:00+00:00
[2024-06-24 15:06:56,347] {__init__.py:482} WARNING - Matplotlib created a temporary config/cache directory at /tmp/matplotlib-2xyfyfmy because the default path (/home/airflow/.config/matplotlib) is not a writable directory; it is highly recommended to set the MPLCONFIGDIR environment variable to a writable directory, in particular to speed up the import of Matplotlib and to better support multiprocessing.
[2024-06-24 15:06:56,364] {logging_mixin.py:104} INFO - matplotlib with version: 3.3.3
[2024-06-24 15:06:56,366] {python.py:118} INFO - Done. Returned value was: None
[2024-06-24 15:06:56,412] {taskinstance.py:1166} INFO - Marking task as SUCCESS. dag_id=dag_with_python_dependencies_v03, task_id=get_matplotlib, execution_date=20240502T000000, start_date=20240624T150655, end_date=20240624T150656
[2024-06-24 15:06:56,484] {taskinstance.py:1220} INFO - 0 downstream tasks scheduled from follow-on schedule check
[2024-06-24 15:06:56,548] {local_task_job.py:146} INFO - Task exited with return code 0
