[2024-06-24 14:50:47,640] {taskinstance.py:851} INFO - Dependencies all met for <TaskInstance: our_first_dag_v5.first_task 2023-09-14T00:00:00+00:00 [queued]>
[2024-06-24 14:50:47,714] {taskinstance.py:851} INFO - Dependencies all met for <TaskInstance: our_first_dag_v5.first_task 2023-09-14T00:00:00+00:00 [queued]>
[2024-06-24 14:50:47,722] {taskinstance.py:1042} INFO - 
--------------------------------------------------------------------------------
[2024-06-24 14:50:47,727] {taskinstance.py:1043} INFO - Starting attempt 1 of 6
[2024-06-24 14:50:47,734] {taskinstance.py:1044} INFO - 
--------------------------------------------------------------------------------
[2024-06-24 14:50:47,778] {taskinstance.py:1063} INFO - Executing <Task(BashOperator): first_task> on 2023-09-14T00:00:00+00:00
[2024-06-24 14:50:47,795] {standard_task_runner.py:52} INFO - Started process 25342 to run task
[2024-06-24 14:50:47,800] {standard_task_runner.py:76} INFO - Running: ['airflow', 'tasks', 'run', 'our_first_dag_v5', 'first_task', '2023-09-14T00:00:00+00:00', '--job-id', '9417', '--pool', 'default_pool', '--raw', '--subdir', 'DAGS_FOLDER/our_first_dag.py', '--cfg-path', '/tmp/tmp6923_2m1', '--error-file', '/tmp/tmpwvlkgy9y']
[2024-06-24 14:50:47,819] {standard_task_runner.py:77} INFO - Job 9417: Subtask first_task
[2024-06-24 14:50:48,142] {logging_mixin.py:104} INFO - Running <TaskInstance: our_first_dag_v5.first_task 2023-09-14T00:00:00+00:00 [running]> on host 799b1e36e3f1
[2024-06-24 14:50:48,437] {taskinstance.py:1257} INFO - Exporting the following env vars:
AIRFLOW_CTX_DAG_OWNER=coder2j
AIRFLOW_CTX_DAG_ID=our_first_dag_v5
AIRFLOW_CTX_TASK_ID=first_task
AIRFLOW_CTX_EXECUTION_DATE=2023-09-14T00:00:00+00:00
AIRFLOW_CTX_DAG_RUN_ID=scheduled__2023-09-14T00:00:00+00:00
[2024-06-24 14:50:48,441] {bash.py:135} INFO - Tmp dir root location: 
 /tmp
[2024-06-24 14:50:48,451] {bash.py:158} INFO - Running command: echo hello world, this is the first task!
[2024-06-24 14:50:48,506] {bash.py:169} INFO - Output:
[2024-06-24 14:50:48,511] {bash.py:173} INFO - hello world, this is the first task!
[2024-06-24 14:50:48,514] {bash.py:177} INFO - Command exited with return code 0
[2024-06-24 14:50:48,624] {taskinstance.py:1166} INFO - Marking task as SUCCESS. dag_id=our_first_dag_v5, task_id=first_task, execution_date=20230914T000000, start_date=20240624T145047, end_date=20240624T145048
[2024-06-24 14:50:48,775] {taskinstance.py:1220} INFO - 2 downstream tasks scheduled from follow-on schedule check
[2024-06-24 14:50:48,832] {local_task_job.py:146} INFO - Task exited with return code 0
