[2024-06-24 12:58:08,956] {taskinstance.py:851} INFO - Dependencies all met for <TaskInstance: our_dag_with_python_operator_v07.get_name 2022-02-03T00:00:00+00:00 [queued]>
[2024-06-24 12:58:09,033] {taskinstance.py:851} INFO - Dependencies all met for <TaskInstance: our_dag_with_python_operator_v07.get_name 2022-02-03T00:00:00+00:00 [queued]>
[2024-06-24 12:58:09,037] {taskinstance.py:1042} INFO - 
--------------------------------------------------------------------------------
[2024-06-24 12:58:09,070] {taskinstance.py:1043} INFO - Starting attempt 1 of 6
[2024-06-24 12:58:09,075] {taskinstance.py:1044} INFO - 
--------------------------------------------------------------------------------
[2024-06-24 12:58:09,185] {taskinstance.py:1063} INFO - Executing <Task(PythonOperator): get_name> on 2022-02-03T00:00:00+00:00
[2024-06-24 12:58:09,203] {standard_task_runner.py:52} INFO - Started process 33194 to run task
[2024-06-24 12:58:09,233] {standard_task_runner.py:76} INFO - Running: ['airflow', 'tasks', 'run', 'our_dag_with_python_operator_v07', 'get_name', '2022-02-03T00:00:00+00:00', '--job-id', '1884', '--pool', 'default_pool', '--raw', '--subdir', 'DAGS_FOLDER/create_dag_with_python_operator.py', '--cfg-path', '/tmp/tmp7jh0txkf', '--error-file', '/tmp/tmp6h_6tmnd']
[2024-06-24 12:58:09,259] {standard_task_runner.py:77} INFO - Job 1884: Subtask get_name
[2024-06-24 12:58:09,716] {logging_mixin.py:104} INFO - Running <TaskInstance: our_dag_with_python_operator_v07.get_name 2022-02-03T00:00:00+00:00 [running]> on host 799b1e36e3f1
[2024-06-24 12:58:10,204] {taskinstance.py:1257} INFO - Exporting the following env vars:
AIRFLOW_CTX_DAG_OWNER=coder2j
AIRFLOW_CTX_DAG_ID=our_dag_with_python_operator_v07
AIRFLOW_CTX_TASK_ID=get_name
AIRFLOW_CTX_EXECUTION_DATE=2022-02-03T00:00:00+00:00
AIRFLOW_CTX_DAG_RUN_ID=scheduled__2022-02-03T00:00:00+00:00
[2024-06-24 12:58:10,803] {python.py:118} INFO - Done. Returned value was: None
[2024-06-24 12:58:10,879] {taskinstance.py:1166} INFO - Marking task as SUCCESS. dag_id=our_dag_with_python_operator_v07, task_id=get_name, execution_date=20220203T000000, start_date=20240624T125808, end_date=20240624T125810
[2024-06-24 12:58:11,139] {taskinstance.py:1220} INFO - 1 downstream tasks scheduled from follow-on schedule check
[2024-06-24 12:58:11,206] {local_task_job.py:146} INFO - Task exited with return code 0
