[2024-06-24 14:23:58,081] {taskinstance.py:851} INFO - Dependencies all met for <TaskInstance: our_first_dag_v5.thrid_task 2022-09-13T00:00:00+00:00 [queued]>
[2024-06-24 14:23:58,137] {taskinstance.py:851} INFO - Dependencies all met for <TaskInstance: our_first_dag_v5.thrid_task 2022-09-13T00:00:00+00:00 [queued]>
[2024-06-24 14:23:58,139] {taskinstance.py:1042} INFO - 
--------------------------------------------------------------------------------
[2024-06-24 14:23:58,141] {taskinstance.py:1043} INFO - Starting attempt 1 of 6
[2024-06-24 14:23:58,142] {taskinstance.py:1044} INFO - 
--------------------------------------------------------------------------------
[2024-06-24 14:23:58,188] {taskinstance.py:1063} INFO - Executing <Task(BashOperator): thrid_task> on 2022-09-13T00:00:00+00:00
[2024-06-24 14:23:58,195] {standard_task_runner.py:52} INFO - Started process 8782 to run task
[2024-06-24 14:23:58,213] {standard_task_runner.py:76} INFO - Running: ['airflow', 'tasks', 'run', 'our_first_dag_v5', 'thrid_task', '2022-09-13T00:00:00+00:00', '--job-id', '5128', '--pool', 'default_pool', '--raw', '--subdir', 'DAGS_FOLDER/our_first_dag.py', '--cfg-path', '/tmp/tmpwaol61ry', '--error-file', '/tmp/tmpwrzd1fj5']
[2024-06-24 14:23:58,225] {standard_task_runner.py:77} INFO - Job 5128: Subtask thrid_task
[2024-06-24 14:23:58,517] {logging_mixin.py:104} INFO - Running <TaskInstance: our_first_dag_v5.thrid_task 2022-09-13T00:00:00+00:00 [running]> on host 799b1e36e3f1
[2024-06-24 14:23:58,689] {taskinstance.py:1257} INFO - Exporting the following env vars:
AIRFLOW_CTX_DAG_OWNER=coder2j
AIRFLOW_CTX_DAG_ID=our_first_dag_v5
AIRFLOW_CTX_TASK_ID=thrid_task
AIRFLOW_CTX_EXECUTION_DATE=2022-09-13T00:00:00+00:00
AIRFLOW_CTX_DAG_RUN_ID=scheduled__2022-09-13T00:00:00+00:00
[2024-06-24 14:23:58,691] {bash.py:135} INFO - Tmp dir root location: 
 /tmp
[2024-06-24 14:23:58,693] {bash.py:158} INFO - Running command: echo hey, I am task3 and will be running after task1 at the same time as task2!
[2024-06-24 14:23:58,743] {bash.py:169} INFO - Output:
[2024-06-24 14:23:58,744] {bash.py:173} INFO - hey, I am task3 and will be running after task1 at the same time as task2!
[2024-06-24 14:23:58,750] {bash.py:177} INFO - Command exited with return code 0
[2024-06-24 14:23:58,893] {taskinstance.py:1166} INFO - Marking task as SUCCESS. dag_id=our_first_dag_v5, task_id=thrid_task, execution_date=20220913T000000, start_date=20240624T142358, end_date=20240624T142358
[2024-06-24 14:23:59,446] {taskinstance.py:1220} INFO - 0 downstream tasks scheduled from follow-on schedule check
[2024-06-24 14:23:59,486] {local_task_job.py:146} INFO - Task exited with return code 0
