[2024-07-23 11:11:12,091] {taskinstance.py:851} INFO - Dependencies all met for <TaskInstance: dag_with_python_dependencies_v03.get_sklearn 2024-07-16T00:00:00+00:00 [queued]>
[2024-07-23 11:11:12,118] {taskinstance.py:851} INFO - Dependencies all met for <TaskInstance: dag_with_python_dependencies_v03.get_sklearn 2024-07-16T00:00:00+00:00 [queued]>
[2024-07-23 11:11:12,124] {taskinstance.py:1042} INFO - 
--------------------------------------------------------------------------------
[2024-07-23 11:11:12,126] {taskinstance.py:1043} INFO - Starting attempt 1 of 1
[2024-07-23 11:11:12,130] {taskinstance.py:1044} INFO - 
--------------------------------------------------------------------------------
[2024-07-23 11:11:12,275] {taskinstance.py:1063} INFO - Executing <Task(PythonOperator): get_sklearn> on 2024-07-16T00:00:00+00:00
[2024-07-23 11:11:12,301] {standard_task_runner.py:52} INFO - Started process 188 to run task
[2024-07-23 11:11:12,481] {standard_task_runner.py:76} INFO - Running: ['airflow', 'tasks', 'run', 'dag_with_python_dependencies_v03', 'get_sklearn', '2024-07-16T00:00:00+00:00', '--job-id', '12448', '--pool', 'default_pool', '--raw', '--subdir', 'DAGS_FOLDER/dag_with_python_dependencies.py', '--cfg-path', '/tmp/tmpf6wkjapz', '--error-file', '/tmp/tmpd45hdpga']
[2024-07-23 11:11:12,561] {standard_task_runner.py:77} INFO - Job 12448: Subtask get_sklearn
[2024-07-23 11:11:13,367] {logging_mixin.py:104} INFO - Running <TaskInstance: dag_with_python_dependencies_v03.get_sklearn 2024-07-16T00:00:00+00:00 [running]> on host 799b1e36e3f1
[2024-07-23 11:11:14,216] {taskinstance.py:1257} INFO - Exporting the following env vars:
AIRFLOW_CTX_DAG_OWNER=coder2j
AIRFLOW_CTX_DAG_ID=dag_with_python_dependencies_v03
AIRFLOW_CTX_TASK_ID=get_sklearn
AIRFLOW_CTX_EXECUTION_DATE=2024-07-16T00:00:00+00:00
AIRFLOW_CTX_DAG_RUN_ID=scheduled__2024-07-16T00:00:00+00:00
[2024-07-23 11:11:23,558] {logging_mixin.py:104} INFO - sklearn with version: 0.24.2
[2024-07-23 11:11:23,560] {python.py:118} INFO - Done. Returned value was: None
[2024-07-23 11:11:23,646] {taskinstance.py:1166} INFO - Marking task as SUCCESS. dag_id=dag_with_python_dependencies_v03, task_id=get_sklearn, execution_date=20240716T000000, start_date=20240723T111112, end_date=20240723T111123
[2024-07-23 11:11:24,867] {taskinstance.py:1220} INFO - 0 downstream tasks scheduled from follow-on schedule check
[2024-07-23 11:11:25,233] {local_task_job.py:146} INFO - Task exited with return code 0
