[2024-06-24 14:41:31,930] {taskinstance.py:851} INFO - Dependencies all met for <TaskInstance: dag_with_taskflow_api_v02.greet 2023-09-27T00:00:00+00:00 [queued]>
[2024-06-24 14:41:32,269] {taskinstance.py:851} INFO - Dependencies all met for <TaskInstance: dag_with_taskflow_api_v02.greet 2023-09-27T00:00:00+00:00 [queued]>
[2024-06-24 14:41:32,297] {taskinstance.py:1042} INFO - 
--------------------------------------------------------------------------------
[2024-06-24 14:41:32,298] {taskinstance.py:1043} INFO - Starting attempt 1 of 6
[2024-06-24 14:41:32,301] {taskinstance.py:1044} INFO - 
--------------------------------------------------------------------------------
[2024-06-24 14:41:32,371] {taskinstance.py:1063} INFO - Executing <Task(_PythonDecoratedOperator): greet> on 2023-09-27T00:00:00+00:00
[2024-06-24 14:41:32,446] {standard_task_runner.py:52} INFO - Started process 22761 to run task
[2024-06-24 14:41:32,483] {standard_task_runner.py:76} INFO - Running: ['airflow', 'tasks', 'run', 'dag_with_taskflow_api_v02', 'greet', '2023-09-27T00:00:00+00:00', '--job-id', '8813', '--pool', 'default_pool', '--raw', '--subdir', 'DAGS_FOLDER/dag_with_taskflow_api.py', '--cfg-path', '/tmp/tmpa15ift9e', '--error-file', '/tmp/tmppq9_8ayz']
[2024-06-24 14:41:32,512] {standard_task_runner.py:77} INFO - Job 8813: Subtask greet
[2024-06-24 14:41:32,798] {logging_mixin.py:104} INFO - Running <TaskInstance: dag_with_taskflow_api_v02.greet 2023-09-27T00:00:00+00:00 [running]> on host 799b1e36e3f1
[2024-06-24 14:41:32,987] {taskinstance.py:1257} INFO - Exporting the following env vars:
AIRFLOW_CTX_DAG_OWNER=coder2j
AIRFLOW_CTX_DAG_ID=dag_with_taskflow_api_v02
AIRFLOW_CTX_TASK_ID=greet
AIRFLOW_CTX_EXECUTION_DATE=2023-09-27T00:00:00+00:00
AIRFLOW_CTX_DAG_RUN_ID=scheduled__2023-09-27T00:00:00+00:00
[2024-06-24 14:41:32,989] {logging_mixin.py:104} INFO - Hello World! My name is Jerry Fridman and I am 19 years old!
[2024-06-24 14:41:33,012] {taskinstance.py:1166} INFO - Marking task as SUCCESS. dag_id=dag_with_taskflow_api_v02, task_id=greet, execution_date=20230927T000000, start_date=20240624T144131, end_date=20240624T144133
[2024-06-24 14:41:33,075] {taskinstance.py:1220} INFO - 0 downstream tasks scheduled from follow-on schedule check
[2024-06-24 14:41:33,125] {local_task_job.py:146} INFO - Task exited with return code 0
