[2024-08-04 00:14:53,050] {taskinstance.py:851} INFO - Dependencies all met for <TaskInstance: our_dag_with_python_operator_v07.get_age 2024-08-03T00:00:00+00:00 [queued]>
[2024-08-04 00:14:53,155] {taskinstance.py:851} INFO - Dependencies all met for <TaskInstance: our_dag_with_python_operator_v07.get_age 2024-08-03T00:00:00+00:00 [queued]>
[2024-08-04 00:14:53,229] {taskinstance.py:1042} INFO - 
--------------------------------------------------------------------------------
[2024-08-04 00:14:53,231] {taskinstance.py:1043} INFO - Starting attempt 1 of 6
[2024-08-04 00:14:53,234] {taskinstance.py:1044} INFO - 
--------------------------------------------------------------------------------
[2024-08-04 00:14:53,336] {taskinstance.py:1063} INFO - Executing <Task(PythonOperator): get_age> on 2024-08-03T00:00:00+00:00
[2024-08-04 00:14:53,416] {standard_task_runner.py:52} INFO - Started process 34306 to run task
[2024-08-04 00:14:53,549] {standard_task_runner.py:76} INFO - Running: ['airflow', 'tasks', 'run', 'our_dag_with_python_operator_v07', 'get_age', '2024-08-03T00:00:00+00:00', '--job-id', '12667', '--pool', 'default_pool', '--raw', '--subdir', 'DAGS_FOLDER/create_dag_with_python_operator.py', '--cfg-path', '/tmp/tmpqdecpep3', '--error-file', '/tmp/tmphip3_4q4']
[2024-08-04 00:14:53,592] {standard_task_runner.py:77} INFO - Job 12667: Subtask get_age
[2024-08-04 00:14:54,487] {logging_mixin.py:104} INFO - Running <TaskInstance: our_dag_with_python_operator_v07.get_age 2024-08-03T00:00:00+00:00 [running]> on host 799b1e36e3f1
[2024-08-04 00:14:54,995] {taskinstance.py:1257} INFO - Exporting the following env vars:
AIRFLOW_CTX_DAG_OWNER=coder2j
AIRFLOW_CTX_DAG_ID=our_dag_with_python_operator_v07
AIRFLOW_CTX_TASK_ID=get_age
AIRFLOW_CTX_EXECUTION_DATE=2024-08-03T00:00:00+00:00
AIRFLOW_CTX_DAG_RUN_ID=scheduled__2024-08-03T00:00:00+00:00
[2024-08-04 00:14:55,137] {python.py:118} INFO - Done. Returned value was: None
[2024-08-04 00:14:55,269] {taskinstance.py:1166} INFO - Marking task as SUCCESS. dag_id=our_dag_with_python_operator_v07, task_id=get_age, execution_date=20240803T000000, start_date=20240804T001453, end_date=20240804T001455
[2024-08-04 00:14:55,689] {taskinstance.py:1220} INFO - 1 downstream tasks scheduled from follow-on schedule check
[2024-08-04 00:14:55,788] {local_task_job.py:146} INFO - Task exited with return code 0
