[2024-06-24 14:21:22,822] {taskinstance.py:851} INFO - Dependencies all met for <TaskInstance: our_dag_with_python_operator_v07.get_age 2022-08-11T00:00:00+00:00 [queued]>
[2024-06-24 14:21:22,851] {taskinstance.py:851} INFO - Dependencies all met for <TaskInstance: our_dag_with_python_operator_v07.get_age 2022-08-11T00:00:00+00:00 [queued]>
[2024-06-24 14:21:22,852] {taskinstance.py:1042} INFO - 
--------------------------------------------------------------------------------
[2024-06-24 14:21:22,857] {taskinstance.py:1043} INFO - Starting attempt 1 of 6
[2024-06-24 14:21:22,858] {taskinstance.py:1044} INFO - 
--------------------------------------------------------------------------------
[2024-06-24 14:21:22,891] {taskinstance.py:1063} INFO - Executing <Task(PythonOperator): get_age> on 2022-08-11T00:00:00+00:00
[2024-06-24 14:21:22,898] {standard_task_runner.py:52} INFO - Started process 4694 to run task
[2024-06-24 14:21:22,905] {standard_task_runner.py:76} INFO - Running: ['airflow', 'tasks', 'run', 'our_dag_with_python_operator_v07', 'get_age', '2022-08-11T00:00:00+00:00', '--job-id', '4026', '--pool', 'default_pool', '--raw', '--subdir', 'DAGS_FOLDER/create_dag_with_python_operator.py', '--cfg-path', '/tmp/tmpxfem9cfh', '--error-file', '/tmp/tmpu2g1e0o_']
[2024-06-24 14:21:22,913] {standard_task_runner.py:77} INFO - Job 4026: Subtask get_age
[2024-06-24 14:21:23,300] {logging_mixin.py:104} INFO - Running <TaskInstance: our_dag_with_python_operator_v07.get_age 2022-08-11T00:00:00+00:00 [running]> on host 799b1e36e3f1
[2024-06-24 14:21:23,645] {taskinstance.py:1257} INFO - Exporting the following env vars:
AIRFLOW_CTX_DAG_OWNER=coder2j
AIRFLOW_CTX_DAG_ID=our_dag_with_python_operator_v07
AIRFLOW_CTX_TASK_ID=get_age
AIRFLOW_CTX_EXECUTION_DATE=2022-08-11T00:00:00+00:00
AIRFLOW_CTX_DAG_RUN_ID=scheduled__2022-08-11T00:00:00+00:00
[2024-06-24 14:21:23,729] {python.py:118} INFO - Done. Returned value was: None
[2024-06-24 14:21:23,784] {taskinstance.py:1166} INFO - Marking task as SUCCESS. dag_id=our_dag_with_python_operator_v07, task_id=get_age, execution_date=20220811T000000, start_date=20240624T142122, end_date=20240624T142123
[2024-06-24 14:21:23,942] {taskinstance.py:1220} INFO - 0 downstream tasks scheduled from follow-on schedule check
[2024-06-24 14:21:23,986] {local_task_job.py:146} INFO - Task exited with return code 0
