[2024-06-24 14:31:09,327] {taskinstance.py:851} INFO - Dependencies all met for <TaskInstance: dag_with_python_dependencies_v03.get_sklearn 2023-06-13T00:00:00+00:00 [queued]>
[2024-06-24 14:31:09,365] {taskinstance.py:851} INFO - Dependencies all met for <TaskInstance: dag_with_python_dependencies_v03.get_sklearn 2023-06-13T00:00:00+00:00 [queued]>
[2024-06-24 14:31:09,371] {taskinstance.py:1042} INFO - 
--------------------------------------------------------------------------------
[2024-06-24 14:31:09,372] {taskinstance.py:1043} INFO - Starting attempt 1 of 1
[2024-06-24 14:31:09,372] {taskinstance.py:1044} INFO - 
--------------------------------------------------------------------------------
[2024-06-24 14:31:09,411] {taskinstance.py:1063} INFO - Executing <Task(PythonOperator): get_sklearn> on 2023-06-13T00:00:00+00:00
[2024-06-24 14:31:09,430] {standard_task_runner.py:52} INFO - Started process 20406 to run task
[2024-06-24 14:31:09,444] {standard_task_runner.py:76} INFO - Running: ['airflow', 'tasks', 'run', 'dag_with_python_dependencies_v03', 'get_sklearn', '2023-06-13T00:00:00+00:00', '--job-id', '8253', '--pool', 'default_pool', '--raw', '--subdir', 'DAGS_FOLDER/dag_with_python_dependencies.py', '--cfg-path', '/tmp/tmpbobhop10', '--error-file', '/tmp/tmp6bi8kp1g']
[2024-06-24 14:31:09,453] {standard_task_runner.py:77} INFO - Job 8253: Subtask get_sklearn
[2024-06-24 14:31:09,779] {logging_mixin.py:104} INFO - Running <TaskInstance: dag_with_python_dependencies_v03.get_sklearn 2023-06-13T00:00:00+00:00 [running]> on host 799b1e36e3f1
[2024-06-24 14:31:10,030] {taskinstance.py:1257} INFO - Exporting the following env vars:
AIRFLOW_CTX_DAG_OWNER=coder2j
AIRFLOW_CTX_DAG_ID=dag_with_python_dependencies_v03
AIRFLOW_CTX_TASK_ID=get_sklearn
AIRFLOW_CTX_EXECUTION_DATE=2023-06-13T00:00:00+00:00
AIRFLOW_CTX_DAG_RUN_ID=scheduled__2023-06-13T00:00:00+00:00
[2024-06-24 14:31:14,559] {logging_mixin.py:104} INFO - sklearn with version: 0.24.2
[2024-06-24 14:31:14,561] {python.py:118} INFO - Done. Returned value was: None
[2024-06-24 14:31:14,592] {taskinstance.py:1166} INFO - Marking task as SUCCESS. dag_id=dag_with_python_dependencies_v03, task_id=get_sklearn, execution_date=20230613T000000, start_date=20240624T143109, end_date=20240624T143114
[2024-06-24 14:31:14,697] {taskinstance.py:1220} INFO - 1 downstream tasks scheduled from follow-on schedule check
[2024-06-24 14:31:14,787] {local_task_job.py:146} INFO - Task exited with return code 0
