[2024-07-14 01:18:22,071] {taskinstance.py:851} INFO - Dependencies all met for <TaskInstance: dag_with_python_dependencies_v03.get_sklearn 2024-07-13T00:00:00+00:00 [queued]>
[2024-07-14 01:18:22,131] {taskinstance.py:851} INFO - Dependencies all met for <TaskInstance: dag_with_python_dependencies_v03.get_sklearn 2024-07-13T00:00:00+00:00 [queued]>
[2024-07-14 01:18:22,133] {taskinstance.py:1042} INFO - 
--------------------------------------------------------------------------------
[2024-07-14 01:18:22,135] {taskinstance.py:1043} INFO - Starting attempt 1 of 1
[2024-07-14 01:18:22,138] {taskinstance.py:1044} INFO - 
--------------------------------------------------------------------------------
[2024-07-14 01:18:22,184] {taskinstance.py:1063} INFO - Executing <Task(PythonOperator): get_sklearn> on 2024-07-13T00:00:00+00:00
[2024-07-14 01:18:22,211] {standard_task_runner.py:52} INFO - Started process 35207 to run task
[2024-07-14 01:18:22,282] {standard_task_runner.py:76} INFO - Running: ['airflow', 'tasks', 'run', 'dag_with_python_dependencies_v03', 'get_sklearn', '2024-07-13T00:00:00+00:00', '--job-id', '12407', '--pool', 'default_pool', '--raw', '--subdir', 'DAGS_FOLDER/dag_with_python_dependencies.py', '--cfg-path', '/tmp/tmpvhg0ua9l', '--error-file', '/tmp/tmpvob2ibma']
[2024-07-14 01:18:22,317] {standard_task_runner.py:77} INFO - Job 12407: Subtask get_sklearn
[2024-07-14 01:18:34,168] {logging_mixin.py:104} INFO - Running <TaskInstance: dag_with_python_dependencies_v03.get_sklearn 2024-07-13T00:00:00+00:00 [running]> on host 799b1e36e3f1
[2024-07-14 01:18:35,463] {taskinstance.py:1257} INFO - Exporting the following env vars:
AIRFLOW_CTX_DAG_OWNER=coder2j
AIRFLOW_CTX_DAG_ID=dag_with_python_dependencies_v03
AIRFLOW_CTX_TASK_ID=get_sklearn
AIRFLOW_CTX_EXECUTION_DATE=2024-07-13T00:00:00+00:00
AIRFLOW_CTX_DAG_RUN_ID=scheduled__2024-07-13T00:00:00+00:00
[2024-07-14 01:18:41,211] {logging_mixin.py:104} INFO - sklearn with version: 0.24.2
[2024-07-14 01:18:41,212] {python.py:118} INFO - Done. Returned value was: None
[2024-07-14 01:18:41,239] {taskinstance.py:1166} INFO - Marking task as SUCCESS. dag_id=dag_with_python_dependencies_v03, task_id=get_sklearn, execution_date=20240713T000000, start_date=20240714T011822, end_date=20240714T011841
[2024-07-14 01:18:41,313] {taskinstance.py:1220} INFO - 1 downstream tasks scheduled from follow-on schedule check
[2024-07-14 01:18:41,355] {local_task_job.py:146} INFO - Task exited with return code 0
