[2024-06-24 14:27:02,407] {taskinstance.py:851} INFO - Dependencies all met for <TaskInstance: our_first_dag_v5.second_task 2023-01-20T00:00:00+00:00 [queued]>
[2024-06-24 14:27:02,464] {taskinstance.py:851} INFO - Dependencies all met for <TaskInstance: our_first_dag_v5.second_task 2023-01-20T00:00:00+00:00 [queued]>
[2024-06-24 14:27:02,465] {taskinstance.py:1042} INFO - 
--------------------------------------------------------------------------------
[2024-06-24 14:27:02,466] {taskinstance.py:1043} INFO - Starting attempt 1 of 6
[2024-06-24 14:27:02,467] {taskinstance.py:1044} INFO - 
--------------------------------------------------------------------------------
[2024-06-24 14:27:02,522] {taskinstance.py:1063} INFO - Executing <Task(BashOperator): second_task> on 2023-01-20T00:00:00+00:00
[2024-06-24 14:27:02,552] {standard_task_runner.py:52} INFO - Started process 13788 to run task
[2024-06-24 14:27:02,573] {standard_task_runner.py:76} INFO - Running: ['airflow', 'tasks', 'run', 'our_first_dag_v5', 'second_task', '2023-01-20T00:00:00+00:00', '--job-id', '6471', '--pool', 'default_pool', '--raw', '--subdir', 'DAGS_FOLDER/our_first_dag.py', '--cfg-path', '/tmp/tmpn0ugn1t0', '--error-file', '/tmp/tmptqe91s_z']
[2024-06-24 14:27:02,593] {standard_task_runner.py:77} INFO - Job 6471: Subtask second_task
[2024-06-24 14:27:02,823] {logging_mixin.py:104} INFO - Running <TaskInstance: our_first_dag_v5.second_task 2023-01-20T00:00:00+00:00 [running]> on host 799b1e36e3f1
[2024-06-24 14:27:02,975] {taskinstance.py:1257} INFO - Exporting the following env vars:
AIRFLOW_CTX_DAG_OWNER=coder2j
AIRFLOW_CTX_DAG_ID=our_first_dag_v5
AIRFLOW_CTX_TASK_ID=second_task
AIRFLOW_CTX_EXECUTION_DATE=2023-01-20T00:00:00+00:00
AIRFLOW_CTX_DAG_RUN_ID=scheduled__2023-01-20T00:00:00+00:00
[2024-06-24 14:27:02,985] {bash.py:135} INFO - Tmp dir root location: 
 /tmp
[2024-06-24 14:27:02,988] {bash.py:158} INFO - Running command: echo hey, I am task2 and will be running after task1!
[2024-06-24 14:27:03,026] {bash.py:169} INFO - Output:
[2024-06-24 14:27:03,033] {bash.py:173} INFO - hey, I am task2 and will be running after task1!
[2024-06-24 14:27:03,037] {bash.py:177} INFO - Command exited with return code 0
[2024-06-24 14:27:03,163] {taskinstance.py:1166} INFO - Marking task as SUCCESS. dag_id=our_first_dag_v5, task_id=second_task, execution_date=20230120T000000, start_date=20240624T142702, end_date=20240624T142703
[2024-06-24 14:27:03,318] {taskinstance.py:1220} INFO - 0 downstream tasks scheduled from follow-on schedule check
[2024-06-24 14:27:03,400] {local_task_job.py:146} INFO - Task exited with return code 0
