[2024-06-24 14:30:35,282] {taskinstance.py:851} INFO - Dependencies all met for <TaskInstance: dag_with_taskflow_api_v02.get_name 2023-08-07T00:00:00+00:00 [queued]>
[2024-06-24 14:30:35,356] {taskinstance.py:851} INFO - Dependencies all met for <TaskInstance: dag_with_taskflow_api_v02.get_name 2023-08-07T00:00:00+00:00 [queued]>
[2024-06-24 14:30:35,367] {taskinstance.py:1042} INFO - 
--------------------------------------------------------------------------------
[2024-06-24 14:30:35,377] {taskinstance.py:1043} INFO - Starting attempt 1 of 6
[2024-06-24 14:30:35,390] {taskinstance.py:1044} INFO - 
--------------------------------------------------------------------------------
[2024-06-24 14:30:35,520] {taskinstance.py:1063} INFO - Executing <Task(_PythonDecoratedOperator): get_name> on 2023-08-07T00:00:00+00:00
[2024-06-24 14:30:35,564] {standard_task_runner.py:52} INFO - Started process 19486 to run task
[2024-06-24 14:30:35,564] {standard_task_runner.py:76} INFO - Running: ['airflow', 'tasks', 'run', 'dag_with_taskflow_api_v02', 'get_name', '2023-08-07T00:00:00+00:00', '--job-id', '7993', '--pool', 'default_pool', '--raw', '--subdir', 'DAGS_FOLDER/dag_with_taskflow_api.py', '--cfg-path', '/tmp/tmpimgwhh46', '--error-file', '/tmp/tmpop2q64pm']
[2024-06-24 14:30:35,610] {standard_task_runner.py:77} INFO - Job 7993: Subtask get_name
[2024-06-24 14:30:35,880] {logging_mixin.py:104} INFO - Running <TaskInstance: dag_with_taskflow_api_v02.get_name 2023-08-07T00:00:00+00:00 [running]> on host 799b1e36e3f1
[2024-06-24 14:30:36,117] {taskinstance.py:1257} INFO - Exporting the following env vars:
AIRFLOW_CTX_DAG_OWNER=coder2j
AIRFLOW_CTX_DAG_ID=dag_with_taskflow_api_v02
AIRFLOW_CTX_TASK_ID=get_name
AIRFLOW_CTX_EXECUTION_DATE=2023-08-07T00:00:00+00:00
AIRFLOW_CTX_DAG_RUN_ID=scheduled__2023-08-07T00:00:00+00:00
[2024-06-24 14:30:36,290] {taskinstance.py:1166} INFO - Marking task as SUCCESS. dag_id=dag_with_taskflow_api_v02, task_id=get_name, execution_date=20230807T000000, start_date=20240624T143035, end_date=20240624T143036
[2024-06-24 14:30:36,410] {taskinstance.py:1220} INFO - 1 downstream tasks scheduled from follow-on schedule check
[2024-06-24 14:30:36,451] {local_task_job.py:146} INFO - Task exited with return code 0
