[2024-06-24 12:58:37,333] {taskinstance.py:851} INFO - Dependencies all met for <TaskInstance: dag_with_taskflow_api_v02.get_name 2022-02-28T00:00:00+00:00 [queued]>
[2024-06-24 12:58:37,491] {taskinstance.py:851} INFO - Dependencies all met for <TaskInstance: dag_with_taskflow_api_v02.get_name 2022-02-28T00:00:00+00:00 [queued]>
[2024-06-24 12:58:37,504] {taskinstance.py:1042} INFO - 
--------------------------------------------------------------------------------
[2024-06-24 12:58:37,509] {taskinstance.py:1043} INFO - Starting attempt 1 of 6
[2024-06-24 12:58:37,513] {taskinstance.py:1044} INFO - 
--------------------------------------------------------------------------------
[2024-06-24 12:58:37,621] {taskinstance.py:1063} INFO - Executing <Task(_PythonDecoratedOperator): get_name> on 2022-02-28T00:00:00+00:00
[2024-06-24 12:58:37,659] {standard_task_runner.py:52} INFO - Started process 33600 to run task
[2024-06-24 12:58:37,670] {standard_task_runner.py:76} INFO - Running: ['airflow', 'tasks', 'run', 'dag_with_taskflow_api_v02', 'get_name', '2022-02-28T00:00:00+00:00', '--job-id', '1984', '--pool', 'default_pool', '--raw', '--subdir', 'DAGS_FOLDER/dag_with_taskflow_api.py', '--cfg-path', '/tmp/tmpsz259twg', '--error-file', '/tmp/tmpxfun7jbi']
[2024-06-24 12:58:37,716] {standard_task_runner.py:77} INFO - Job 1984: Subtask get_name
[2024-06-24 12:58:38,112] {logging_mixin.py:104} INFO - Running <TaskInstance: dag_with_taskflow_api_v02.get_name 2022-02-28T00:00:00+00:00 [running]> on host 799b1e36e3f1
[2024-06-24 12:58:38,517] {taskinstance.py:1257} INFO - Exporting the following env vars:
AIRFLOW_CTX_DAG_OWNER=coder2j
AIRFLOW_CTX_DAG_ID=dag_with_taskflow_api_v02
AIRFLOW_CTX_TASK_ID=get_name
AIRFLOW_CTX_EXECUTION_DATE=2022-02-28T00:00:00+00:00
AIRFLOW_CTX_DAG_RUN_ID=scheduled__2022-02-28T00:00:00+00:00
[2024-06-24 12:58:38,919] {taskinstance.py:1166} INFO - Marking task as SUCCESS. dag_id=dag_with_taskflow_api_v02, task_id=get_name, execution_date=20220228T000000, start_date=20240624T125837, end_date=20240624T125838
[2024-06-24 12:58:39,138] {taskinstance.py:1220} INFO - 1 downstream tasks scheduled from follow-on schedule check
[2024-06-24 12:58:39,185] {local_task_job.py:146} INFO - Task exited with return code 0
