[2024-06-24 15:05:19,656] {taskinstance.py:851} INFO - Dependencies all met for <TaskInstance: dag_with_taskflow_api_v02.greet 2024-05-05T00:00:00+00:00 [queued]>
[2024-06-24 15:05:19,724] {taskinstance.py:851} INFO - Dependencies all met for <TaskInstance: dag_with_taskflow_api_v02.greet 2024-05-05T00:00:00+00:00 [queued]>
[2024-06-24 15:05:19,733] {taskinstance.py:1042} INFO - 
--------------------------------------------------------------------------------
[2024-06-24 15:05:19,736] {taskinstance.py:1043} INFO - Starting attempt 1 of 6
[2024-06-24 15:05:19,737] {taskinstance.py:1044} INFO - 
--------------------------------------------------------------------------------
[2024-06-24 15:05:19,781] {taskinstance.py:1063} INFO - Executing <Task(_PythonDecoratedOperator): greet> on 2024-05-05T00:00:00+00:00
[2024-06-24 15:05:19,788] {standard_task_runner.py:52} INFO - Started process 33391 to run task
[2024-06-24 15:05:19,805] {standard_task_runner.py:76} INFO - Running: ['airflow', 'tasks', 'run', 'dag_with_taskflow_api_v02', 'greet', '2024-05-05T00:00:00+00:00', '--job-id', '11431', '--pool', 'default_pool', '--raw', '--subdir', 'DAGS_FOLDER/dag_with_taskflow_api.py', '--cfg-path', '/tmp/tmp6w8nb_47', '--error-file', '/tmp/tmpcufst0uj']
[2024-06-24 15:05:19,820] {standard_task_runner.py:77} INFO - Job 11431: Subtask greet
[2024-06-24 15:05:19,983] {logging_mixin.py:104} INFO - Running <TaskInstance: dag_with_taskflow_api_v02.greet 2024-05-05T00:00:00+00:00 [running]> on host 799b1e36e3f1
[2024-06-24 15:05:20,159] {taskinstance.py:1257} INFO - Exporting the following env vars:
AIRFLOW_CTX_DAG_OWNER=coder2j
AIRFLOW_CTX_DAG_ID=dag_with_taskflow_api_v02
AIRFLOW_CTX_TASK_ID=greet
AIRFLOW_CTX_EXECUTION_DATE=2024-05-05T00:00:00+00:00
AIRFLOW_CTX_DAG_RUN_ID=scheduled__2024-05-05T00:00:00+00:00
[2024-06-24 15:05:20,166] {logging_mixin.py:104} INFO - Hello World! My name is Jerry Fridman and I am 19 years old!
[2024-06-24 15:05:20,189] {taskinstance.py:1166} INFO - Marking task as SUCCESS. dag_id=dag_with_taskflow_api_v02, task_id=greet, execution_date=20240505T000000, start_date=20240624T150519, end_date=20240624T150520
[2024-06-24 15:05:20,252] {taskinstance.py:1220} INFO - 0 downstream tasks scheduled from follow-on schedule check
[2024-06-24 15:05:20,316] {local_task_job.py:146} INFO - Task exited with return code 0
