[2024-06-24 12:59:46,365] {taskinstance.py:851} INFO - Dependencies all met for <TaskInstance: dag_with_taskflow_api_v02.greet 2022-03-25T00:00:00+00:00 [queued]>
[2024-06-24 12:59:46,438] {taskinstance.py:851} INFO - Dependencies all met for <TaskInstance: dag_with_taskflow_api_v02.greet 2022-03-25T00:00:00+00:00 [queued]>
[2024-06-24 12:59:46,446] {taskinstance.py:1042} INFO - 
--------------------------------------------------------------------------------
[2024-06-24 12:59:46,452] {taskinstance.py:1043} INFO - Starting attempt 1 of 6
[2024-06-24 12:59:46,453] {taskinstance.py:1044} INFO - 
--------------------------------------------------------------------------------
[2024-06-24 12:59:46,519] {taskinstance.py:1063} INFO - Executing <Task(_PythonDecoratedOperator): greet> on 2022-03-25T00:00:00+00:00
[2024-06-24 12:59:46,538] {standard_task_runner.py:52} INFO - Started process 34753 to run task
[2024-06-24 12:59:46,554] {standard_task_runner.py:76} INFO - Running: ['airflow', 'tasks', 'run', 'dag_with_taskflow_api_v02', 'greet', '2022-03-25T00:00:00+00:00', '--job-id', '2272', '--pool', 'default_pool', '--raw', '--subdir', 'DAGS_FOLDER/dag_with_taskflow_api.py', '--cfg-path', '/tmp/tmp51teq7o2', '--error-file', '/tmp/tmp049f24qz']
[2024-06-24 12:59:46,585] {standard_task_runner.py:77} INFO - Job 2272: Subtask greet
[2024-06-24 12:59:47,025] {logging_mixin.py:104} INFO - Running <TaskInstance: dag_with_taskflow_api_v02.greet 2022-03-25T00:00:00+00:00 [running]> on host 799b1e36e3f1
[2024-06-24 12:59:47,717] {taskinstance.py:1257} INFO - Exporting the following env vars:
AIRFLOW_CTX_DAG_OWNER=coder2j
AIRFLOW_CTX_DAG_ID=dag_with_taskflow_api_v02
AIRFLOW_CTX_TASK_ID=greet
AIRFLOW_CTX_EXECUTION_DATE=2022-03-25T00:00:00+00:00
AIRFLOW_CTX_DAG_RUN_ID=scheduled__2022-03-25T00:00:00+00:00
[2024-06-24 12:59:47,721] {logging_mixin.py:104} INFO - Hello World! My name is Jerry Fridman and I am 19 years old!
[2024-06-24 12:59:47,810] {taskinstance.py:1166} INFO - Marking task as SUCCESS. dag_id=dag_with_taskflow_api_v02, task_id=greet, execution_date=20220325T000000, start_date=20240624T125946, end_date=20240624T125947
[2024-06-24 12:59:47,957] {taskinstance.py:1220} INFO - 0 downstream tasks scheduled from follow-on schedule check
[2024-06-24 12:59:48,092] {local_task_job.py:146} INFO - Task exited with return code 0
