[2024-06-24 14:19:28,177] {taskinstance.py:851} INFO - Dependencies all met for <TaskInstance: our_dag_with_python_operator_v07.get_age 2022-06-12T00:00:00+00:00 [queued]>
[2024-06-24 14:19:28,214] {taskinstance.py:851} INFO - Dependencies all met for <TaskInstance: our_dag_with_python_operator_v07.get_age 2022-06-12T00:00:00+00:00 [queued]>
[2024-06-24 14:19:28,216] {taskinstance.py:1042} INFO - 
--------------------------------------------------------------------------------
[2024-06-24 14:19:28,217] {taskinstance.py:1043} INFO - Starting attempt 1 of 6
[2024-06-24 14:19:28,218] {taskinstance.py:1044} INFO - 
--------------------------------------------------------------------------------
[2024-06-24 14:19:28,286] {taskinstance.py:1063} INFO - Executing <Task(PythonOperator): get_age> on 2022-06-12T00:00:00+00:00
[2024-06-24 14:19:28,315] {standard_task_runner.py:52} INFO - Started process 2314 to run task
[2024-06-24 14:19:28,406] {standard_task_runner.py:76} INFO - Running: ['airflow', 'tasks', 'run', 'our_dag_with_python_operator_v07', 'get_age', '2022-06-12T00:00:00+00:00', '--job-id', '3423', '--pool', 'default_pool', '--raw', '--subdir', 'DAGS_FOLDER/create_dag_with_python_operator.py', '--cfg-path', '/tmp/tmpz2r5hgmi', '--error-file', '/tmp/tmp3q42y95c']
[2024-06-24 14:19:28,435] {standard_task_runner.py:77} INFO - Job 3423: Subtask get_age
[2024-06-24 14:19:28,648] {logging_mixin.py:104} INFO - Running <TaskInstance: our_dag_with_python_operator_v07.get_age 2022-06-12T00:00:00+00:00 [running]> on host 799b1e36e3f1
[2024-06-24 14:19:28,971] {taskinstance.py:1257} INFO - Exporting the following env vars:
AIRFLOW_CTX_DAG_OWNER=coder2j
AIRFLOW_CTX_DAG_ID=our_dag_with_python_operator_v07
AIRFLOW_CTX_TASK_ID=get_age
AIRFLOW_CTX_EXECUTION_DATE=2022-06-12T00:00:00+00:00
AIRFLOW_CTX_DAG_RUN_ID=scheduled__2022-06-12T00:00:00+00:00
[2024-06-24 14:19:29,074] {python.py:118} INFO - Done. Returned value was: None
[2024-06-24 14:19:29,151] {taskinstance.py:1166} INFO - Marking task as SUCCESS. dag_id=our_dag_with_python_operator_v07, task_id=get_age, execution_date=20220612T000000, start_date=20240624T141928, end_date=20240624T141929
[2024-06-24 14:19:29,285] {taskinstance.py:1220} INFO - 1 downstream tasks scheduled from follow-on schedule check
[2024-06-24 14:19:29,339] {local_task_job.py:146} INFO - Task exited with return code 0
