[2024-06-24 12:56:41,678] {taskinstance.py:851} INFO - Dependencies all met for <TaskInstance: our_first_dag_v5.second_task 2021-10-31T00:00:00+00:00 [queued]>
[2024-06-24 12:56:41,835] {taskinstance.py:851} INFO - Dependencies all met for <TaskInstance: our_first_dag_v5.second_task 2021-10-31T00:00:00+00:00 [queued]>
[2024-06-24 12:56:41,841] {taskinstance.py:1042} INFO - 
--------------------------------------------------------------------------------
[2024-06-24 12:56:41,847] {taskinstance.py:1043} INFO - Starting attempt 1 of 6
[2024-06-24 12:56:41,848] {taskinstance.py:1044} INFO - 
--------------------------------------------------------------------------------
[2024-06-24 12:56:41,919] {taskinstance.py:1063} INFO - Executing <Task(BashOperator): second_task> on 2021-10-31T00:00:00+00:00
[2024-06-24 12:56:41,948] {standard_task_runner.py:52} INFO - Started process 31855 to run task
[2024-06-24 12:56:41,979] {standard_task_runner.py:76} INFO - Running: ['airflow', 'tasks', 'run', 'our_first_dag_v5', 'second_task', '2021-10-31T00:00:00+00:00', '--job-id', '1564', '--pool', 'default_pool', '--raw', '--subdir', 'DAGS_FOLDER/our_first_dag.py', '--cfg-path', '/tmp/tmpru6vztbe', '--error-file', '/tmp/tmp31cbv5e5']
[2024-06-24 12:56:42,002] {standard_task_runner.py:77} INFO - Job 1564: Subtask second_task
[2024-06-24 12:56:42,544] {logging_mixin.py:104} INFO - Running <TaskInstance: our_first_dag_v5.second_task 2021-10-31T00:00:00+00:00 [running]> on host 799b1e36e3f1
[2024-06-24 12:56:43,160] {taskinstance.py:1257} INFO - Exporting the following env vars:
AIRFLOW_CTX_DAG_OWNER=coder2j
AIRFLOW_CTX_DAG_ID=our_first_dag_v5
AIRFLOW_CTX_TASK_ID=second_task
AIRFLOW_CTX_EXECUTION_DATE=2021-10-31T00:00:00+00:00
AIRFLOW_CTX_DAG_RUN_ID=scheduled__2021-10-31T00:00:00+00:00
[2024-06-24 12:56:43,173] {bash.py:135} INFO - Tmp dir root location: 
 /tmp
[2024-06-24 12:56:43,185] {bash.py:158} INFO - Running command: echo hey, I am task2 and will be running after task1!
[2024-06-24 12:56:43,293] {bash.py:169} INFO - Output:
[2024-06-24 12:56:43,307] {bash.py:173} INFO - hey, I am task2 and will be running after task1!
[2024-06-24 12:56:43,312] {bash.py:177} INFO - Command exited with return code 0
[2024-06-24 12:56:43,504] {taskinstance.py:1166} INFO - Marking task as SUCCESS. dag_id=our_first_dag_v5, task_id=second_task, execution_date=20211031T000000, start_date=20240624T125641, end_date=20240624T125643
[2024-06-24 12:56:43,691] {taskinstance.py:1220} INFO - 0 downstream tasks scheduled from follow-on schedule check
[2024-06-24 12:56:43,757] {local_task_job.py:146} INFO - Task exited with return code 0
