[2024-06-24 14:43:19,690] {taskinstance.py:851} INFO - Dependencies all met for <TaskInstance: our_dag_with_python_operator_v07.greet 2023-10-28T00:00:00+00:00 [queued]>
[2024-06-24 14:43:19,735] {taskinstance.py:851} INFO - Dependencies all met for <TaskInstance: our_dag_with_python_operator_v07.greet 2023-10-28T00:00:00+00:00 [queued]>
[2024-06-24 14:43:19,738] {taskinstance.py:1042} INFO - 
--------------------------------------------------------------------------------
[2024-06-24 14:43:19,742] {taskinstance.py:1043} INFO - Starting attempt 1 of 6
[2024-06-24 14:43:19,744] {taskinstance.py:1044} INFO - 
--------------------------------------------------------------------------------
[2024-06-24 14:43:19,813] {taskinstance.py:1063} INFO - Executing <Task(PythonOperator): greet> on 2023-10-28T00:00:00+00:00
[2024-06-24 14:43:19,820] {standard_task_runner.py:52} INFO - Started process 23258 to run task
[2024-06-24 14:43:19,853] {standard_task_runner.py:76} INFO - Running: ['airflow', 'tasks', 'run', 'our_dag_with_python_operator_v07', 'greet', '2023-10-28T00:00:00+00:00', '--job-id', '8926', '--pool', 'default_pool', '--raw', '--subdir', 'DAGS_FOLDER/create_dag_with_python_operator.py', '--cfg-path', '/tmp/tmp_u2q3ppc', '--error-file', '/tmp/tmpy2kjn20g']
[2024-06-24 14:43:19,879] {standard_task_runner.py:77} INFO - Job 8926: Subtask greet
[2024-06-24 14:43:20,100] {logging_mixin.py:104} INFO - Running <TaskInstance: our_dag_with_python_operator_v07.greet 2023-10-28T00:00:00+00:00 [running]> on host 799b1e36e3f1
[2024-06-24 14:43:20,361] {taskinstance.py:1257} INFO - Exporting the following env vars:
AIRFLOW_CTX_DAG_OWNER=coder2j
AIRFLOW_CTX_DAG_ID=our_dag_with_python_operator_v07
AIRFLOW_CTX_TASK_ID=greet
AIRFLOW_CTX_EXECUTION_DATE=2023-10-28T00:00:00+00:00
AIRFLOW_CTX_DAG_RUN_ID=scheduled__2023-10-28T00:00:00+00:00
[2024-06-24 14:43:20,363] {logging_mixin.py:104} INFO - some dict:  {'a': 1, 'b': 2}
[2024-06-24 14:43:20,440] {logging_mixin.py:104} INFO - Hello World! My name is Jerry Fridman, and I am 19 years old!
[2024-06-24 14:43:20,453] {python.py:118} INFO - Done. Returned value was: None
[2024-06-24 14:43:20,507] {taskinstance.py:1166} INFO - Marking task as SUCCESS. dag_id=our_dag_with_python_operator_v07, task_id=greet, execution_date=20231028T000000, start_date=20240624T144319, end_date=20240624T144320
[2024-06-24 14:43:20,637] {taskinstance.py:1220} INFO - 0 downstream tasks scheduled from follow-on schedule check
[2024-06-24 14:43:20,695] {local_task_job.py:146} INFO - Task exited with return code 0
