[2024-06-24 12:57:23,197] {taskinstance.py:851} INFO - Dependencies all met for <TaskInstance: our_dag_with_python_operator_v07.get_name 2022-01-11T00:00:00+00:00 [queued]>
[2024-06-24 12:57:23,319] {taskinstance.py:851} INFO - Dependencies all met for <TaskInstance: our_dag_with_python_operator_v07.get_name 2022-01-11T00:00:00+00:00 [queued]>
[2024-06-24 12:57:23,324] {taskinstance.py:1042} INFO - 
--------------------------------------------------------------------------------
[2024-06-24 12:57:23,328] {taskinstance.py:1043} INFO - Starting attempt 1 of 6
[2024-06-24 12:57:23,332] {taskinstance.py:1044} INFO - 
--------------------------------------------------------------------------------
[2024-06-24 12:57:23,433] {taskinstance.py:1063} INFO - Executing <Task(PythonOperator): get_name> on 2022-01-11T00:00:00+00:00
[2024-06-24 12:57:23,488] {standard_task_runner.py:52} INFO - Started process 32509 to run task
[2024-06-24 12:57:23,514] {standard_task_runner.py:76} INFO - Running: ['airflow', 'tasks', 'run', 'our_dag_with_python_operator_v07', 'get_name', '2022-01-11T00:00:00+00:00', '--job-id', '1713', '--pool', 'default_pool', '--raw', '--subdir', 'DAGS_FOLDER/create_dag_with_python_operator.py', '--cfg-path', '/tmp/tmpuui3342h', '--error-file', '/tmp/tmpd7iyrzdf']
[2024-06-24 12:57:23,535] {standard_task_runner.py:77} INFO - Job 1713: Subtask get_name
[2024-06-24 12:57:23,966] {logging_mixin.py:104} INFO - Running <TaskInstance: our_dag_with_python_operator_v07.get_name 2022-01-11T00:00:00+00:00 [running]> on host 799b1e36e3f1
[2024-06-24 12:57:24,280] {taskinstance.py:1257} INFO - Exporting the following env vars:
AIRFLOW_CTX_DAG_OWNER=coder2j
AIRFLOW_CTX_DAG_ID=our_dag_with_python_operator_v07
AIRFLOW_CTX_TASK_ID=get_name
AIRFLOW_CTX_EXECUTION_DATE=2022-01-11T00:00:00+00:00
AIRFLOW_CTX_DAG_RUN_ID=scheduled__2022-01-11T00:00:00+00:00
[2024-06-24 12:57:24,538] {python.py:118} INFO - Done. Returned value was: None
[2024-06-24 12:57:24,872] {taskinstance.py:1166} INFO - Marking task as SUCCESS. dag_id=our_dag_with_python_operator_v07, task_id=get_name, execution_date=20220111T000000, start_date=20240624T125723, end_date=20240624T125724
[2024-06-24 12:57:25,339] {taskinstance.py:1220} INFO - 0 downstream tasks scheduled from follow-on schedule check
[2024-06-24 12:57:25,396] {local_task_job.py:146} INFO - Task exited with return code 0
