[2024-06-24 14:50:47,719] {taskinstance.py:851} INFO - Dependencies all met for <TaskInstance: our_first_dag_v5.first_task 2023-09-13T00:00:00+00:00 [queued]>
[2024-06-24 14:50:47,770] {taskinstance.py:851} INFO - Dependencies all met for <TaskInstance: our_first_dag_v5.first_task 2023-09-13T00:00:00+00:00 [queued]>
[2024-06-24 14:50:47,775] {taskinstance.py:1042} INFO - 
--------------------------------------------------------------------------------
[2024-06-24 14:50:47,779] {taskinstance.py:1043} INFO - Starting attempt 1 of 6
[2024-06-24 14:50:47,783] {taskinstance.py:1044} INFO - 
--------------------------------------------------------------------------------
[2024-06-24 14:50:47,836] {taskinstance.py:1063} INFO - Executing <Task(BashOperator): first_task> on 2023-09-13T00:00:00+00:00
[2024-06-24 14:50:47,849] {standard_task_runner.py:52} INFO - Started process 25343 to run task
[2024-06-24 14:50:47,857] {standard_task_runner.py:76} INFO - Running: ['airflow', 'tasks', 'run', 'our_first_dag_v5', 'first_task', '2023-09-13T00:00:00+00:00', '--job-id', '9420', '--pool', 'default_pool', '--raw', '--subdir', 'DAGS_FOLDER/our_first_dag.py', '--cfg-path', '/tmp/tmpptey_021', '--error-file', '/tmp/tmpz7scvqps']
[2024-06-24 14:50:47,864] {standard_task_runner.py:77} INFO - Job 9420: Subtask first_task
[2024-06-24 14:50:48,136] {logging_mixin.py:104} INFO - Running <TaskInstance: our_first_dag_v5.first_task 2023-09-13T00:00:00+00:00 [running]> on host 799b1e36e3f1
[2024-06-24 14:50:48,320] {taskinstance.py:1257} INFO - Exporting the following env vars:
AIRFLOW_CTX_DAG_OWNER=coder2j
AIRFLOW_CTX_DAG_ID=our_first_dag_v5
AIRFLOW_CTX_TASK_ID=first_task
AIRFLOW_CTX_EXECUTION_DATE=2023-09-13T00:00:00+00:00
AIRFLOW_CTX_DAG_RUN_ID=scheduled__2023-09-13T00:00:00+00:00
[2024-06-24 14:50:48,325] {bash.py:135} INFO - Tmp dir root location: 
 /tmp
[2024-06-24 14:50:48,340] {bash.py:158} INFO - Running command: echo hello world, this is the first task!
[2024-06-24 14:50:48,393] {bash.py:169} INFO - Output:
[2024-06-24 14:50:48,400] {bash.py:173} INFO - hello world, this is the first task!
[2024-06-24 14:50:48,403] {bash.py:177} INFO - Command exited with return code 0
[2024-06-24 14:50:48,557] {taskinstance.py:1166} INFO - Marking task as SUCCESS. dag_id=our_first_dag_v5, task_id=first_task, execution_date=20230913T000000, start_date=20240624T145047, end_date=20240624T145048
[2024-06-24 14:50:48,746] {taskinstance.py:1220} INFO - 2 downstream tasks scheduled from follow-on schedule check
[2024-06-24 14:50:48,808] {local_task_job.py:146} INFO - Task exited with return code 0
