[2024-06-24 13:00:04,393] {taskinstance.py:851} INFO - Dependencies all met for <TaskInstance: dag_with_taskflow_api_v02.greet 2022-03-21T00:00:00+00:00 [queued]>
[2024-06-24 13:00:04,428] {taskinstance.py:851} INFO - Dependencies all met for <TaskInstance: dag_with_taskflow_api_v02.greet 2022-03-21T00:00:00+00:00 [queued]>
[2024-06-24 13:00:04,434] {taskinstance.py:1042} INFO - 
--------------------------------------------------------------------------------
[2024-06-24 13:00:04,436] {taskinstance.py:1043} INFO - Starting attempt 1 of 6
[2024-06-24 13:00:04,437] {taskinstance.py:1044} INFO - 
--------------------------------------------------------------------------------
[2024-06-24 13:00:04,602] {taskinstance.py:1063} INFO - Executing <Task(_PythonDecoratedOperator): greet> on 2022-03-21T00:00:00+00:00
[2024-06-24 13:00:04,687] {standard_task_runner.py:52} INFO - Started process 35076 to run task
[2024-06-24 13:00:04,703] {standard_task_runner.py:76} INFO - Running: ['airflow', 'tasks', 'run', 'dag_with_taskflow_api_v02', 'greet', '2022-03-21T00:00:00+00:00', '--job-id', '2346', '--pool', 'default_pool', '--raw', '--subdir', 'DAGS_FOLDER/dag_with_taskflow_api.py', '--cfg-path', '/tmp/tmp9h3fgaz6', '--error-file', '/tmp/tmpq5bf6ezy']
[2024-06-24 13:00:04,741] {standard_task_runner.py:77} INFO - Job 2346: Subtask greet
[2024-06-24 13:00:05,437] {logging_mixin.py:104} INFO - Running <TaskInstance: dag_with_taskflow_api_v02.greet 2022-03-21T00:00:00+00:00 [running]> on host 799b1e36e3f1
[2024-06-24 13:00:05,999] {taskinstance.py:1257} INFO - Exporting the following env vars:
AIRFLOW_CTX_DAG_OWNER=coder2j
AIRFLOW_CTX_DAG_ID=dag_with_taskflow_api_v02
AIRFLOW_CTX_TASK_ID=greet
AIRFLOW_CTX_EXECUTION_DATE=2022-03-21T00:00:00+00:00
AIRFLOW_CTX_DAG_RUN_ID=scheduled__2022-03-21T00:00:00+00:00
[2024-06-24 13:00:06,006] {logging_mixin.py:104} INFO - Hello World! My name is Jerry Fridman and I am 19 years old!
[2024-06-24 13:00:06,104] {taskinstance.py:1166} INFO - Marking task as SUCCESS. dag_id=dag_with_taskflow_api_v02, task_id=greet, execution_date=20220321T000000, start_date=20240624T130004, end_date=20240624T130006
[2024-06-24 13:00:06,361] {taskinstance.py:1220} INFO - 0 downstream tasks scheduled from follow-on schedule check
[2024-06-24 13:00:06,419] {local_task_job.py:146} INFO - Task exited with return code 0
