[2024-06-24 14:25:46,332] {taskinstance.py:851} INFO - Dependencies all met for <TaskInstance: our_dag_with_python_operator_v07.get_age 2023-02-05T00:00:00+00:00 [queued]>
[2024-06-24 14:25:46,386] {taskinstance.py:851} INFO - Dependencies all met for <TaskInstance: our_dag_with_python_operator_v07.get_age 2023-02-05T00:00:00+00:00 [queued]>
[2024-06-24 14:25:46,388] {taskinstance.py:1042} INFO - 
--------------------------------------------------------------------------------
[2024-06-24 14:25:46,389] {taskinstance.py:1043} INFO - Starting attempt 1 of 6
[2024-06-24 14:25:46,389] {taskinstance.py:1044} INFO - 
--------------------------------------------------------------------------------
[2024-06-24 14:25:46,500] {taskinstance.py:1063} INFO - Executing <Task(PythonOperator): get_age> on 2023-02-05T00:00:00+00:00
[2024-06-24 14:25:46,518] {standard_task_runner.py:52} INFO - Started process 11751 to run task
[2024-06-24 14:25:46,547] {standard_task_runner.py:76} INFO - Running: ['airflow', 'tasks', 'run', 'our_dag_with_python_operator_v07', 'get_age', '2023-02-05T00:00:00+00:00', '--job-id', '5923', '--pool', 'default_pool', '--raw', '--subdir', 'DAGS_FOLDER/create_dag_with_python_operator.py', '--cfg-path', '/tmp/tmp4djuluwo', '--error-file', '/tmp/tmpg24i8jku']
[2024-06-24 14:25:46,570] {standard_task_runner.py:77} INFO - Job 5923: Subtask get_age
[2024-06-24 14:25:46,857] {logging_mixin.py:104} INFO - Running <TaskInstance: our_dag_with_python_operator_v07.get_age 2023-02-05T00:00:00+00:00 [running]> on host 799b1e36e3f1
[2024-06-24 14:25:47,067] {taskinstance.py:1257} INFO - Exporting the following env vars:
AIRFLOW_CTX_DAG_OWNER=coder2j
AIRFLOW_CTX_DAG_ID=our_dag_with_python_operator_v07
AIRFLOW_CTX_TASK_ID=get_age
AIRFLOW_CTX_EXECUTION_DATE=2023-02-05T00:00:00+00:00
AIRFLOW_CTX_DAG_RUN_ID=scheduled__2023-02-05T00:00:00+00:00
[2024-06-24 14:25:47,138] {python.py:118} INFO - Done. Returned value was: None
[2024-06-24 14:25:47,188] {taskinstance.py:1166} INFO - Marking task as SUCCESS. dag_id=our_dag_with_python_operator_v07, task_id=get_age, execution_date=20230205T000000, start_date=20240624T142546, end_date=20240624T142547
[2024-06-24 14:25:47,412] {taskinstance.py:1220} INFO - 1 downstream tasks scheduled from follow-on schedule check
[2024-06-24 14:25:47,470] {local_task_job.py:146} INFO - Task exited with return code 0
