[2024-08-07 00:00:14,005] {taskinstance.py:851} INFO - Dependencies all met for <TaskInstance: dag_with_taskflow_api_v02.get_age 2024-08-06T00:00:00+00:00 [queued]>
[2024-08-07 00:00:14,124] {taskinstance.py:851} INFO - Dependencies all met for <TaskInstance: dag_with_taskflow_api_v02.get_age 2024-08-06T00:00:00+00:00 [queued]>
[2024-08-07 00:00:14,134] {taskinstance.py:1042} INFO - 
--------------------------------------------------------------------------------
[2024-08-07 00:00:14,139] {taskinstance.py:1043} INFO - Starting attempt 1 of 6
[2024-08-07 00:00:14,147] {taskinstance.py:1044} INFO - 
--------------------------------------------------------------------------------
[2024-08-07 00:00:14,314] {taskinstance.py:1063} INFO - Executing <Task(_PythonDecoratedOperator): get_age> on 2024-08-06T00:00:00+00:00
[2024-08-07 00:00:14,356] {standard_task_runner.py:52} INFO - Started process 95898 to run task
[2024-08-07 00:00:14,443] {standard_task_runner.py:76} INFO - Running: ['airflow', 'tasks', 'run', 'dag_with_taskflow_api_v02', 'get_age', '2024-08-06T00:00:00+00:00', '--job-id', '12705', '--pool', 'default_pool', '--raw', '--subdir', 'DAGS_FOLDER/dag_with_taskflow_api.py', '--cfg-path', '/tmp/tmpdd6f30tu', '--error-file', '/tmp/tmpmxc4em3a']
[2024-08-07 00:00:14,498] {standard_task_runner.py:77} INFO - Job 12705: Subtask get_age
[2024-08-07 00:00:15,703] {logging_mixin.py:104} INFO - Running <TaskInstance: dag_with_taskflow_api_v02.get_age 2024-08-06T00:00:00+00:00 [running]> on host 799b1e36e3f1
[2024-08-07 00:00:16,928] {taskinstance.py:1257} INFO - Exporting the following env vars:
AIRFLOW_CTX_DAG_OWNER=coder2j
AIRFLOW_CTX_DAG_ID=dag_with_taskflow_api_v02
AIRFLOW_CTX_TASK_ID=get_age
AIRFLOW_CTX_EXECUTION_DATE=2024-08-06T00:00:00+00:00
AIRFLOW_CTX_DAG_RUN_ID=scheduled__2024-08-06T00:00:00+00:00
[2024-08-07 00:00:17,349] {taskinstance.py:1166} INFO - Marking task as SUCCESS. dag_id=dag_with_taskflow_api_v02, task_id=get_age, execution_date=20240806T000000, start_date=20240807T000014, end_date=20240807T000017
[2024-08-07 00:00:18,057] {taskinstance.py:1220} INFO - 0 downstream tasks scheduled from follow-on schedule check
[2024-08-07 00:00:18,174] {local_task_job.py:146} INFO - Task exited with return code 0
