[2024-06-24 14:29:00,681] {taskinstance.py:851} INFO - Dependencies all met for <TaskInstance: our_first_dag_v5.first_task 2023-04-06T00:00:00+00:00 [queued]>
[2024-06-24 14:29:00,721] {taskinstance.py:851} INFO - Dependencies all met for <TaskInstance: our_first_dag_v5.first_task 2023-04-06T00:00:00+00:00 [queued]>
[2024-06-24 14:29:00,723] {taskinstance.py:1042} INFO - 
--------------------------------------------------------------------------------
[2024-06-24 14:29:00,727] {taskinstance.py:1043} INFO - Starting attempt 1 of 6
[2024-06-24 14:29:00,728] {taskinstance.py:1044} INFO - 
--------------------------------------------------------------------------------
[2024-06-24 14:29:00,799] {taskinstance.py:1063} INFO - Executing <Task(BashOperator): first_task> on 2023-04-06T00:00:00+00:00
[2024-06-24 14:29:00,810] {standard_task_runner.py:52} INFO - Started process 16895 to run task
[2024-06-24 14:29:00,831] {standard_task_runner.py:76} INFO - Running: ['airflow', 'tasks', 'run', 'our_first_dag_v5', 'first_task', '2023-04-06T00:00:00+00:00', '--job-id', '7313', '--pool', 'default_pool', '--raw', '--subdir', 'DAGS_FOLDER/our_first_dag.py', '--cfg-path', '/tmp/tmp0n3amksd', '--error-file', '/tmp/tmpcwjzatr8']
[2024-06-24 14:29:00,847] {standard_task_runner.py:77} INFO - Job 7313: Subtask first_task
[2024-06-24 14:29:01,012] {logging_mixin.py:104} INFO - Running <TaskInstance: our_first_dag_v5.first_task 2023-04-06T00:00:00+00:00 [running]> on host 799b1e36e3f1
[2024-06-24 14:29:01,174] {taskinstance.py:1257} INFO - Exporting the following env vars:
AIRFLOW_CTX_DAG_OWNER=coder2j
AIRFLOW_CTX_DAG_ID=our_first_dag_v5
AIRFLOW_CTX_TASK_ID=first_task
AIRFLOW_CTX_EXECUTION_DATE=2023-04-06T00:00:00+00:00
AIRFLOW_CTX_DAG_RUN_ID=scheduled__2023-04-06T00:00:00+00:00
[2024-06-24 14:29:01,175] {bash.py:135} INFO - Tmp dir root location: 
 /tmp
[2024-06-24 14:29:01,177] {bash.py:158} INFO - Running command: echo hello world, this is the first task!
[2024-06-24 14:29:01,199] {bash.py:169} INFO - Output:
[2024-06-24 14:29:01,245] {bash.py:173} INFO - hello world, this is the first task!
[2024-06-24 14:29:01,247] {bash.py:177} INFO - Command exited with return code 0
[2024-06-24 14:29:01,456] {taskinstance.py:1166} INFO - Marking task as SUCCESS. dag_id=our_first_dag_v5, task_id=first_task, execution_date=20230406T000000, start_date=20240624T142900, end_date=20240624T142901
[2024-06-24 14:29:01,535] {taskinstance.py:1220} INFO - 2 downstream tasks scheduled from follow-on schedule check
[2024-06-24 14:29:01,549] {local_task_job.py:146} INFO - Task exited with return code 0
