[2024-06-24 15:02:12,051] {taskinstance.py:851} INFO - Dependencies all met for <TaskInstance: our_dag_with_python_operator_v07.get_name 2024-02-22T00:00:00+00:00 [queued]>
[2024-06-24 15:02:12,158] {taskinstance.py:851} INFO - Dependencies all met for <TaskInstance: our_dag_with_python_operator_v07.get_name 2024-02-22T00:00:00+00:00 [queued]>
[2024-06-24 15:02:12,163] {taskinstance.py:1042} INFO - 
--------------------------------------------------------------------------------
[2024-06-24 15:02:12,164] {taskinstance.py:1043} INFO - Starting attempt 1 of 6
[2024-06-24 15:02:12,165] {taskinstance.py:1044} INFO - 
--------------------------------------------------------------------------------
[2024-06-24 15:02:12,220] {taskinstance.py:1063} INFO - Executing <Task(PythonOperator): get_name> on 2024-02-22T00:00:00+00:00
[2024-06-24 15:02:12,253] {standard_task_runner.py:52} INFO - Started process 29115 to run task
[2024-06-24 15:02:12,270] {standard_task_runner.py:76} INFO - Running: ['airflow', 'tasks', 'run', 'our_dag_with_python_operator_v07', 'get_name', '2024-02-22T00:00:00+00:00', '--job-id', '10327', '--pool', 'default_pool', '--raw', '--subdir', 'DAGS_FOLDER/create_dag_with_python_operator.py', '--cfg-path', '/tmp/tmph8js7eq2', '--error-file', '/tmp/tmphvi4bxz8']
[2024-06-24 15:02:12,285] {standard_task_runner.py:77} INFO - Job 10327: Subtask get_name
[2024-06-24 15:02:12,564] {logging_mixin.py:104} INFO - Running <TaskInstance: our_dag_with_python_operator_v07.get_name 2024-02-22T00:00:00+00:00 [running]> on host 799b1e36e3f1
[2024-06-24 15:02:12,747] {taskinstance.py:1257} INFO - Exporting the following env vars:
AIRFLOW_CTX_DAG_OWNER=coder2j
AIRFLOW_CTX_DAG_ID=our_dag_with_python_operator_v07
AIRFLOW_CTX_TASK_ID=get_name
AIRFLOW_CTX_EXECUTION_DATE=2024-02-22T00:00:00+00:00
AIRFLOW_CTX_DAG_RUN_ID=scheduled__2024-02-22T00:00:00+00:00
[2024-06-24 15:02:12,874] {python.py:118} INFO - Done. Returned value was: None
[2024-06-24 15:02:12,933] {taskinstance.py:1166} INFO - Marking task as SUCCESS. dag_id=our_dag_with_python_operator_v07, task_id=get_name, execution_date=20240222T000000, start_date=20240624T150212, end_date=20240624T150212
[2024-06-24 15:02:13,175] {taskinstance.py:1220} INFO - 1 downstream tasks scheduled from follow-on schedule check
[2024-06-24 15:02:13,236] {local_task_job.py:146} INFO - Task exited with return code 0
