[2024-06-24 15:03:54,764] {taskinstance.py:851} INFO - Dependencies all met for <TaskInstance: our_dag_with_python_operator_v07.get_age 2024-04-11T00:00:00+00:00 [queued]>
[2024-06-24 15:03:54,795] {taskinstance.py:851} INFO - Dependencies all met for <TaskInstance: our_dag_with_python_operator_v07.get_age 2024-04-11T00:00:00+00:00 [queued]>
[2024-06-24 15:03:54,799] {taskinstance.py:1042} INFO - 
--------------------------------------------------------------------------------
[2024-06-24 15:03:54,805] {taskinstance.py:1043} INFO - Starting attempt 1 of 6
[2024-06-24 15:03:54,808] {taskinstance.py:1044} INFO - 
--------------------------------------------------------------------------------
[2024-06-24 15:03:54,875] {taskinstance.py:1063} INFO - Executing <Task(PythonOperator): get_age> on 2024-04-11T00:00:00+00:00
[2024-06-24 15:03:54,888] {standard_task_runner.py:52} INFO - Started process 31383 to run task
[2024-06-24 15:03:54,896] {standard_task_runner.py:76} INFO - Running: ['airflow', 'tasks', 'run', 'our_dag_with_python_operator_v07', 'get_age', '2024-04-11T00:00:00+00:00', '--job-id', '10928', '--pool', 'default_pool', '--raw', '--subdir', 'DAGS_FOLDER/create_dag_with_python_operator.py', '--cfg-path', '/tmp/tmpk1_piutn', '--error-file', '/tmp/tmpadkaz973']
[2024-06-24 15:03:54,907] {standard_task_runner.py:77} INFO - Job 10928: Subtask get_age
[2024-06-24 15:03:55,247] {logging_mixin.py:104} INFO - Running <TaskInstance: our_dag_with_python_operator_v07.get_age 2024-04-11T00:00:00+00:00 [running]> on host 799b1e36e3f1
[2024-06-24 15:03:55,539] {taskinstance.py:1257} INFO - Exporting the following env vars:
AIRFLOW_CTX_DAG_OWNER=coder2j
AIRFLOW_CTX_DAG_ID=our_dag_with_python_operator_v07
AIRFLOW_CTX_TASK_ID=get_age
AIRFLOW_CTX_EXECUTION_DATE=2024-04-11T00:00:00+00:00
AIRFLOW_CTX_DAG_RUN_ID=scheduled__2024-04-11T00:00:00+00:00
[2024-06-24 15:03:55,616] {python.py:118} INFO - Done. Returned value was: None
[2024-06-24 15:03:55,708] {taskinstance.py:1166} INFO - Marking task as SUCCESS. dag_id=our_dag_with_python_operator_v07, task_id=get_age, execution_date=20240411T000000, start_date=20240624T150354, end_date=20240624T150355
[2024-06-24 15:03:55,871] {taskinstance.py:1220} INFO - 0 downstream tasks scheduled from follow-on schedule check
[2024-06-24 15:03:55,895] {local_task_job.py:146} INFO - Task exited with return code 0
