[2024-06-24 14:31:20,479] {taskinstance.py:851} INFO - Dependencies all met for <TaskInstance: dag_with_taskflow_api_v02.get_age 2023-08-20T00:00:00+00:00 [queued]>
[2024-06-24 14:31:20,533] {taskinstance.py:851} INFO - Dependencies all met for <TaskInstance: dag_with_taskflow_api_v02.get_age 2023-08-20T00:00:00+00:00 [queued]>
[2024-06-24 14:31:20,534] {taskinstance.py:1042} INFO - 
--------------------------------------------------------------------------------
[2024-06-24 14:31:20,535] {taskinstance.py:1043} INFO - Starting attempt 1 of 6
[2024-06-24 14:31:20,536] {taskinstance.py:1044} INFO - 
--------------------------------------------------------------------------------
[2024-06-24 14:31:20,658] {taskinstance.py:1063} INFO - Executing <Task(_PythonDecoratedOperator): get_age> on 2023-08-20T00:00:00+00:00
[2024-06-24 14:31:20,693] {standard_task_runner.py:52} INFO - Started process 20704 to run task
[2024-06-24 14:31:20,696] {standard_task_runner.py:76} INFO - Running: ['airflow', 'tasks', 'run', 'dag_with_taskflow_api_v02', 'get_age', '2023-08-20T00:00:00+00:00', '--job-id', '8328', '--pool', 'default_pool', '--raw', '--subdir', 'DAGS_FOLDER/dag_with_taskflow_api.py', '--cfg-path', '/tmp/tmpv1awk6zs', '--error-file', '/tmp/tmp0qrti04l']
[2024-06-24 14:31:20,706] {standard_task_runner.py:77} INFO - Job 8328: Subtask get_age
[2024-06-24 14:31:20,899] {logging_mixin.py:104} INFO - Running <TaskInstance: dag_with_taskflow_api_v02.get_age 2023-08-20T00:00:00+00:00 [running]> on host 799b1e36e3f1
[2024-06-24 14:31:21,155] {taskinstance.py:1257} INFO - Exporting the following env vars:
AIRFLOW_CTX_DAG_OWNER=coder2j
AIRFLOW_CTX_DAG_ID=dag_with_taskflow_api_v02
AIRFLOW_CTX_TASK_ID=get_age
AIRFLOW_CTX_EXECUTION_DATE=2023-08-20T00:00:00+00:00
AIRFLOW_CTX_DAG_RUN_ID=scheduled__2023-08-20T00:00:00+00:00
[2024-06-24 14:31:21,334] {taskinstance.py:1166} INFO - Marking task as SUCCESS. dag_id=dag_with_taskflow_api_v02, task_id=get_age, execution_date=20230820T000000, start_date=20240624T143120, end_date=20240624T143121
[2024-06-24 14:31:21,500] {taskinstance.py:1220} INFO - 0 downstream tasks scheduled from follow-on schedule check
[2024-06-24 14:31:21,566] {local_task_job.py:146} INFO - Task exited with return code 0
