[2024-06-24 15:05:44,741] {taskinstance.py:851} INFO - Dependencies all met for <TaskInstance: our_dag_with_python_operator_v07.get_age 2024-06-12T00:00:00+00:00 [queued]>
[2024-06-24 15:05:44,895] {taskinstance.py:851} INFO - Dependencies all met for <TaskInstance: our_dag_with_python_operator_v07.get_age 2024-06-12T00:00:00+00:00 [queued]>
[2024-06-24 15:05:44,898] {taskinstance.py:1042} INFO - 
--------------------------------------------------------------------------------
[2024-06-24 15:05:44,905] {taskinstance.py:1043} INFO - Starting attempt 1 of 6
[2024-06-24 15:05:44,908] {taskinstance.py:1044} INFO - 
--------------------------------------------------------------------------------
[2024-06-24 15:05:44,968] {taskinstance.py:1063} INFO - Executing <Task(PythonOperator): get_age> on 2024-06-12T00:00:00+00:00
[2024-06-24 15:05:44,998] {standard_task_runner.py:52} INFO - Started process 34009 to run task
[2024-06-24 15:05:45,044] {standard_task_runner.py:76} INFO - Running: ['airflow', 'tasks', 'run', 'our_dag_with_python_operator_v07', 'get_age', '2024-06-12T00:00:00+00:00', '--job-id', '11611', '--pool', 'default_pool', '--raw', '--subdir', 'DAGS_FOLDER/create_dag_with_python_operator.py', '--cfg-path', '/tmp/tmp4c3mlfa2', '--error-file', '/tmp/tmpo2kpznzq']
[2024-06-24 15:05:45,128] {standard_task_runner.py:77} INFO - Job 11611: Subtask get_age
[2024-06-24 15:05:45,380] {logging_mixin.py:104} INFO - Running <TaskInstance: our_dag_with_python_operator_v07.get_age 2024-06-12T00:00:00+00:00 [running]> on host 799b1e36e3f1
[2024-06-24 15:05:45,803] {taskinstance.py:1257} INFO - Exporting the following env vars:
AIRFLOW_CTX_DAG_OWNER=coder2j
AIRFLOW_CTX_DAG_ID=our_dag_with_python_operator_v07
AIRFLOW_CTX_TASK_ID=get_age
AIRFLOW_CTX_EXECUTION_DATE=2024-06-12T00:00:00+00:00
AIRFLOW_CTX_DAG_RUN_ID=scheduled__2024-06-12T00:00:00+00:00
[2024-06-24 15:05:45,901] {python.py:118} INFO - Done. Returned value was: None
[2024-06-24 15:05:45,998] {taskinstance.py:1166} INFO - Marking task as SUCCESS. dag_id=our_dag_with_python_operator_v07, task_id=get_age, execution_date=20240612T000000, start_date=20240624T150544, end_date=20240624T150545
[2024-06-24 15:05:46,174] {taskinstance.py:1220} INFO - 0 downstream tasks scheduled from follow-on schedule check
[2024-06-24 15:05:46,223] {local_task_job.py:146} INFO - Task exited with return code 0
