[2024-06-24 14:31:30,877] {taskinstance.py:851} INFO - Dependencies all met for <TaskInstance: our_first_dag_v5.first_task 2023-07-11T00:00:00+00:00 [queued]>
[2024-06-24 14:31:30,930] {taskinstance.py:851} INFO - Dependencies all met for <TaskInstance: our_first_dag_v5.first_task 2023-07-11T00:00:00+00:00 [queued]>
[2024-06-24 14:31:30,934] {taskinstance.py:1042} INFO - 
--------------------------------------------------------------------------------
[2024-06-24 14:31:30,936] {taskinstance.py:1043} INFO - Starting attempt 1 of 6
[2024-06-24 14:31:30,937] {taskinstance.py:1044} INFO - 
--------------------------------------------------------------------------------
[2024-06-24 14:31:31,029] {taskinstance.py:1063} INFO - Executing <Task(BashOperator): first_task> on 2023-07-11T00:00:00+00:00
[2024-06-24 14:31:31,112] {standard_task_runner.py:52} INFO - Started process 20929 to run task
[2024-06-24 14:31:31,130] {standard_task_runner.py:76} INFO - Running: ['airflow', 'tasks', 'run', 'our_first_dag_v5', 'first_task', '2023-07-11T00:00:00+00:00', '--job-id', '8394', '--pool', 'default_pool', '--raw', '--subdir', 'DAGS_FOLDER/our_first_dag.py', '--cfg-path', '/tmp/tmpcx38bjmt', '--error-file', '/tmp/tmp7t5unetw']
[2024-06-24 14:31:31,143] {standard_task_runner.py:77} INFO - Job 8394: Subtask first_task
[2024-06-24 14:31:31,447] {logging_mixin.py:104} INFO - Running <TaskInstance: our_first_dag_v5.first_task 2023-07-11T00:00:00+00:00 [running]> on host 799b1e36e3f1
[2024-06-24 14:31:31,700] {taskinstance.py:1257} INFO - Exporting the following env vars:
AIRFLOW_CTX_DAG_OWNER=coder2j
AIRFLOW_CTX_DAG_ID=our_first_dag_v5
AIRFLOW_CTX_TASK_ID=first_task
AIRFLOW_CTX_EXECUTION_DATE=2023-07-11T00:00:00+00:00
AIRFLOW_CTX_DAG_RUN_ID=scheduled__2023-07-11T00:00:00+00:00
[2024-06-24 14:31:31,711] {bash.py:135} INFO - Tmp dir root location: 
 /tmp
[2024-06-24 14:31:31,715] {bash.py:158} INFO - Running command: echo hello world, this is the first task!
[2024-06-24 14:31:31,736] {bash.py:169} INFO - Output:
[2024-06-24 14:31:31,739] {bash.py:173} INFO - hello world, this is the first task!
[2024-06-24 14:31:31,741] {bash.py:177} INFO - Command exited with return code 0
[2024-06-24 14:31:31,863] {taskinstance.py:1166} INFO - Marking task as SUCCESS. dag_id=our_first_dag_v5, task_id=first_task, execution_date=20230711T000000, start_date=20240624T143130, end_date=20240624T143131
[2024-06-24 14:31:32,005] {taskinstance.py:1220} INFO - 2 downstream tasks scheduled from follow-on schedule check
[2024-06-24 14:31:32,050] {local_task_job.py:146} INFO - Task exited with return code 0
