[2024-06-24 12:59:00,007] {taskinstance.py:851} INFO - Dependencies all met for <TaskInstance: our_first_dag_v5.first_task 2021-12-10T00:00:00+00:00 [queued]>
[2024-06-24 12:59:00,110] {taskinstance.py:851} INFO - Dependencies all met for <TaskInstance: our_first_dag_v5.first_task 2021-12-10T00:00:00+00:00 [queued]>
[2024-06-24 12:59:00,113] {taskinstance.py:1042} INFO - 
--------------------------------------------------------------------------------
[2024-06-24 12:59:00,116] {taskinstance.py:1043} INFO - Starting attempt 1 of 6
[2024-06-24 12:59:00,120] {taskinstance.py:1044} INFO - 
--------------------------------------------------------------------------------
[2024-06-24 12:59:00,195] {taskinstance.py:1063} INFO - Executing <Task(BashOperator): first_task> on 2021-12-10T00:00:00+00:00
[2024-06-24 12:59:00,225] {standard_task_runner.py:52} INFO - Started process 33980 to run task
[2024-06-24 12:59:00,235] {standard_task_runner.py:76} INFO - Running: ['airflow', 'tasks', 'run', 'our_first_dag_v5', 'first_task', '2021-12-10T00:00:00+00:00', '--job-id', '2079', '--pool', 'default_pool', '--raw', '--subdir', 'DAGS_FOLDER/our_first_dag.py', '--cfg-path', '/tmp/tmpy1_i1trt', '--error-file', '/tmp/tmps2w78k5c']
[2024-06-24 12:59:00,248] {standard_task_runner.py:77} INFO - Job 2079: Subtask first_task
[2024-06-24 12:59:00,472] {logging_mixin.py:104} INFO - Running <TaskInstance: our_first_dag_v5.first_task 2021-12-10T00:00:00+00:00 [running]> on host 799b1e36e3f1
[2024-06-24 12:59:00,767] {taskinstance.py:1257} INFO - Exporting the following env vars:
AIRFLOW_CTX_DAG_OWNER=coder2j
AIRFLOW_CTX_DAG_ID=our_first_dag_v5
AIRFLOW_CTX_TASK_ID=first_task
AIRFLOW_CTX_EXECUTION_DATE=2021-12-10T00:00:00+00:00
AIRFLOW_CTX_DAG_RUN_ID=scheduled__2021-12-10T00:00:00+00:00
[2024-06-24 12:59:00,774] {bash.py:135} INFO - Tmp dir root location: 
 /tmp
[2024-06-24 12:59:00,780] {bash.py:158} INFO - Running command: echo hello world, this is the first task!
[2024-06-24 12:59:00,827] {bash.py:169} INFO - Output:
[2024-06-24 12:59:00,845] {bash.py:173} INFO - hello world, this is the first task!
[2024-06-24 12:59:00,851] {bash.py:177} INFO - Command exited with return code 0
[2024-06-24 12:59:01,045] {taskinstance.py:1166} INFO - Marking task as SUCCESS. dag_id=our_first_dag_v5, task_id=first_task, execution_date=20211210T000000, start_date=20240624T125900, end_date=20240624T125901
[2024-06-24 12:59:01,266] {taskinstance.py:1220} INFO - 2 downstream tasks scheduled from follow-on schedule check
[2024-06-24 12:59:01,338] {local_task_job.py:146} INFO - Task exited with return code 0
