[2024-06-24 12:56:59,183] {taskinstance.py:851} INFO - Dependencies all met for <TaskInstance: dag_with_cron_expression_v04.task1 2024-02-09T03:00:00+00:00 [queued]>
[2024-06-24 12:56:59,266] {taskinstance.py:851} INFO - Dependencies all met for <TaskInstance: dag_with_cron_expression_v04.task1 2024-02-09T03:00:00+00:00 [queued]>
[2024-06-24 12:56:59,273] {taskinstance.py:1042} INFO - 
--------------------------------------------------------------------------------
[2024-06-24 12:56:59,277] {taskinstance.py:1043} INFO - Starting attempt 1 of 6
[2024-06-24 12:56:59,279] {taskinstance.py:1044} INFO - 
--------------------------------------------------------------------------------
[2024-06-24 12:56:59,373] {taskinstance.py:1063} INFO - Executing <Task(BashOperator): task1> on 2024-02-09T03:00:00+00:00
[2024-06-24 12:56:59,394] {standard_task_runner.py:52} INFO - Started process 32160 to run task
[2024-06-24 12:56:59,424] {standard_task_runner.py:76} INFO - Running: ['airflow', 'tasks', 'run', 'dag_with_cron_expression_v04', 'task1', '2024-02-09T03:00:00+00:00', '--job-id', '1641', '--pool', 'default_pool', '--raw', '--subdir', 'DAGS_FOLDER/dag_with_cron_expression.py', '--cfg-path', '/tmp/tmpn81ia_zy', '--error-file', '/tmp/tmpaz0cek_l']
[2024-06-24 12:56:59,467] {standard_task_runner.py:77} INFO - Job 1641: Subtask task1
[2024-06-24 12:56:59,764] {logging_mixin.py:104} INFO - Running <TaskInstance: dag_with_cron_expression_v04.task1 2024-02-09T03:00:00+00:00 [running]> on host 799b1e36e3f1
[2024-06-24 12:57:00,170] {taskinstance.py:1257} INFO - Exporting the following env vars:
AIRFLOW_CTX_DAG_OWNER=coder2j
AIRFLOW_CTX_DAG_ID=dag_with_cron_expression_v04
AIRFLOW_CTX_TASK_ID=task1
AIRFLOW_CTX_EXECUTION_DATE=2024-02-09T03:00:00+00:00
AIRFLOW_CTX_DAG_RUN_ID=scheduled__2024-02-09T03:00:00+00:00
[2024-06-24 12:57:00,176] {bash.py:135} INFO - Tmp dir root location: 
 /tmp
[2024-06-24 12:57:00,183] {bash.py:158} INFO - Running command: echo dag with cron expression!
[2024-06-24 12:57:00,231] {bash.py:169} INFO - Output:
[2024-06-24 12:57:00,256] {bash.py:173} INFO - dag with cron expression!
[2024-06-24 12:57:00,305] {bash.py:177} INFO - Command exited with return code 0
[2024-06-24 12:57:00,725] {taskinstance.py:1166} INFO - Marking task as SUCCESS. dag_id=dag_with_cron_expression_v04, task_id=task1, execution_date=20240209T030000, start_date=20240624T125659, end_date=20240624T125700
[2024-06-24 12:57:00,986] {taskinstance.py:1220} INFO - 0 downstream tasks scheduled from follow-on schedule check
[2024-06-24 12:57:01,034] {local_task_job.py:146} INFO - Task exited with return code 0
