[2024-06-24 14:31:56,546] {taskinstance.py:851} INFO - Dependencies all met for <TaskInstance: dag_with_taskflow_api_v02.get_age 2023-10-02T00:00:00+00:00 [queued]>
[2024-06-24 14:31:56,695] {taskinstance.py:851} INFO - Dependencies all met for <TaskInstance: dag_with_taskflow_api_v02.get_age 2023-10-02T00:00:00+00:00 [queued]>
[2024-06-24 14:31:56,696] {taskinstance.py:1042} INFO - 
--------------------------------------------------------------------------------
[2024-06-24 14:31:56,701] {taskinstance.py:1043} INFO - Starting attempt 1 of 6
[2024-06-24 14:31:56,701] {taskinstance.py:1044} INFO - 
--------------------------------------------------------------------------------
[2024-06-24 14:31:56,817] {taskinstance.py:1063} INFO - Executing <Task(_PythonDecoratedOperator): get_age> on 2023-10-02T00:00:00+00:00
[2024-06-24 14:31:56,826] {standard_task_runner.py:52} INFO - Started process 21620 to run task
[2024-06-24 14:31:56,846] {standard_task_runner.py:76} INFO - Running: ['airflow', 'tasks', 'run', 'dag_with_taskflow_api_v02', 'get_age', '2023-10-02T00:00:00+00:00', '--job-id', '8566', '--pool', 'default_pool', '--raw', '--subdir', 'DAGS_FOLDER/dag_with_taskflow_api.py', '--cfg-path', '/tmp/tmpbs8my088', '--error-file', '/tmp/tmpmqm7j4mh']
[2024-06-24 14:31:56,865] {standard_task_runner.py:77} INFO - Job 8566: Subtask get_age
[2024-06-24 14:31:57,156] {logging_mixin.py:104} INFO - Running <TaskInstance: dag_with_taskflow_api_v02.get_age 2023-10-02T00:00:00+00:00 [running]> on host 799b1e36e3f1
[2024-06-24 14:31:57,421] {taskinstance.py:1257} INFO - Exporting the following env vars:
AIRFLOW_CTX_DAG_OWNER=coder2j
AIRFLOW_CTX_DAG_ID=dag_with_taskflow_api_v02
AIRFLOW_CTX_TASK_ID=get_age
AIRFLOW_CTX_EXECUTION_DATE=2023-10-02T00:00:00+00:00
AIRFLOW_CTX_DAG_RUN_ID=scheduled__2023-10-02T00:00:00+00:00
[2024-06-24 14:31:57,714] {taskinstance.py:1166} INFO - Marking task as SUCCESS. dag_id=dag_with_taskflow_api_v02, task_id=get_age, execution_date=20231002T000000, start_date=20240624T143156, end_date=20240624T143157
[2024-06-24 14:31:57,939] {taskinstance.py:1220} INFO - 0 downstream tasks scheduled from follow-on schedule check
[2024-06-24 14:31:57,956] {local_task_job.py:146} INFO - Task exited with return code 0
