[2024-06-24 12:54:24,014] {taskinstance.py:851} INFO - Dependencies all met for <TaskInstance: dag_with_taskflow_api_v02.greet 2021-12-06T00:00:00+00:00 [queued]>
[2024-06-24 12:54:24,112] {taskinstance.py:851} INFO - Dependencies all met for <TaskInstance: dag_with_taskflow_api_v02.greet 2021-12-06T00:00:00+00:00 [queued]>
[2024-06-24 12:54:24,119] {taskinstance.py:1042} INFO - 
--------------------------------------------------------------------------------
[2024-06-24 12:54:24,120] {taskinstance.py:1043} INFO - Starting attempt 1 of 6
[2024-06-24 12:54:24,121] {taskinstance.py:1044} INFO - 
--------------------------------------------------------------------------------
[2024-06-24 12:54:24,191] {taskinstance.py:1063} INFO - Executing <Task(_PythonDecoratedOperator): greet> on 2021-12-06T00:00:00+00:00
[2024-06-24 12:54:24,251] {standard_task_runner.py:52} INFO - Started process 29520 to run task
[2024-06-24 12:54:24,281] {standard_task_runner.py:76} INFO - Running: ['airflow', 'tasks', 'run', 'dag_with_taskflow_api_v02', 'greet', '2021-12-06T00:00:00+00:00', '--job-id', '996', '--pool', 'default_pool', '--raw', '--subdir', 'DAGS_FOLDER/dag_with_taskflow_api.py', '--cfg-path', '/tmp/tmpikj6s6fs', '--error-file', '/tmp/tmpxgty5q35']
[2024-06-24 12:54:24,299] {standard_task_runner.py:77} INFO - Job 996: Subtask greet
[2024-06-24 12:54:24,638] {logging_mixin.py:104} INFO - Running <TaskInstance: dag_with_taskflow_api_v02.greet 2021-12-06T00:00:00+00:00 [running]> on host 799b1e36e3f1
[2024-06-24 12:54:25,221] {taskinstance.py:1257} INFO - Exporting the following env vars:
AIRFLOW_CTX_DAG_OWNER=coder2j
AIRFLOW_CTX_DAG_ID=dag_with_taskflow_api_v02
AIRFLOW_CTX_TASK_ID=greet
AIRFLOW_CTX_EXECUTION_DATE=2021-12-06T00:00:00+00:00
AIRFLOW_CTX_DAG_RUN_ID=scheduled__2021-12-06T00:00:00+00:00
[2024-06-24 12:54:25,228] {logging_mixin.py:104} INFO - Hello World! My name is Jerry Fridman and I am 19 years old!
[2024-06-24 12:54:25,279] {taskinstance.py:1166} INFO - Marking task as SUCCESS. dag_id=dag_with_taskflow_api_v02, task_id=greet, execution_date=20211206T000000, start_date=20240624T125424, end_date=20240624T125425
[2024-06-24 12:54:25,563] {taskinstance.py:1220} INFO - 0 downstream tasks scheduled from follow-on schedule check
[2024-06-24 12:54:25,591] {local_task_job.py:146} INFO - Task exited with return code 0
