[2024-06-24 15:02:25,566] {taskinstance.py:851} INFO - Dependencies all met for <TaskInstance: dag_with_taskflow_api_v02.get_name 2024-02-22T00:00:00+00:00 [queued]>
[2024-06-24 15:02:25,632] {taskinstance.py:851} INFO - Dependencies all met for <TaskInstance: dag_with_taskflow_api_v02.get_name 2024-02-22T00:00:00+00:00 [queued]>
[2024-06-24 15:02:25,633] {taskinstance.py:1042} INFO - 
--------------------------------------------------------------------------------
[2024-06-24 15:02:25,635] {taskinstance.py:1043} INFO - Starting attempt 1 of 6
[2024-06-24 15:02:25,643] {taskinstance.py:1044} INFO - 
--------------------------------------------------------------------------------
[2024-06-24 15:02:25,699] {taskinstance.py:1063} INFO - Executing <Task(_PythonDecoratedOperator): get_name> on 2024-02-22T00:00:00+00:00
[2024-06-24 15:02:25,730] {standard_task_runner.py:52} INFO - Started process 29445 to run task
[2024-06-24 15:02:25,756] {standard_task_runner.py:76} INFO - Running: ['airflow', 'tasks', 'run', 'dag_with_taskflow_api_v02', 'get_name', '2024-02-22T00:00:00+00:00', '--job-id', '10419', '--pool', 'default_pool', '--raw', '--subdir', 'DAGS_FOLDER/dag_with_taskflow_api.py', '--cfg-path', '/tmp/tmplnjq9a5l', '--error-file', '/tmp/tmplky8asdd']
[2024-06-24 15:02:25,779] {standard_task_runner.py:77} INFO - Job 10419: Subtask get_name
[2024-06-24 15:02:26,011] {logging_mixin.py:104} INFO - Running <TaskInstance: dag_with_taskflow_api_v02.get_name 2024-02-22T00:00:00+00:00 [running]> on host 799b1e36e3f1
[2024-06-24 15:02:26,434] {taskinstance.py:1257} INFO - Exporting the following env vars:
AIRFLOW_CTX_DAG_OWNER=coder2j
AIRFLOW_CTX_DAG_ID=dag_with_taskflow_api_v02
AIRFLOW_CTX_TASK_ID=get_name
AIRFLOW_CTX_EXECUTION_DATE=2024-02-22T00:00:00+00:00
AIRFLOW_CTX_DAG_RUN_ID=scheduled__2024-02-22T00:00:00+00:00
[2024-06-24 15:02:26,892] {taskinstance.py:1166} INFO - Marking task as SUCCESS. dag_id=dag_with_taskflow_api_v02, task_id=get_name, execution_date=20240222T000000, start_date=20240624T150225, end_date=20240624T150226
[2024-06-24 15:02:27,095] {taskinstance.py:1220} INFO - 0 downstream tasks scheduled from follow-on schedule check
[2024-06-24 15:02:27,137] {local_task_job.py:146} INFO - Task exited with return code 0
