[2024-06-24 14:26:02,321] {taskinstance.py:851} INFO - Dependencies all met for <TaskInstance: our_first_dag_v5.second_task 2022-12-09T00:00:00+00:00 [queued]>
[2024-06-24 14:26:02,381] {taskinstance.py:851} INFO - Dependencies all met for <TaskInstance: our_first_dag_v5.second_task 2022-12-09T00:00:00+00:00 [queued]>
[2024-06-24 14:26:02,385] {taskinstance.py:1042} INFO - 
--------------------------------------------------------------------------------
[2024-06-24 14:26:02,386] {taskinstance.py:1043} INFO - Starting attempt 1 of 6
[2024-06-24 14:26:02,392] {taskinstance.py:1044} INFO - 
--------------------------------------------------------------------------------
[2024-06-24 14:26:02,443] {taskinstance.py:1063} INFO - Executing <Task(BashOperator): second_task> on 2022-12-09T00:00:00+00:00
[2024-06-24 14:26:02,459] {standard_task_runner.py:52} INFO - Started process 12211 to run task
[2024-06-24 14:26:02,468] {standard_task_runner.py:76} INFO - Running: ['airflow', 'tasks', 'run', 'our_first_dag_v5', 'second_task', '2022-12-09T00:00:00+00:00', '--job-id', '6033', '--pool', 'default_pool', '--raw', '--subdir', 'DAGS_FOLDER/our_first_dag.py', '--cfg-path', '/tmp/tmph2glddis', '--error-file', '/tmp/tmpr4qiek5e']
[2024-06-24 14:26:02,475] {standard_task_runner.py:77} INFO - Job 6033: Subtask second_task
[2024-06-24 14:26:02,790] {logging_mixin.py:104} INFO - Running <TaskInstance: our_first_dag_v5.second_task 2022-12-09T00:00:00+00:00 [running]> on host 799b1e36e3f1
[2024-06-24 14:26:03,006] {taskinstance.py:1257} INFO - Exporting the following env vars:
AIRFLOW_CTX_DAG_OWNER=coder2j
AIRFLOW_CTX_DAG_ID=our_first_dag_v5
AIRFLOW_CTX_TASK_ID=second_task
AIRFLOW_CTX_EXECUTION_DATE=2022-12-09T00:00:00+00:00
AIRFLOW_CTX_DAG_RUN_ID=scheduled__2022-12-09T00:00:00+00:00
[2024-06-24 14:26:03,017] {bash.py:135} INFO - Tmp dir root location: 
 /tmp
[2024-06-24 14:26:03,028] {bash.py:158} INFO - Running command: echo hey, I am task2 and will be running after task1!
[2024-06-24 14:26:03,074] {bash.py:169} INFO - Output:
[2024-06-24 14:26:03,085] {bash.py:173} INFO - hey, I am task2 and will be running after task1!
[2024-06-24 14:26:03,086] {bash.py:177} INFO - Command exited with return code 0
[2024-06-24 14:26:03,261] {taskinstance.py:1166} INFO - Marking task as SUCCESS. dag_id=our_first_dag_v5, task_id=second_task, execution_date=20221209T000000, start_date=20240624T142602, end_date=20240624T142603
[2024-06-24 14:26:03,445] {taskinstance.py:1220} INFO - 0 downstream tasks scheduled from follow-on schedule check
[2024-06-24 14:26:03,480] {local_task_job.py:146} INFO - Task exited with return code 0
