[2024-06-24 15:04:27,664] {taskinstance.py:851} INFO - Dependencies all met for <TaskInstance: dag_with_taskflow_api_v02.greet 2024-04-30T00:00:00+00:00 [queued]>
[2024-06-24 15:04:27,726] {taskinstance.py:851} INFO - Dependencies all met for <TaskInstance: dag_with_taskflow_api_v02.greet 2024-04-30T00:00:00+00:00 [queued]>
[2024-06-24 15:04:27,734] {taskinstance.py:1042} INFO - 
--------------------------------------------------------------------------------
[2024-06-24 15:04:27,742] {taskinstance.py:1043} INFO - Starting attempt 1 of 6
[2024-06-24 15:04:27,747] {taskinstance.py:1044} INFO - 
--------------------------------------------------------------------------------
[2024-06-24 15:04:27,802] {taskinstance.py:1063} INFO - Executing <Task(_PythonDecoratedOperator): greet> on 2024-04-30T00:00:00+00:00
[2024-06-24 15:04:27,834] {standard_task_runner.py:52} INFO - Started process 32123 to run task
[2024-06-24 15:04:27,873] {standard_task_runner.py:76} INFO - Running: ['airflow', 'tasks', 'run', 'dag_with_taskflow_api_v02', 'greet', '2024-04-30T00:00:00+00:00', '--job-id', '11114', '--pool', 'default_pool', '--raw', '--subdir', 'DAGS_FOLDER/dag_with_taskflow_api.py', '--cfg-path', '/tmp/tmpdr7rk03o', '--error-file', '/tmp/tmpsvacntdn']
[2024-06-24 15:04:27,886] {standard_task_runner.py:77} INFO - Job 11114: Subtask greet
[2024-06-24 15:04:28,087] {logging_mixin.py:104} INFO - Running <TaskInstance: dag_with_taskflow_api_v02.greet 2024-04-30T00:00:00+00:00 [running]> on host 799b1e36e3f1
[2024-06-24 15:04:28,345] {taskinstance.py:1257} INFO - Exporting the following env vars:
AIRFLOW_CTX_DAG_OWNER=coder2j
AIRFLOW_CTX_DAG_ID=dag_with_taskflow_api_v02
AIRFLOW_CTX_TASK_ID=greet
AIRFLOW_CTX_EXECUTION_DATE=2024-04-30T00:00:00+00:00
AIRFLOW_CTX_DAG_RUN_ID=scheduled__2024-04-30T00:00:00+00:00
[2024-06-24 15:04:28,346] {logging_mixin.py:104} INFO - Hello World! My name is Jerry Fridman and I am 19 years old!
[2024-06-24 15:04:28,415] {taskinstance.py:1166} INFO - Marking task as SUCCESS. dag_id=dag_with_taskflow_api_v02, task_id=greet, execution_date=20240430T000000, start_date=20240624T150427, end_date=20240624T150428
[2024-06-24 15:04:28,695] {taskinstance.py:1220} INFO - 0 downstream tasks scheduled from follow-on schedule check
[2024-06-24 15:04:28,746] {local_task_job.py:146} INFO - Task exited with return code 0
