[2024-06-24 15:04:15,499] {taskinstance.py:851} INFO - Dependencies all met for <TaskInstance: dag_with_taskflow_api_v02.get_name 2024-04-26T00:00:00+00:00 [queued]>
[2024-06-24 15:04:15,587] {taskinstance.py:851} INFO - Dependencies all met for <TaskInstance: dag_with_taskflow_api_v02.get_name 2024-04-26T00:00:00+00:00 [queued]>
[2024-06-24 15:04:15,602] {taskinstance.py:1042} INFO - 
--------------------------------------------------------------------------------
[2024-06-24 15:04:15,607] {taskinstance.py:1043} INFO - Starting attempt 1 of 6
[2024-06-24 15:04:15,673] {taskinstance.py:1044} INFO - 
--------------------------------------------------------------------------------
[2024-06-24 15:04:15,814] {taskinstance.py:1063} INFO - Executing <Task(_PythonDecoratedOperator): get_name> on 2024-04-26T00:00:00+00:00
[2024-06-24 15:04:15,857] {standard_task_runner.py:52} INFO - Started process 31853 to run task
[2024-06-24 15:04:15,858] {standard_task_runner.py:76} INFO - Running: ['airflow', 'tasks', 'run', 'dag_with_taskflow_api_v02', 'get_name', '2024-04-26T00:00:00+00:00', '--job-id', '11040', '--pool', 'default_pool', '--raw', '--subdir', 'DAGS_FOLDER/dag_with_taskflow_api.py', '--cfg-path', '/tmp/tmp9bv54m0h', '--error-file', '/tmp/tmp_8apt95v']
[2024-06-24 15:04:15,892] {standard_task_runner.py:77} INFO - Job 11040: Subtask get_name
[2024-06-24 15:04:16,211] {logging_mixin.py:104} INFO - Running <TaskInstance: dag_with_taskflow_api_v02.get_name 2024-04-26T00:00:00+00:00 [running]> on host 799b1e36e3f1
[2024-06-24 15:04:16,752] {taskinstance.py:1257} INFO - Exporting the following env vars:
AIRFLOW_CTX_DAG_OWNER=coder2j
AIRFLOW_CTX_DAG_ID=dag_with_taskflow_api_v02
AIRFLOW_CTX_TASK_ID=get_name
AIRFLOW_CTX_EXECUTION_DATE=2024-04-26T00:00:00+00:00
AIRFLOW_CTX_DAG_RUN_ID=scheduled__2024-04-26T00:00:00+00:00
[2024-06-24 15:04:17,045] {taskinstance.py:1166} INFO - Marking task as SUCCESS. dag_id=dag_with_taskflow_api_v02, task_id=get_name, execution_date=20240426T000000, start_date=20240624T150415, end_date=20240624T150417
[2024-06-24 15:04:17,189] {taskinstance.py:1220} INFO - 0 downstream tasks scheduled from follow-on schedule check
[2024-06-24 15:04:17,244] {local_task_job.py:146} INFO - Task exited with return code 0
