[2024-06-24 15:06:11,350] {taskinstance.py:851} INFO - Dependencies all met for <TaskInstance: our_first_dag_v5.first_task 2024-05-19T00:00:00+00:00 [queued]>
[2024-06-24 15:06:11,373] {taskinstance.py:851} INFO - Dependencies all met for <TaskInstance: our_first_dag_v5.first_task 2024-05-19T00:00:00+00:00 [queued]>
[2024-06-24 15:06:11,377] {taskinstance.py:1042} INFO - 
--------------------------------------------------------------------------------
[2024-06-24 15:06:11,378] {taskinstance.py:1043} INFO - Starting attempt 1 of 6
[2024-06-24 15:06:11,379] {taskinstance.py:1044} INFO - 
--------------------------------------------------------------------------------
[2024-06-24 15:06:11,419] {taskinstance.py:1063} INFO - Executing <Task(BashOperator): first_task> on 2024-05-19T00:00:00+00:00
[2024-06-24 15:06:11,425] {standard_task_runner.py:52} INFO - Started process 34776 to run task
[2024-06-24 15:06:11,438] {standard_task_runner.py:76} INFO - Running: ['airflow', 'tasks', 'run', 'our_first_dag_v5', 'first_task', '2024-05-19T00:00:00+00:00', '--job-id', '11791', '--pool', 'default_pool', '--raw', '--subdir', 'DAGS_FOLDER/our_first_dag.py', '--cfg-path', '/tmp/tmpjqvyejoi', '--error-file', '/tmp/tmpj4vpkawf']
[2024-06-24 15:06:11,449] {standard_task_runner.py:77} INFO - Job 11791: Subtask first_task
[2024-06-24 15:06:11,552] {logging_mixin.py:104} INFO - Running <TaskInstance: our_first_dag_v5.first_task 2024-05-19T00:00:00+00:00 [running]> on host 799b1e36e3f1
[2024-06-24 15:06:11,670] {taskinstance.py:1257} INFO - Exporting the following env vars:
AIRFLOW_CTX_DAG_OWNER=coder2j
AIRFLOW_CTX_DAG_ID=our_first_dag_v5
AIRFLOW_CTX_TASK_ID=first_task
AIRFLOW_CTX_EXECUTION_DATE=2024-05-19T00:00:00+00:00
AIRFLOW_CTX_DAG_RUN_ID=scheduled__2024-05-19T00:00:00+00:00
[2024-06-24 15:06:11,674] {bash.py:135} INFO - Tmp dir root location: 
 /tmp
[2024-06-24 15:06:11,677] {bash.py:158} INFO - Running command: echo hello world, this is the first task!
[2024-06-24 15:06:11,691] {bash.py:169} INFO - Output:
[2024-06-24 15:06:11,693] {bash.py:173} INFO - hello world, this is the first task!
[2024-06-24 15:06:11,694] {bash.py:177} INFO - Command exited with return code 0
[2024-06-24 15:06:11,740] {taskinstance.py:1166} INFO - Marking task as SUCCESS. dag_id=our_first_dag_v5, task_id=first_task, execution_date=20240519T000000, start_date=20240624T150611, end_date=20240624T150611
[2024-06-24 15:06:11,798] {taskinstance.py:1220} INFO - 2 downstream tasks scheduled from follow-on schedule check
[2024-06-24 15:06:11,832] {local_task_job.py:146} INFO - Task exited with return code 0
