[2024-06-24 14:18:27,800] {taskinstance.py:851} INFO - Dependencies all met for <TaskInstance: our_dag_with_python_operator_v07.greet 2022-04-21T00:00:00+00:00 [queued]>
[2024-06-24 14:18:27,896] {taskinstance.py:851} INFO - Dependencies all met for <TaskInstance: our_dag_with_python_operator_v07.greet 2022-04-21T00:00:00+00:00 [queued]>
[2024-06-24 14:18:27,903] {taskinstance.py:1042} INFO - 
--------------------------------------------------------------------------------
[2024-06-24 14:18:27,904] {taskinstance.py:1043} INFO - Starting attempt 1 of 6
[2024-06-24 14:18:27,920] {taskinstance.py:1044} INFO - 
--------------------------------------------------------------------------------
[2024-06-24 14:18:27,981] {taskinstance.py:1063} INFO - Executing <Task(PythonOperator): greet> on 2022-04-21T00:00:00+00:00
[2024-06-24 14:18:27,990] {standard_task_runner.py:52} INFO - Started process 881 to run task
[2024-06-24 14:18:27,999] {standard_task_runner.py:76} INFO - Running: ['airflow', 'tasks', 'run', 'our_dag_with_python_operator_v07', 'greet', '2022-04-21T00:00:00+00:00', '--job-id', '3051', '--pool', 'default_pool', '--raw', '--subdir', 'DAGS_FOLDER/create_dag_with_python_operator.py', '--cfg-path', '/tmp/tmpmgf9o6x6', '--error-file', '/tmp/tmp22ls0k_8']
[2024-06-24 14:18:28,008] {standard_task_runner.py:77} INFO - Job 3051: Subtask greet
[2024-06-24 14:18:28,417] {logging_mixin.py:104} INFO - Running <TaskInstance: our_dag_with_python_operator_v07.greet 2022-04-21T00:00:00+00:00 [running]> on host 799b1e36e3f1
[2024-06-24 14:18:28,751] {taskinstance.py:1257} INFO - Exporting the following env vars:
AIRFLOW_CTX_DAG_OWNER=coder2j
AIRFLOW_CTX_DAG_ID=our_dag_with_python_operator_v07
AIRFLOW_CTX_TASK_ID=greet
AIRFLOW_CTX_EXECUTION_DATE=2022-04-21T00:00:00+00:00
AIRFLOW_CTX_DAG_RUN_ID=scheduled__2022-04-21T00:00:00+00:00
[2024-06-24 14:18:28,757] {logging_mixin.py:104} INFO - some dict:  {'a': 1, 'b': 2}
[2024-06-24 14:18:28,955] {logging_mixin.py:104} INFO - Hello World! My name is Jerry Fridman, and I am 19 years old!
[2024-06-24 14:18:28,966] {python.py:118} INFO - Done. Returned value was: None
[2024-06-24 14:18:29,097] {taskinstance.py:1166} INFO - Marking task as SUCCESS. dag_id=our_dag_with_python_operator_v07, task_id=greet, execution_date=20220421T000000, start_date=20240624T141827, end_date=20240624T141829
[2024-06-24 14:18:29,250] {taskinstance.py:1220} INFO - 0 downstream tasks scheduled from follow-on schedule check
[2024-06-24 14:18:29,326] {local_task_job.py:146} INFO - Task exited with return code 0
