[2024-06-24 12:55:27,926] {taskinstance.py:851} INFO - Dependencies all met for <TaskInstance: our_dag_with_python_operator_v07.greet 2021-12-08T00:00:00+00:00 [queued]>
[2024-06-24 12:55:27,973] {taskinstance.py:851} INFO - Dependencies all met for <TaskInstance: our_dag_with_python_operator_v07.greet 2021-12-08T00:00:00+00:00 [queued]>
[2024-06-24 12:55:27,977] {taskinstance.py:1042} INFO - 
--------------------------------------------------------------------------------
[2024-06-24 12:55:27,979] {taskinstance.py:1043} INFO - Starting attempt 1 of 6
[2024-06-24 12:55:27,981] {taskinstance.py:1044} INFO - 
--------------------------------------------------------------------------------
[2024-06-24 12:55:28,066] {taskinstance.py:1063} INFO - Executing <Task(PythonOperator): greet> on 2021-12-08T00:00:00+00:00
[2024-06-24 12:55:28,078] {standard_task_runner.py:52} INFO - Started process 30652 to run task
[2024-06-24 12:55:28,107] {standard_task_runner.py:76} INFO - Running: ['airflow', 'tasks', 'run', 'our_dag_with_python_operator_v07', 'greet', '2021-12-08T00:00:00+00:00', '--job-id', '1286', '--pool', 'default_pool', '--raw', '--subdir', 'DAGS_FOLDER/create_dag_with_python_operator.py', '--cfg-path', '/tmp/tmp4rmdq8w7', '--error-file', '/tmp/tmp88mdf0ud']
[2024-06-24 12:55:28,174] {standard_task_runner.py:77} INFO - Job 1286: Subtask greet
[2024-06-24 12:55:28,724] {logging_mixin.py:104} INFO - Running <TaskInstance: our_dag_with_python_operator_v07.greet 2021-12-08T00:00:00+00:00 [running]> on host 799b1e36e3f1
[2024-06-24 12:55:29,223] {taskinstance.py:1257} INFO - Exporting the following env vars:
AIRFLOW_CTX_DAG_OWNER=coder2j
AIRFLOW_CTX_DAG_ID=our_dag_with_python_operator_v07
AIRFLOW_CTX_TASK_ID=greet
AIRFLOW_CTX_EXECUTION_DATE=2021-12-08T00:00:00+00:00
AIRFLOW_CTX_DAG_RUN_ID=scheduled__2021-12-08T00:00:00+00:00
[2024-06-24 12:55:29,227] {logging_mixin.py:104} INFO - some dict:  {'a': 1, 'b': 2}
[2024-06-24 12:55:29,507] {logging_mixin.py:104} INFO - Hello World! My name is Jerry Fridman, and I am 19 years old!
[2024-06-24 12:55:29,508] {python.py:118} INFO - Done. Returned value was: None
[2024-06-24 12:55:29,706] {taskinstance.py:1166} INFO - Marking task as SUCCESS. dag_id=our_dag_with_python_operator_v07, task_id=greet, execution_date=20211208T000000, start_date=20240624T125527, end_date=20240624T125529
[2024-06-24 12:55:30,006] {taskinstance.py:1220} INFO - 0 downstream tasks scheduled from follow-on schedule check
[2024-06-24 12:55:30,131] {local_task_job.py:146} INFO - Task exited with return code 0
