[2024-08-12 06:35:29,605] {taskinstance.py:851} INFO - Dependencies all met for <TaskInstance: our_first_dag_v5.first_task 2024-08-11T00:00:00+00:00 [queued]>
[2024-08-12 06:35:29,671] {taskinstance.py:851} INFO - Dependencies all met for <TaskInstance: our_first_dag_v5.first_task 2024-08-11T00:00:00+00:00 [queued]>
[2024-08-12 06:35:29,672] {taskinstance.py:1042} INFO - 
--------------------------------------------------------------------------------
[2024-08-12 06:35:29,673] {taskinstance.py:1043} INFO - Starting attempt 1 of 6
[2024-08-12 06:35:29,673] {taskinstance.py:1044} INFO - 
--------------------------------------------------------------------------------
[2024-08-12 06:35:29,697] {taskinstance.py:1063} INFO - Executing <Task(BashOperator): first_task> on 2024-08-11T00:00:00+00:00
[2024-08-12 06:35:29,708] {standard_task_runner.py:52} INFO - Started process 63167 to run task
[2024-08-12 06:35:29,723] {standard_task_runner.py:76} INFO - Running: ['airflow', 'tasks', 'run', 'our_first_dag_v5', 'first_task', '2024-08-11T00:00:00+00:00', '--job-id', '12774', '--pool', 'default_pool', '--raw', '--subdir', 'DAGS_FOLDER/our_first_dag.py', '--cfg-path', '/tmp/tmps6wae917', '--error-file', '/tmp/tmp1onu7jdn']
[2024-08-12 06:35:29,733] {standard_task_runner.py:77} INFO - Job 12774: Subtask first_task
[2024-08-12 06:35:29,885] {logging_mixin.py:104} INFO - Running <TaskInstance: our_first_dag_v5.first_task 2024-08-11T00:00:00+00:00 [running]> on host 799b1e36e3f1
[2024-08-12 06:35:30,080] {taskinstance.py:1257} INFO - Exporting the following env vars:
AIRFLOW_CTX_DAG_OWNER=coder2j
AIRFLOW_CTX_DAG_ID=our_first_dag_v5
AIRFLOW_CTX_TASK_ID=first_task
AIRFLOW_CTX_EXECUTION_DATE=2024-08-11T00:00:00+00:00
AIRFLOW_CTX_DAG_RUN_ID=scheduled__2024-08-11T00:00:00+00:00
[2024-08-12 06:35:30,086] {bash.py:135} INFO - Tmp dir root location: 
 /tmp
[2024-08-12 06:35:30,094] {bash.py:158} INFO - Running command: echo hello world, this is the first task!
[2024-08-12 06:35:30,168] {bash.py:169} INFO - Output:
[2024-08-12 06:35:30,202] {bash.py:173} INFO - hello world, this is the first task!
[2024-08-12 06:35:30,203] {bash.py:177} INFO - Command exited with return code 0
[2024-08-12 06:35:30,281] {taskinstance.py:1166} INFO - Marking task as SUCCESS. dag_id=our_first_dag_v5, task_id=first_task, execution_date=20240811T000000, start_date=20240812T063529, end_date=20240812T063530
[2024-08-12 06:35:30,364] {taskinstance.py:1220} INFO - 2 downstream tasks scheduled from follow-on schedule check
[2024-08-12 06:35:30,415] {local_task_job.py:146} INFO - Task exited with return code 0
