[2024-06-24 14:49:56,358] {taskinstance.py:851} INFO - Dependencies all met for <TaskInstance: dag_with_python_dependencies_v03.get_sklearn 2023-09-03T00:00:00+00:00 [queued]>
[2024-06-24 14:49:56,449] {taskinstance.py:851} INFO - Dependencies all met for <TaskInstance: dag_with_python_dependencies_v03.get_sklearn 2023-09-03T00:00:00+00:00 [queued]>
[2024-06-24 14:49:56,452] {taskinstance.py:1042} INFO - 
--------------------------------------------------------------------------------
[2024-06-24 14:49:56,455] {taskinstance.py:1043} INFO - Starting attempt 1 of 1
[2024-06-24 14:49:56,458] {taskinstance.py:1044} INFO - 
--------------------------------------------------------------------------------
[2024-06-24 14:49:56,591] {taskinstance.py:1063} INFO - Executing <Task(PythonOperator): get_sklearn> on 2023-09-03T00:00:00+00:00
[2024-06-24 14:49:56,630] {standard_task_runner.py:52} INFO - Started process 24944 to run task
[2024-06-24 14:49:56,648] {standard_task_runner.py:76} INFO - Running: ['airflow', 'tasks', 'run', 'dag_with_python_dependencies_v03', 'get_sklearn', '2023-09-03T00:00:00+00:00', '--job-id', '9325', '--pool', 'default_pool', '--raw', '--subdir', 'DAGS_FOLDER/dag_with_python_dependencies.py', '--cfg-path', '/tmp/tmp3ktm64u3', '--error-file', '/tmp/tmpqp92f5ff']
[2024-06-24 14:49:56,663] {standard_task_runner.py:77} INFO - Job 9325: Subtask get_sklearn
[2024-06-24 14:49:56,951] {logging_mixin.py:104} INFO - Running <TaskInstance: dag_with_python_dependencies_v03.get_sklearn 2023-09-03T00:00:00+00:00 [running]> on host 799b1e36e3f1
[2024-06-24 14:49:57,245] {taskinstance.py:1257} INFO - Exporting the following env vars:
AIRFLOW_CTX_DAG_OWNER=coder2j
AIRFLOW_CTX_DAG_ID=dag_with_python_dependencies_v03
AIRFLOW_CTX_TASK_ID=get_sklearn
AIRFLOW_CTX_EXECUTION_DATE=2023-09-03T00:00:00+00:00
AIRFLOW_CTX_DAG_RUN_ID=scheduled__2023-09-03T00:00:00+00:00
[2024-06-24 14:50:07,580] {logging_mixin.py:104} INFO - sklearn with version: 0.24.2
[2024-06-24 14:50:07,585] {python.py:118} INFO - Done. Returned value was: None
[2024-06-24 14:50:07,624] {taskinstance.py:1166} INFO - Marking task as SUCCESS. dag_id=dag_with_python_dependencies_v03, task_id=get_sklearn, execution_date=20230903T000000, start_date=20240624T144956, end_date=20240624T145007
[2024-06-24 14:50:07,776] {taskinstance.py:1220} INFO - 1 downstream tasks scheduled from follow-on schedule check
[2024-06-24 14:50:07,947] {local_task_job.py:146} INFO - Task exited with return code 0
