[2024-06-24 14:39:18,210] {taskinstance.py:851} INFO - Dependencies all met for <TaskInstance: our_first_dag_v5.second_task 2023-08-07T00:00:00+00:00 [queued]>
[2024-06-24 14:39:18,359] {taskinstance.py:851} INFO - Dependencies all met for <TaskInstance: our_first_dag_v5.second_task 2023-08-07T00:00:00+00:00 [queued]>
[2024-06-24 14:39:18,379] {taskinstance.py:1042} INFO - 
--------------------------------------------------------------------------------
[2024-06-24 14:39:18,380] {taskinstance.py:1043} INFO - Starting attempt 1 of 6
[2024-06-24 14:39:18,406] {taskinstance.py:1044} INFO - 
--------------------------------------------------------------------------------
[2024-06-24 14:39:18,679] {taskinstance.py:1063} INFO - Executing <Task(BashOperator): second_task> on 2023-08-07T00:00:00+00:00
[2024-06-24 14:39:18,701] {standard_task_runner.py:52} INFO - Started process 22122 to run task
[2024-06-24 14:39:18,952] {standard_task_runner.py:76} INFO - Running: ['airflow', 'tasks', 'run', 'our_first_dag_v5', 'second_task', '2023-08-07T00:00:00+00:00', '--job-id', '8682', '--pool', 'default_pool', '--raw', '--subdir', 'DAGS_FOLDER/our_first_dag.py', '--cfg-path', '/tmp/tmp5ah9no8x', '--error-file', '/tmp/tmpjv_dr8ls']
[2024-06-24 14:39:19,097] {standard_task_runner.py:77} INFO - Job 8682: Subtask second_task
[2024-06-24 14:39:19,705] {logging_mixin.py:104} INFO - Running <TaskInstance: our_first_dag_v5.second_task 2023-08-07T00:00:00+00:00 [running]> on host 799b1e36e3f1
[2024-06-24 14:39:20,365] {taskinstance.py:1257} INFO - Exporting the following env vars:
AIRFLOW_CTX_DAG_OWNER=coder2j
AIRFLOW_CTX_DAG_ID=our_first_dag_v5
AIRFLOW_CTX_TASK_ID=second_task
AIRFLOW_CTX_EXECUTION_DATE=2023-08-07T00:00:00+00:00
AIRFLOW_CTX_DAG_RUN_ID=scheduled__2023-08-07T00:00:00+00:00
[2024-06-24 14:39:20,451] {bash.py:135} INFO - Tmp dir root location: 
 /tmp
[2024-06-24 14:39:20,498] {bash.py:158} INFO - Running command: echo hey, I am task2 and will be running after task1!
[2024-06-24 14:39:20,895] {bash.py:169} INFO - Output:
[2024-06-24 14:39:21,070] {bash.py:173} INFO - hey, I am task2 and will be running after task1!
[2024-06-24 14:39:21,086] {bash.py:177} INFO - Command exited with return code 0
[2024-06-24 14:39:21,853] {taskinstance.py:1166} INFO - Marking task as SUCCESS. dag_id=our_first_dag_v5, task_id=second_task, execution_date=20230807T000000, start_date=20240624T143918, end_date=20240624T143921
[2024-06-24 14:39:22,579] {taskinstance.py:1220} INFO - 0 downstream tasks scheduled from follow-on schedule check
[2024-06-24 14:39:22,766] {local_task_job.py:146} INFO - Task exited with return code 0
