[2024-06-24 14:21:31,179] {taskinstance.py:851} INFO - Dependencies all met for <TaskInstance: our_first_dag_v5.thrid_task 2022-06-08T00:00:00+00:00 [queued]>
[2024-06-24 14:21:31,258] {taskinstance.py:851} INFO - Dependencies all met for <TaskInstance: our_first_dag_v5.thrid_task 2022-06-08T00:00:00+00:00 [queued]>
[2024-06-24 14:21:31,259] {taskinstance.py:1042} INFO - 
--------------------------------------------------------------------------------
[2024-06-24 14:21:31,261] {taskinstance.py:1043} INFO - Starting attempt 1 of 6
[2024-06-24 14:21:31,262] {taskinstance.py:1044} INFO - 
--------------------------------------------------------------------------------
[2024-06-24 14:21:31,335] {taskinstance.py:1063} INFO - Executing <Task(BashOperator): thrid_task> on 2022-06-08T00:00:00+00:00
[2024-06-24 14:21:31,349] {standard_task_runner.py:52} INFO - Started process 4913 to run task
[2024-06-24 14:21:31,360] {standard_task_runner.py:76} INFO - Running: ['airflow', 'tasks', 'run', 'our_first_dag_v5', 'thrid_task', '2022-06-08T00:00:00+00:00', '--job-id', '4077', '--pool', 'default_pool', '--raw', '--subdir', 'DAGS_FOLDER/our_first_dag.py', '--cfg-path', '/tmp/tmpgt_wl6s3', '--error-file', '/tmp/tmppv0347k3']
[2024-06-24 14:21:31,376] {standard_task_runner.py:77} INFO - Job 4077: Subtask thrid_task
[2024-06-24 14:21:31,641] {logging_mixin.py:104} INFO - Running <TaskInstance: our_first_dag_v5.thrid_task 2022-06-08T00:00:00+00:00 [running]> on host 799b1e36e3f1
[2024-06-24 14:21:31,842] {taskinstance.py:1257} INFO - Exporting the following env vars:
AIRFLOW_CTX_DAG_OWNER=coder2j
AIRFLOW_CTX_DAG_ID=our_first_dag_v5
AIRFLOW_CTX_TASK_ID=thrid_task
AIRFLOW_CTX_EXECUTION_DATE=2022-06-08T00:00:00+00:00
AIRFLOW_CTX_DAG_RUN_ID=scheduled__2022-06-08T00:00:00+00:00
[2024-06-24 14:21:31,845] {bash.py:135} INFO - Tmp dir root location: 
 /tmp
[2024-06-24 14:21:31,852] {bash.py:158} INFO - Running command: echo hey, I am task3 and will be running after task1 at the same time as task2!
[2024-06-24 14:21:31,910] {bash.py:169} INFO - Output:
[2024-06-24 14:21:31,918] {bash.py:173} INFO - hey, I am task3 and will be running after task1 at the same time as task2!
[2024-06-24 14:21:31,925] {bash.py:177} INFO - Command exited with return code 0
[2024-06-24 14:21:32,059] {taskinstance.py:1166} INFO - Marking task as SUCCESS. dag_id=our_first_dag_v5, task_id=thrid_task, execution_date=20220608T000000, start_date=20240624T142131, end_date=20240624T142132
[2024-06-24 14:21:32,205] {taskinstance.py:1220} INFO - 0 downstream tasks scheduled from follow-on schedule check
[2024-06-24 14:21:32,225] {local_task_job.py:146} INFO - Task exited with return code 0
