[2024-06-24 15:04:54,266] {taskinstance.py:851} INFO - Dependencies all met for <TaskInstance: dag_with_taskflow_api_v02.get_name 2024-05-21T00:00:00+00:00 [queued]>
[2024-06-24 15:04:54,393] {taskinstance.py:851} INFO - Dependencies all met for <TaskInstance: dag_with_taskflow_api_v02.get_name 2024-05-21T00:00:00+00:00 [queued]>
[2024-06-24 15:04:54,400] {taskinstance.py:1042} INFO - 
--------------------------------------------------------------------------------
[2024-06-24 15:04:54,421] {taskinstance.py:1043} INFO - Starting attempt 1 of 6
[2024-06-24 15:04:54,426] {taskinstance.py:1044} INFO - 
--------------------------------------------------------------------------------
[2024-06-24 15:04:54,546] {taskinstance.py:1063} INFO - Executing <Task(_PythonDecoratedOperator): get_name> on 2024-05-21T00:00:00+00:00
[2024-06-24 15:04:54,563] {standard_task_runner.py:52} INFO - Started process 32801 to run task
[2024-06-24 15:04:54,579] {standard_task_runner.py:76} INFO - Running: ['airflow', 'tasks', 'run', 'dag_with_taskflow_api_v02', 'get_name', '2024-05-21T00:00:00+00:00', '--job-id', '11272', '--pool', 'default_pool', '--raw', '--subdir', 'DAGS_FOLDER/dag_with_taskflow_api.py', '--cfg-path', '/tmp/tmpy2qvb5v8', '--error-file', '/tmp/tmp5wtglwgi']
[2024-06-24 15:04:54,590] {standard_task_runner.py:77} INFO - Job 11272: Subtask get_name
[2024-06-24 15:04:54,873] {logging_mixin.py:104} INFO - Running <TaskInstance: dag_with_taskflow_api_v02.get_name 2024-05-21T00:00:00+00:00 [running]> on host 799b1e36e3f1
[2024-06-24 15:04:55,175] {taskinstance.py:1257} INFO - Exporting the following env vars:
AIRFLOW_CTX_DAG_OWNER=coder2j
AIRFLOW_CTX_DAG_ID=dag_with_taskflow_api_v02
AIRFLOW_CTX_TASK_ID=get_name
AIRFLOW_CTX_EXECUTION_DATE=2024-05-21T00:00:00+00:00
AIRFLOW_CTX_DAG_RUN_ID=scheduled__2024-05-21T00:00:00+00:00
[2024-06-24 15:04:55,413] {taskinstance.py:1166} INFO - Marking task as SUCCESS. dag_id=dag_with_taskflow_api_v02, task_id=get_name, execution_date=20240521T000000, start_date=20240624T150454, end_date=20240624T150455
[2024-06-24 15:04:55,594] {taskinstance.py:1220} INFO - 0 downstream tasks scheduled from follow-on schedule check
[2024-06-24 15:04:55,650] {local_task_job.py:146} INFO - Task exited with return code 0
