[2024-06-24 13:01:09,150] {taskinstance.py:851} INFO - Dependencies all met for <TaskInstance: dag_with_taskflow_api_v02.get_name 2022-04-25T00:00:00+00:00 [queued]>
[2024-06-24 13:01:09,222] {taskinstance.py:851} INFO - Dependencies all met for <TaskInstance: dag_with_taskflow_api_v02.get_name 2022-04-25T00:00:00+00:00 [queued]>
[2024-06-24 13:01:09,224] {taskinstance.py:1042} INFO - 
--------------------------------------------------------------------------------
[2024-06-24 13:01:09,226] {taskinstance.py:1043} INFO - Starting attempt 1 of 6
[2024-06-24 13:01:09,227] {taskinstance.py:1044} INFO - 
--------------------------------------------------------------------------------
[2024-06-24 13:01:09,280] {taskinstance.py:1063} INFO - Executing <Task(_PythonDecoratedOperator): get_name> on 2022-04-25T00:00:00+00:00
[2024-06-24 13:01:09,292] {standard_task_runner.py:52} INFO - Started process 36001 to run task
[2024-06-24 13:01:09,335] {standard_task_runner.py:76} INFO - Running: ['airflow', 'tasks', 'run', 'dag_with_taskflow_api_v02', 'get_name', '2022-04-25T00:00:00+00:00', '--job-id', '2590', '--pool', 'default_pool', '--raw', '--subdir', 'DAGS_FOLDER/dag_with_taskflow_api.py', '--cfg-path', '/tmp/tmpjkfpof0e', '--error-file', '/tmp/tmpo0e18s4_']
[2024-06-24 13:01:09,354] {standard_task_runner.py:77} INFO - Job 2590: Subtask get_name
[2024-06-24 13:01:09,813] {logging_mixin.py:104} INFO - Running <TaskInstance: dag_with_taskflow_api_v02.get_name 2022-04-25T00:00:00+00:00 [running]> on host 799b1e36e3f1
[2024-06-24 13:01:10,450] {taskinstance.py:1257} INFO - Exporting the following env vars:
AIRFLOW_CTX_DAG_OWNER=coder2j
AIRFLOW_CTX_DAG_ID=dag_with_taskflow_api_v02
AIRFLOW_CTX_TASK_ID=get_name
AIRFLOW_CTX_EXECUTION_DATE=2022-04-25T00:00:00+00:00
AIRFLOW_CTX_DAG_RUN_ID=scheduled__2022-04-25T00:00:00+00:00
[2024-06-24 13:01:11,185] {taskinstance.py:1166} INFO - Marking task as SUCCESS. dag_id=dag_with_taskflow_api_v02, task_id=get_name, execution_date=20220425T000000, start_date=20240624T130109, end_date=20240624T130111
[2024-06-24 13:01:11,502] {taskinstance.py:1220} INFO - 1 downstream tasks scheduled from follow-on schedule check
[2024-06-24 13:01:11,649] {local_task_job.py:146} INFO - Task exited with return code 0
