[2024-06-24 15:03:31,128] {taskinstance.py:851} INFO - Dependencies all met for <TaskInstance: dag_with_taskflow_api_v02.get_age 2024-03-16T00:00:00+00:00 [queued]>
[2024-06-24 15:03:31,206] {taskinstance.py:851} INFO - Dependencies all met for <TaskInstance: dag_with_taskflow_api_v02.get_age 2024-03-16T00:00:00+00:00 [queued]>
[2024-06-24 15:03:31,207] {taskinstance.py:1042} INFO - 
--------------------------------------------------------------------------------
[2024-06-24 15:03:31,213] {taskinstance.py:1043} INFO - Starting attempt 1 of 6
[2024-06-24 15:03:31,218] {taskinstance.py:1044} INFO - 
--------------------------------------------------------------------------------
[2024-06-24 15:03:31,282] {taskinstance.py:1063} INFO - Executing <Task(_PythonDecoratedOperator): get_age> on 2024-03-16T00:00:00+00:00
[2024-06-24 15:03:31,303] {standard_task_runner.py:52} INFO - Started process 30876 to run task
[2024-06-24 15:03:31,325] {standard_task_runner.py:76} INFO - Running: ['airflow', 'tasks', 'run', 'dag_with_taskflow_api_v02', 'get_age', '2024-03-16T00:00:00+00:00', '--job-id', '10793', '--pool', 'default_pool', '--raw', '--subdir', 'DAGS_FOLDER/dag_with_taskflow_api.py', '--cfg-path', '/tmp/tmpwi33jzlr', '--error-file', '/tmp/tmpmbj5j6d2']
[2024-06-24 15:03:31,340] {standard_task_runner.py:77} INFO - Job 10793: Subtask get_age
[2024-06-24 15:03:31,517] {logging_mixin.py:104} INFO - Running <TaskInstance: dag_with_taskflow_api_v02.get_age 2024-03-16T00:00:00+00:00 [running]> on host 799b1e36e3f1
[2024-06-24 15:03:31,810] {taskinstance.py:1257} INFO - Exporting the following env vars:
AIRFLOW_CTX_DAG_OWNER=coder2j
AIRFLOW_CTX_DAG_ID=dag_with_taskflow_api_v02
AIRFLOW_CTX_TASK_ID=get_age
AIRFLOW_CTX_EXECUTION_DATE=2024-03-16T00:00:00+00:00
AIRFLOW_CTX_DAG_RUN_ID=scheduled__2024-03-16T00:00:00+00:00
[2024-06-24 15:03:31,980] {taskinstance.py:1166} INFO - Marking task as SUCCESS. dag_id=dag_with_taskflow_api_v02, task_id=get_age, execution_date=20240316T000000, start_date=20240624T150331, end_date=20240624T150331
[2024-06-24 15:03:32,169] {taskinstance.py:1220} INFO - 0 downstream tasks scheduled from follow-on schedule check
[2024-06-24 15:03:32,215] {local_task_job.py:146} INFO - Task exited with return code 0
