[2024-06-24 12:53:46,779] {taskinstance.py:851} INFO - Dependencies all met for <TaskInstance: dag_with_taskflow_api_v02.greet 2021-11-29T00:00:00+00:00 [queued]>
[2024-06-24 12:53:46,873] {taskinstance.py:851} INFO - Dependencies all met for <TaskInstance: dag_with_taskflow_api_v02.greet 2021-11-29T00:00:00+00:00 [queued]>
[2024-06-24 12:53:46,903] {taskinstance.py:1042} INFO - 
--------------------------------------------------------------------------------
[2024-06-24 12:53:46,910] {taskinstance.py:1043} INFO - Starting attempt 1 of 6
[2024-06-24 12:53:46,915] {taskinstance.py:1044} INFO - 
--------------------------------------------------------------------------------
[2024-06-24 12:53:47,063] {taskinstance.py:1063} INFO - Executing <Task(_PythonDecoratedOperator): greet> on 2021-11-29T00:00:00+00:00
[2024-06-24 12:53:47,112] {standard_task_runner.py:52} INFO - Started process 28932 to run task
[2024-06-24 12:53:47,179] {standard_task_runner.py:76} INFO - Running: ['airflow', 'tasks', 'run', 'dag_with_taskflow_api_v02', 'greet', '2021-11-29T00:00:00+00:00', '--job-id', '853', '--pool', 'default_pool', '--raw', '--subdir', 'DAGS_FOLDER/dag_with_taskflow_api.py', '--cfg-path', '/tmp/tmpbajl_ye5', '--error-file', '/tmp/tmprlwk48ha']
[2024-06-24 12:53:47,215] {standard_task_runner.py:77} INFO - Job 853: Subtask greet
[2024-06-24 12:53:47,677] {logging_mixin.py:104} INFO - Running <TaskInstance: dag_with_taskflow_api_v02.greet 2021-11-29T00:00:00+00:00 [running]> on host 799b1e36e3f1
[2024-06-24 12:53:48,416] {taskinstance.py:1257} INFO - Exporting the following env vars:
AIRFLOW_CTX_DAG_OWNER=coder2j
AIRFLOW_CTX_DAG_ID=dag_with_taskflow_api_v02
AIRFLOW_CTX_TASK_ID=greet
AIRFLOW_CTX_EXECUTION_DATE=2021-11-29T00:00:00+00:00
AIRFLOW_CTX_DAG_RUN_ID=scheduled__2021-11-29T00:00:00+00:00
[2024-06-24 12:53:48,420] {logging_mixin.py:104} INFO - Hello World! My name is Jerry Fridman and I am 19 years old!
[2024-06-24 12:53:48,535] {taskinstance.py:1166} INFO - Marking task as SUCCESS. dag_id=dag_with_taskflow_api_v02, task_id=greet, execution_date=20211129T000000, start_date=20240624T125346, end_date=20240624T125348
[2024-06-24 12:53:48,785] {taskinstance.py:1220} INFO - 0 downstream tasks scheduled from follow-on schedule check
[2024-06-24 12:53:48,969] {local_task_job.py:146} INFO - Task exited with return code 0
