[2024-06-24 12:52:04,720] {taskinstance.py:851} INFO - Dependencies all met for <TaskInstance: our_first_dag_v5.thrid_task 2024-06-24T11:11:17.832050+00:00 [queued]>
[2024-06-24 12:52:04,907] {taskinstance.py:851} INFO - Dependencies all met for <TaskInstance: our_first_dag_v5.thrid_task 2024-06-24T11:11:17.832050+00:00 [queued]>
[2024-06-24 12:52:04,918] {taskinstance.py:1042} INFO - 
--------------------------------------------------------------------------------
[2024-06-24 12:52:04,926] {taskinstance.py:1043} INFO - Starting attempt 1 of 6
[2024-06-24 12:52:04,927] {taskinstance.py:1044} INFO - 
--------------------------------------------------------------------------------
[2024-06-24 12:52:05,168] {taskinstance.py:1063} INFO - Executing <Task(BashOperator): thrid_task> on 2024-06-24T11:11:17.832050+00:00
[2024-06-24 12:52:05,268] {standard_task_runner.py:52} INFO - Started process 27385 to run task
[2024-06-24 12:52:05,328] {standard_task_runner.py:76} INFO - Running: ['airflow', 'tasks', 'run', 'our_first_dag_v5', 'thrid_task', '2024-06-24T11:11:17.832050+00:00', '--job-id', '489', '--pool', 'default_pool', '--raw', '--subdir', 'DAGS_FOLDER/our_first_dag.py', '--cfg-path', '/tmp/tmpwk8c4tg4', '--error-file', '/tmp/tmpnt7pol_w']
[2024-06-24 12:52:05,346] {standard_task_runner.py:77} INFO - Job 489: Subtask thrid_task
[2024-06-24 12:52:05,804] {logging_mixin.py:104} INFO - Running <TaskInstance: our_first_dag_v5.thrid_task 2024-06-24T11:11:17.832050+00:00 [running]> on host 799b1e36e3f1
[2024-06-24 12:52:06,104] {taskinstance.py:1257} INFO - Exporting the following env vars:
AIRFLOW_CTX_DAG_OWNER=coder2j
AIRFLOW_CTX_DAG_ID=our_first_dag_v5
AIRFLOW_CTX_TASK_ID=thrid_task
AIRFLOW_CTX_EXECUTION_DATE=2024-06-24T11:11:17.832050+00:00
AIRFLOW_CTX_DAG_RUN_ID=manual__2024-06-24T11:11:17.832050+00:00
[2024-06-24 12:52:06,115] {bash.py:135} INFO - Tmp dir root location: 
 /tmp
[2024-06-24 12:52:06,118] {bash.py:158} INFO - Running command: echo hey, I am task3 and will be running after task1 at the same time as task2!
[2024-06-24 12:52:06,144] {bash.py:169} INFO - Output:
[2024-06-24 12:52:06,150] {bash.py:173} INFO - hey, I am task3 and will be running after task1 at the same time as task2!
[2024-06-24 12:52:06,152] {bash.py:177} INFO - Command exited with return code 0
[2024-06-24 12:52:06,338] {taskinstance.py:1166} INFO - Marking task as SUCCESS. dag_id=our_first_dag_v5, task_id=thrid_task, execution_date=20240624T111117, start_date=20240624T125204, end_date=20240624T125206
[2024-06-24 12:52:06,499] {taskinstance.py:1220} INFO - 0 downstream tasks scheduled from follow-on schedule check
[2024-06-24 12:52:06,565] {local_task_job.py:146} INFO - Task exited with return code 0
