[2024-06-24 14:24:05,693] {taskinstance.py:851} INFO - Dependencies all met for <TaskInstance: our_first_dag_v5.second_task 2022-09-22T00:00:00+00:00 [queued]>
[2024-06-24 14:24:05,723] {taskinstance.py:851} INFO - Dependencies all met for <TaskInstance: our_first_dag_v5.second_task 2022-09-22T00:00:00+00:00 [queued]>
[2024-06-24 14:24:05,727] {taskinstance.py:1042} INFO - 
--------------------------------------------------------------------------------
[2024-06-24 14:24:05,733] {taskinstance.py:1043} INFO - Starting attempt 1 of 6
[2024-06-24 14:24:05,734] {taskinstance.py:1044} INFO - 
--------------------------------------------------------------------------------
[2024-06-24 14:24:05,786] {taskinstance.py:1063} INFO - Executing <Task(BashOperator): second_task> on 2022-09-22T00:00:00+00:00
[2024-06-24 14:24:05,800] {standard_task_runner.py:52} INFO - Started process 9011 to run task
[2024-06-24 14:24:05,816] {standard_task_runner.py:76} INFO - Running: ['airflow', 'tasks', 'run', 'our_first_dag_v5', 'second_task', '2022-09-22T00:00:00+00:00', '--job-id', '5191', '--pool', 'default_pool', '--raw', '--subdir', 'DAGS_FOLDER/our_first_dag.py', '--cfg-path', '/tmp/tmp7lqnefet', '--error-file', '/tmp/tmpy3gm22g1']
[2024-06-24 14:24:05,836] {standard_task_runner.py:77} INFO - Job 5191: Subtask second_task
[2024-06-24 14:24:06,102] {logging_mixin.py:104} INFO - Running <TaskInstance: our_first_dag_v5.second_task 2022-09-22T00:00:00+00:00 [running]> on host 799b1e36e3f1
[2024-06-24 14:24:06,239] {taskinstance.py:1257} INFO - Exporting the following env vars:
AIRFLOW_CTX_DAG_OWNER=coder2j
AIRFLOW_CTX_DAG_ID=our_first_dag_v5
AIRFLOW_CTX_TASK_ID=second_task
AIRFLOW_CTX_EXECUTION_DATE=2022-09-22T00:00:00+00:00
AIRFLOW_CTX_DAG_RUN_ID=scheduled__2022-09-22T00:00:00+00:00
[2024-06-24 14:24:06,243] {bash.py:135} INFO - Tmp dir root location: 
 /tmp
[2024-06-24 14:24:06,245] {bash.py:158} INFO - Running command: echo hey, I am task2 and will be running after task1!
[2024-06-24 14:24:06,270] {bash.py:169} INFO - Output:
[2024-06-24 14:24:06,272] {bash.py:173} INFO - hey, I am task2 and will be running after task1!
[2024-06-24 14:24:06,273] {bash.py:177} INFO - Command exited with return code 0
[2024-06-24 14:24:06,406] {taskinstance.py:1166} INFO - Marking task as SUCCESS. dag_id=our_first_dag_v5, task_id=second_task, execution_date=20220922T000000, start_date=20240624T142405, end_date=20240624T142406
[2024-06-24 14:24:06,534] {taskinstance.py:1220} INFO - 0 downstream tasks scheduled from follow-on schedule check
[2024-06-24 14:24:06,593] {local_task_job.py:146} INFO - Task exited with return code 0
