[2024-06-24 14:56:51,660] {taskinstance.py:851} INFO - Dependencies all met for <TaskInstance: our_dag_with_python_operator_v07.greet 2024-01-21T00:00:00+00:00 [queued]>
[2024-06-24 14:56:51,799] {taskinstance.py:851} INFO - Dependencies all met for <TaskInstance: our_dag_with_python_operator_v07.greet 2024-01-21T00:00:00+00:00 [queued]>
[2024-06-24 14:56:51,819] {taskinstance.py:1042} INFO - 
--------------------------------------------------------------------------------
[2024-06-24 14:56:51,822] {taskinstance.py:1043} INFO - Starting attempt 1 of 6
[2024-06-24 14:56:51,828] {taskinstance.py:1044} INFO - 
--------------------------------------------------------------------------------
[2024-06-24 14:56:52,161] {taskinstance.py:1063} INFO - Executing <Task(PythonOperator): greet> on 2024-01-21T00:00:00+00:00
[2024-06-24 14:56:52,288] {standard_task_runner.py:52} INFO - Started process 27825 to run task
[2024-06-24 14:56:52,357] {standard_task_runner.py:76} INFO - Running: ['airflow', 'tasks', 'run', 'our_dag_with_python_operator_v07', 'greet', '2024-01-21T00:00:00+00:00', '--job-id', '9994', '--pool', 'default_pool', '--raw', '--subdir', 'DAGS_FOLDER/create_dag_with_python_operator.py', '--cfg-path', '/tmp/tmp6jp5w3_0', '--error-file', '/tmp/tmpaz_6xq9t']
[2024-06-24 14:56:52,407] {standard_task_runner.py:77} INFO - Job 9994: Subtask greet
[2024-06-24 14:56:53,207] {logging_mixin.py:104} INFO - Running <TaskInstance: our_dag_with_python_operator_v07.greet 2024-01-21T00:00:00+00:00 [running]> on host 799b1e36e3f1
[2024-06-24 14:56:54,218] {taskinstance.py:1257} INFO - Exporting the following env vars:
AIRFLOW_CTX_DAG_OWNER=coder2j
AIRFLOW_CTX_DAG_ID=our_dag_with_python_operator_v07
AIRFLOW_CTX_TASK_ID=greet
AIRFLOW_CTX_EXECUTION_DATE=2024-01-21T00:00:00+00:00
AIRFLOW_CTX_DAG_RUN_ID=scheduled__2024-01-21T00:00:00+00:00
[2024-06-24 14:56:54,233] {logging_mixin.py:104} INFO - some dict:  {'a': 1, 'b': 2}
[2024-06-24 14:56:54,838] {logging_mixin.py:104} INFO - Hello World! My name is Jerry Fridman, and I am 19 years old!
[2024-06-24 14:56:54,853] {python.py:118} INFO - Done. Returned value was: None
[2024-06-24 14:56:55,160] {taskinstance.py:1166} INFO - Marking task as SUCCESS. dag_id=our_dag_with_python_operator_v07, task_id=greet, execution_date=20240121T000000, start_date=20240624T145651, end_date=20240624T145655
[2024-06-24 14:56:55,599] {taskinstance.py:1220} INFO - 0 downstream tasks scheduled from follow-on schedule check
[2024-06-24 14:56:55,732] {local_task_job.py:146} INFO - Task exited with return code 0
