[2024-06-24 14:42:43,977] {taskinstance.py:851} INFO - Dependencies all met for <TaskInstance: our_first_dag_v5.second_task 2023-08-19T00:00:00+00:00 [queued]>
[2024-06-24 14:42:44,189] {taskinstance.py:851} INFO - Dependencies all met for <TaskInstance: our_first_dag_v5.second_task 2023-08-19T00:00:00+00:00 [queued]>
[2024-06-24 14:42:44,218] {taskinstance.py:1042} INFO - 
--------------------------------------------------------------------------------
[2024-06-24 14:42:44,237] {taskinstance.py:1043} INFO - Starting attempt 1 of 6
[2024-06-24 14:42:44,241] {taskinstance.py:1044} INFO - 
--------------------------------------------------------------------------------
[2024-06-24 14:42:44,518] {taskinstance.py:1063} INFO - Executing <Task(BashOperator): second_task> on 2023-08-19T00:00:00+00:00
[2024-06-24 14:42:44,669] {standard_task_runner.py:76} INFO - Running: ['airflow', 'tasks', 'run', 'our_first_dag_v5', 'second_task', '2023-08-19T00:00:00+00:00', '--job-id', '8876', '--pool', 'default_pool', '--raw', '--subdir', 'DAGS_FOLDER/our_first_dag.py', '--cfg-path', '/tmp/tmpxt_pbwzg', '--error-file', '/tmp/tmpek_4rmmf']
[2024-06-24 14:42:44,701] {standard_task_runner.py:77} INFO - Job 8876: Subtask second_task
[2024-06-24 14:42:44,623] {standard_task_runner.py:52} INFO - Started process 23034 to run task
[2024-06-24 14:42:46,145] {logging_mixin.py:104} INFO - Running <TaskInstance: our_first_dag_v5.second_task 2023-08-19T00:00:00+00:00 [running]> on host 799b1e36e3f1
[2024-06-24 14:42:47,833] {taskinstance.py:1257} INFO - Exporting the following env vars:
AIRFLOW_CTX_DAG_OWNER=coder2j
AIRFLOW_CTX_DAG_ID=our_first_dag_v5
AIRFLOW_CTX_TASK_ID=second_task
AIRFLOW_CTX_EXECUTION_DATE=2023-08-19T00:00:00+00:00
AIRFLOW_CTX_DAG_RUN_ID=scheduled__2023-08-19T00:00:00+00:00
[2024-06-24 14:42:47,845] {bash.py:135} INFO - Tmp dir root location: 
 /tmp
[2024-06-24 14:42:47,897] {bash.py:158} INFO - Running command: echo hey, I am task2 and will be running after task1!
[2024-06-24 14:42:48,115] {bash.py:169} INFO - Output:
[2024-06-24 14:42:48,137] {bash.py:173} INFO - hey, I am task2 and will be running after task1!
[2024-06-24 14:42:48,142] {bash.py:177} INFO - Command exited with return code 0
[2024-06-24 14:42:48,656] {taskinstance.py:1166} INFO - Marking task as SUCCESS. dag_id=our_first_dag_v5, task_id=second_task, execution_date=20230819T000000, start_date=20240624T144244, end_date=20240624T144248
[2024-06-24 14:42:50,324] {local_task_job.py:188} WARNING - State of this instance has been externally set to success. Terminating instance.
[2024-06-24 14:42:50,394] {process_utils.py:100} INFO - Sending Signals.SIGTERM to GPID 23034
[2024-06-24 14:42:51,567] {taskinstance.py:1239} ERROR - Received SIGTERM. Terminating subprocesses.
[2024-06-24 14:42:51,586] {bash.py:185} INFO - Sending SIGTERM signal to bash process group
[2024-06-24 14:42:51,745] {process_utils.py:66} INFO - Process psutil.Process(pid=23034, status='terminated', exitcode=1, started='14:42:43') (23034) terminated with exit code 1
