[2024-06-24 12:57:35,565] {taskinstance.py:851} INFO - Dependencies all met for <TaskInstance: our_first_dag_v5.second_task 2021-11-03T00:00:00+00:00 [queued]>
[2024-06-24 12:57:35,609] {taskinstance.py:851} INFO - Dependencies all met for <TaskInstance: our_first_dag_v5.second_task 2021-11-03T00:00:00+00:00 [queued]>
[2024-06-24 12:57:35,612] {taskinstance.py:1042} INFO - 
--------------------------------------------------------------------------------
[2024-06-24 12:57:35,613] {taskinstance.py:1043} INFO - Starting attempt 1 of 6
[2024-06-24 12:57:35,615] {taskinstance.py:1044} INFO - 
--------------------------------------------------------------------------------
[2024-06-24 12:57:35,663] {taskinstance.py:1063} INFO - Executing <Task(BashOperator): second_task> on 2021-11-03T00:00:00+00:00
[2024-06-24 12:57:35,678] {standard_task_runner.py:52} INFO - Started process 32644 to run task
[2024-06-24 12:57:35,689] {standard_task_runner.py:76} INFO - Running: ['airflow', 'tasks', 'run', 'our_first_dag_v5', 'second_task', '2021-11-03T00:00:00+00:00', '--job-id', '1758', '--pool', 'default_pool', '--raw', '--subdir', 'DAGS_FOLDER/our_first_dag.py', '--cfg-path', '/tmp/tmpjuuz1vzg', '--error-file', '/tmp/tmpwi191qya']
[2024-06-24 12:57:35,700] {standard_task_runner.py:77} INFO - Job 1758: Subtask second_task
[2024-06-24 12:57:35,857] {logging_mixin.py:104} INFO - Running <TaskInstance: our_first_dag_v5.second_task 2021-11-03T00:00:00+00:00 [running]> on host 799b1e36e3f1
[2024-06-24 12:57:36,136] {taskinstance.py:1257} INFO - Exporting the following env vars:
AIRFLOW_CTX_DAG_OWNER=coder2j
AIRFLOW_CTX_DAG_ID=our_first_dag_v5
AIRFLOW_CTX_TASK_ID=second_task
AIRFLOW_CTX_EXECUTION_DATE=2021-11-03T00:00:00+00:00
AIRFLOW_CTX_DAG_RUN_ID=scheduled__2021-11-03T00:00:00+00:00
[2024-06-24 12:57:36,145] {bash.py:135} INFO - Tmp dir root location: 
 /tmp
[2024-06-24 12:57:36,172] {bash.py:158} INFO - Running command: echo hey, I am task2 and will be running after task1!
[2024-06-24 12:57:36,263] {bash.py:169} INFO - Output:
[2024-06-24 12:57:36,281] {bash.py:173} INFO - hey, I am task2 and will be running after task1!
[2024-06-24 12:57:36,289] {bash.py:177} INFO - Command exited with return code 0
[2024-06-24 12:57:36,525] {taskinstance.py:1166} INFO - Marking task as SUCCESS. dag_id=our_first_dag_v5, task_id=second_task, execution_date=20211103T000000, start_date=20240624T125735, end_date=20240624T125736
[2024-06-24 12:57:36,732] {taskinstance.py:1220} INFO - 0 downstream tasks scheduled from follow-on schedule check
[2024-06-24 12:57:36,805] {local_task_job.py:146} INFO - Task exited with return code 0
