[2024-06-24 12:57:55,248] {taskinstance.py:851} INFO - Dependencies all met for <TaskInstance: dag_with_taskflow_api_v02.get_name 2022-02-11T00:00:00+00:00 [queued]>
[2024-06-24 12:57:55,328] {taskinstance.py:851} INFO - Dependencies all met for <TaskInstance: dag_with_taskflow_api_v02.get_name 2022-02-11T00:00:00+00:00 [queued]>
[2024-06-24 12:57:55,334] {taskinstance.py:1042} INFO - 
--------------------------------------------------------------------------------
[2024-06-24 12:57:55,337] {taskinstance.py:1043} INFO - Starting attempt 1 of 6
[2024-06-24 12:57:55,339] {taskinstance.py:1044} INFO - 
--------------------------------------------------------------------------------
[2024-06-24 12:57:55,427] {taskinstance.py:1063} INFO - Executing <Task(_PythonDecoratedOperator): get_name> on 2022-02-11T00:00:00+00:00
[2024-06-24 12:57:55,469] {standard_task_runner.py:52} INFO - Started process 32958 to run task
[2024-06-24 12:57:55,483] {standard_task_runner.py:76} INFO - Running: ['airflow', 'tasks', 'run', 'dag_with_taskflow_api_v02', 'get_name', '2022-02-11T00:00:00+00:00', '--job-id', '1827', '--pool', 'default_pool', '--raw', '--subdir', 'DAGS_FOLDER/dag_with_taskflow_api.py', '--cfg-path', '/tmp/tmp4buuq48f', '--error-file', '/tmp/tmpmm1usg8h']
[2024-06-24 12:57:55,492] {standard_task_runner.py:77} INFO - Job 1827: Subtask get_name
[2024-06-24 12:57:55,831] {logging_mixin.py:104} INFO - Running <TaskInstance: dag_with_taskflow_api_v02.get_name 2022-02-11T00:00:00+00:00 [running]> on host 799b1e36e3f1
[2024-06-24 12:57:56,128] {taskinstance.py:1257} INFO - Exporting the following env vars:
AIRFLOW_CTX_DAG_OWNER=coder2j
AIRFLOW_CTX_DAG_ID=dag_with_taskflow_api_v02
AIRFLOW_CTX_TASK_ID=get_name
AIRFLOW_CTX_EXECUTION_DATE=2022-02-11T00:00:00+00:00
AIRFLOW_CTX_DAG_RUN_ID=scheduled__2022-02-11T00:00:00+00:00
[2024-06-24 12:57:56,614] {taskinstance.py:1166} INFO - Marking task as SUCCESS. dag_id=dag_with_taskflow_api_v02, task_id=get_name, execution_date=20220211T000000, start_date=20240624T125755, end_date=20240624T125756
[2024-06-24 12:57:56,847] {taskinstance.py:1220} INFO - 1 downstream tasks scheduled from follow-on schedule check
[2024-06-24 12:57:56,933] {local_task_job.py:146} INFO - Task exited with return code 0
