[2024-07-26 06:17:22,246] {taskinstance.py:851} INFO - Dependencies all met for <TaskInstance: dag_with_taskflow_api_v02.get_age 2024-07-25T00:00:00+00:00 [queued]>
[2024-07-26 06:17:22,326] {taskinstance.py:851} INFO - Dependencies all met for <TaskInstance: dag_with_taskflow_api_v02.get_age 2024-07-25T00:00:00+00:00 [queued]>
[2024-07-26 06:17:22,330] {taskinstance.py:1042} INFO - 
--------------------------------------------------------------------------------
[2024-07-26 06:17:22,341] {taskinstance.py:1043} INFO - Starting attempt 1 of 6
[2024-07-26 06:17:22,343] {taskinstance.py:1044} INFO - 
--------------------------------------------------------------------------------
[2024-07-26 06:17:22,453] {taskinstance.py:1063} INFO - Executing <Task(_PythonDecoratedOperator): get_age> on 2024-07-25T00:00:00+00:00
[2024-07-26 06:17:22,544] {standard_task_runner.py:52} INFO - Started process 192 to run task
[2024-07-26 06:17:22,780] {standard_task_runner.py:76} INFO - Running: ['airflow', 'tasks', 'run', 'dag_with_taskflow_api_v02', 'get_age', '2024-07-25T00:00:00+00:00', '--job-id', '12555', '--pool', 'default_pool', '--raw', '--subdir', 'DAGS_FOLDER/dag_with_taskflow_api.py', '--cfg-path', '/tmp/tmp6yp4inx0', '--error-file', '/tmp/tmpomqrrj7j']
[2024-07-26 06:17:22,801] {standard_task_runner.py:77} INFO - Job 12555: Subtask get_age
[2024-07-26 06:17:23,317] {logging_mixin.py:104} INFO - Running <TaskInstance: dag_with_taskflow_api_v02.get_age 2024-07-25T00:00:00+00:00 [running]> on host 799b1e36e3f1
[2024-07-26 06:17:23,602] {taskinstance.py:1257} INFO - Exporting the following env vars:
AIRFLOW_CTX_DAG_OWNER=coder2j
AIRFLOW_CTX_DAG_ID=dag_with_taskflow_api_v02
AIRFLOW_CTX_TASK_ID=get_age
AIRFLOW_CTX_EXECUTION_DATE=2024-07-25T00:00:00+00:00
AIRFLOW_CTX_DAG_RUN_ID=scheduled__2024-07-25T00:00:00+00:00
[2024-07-26 06:17:23,838] {taskinstance.py:1166} INFO - Marking task as SUCCESS. dag_id=dag_with_taskflow_api_v02, task_id=get_age, execution_date=20240725T000000, start_date=20240726T061722, end_date=20240726T061723
[2024-07-26 06:17:24,159] {taskinstance.py:1220} INFO - 1 downstream tasks scheduled from follow-on schedule check
[2024-07-26 06:17:24,278] {local_task_job.py:146} INFO - Task exited with return code 0
