[2024-06-24 14:56:52,042] {taskinstance.py:851} INFO - Dependencies all met for <TaskInstance: dag_with_taskflow_api_v02.greet 2024-01-18T00:00:00+00:00 [queued]>
[2024-06-24 14:56:52,387] {taskinstance.py:851} INFO - Dependencies all met for <TaskInstance: dag_with_taskflow_api_v02.greet 2024-01-18T00:00:00+00:00 [queued]>
[2024-06-24 14:56:52,392] {taskinstance.py:1042} INFO - 
--------------------------------------------------------------------------------
[2024-06-24 14:56:52,407] {taskinstance.py:1043} INFO - Starting attempt 1 of 6
[2024-06-24 14:56:52,412] {taskinstance.py:1044} INFO - 
--------------------------------------------------------------------------------
[2024-06-24 14:56:52,672] {taskinstance.py:1063} INFO - Executing <Task(_PythonDecoratedOperator): greet> on 2024-01-18T00:00:00+00:00
[2024-06-24 14:56:52,953] {standard_task_runner.py:52} INFO - Started process 27827 to run task
[2024-06-24 14:56:53,010] {standard_task_runner.py:76} INFO - Running: ['airflow', 'tasks', 'run', 'dag_with_taskflow_api_v02', 'greet', '2024-01-18T00:00:00+00:00', '--job-id', '9996', '--pool', 'default_pool', '--raw', '--subdir', 'DAGS_FOLDER/dag_with_taskflow_api.py', '--cfg-path', '/tmp/tmpvmpzbudl', '--error-file', '/tmp/tmp5aba1r5_']
[2024-06-24 14:56:53,030] {standard_task_runner.py:77} INFO - Job 9996: Subtask greet
[2024-06-24 14:56:54,026] {logging_mixin.py:104} INFO - Running <TaskInstance: dag_with_taskflow_api_v02.greet 2024-01-18T00:00:00+00:00 [running]> on host 799b1e36e3f1
[2024-06-24 14:56:55,414] {taskinstance.py:1257} INFO - Exporting the following env vars:
AIRFLOW_CTX_DAG_OWNER=coder2j
AIRFLOW_CTX_DAG_ID=dag_with_taskflow_api_v02
AIRFLOW_CTX_TASK_ID=greet
AIRFLOW_CTX_EXECUTION_DATE=2024-01-18T00:00:00+00:00
AIRFLOW_CTX_DAG_RUN_ID=scheduled__2024-01-18T00:00:00+00:00
[2024-06-24 14:56:55,428] {logging_mixin.py:104} INFO - Hello World! My name is Jerry Fridman and I am 19 years old!
[2024-06-24 14:56:55,655] {taskinstance.py:1166} INFO - Marking task as SUCCESS. dag_id=dag_with_taskflow_api_v02, task_id=greet, execution_date=20240118T000000, start_date=20240624T145652, end_date=20240624T145655
[2024-06-24 14:56:56,200] {taskinstance.py:1220} INFO - 0 downstream tasks scheduled from follow-on schedule check
[2024-06-24 14:56:56,462] {local_task_job.py:146} INFO - Task exited with return code 0
