[2024-06-24 14:22:28,031] {taskinstance.py:851} INFO - Dependencies all met for <TaskInstance: dag_with_taskflow_api_v02.get_age 2022-09-06T00:00:00+00:00 [queued]>
[2024-06-24 14:22:28,062] {taskinstance.py:851} INFO - Dependencies all met for <TaskInstance: dag_with_taskflow_api_v02.get_age 2022-09-06T00:00:00+00:00 [queued]>
[2024-06-24 14:22:28,067] {taskinstance.py:1042} INFO - 
--------------------------------------------------------------------------------
[2024-06-24 14:22:28,068] {taskinstance.py:1043} INFO - Starting attempt 1 of 6
[2024-06-24 14:22:28,069] {taskinstance.py:1044} INFO - 
--------------------------------------------------------------------------------
[2024-06-24 14:22:28,116] {taskinstance.py:1063} INFO - Executing <Task(_PythonDecoratedOperator): get_age> on 2022-09-06T00:00:00+00:00
[2024-06-24 14:22:28,122] {standard_task_runner.py:52} INFO - Started process 6376 to run task
[2024-06-24 14:22:28,131] {standard_task_runner.py:76} INFO - Running: ['airflow', 'tasks', 'run', 'dag_with_taskflow_api_v02', 'get_age', '2022-09-06T00:00:00+00:00', '--job-id', '4468', '--pool', 'default_pool', '--raw', '--subdir', 'DAGS_FOLDER/dag_with_taskflow_api.py', '--cfg-path', '/tmp/tmp6b04kdqf', '--error-file', '/tmp/tmppjpbcda9']
[2024-06-24 14:22:28,140] {standard_task_runner.py:77} INFO - Job 4468: Subtask get_age
[2024-06-24 14:22:28,269] {logging_mixin.py:104} INFO - Running <TaskInstance: dag_with_taskflow_api_v02.get_age 2022-09-06T00:00:00+00:00 [running]> on host 799b1e36e3f1
[2024-06-24 14:22:28,426] {taskinstance.py:1257} INFO - Exporting the following env vars:
AIRFLOW_CTX_DAG_OWNER=coder2j
AIRFLOW_CTX_DAG_ID=dag_with_taskflow_api_v02
AIRFLOW_CTX_TASK_ID=get_age
AIRFLOW_CTX_EXECUTION_DATE=2022-09-06T00:00:00+00:00
AIRFLOW_CTX_DAG_RUN_ID=scheduled__2022-09-06T00:00:00+00:00
[2024-06-24 14:22:28,555] {taskinstance.py:1166} INFO - Marking task as SUCCESS. dag_id=dag_with_taskflow_api_v02, task_id=get_age, execution_date=20220906T000000, start_date=20240624T142228, end_date=20240624T142228
[2024-06-24 14:22:28,690] {taskinstance.py:1220} INFO - 0 downstream tasks scheduled from follow-on schedule check
[2024-06-24 14:22:28,731] {local_task_job.py:146} INFO - Task exited with return code 0
