[2024-06-24 14:25:54,923] {taskinstance.py:851} INFO - Dependencies all met for <TaskInstance: dag_with_taskflow_api_v02.greet 2023-02-05T00:00:00+00:00 [queued]>
[2024-06-24 14:25:55,020] {taskinstance.py:851} INFO - Dependencies all met for <TaskInstance: dag_with_taskflow_api_v02.greet 2023-02-05T00:00:00+00:00 [queued]>
[2024-06-24 14:25:55,022] {taskinstance.py:1042} INFO - 
--------------------------------------------------------------------------------
[2024-06-24 14:25:55,025] {taskinstance.py:1043} INFO - Starting attempt 1 of 6
[2024-06-24 14:25:55,029] {taskinstance.py:1044} INFO - 
--------------------------------------------------------------------------------
[2024-06-24 14:25:55,113] {taskinstance.py:1063} INFO - Executing <Task(_PythonDecoratedOperator): greet> on 2023-02-05T00:00:00+00:00
[2024-06-24 14:25:55,132] {standard_task_runner.py:52} INFO - Started process 11986 to run task
[2024-06-24 14:25:55,155] {standard_task_runner.py:76} INFO - Running: ['airflow', 'tasks', 'run', 'dag_with_taskflow_api_v02', 'greet', '2023-02-05T00:00:00+00:00', '--job-id', '5978', '--pool', 'default_pool', '--raw', '--subdir', 'DAGS_FOLDER/dag_with_taskflow_api.py', '--cfg-path', '/tmp/tmpc75bogu3', '--error-file', '/tmp/tmpebcthypx']
[2024-06-24 14:25:55,211] {standard_task_runner.py:77} INFO - Job 5978: Subtask greet
[2024-06-24 14:25:55,399] {logging_mixin.py:104} INFO - Running <TaskInstance: dag_with_taskflow_api_v02.greet 2023-02-05T00:00:00+00:00 [running]> on host 799b1e36e3f1
[2024-06-24 14:25:55,637] {taskinstance.py:1257} INFO - Exporting the following env vars:
AIRFLOW_CTX_DAG_OWNER=coder2j
AIRFLOW_CTX_DAG_ID=dag_with_taskflow_api_v02
AIRFLOW_CTX_TASK_ID=greet
AIRFLOW_CTX_EXECUTION_DATE=2023-02-05T00:00:00+00:00
AIRFLOW_CTX_DAG_RUN_ID=scheduled__2023-02-05T00:00:00+00:00
[2024-06-24 14:25:55,652] {logging_mixin.py:104} INFO - Hello World! My name is Jerry Fridman and I am 19 years old!
[2024-06-24 14:25:55,695] {taskinstance.py:1166} INFO - Marking task as SUCCESS. dag_id=dag_with_taskflow_api_v02, task_id=greet, execution_date=20230205T000000, start_date=20240624T142554, end_date=20240624T142555
[2024-06-24 14:25:55,799] {taskinstance.py:1220} INFO - 0 downstream tasks scheduled from follow-on schedule check
[2024-06-24 14:25:55,860] {local_task_job.py:146} INFO - Task exited with return code 0
