[2024-06-24 14:23:33,566] {taskinstance.py:851} INFO - Dependencies all met for <TaskInstance: our_dag_with_python_operator_v07.get_age 2022-10-31T00:00:00+00:00 [queued]>
[2024-06-24 14:23:33,638] {taskinstance.py:851} INFO - Dependencies all met for <TaskInstance: our_dag_with_python_operator_v07.get_age 2022-10-31T00:00:00+00:00 [queued]>
[2024-06-24 14:23:33,651] {taskinstance.py:1042} INFO - 
--------------------------------------------------------------------------------
[2024-06-24 14:23:33,653] {taskinstance.py:1043} INFO - Starting attempt 1 of 6
[2024-06-24 14:23:33,654] {taskinstance.py:1044} INFO - 
--------------------------------------------------------------------------------
[2024-06-24 14:23:33,775] {taskinstance.py:1063} INFO - Executing <Task(PythonOperator): get_age> on 2022-10-31T00:00:00+00:00
[2024-06-24 14:23:33,803] {standard_task_runner.py:52} INFO - Started process 8141 to run task
[2024-06-24 14:23:33,819] {standard_task_runner.py:76} INFO - Running: ['airflow', 'tasks', 'run', 'our_dag_with_python_operator_v07', 'get_age', '2022-10-31T00:00:00+00:00', '--job-id', '4945', '--pool', 'default_pool', '--raw', '--subdir', 'DAGS_FOLDER/create_dag_with_python_operator.py', '--cfg-path', '/tmp/tmp06myxis_', '--error-file', '/tmp/tmp44d1o5mw']
[2024-06-24 14:23:33,837] {standard_task_runner.py:77} INFO - Job 4945: Subtask get_age
[2024-06-24 14:23:34,114] {logging_mixin.py:104} INFO - Running <TaskInstance: our_dag_with_python_operator_v07.get_age 2022-10-31T00:00:00+00:00 [running]> on host 799b1e36e3f1
[2024-06-24 14:23:34,410] {taskinstance.py:1257} INFO - Exporting the following env vars:
AIRFLOW_CTX_DAG_OWNER=coder2j
AIRFLOW_CTX_DAG_ID=our_dag_with_python_operator_v07
AIRFLOW_CTX_TASK_ID=get_age
AIRFLOW_CTX_EXECUTION_DATE=2022-10-31T00:00:00+00:00
AIRFLOW_CTX_DAG_RUN_ID=scheduled__2022-10-31T00:00:00+00:00
[2024-06-24 14:23:34,474] {python.py:118} INFO - Done. Returned value was: None
[2024-06-24 14:23:34,540] {taskinstance.py:1166} INFO - Marking task as SUCCESS. dag_id=our_dag_with_python_operator_v07, task_id=get_age, execution_date=20221031T000000, start_date=20240624T142333, end_date=20240624T142334
[2024-06-24 14:23:34,640] {taskinstance.py:1220} INFO - 0 downstream tasks scheduled from follow-on schedule check
[2024-06-24 14:23:34,689] {local_task_job.py:146} INFO - Task exited with return code 0
