[2024-07-12 11:11:36,637] {taskinstance.py:851} INFO - Dependencies all met for <TaskInstance: dag_with_taskflow_api_v02.greet 2024-07-09T00:00:00+00:00 [queued]>
[2024-07-12 11:11:36,671] {taskinstance.py:851} INFO - Dependencies all met for <TaskInstance: dag_with_taskflow_api_v02.greet 2024-07-09T00:00:00+00:00 [queued]>
[2024-07-12 11:11:36,674] {taskinstance.py:1042} INFO - 
--------------------------------------------------------------------------------
[2024-07-12 11:11:36,677] {taskinstance.py:1043} INFO - Starting attempt 1 of 6
[2024-07-12 11:11:36,679] {taskinstance.py:1044} INFO - 
--------------------------------------------------------------------------------
[2024-07-12 11:11:36,936] {taskinstance.py:1063} INFO - Executing <Task(_PythonDecoratedOperator): greet> on 2024-07-09T00:00:00+00:00
[2024-07-12 11:11:37,083] {standard_task_runner.py:52} INFO - Started process 397 to run task
[2024-07-12 11:11:37,135] {standard_task_runner.py:76} INFO - Running: ['airflow', 'tasks', 'run', 'dag_with_taskflow_api_v02', 'greet', '2024-07-09T00:00:00+00:00', '--job-id', '12376', '--pool', 'default_pool', '--raw', '--subdir', 'DAGS_FOLDER/dag_with_taskflow_api.py', '--cfg-path', '/tmp/tmp651bvjb2', '--error-file', '/tmp/tmpzre0du6l']
[2024-07-12 11:11:37,309] {standard_task_runner.py:77} INFO - Job 12376: Subtask greet
[2024-07-12 11:11:38,039] {logging_mixin.py:104} INFO - Running <TaskInstance: dag_with_taskflow_api_v02.greet 2024-07-09T00:00:00+00:00 [running]> on host 799b1e36e3f1
[2024-07-12 11:11:38,396] {taskinstance.py:1257} INFO - Exporting the following env vars:
AIRFLOW_CTX_DAG_OWNER=coder2j
AIRFLOW_CTX_DAG_ID=dag_with_taskflow_api_v02
AIRFLOW_CTX_TASK_ID=greet
AIRFLOW_CTX_EXECUTION_DATE=2024-07-09T00:00:00+00:00
AIRFLOW_CTX_DAG_RUN_ID=scheduled__2024-07-09T00:00:00+00:00
[2024-07-12 11:11:38,398] {logging_mixin.py:104} INFO - Hello World! My name is Jerry Fridman and I am 19 years old!
[2024-07-12 11:11:38,437] {taskinstance.py:1166} INFO - Marking task as SUCCESS. dag_id=dag_with_taskflow_api_v02, task_id=greet, execution_date=20240709T000000, start_date=20240712T111136, end_date=20240712T111138
[2024-07-12 11:11:38,579] {taskinstance.py:1220} INFO - 0 downstream tasks scheduled from follow-on schedule check
[2024-07-12 11:11:38,626] {local_task_job.py:146} INFO - Task exited with return code 0
