[2024-06-24 12:54:31,826] {taskinstance.py:851} INFO - Dependencies all met for <TaskInstance: dag_with_taskflow_api_v02.get_age 2021-12-14T00:00:00+00:00 [queued]>
[2024-06-24 12:54:31,913] {taskinstance.py:851} INFO - Dependencies all met for <TaskInstance: dag_with_taskflow_api_v02.get_age 2021-12-14T00:00:00+00:00 [queued]>
[2024-06-24 12:54:31,918] {taskinstance.py:1042} INFO - 
--------------------------------------------------------------------------------
[2024-06-24 12:54:31,922] {taskinstance.py:1043} INFO - Starting attempt 1 of 6
[2024-06-24 12:54:31,923] {taskinstance.py:1044} INFO - 
--------------------------------------------------------------------------------
[2024-06-24 12:54:32,062] {taskinstance.py:1063} INFO - Executing <Task(_PythonDecoratedOperator): get_age> on 2021-12-14T00:00:00+00:00
[2024-06-24 12:54:32,082] {standard_task_runner.py:52} INFO - Started process 29665 to run task
[2024-06-24 12:54:32,099] {standard_task_runner.py:76} INFO - Running: ['airflow', 'tasks', 'run', 'dag_with_taskflow_api_v02', 'get_age', '2021-12-14T00:00:00+00:00', '--job-id', '1033', '--pool', 'default_pool', '--raw', '--subdir', 'DAGS_FOLDER/dag_with_taskflow_api.py', '--cfg-path', '/tmp/tmpy_0d0o77', '--error-file', '/tmp/tmpqwut1bi5']
[2024-06-24 12:54:32,130] {standard_task_runner.py:77} INFO - Job 1033: Subtask get_age
[2024-06-24 12:54:32,585] {logging_mixin.py:104} INFO - Running <TaskInstance: dag_with_taskflow_api_v02.get_age 2021-12-14T00:00:00+00:00 [running]> on host 799b1e36e3f1
[2024-06-24 12:54:32,831] {taskinstance.py:1257} INFO - Exporting the following env vars:
AIRFLOW_CTX_DAG_OWNER=coder2j
AIRFLOW_CTX_DAG_ID=dag_with_taskflow_api_v02
AIRFLOW_CTX_TASK_ID=get_age
AIRFLOW_CTX_EXECUTION_DATE=2021-12-14T00:00:00+00:00
AIRFLOW_CTX_DAG_RUN_ID=scheduled__2021-12-14T00:00:00+00:00
[2024-06-24 12:54:33,010] {taskinstance.py:1166} INFO - Marking task as SUCCESS. dag_id=dag_with_taskflow_api_v02, task_id=get_age, execution_date=20211214T000000, start_date=20240624T125431, end_date=20240624T125433
[2024-06-24 12:54:33,133] {taskinstance.py:1220} INFO - 1 downstream tasks scheduled from follow-on schedule check
[2024-06-24 12:54:33,211] {local_task_job.py:146} INFO - Task exited with return code 0
