[2024-06-24 14:21:45,907] {taskinstance.py:851} INFO - Dependencies all met for <TaskInstance: dag_with_python_dependencies_v03.get_matplotlib 2022-07-14T00:00:00+00:00 [queued]>
[2024-06-24 14:21:45,984] {taskinstance.py:851} INFO - Dependencies all met for <TaskInstance: dag_with_python_dependencies_v03.get_matplotlib 2022-07-14T00:00:00+00:00 [queued]>
[2024-06-24 14:21:45,985] {taskinstance.py:1042} INFO - 
--------------------------------------------------------------------------------
[2024-06-24 14:21:45,986] {taskinstance.py:1043} INFO - Starting attempt 1 of 1
[2024-06-24 14:21:45,987] {taskinstance.py:1044} INFO - 
--------------------------------------------------------------------------------
[2024-06-24 14:21:46,107] {taskinstance.py:1063} INFO - Executing <Task(PythonOperator): get_matplotlib> on 2022-07-14T00:00:00+00:00
[2024-06-24 14:21:46,123] {standard_task_runner.py:52} INFO - Started process 5276 to run task
[2024-06-24 14:21:46,139] {standard_task_runner.py:76} INFO - Running: ['airflow', 'tasks', 'run', 'dag_with_python_dependencies_v03', 'get_matplotlib', '2022-07-14T00:00:00+00:00', '--job-id', '4180', '--pool', 'default_pool', '--raw', '--subdir', 'DAGS_FOLDER/dag_with_python_dependencies.py', '--cfg-path', '/tmp/tmpi6q__zkv', '--error-file', '/tmp/tmp2aq_2e5_']
[2024-06-24 14:21:46,151] {standard_task_runner.py:77} INFO - Job 4180: Subtask get_matplotlib
[2024-06-24 14:21:46,421] {logging_mixin.py:104} INFO - Running <TaskInstance: dag_with_python_dependencies_v03.get_matplotlib 2022-07-14T00:00:00+00:00 [running]> on host 799b1e36e3f1
[2024-06-24 14:21:46,628] {taskinstance.py:1257} INFO - Exporting the following env vars:
AIRFLOW_CTX_DAG_OWNER=coder2j
AIRFLOW_CTX_DAG_ID=dag_with_python_dependencies_v03
AIRFLOW_CTX_TASK_ID=get_matplotlib
AIRFLOW_CTX_EXECUTION_DATE=2022-07-14T00:00:00+00:00
AIRFLOW_CTX_DAG_RUN_ID=scheduled__2022-07-14T00:00:00+00:00
[2024-06-24 14:21:47,045] {__init__.py:482} WARNING - Matplotlib created a temporary config/cache directory at /tmp/matplotlib-3ik7kzet because the default path (/home/airflow/.config/matplotlib) is not a writable directory; it is highly recommended to set the MPLCONFIGDIR environment variable to a writable directory, in particular to speed up the import of Matplotlib and to better support multiprocessing.
[2024-06-24 14:21:47,077] {logging_mixin.py:104} INFO - matplotlib with version: 3.3.3
[2024-06-24 14:21:47,080] {python.py:118} INFO - Done. Returned value was: None
[2024-06-24 14:21:47,136] {taskinstance.py:1166} INFO - Marking task as SUCCESS. dag_id=dag_with_python_dependencies_v03, task_id=get_matplotlib, execution_date=20220714T000000, start_date=20240624T142145, end_date=20240624T142147
[2024-06-24 14:21:47,287] {taskinstance.py:1220} INFO - 0 downstream tasks scheduled from follow-on schedule check
[2024-06-24 14:21:47,372] {local_task_job.py:146} INFO - Task exited with return code 0
