[2024-06-24 14:24:30,288] {taskinstance.py:851} INFO - Dependencies all met for <TaskInstance: dag_with_python_dependencies_v03.get_sklearn 2022-10-17T00:00:00+00:00 [queued]>
[2024-06-24 14:24:30,310] {taskinstance.py:851} INFO - Dependencies all met for <TaskInstance: dag_with_python_dependencies_v03.get_sklearn 2022-10-17T00:00:00+00:00 [queued]>
[2024-06-24 14:24:30,315] {taskinstance.py:1042} INFO - 
--------------------------------------------------------------------------------
[2024-06-24 14:24:30,352] {taskinstance.py:1043} INFO - Starting attempt 1 of 1
[2024-06-24 14:24:30,411] {taskinstance.py:1044} INFO - 
--------------------------------------------------------------------------------
[2024-06-24 14:24:30,498] {taskinstance.py:1063} INFO - Executing <Task(PythonOperator): get_sklearn> on 2022-10-17T00:00:00+00:00
[2024-06-24 14:24:30,506] {standard_task_runner.py:52} INFO - Started process 9648 to run task
[2024-06-24 14:24:30,520] {standard_task_runner.py:76} INFO - Running: ['airflow', 'tasks', 'run', 'dag_with_python_dependencies_v03', 'get_sklearn', '2022-10-17T00:00:00+00:00', '--job-id', '5369', '--pool', 'default_pool', '--raw', '--subdir', 'DAGS_FOLDER/dag_with_python_dependencies.py', '--cfg-path', '/tmp/tmpr3ig2inp', '--error-file', '/tmp/tmp97kj63r3']
[2024-06-24 14:24:30,534] {standard_task_runner.py:77} INFO - Job 5369: Subtask get_sklearn
[2024-06-24 14:24:30,739] {logging_mixin.py:104} INFO - Running <TaskInstance: dag_with_python_dependencies_v03.get_sklearn 2022-10-17T00:00:00+00:00 [running]> on host 799b1e36e3f1
[2024-06-24 14:24:31,029] {taskinstance.py:1257} INFO - Exporting the following env vars:
AIRFLOW_CTX_DAG_OWNER=coder2j
AIRFLOW_CTX_DAG_ID=dag_with_python_dependencies_v03
AIRFLOW_CTX_TASK_ID=get_sklearn
AIRFLOW_CTX_EXECUTION_DATE=2022-10-17T00:00:00+00:00
AIRFLOW_CTX_DAG_RUN_ID=scheduled__2022-10-17T00:00:00+00:00
[2024-06-24 14:24:34,077] {logging_mixin.py:104} INFO - sklearn with version: 0.24.2
[2024-06-24 14:24:34,091] {python.py:118} INFO - Done. Returned value was: None
[2024-06-24 14:24:34,186] {taskinstance.py:1166} INFO - Marking task as SUCCESS. dag_id=dag_with_python_dependencies_v03, task_id=get_sklearn, execution_date=20221017T000000, start_date=20240624T142430, end_date=20240624T142434
[2024-06-24 14:24:34,328] {taskinstance.py:1220} INFO - 1 downstream tasks scheduled from follow-on schedule check
[2024-06-24 14:24:34,438] {local_task_job.py:146} INFO - Task exited with return code 0
