[2024-06-24 14:23:21,050] {taskinstance.py:851} INFO - Dependencies all met for <TaskInstance: our_dag_with_python_operator_v07.get_name 2022-10-17T00:00:00+00:00 [queued]>
[2024-06-24 14:23:21,096] {taskinstance.py:851} INFO - Dependencies all met for <TaskInstance: our_dag_with_python_operator_v07.get_name 2022-10-17T00:00:00+00:00 [queued]>
[2024-06-24 14:23:21,097] {taskinstance.py:1042} INFO - 
--------------------------------------------------------------------------------
[2024-06-24 14:23:21,098] {taskinstance.py:1043} INFO - Starting attempt 1 of 6
[2024-06-24 14:23:21,100] {taskinstance.py:1044} INFO - 
--------------------------------------------------------------------------------
[2024-06-24 14:23:21,174] {taskinstance.py:1063} INFO - Executing <Task(PythonOperator): get_name> on 2022-10-17T00:00:00+00:00
[2024-06-24 14:23:21,189] {standard_task_runner.py:52} INFO - Started process 7799 to run task
[2024-06-24 14:23:21,199] {standard_task_runner.py:76} INFO - Running: ['airflow', 'tasks', 'run', 'our_dag_with_python_operator_v07', 'get_name', '2022-10-17T00:00:00+00:00', '--job-id', '4851', '--pool', 'default_pool', '--raw', '--subdir', 'DAGS_FOLDER/create_dag_with_python_operator.py', '--cfg-path', '/tmp/tmpnbspd45k', '--error-file', '/tmp/tmpmljxjrj0']
[2024-06-24 14:23:21,205] {standard_task_runner.py:77} INFO - Job 4851: Subtask get_name
[2024-06-24 14:23:21,438] {logging_mixin.py:104} INFO - Running <TaskInstance: our_dag_with_python_operator_v07.get_name 2022-10-17T00:00:00+00:00 [running]> on host 799b1e36e3f1
[2024-06-24 14:23:21,708] {taskinstance.py:1257} INFO - Exporting the following env vars:
AIRFLOW_CTX_DAG_OWNER=coder2j
AIRFLOW_CTX_DAG_ID=our_dag_with_python_operator_v07
AIRFLOW_CTX_TASK_ID=get_name
AIRFLOW_CTX_EXECUTION_DATE=2022-10-17T00:00:00+00:00
AIRFLOW_CTX_DAG_RUN_ID=scheduled__2022-10-17T00:00:00+00:00
[2024-06-24 14:23:21,933] {python.py:118} INFO - Done. Returned value was: None
[2024-06-24 14:23:21,994] {taskinstance.py:1166} INFO - Marking task as SUCCESS. dag_id=our_dag_with_python_operator_v07, task_id=get_name, execution_date=20221017T000000, start_date=20240624T142321, end_date=20240624T142321
[2024-06-24 14:23:22,129] {taskinstance.py:1220} INFO - 1 downstream tasks scheduled from follow-on schedule check
[2024-06-24 14:23:22,192] {local_task_job.py:146} INFO - Task exited with return code 0
