[2024-06-24 14:38:31,562] {taskinstance.py:851} INFO - Dependencies all met for <TaskInstance: our_first_dag_v5.second_task 2023-08-06T00:00:00+00:00 [queued]>
[2024-06-24 14:38:31,748] {taskinstance.py:851} INFO - Dependencies all met for <TaskInstance: our_first_dag_v5.second_task 2023-08-06T00:00:00+00:00 [queued]>
[2024-06-24 14:38:31,752] {taskinstance.py:1042} INFO - 
--------------------------------------------------------------------------------
[2024-06-24 14:38:31,810] {taskinstance.py:1043} INFO - Starting attempt 1 of 6
[2024-06-24 14:38:31,842] {taskinstance.py:1044} INFO - 
--------------------------------------------------------------------------------
[2024-06-24 14:38:32,326] {taskinstance.py:1063} INFO - Executing <Task(BashOperator): second_task> on 2023-08-06T00:00:00+00:00
[2024-06-24 14:38:32,489] {standard_task_runner.py:52} INFO - Started process 21861 to run task
[2024-06-24 14:38:32,611] {standard_task_runner.py:76} INFO - Running: ['airflow', 'tasks', 'run', 'our_first_dag_v5', 'second_task', '2023-08-06T00:00:00+00:00', '--job-id', '8623', '--pool', 'default_pool', '--raw', '--subdir', 'DAGS_FOLDER/our_first_dag.py', '--cfg-path', '/tmp/tmps3usr4g7', '--error-file', '/tmp/tmp12dtit1s']
[2024-06-24 14:38:32,661] {standard_task_runner.py:77} INFO - Job 8623: Subtask second_task
[2024-06-24 14:38:33,420] {logging_mixin.py:104} INFO - Running <TaskInstance: our_first_dag_v5.second_task 2023-08-06T00:00:00+00:00 [running]> on host 799b1e36e3f1
[2024-06-24 14:38:35,348] {taskinstance.py:1257} INFO - Exporting the following env vars:
AIRFLOW_CTX_DAG_OWNER=coder2j
AIRFLOW_CTX_DAG_ID=our_first_dag_v5
AIRFLOW_CTX_TASK_ID=second_task
AIRFLOW_CTX_EXECUTION_DATE=2023-08-06T00:00:00+00:00
AIRFLOW_CTX_DAG_RUN_ID=scheduled__2023-08-06T00:00:00+00:00
[2024-06-24 14:38:35,356] {bash.py:135} INFO - Tmp dir root location: 
 /tmp
[2024-06-24 14:38:35,367] {bash.py:158} INFO - Running command: echo hey, I am task2 and will be running after task1!
[2024-06-24 14:38:35,463] {bash.py:169} INFO - Output:
[2024-06-24 14:38:35,474] {bash.py:173} INFO - hey, I am task2 and will be running after task1!
[2024-06-24 14:38:35,491] {bash.py:177} INFO - Command exited with return code 0
[2024-06-24 14:38:36,333] {taskinstance.py:1166} INFO - Marking task as SUCCESS. dag_id=our_first_dag_v5, task_id=second_task, execution_date=20230806T000000, start_date=20240624T143831, end_date=20240624T143836
[2024-06-24 14:38:38,074] {local_task_job.py:188} WARNING - State of this instance has been externally set to success. Terminating instance.
[2024-06-24 14:38:38,241] {process_utils.py:100} INFO - Sending Signals.SIGTERM to GPID 21861
[2024-06-24 14:38:38,326] {taskinstance.py:1239} ERROR - Received SIGTERM. Terminating subprocesses.
[2024-06-24 14:38:38,374] {bash.py:185} INFO - Sending SIGTERM signal to bash process group
[2024-06-24 14:38:38,557] {process_utils.py:66} INFO - Process psutil.Process(pid=21861, status='terminated', exitcode=1, started='14:38:31') (21861) terminated with exit code 1
