[2024-06-24 14:25:25,176] {taskinstance.py:851} INFO - Dependencies all met for <TaskInstance: our_dag_with_python_operator_v07.get_name 2023-01-03T00:00:00+00:00 [queued]>
[2024-06-24 14:25:25,218] {taskinstance.py:851} INFO - Dependencies all met for <TaskInstance: our_dag_with_python_operator_v07.get_name 2023-01-03T00:00:00+00:00 [queued]>
[2024-06-24 14:25:25,228] {taskinstance.py:1042} INFO - 
--------------------------------------------------------------------------------
[2024-06-24 14:25:25,233] {taskinstance.py:1043} INFO - Starting attempt 1 of 6
[2024-06-24 14:25:25,236] {taskinstance.py:1044} INFO - 
--------------------------------------------------------------------------------
[2024-06-24 14:25:25,298] {taskinstance.py:1063} INFO - Executing <Task(PythonOperator): get_name> on 2023-01-03T00:00:00+00:00
[2024-06-24 14:25:25,314] {standard_task_runner.py:52} INFO - Started process 11168 to run task
[2024-06-24 14:25:25,337] {standard_task_runner.py:76} INFO - Running: ['airflow', 'tasks', 'run', 'our_dag_with_python_operator_v07', 'get_name', '2023-01-03T00:00:00+00:00', '--job-id', '5769', '--pool', 'default_pool', '--raw', '--subdir', 'DAGS_FOLDER/create_dag_with_python_operator.py', '--cfg-path', '/tmp/tmp101jlsrc', '--error-file', '/tmp/tmp9bnbji8z']
[2024-06-24 14:25:25,355] {standard_task_runner.py:77} INFO - Job 5769: Subtask get_name
[2024-06-24 14:25:25,562] {logging_mixin.py:104} INFO - Running <TaskInstance: our_dag_with_python_operator_v07.get_name 2023-01-03T00:00:00+00:00 [running]> on host 799b1e36e3f1
[2024-06-24 14:25:25,770] {taskinstance.py:1257} INFO - Exporting the following env vars:
AIRFLOW_CTX_DAG_OWNER=coder2j
AIRFLOW_CTX_DAG_ID=our_dag_with_python_operator_v07
AIRFLOW_CTX_TASK_ID=get_name
AIRFLOW_CTX_EXECUTION_DATE=2023-01-03T00:00:00+00:00
AIRFLOW_CTX_DAG_RUN_ID=scheduled__2023-01-03T00:00:00+00:00
[2024-06-24 14:25:25,920] {python.py:118} INFO - Done. Returned value was: None
[2024-06-24 14:25:25,958] {taskinstance.py:1166} INFO - Marking task as SUCCESS. dag_id=our_dag_with_python_operator_v07, task_id=get_name, execution_date=20230103T000000, start_date=20240624T142525, end_date=20240624T142525
[2024-06-24 14:25:26,146] {taskinstance.py:1220} INFO - 0 downstream tasks scheduled from follow-on schedule check
[2024-06-24 14:25:26,200] {local_task_job.py:146} INFO - Task exited with return code 0
