[2024-06-24 12:54:14,671] {taskinstance.py:851} INFO - Dependencies all met for <TaskInstance: our_first_dag_v5.first_task 2021-09-07T00:00:00+00:00 [queued]>
[2024-06-24 12:54:14,735] {taskinstance.py:851} INFO - Dependencies all met for <TaskInstance: our_first_dag_v5.first_task 2021-09-07T00:00:00+00:00 [queued]>
[2024-06-24 12:54:14,740] {taskinstance.py:1042} INFO - 
--------------------------------------------------------------------------------
[2024-06-24 12:54:14,743] {taskinstance.py:1043} INFO - Starting attempt 1 of 6
[2024-06-24 12:54:14,747] {taskinstance.py:1044} INFO - 
--------------------------------------------------------------------------------
[2024-06-24 12:54:14,810] {taskinstance.py:1063} INFO - Executing <Task(BashOperator): first_task> on 2021-09-07T00:00:00+00:00
[2024-06-24 12:54:14,835] {standard_task_runner.py:52} INFO - Started process 29367 to run task
[2024-06-24 12:54:14,843] {standard_task_runner.py:76} INFO - Running: ['airflow', 'tasks', 'run', 'our_first_dag_v5', 'first_task', '2021-09-07T00:00:00+00:00', '--job-id', '953', '--pool', 'default_pool', '--raw', '--subdir', 'DAGS_FOLDER/our_first_dag.py', '--cfg-path', '/tmp/tmpvuixbupr', '--error-file', '/tmp/tmp9cv_ry9g']
[2024-06-24 12:54:14,853] {standard_task_runner.py:77} INFO - Job 953: Subtask first_task
[2024-06-24 12:54:15,450] {logging_mixin.py:104} INFO - Running <TaskInstance: our_first_dag_v5.first_task 2021-09-07T00:00:00+00:00 [running]> on host 799b1e36e3f1
[2024-06-24 12:54:16,129] {taskinstance.py:1257} INFO - Exporting the following env vars:
AIRFLOW_CTX_DAG_OWNER=coder2j
AIRFLOW_CTX_DAG_ID=our_first_dag_v5
AIRFLOW_CTX_TASK_ID=first_task
AIRFLOW_CTX_EXECUTION_DATE=2021-09-07T00:00:00+00:00
AIRFLOW_CTX_DAG_RUN_ID=scheduled__2021-09-07T00:00:00+00:00
[2024-06-24 12:54:16,139] {bash.py:135} INFO - Tmp dir root location: 
 /tmp
[2024-06-24 12:54:16,144] {bash.py:158} INFO - Running command: echo hello world, this is the first task!
[2024-06-24 12:54:16,287] {bash.py:169} INFO - Output:
[2024-06-24 12:54:16,293] {bash.py:173} INFO - hello world, this is the first task!
[2024-06-24 12:54:16,294] {bash.py:177} INFO - Command exited with return code 0
[2024-06-24 12:54:16,558] {taskinstance.py:1166} INFO - Marking task as SUCCESS. dag_id=our_first_dag_v5, task_id=first_task, execution_date=20210907T000000, start_date=20240624T125414, end_date=20240624T125416
[2024-06-24 12:54:16,762] {taskinstance.py:1220} INFO - 2 downstream tasks scheduled from follow-on schedule check
[2024-06-24 12:54:16,817] {local_task_job.py:146} INFO - Task exited with return code 0
