[2024-07-12 11:11:30,856] {taskinstance.py:851} INFO - Dependencies all met for <TaskInstance: dag_with_python_dependencies_v03.get_sklearn 2024-07-09T00:00:00+00:00 [queued]>
[2024-07-12 11:11:30,922] {taskinstance.py:851} INFO - Dependencies all met for <TaskInstance: dag_with_python_dependencies_v03.get_sklearn 2024-07-09T00:00:00+00:00 [queued]>
[2024-07-12 11:11:30,923] {taskinstance.py:1042} INFO - 
--------------------------------------------------------------------------------
[2024-07-12 11:11:30,925] {taskinstance.py:1043} INFO - Starting attempt 1 of 1
[2024-07-12 11:11:30,928] {taskinstance.py:1044} INFO - 
--------------------------------------------------------------------------------
[2024-07-12 11:11:30,951] {taskinstance.py:1063} INFO - Executing <Task(PythonOperator): get_sklearn> on 2024-07-09T00:00:00+00:00
[2024-07-12 11:11:31,068] {standard_task_runner.py:52} INFO - Started process 313 to run task
[2024-07-12 11:11:31,090] {standard_task_runner.py:76} INFO - Running: ['airflow', 'tasks', 'run', 'dag_with_python_dependencies_v03', 'get_sklearn', '2024-07-09T00:00:00+00:00', '--job-id', '12350', '--pool', 'default_pool', '--raw', '--subdir', 'DAGS_FOLDER/dag_with_python_dependencies.py', '--cfg-path', '/tmp/tmp8l5cuit4', '--error-file', '/tmp/tmp1y_b1q15']
[2024-07-12 11:11:31,105] {standard_task_runner.py:77} INFO - Job 12350: Subtask get_sklearn
[2024-07-12 11:11:31,456] {logging_mixin.py:104} INFO - Running <TaskInstance: dag_with_python_dependencies_v03.get_sklearn 2024-07-09T00:00:00+00:00 [running]> on host 799b1e36e3f1
[2024-07-12 11:11:31,585] {taskinstance.py:1257} INFO - Exporting the following env vars:
AIRFLOW_CTX_DAG_OWNER=coder2j
AIRFLOW_CTX_DAG_ID=dag_with_python_dependencies_v03
AIRFLOW_CTX_TASK_ID=get_sklearn
AIRFLOW_CTX_EXECUTION_DATE=2024-07-09T00:00:00+00:00
AIRFLOW_CTX_DAG_RUN_ID=scheduled__2024-07-09T00:00:00+00:00
[2024-07-12 11:11:34,752] {logging_mixin.py:104} INFO - sklearn with version: 0.24.2
[2024-07-12 11:11:34,783] {python.py:118} INFO - Done. Returned value was: None
[2024-07-12 11:11:35,115] {taskinstance.py:1166} INFO - Marking task as SUCCESS. dag_id=dag_with_python_dependencies_v03, task_id=get_sklearn, execution_date=20240709T000000, start_date=20240712T111130, end_date=20240712T111135
[2024-07-12 11:11:36,298] {local_task_job.py:188} WARNING - State of this instance has been externally set to success. Terminating instance.
[2024-07-12 11:11:36,309] {process_utils.py:100} INFO - Sending Signals.SIGTERM to GPID 313
[2024-07-12 11:11:36,693] {taskinstance.py:1239} ERROR - Received SIGTERM. Terminating subprocesses.
[2024-07-12 11:11:36,930] {process_utils.py:66} INFO - Process psutil.Process(pid=313, status='terminated', exitcode=1, started='11:11:30') (313) terminated with exit code 1
