[2024-06-24 15:07:19,253] {taskinstance.py:851} INFO - Dependencies all met for <TaskInstance: dag_with_python_dependencies_v03.get_sklearn 2024-06-15T00:00:00+00:00 [queued]>
[2024-06-24 15:07:19,275] {taskinstance.py:851} INFO - Dependencies all met for <TaskInstance: dag_with_python_dependencies_v03.get_sklearn 2024-06-15T00:00:00+00:00 [queued]>
[2024-06-24 15:07:19,276] {taskinstance.py:1042} INFO - 
--------------------------------------------------------------------------------
[2024-06-24 15:07:19,277] {taskinstance.py:1043} INFO - Starting attempt 1 of 1
[2024-06-24 15:07:19,278] {taskinstance.py:1044} INFO - 
--------------------------------------------------------------------------------
[2024-06-24 15:07:19,310] {taskinstance.py:1063} INFO - Executing <Task(PythonOperator): get_sklearn> on 2024-06-15T00:00:00+00:00
[2024-06-24 15:07:19,331] {standard_task_runner.py:52} INFO - Started process 36795 to run task
[2024-06-24 15:07:19,347] {standard_task_runner.py:76} INFO - Running: ['airflow', 'tasks', 'run', 'dag_with_python_dependencies_v03', 'get_sklearn', '2024-06-15T00:00:00+00:00', '--job-id', '12098', '--pool', 'default_pool', '--raw', '--subdir', 'DAGS_FOLDER/dag_with_python_dependencies.py', '--cfg-path', '/tmp/tmpe93gjadp', '--error-file', '/tmp/tmpatpx9b6e']
[2024-06-24 15:07:19,363] {standard_task_runner.py:77} INFO - Job 12098: Subtask get_sklearn
[2024-06-24 15:07:19,496] {logging_mixin.py:104} INFO - Running <TaskInstance: dag_with_python_dependencies_v03.get_sklearn 2024-06-15T00:00:00+00:00 [running]> on host 799b1e36e3f1
[2024-06-24 15:07:19,650] {taskinstance.py:1257} INFO - Exporting the following env vars:
AIRFLOW_CTX_DAG_OWNER=coder2j
AIRFLOW_CTX_DAG_ID=dag_with_python_dependencies_v03
AIRFLOW_CTX_TASK_ID=get_sklearn
AIRFLOW_CTX_EXECUTION_DATE=2024-06-15T00:00:00+00:00
AIRFLOW_CTX_DAG_RUN_ID=scheduled__2024-06-15T00:00:00+00:00
[2024-06-24 15:07:21,946] {logging_mixin.py:104} INFO - sklearn with version: 0.24.2
[2024-06-24 15:07:21,949] {python.py:118} INFO - Done. Returned value was: None
[2024-06-24 15:07:21,975] {taskinstance.py:1166} INFO - Marking task as SUCCESS. dag_id=dag_with_python_dependencies_v03, task_id=get_sklearn, execution_date=20240615T000000, start_date=20240624T150719, end_date=20240624T150721
[2024-06-24 15:07:22,074] {taskinstance.py:1220} INFO - 1 downstream tasks scheduled from follow-on schedule check
[2024-06-24 15:07:22,141] {local_task_job.py:146} INFO - Task exited with return code 0
