[2024-06-24 14:28:35,295] {taskinstance.py:851} INFO - Dependencies all met for <TaskInstance: our_first_dag_v5.second_task 2023-02-23T00:00:00+00:00 [queued]>
[2024-06-24 14:28:35,318] {taskinstance.py:851} INFO - Dependencies all met for <TaskInstance: our_first_dag_v5.second_task 2023-02-23T00:00:00+00:00 [queued]>
[2024-06-24 14:28:35,322] {taskinstance.py:1042} INFO - 
--------------------------------------------------------------------------------
[2024-06-24 14:28:35,323] {taskinstance.py:1043} INFO - Starting attempt 1 of 6
[2024-06-24 14:28:35,324] {taskinstance.py:1044} INFO - 
--------------------------------------------------------------------------------
[2024-06-24 14:28:35,356] {taskinstance.py:1063} INFO - Executing <Task(BashOperator): second_task> on 2023-02-23T00:00:00+00:00
[2024-06-24 14:28:35,364] {standard_task_runner.py:52} INFO - Started process 16235 to run task
[2024-06-24 14:28:35,372] {standard_task_runner.py:76} INFO - Running: ['airflow', 'tasks', 'run', 'our_first_dag_v5', 'second_task', '2023-02-23T00:00:00+00:00', '--job-id', '7122', '--pool', 'default_pool', '--raw', '--subdir', 'DAGS_FOLDER/our_first_dag.py', '--cfg-path', '/tmp/tmpgpmbh7n2', '--error-file', '/tmp/tmpitx1cf1b']
[2024-06-24 14:28:35,378] {standard_task_runner.py:77} INFO - Job 7122: Subtask second_task
[2024-06-24 14:28:35,604] {logging_mixin.py:104} INFO - Running <TaskInstance: our_first_dag_v5.second_task 2023-02-23T00:00:00+00:00 [running]> on host 799b1e36e3f1
[2024-06-24 14:28:35,808] {taskinstance.py:1257} INFO - Exporting the following env vars:
AIRFLOW_CTX_DAG_OWNER=coder2j
AIRFLOW_CTX_DAG_ID=our_first_dag_v5
AIRFLOW_CTX_TASK_ID=second_task
AIRFLOW_CTX_EXECUTION_DATE=2023-02-23T00:00:00+00:00
AIRFLOW_CTX_DAG_RUN_ID=scheduled__2023-02-23T00:00:00+00:00
[2024-06-24 14:28:35,811] {bash.py:135} INFO - Tmp dir root location: 
 /tmp
[2024-06-24 14:28:35,819] {bash.py:158} INFO - Running command: echo hey, I am task2 and will be running after task1!
[2024-06-24 14:28:35,863] {bash.py:169} INFO - Output:
[2024-06-24 14:28:35,875] {bash.py:173} INFO - hey, I am task2 and will be running after task1!
[2024-06-24 14:28:35,876] {bash.py:177} INFO - Command exited with return code 0
[2024-06-24 14:28:36,013] {taskinstance.py:1166} INFO - Marking task as SUCCESS. dag_id=our_first_dag_v5, task_id=second_task, execution_date=20230223T000000, start_date=20240624T142835, end_date=20240624T142836
[2024-06-24 14:28:36,101] {taskinstance.py:1220} INFO - 0 downstream tasks scheduled from follow-on schedule check
[2024-06-24 14:28:36,171] {local_task_job.py:146} INFO - Task exited with return code 0
