[2024-06-24 14:38:57,337] {taskinstance.py:851} INFO - Dependencies all met for <TaskInstance: our_dag_with_python_operator_v07.get_age 2023-10-15T00:00:00+00:00 [queued]>
[2024-06-24 14:38:57,874] {taskinstance.py:851} INFO - Dependencies all met for <TaskInstance: our_dag_with_python_operator_v07.get_age 2023-10-15T00:00:00+00:00 [queued]>
[2024-06-24 14:38:57,887] {taskinstance.py:1042} INFO - 
--------------------------------------------------------------------------------
[2024-06-24 14:38:57,893] {taskinstance.py:1043} INFO - Starting attempt 1 of 6
[2024-06-24 14:38:57,899] {taskinstance.py:1044} INFO - 
--------------------------------------------------------------------------------
[2024-06-24 14:38:58,305] {taskinstance.py:1063} INFO - Executing <Task(PythonOperator): get_age> on 2023-10-15T00:00:00+00:00
[2024-06-24 14:38:58,362] {standard_task_runner.py:52} INFO - Started process 22012 to run task
[2024-06-24 14:38:58,473] {standard_task_runner.py:76} INFO - Running: ['airflow', 'tasks', 'run', 'our_dag_with_python_operator_v07', 'get_age', '2023-10-15T00:00:00+00:00', '--job-id', '8659', '--pool', 'default_pool', '--raw', '--subdir', 'DAGS_FOLDER/create_dag_with_python_operator.py', '--cfg-path', '/tmp/tmpphoad7nj', '--error-file', '/tmp/tmpggipq001']
[2024-06-24 14:38:58,557] {standard_task_runner.py:77} INFO - Job 8659: Subtask get_age
[2024-06-24 14:39:00,225] {logging_mixin.py:104} INFO - Running <TaskInstance: our_dag_with_python_operator_v07.get_age 2023-10-15T00:00:00+00:00 [running]> on host 799b1e36e3f1
[2024-06-24 14:39:01,963] {taskinstance.py:1257} INFO - Exporting the following env vars:
AIRFLOW_CTX_DAG_OWNER=coder2j
AIRFLOW_CTX_DAG_ID=our_dag_with_python_operator_v07
AIRFLOW_CTX_TASK_ID=get_age
AIRFLOW_CTX_EXECUTION_DATE=2023-10-15T00:00:00+00:00
AIRFLOW_CTX_DAG_RUN_ID=scheduled__2023-10-15T00:00:00+00:00
[2024-06-24 14:39:02,605] {python.py:118} INFO - Done. Returned value was: None
[2024-06-24 14:39:03,395] {taskinstance.py:1166} INFO - Marking task as SUCCESS. dag_id=our_dag_with_python_operator_v07, task_id=get_age, execution_date=20231015T000000, start_date=20240624T143857, end_date=20240624T143903
[2024-06-24 14:39:05,037] {local_task_job.py:188} WARNING - State of this instance has been externally set to success. Terminating instance.
[2024-06-24 14:39:05,138] {process_utils.py:100} INFO - Sending Signals.SIGTERM to GPID 22012
[2024-06-24 14:39:05,197] {taskinstance.py:1239} ERROR - Received SIGTERM. Terminating subprocesses.
[2024-06-24 14:39:05,521] {process_utils.py:66} INFO - Process psutil.Process(pid=22012, status='terminated', exitcode=1, started='14:38:57') (22012) terminated with exit code 1
