[2024-06-24 14:22:48,830] {taskinstance.py:851} INFO - Dependencies all met for <TaskInstance: dag_with_taskflow_api_v02.get_age 2022-10-12T00:00:00+00:00 [queued]>
[2024-06-24 14:22:49,019] {taskinstance.py:851} INFO - Dependencies all met for <TaskInstance: dag_with_taskflow_api_v02.get_age 2022-10-12T00:00:00+00:00 [queued]>
[2024-06-24 14:22:49,031] {taskinstance.py:1042} INFO - 
--------------------------------------------------------------------------------
[2024-06-24 14:22:49,038] {taskinstance.py:1043} INFO - Starting attempt 1 of 6
[2024-06-24 14:22:49,042] {taskinstance.py:1044} INFO - 
--------------------------------------------------------------------------------
[2024-06-24 14:22:49,156] {taskinstance.py:1063} INFO - Executing <Task(_PythonDecoratedOperator): get_age> on 2022-10-12T00:00:00+00:00
[2024-06-24 14:22:49,213] {standard_task_runner.py:52} INFO - Started process 6934 to run task
[2024-06-24 14:22:49,204] {standard_task_runner.py:76} INFO - Running: ['airflow', 'tasks', 'run', 'dag_with_taskflow_api_v02', 'get_age', '2022-10-12T00:00:00+00:00', '--job-id', '4623', '--pool', 'default_pool', '--raw', '--subdir', 'DAGS_FOLDER/dag_with_taskflow_api.py', '--cfg-path', '/tmp/tmpi2v82aqs', '--error-file', '/tmp/tmprymnwzu4']
[2024-06-24 14:22:49,251] {standard_task_runner.py:77} INFO - Job 4623: Subtask get_age
[2024-06-24 14:22:49,726] {logging_mixin.py:104} INFO - Running <TaskInstance: dag_with_taskflow_api_v02.get_age 2022-10-12T00:00:00+00:00 [running]> on host 799b1e36e3f1
[2024-06-24 14:22:49,914] {taskinstance.py:1257} INFO - Exporting the following env vars:
AIRFLOW_CTX_DAG_OWNER=coder2j
AIRFLOW_CTX_DAG_ID=dag_with_taskflow_api_v02
AIRFLOW_CTX_TASK_ID=get_age
AIRFLOW_CTX_EXECUTION_DATE=2022-10-12T00:00:00+00:00
AIRFLOW_CTX_DAG_RUN_ID=scheduled__2022-10-12T00:00:00+00:00
[2024-06-24 14:22:50,044] {taskinstance.py:1166} INFO - Marking task as SUCCESS. dag_id=dag_with_taskflow_api_v02, task_id=get_age, execution_date=20221012T000000, start_date=20240624T142248, end_date=20240624T142250
[2024-06-24 14:22:50,217] {taskinstance.py:1220} INFO - 1 downstream tasks scheduled from follow-on schedule check
[2024-06-24 14:22:50,272] {local_task_job.py:146} INFO - Task exited with return code 0
