[2024-06-24 15:07:23,859] {taskinstance.py:851} INFO - Dependencies all met for <TaskInstance: dag_with_python_dependencies_v03.get_matplotlib 2024-06-16T00:00:00+00:00 [queued]>
[2024-06-24 15:07:23,879] {taskinstance.py:851} INFO - Dependencies all met for <TaskInstance: dag_with_python_dependencies_v03.get_matplotlib 2024-06-16T00:00:00+00:00 [queued]>
[2024-06-24 15:07:23,881] {taskinstance.py:1042} INFO - 
--------------------------------------------------------------------------------
[2024-06-24 15:07:23,882] {taskinstance.py:1043} INFO - Starting attempt 1 of 1
[2024-06-24 15:07:23,882] {taskinstance.py:1044} INFO - 
--------------------------------------------------------------------------------
[2024-06-24 15:07:23,908] {taskinstance.py:1063} INFO - Executing <Task(PythonOperator): get_matplotlib> on 2024-06-16T00:00:00+00:00
[2024-06-24 15:07:23,914] {standard_task_runner.py:52} INFO - Started process 36928 to run task
[2024-06-24 15:07:23,921] {standard_task_runner.py:76} INFO - Running: ['airflow', 'tasks', 'run', 'dag_with_python_dependencies_v03', 'get_matplotlib', '2024-06-16T00:00:00+00:00', '--job-id', '12111', '--pool', 'default_pool', '--raw', '--subdir', 'DAGS_FOLDER/dag_with_python_dependencies.py', '--cfg-path', '/tmp/tmpw2ihfkze', '--error-file', '/tmp/tmpempgn_lk']
[2024-06-24 15:07:23,927] {standard_task_runner.py:77} INFO - Job 12111: Subtask get_matplotlib
[2024-06-24 15:07:24,020] {logging_mixin.py:104} INFO - Running <TaskInstance: dag_with_python_dependencies_v03.get_matplotlib 2024-06-16T00:00:00+00:00 [running]> on host 799b1e36e3f1
[2024-06-24 15:07:24,110] {taskinstance.py:1257} INFO - Exporting the following env vars:
AIRFLOW_CTX_DAG_OWNER=coder2j
AIRFLOW_CTX_DAG_ID=dag_with_python_dependencies_v03
AIRFLOW_CTX_TASK_ID=get_matplotlib
AIRFLOW_CTX_EXECUTION_DATE=2024-06-16T00:00:00+00:00
AIRFLOW_CTX_DAG_RUN_ID=scheduled__2024-06-16T00:00:00+00:00
[2024-06-24 15:07:24,366] {__init__.py:482} WARNING - Matplotlib created a temporary config/cache directory at /tmp/matplotlib-9k5wlzao because the default path (/home/airflow/.config/matplotlib) is not a writable directory; it is highly recommended to set the MPLCONFIGDIR environment variable to a writable directory, in particular to speed up the import of Matplotlib and to better support multiprocessing.
[2024-06-24 15:07:24,383] {logging_mixin.py:104} INFO - matplotlib with version: 3.3.3
[2024-06-24 15:07:24,383] {python.py:118} INFO - Done. Returned value was: None
[2024-06-24 15:07:24,421] {taskinstance.py:1166} INFO - Marking task as SUCCESS. dag_id=dag_with_python_dependencies_v03, task_id=get_matplotlib, execution_date=20240616T000000, start_date=20240624T150723, end_date=20240624T150724
[2024-06-24 15:07:24,759] {taskinstance.py:1220} INFO - 0 downstream tasks scheduled from follow-on schedule check
[2024-06-24 15:07:24,798] {local_task_job.py:146} INFO - Task exited with return code 0
