[2024-06-24 14:54:32,098] {taskinstance.py:851} INFO - Dependencies all met for <TaskInstance: our_dag_with_python_operator_v07.get_name 2024-01-06T00:00:00+00:00 [queued]>
[2024-06-24 14:54:32,135] {taskinstance.py:851} INFO - Dependencies all met for <TaskInstance: our_dag_with_python_operator_v07.get_name 2024-01-06T00:00:00+00:00 [queued]>
[2024-06-24 14:54:32,136] {taskinstance.py:1042} INFO - 
--------------------------------------------------------------------------------
[2024-06-24 14:54:32,138] {taskinstance.py:1043} INFO - Starting attempt 1 of 6
[2024-06-24 14:54:32,139] {taskinstance.py:1044} INFO - 
--------------------------------------------------------------------------------
[2024-06-24 14:54:32,191] {taskinstance.py:1063} INFO - Executing <Task(PythonOperator): get_name> on 2024-01-06T00:00:00+00:00
[2024-06-24 14:54:32,198] {standard_task_runner.py:52} INFO - Started process 26795 to run task
[2024-06-24 14:54:32,245] {standard_task_runner.py:76} INFO - Running: ['airflow', 'tasks', 'run', 'our_dag_with_python_operator_v07', 'get_name', '2024-01-06T00:00:00+00:00', '--job-id', '9753', '--pool', 'default_pool', '--raw', '--subdir', 'DAGS_FOLDER/create_dag_with_python_operator.py', '--cfg-path', '/tmp/tmp83qdt6s1', '--error-file', '/tmp/tmpe5lrycbg']
[2024-06-24 14:54:32,255] {standard_task_runner.py:77} INFO - Job 9753: Subtask get_name
[2024-06-24 14:54:32,482] {logging_mixin.py:104} INFO - Running <TaskInstance: our_dag_with_python_operator_v07.get_name 2024-01-06T00:00:00+00:00 [running]> on host 799b1e36e3f1
[2024-06-24 14:54:32,692] {taskinstance.py:1257} INFO - Exporting the following env vars:
AIRFLOW_CTX_DAG_OWNER=coder2j
AIRFLOW_CTX_DAG_ID=our_dag_with_python_operator_v07
AIRFLOW_CTX_TASK_ID=get_name
AIRFLOW_CTX_EXECUTION_DATE=2024-01-06T00:00:00+00:00
AIRFLOW_CTX_DAG_RUN_ID=scheduled__2024-01-06T00:00:00+00:00
[2024-06-24 14:54:32,841] {python.py:118} INFO - Done. Returned value was: None
[2024-06-24 14:54:32,894] {taskinstance.py:1166} INFO - Marking task as SUCCESS. dag_id=our_dag_with_python_operator_v07, task_id=get_name, execution_date=20240106T000000, start_date=20240624T145432, end_date=20240624T145432
[2024-06-24 14:54:33,112] {taskinstance.py:1220} INFO - 0 downstream tasks scheduled from follow-on schedule check
[2024-06-24 14:54:33,183] {local_task_job.py:146} INFO - Task exited with return code 0
