[2024-06-24 14:30:26,494] {taskinstance.py:851} INFO - Dependencies all met for <TaskInstance: our_dag_with_python_operator_v07.greet 2023-08-02T00:00:00+00:00 [queued]>
[2024-06-24 14:30:26,574] {taskinstance.py:851} INFO - Dependencies all met for <TaskInstance: our_dag_with_python_operator_v07.greet 2023-08-02T00:00:00+00:00 [queued]>
[2024-06-24 14:30:26,579] {taskinstance.py:1042} INFO - 
--------------------------------------------------------------------------------
[2024-06-24 14:30:26,588] {taskinstance.py:1043} INFO - Starting attempt 1 of 6
[2024-06-24 14:30:26,599] {taskinstance.py:1044} INFO - 
--------------------------------------------------------------------------------
[2024-06-24 14:30:26,724] {taskinstance.py:1063} INFO - Executing <Task(PythonOperator): greet> on 2023-08-02T00:00:00+00:00
[2024-06-24 14:30:26,756] {standard_task_runner.py:52} INFO - Started process 19245 to run task
[2024-06-24 14:30:26,867] {standard_task_runner.py:76} INFO - Running: ['airflow', 'tasks', 'run', 'our_dag_with_python_operator_v07', 'greet', '2023-08-02T00:00:00+00:00', '--job-id', '7922', '--pool', 'default_pool', '--raw', '--subdir', 'DAGS_FOLDER/create_dag_with_python_operator.py', '--cfg-path', '/tmp/tmp1ezp5yh4', '--error-file', '/tmp/tmpop0_veoo']
[2024-06-24 14:30:26,884] {standard_task_runner.py:77} INFO - Job 7922: Subtask greet
[2024-06-24 14:30:27,134] {logging_mixin.py:104} INFO - Running <TaskInstance: our_dag_with_python_operator_v07.greet 2023-08-02T00:00:00+00:00 [running]> on host 799b1e36e3f1
[2024-06-24 14:30:27,405] {taskinstance.py:1257} INFO - Exporting the following env vars:
AIRFLOW_CTX_DAG_OWNER=coder2j
AIRFLOW_CTX_DAG_ID=our_dag_with_python_operator_v07
AIRFLOW_CTX_TASK_ID=greet
AIRFLOW_CTX_EXECUTION_DATE=2023-08-02T00:00:00+00:00
AIRFLOW_CTX_DAG_RUN_ID=scheduled__2023-08-02T00:00:00+00:00
[2024-06-24 14:30:27,407] {logging_mixin.py:104} INFO - some dict:  {'a': 1, 'b': 2}
[2024-06-24 14:30:27,586] {logging_mixin.py:104} INFO - Hello World! My name is Jerry Fridman, and I am 19 years old!
[2024-06-24 14:30:27,590] {python.py:118} INFO - Done. Returned value was: None
[2024-06-24 14:30:27,660] {taskinstance.py:1166} INFO - Marking task as SUCCESS. dag_id=our_dag_with_python_operator_v07, task_id=greet, execution_date=20230802T000000, start_date=20240624T143026, end_date=20240624T143027
[2024-06-24 14:30:27,764] {taskinstance.py:1220} INFO - 0 downstream tasks scheduled from follow-on schedule check
[2024-06-24 14:30:27,834] {local_task_job.py:146} INFO - Task exited with return code 0
