[2024-06-24 14:29:33,702] {taskinstance.py:851} INFO - Dependencies all met for <TaskInstance: our_first_dag_v5.thrid_task 2023-04-17T00:00:00+00:00 [queued]>
[2024-06-24 14:29:33,743] {taskinstance.py:851} INFO - Dependencies all met for <TaskInstance: our_first_dag_v5.thrid_task 2023-04-17T00:00:00+00:00 [queued]>
[2024-06-24 14:29:33,747] {taskinstance.py:1042} INFO - 
--------------------------------------------------------------------------------
[2024-06-24 14:29:33,748] {taskinstance.py:1043} INFO - Starting attempt 1 of 6
[2024-06-24 14:29:33,748] {taskinstance.py:1044} INFO - 
--------------------------------------------------------------------------------
[2024-06-24 14:29:33,810] {taskinstance.py:1063} INFO - Executing <Task(BashOperator): thrid_task> on 2023-04-17T00:00:00+00:00
[2024-06-24 14:29:33,821] {standard_task_runner.py:52} INFO - Started process 17766 to run task
[2024-06-24 14:29:33,855] {standard_task_runner.py:76} INFO - Running: ['airflow', 'tasks', 'run', 'our_first_dag_v5', 'thrid_task', '2023-04-17T00:00:00+00:00', '--job-id', '7561', '--pool', 'default_pool', '--raw', '--subdir', 'DAGS_FOLDER/our_first_dag.py', '--cfg-path', '/tmp/tmpqxz55aqm', '--error-file', '/tmp/tmpmlshkn8z']
[2024-06-24 14:29:33,877] {standard_task_runner.py:77} INFO - Job 7561: Subtask thrid_task
[2024-06-24 14:29:34,102] {logging_mixin.py:104} INFO - Running <TaskInstance: our_first_dag_v5.thrid_task 2023-04-17T00:00:00+00:00 [running]> on host 799b1e36e3f1
[2024-06-24 14:29:34,262] {taskinstance.py:1257} INFO - Exporting the following env vars:
AIRFLOW_CTX_DAG_OWNER=coder2j
AIRFLOW_CTX_DAG_ID=our_first_dag_v5
AIRFLOW_CTX_TASK_ID=thrid_task
AIRFLOW_CTX_EXECUTION_DATE=2023-04-17T00:00:00+00:00
AIRFLOW_CTX_DAG_RUN_ID=scheduled__2023-04-17T00:00:00+00:00
[2024-06-24 14:29:34,264] {bash.py:135} INFO - Tmp dir root location: 
 /tmp
[2024-06-24 14:29:34,266] {bash.py:158} INFO - Running command: echo hey, I am task3 and will be running after task1 at the same time as task2!
[2024-06-24 14:29:34,287] {bash.py:169} INFO - Output:
[2024-06-24 14:29:34,290] {bash.py:173} INFO - hey, I am task3 and will be running after task1 at the same time as task2!
[2024-06-24 14:29:34,291] {bash.py:177} INFO - Command exited with return code 0
[2024-06-24 14:29:34,351] {taskinstance.py:1166} INFO - Marking task as SUCCESS. dag_id=our_first_dag_v5, task_id=thrid_task, execution_date=20230417T000000, start_date=20240624T142933, end_date=20240624T142934
[2024-06-24 14:29:34,425] {taskinstance.py:1220} INFO - 0 downstream tasks scheduled from follow-on schedule check
[2024-06-24 14:29:34,445] {local_task_job.py:146} INFO - Task exited with return code 0
