[2024-07-27 00:00:03,499] {taskinstance.py:851} INFO - Dependencies all met for <TaskInstance: dag_with_catchup_backfill_v02.task1 2024-07-26T00:00:00+00:00 [queued]>
[2024-07-27 00:00:03,735] {taskinstance.py:851} INFO - Dependencies all met for <TaskInstance: dag_with_catchup_backfill_v02.task1 2024-07-26T00:00:00+00:00 [queued]>
[2024-07-27 00:00:03,736] {taskinstance.py:1042} INFO - 
--------------------------------------------------------------------------------
[2024-07-27 00:00:03,737] {taskinstance.py:1043} INFO - Starting attempt 1 of 6
[2024-07-27 00:00:03,738] {taskinstance.py:1044} INFO - 
--------------------------------------------------------------------------------
[2024-07-27 00:00:03,802] {taskinstance.py:1063} INFO - Executing <Task(BashOperator): task1> on 2024-07-26T00:00:00+00:00
[2024-07-27 00:00:03,816] {standard_task_runner.py:52} INFO - Started process 67895 to run task
[2024-07-27 00:00:03,860] {standard_task_runner.py:76} INFO - Running: ['airflow', 'tasks', 'run', 'dag_with_catchup_backfill_v02', 'task1', '2024-07-26T00:00:00+00:00', '--job-id', '12572', '--pool', 'default_pool', '--raw', '--subdir', 'DAGS_FOLDER/dag_with_catchup_and_backfill.py', '--cfg-path', '/tmp/tmpghrill37', '--error-file', '/tmp/tmpo3jafdoe']
[2024-07-27 00:00:03,885] {standard_task_runner.py:77} INFO - Job 12572: Subtask task1
[2024-07-27 00:00:04,122] {logging_mixin.py:104} INFO - Running <TaskInstance: dag_with_catchup_backfill_v02.task1 2024-07-26T00:00:00+00:00 [running]> on host 799b1e36e3f1
[2024-07-27 00:00:04,292] {taskinstance.py:1257} INFO - Exporting the following env vars:
AIRFLOW_CTX_DAG_OWNER=coder2j
AIRFLOW_CTX_DAG_ID=dag_with_catchup_backfill_v02
AIRFLOW_CTX_TASK_ID=task1
AIRFLOW_CTX_EXECUTION_DATE=2024-07-26T00:00:00+00:00
AIRFLOW_CTX_DAG_RUN_ID=scheduled__2024-07-26T00:00:00+00:00
[2024-07-27 00:00:04,298] {bash.py:135} INFO - Tmp dir root location: 
 /tmp
[2024-07-27 00:00:04,317] {bash.py:158} INFO - Running command: echo This is a simple bash command!
[2024-07-27 00:00:04,427] {bash.py:169} INFO - Output:
[2024-07-27 00:00:04,471] {bash.py:173} INFO - This is a simple bash command!
[2024-07-27 00:00:04,472] {bash.py:177} INFO - Command exited with return code 0
[2024-07-27 00:00:04,558] {taskinstance.py:1166} INFO - Marking task as SUCCESS. dag_id=dag_with_catchup_backfill_v02, task_id=task1, execution_date=20240726T000000, start_date=20240727T000003, end_date=20240727T000004
[2024-07-27 00:00:04,630] {taskinstance.py:1220} INFO - 0 downstream tasks scheduled from follow-on schedule check
[2024-07-27 00:00:04,660] {local_task_job.py:146} INFO - Task exited with return code 0
