[2024-08-02 00:13:12,066] {taskinstance.py:851} INFO - Dependencies all met for <TaskInstance: our_first_dag_v5.first_task 2024-08-01T00:00:00+00:00 [queued]>
[2024-08-02 00:13:12,107] {taskinstance.py:851} INFO - Dependencies all met for <TaskInstance: our_first_dag_v5.first_task 2024-08-01T00:00:00+00:00 [queued]>
[2024-08-02 00:13:12,111] {taskinstance.py:1042} INFO - 
--------------------------------------------------------------------------------
[2024-08-02 00:13:12,116] {taskinstance.py:1043} INFO - Starting attempt 1 of 6
[2024-08-02 00:13:12,121] {taskinstance.py:1044} INFO - 
--------------------------------------------------------------------------------
[2024-08-02 00:13:12,179] {taskinstance.py:1063} INFO - Executing <Task(BashOperator): first_task> on 2024-08-01T00:00:00+00:00
[2024-08-02 00:13:12,208] {standard_task_runner.py:52} INFO - Started process 34018 to run task
[2024-08-02 00:13:12,249] {standard_task_runner.py:76} INFO - Running: ['airflow', 'tasks', 'run', 'our_first_dag_v5', 'first_task', '2024-08-01T00:00:00+00:00', '--job-id', '12644', '--pool', 'default_pool', '--raw', '--subdir', 'DAGS_FOLDER/our_first_dag.py', '--cfg-path', '/tmp/tmp2vgns_id', '--error-file', '/tmp/tmpawbb0sr1']
[2024-08-02 00:13:12,264] {standard_task_runner.py:77} INFO - Job 12644: Subtask first_task
[2024-08-02 00:13:12,456] {logging_mixin.py:104} INFO - Running <TaskInstance: our_first_dag_v5.first_task 2024-08-01T00:00:00+00:00 [running]> on host 799b1e36e3f1
[2024-08-02 00:13:12,665] {taskinstance.py:1257} INFO - Exporting the following env vars:
AIRFLOW_CTX_DAG_OWNER=coder2j
AIRFLOW_CTX_DAG_ID=our_first_dag_v5
AIRFLOW_CTX_TASK_ID=first_task
AIRFLOW_CTX_EXECUTION_DATE=2024-08-01T00:00:00+00:00
AIRFLOW_CTX_DAG_RUN_ID=scheduled__2024-08-01T00:00:00+00:00
[2024-08-02 00:13:12,667] {bash.py:135} INFO - Tmp dir root location: 
 /tmp
[2024-08-02 00:13:12,685] {bash.py:158} INFO - Running command: echo hello world, this is the first task!
[2024-08-02 00:13:12,803] {bash.py:169} INFO - Output:
[2024-08-02 00:13:12,855] {bash.py:173} INFO - hello world, this is the first task!
[2024-08-02 00:13:12,859] {bash.py:177} INFO - Command exited with return code 0
[2024-08-02 00:13:12,942] {taskinstance.py:1166} INFO - Marking task as SUCCESS. dag_id=our_first_dag_v5, task_id=first_task, execution_date=20240801T000000, start_date=20240802T001312, end_date=20240802T001312
[2024-08-02 00:13:13,021] {taskinstance.py:1220} INFO - 2 downstream tasks scheduled from follow-on schedule check
[2024-08-02 00:13:13,063] {local_task_job.py:146} INFO - Task exited with return code 0
