[2024-06-24 12:52:54,781] {taskinstance.py:851} INFO - Dependencies all met for <TaskInstance: dag_with_python_dependencies_v03.get_sklearn 2021-11-10T00:00:00+00:00 [queued]>
[2024-06-24 12:52:54,926] {taskinstance.py:851} INFO - Dependencies all met for <TaskInstance: dag_with_python_dependencies_v03.get_sklearn 2021-11-10T00:00:00+00:00 [queued]>
[2024-06-24 12:52:54,931] {taskinstance.py:1042} INFO - 
--------------------------------------------------------------------------------
[2024-06-24 12:52:54,938] {taskinstance.py:1043} INFO - Starting attempt 1 of 1
[2024-06-24 12:52:54,951] {taskinstance.py:1044} INFO - 
--------------------------------------------------------------------------------
[2024-06-24 12:52:55,175] {taskinstance.py:1063} INFO - Executing <Task(PythonOperator): get_sklearn> on 2021-11-10T00:00:00+00:00
[2024-06-24 12:52:55,260] {standard_task_runner.py:52} INFO - Started process 28125 to run task
[2024-06-24 12:52:55,276] {standard_task_runner.py:76} INFO - Running: ['airflow', 'tasks', 'run', 'dag_with_python_dependencies_v03', 'get_sklearn', '2021-11-10T00:00:00+00:00', '--job-id', '652', '--pool', 'default_pool', '--raw', '--subdir', 'DAGS_FOLDER/dag_with_python_dependencies.py', '--cfg-path', '/tmp/tmp7ra7mbx_', '--error-file', '/tmp/tmp41bkr8iu']
[2024-06-24 12:52:55,319] {standard_task_runner.py:77} INFO - Job 652: Subtask get_sklearn
[2024-06-24 12:52:55,989] {logging_mixin.py:104} INFO - Running <TaskInstance: dag_with_python_dependencies_v03.get_sklearn 2021-11-10T00:00:00+00:00 [running]> on host 799b1e36e3f1
[2024-06-24 12:52:56,788] {taskinstance.py:1257} INFO - Exporting the following env vars:
AIRFLOW_CTX_DAG_OWNER=coder2j
AIRFLOW_CTX_DAG_ID=dag_with_python_dependencies_v03
AIRFLOW_CTX_TASK_ID=get_sklearn
AIRFLOW_CTX_EXECUTION_DATE=2021-11-10T00:00:00+00:00
AIRFLOW_CTX_DAG_RUN_ID=scheduled__2021-11-10T00:00:00+00:00
[2024-06-24 12:53:03,445] {logging_mixin.py:104} INFO - sklearn with version: 0.24.2
[2024-06-24 12:53:03,451] {python.py:118} INFO - Done. Returned value was: None
[2024-06-24 12:53:03,515] {taskinstance.py:1166} INFO - Marking task as SUCCESS. dag_id=dag_with_python_dependencies_v03, task_id=get_sklearn, execution_date=20211110T000000, start_date=20240624T125254, end_date=20240624T125303
[2024-06-24 12:53:03,669] {taskinstance.py:1220} INFO - 1 downstream tasks scheduled from follow-on schedule check
[2024-06-24 12:53:03,918] {local_task_job.py:146} INFO - Task exited with return code 0
