[2024-06-24 15:06:26,775] {taskinstance.py:851} INFO - Dependencies all met for <TaskInstance: our_first_dag_v5.first_task 2024-06-05T00:00:00+00:00 [queued]>
[2024-06-24 15:06:26,896] {taskinstance.py:851} INFO - Dependencies all met for <TaskInstance: our_first_dag_v5.first_task 2024-06-05T00:00:00+00:00 [queued]>
[2024-06-24 15:06:26,907] {taskinstance.py:1042} INFO - 
--------------------------------------------------------------------------------
[2024-06-24 15:06:26,910] {taskinstance.py:1043} INFO - Starting attempt 1 of 6
[2024-06-24 15:06:26,912] {taskinstance.py:1044} INFO - 
--------------------------------------------------------------------------------
[2024-06-24 15:06:26,959] {taskinstance.py:1063} INFO - Executing <Task(BashOperator): first_task> on 2024-06-05T00:00:00+00:00
[2024-06-24 15:06:26,981] {standard_task_runner.py:52} INFO - Started process 35222 to run task
[2024-06-24 15:06:26,977] {standard_task_runner.py:76} INFO - Running: ['airflow', 'tasks', 'run', 'our_first_dag_v5', 'first_task', '2024-06-05T00:00:00+00:00', '--job-id', '11870', '--pool', 'default_pool', '--raw', '--subdir', 'DAGS_FOLDER/our_first_dag.py', '--cfg-path', '/tmp/tmpma9v3ujy', '--error-file', '/tmp/tmpgz8s44ob']
[2024-06-24 15:06:26,999] {standard_task_runner.py:77} INFO - Job 11870: Subtask first_task
[2024-06-24 15:06:27,212] {logging_mixin.py:104} INFO - Running <TaskInstance: our_first_dag_v5.first_task 2024-06-05T00:00:00+00:00 [running]> on host 799b1e36e3f1
[2024-06-24 15:06:27,383] {taskinstance.py:1257} INFO - Exporting the following env vars:
AIRFLOW_CTX_DAG_OWNER=coder2j
AIRFLOW_CTX_DAG_ID=our_first_dag_v5
AIRFLOW_CTX_TASK_ID=first_task
AIRFLOW_CTX_EXECUTION_DATE=2024-06-05T00:00:00+00:00
AIRFLOW_CTX_DAG_RUN_ID=scheduled__2024-06-05T00:00:00+00:00
[2024-06-24 15:06:27,390] {bash.py:135} INFO - Tmp dir root location: 
 /tmp
[2024-06-24 15:06:27,399] {bash.py:158} INFO - Running command: echo hello world, this is the first task!
[2024-06-24 15:06:27,417] {bash.py:169} INFO - Output:
[2024-06-24 15:06:27,423] {bash.py:173} INFO - hello world, this is the first task!
[2024-06-24 15:06:27,424] {bash.py:177} INFO - Command exited with return code 0
[2024-06-24 15:06:27,485] {taskinstance.py:1166} INFO - Marking task as SUCCESS. dag_id=our_first_dag_v5, task_id=first_task, execution_date=20240605T000000, start_date=20240624T150626, end_date=20240624T150627
[2024-06-24 15:06:27,575] {taskinstance.py:1220} INFO - 2 downstream tasks scheduled from follow-on schedule check
[2024-06-24 15:06:27,619] {local_task_job.py:146} INFO - Task exited with return code 0
