[2024-06-24 15:01:48,625] {taskinstance.py:851} INFO - Dependencies all met for <TaskInstance: our_dag_with_python_operator_v07.get_name 2024-02-07T00:00:00+00:00 [queued]>
[2024-06-24 15:01:48,763] {taskinstance.py:851} INFO - Dependencies all met for <TaskInstance: our_dag_with_python_operator_v07.get_name 2024-02-07T00:00:00+00:00 [queued]>
[2024-06-24 15:01:48,771] {taskinstance.py:1042} INFO - 
--------------------------------------------------------------------------------
[2024-06-24 15:01:48,772] {taskinstance.py:1043} INFO - Starting attempt 1 of 6
[2024-06-24 15:01:48,776] {taskinstance.py:1044} INFO - 
--------------------------------------------------------------------------------
[2024-06-24 15:01:49,067] {taskinstance.py:1063} INFO - Executing <Task(PythonOperator): get_name> on 2024-02-07T00:00:00+00:00
[2024-06-24 15:01:49,095] {standard_task_runner.py:52} INFO - Started process 28578 to run task
[2024-06-24 15:01:49,211] {standard_task_runner.py:76} INFO - Running: ['airflow', 'tasks', 'run', 'our_dag_with_python_operator_v07', 'get_name', '2024-02-07T00:00:00+00:00', '--job-id', '10180', '--pool', 'default_pool', '--raw', '--subdir', 'DAGS_FOLDER/create_dag_with_python_operator.py', '--cfg-path', '/tmp/tmp9oc2d_c3', '--error-file', '/tmp/tmp_rhhu7ji']
[2024-06-24 15:01:49,222] {standard_task_runner.py:77} INFO - Job 10180: Subtask get_name
[2024-06-24 15:01:49,653] {logging_mixin.py:104} INFO - Running <TaskInstance: our_dag_with_python_operator_v07.get_name 2024-02-07T00:00:00+00:00 [running]> on host 799b1e36e3f1
[2024-06-24 15:01:49,879] {taskinstance.py:1257} INFO - Exporting the following env vars:
AIRFLOW_CTX_DAG_OWNER=coder2j
AIRFLOW_CTX_DAG_ID=our_dag_with_python_operator_v07
AIRFLOW_CTX_TASK_ID=get_name
AIRFLOW_CTX_EXECUTION_DATE=2024-02-07T00:00:00+00:00
AIRFLOW_CTX_DAG_RUN_ID=scheduled__2024-02-07T00:00:00+00:00
[2024-06-24 15:01:50,272] {python.py:118} INFO - Done. Returned value was: None
[2024-06-24 15:01:50,345] {taskinstance.py:1166} INFO - Marking task as SUCCESS. dag_id=our_dag_with_python_operator_v07, task_id=get_name, execution_date=20240207T000000, start_date=20240624T150148, end_date=20240624T150150
[2024-06-24 15:01:50,615] {taskinstance.py:1220} INFO - 0 downstream tasks scheduled from follow-on schedule check
[2024-06-24 15:01:50,683] {local_task_job.py:146} INFO - Task exited with return code 0
