[2024-06-24 14:23:56,790] {taskinstance.py:851} INFO - Dependencies all met for <TaskInstance: our_dag_with_python_operator_v07.get_name 2022-11-24T00:00:00+00:00 [queued]>
[2024-06-24 14:23:56,851] {taskinstance.py:851} INFO - Dependencies all met for <TaskInstance: our_dag_with_python_operator_v07.get_name 2022-11-24T00:00:00+00:00 [queued]>
[2024-06-24 14:23:56,852] {taskinstance.py:1042} INFO - 
--------------------------------------------------------------------------------
[2024-06-24 14:23:56,852] {taskinstance.py:1043} INFO - Starting attempt 1 of 6
[2024-06-24 14:23:56,856] {taskinstance.py:1044} INFO - 
--------------------------------------------------------------------------------
[2024-06-24 14:23:56,911] {taskinstance.py:1063} INFO - Executing <Task(PythonOperator): get_name> on 2022-11-24T00:00:00+00:00
[2024-06-24 14:23:56,937] {standard_task_runner.py:52} INFO - Started process 8753 to run task
[2024-06-24 14:23:56,952] {standard_task_runner.py:76} INFO - Running: ['airflow', 'tasks', 'run', 'our_dag_with_python_operator_v07', 'get_name', '2022-11-24T00:00:00+00:00', '--job-id', '5112', '--pool', 'default_pool', '--raw', '--subdir', 'DAGS_FOLDER/create_dag_with_python_operator.py', '--cfg-path', '/tmp/tmpiyrvhtw_', '--error-file', '/tmp/tmpofyd6bhi']
[2024-06-24 14:23:56,969] {standard_task_runner.py:77} INFO - Job 5112: Subtask get_name
[2024-06-24 14:23:57,293] {logging_mixin.py:104} INFO - Running <TaskInstance: our_dag_with_python_operator_v07.get_name 2022-11-24T00:00:00+00:00 [running]> on host 799b1e36e3f1
[2024-06-24 14:23:57,453] {taskinstance.py:1257} INFO - Exporting the following env vars:
AIRFLOW_CTX_DAG_OWNER=coder2j
AIRFLOW_CTX_DAG_ID=our_dag_with_python_operator_v07
AIRFLOW_CTX_TASK_ID=get_name
AIRFLOW_CTX_EXECUTION_DATE=2022-11-24T00:00:00+00:00
AIRFLOW_CTX_DAG_RUN_ID=scheduled__2022-11-24T00:00:00+00:00
[2024-06-24 14:23:57,584] {python.py:118} INFO - Done. Returned value was: None
[2024-06-24 14:23:57,610] {taskinstance.py:1166} INFO - Marking task as SUCCESS. dag_id=our_dag_with_python_operator_v07, task_id=get_name, execution_date=20221124T000000, start_date=20240624T142356, end_date=20240624T142357
[2024-06-24 14:23:57,736] {taskinstance.py:1220} INFO - 0 downstream tasks scheduled from follow-on schedule check
[2024-06-24 14:23:57,782] {local_task_job.py:146} INFO - Task exited with return code 0
