[2024-06-24 14:22:24,736] {taskinstance.py:851} INFO - Dependencies all met for <TaskInstance: dag_with_taskflow_api_v02.greet 2022-09-11T00:00:00+00:00 [queued]>
[2024-06-24 14:22:24,771] {taskinstance.py:851} INFO - Dependencies all met for <TaskInstance: dag_with_taskflow_api_v02.greet 2022-09-11T00:00:00+00:00 [queued]>
[2024-06-24 14:22:24,776] {taskinstance.py:1042} INFO - 
--------------------------------------------------------------------------------
[2024-06-24 14:22:24,777] {taskinstance.py:1043} INFO - Starting attempt 1 of 6
[2024-06-24 14:22:24,782] {taskinstance.py:1044} INFO - 
--------------------------------------------------------------------------------
[2024-06-24 14:22:24,830] {taskinstance.py:1063} INFO - Executing <Task(_PythonDecoratedOperator): greet> on 2022-09-11T00:00:00+00:00
[2024-06-24 14:22:24,844] {standard_task_runner.py:52} INFO - Started process 6289 to run task
[2024-06-24 14:22:24,856] {standard_task_runner.py:76} INFO - Running: ['airflow', 'tasks', 'run', 'dag_with_taskflow_api_v02', 'greet', '2022-09-11T00:00:00+00:00', '--job-id', '4440', '--pool', 'default_pool', '--raw', '--subdir', 'DAGS_FOLDER/dag_with_taskflow_api.py', '--cfg-path', '/tmp/tmpohvo1yh8', '--error-file', '/tmp/tmp5jq9pnnt']
[2024-06-24 14:22:24,865] {standard_task_runner.py:77} INFO - Job 4440: Subtask greet
[2024-06-24 14:22:25,150] {logging_mixin.py:104} INFO - Running <TaskInstance: dag_with_taskflow_api_v02.greet 2022-09-11T00:00:00+00:00 [running]> on host 799b1e36e3f1
[2024-06-24 14:22:25,634] {taskinstance.py:1257} INFO - Exporting the following env vars:
AIRFLOW_CTX_DAG_OWNER=coder2j
AIRFLOW_CTX_DAG_ID=dag_with_taskflow_api_v02
AIRFLOW_CTX_TASK_ID=greet
AIRFLOW_CTX_EXECUTION_DATE=2022-09-11T00:00:00+00:00
AIRFLOW_CTX_DAG_RUN_ID=scheduled__2022-09-11T00:00:00+00:00
[2024-06-24 14:22:25,637] {logging_mixin.py:104} INFO - Hello World! My name is Jerry Fridman and I am 19 years old!
[2024-06-24 14:22:25,675] {taskinstance.py:1166} INFO - Marking task as SUCCESS. dag_id=dag_with_taskflow_api_v02, task_id=greet, execution_date=20220911T000000, start_date=20240624T142224, end_date=20240624T142225
[2024-06-24 14:22:25,809] {taskinstance.py:1220} INFO - 0 downstream tasks scheduled from follow-on schedule check
[2024-06-24 14:22:25,846] {local_task_job.py:146} INFO - Task exited with return code 0
