[2024-06-24 14:30:21,687] {taskinstance.py:851} INFO - Dependencies all met for <TaskInstance: dag_with_python_dependencies_v03.get_matplotlib 2023-05-12T00:00:00+00:00 [queued]>
[2024-06-24 14:30:21,733] {taskinstance.py:851} INFO - Dependencies all met for <TaskInstance: dag_with_python_dependencies_v03.get_matplotlib 2023-05-12T00:00:00+00:00 [queued]>
[2024-06-24 14:30:21,735] {taskinstance.py:1042} INFO - 
--------------------------------------------------------------------------------
[2024-06-24 14:30:21,737] {taskinstance.py:1043} INFO - Starting attempt 1 of 1
[2024-06-24 14:30:21,741] {taskinstance.py:1044} INFO - 
--------------------------------------------------------------------------------
[2024-06-24 14:30:21,806] {taskinstance.py:1063} INFO - Executing <Task(PythonOperator): get_matplotlib> on 2023-05-12T00:00:00+00:00
[2024-06-24 14:30:21,842] {standard_task_runner.py:52} INFO - Started process 19125 to run task
[2024-06-24 14:30:21,858] {standard_task_runner.py:76} INFO - Running: ['airflow', 'tasks', 'run', 'dag_with_python_dependencies_v03', 'get_matplotlib', '2023-05-12T00:00:00+00:00', '--job-id', '7893', '--pool', 'default_pool', '--raw', '--subdir', 'DAGS_FOLDER/dag_with_python_dependencies.py', '--cfg-path', '/tmp/tmpop0dwqco', '--error-file', '/tmp/tmpjvnd1afi']
[2024-06-24 14:30:21,888] {standard_task_runner.py:77} INFO - Job 7893: Subtask get_matplotlib
[2024-06-24 14:30:22,199] {logging_mixin.py:104} INFO - Running <TaskInstance: dag_with_python_dependencies_v03.get_matplotlib 2023-05-12T00:00:00+00:00 [running]> on host 799b1e36e3f1
[2024-06-24 14:30:22,483] {taskinstance.py:1257} INFO - Exporting the following env vars:
AIRFLOW_CTX_DAG_OWNER=coder2j
AIRFLOW_CTX_DAG_ID=dag_with_python_dependencies_v03
AIRFLOW_CTX_TASK_ID=get_matplotlib
AIRFLOW_CTX_EXECUTION_DATE=2023-05-12T00:00:00+00:00
AIRFLOW_CTX_DAG_RUN_ID=scheduled__2023-05-12T00:00:00+00:00
[2024-06-24 14:30:22,970] {__init__.py:482} WARNING - Matplotlib created a temporary config/cache directory at /tmp/matplotlib-wun_4d78 because the default path (/home/airflow/.config/matplotlib) is not a writable directory; it is highly recommended to set the MPLCONFIGDIR environment variable to a writable directory, in particular to speed up the import of Matplotlib and to better support multiprocessing.
[2024-06-24 14:30:22,986] {logging_mixin.py:104} INFO - matplotlib with version: 3.3.3
[2024-06-24 14:30:22,993] {python.py:118} INFO - Done. Returned value was: None
[2024-06-24 14:30:23,040] {taskinstance.py:1166} INFO - Marking task as SUCCESS. dag_id=dag_with_python_dependencies_v03, task_id=get_matplotlib, execution_date=20230512T000000, start_date=20240624T143021, end_date=20240624T143023
[2024-06-24 14:30:23,168] {taskinstance.py:1220} INFO - 0 downstream tasks scheduled from follow-on schedule check
[2024-06-24 14:30:23,207] {local_task_job.py:146} INFO - Task exited with return code 0
