[2024-06-24 14:28:29,034] {taskinstance.py:851} INFO - Dependencies all met for <TaskInstance: our_first_dag_v5.second_task 2023-02-21T00:00:00+00:00 [queued]>
[2024-06-24 14:28:29,071] {taskinstance.py:851} INFO - Dependencies all met for <TaskInstance: our_first_dag_v5.second_task 2023-02-21T00:00:00+00:00 [queued]>
[2024-06-24 14:28:29,094] {taskinstance.py:1042} INFO - 
--------------------------------------------------------------------------------
[2024-06-24 14:28:29,098] {taskinstance.py:1043} INFO - Starting attempt 1 of 6
[2024-06-24 14:28:29,109] {taskinstance.py:1044} INFO - 
--------------------------------------------------------------------------------
[2024-06-24 14:28:29,198] {taskinstance.py:1063} INFO - Executing <Task(BashOperator): second_task> on 2023-02-21T00:00:00+00:00
[2024-06-24 14:28:29,214] {standard_task_runner.py:52} INFO - Started process 16079 to run task
[2024-06-24 14:28:29,262] {standard_task_runner.py:76} INFO - Running: ['airflow', 'tasks', 'run', 'our_first_dag_v5', 'second_task', '2023-02-21T00:00:00+00:00', '--job-id', '7071', '--pool', 'default_pool', '--raw', '--subdir', 'DAGS_FOLDER/our_first_dag.py', '--cfg-path', '/tmp/tmp0wb2d4xr', '--error-file', '/tmp/tmp5786paxk']
[2024-06-24 14:28:29,305] {standard_task_runner.py:77} INFO - Job 7071: Subtask second_task
[2024-06-24 14:28:29,579] {logging_mixin.py:104} INFO - Running <TaskInstance: our_first_dag_v5.second_task 2023-02-21T00:00:00+00:00 [running]> on host 799b1e36e3f1
[2024-06-24 14:28:29,813] {taskinstance.py:1257} INFO - Exporting the following env vars:
AIRFLOW_CTX_DAG_OWNER=coder2j
AIRFLOW_CTX_DAG_ID=our_first_dag_v5
AIRFLOW_CTX_TASK_ID=second_task
AIRFLOW_CTX_EXECUTION_DATE=2023-02-21T00:00:00+00:00
AIRFLOW_CTX_DAG_RUN_ID=scheduled__2023-02-21T00:00:00+00:00
[2024-06-24 14:28:29,817] {bash.py:135} INFO - Tmp dir root location: 
 /tmp
[2024-06-24 14:28:29,823] {bash.py:158} INFO - Running command: echo hey, I am task2 and will be running after task1!
[2024-06-24 14:28:29,907] {bash.py:169} INFO - Output:
[2024-06-24 14:28:29,911] {bash.py:173} INFO - hey, I am task2 and will be running after task1!
[2024-06-24 14:28:29,922] {bash.py:177} INFO - Command exited with return code 0
[2024-06-24 14:28:30,058] {taskinstance.py:1166} INFO - Marking task as SUCCESS. dag_id=our_first_dag_v5, task_id=second_task, execution_date=20230221T000000, start_date=20240624T142829, end_date=20240624T142830
[2024-06-24 14:28:30,356] {taskinstance.py:1220} INFO - 0 downstream tasks scheduled from follow-on schedule check
[2024-06-24 14:28:30,391] {local_task_job.py:146} INFO - Task exited with return code 0
