[2024-06-24 14:22:04,362] {taskinstance.py:851} INFO - Dependencies all met for <TaskInstance: our_dag_with_python_operator_v07.get_age 2022-09-12T00:00:00+00:00 [queued]>
[2024-06-24 14:22:04,404] {taskinstance.py:851} INFO - Dependencies all met for <TaskInstance: our_dag_with_python_operator_v07.get_age 2022-09-12T00:00:00+00:00 [queued]>
[2024-06-24 14:22:04,409] {taskinstance.py:1042} INFO - 
--------------------------------------------------------------------------------
[2024-06-24 14:22:04,412] {taskinstance.py:1043} INFO - Starting attempt 1 of 6
[2024-06-24 14:22:04,413] {taskinstance.py:1044} INFO - 
--------------------------------------------------------------------------------
[2024-06-24 14:22:04,486] {taskinstance.py:1063} INFO - Executing <Task(PythonOperator): get_age> on 2022-09-12T00:00:00+00:00
[2024-06-24 14:22:04,499] {standard_task_runner.py:52} INFO - Started process 5746 to run task
[2024-06-24 14:22:04,508] {standard_task_runner.py:76} INFO - Running: ['airflow', 'tasks', 'run', 'our_dag_with_python_operator_v07', 'get_age', '2022-09-12T00:00:00+00:00', '--job-id', '4316', '--pool', 'default_pool', '--raw', '--subdir', 'DAGS_FOLDER/create_dag_with_python_operator.py', '--cfg-path', '/tmp/tmpmjy3pzfi', '--error-file', '/tmp/tmpwgroio25']
[2024-06-24 14:22:04,516] {standard_task_runner.py:77} INFO - Job 4316: Subtask get_age
[2024-06-24 14:22:04,756] {logging_mixin.py:104} INFO - Running <TaskInstance: our_dag_with_python_operator_v07.get_age 2022-09-12T00:00:00+00:00 [running]> on host 799b1e36e3f1
[2024-06-24 14:22:04,941] {taskinstance.py:1257} INFO - Exporting the following env vars:
AIRFLOW_CTX_DAG_OWNER=coder2j
AIRFLOW_CTX_DAG_ID=our_dag_with_python_operator_v07
AIRFLOW_CTX_TASK_ID=get_age
AIRFLOW_CTX_EXECUTION_DATE=2022-09-12T00:00:00+00:00
AIRFLOW_CTX_DAG_RUN_ID=scheduled__2022-09-12T00:00:00+00:00
[2024-06-24 14:22:04,983] {python.py:118} INFO - Done. Returned value was: None
[2024-06-24 14:22:05,013] {taskinstance.py:1166} INFO - Marking task as SUCCESS. dag_id=our_dag_with_python_operator_v07, task_id=get_age, execution_date=20220912T000000, start_date=20240624T142204, end_date=20240624T142205
[2024-06-24 14:22:05,129] {taskinstance.py:1220} INFO - 0 downstream tasks scheduled from follow-on schedule check
[2024-06-24 14:22:05,169] {local_task_job.py:146} INFO - Task exited with return code 0
