[2024-06-24 15:04:31,940] {taskinstance.py:851} INFO - Dependencies all met for <TaskInstance: dag_with_taskflow_api_v02.get_age 2024-05-03T00:00:00+00:00 [queued]>
[2024-06-24 15:04:32,128] {taskinstance.py:851} INFO - Dependencies all met for <TaskInstance: dag_with_taskflow_api_v02.get_age 2024-05-03T00:00:00+00:00 [queued]>
[2024-06-24 15:04:32,132] {taskinstance.py:1042} INFO - 
--------------------------------------------------------------------------------
[2024-06-24 15:04:32,136] {taskinstance.py:1043} INFO - Starting attempt 1 of 6
[2024-06-24 15:04:32,137] {taskinstance.py:1044} INFO - 
--------------------------------------------------------------------------------
[2024-06-24 15:04:32,222] {taskinstance.py:1063} INFO - Executing <Task(_PythonDecoratedOperator): get_age> on 2024-05-03T00:00:00+00:00
[2024-06-24 15:04:32,228] {standard_task_runner.py:52} INFO - Started process 32237 to run task
[2024-06-24 15:04:32,247] {standard_task_runner.py:76} INFO - Running: ['airflow', 'tasks', 'run', 'dag_with_taskflow_api_v02', 'get_age', '2024-05-03T00:00:00+00:00', '--job-id', '11137', '--pool', 'default_pool', '--raw', '--subdir', 'DAGS_FOLDER/dag_with_taskflow_api.py', '--cfg-path', '/tmp/tmp_m4401w6', '--error-file', '/tmp/tmpm1xisvmc']
[2024-06-24 15:04:32,285] {standard_task_runner.py:77} INFO - Job 11137: Subtask get_age
[2024-06-24 15:04:32,551] {logging_mixin.py:104} INFO - Running <TaskInstance: dag_with_taskflow_api_v02.get_age 2024-05-03T00:00:00+00:00 [running]> on host 799b1e36e3f1
[2024-06-24 15:04:32,720] {taskinstance.py:1257} INFO - Exporting the following env vars:
AIRFLOW_CTX_DAG_OWNER=coder2j
AIRFLOW_CTX_DAG_ID=dag_with_taskflow_api_v02
AIRFLOW_CTX_TASK_ID=get_age
AIRFLOW_CTX_EXECUTION_DATE=2024-05-03T00:00:00+00:00
AIRFLOW_CTX_DAG_RUN_ID=scheduled__2024-05-03T00:00:00+00:00
[2024-06-24 15:04:32,854] {taskinstance.py:1166} INFO - Marking task as SUCCESS. dag_id=dag_with_taskflow_api_v02, task_id=get_age, execution_date=20240503T000000, start_date=20240624T150431, end_date=20240624T150432
[2024-06-24 15:04:33,027] {taskinstance.py:1220} INFO - 0 downstream tasks scheduled from follow-on schedule check
[2024-06-24 15:04:33,145] {local_task_job.py:146} INFO - Task exited with return code 0
