[2024-06-24 14:55:32,330] {taskinstance.py:851} INFO - Dependencies all met for <TaskInstance: our_dag_with_python_operator_v07.get_name 2024-01-11T00:00:00+00:00 [queued]>
[2024-06-24 14:55:32,757] {taskinstance.py:851} INFO - Dependencies all met for <TaskInstance: our_dag_with_python_operator_v07.get_name 2024-01-11T00:00:00+00:00 [queued]>
[2024-06-24 14:55:32,773] {taskinstance.py:1042} INFO - 
--------------------------------------------------------------------------------
[2024-06-24 14:55:32,776] {taskinstance.py:1043} INFO - Starting attempt 1 of 6
[2024-06-24 14:55:32,783] {taskinstance.py:1044} INFO - 
--------------------------------------------------------------------------------
[2024-06-24 14:55:32,865] {taskinstance.py:1063} INFO - Executing <Task(PythonOperator): get_name> on 2024-01-11T00:00:00+00:00
[2024-06-24 14:55:32,873] {standard_task_runner.py:52} INFO - Started process 27295 to run task
[2024-06-24 14:55:32,904] {standard_task_runner.py:76} INFO - Running: ['airflow', 'tasks', 'run', 'our_dag_with_python_operator_v07', 'get_name', '2024-01-11T00:00:00+00:00', '--job-id', '9874', '--pool', 'default_pool', '--raw', '--subdir', 'DAGS_FOLDER/create_dag_with_python_operator.py', '--cfg-path', '/tmp/tmpeng9vltq', '--error-file', '/tmp/tmp9yljfxfx']
[2024-06-24 14:55:32,939] {standard_task_runner.py:77} INFO - Job 9874: Subtask get_name
[2024-06-24 14:55:33,541] {logging_mixin.py:104} INFO - Running <TaskInstance: our_dag_with_python_operator_v07.get_name 2024-01-11T00:00:00+00:00 [running]> on host 799b1e36e3f1
[2024-06-24 14:55:33,710] {taskinstance.py:1257} INFO - Exporting the following env vars:
AIRFLOW_CTX_DAG_OWNER=coder2j
AIRFLOW_CTX_DAG_ID=our_dag_with_python_operator_v07
AIRFLOW_CTX_TASK_ID=get_name
AIRFLOW_CTX_EXECUTION_DATE=2024-01-11T00:00:00+00:00
AIRFLOW_CTX_DAG_RUN_ID=scheduled__2024-01-11T00:00:00+00:00
[2024-06-24 14:55:33,834] {python.py:118} INFO - Done. Returned value was: None
[2024-06-24 14:55:33,863] {taskinstance.py:1166} INFO - Marking task as SUCCESS. dag_id=our_dag_with_python_operator_v07, task_id=get_name, execution_date=20240111T000000, start_date=20240624T145532, end_date=20240624T145533
[2024-06-24 14:55:33,926] {taskinstance.py:1220} INFO - 0 downstream tasks scheduled from follow-on schedule check
[2024-06-24 14:55:33,972] {local_task_job.py:146} INFO - Task exited with return code 0
