[2024-06-24 14:25:04,687] {taskinstance.py:851} INFO - Dependencies all met for <TaskInstance: our_first_dag_v5.first_task 2022-11-05T00:00:00+00:00 [queued]>
[2024-06-24 14:25:04,745] {taskinstance.py:851} INFO - Dependencies all met for <TaskInstance: our_first_dag_v5.first_task 2022-11-05T00:00:00+00:00 [queued]>
[2024-06-24 14:25:04,747] {taskinstance.py:1042} INFO - 
--------------------------------------------------------------------------------
[2024-06-24 14:25:04,749] {taskinstance.py:1043} INFO - Starting attempt 1 of 6
[2024-06-24 14:25:04,749] {taskinstance.py:1044} INFO - 
--------------------------------------------------------------------------------
[2024-06-24 14:25:04,810] {taskinstance.py:1063} INFO - Executing <Task(BashOperator): first_task> on 2022-11-05T00:00:00+00:00
[2024-06-24 14:25:04,821] {standard_task_runner.py:52} INFO - Started process 10623 to run task
[2024-06-24 14:25:04,840] {standard_task_runner.py:76} INFO - Running: ['airflow', 'tasks', 'run', 'our_first_dag_v5', 'first_task', '2022-11-05T00:00:00+00:00', '--job-id', '5619', '--pool', 'default_pool', '--raw', '--subdir', 'DAGS_FOLDER/our_first_dag.py', '--cfg-path', '/tmp/tmp____0bfo', '--error-file', '/tmp/tmpvovz3stp']
[2024-06-24 14:25:04,863] {standard_task_runner.py:77} INFO - Job 5619: Subtask first_task
[2024-06-24 14:25:05,035] {logging_mixin.py:104} INFO - Running <TaskInstance: our_first_dag_v5.first_task 2022-11-05T00:00:00+00:00 [running]> on host 799b1e36e3f1
[2024-06-24 14:25:05,208] {taskinstance.py:1257} INFO - Exporting the following env vars:
AIRFLOW_CTX_DAG_OWNER=coder2j
AIRFLOW_CTX_DAG_ID=our_first_dag_v5
AIRFLOW_CTX_TASK_ID=first_task
AIRFLOW_CTX_EXECUTION_DATE=2022-11-05T00:00:00+00:00
AIRFLOW_CTX_DAG_RUN_ID=scheduled__2022-11-05T00:00:00+00:00
[2024-06-24 14:25:05,214] {bash.py:135} INFO - Tmp dir root location: 
 /tmp
[2024-06-24 14:25:05,216] {bash.py:158} INFO - Running command: echo hello world, this is the first task!
[2024-06-24 14:25:05,248] {bash.py:169} INFO - Output:
[2024-06-24 14:25:05,250] {bash.py:173} INFO - hello world, this is the first task!
[2024-06-24 14:25:05,253] {bash.py:177} INFO - Command exited with return code 0
[2024-06-24 14:25:05,363] {taskinstance.py:1166} INFO - Marking task as SUCCESS. dag_id=our_first_dag_v5, task_id=first_task, execution_date=20221105T000000, start_date=20240624T142504, end_date=20240624T142505
[2024-06-24 14:25:05,459] {taskinstance.py:1220} INFO - 2 downstream tasks scheduled from follow-on schedule check
[2024-06-24 14:25:05,493] {local_task_job.py:146} INFO - Task exited with return code 0
