[2024-06-24 15:04:37,465] {taskinstance.py:851} INFO - Dependencies all met for <TaskInstance: our_dag_with_python_operator_v07.get_age 2024-05-06T00:00:00+00:00 [queued]>
[2024-06-24 15:04:37,541] {taskinstance.py:851} INFO - Dependencies all met for <TaskInstance: our_dag_with_python_operator_v07.get_age 2024-05-06T00:00:00+00:00 [queued]>
[2024-06-24 15:04:37,543] {taskinstance.py:1042} INFO - 
--------------------------------------------------------------------------------
[2024-06-24 15:04:37,547] {taskinstance.py:1043} INFO - Starting attempt 1 of 6
[2024-06-24 15:04:37,553] {taskinstance.py:1044} INFO - 
--------------------------------------------------------------------------------
[2024-06-24 15:04:37,688] {taskinstance.py:1063} INFO - Executing <Task(PythonOperator): get_age> on 2024-05-06T00:00:00+00:00
[2024-06-24 15:04:37,722] {standard_task_runner.py:52} INFO - Started process 32365 to run task
[2024-06-24 15:04:37,730] {standard_task_runner.py:76} INFO - Running: ['airflow', 'tasks', 'run', 'our_dag_with_python_operator_v07', 'get_age', '2024-05-06T00:00:00+00:00', '--job-id', '11175', '--pool', 'default_pool', '--raw', '--subdir', 'DAGS_FOLDER/create_dag_with_python_operator.py', '--cfg-path', '/tmp/tmptqu_6ppl', '--error-file', '/tmp/tmp1f2ef6kj']
[2024-06-24 15:04:37,743] {standard_task_runner.py:77} INFO - Job 11175: Subtask get_age
[2024-06-24 15:04:38,060] {logging_mixin.py:104} INFO - Running <TaskInstance: our_dag_with_python_operator_v07.get_age 2024-05-06T00:00:00+00:00 [running]> on host 799b1e36e3f1
[2024-06-24 15:04:38,393] {taskinstance.py:1257} INFO - Exporting the following env vars:
AIRFLOW_CTX_DAG_OWNER=coder2j
AIRFLOW_CTX_DAG_ID=our_dag_with_python_operator_v07
AIRFLOW_CTX_TASK_ID=get_age
AIRFLOW_CTX_EXECUTION_DATE=2024-05-06T00:00:00+00:00
AIRFLOW_CTX_DAG_RUN_ID=scheduled__2024-05-06T00:00:00+00:00
[2024-06-24 15:04:38,450] {python.py:118} INFO - Done. Returned value was: None
[2024-06-24 15:04:38,496] {taskinstance.py:1166} INFO - Marking task as SUCCESS. dag_id=our_dag_with_python_operator_v07, task_id=get_age, execution_date=20240506T000000, start_date=20240624T150437, end_date=20240624T150438
[2024-06-24 15:04:38,611] {taskinstance.py:1220} INFO - 1 downstream tasks scheduled from follow-on schedule check
[2024-06-24 15:04:38,662] {local_task_job.py:146} INFO - Task exited with return code 0
