[2024-08-22 15:42:01,439] {taskinstance.py:851} INFO - Dependencies all met for <TaskInstance: charts_of_account_DAG_2min.call_api 2024-08-22T15:40:00+00:00 [queued]>
[2024-08-22 15:42:01,460] {taskinstance.py:851} INFO - Dependencies all met for <TaskInstance: charts_of_account_DAG_2min.call_api 2024-08-22T15:40:00+00:00 [queued]>
[2024-08-22 15:42:01,461] {taskinstance.py:1042} INFO - 
--------------------------------------------------------------------------------
[2024-08-22 15:42:01,462] {taskinstance.py:1043} INFO - Starting attempt 1 of 2
[2024-08-22 15:42:01,462] {taskinstance.py:1044} INFO - 
--------------------------------------------------------------------------------
[2024-08-22 15:42:01,477] {taskinstance.py:1063} INFO - Executing <Task(PythonOperator): call_api> on 2024-08-22T15:40:00+00:00
[2024-08-22 15:42:01,483] {standard_task_runner.py:52} INFO - Started process 2654 to run task
[2024-08-22 15:42:01,488] {standard_task_runner.py:76} INFO - Running: ['airflow', 'tasks', 'run', 'charts_of_account_DAG_2min', 'call_api', '2024-08-22T15:40:00+00:00', '--job-id', '13006', '--pool', 'default_pool', '--raw', '--subdir', 'DAGS_FOLDER/charts_of_account_dag.py', '--cfg-path', '/tmp/tmposwg97cz', '--error-file', '/tmp/tmpsn7yjg2i']
[2024-08-22 15:42:01,492] {standard_task_runner.py:77} INFO - Job 13006: Subtask call_api
[2024-08-22 15:42:01,559] {logging_mixin.py:104} INFO - Running <TaskInstance: charts_of_account_DAG_2min.call_api 2024-08-22T15:40:00+00:00 [running]> on host 4c8f195571b6
[2024-08-22 15:42:01,629] {taskinstance.py:1257} INFO - Exporting the following env vars:
AIRFLOW_CTX_DAG_OWNER=airflow
AIRFLOW_CTX_DAG_ID=charts_of_account_DAG_2min
AIRFLOW_CTX_TASK_ID=call_api
AIRFLOW_CTX_EXECUTION_DATE=2024-08-22T15:40:00+00:00
AIRFLOW_CTX_DAG_RUN_ID=scheduled__2024-08-22T15:40:00+00:00
[2024-08-22 15:42:01,781] {logging_mixin.py:104} INFO - API call failed with status code 500
[2024-08-22 15:42:01,783] {python.py:118} INFO - Done. Returned value was: None
[2024-08-22 15:42:01,797] {taskinstance.py:1166} INFO - Marking task as SUCCESS. dag_id=charts_of_account_DAG_2min, task_id=call_api, execution_date=20240822T154000, start_date=20240822T154201, end_date=20240822T154201
[2024-08-22 15:42:01,830] {taskinstance.py:1220} INFO - 0 downstream tasks scheduled from follow-on schedule check
[2024-08-22 15:42:01,874] {local_task_job.py:146} INFO - Task exited with return code 0
