[2024-06-24 14:28:53,863] {taskinstance.py:851} INFO - Dependencies all met for <TaskInstance: our_dag_with_python_operator_v07.get_age 2023-06-09T00:00:00+00:00 [queued]>
[2024-06-24 14:28:54,049] {taskinstance.py:851} INFO - Dependencies all met for <TaskInstance: our_dag_with_python_operator_v07.get_age 2023-06-09T00:00:00+00:00 [queued]>
[2024-06-24 14:28:54,056] {taskinstance.py:1042} INFO - 
--------------------------------------------------------------------------------
[2024-06-24 14:28:54,060] {taskinstance.py:1043} INFO - Starting attempt 1 of 6
[2024-06-24 14:28:54,072] {taskinstance.py:1044} INFO - 
--------------------------------------------------------------------------------
[2024-06-24 14:28:54,183] {taskinstance.py:1063} INFO - Executing <Task(PythonOperator): get_age> on 2023-06-09T00:00:00+00:00
[2024-06-24 14:28:54,232] {standard_task_runner.py:76} INFO - Running: ['airflow', 'tasks', 'run', 'our_dag_with_python_operator_v07', 'get_age', '2023-06-09T00:00:00+00:00', '--job-id', '7258', '--pool', 'default_pool', '--raw', '--subdir', 'DAGS_FOLDER/create_dag_with_python_operator.py', '--cfg-path', '/tmp/tmpcm78elq5', '--error-file', '/tmp/tmpnvb8g9cf']
[2024-06-24 14:28:54,224] {standard_task_runner.py:52} INFO - Started process 16736 to run task
[2024-06-24 14:28:54,242] {standard_task_runner.py:77} INFO - Job 7258: Subtask get_age
[2024-06-24 14:28:54,546] {logging_mixin.py:104} INFO - Running <TaskInstance: our_dag_with_python_operator_v07.get_age 2023-06-09T00:00:00+00:00 [running]> on host 799b1e36e3f1
[2024-06-24 14:28:54,807] {taskinstance.py:1257} INFO - Exporting the following env vars:
AIRFLOW_CTX_DAG_OWNER=coder2j
AIRFLOW_CTX_DAG_ID=our_dag_with_python_operator_v07
AIRFLOW_CTX_TASK_ID=get_age
AIRFLOW_CTX_EXECUTION_DATE=2023-06-09T00:00:00+00:00
AIRFLOW_CTX_DAG_RUN_ID=scheduled__2023-06-09T00:00:00+00:00
[2024-06-24 14:28:54,910] {python.py:118} INFO - Done. Returned value was: None
[2024-06-24 14:28:54,980] {taskinstance.py:1166} INFO - Marking task as SUCCESS. dag_id=our_dag_with_python_operator_v07, task_id=get_age, execution_date=20230609T000000, start_date=20240624T142853, end_date=20240624T142854
[2024-06-24 14:28:55,155] {taskinstance.py:1220} INFO - 0 downstream tasks scheduled from follow-on schedule check
[2024-06-24 14:28:55,233] {local_task_job.py:146} INFO - Task exited with return code 0
