[2024-06-24 12:49:33,860] {taskinstance.py:851} INFO - Dependencies all met for <TaskInstance: dag_with_taskflow_api_v02.get_name 2024-06-24T11:09:48.033937+00:00 [queued]>
[2024-06-24 12:49:33,919] {taskinstance.py:851} INFO - Dependencies all met for <TaskInstance: dag_with_taskflow_api_v02.get_name 2024-06-24T11:09:48.033937+00:00 [queued]>
[2024-06-24 12:49:33,921] {taskinstance.py:1042} INFO - 
--------------------------------------------------------------------------------
[2024-06-24 12:49:33,926] {taskinstance.py:1043} INFO - Starting attempt 1 of 6
[2024-06-24 12:49:33,931] {taskinstance.py:1044} INFO - 
--------------------------------------------------------------------------------
[2024-06-24 12:49:33,963] {taskinstance.py:1063} INFO - Executing <Task(_PythonDecoratedOperator): get_name> on 2024-06-24T11:09:48.033937+00:00
[2024-06-24 12:49:33,977] {standard_task_runner.py:52} INFO - Started process 25428 to run task
[2024-06-24 12:49:33,986] {standard_task_runner.py:76} INFO - Running: ['airflow', 'tasks', 'run', 'dag_with_taskflow_api_v02', 'get_name', '2024-06-24T11:09:48.033937+00:00', '--job-id', '38', '--pool', 'default_pool', '--raw', '--subdir', 'DAGS_FOLDER/dag_with_taskflow_api.py', '--cfg-path', '/tmp/tmphzewjh01', '--error-file', '/tmp/tmp12tcs9o7']
[2024-06-24 12:49:33,994] {standard_task_runner.py:77} INFO - Job 38: Subtask get_name
[2024-06-24 12:49:34,155] {logging_mixin.py:104} INFO - Running <TaskInstance: dag_with_taskflow_api_v02.get_name 2024-06-24T11:09:48.033937+00:00 [running]> on host 799b1e36e3f1
[2024-06-24 12:49:34,370] {taskinstance.py:1257} INFO - Exporting the following env vars:
AIRFLOW_CTX_DAG_OWNER=coder2j
AIRFLOW_CTX_DAG_ID=dag_with_taskflow_api_v02
AIRFLOW_CTX_TASK_ID=get_name
AIRFLOW_CTX_EXECUTION_DATE=2024-06-24T11:09:48.033937+00:00
AIRFLOW_CTX_DAG_RUN_ID=manual__2024-06-24T11:09:48.033937+00:00
[2024-06-24 12:49:34,630] {taskinstance.py:1166} INFO - Marking task as SUCCESS. dag_id=dag_with_taskflow_api_v02, task_id=get_name, execution_date=20240624T110948, start_date=20240624T124933, end_date=20240624T124934
[2024-06-24 12:49:35,283] {taskinstance.py:1220} INFO - 0 downstream tasks scheduled from follow-on schedule check
[2024-06-24 12:49:35,395] {local_task_job.py:146} INFO - Task exited with return code 0
