[2024-06-24 12:57:40,686] {taskinstance.py:851} INFO - Dependencies all met for <TaskInstance: dag_with_taskflow_api_v02.get_age 2022-02-15T00:00:00+00:00 [queued]>
[2024-06-24 12:57:40,839] {taskinstance.py:851} INFO - Dependencies all met for <TaskInstance: dag_with_taskflow_api_v02.get_age 2022-02-15T00:00:00+00:00 [queued]>
[2024-06-24 12:57:40,907] {taskinstance.py:1042} INFO - 
--------------------------------------------------------------------------------
[2024-06-24 12:57:40,929] {taskinstance.py:1043} INFO - Starting attempt 1 of 6
[2024-06-24 12:57:40,932] {taskinstance.py:1044} INFO - 
--------------------------------------------------------------------------------
[2024-06-24 12:57:40,992] {taskinstance.py:1063} INFO - Executing <Task(_PythonDecoratedOperator): get_age> on 2022-02-15T00:00:00+00:00
[2024-06-24 12:57:41,007] {standard_task_runner.py:52} INFO - Started process 32730 to run task
[2024-06-24 12:57:41,031] {standard_task_runner.py:76} INFO - Running: ['airflow', 'tasks', 'run', 'dag_with_taskflow_api_v02', 'get_age', '2022-02-15T00:00:00+00:00', '--job-id', '1783', '--pool', 'default_pool', '--raw', '--subdir', 'DAGS_FOLDER/dag_with_taskflow_api.py', '--cfg-path', '/tmp/tmps_fzuswy', '--error-file', '/tmp/tmpb8_e8z0_']
[2024-06-24 12:57:41,055] {standard_task_runner.py:77} INFO - Job 1783: Subtask get_age
[2024-06-24 12:57:41,463] {logging_mixin.py:104} INFO - Running <TaskInstance: dag_with_taskflow_api_v02.get_age 2022-02-15T00:00:00+00:00 [running]> on host 799b1e36e3f1
[2024-06-24 12:57:41,904] {taskinstance.py:1257} INFO - Exporting the following env vars:
AIRFLOW_CTX_DAG_OWNER=coder2j
AIRFLOW_CTX_DAG_ID=dag_with_taskflow_api_v02
AIRFLOW_CTX_TASK_ID=get_age
AIRFLOW_CTX_EXECUTION_DATE=2022-02-15T00:00:00+00:00
AIRFLOW_CTX_DAG_RUN_ID=scheduled__2022-02-15T00:00:00+00:00
[2024-06-24 12:57:42,197] {taskinstance.py:1166} INFO - Marking task as SUCCESS. dag_id=dag_with_taskflow_api_v02, task_id=get_age, execution_date=20220215T000000, start_date=20240624T125740, end_date=20240624T125742
[2024-06-24 12:57:42,451] {taskinstance.py:1220} INFO - 1 downstream tasks scheduled from follow-on schedule check
[2024-06-24 12:57:42,554] {local_task_job.py:146} INFO - Task exited with return code 0
