[2024-06-24 14:23:18,834] {taskinstance.py:851} INFO - Dependencies all met for <TaskInstance: our_first_dag_v5.first_task 2022-08-14T00:00:00+00:00 [queued]>
[2024-06-24 14:23:18,889] {taskinstance.py:851} INFO - Dependencies all met for <TaskInstance: our_first_dag_v5.first_task 2022-08-14T00:00:00+00:00 [queued]>
[2024-06-24 14:23:18,891] {taskinstance.py:1042} INFO - 
--------------------------------------------------------------------------------
[2024-06-24 14:23:18,896] {taskinstance.py:1043} INFO - Starting attempt 1 of 6
[2024-06-24 14:23:18,898] {taskinstance.py:1044} INFO - 
--------------------------------------------------------------------------------
[2024-06-24 14:23:18,950] {taskinstance.py:1063} INFO - Executing <Task(BashOperator): first_task> on 2022-08-14T00:00:00+00:00
[2024-06-24 14:23:18,962] {standard_task_runner.py:52} INFO - Started process 7730 to run task
[2024-06-24 14:23:18,974] {standard_task_runner.py:76} INFO - Running: ['airflow', 'tasks', 'run', 'our_first_dag_v5', 'first_task', '2022-08-14T00:00:00+00:00', '--job-id', '4836', '--pool', 'default_pool', '--raw', '--subdir', 'DAGS_FOLDER/our_first_dag.py', '--cfg-path', '/tmp/tmpcijnc5h4', '--error-file', '/tmp/tmpeh2h_7ly']
[2024-06-24 14:23:18,987] {standard_task_runner.py:77} INFO - Job 4836: Subtask first_task
[2024-06-24 14:23:19,159] {logging_mixin.py:104} INFO - Running <TaskInstance: our_first_dag_v5.first_task 2022-08-14T00:00:00+00:00 [running]> on host 799b1e36e3f1
[2024-06-24 14:23:19,310] {taskinstance.py:1257} INFO - Exporting the following env vars:
AIRFLOW_CTX_DAG_OWNER=coder2j
AIRFLOW_CTX_DAG_ID=our_first_dag_v5
AIRFLOW_CTX_TASK_ID=first_task
AIRFLOW_CTX_EXECUTION_DATE=2022-08-14T00:00:00+00:00
AIRFLOW_CTX_DAG_RUN_ID=scheduled__2022-08-14T00:00:00+00:00
[2024-06-24 14:23:19,314] {bash.py:135} INFO - Tmp dir root location: 
 /tmp
[2024-06-24 14:23:19,316] {bash.py:158} INFO - Running command: echo hello world, this is the first task!
[2024-06-24 14:23:19,333] {bash.py:169} INFO - Output:
[2024-06-24 14:23:19,334] {bash.py:173} INFO - hello world, this is the first task!
[2024-06-24 14:23:19,334] {bash.py:177} INFO - Command exited with return code 0
[2024-06-24 14:23:19,524] {taskinstance.py:1166} INFO - Marking task as SUCCESS. dag_id=our_first_dag_v5, task_id=first_task, execution_date=20220814T000000, start_date=20240624T142318, end_date=20240624T142319
[2024-06-24 14:23:19,640] {taskinstance.py:1220} INFO - 2 downstream tasks scheduled from follow-on schedule check
[2024-06-24 14:23:19,708] {local_task_job.py:146} INFO - Task exited with return code 0
