[2024-06-24 14:21:47,176] {taskinstance.py:851} INFO - Dependencies all met for <TaskInstance: dag_with_python_dependencies_v03.get_sklearn 2022-07-20T00:00:00+00:00 [queued]>
[2024-06-24 14:21:47,254] {taskinstance.py:851} INFO - Dependencies all met for <TaskInstance: dag_with_python_dependencies_v03.get_sklearn 2022-07-20T00:00:00+00:00 [queued]>
[2024-06-24 14:21:47,266] {taskinstance.py:1042} INFO - 
--------------------------------------------------------------------------------
[2024-06-24 14:21:47,267] {taskinstance.py:1043} INFO - Starting attempt 1 of 1
[2024-06-24 14:21:47,267] {taskinstance.py:1044} INFO - 
--------------------------------------------------------------------------------
[2024-06-24 14:21:47,357] {taskinstance.py:1063} INFO - Executing <Task(PythonOperator): get_sklearn> on 2022-07-20T00:00:00+00:00
[2024-06-24 14:21:47,377] {standard_task_runner.py:52} INFO - Started process 5307 to run task
[2024-06-24 14:21:47,385] {standard_task_runner.py:76} INFO - Running: ['airflow', 'tasks', 'run', 'dag_with_python_dependencies_v03', 'get_sklearn', '2022-07-20T00:00:00+00:00', '--job-id', '4196', '--pool', 'default_pool', '--raw', '--subdir', 'DAGS_FOLDER/dag_with_python_dependencies.py', '--cfg-path', '/tmp/tmpsr6_lo7k', '--error-file', '/tmp/tmpshtlg9j_']
[2024-06-24 14:21:47,396] {standard_task_runner.py:77} INFO - Job 4196: Subtask get_sklearn
[2024-06-24 14:21:47,740] {logging_mixin.py:104} INFO - Running <TaskInstance: dag_with_python_dependencies_v03.get_sklearn 2022-07-20T00:00:00+00:00 [running]> on host 799b1e36e3f1
[2024-06-24 14:21:48,133] {taskinstance.py:1257} INFO - Exporting the following env vars:
AIRFLOW_CTX_DAG_OWNER=coder2j
AIRFLOW_CTX_DAG_ID=dag_with_python_dependencies_v03
AIRFLOW_CTX_TASK_ID=get_sklearn
AIRFLOW_CTX_EXECUTION_DATE=2022-07-20T00:00:00+00:00
AIRFLOW_CTX_DAG_RUN_ID=scheduled__2022-07-20T00:00:00+00:00
[2024-06-24 14:21:52,028] {logging_mixin.py:104} INFO - sklearn with version: 0.24.2
[2024-06-24 14:21:52,031] {python.py:118} INFO - Done. Returned value was: None
[2024-06-24 14:21:52,117] {taskinstance.py:1166} INFO - Marking task as SUCCESS. dag_id=dag_with_python_dependencies_v03, task_id=get_sklearn, execution_date=20220720T000000, start_date=20240624T142147, end_date=20240624T142152
[2024-06-24 14:21:52,239] {taskinstance.py:1220} INFO - 1 downstream tasks scheduled from follow-on schedule check
[2024-06-24 14:21:52,336] {local_task_job.py:146} INFO - Task exited with return code 0
