[2024-06-24 14:55:31,269] {taskinstance.py:851} INFO - Dependencies all met for <TaskInstance: our_first_dag_v5.first_task 2023-11-12T00:00:00+00:00 [queued]>
[2024-06-24 14:55:31,359] {taskinstance.py:851} INFO - Dependencies all met for <TaskInstance: our_first_dag_v5.first_task 2023-11-12T00:00:00+00:00 [queued]>
[2024-06-24 14:55:31,381] {taskinstance.py:1042} INFO - 
--------------------------------------------------------------------------------
[2024-06-24 14:55:31,389] {taskinstance.py:1043} INFO - Starting attempt 1 of 6
[2024-06-24 14:55:31,397] {taskinstance.py:1044} INFO - 
--------------------------------------------------------------------------------
[2024-06-24 14:55:31,525] {taskinstance.py:1063} INFO - Executing <Task(BashOperator): first_task> on 2023-11-12T00:00:00+00:00
[2024-06-24 14:55:31,549] {standard_task_runner.py:52} INFO - Started process 27262 to run task
[2024-06-24 14:55:31,599] {standard_task_runner.py:76} INFO - Running: ['airflow', 'tasks', 'run', 'our_first_dag_v5', 'first_task', '2023-11-12T00:00:00+00:00', '--job-id', '9862', '--pool', 'default_pool', '--raw', '--subdir', 'DAGS_FOLDER/our_first_dag.py', '--cfg-path', '/tmp/tmpl5vb2i7u', '--error-file', '/tmp/tmp6y3x1stf']
[2024-06-24 14:55:31,610] {standard_task_runner.py:77} INFO - Job 9862: Subtask first_task
[2024-06-24 14:55:32,066] {logging_mixin.py:104} INFO - Running <TaskInstance: our_first_dag_v5.first_task 2023-11-12T00:00:00+00:00 [running]> on host 799b1e36e3f1
[2024-06-24 14:55:32,318] {taskinstance.py:1257} INFO - Exporting the following env vars:
AIRFLOW_CTX_DAG_OWNER=coder2j
AIRFLOW_CTX_DAG_ID=our_first_dag_v5
AIRFLOW_CTX_TASK_ID=first_task
AIRFLOW_CTX_EXECUTION_DATE=2023-11-12T00:00:00+00:00
AIRFLOW_CTX_DAG_RUN_ID=scheduled__2023-11-12T00:00:00+00:00
[2024-06-24 14:55:32,320] {bash.py:135} INFO - Tmp dir root location: 
 /tmp
[2024-06-24 14:55:32,324] {bash.py:158} INFO - Running command: echo hello world, this is the first task!
[2024-06-24 14:55:32,339] {bash.py:169} INFO - Output:
[2024-06-24 14:55:32,345] {bash.py:173} INFO - hello world, this is the first task!
[2024-06-24 14:55:32,347] {bash.py:177} INFO - Command exited with return code 0
[2024-06-24 14:55:32,704] {taskinstance.py:1166} INFO - Marking task as SUCCESS. dag_id=our_first_dag_v5, task_id=first_task, execution_date=20231112T000000, start_date=20240624T145531, end_date=20240624T145532
[2024-06-24 14:55:32,966] {taskinstance.py:1220} INFO - 2 downstream tasks scheduled from follow-on schedule check
[2024-06-24 14:55:33,163] {local_task_job.py:146} INFO - Task exited with return code 0
