[2024-06-24 12:55:47,515] {taskinstance.py:851} INFO - Dependencies all met for <TaskInstance: dag_with_cron_expression_v04.task1 2023-12-28T03:00:00+00:00 [queued]>
[2024-06-24 12:55:47,568] {taskinstance.py:851} INFO - Dependencies all met for <TaskInstance: dag_with_cron_expression_v04.task1 2023-12-28T03:00:00+00:00 [queued]>
[2024-06-24 12:55:47,571] {taskinstance.py:1042} INFO - 
--------------------------------------------------------------------------------
[2024-06-24 12:55:47,575] {taskinstance.py:1043} INFO - Starting attempt 1 of 6
[2024-06-24 12:55:47,578] {taskinstance.py:1044} INFO - 
--------------------------------------------------------------------------------
[2024-06-24 12:55:47,900] {taskinstance.py:1063} INFO - Executing <Task(BashOperator): task1> on 2023-12-28T03:00:00+00:00
[2024-06-24 12:55:47,975] {standard_task_runner.py:52} INFO - Started process 31004 to run task
[2024-06-24 12:55:48,007] {standard_task_runner.py:76} INFO - Running: ['airflow', 'tasks', 'run', 'dag_with_cron_expression_v04', 'task1', '2023-12-28T03:00:00+00:00', '--job-id', '1361', '--pool', 'default_pool', '--raw', '--subdir', 'DAGS_FOLDER/dag_with_cron_expression.py', '--cfg-path', '/tmp/tmph_hpjc1l', '--error-file', '/tmp/tmpu1_3bnfz']
[2024-06-24 12:55:48,071] {standard_task_runner.py:77} INFO - Job 1361: Subtask task1
[2024-06-24 12:55:48,570] {logging_mixin.py:104} INFO - Running <TaskInstance: dag_with_cron_expression_v04.task1 2023-12-28T03:00:00+00:00 [running]> on host 799b1e36e3f1
[2024-06-24 12:55:48,919] {taskinstance.py:1257} INFO - Exporting the following env vars:
AIRFLOW_CTX_DAG_OWNER=coder2j
AIRFLOW_CTX_DAG_ID=dag_with_cron_expression_v04
AIRFLOW_CTX_TASK_ID=task1
AIRFLOW_CTX_EXECUTION_DATE=2023-12-28T03:00:00+00:00
AIRFLOW_CTX_DAG_RUN_ID=scheduled__2023-12-28T03:00:00+00:00
[2024-06-24 12:55:48,926] {bash.py:135} INFO - Tmp dir root location: 
 /tmp
[2024-06-24 12:55:48,935] {bash.py:158} INFO - Running command: echo dag with cron expression!
[2024-06-24 12:55:49,009] {bash.py:169} INFO - Output:
[2024-06-24 12:55:49,016] {bash.py:173} INFO - dag with cron expression!
[2024-06-24 12:55:49,021] {bash.py:177} INFO - Command exited with return code 0
[2024-06-24 12:55:49,641] {taskinstance.py:1166} INFO - Marking task as SUCCESS. dag_id=dag_with_cron_expression_v04, task_id=task1, execution_date=20231228T030000, start_date=20240624T125547, end_date=20240624T125549
[2024-06-24 12:55:49,847] {taskinstance.py:1220} INFO - 0 downstream tasks scheduled from follow-on schedule check
[2024-06-24 12:55:49,913] {local_task_job.py:146} INFO - Task exited with return code 0
