[2024-06-24 14:20:15,977] {taskinstance.py:851} INFO - Dependencies all met for <TaskInstance: our_dag_with_python_operator_v07.get_age 2022-07-16T00:00:00+00:00 [queued]>
[2024-06-24 14:20:16,016] {taskinstance.py:851} INFO - Dependencies all met for <TaskInstance: our_dag_with_python_operator_v07.get_age 2022-07-16T00:00:00+00:00 [queued]>
[2024-06-24 14:20:16,021] {taskinstance.py:1042} INFO - 
--------------------------------------------------------------------------------
[2024-06-24 14:20:16,022] {taskinstance.py:1043} INFO - Starting attempt 1 of 6
[2024-06-24 14:20:16,023] {taskinstance.py:1044} INFO - 
--------------------------------------------------------------------------------
[2024-06-24 14:20:16,060] {taskinstance.py:1063} INFO - Executing <Task(PythonOperator): get_age> on 2022-07-16T00:00:00+00:00
[2024-06-24 14:20:16,071] {standard_task_runner.py:52} INFO - Started process 3505 to run task
[2024-06-24 14:20:16,086] {standard_task_runner.py:76} INFO - Running: ['airflow', 'tasks', 'run', 'our_dag_with_python_operator_v07', 'get_age', '2022-07-16T00:00:00+00:00', '--job-id', '3736', '--pool', 'default_pool', '--raw', '--subdir', 'DAGS_FOLDER/create_dag_with_python_operator.py', '--cfg-path', '/tmp/tmpvu7rhoe8', '--error-file', '/tmp/tmpspow4r2v']
[2024-06-24 14:20:16,092] {standard_task_runner.py:77} INFO - Job 3736: Subtask get_age
[2024-06-24 14:20:16,265] {logging_mixin.py:104} INFO - Running <TaskInstance: our_dag_with_python_operator_v07.get_age 2022-07-16T00:00:00+00:00 [running]> on host 799b1e36e3f1
[2024-06-24 14:20:16,576] {taskinstance.py:1257} INFO - Exporting the following env vars:
AIRFLOW_CTX_DAG_OWNER=coder2j
AIRFLOW_CTX_DAG_ID=our_dag_with_python_operator_v07
AIRFLOW_CTX_TASK_ID=get_age
AIRFLOW_CTX_EXECUTION_DATE=2022-07-16T00:00:00+00:00
AIRFLOW_CTX_DAG_RUN_ID=scheduled__2022-07-16T00:00:00+00:00
[2024-06-24 14:20:16,659] {python.py:118} INFO - Done. Returned value was: None
[2024-06-24 14:20:16,713] {taskinstance.py:1166} INFO - Marking task as SUCCESS. dag_id=our_dag_with_python_operator_v07, task_id=get_age, execution_date=20220716T000000, start_date=20240624T142015, end_date=20240624T142016
[2024-06-24 14:20:16,868] {taskinstance.py:1220} INFO - 1 downstream tasks scheduled from follow-on schedule check
[2024-06-24 14:20:16,916] {local_task_job.py:146} INFO - Task exited with return code 0
