[2024-06-24 12:58:05,773] {taskinstance.py:851} INFO - Dependencies all met for <TaskInstance: dag_with_taskflow_api_v02.get_name 2022-02-12T00:00:00+00:00 [queued]>
[2024-06-24 12:58:05,850] {taskinstance.py:851} INFO - Dependencies all met for <TaskInstance: dag_with_taskflow_api_v02.get_name 2022-02-12T00:00:00+00:00 [queued]>
[2024-06-24 12:58:05,855] {taskinstance.py:1042} INFO - 
--------------------------------------------------------------------------------
[2024-06-24 12:58:05,856] {taskinstance.py:1043} INFO - Starting attempt 1 of 6
[2024-06-24 12:58:05,867] {taskinstance.py:1044} INFO - 
--------------------------------------------------------------------------------
[2024-06-24 12:58:05,984] {taskinstance.py:1063} INFO - Executing <Task(_PythonDecoratedOperator): get_name> on 2022-02-12T00:00:00+00:00
[2024-06-24 12:58:06,004] {standard_task_runner.py:52} INFO - Started process 33139 to run task
[2024-06-24 12:58:06,050] {standard_task_runner.py:76} INFO - Running: ['airflow', 'tasks', 'run', 'dag_with_taskflow_api_v02', 'get_name', '2022-02-12T00:00:00+00:00', '--job-id', '1875', '--pool', 'default_pool', '--raw', '--subdir', 'DAGS_FOLDER/dag_with_taskflow_api.py', '--cfg-path', '/tmp/tmpozkuk87n', '--error-file', '/tmp/tmphl21nv6a']
[2024-06-24 12:58:06,066] {standard_task_runner.py:77} INFO - Job 1875: Subtask get_name
[2024-06-24 12:58:06,414] {logging_mixin.py:104} INFO - Running <TaskInstance: dag_with_taskflow_api_v02.get_name 2022-02-12T00:00:00+00:00 [running]> on host 799b1e36e3f1
[2024-06-24 12:58:06,687] {taskinstance.py:1257} INFO - Exporting the following env vars:
AIRFLOW_CTX_DAG_OWNER=coder2j
AIRFLOW_CTX_DAG_ID=dag_with_taskflow_api_v02
AIRFLOW_CTX_TASK_ID=get_name
AIRFLOW_CTX_EXECUTION_DATE=2022-02-12T00:00:00+00:00
AIRFLOW_CTX_DAG_RUN_ID=scheduled__2022-02-12T00:00:00+00:00
[2024-06-24 12:58:07,505] {taskinstance.py:1166} INFO - Marking task as SUCCESS. dag_id=dag_with_taskflow_api_v02, task_id=get_name, execution_date=20220212T000000, start_date=20240624T125805, end_date=20240624T125807
[2024-06-24 12:58:07,759] {taskinstance.py:1220} INFO - 0 downstream tasks scheduled from follow-on schedule check
[2024-06-24 12:58:07,786] {local_task_job.py:146} INFO - Task exited with return code 0
