[2024-06-24 14:30:19,369] {taskinstance.py:851} INFO - Dependencies all met for <TaskInstance: dag_with_python_dependencies_v03.get_sklearn 2023-05-03T00:00:00+00:00 [queued]>
[2024-06-24 14:30:19,448] {taskinstance.py:851} INFO - Dependencies all met for <TaskInstance: dag_with_python_dependencies_v03.get_sklearn 2023-05-03T00:00:00+00:00 [queued]>
[2024-06-24 14:30:19,452] {taskinstance.py:1042} INFO - 
--------------------------------------------------------------------------------
[2024-06-24 14:30:19,453] {taskinstance.py:1043} INFO - Starting attempt 1 of 1
[2024-06-24 14:30:19,454] {taskinstance.py:1044} INFO - 
--------------------------------------------------------------------------------
[2024-06-24 14:30:19,594] {taskinstance.py:1063} INFO - Executing <Task(PythonOperator): get_sklearn> on 2023-05-03T00:00:00+00:00
[2024-06-24 14:30:19,671] {standard_task_runner.py:52} INFO - Started process 19063 to run task
[2024-06-24 14:30:19,685] {standard_task_runner.py:76} INFO - Running: ['airflow', 'tasks', 'run', 'dag_with_python_dependencies_v03', 'get_sklearn', '2023-05-03T00:00:00+00:00', '--job-id', '7880', '--pool', 'default_pool', '--raw', '--subdir', 'DAGS_FOLDER/dag_with_python_dependencies.py', '--cfg-path', '/tmp/tmp_n5rryr0', '--error-file', '/tmp/tmp3rm1zq_3']
[2024-06-24 14:30:19,699] {standard_task_runner.py:77} INFO - Job 7880: Subtask get_sklearn
[2024-06-24 14:30:19,938] {logging_mixin.py:104} INFO - Running <TaskInstance: dag_with_python_dependencies_v03.get_sklearn 2023-05-03T00:00:00+00:00 [running]> on host 799b1e36e3f1
[2024-06-24 14:30:20,117] {taskinstance.py:1257} INFO - Exporting the following env vars:
AIRFLOW_CTX_DAG_OWNER=coder2j
AIRFLOW_CTX_DAG_ID=dag_with_python_dependencies_v03
AIRFLOW_CTX_TASK_ID=get_sklearn
AIRFLOW_CTX_EXECUTION_DATE=2023-05-03T00:00:00+00:00
AIRFLOW_CTX_DAG_RUN_ID=scheduled__2023-05-03T00:00:00+00:00
[2024-06-24 14:30:23,160] {logging_mixin.py:104} INFO - sklearn with version: 0.24.2
[2024-06-24 14:30:23,161] {python.py:118} INFO - Done. Returned value was: None
[2024-06-24 14:30:23,208] {taskinstance.py:1166} INFO - Marking task as SUCCESS. dag_id=dag_with_python_dependencies_v03, task_id=get_sklearn, execution_date=20230503T000000, start_date=20240624T143019, end_date=20240624T143023
[2024-06-24 14:30:23,421] {taskinstance.py:1220} INFO - 1 downstream tasks scheduled from follow-on schedule check
[2024-06-24 14:30:23,544] {local_task_job.py:146} INFO - Task exited with return code 0
