[2024-06-24 14:27:16,822] {taskinstance.py:851} INFO - Dependencies all met for <TaskInstance: dag_with_taskflow_api_v02.get_age 2023-04-07T00:00:00+00:00 [queued]>
[2024-06-24 14:27:16,848] {taskinstance.py:851} INFO - Dependencies all met for <TaskInstance: dag_with_taskflow_api_v02.get_age 2023-04-07T00:00:00+00:00 [queued]>
[2024-06-24 14:27:16,853] {taskinstance.py:1042} INFO - 
--------------------------------------------------------------------------------
[2024-06-24 14:27:16,854] {taskinstance.py:1043} INFO - Starting attempt 1 of 6
[2024-06-24 14:27:16,854] {taskinstance.py:1044} INFO - 
--------------------------------------------------------------------------------
[2024-06-24 14:27:16,946] {taskinstance.py:1063} INFO - Executing <Task(_PythonDecoratedOperator): get_age> on 2023-04-07T00:00:00+00:00
[2024-06-24 14:27:16,970] {standard_task_runner.py:52} INFO - Started process 14182 to run task
[2024-06-24 14:27:16,989] {standard_task_runner.py:76} INFO - Running: ['airflow', 'tasks', 'run', 'dag_with_taskflow_api_v02', 'get_age', '2023-04-07T00:00:00+00:00', '--job-id', '6578', '--pool', 'default_pool', '--raw', '--subdir', 'DAGS_FOLDER/dag_with_taskflow_api.py', '--cfg-path', '/tmp/tmpro34knqk', '--error-file', '/tmp/tmp0tty7yib']
[2024-06-24 14:27:17,002] {standard_task_runner.py:77} INFO - Job 6578: Subtask get_age
[2024-06-24 14:27:17,294] {logging_mixin.py:104} INFO - Running <TaskInstance: dag_with_taskflow_api_v02.get_age 2023-04-07T00:00:00+00:00 [running]> on host 799b1e36e3f1
[2024-06-24 14:27:17,584] {taskinstance.py:1257} INFO - Exporting the following env vars:
AIRFLOW_CTX_DAG_OWNER=coder2j
AIRFLOW_CTX_DAG_ID=dag_with_taskflow_api_v02
AIRFLOW_CTX_TASK_ID=get_age
AIRFLOW_CTX_EXECUTION_DATE=2023-04-07T00:00:00+00:00
AIRFLOW_CTX_DAG_RUN_ID=scheduled__2023-04-07T00:00:00+00:00
[2024-06-24 14:27:17,656] {taskinstance.py:1166} INFO - Marking task as SUCCESS. dag_id=dag_with_taskflow_api_v02, task_id=get_age, execution_date=20230407T000000, start_date=20240624T142716, end_date=20240624T142717
[2024-06-24 14:27:17,837] {taskinstance.py:1220} INFO - 1 downstream tasks scheduled from follow-on schedule check
[2024-06-24 14:27:17,884] {local_task_job.py:146} INFO - Task exited with return code 0
