[2024-06-24 15:03:18,618] {taskinstance.py:851} INFO - Dependencies all met for <TaskInstance: dag_with_taskflow_api_v02.get_name 2024-03-27T00:00:00+00:00 [queued]>
[2024-06-24 15:03:18,702] {taskinstance.py:851} INFO - Dependencies all met for <TaskInstance: dag_with_taskflow_api_v02.get_name 2024-03-27T00:00:00+00:00 [queued]>
[2024-06-24 15:03:18,724] {taskinstance.py:1042} INFO - 
--------------------------------------------------------------------------------
[2024-06-24 15:03:18,725] {taskinstance.py:1043} INFO - Starting attempt 1 of 6
[2024-06-24 15:03:18,733] {taskinstance.py:1044} INFO - 
--------------------------------------------------------------------------------
[2024-06-24 15:03:18,820] {taskinstance.py:1063} INFO - Executing <Task(_PythonDecoratedOperator): get_name> on 2024-03-27T00:00:00+00:00
[2024-06-24 15:03:18,840] {standard_task_runner.py:52} INFO - Started process 30611 to run task
[2024-06-24 15:03:18,856] {standard_task_runner.py:76} INFO - Running: ['airflow', 'tasks', 'run', 'dag_with_taskflow_api_v02', 'get_name', '2024-03-27T00:00:00+00:00', '--job-id', '10718', '--pool', 'default_pool', '--raw', '--subdir', 'DAGS_FOLDER/dag_with_taskflow_api.py', '--cfg-path', '/tmp/tmpzxo5k657', '--error-file', '/tmp/tmpdmp495al']
[2024-06-24 15:03:18,864] {standard_task_runner.py:77} INFO - Job 10718: Subtask get_name
[2024-06-24 15:03:19,092] {logging_mixin.py:104} INFO - Running <TaskInstance: dag_with_taskflow_api_v02.get_name 2024-03-27T00:00:00+00:00 [running]> on host 799b1e36e3f1
[2024-06-24 15:03:19,435] {taskinstance.py:1257} INFO - Exporting the following env vars:
AIRFLOW_CTX_DAG_OWNER=coder2j
AIRFLOW_CTX_DAG_ID=dag_with_taskflow_api_v02
AIRFLOW_CTX_TASK_ID=get_name
AIRFLOW_CTX_EXECUTION_DATE=2024-03-27T00:00:00+00:00
AIRFLOW_CTX_DAG_RUN_ID=scheduled__2024-03-27T00:00:00+00:00
[2024-06-24 15:03:19,728] {taskinstance.py:1166} INFO - Marking task as SUCCESS. dag_id=dag_with_taskflow_api_v02, task_id=get_name, execution_date=20240327T000000, start_date=20240624T150318, end_date=20240624T150319
[2024-06-24 15:03:19,983] {taskinstance.py:1220} INFO - 1 downstream tasks scheduled from follow-on schedule check
[2024-06-24 15:03:20,014] {local_task_job.py:146} INFO - Task exited with return code 0
