[2024-06-24 14:22:44,344] {taskinstance.py:851} INFO - Dependencies all met for <TaskInstance: our_dag_with_python_operator_v07.get_name 2022-09-28T00:00:00+00:00 [queued]>
[2024-06-24 14:22:44,399] {taskinstance.py:851} INFO - Dependencies all met for <TaskInstance: our_dag_with_python_operator_v07.get_name 2022-09-28T00:00:00+00:00 [queued]>
[2024-06-24 14:22:44,401] {taskinstance.py:1042} INFO - 
--------------------------------------------------------------------------------
[2024-06-24 14:22:44,404] {taskinstance.py:1043} INFO - Starting attempt 1 of 6
[2024-06-24 14:22:44,406] {taskinstance.py:1044} INFO - 
--------------------------------------------------------------------------------
[2024-06-24 14:22:44,481] {taskinstance.py:1063} INFO - Executing <Task(PythonOperator): get_name> on 2022-09-28T00:00:00+00:00
[2024-06-24 14:22:44,498] {standard_task_runner.py:52} INFO - Started process 6817 to run task
[2024-06-24 14:22:44,510] {standard_task_runner.py:76} INFO - Running: ['airflow', 'tasks', 'run', 'our_dag_with_python_operator_v07', 'get_name', '2022-09-28T00:00:00+00:00', '--job-id', '4590', '--pool', 'default_pool', '--raw', '--subdir', 'DAGS_FOLDER/create_dag_with_python_operator.py', '--cfg-path', '/tmp/tmpz8i0beds', '--error-file', '/tmp/tmpq7qirrci']
[2024-06-24 14:22:44,517] {standard_task_runner.py:77} INFO - Job 4590: Subtask get_name
[2024-06-24 14:22:44,892] {logging_mixin.py:104} INFO - Running <TaskInstance: our_dag_with_python_operator_v07.get_name 2022-09-28T00:00:00+00:00 [running]> on host 799b1e36e3f1
[2024-06-24 14:22:45,158] {taskinstance.py:1257} INFO - Exporting the following env vars:
AIRFLOW_CTX_DAG_OWNER=coder2j
AIRFLOW_CTX_DAG_ID=our_dag_with_python_operator_v07
AIRFLOW_CTX_TASK_ID=get_name
AIRFLOW_CTX_EXECUTION_DATE=2022-09-28T00:00:00+00:00
AIRFLOW_CTX_DAG_RUN_ID=scheduled__2022-09-28T00:00:00+00:00
[2024-06-24 14:22:45,316] {python.py:118} INFO - Done. Returned value was: None
[2024-06-24 14:22:45,390] {taskinstance.py:1166} INFO - Marking task as SUCCESS. dag_id=our_dag_with_python_operator_v07, task_id=get_name, execution_date=20220928T000000, start_date=20240624T142244, end_date=20240624T142245
[2024-06-24 14:22:45,528] {taskinstance.py:1220} INFO - 0 downstream tasks scheduled from follow-on schedule check
[2024-06-24 14:22:45,575] {local_task_job.py:146} INFO - Task exited with return code 0
