[2024-06-24 14:23:20,605] {taskinstance.py:851} INFO - Dependencies all met for <TaskInstance: dag_with_taskflow_api_v02.get_age 2022-10-17T00:00:00+00:00 [queued]>
[2024-06-24 14:23:20,689] {taskinstance.py:851} INFO - Dependencies all met for <TaskInstance: dag_with_taskflow_api_v02.get_age 2022-10-17T00:00:00+00:00 [queued]>
[2024-06-24 14:23:20,690] {taskinstance.py:1042} INFO - 
--------------------------------------------------------------------------------
[2024-06-24 14:23:20,693] {taskinstance.py:1043} INFO - Starting attempt 1 of 6
[2024-06-24 14:23:20,695] {taskinstance.py:1044} INFO - 
--------------------------------------------------------------------------------
[2024-06-24 14:23:20,798] {taskinstance.py:1063} INFO - Executing <Task(_PythonDecoratedOperator): get_age> on 2022-10-17T00:00:00+00:00
[2024-06-24 14:23:20,817] {standard_task_runner.py:52} INFO - Started process 7793 to run task
[2024-06-24 14:23:20,852] {standard_task_runner.py:76} INFO - Running: ['airflow', 'tasks', 'run', 'dag_with_taskflow_api_v02', 'get_age', '2022-10-17T00:00:00+00:00', '--job-id', '4843', '--pool', 'default_pool', '--raw', '--subdir', 'DAGS_FOLDER/dag_with_taskflow_api.py', '--cfg-path', '/tmp/tmprgej2q8u', '--error-file', '/tmp/tmp8z_ts1ea']
[2024-06-24 14:23:20,868] {standard_task_runner.py:77} INFO - Job 4843: Subtask get_age
[2024-06-24 14:23:21,078] {logging_mixin.py:104} INFO - Running <TaskInstance: dag_with_taskflow_api_v02.get_age 2022-10-17T00:00:00+00:00 [running]> on host 799b1e36e3f1
[2024-06-24 14:23:21,243] {taskinstance.py:1257} INFO - Exporting the following env vars:
AIRFLOW_CTX_DAG_OWNER=coder2j
AIRFLOW_CTX_DAG_ID=dag_with_taskflow_api_v02
AIRFLOW_CTX_TASK_ID=get_age
AIRFLOW_CTX_EXECUTION_DATE=2022-10-17T00:00:00+00:00
AIRFLOW_CTX_DAG_RUN_ID=scheduled__2022-10-17T00:00:00+00:00
[2024-06-24 14:23:21,523] {taskinstance.py:1166} INFO - Marking task as SUCCESS. dag_id=dag_with_taskflow_api_v02, task_id=get_age, execution_date=20221017T000000, start_date=20240624T142320, end_date=20240624T142321
[2024-06-24 14:23:21,684] {taskinstance.py:1220} INFO - 1 downstream tasks scheduled from follow-on schedule check
[2024-06-24 14:23:21,733] {local_task_job.py:146} INFO - Task exited with return code 0
