[2024-06-24 14:54:36,855] {taskinstance.py:851} INFO - Dependencies all met for <TaskInstance: our_dag_with_python_operator_v07.get_age 2024-01-09T00:00:00+00:00 [queued]>
[2024-06-24 14:54:36,898] {taskinstance.py:851} INFO - Dependencies all met for <TaskInstance: our_dag_with_python_operator_v07.get_age 2024-01-09T00:00:00+00:00 [queued]>
[2024-06-24 14:54:36,900] {taskinstance.py:1042} INFO - 
--------------------------------------------------------------------------------
[2024-06-24 14:54:36,909] {taskinstance.py:1043} INFO - Starting attempt 1 of 6
[2024-06-24 14:54:36,909] {taskinstance.py:1044} INFO - 
--------------------------------------------------------------------------------
[2024-06-24 14:54:36,964] {taskinstance.py:1063} INFO - Executing <Task(PythonOperator): get_age> on 2024-01-09T00:00:00+00:00
[2024-06-24 14:54:37,020] {standard_task_runner.py:52} INFO - Started process 26915 to run task
[2024-06-24 14:54:37,033] {standard_task_runner.py:76} INFO - Running: ['airflow', 'tasks', 'run', 'our_dag_with_python_operator_v07', 'get_age', '2024-01-09T00:00:00+00:00', '--job-id', '9783', '--pool', 'default_pool', '--raw', '--subdir', 'DAGS_FOLDER/create_dag_with_python_operator.py', '--cfg-path', '/tmp/tmp46pmpt4w', '--error-file', '/tmp/tmpd5qlwx9l']
[2024-06-24 14:54:37,044] {standard_task_runner.py:77} INFO - Job 9783: Subtask get_age
[2024-06-24 14:54:37,236] {logging_mixin.py:104} INFO - Running <TaskInstance: our_dag_with_python_operator_v07.get_age 2024-01-09T00:00:00+00:00 [running]> on host 799b1e36e3f1
[2024-06-24 14:54:37,401] {taskinstance.py:1257} INFO - Exporting the following env vars:
AIRFLOW_CTX_DAG_OWNER=coder2j
AIRFLOW_CTX_DAG_ID=our_dag_with_python_operator_v07
AIRFLOW_CTX_TASK_ID=get_age
AIRFLOW_CTX_EXECUTION_DATE=2024-01-09T00:00:00+00:00
AIRFLOW_CTX_DAG_RUN_ID=scheduled__2024-01-09T00:00:00+00:00
[2024-06-24 14:54:37,473] {python.py:118} INFO - Done. Returned value was: None
[2024-06-24 14:54:37,510] {taskinstance.py:1166} INFO - Marking task as SUCCESS. dag_id=our_dag_with_python_operator_v07, task_id=get_age, execution_date=20240109T000000, start_date=20240624T145436, end_date=20240624T145437
[2024-06-24 14:54:37,908] {taskinstance.py:1220} INFO - 0 downstream tasks scheduled from follow-on schedule check
[2024-06-24 14:54:37,986] {local_task_job.py:146} INFO - Task exited with return code 0
