[2024-06-24 12:54:17,869] {taskinstance.py:851} INFO - Dependencies all met for <TaskInstance: dag_with_taskflow_api_v02.get_name 2021-12-08T00:00:00+00:00 [queued]>
[2024-06-24 12:54:17,982] {taskinstance.py:851} INFO - Dependencies all met for <TaskInstance: dag_with_taskflow_api_v02.get_name 2021-12-08T00:00:00+00:00 [queued]>
[2024-06-24 12:54:17,989] {taskinstance.py:1042} INFO - 
--------------------------------------------------------------------------------
[2024-06-24 12:54:17,991] {taskinstance.py:1043} INFO - Starting attempt 1 of 6
[2024-06-24 12:54:18,005] {taskinstance.py:1044} INFO - 
--------------------------------------------------------------------------------
[2024-06-24 12:54:18,081] {taskinstance.py:1063} INFO - Executing <Task(_PythonDecoratedOperator): get_name> on 2021-12-08T00:00:00+00:00
[2024-06-24 12:54:18,103] {standard_task_runner.py:52} INFO - Started process 29427 to run task
[2024-06-24 12:54:18,129] {standard_task_runner.py:76} INFO - Running: ['airflow', 'tasks', 'run', 'dag_with_taskflow_api_v02', 'get_name', '2021-12-08T00:00:00+00:00', '--job-id', '969', '--pool', 'default_pool', '--raw', '--subdir', 'DAGS_FOLDER/dag_with_taskflow_api.py', '--cfg-path', '/tmp/tmp16h9dbz0', '--error-file', '/tmp/tmpmhkbcd80']
[2024-06-24 12:54:18,141] {standard_task_runner.py:77} INFO - Job 969: Subtask get_name
[2024-06-24 12:54:18,423] {logging_mixin.py:104} INFO - Running <TaskInstance: dag_with_taskflow_api_v02.get_name 2021-12-08T00:00:00+00:00 [running]> on host 799b1e36e3f1
[2024-06-24 12:54:18,662] {taskinstance.py:1257} INFO - Exporting the following env vars:
AIRFLOW_CTX_DAG_OWNER=coder2j
AIRFLOW_CTX_DAG_ID=dag_with_taskflow_api_v02
AIRFLOW_CTX_TASK_ID=get_name
AIRFLOW_CTX_EXECUTION_DATE=2021-12-08T00:00:00+00:00
AIRFLOW_CTX_DAG_RUN_ID=scheduled__2021-12-08T00:00:00+00:00
[2024-06-24 12:54:18,978] {taskinstance.py:1166} INFO - Marking task as SUCCESS. dag_id=dag_with_taskflow_api_v02, task_id=get_name, execution_date=20211208T000000, start_date=20240624T125417, end_date=20240624T125418
[2024-06-24 12:54:19,109] {taskinstance.py:1220} INFO - 0 downstream tasks scheduled from follow-on schedule check
[2024-06-24 12:54:19,139] {local_task_job.py:146} INFO - Task exited with return code 0
