[2024-06-24 15:05:22,444] {taskinstance.py:851} INFO - Dependencies all met for <TaskInstance: dag_with_taskflow_api_v02.get_age 2024-05-07T00:00:00+00:00 [queued]>
[2024-06-24 15:05:22,539] {taskinstance.py:851} INFO - Dependencies all met for <TaskInstance: dag_with_taskflow_api_v02.get_age 2024-05-07T00:00:00+00:00 [queued]>
[2024-06-24 15:05:22,560] {taskinstance.py:1042} INFO - 
--------------------------------------------------------------------------------
[2024-06-24 15:05:22,566] {taskinstance.py:1043} INFO - Starting attempt 1 of 6
[2024-06-24 15:05:22,569] {taskinstance.py:1044} INFO - 
--------------------------------------------------------------------------------
[2024-06-24 15:05:22,611] {taskinstance.py:1063} INFO - Executing <Task(_PythonDecoratedOperator): get_age> on 2024-05-07T00:00:00+00:00
[2024-06-24 15:05:22,622] {standard_task_runner.py:52} INFO - Started process 33446 to run task
[2024-06-24 15:05:22,635] {standard_task_runner.py:76} INFO - Running: ['airflow', 'tasks', 'run', 'dag_with_taskflow_api_v02', 'get_age', '2024-05-07T00:00:00+00:00', '--job-id', '11450', '--pool', 'default_pool', '--raw', '--subdir', 'DAGS_FOLDER/dag_with_taskflow_api.py', '--cfg-path', '/tmp/tmp20d_zqql', '--error-file', '/tmp/tmp9_z0kftk']
[2024-06-24 15:05:22,656] {standard_task_runner.py:77} INFO - Job 11450: Subtask get_age
[2024-06-24 15:05:22,815] {logging_mixin.py:104} INFO - Running <TaskInstance: dag_with_taskflow_api_v02.get_age 2024-05-07T00:00:00+00:00 [running]> on host 799b1e36e3f1
[2024-06-24 15:05:23,091] {taskinstance.py:1257} INFO - Exporting the following env vars:
AIRFLOW_CTX_DAG_OWNER=coder2j
AIRFLOW_CTX_DAG_ID=dag_with_taskflow_api_v02
AIRFLOW_CTX_TASK_ID=get_age
AIRFLOW_CTX_EXECUTION_DATE=2024-05-07T00:00:00+00:00
AIRFLOW_CTX_DAG_RUN_ID=scheduled__2024-05-07T00:00:00+00:00
[2024-06-24 15:05:23,308] {taskinstance.py:1166} INFO - Marking task as SUCCESS. dag_id=dag_with_taskflow_api_v02, task_id=get_age, execution_date=20240507T000000, start_date=20240624T150522, end_date=20240624T150523
[2024-06-24 15:05:23,433] {taskinstance.py:1220} INFO - 0 downstream tasks scheduled from follow-on schedule check
[2024-06-24 15:05:23,499] {local_task_job.py:146} INFO - Task exited with return code 0
