[2024-06-24 12:57:37,472] {taskinstance.py:851} INFO - Dependencies all met for <TaskInstance: our_first_dag_v5.second_task 2021-11-17T00:00:00+00:00 [queued]>
[2024-06-24 12:57:37,559] {taskinstance.py:851} INFO - Dependencies all met for <TaskInstance: our_first_dag_v5.second_task 2021-11-17T00:00:00+00:00 [queued]>
[2024-06-24 12:57:37,562] {taskinstance.py:1042} INFO - 
--------------------------------------------------------------------------------
[2024-06-24 12:57:37,563] {taskinstance.py:1043} INFO - Starting attempt 1 of 6
[2024-06-24 12:57:37,565] {taskinstance.py:1044} INFO - 
--------------------------------------------------------------------------------
[2024-06-24 12:57:37,663] {taskinstance.py:1063} INFO - Executing <Task(BashOperator): second_task> on 2021-11-17T00:00:00+00:00
[2024-06-24 12:57:37,676] {standard_task_runner.py:52} INFO - Started process 32673 to run task
[2024-06-24 12:57:37,694] {standard_task_runner.py:76} INFO - Running: ['airflow', 'tasks', 'run', 'our_first_dag_v5', 'second_task', '2021-11-17T00:00:00+00:00', '--job-id', '1764', '--pool', 'default_pool', '--raw', '--subdir', 'DAGS_FOLDER/our_first_dag.py', '--cfg-path', '/tmp/tmpewayj7r5', '--error-file', '/tmp/tmplm2vs4gt']
[2024-06-24 12:57:37,706] {standard_task_runner.py:77} INFO - Job 1764: Subtask second_task
[2024-06-24 12:57:37,926] {logging_mixin.py:104} INFO - Running <TaskInstance: our_first_dag_v5.second_task 2021-11-17T00:00:00+00:00 [running]> on host 799b1e36e3f1
[2024-06-24 12:57:38,757] {taskinstance.py:1257} INFO - Exporting the following env vars:
AIRFLOW_CTX_DAG_OWNER=coder2j
AIRFLOW_CTX_DAG_ID=our_first_dag_v5
AIRFLOW_CTX_TASK_ID=second_task
AIRFLOW_CTX_EXECUTION_DATE=2021-11-17T00:00:00+00:00
AIRFLOW_CTX_DAG_RUN_ID=scheduled__2021-11-17T00:00:00+00:00
[2024-06-24 12:57:38,766] {bash.py:135} INFO - Tmp dir root location: 
 /tmp
[2024-06-24 12:57:38,782] {bash.py:158} INFO - Running command: echo hey, I am task2 and will be running after task1!
[2024-06-24 12:57:38,990] {bash.py:169} INFO - Output:
[2024-06-24 12:57:39,007] {bash.py:173} INFO - hey, I am task2 and will be running after task1!
[2024-06-24 12:57:39,009] {bash.py:177} INFO - Command exited with return code 0
[2024-06-24 12:57:39,393] {taskinstance.py:1166} INFO - Marking task as SUCCESS. dag_id=our_first_dag_v5, task_id=second_task, execution_date=20211117T000000, start_date=20240624T125737, end_date=20240624T125739
[2024-06-24 12:57:39,830] {taskinstance.py:1220} INFO - 0 downstream tasks scheduled from follow-on schedule check
[2024-06-24 12:57:39,942] {local_task_job.py:146} INFO - Task exited with return code 0
