[2024-06-24 14:49:14,300] {taskinstance.py:851} INFO - Dependencies all met for <TaskInstance: our_dag_with_python_operator_v07.get_age 2023-11-28T00:00:00+00:00 [queued]>
[2024-06-24 14:49:14,740] {taskinstance.py:851} INFO - Dependencies all met for <TaskInstance: our_dag_with_python_operator_v07.get_age 2023-11-28T00:00:00+00:00 [queued]>
[2024-06-24 14:49:14,746] {taskinstance.py:1042} INFO - 
--------------------------------------------------------------------------------
[2024-06-24 14:49:14,761] {taskinstance.py:1043} INFO - Starting attempt 1 of 6
[2024-06-24 14:49:14,776] {taskinstance.py:1044} INFO - 
--------------------------------------------------------------------------------
[2024-06-24 14:49:15,240] {taskinstance.py:1063} INFO - Executing <Task(PythonOperator): get_age> on 2023-11-28T00:00:00+00:00
[2024-06-24 14:49:15,391] {standard_task_runner.py:52} INFO - Started process 24673 to run task
[2024-06-24 14:49:15,858] {standard_task_runner.py:76} INFO - Running: ['airflow', 'tasks', 'run', 'our_dag_with_python_operator_v07', 'get_age', '2023-11-28T00:00:00+00:00', '--job-id', '9275', '--pool', 'default_pool', '--raw', '--subdir', 'DAGS_FOLDER/create_dag_with_python_operator.py', '--cfg-path', '/tmp/tmpkxve13w_', '--error-file', '/tmp/tmp3mqu1b9a']
[2024-06-24 14:49:16,062] {standard_task_runner.py:77} INFO - Job 9275: Subtask get_age
[2024-06-24 14:49:17,379] {logging_mixin.py:104} INFO - Running <TaskInstance: our_dag_with_python_operator_v07.get_age 2023-11-28T00:00:00+00:00 [running]> on host 799b1e36e3f1
[2024-06-24 14:49:18,503] {taskinstance.py:1257} INFO - Exporting the following env vars:
AIRFLOW_CTX_DAG_OWNER=coder2j
AIRFLOW_CTX_DAG_ID=our_dag_with_python_operator_v07
AIRFLOW_CTX_TASK_ID=get_age
AIRFLOW_CTX_EXECUTION_DATE=2023-11-28T00:00:00+00:00
AIRFLOW_CTX_DAG_RUN_ID=scheduled__2023-11-28T00:00:00+00:00
[2024-06-24 14:49:19,014] {python.py:118} INFO - Done. Returned value was: None
[2024-06-24 14:49:19,405] {taskinstance.py:1166} INFO - Marking task as SUCCESS. dag_id=our_dag_with_python_operator_v07, task_id=get_age, execution_date=20231128T000000, start_date=20240624T144914, end_date=20240624T144919
[2024-06-24 14:49:19,807] {taskinstance.py:1220} INFO - 1 downstream tasks scheduled from follow-on schedule check
[2024-06-24 14:49:20,146] {local_task_job.py:146} INFO - Task exited with return code 0
