[2024-06-24 15:04:44,706] {taskinstance.py:851} INFO - Dependencies all met for <TaskInstance: dag_with_taskflow_api_v02.get_age 2024-05-15T00:00:00+00:00 [queued]>
[2024-06-24 15:04:44,789] {taskinstance.py:851} INFO - Dependencies all met for <TaskInstance: dag_with_taskflow_api_v02.get_age 2024-05-15T00:00:00+00:00 [queued]>
[2024-06-24 15:04:44,794] {taskinstance.py:1042} INFO - 
--------------------------------------------------------------------------------
[2024-06-24 15:04:44,796] {taskinstance.py:1043} INFO - Starting attempt 1 of 6
[2024-06-24 15:04:44,798] {taskinstance.py:1044} INFO - 
--------------------------------------------------------------------------------
[2024-06-24 15:04:44,850] {taskinstance.py:1063} INFO - Executing <Task(_PythonDecoratedOperator): get_age> on 2024-05-15T00:00:00+00:00
[2024-06-24 15:04:44,872] {standard_task_runner.py:52} INFO - Started process 32548 to run task
[2024-06-24 15:04:44,883] {standard_task_runner.py:76} INFO - Running: ['airflow', 'tasks', 'run', 'dag_with_taskflow_api_v02', 'get_age', '2024-05-15T00:00:00+00:00', '--job-id', '11216', '--pool', 'default_pool', '--raw', '--subdir', 'DAGS_FOLDER/dag_with_taskflow_api.py', '--cfg-path', '/tmp/tmpsu5wxa2l', '--error-file', '/tmp/tmpihym31y3']
[2024-06-24 15:04:44,889] {standard_task_runner.py:77} INFO - Job 11216: Subtask get_age
[2024-06-24 15:04:45,192] {logging_mixin.py:104} INFO - Running <TaskInstance: dag_with_taskflow_api_v02.get_age 2024-05-15T00:00:00+00:00 [running]> on host 799b1e36e3f1
[2024-06-24 15:04:45,538] {taskinstance.py:1257} INFO - Exporting the following env vars:
AIRFLOW_CTX_DAG_OWNER=coder2j
AIRFLOW_CTX_DAG_ID=dag_with_taskflow_api_v02
AIRFLOW_CTX_TASK_ID=get_age
AIRFLOW_CTX_EXECUTION_DATE=2024-05-15T00:00:00+00:00
AIRFLOW_CTX_DAG_RUN_ID=scheduled__2024-05-15T00:00:00+00:00
[2024-06-24 15:04:45,645] {taskinstance.py:1166} INFO - Marking task as SUCCESS. dag_id=dag_with_taskflow_api_v02, task_id=get_age, execution_date=20240515T000000, start_date=20240624T150444, end_date=20240624T150445
[2024-06-24 15:04:45,815] {taskinstance.py:1220} INFO - 0 downstream tasks scheduled from follow-on schedule check
[2024-06-24 15:04:45,890] {local_task_job.py:146} INFO - Task exited with return code 0
