[2024-06-24 15:02:33,565] {taskinstance.py:851} INFO - Dependencies all met for <TaskInstance: our_dag_with_python_operator_v07.greet 2024-02-29T00:00:00+00:00 [queued]>
[2024-06-24 15:02:33,673] {taskinstance.py:851} INFO - Dependencies all met for <TaskInstance: our_dag_with_python_operator_v07.greet 2024-02-29T00:00:00+00:00 [queued]>
[2024-06-24 15:02:33,688] {taskinstance.py:1042} INFO - 
--------------------------------------------------------------------------------
[2024-06-24 15:02:33,706] {taskinstance.py:1043} INFO - Starting attempt 1 of 6
[2024-06-24 15:02:33,735] {taskinstance.py:1044} INFO - 
--------------------------------------------------------------------------------
[2024-06-24 15:02:33,883] {taskinstance.py:1063} INFO - Executing <Task(PythonOperator): greet> on 2024-02-29T00:00:00+00:00
[2024-06-24 15:02:33,892] {standard_task_runner.py:52} INFO - Started process 29643 to run task
[2024-06-24 15:02:33,904] {standard_task_runner.py:76} INFO - Running: ['airflow', 'tasks', 'run', 'our_dag_with_python_operator_v07', 'greet', '2024-02-29T00:00:00+00:00', '--job-id', '10463', '--pool', 'default_pool', '--raw', '--subdir', 'DAGS_FOLDER/create_dag_with_python_operator.py', '--cfg-path', '/tmp/tmp44vjx84j', '--error-file', '/tmp/tmp0otq0qfc']
[2024-06-24 15:02:33,978] {standard_task_runner.py:77} INFO - Job 10463: Subtask greet
[2024-06-24 15:02:34,336] {logging_mixin.py:104} INFO - Running <TaskInstance: our_dag_with_python_operator_v07.greet 2024-02-29T00:00:00+00:00 [running]> on host 799b1e36e3f1
[2024-06-24 15:02:34,700] {taskinstance.py:1257} INFO - Exporting the following env vars:
AIRFLOW_CTX_DAG_OWNER=coder2j
AIRFLOW_CTX_DAG_ID=our_dag_with_python_operator_v07
AIRFLOW_CTX_TASK_ID=greet
AIRFLOW_CTX_EXECUTION_DATE=2024-02-29T00:00:00+00:00
AIRFLOW_CTX_DAG_RUN_ID=scheduled__2024-02-29T00:00:00+00:00
[2024-06-24 15:02:34,711] {logging_mixin.py:104} INFO - some dict:  {'a': 1, 'b': 2}
[2024-06-24 15:02:34,834] {logging_mixin.py:104} INFO - Hello World! My name is Jerry Fridman, and I am 19 years old!
[2024-06-24 15:02:34,842] {python.py:118} INFO - Done. Returned value was: None
[2024-06-24 15:02:34,899] {taskinstance.py:1166} INFO - Marking task as SUCCESS. dag_id=our_dag_with_python_operator_v07, task_id=greet, execution_date=20240229T000000, start_date=20240624T150233, end_date=20240624T150234
[2024-06-24 15:02:35,131] {taskinstance.py:1220} INFO - 0 downstream tasks scheduled from follow-on schedule check
[2024-06-24 15:02:35,197] {local_task_job.py:146} INFO - Task exited with return code 0
