[2024-06-24 14:29:01,319] {taskinstance.py:851} INFO - Dependencies all met for <TaskInstance: our_dag_with_python_operator_v07.greet 2023-06-12T00:00:00+00:00 [queued]>
[2024-06-24 14:29:01,425] {taskinstance.py:851} INFO - Dependencies all met for <TaskInstance: our_dag_with_python_operator_v07.greet 2023-06-12T00:00:00+00:00 [queued]>
[2024-06-24 14:29:01,426] {taskinstance.py:1042} INFO - 
--------------------------------------------------------------------------------
[2024-06-24 14:29:01,427] {taskinstance.py:1043} INFO - Starting attempt 1 of 6
[2024-06-24 14:29:01,428] {taskinstance.py:1044} INFO - 
--------------------------------------------------------------------------------
[2024-06-24 14:29:01,477] {taskinstance.py:1063} INFO - Executing <Task(PythonOperator): greet> on 2023-06-12T00:00:00+00:00
[2024-06-24 14:29:01,486] {standard_task_runner.py:52} INFO - Started process 16909 to run task
[2024-06-24 14:29:01,499] {standard_task_runner.py:76} INFO - Running: ['airflow', 'tasks', 'run', 'our_dag_with_python_operator_v07', 'greet', '2023-06-12T00:00:00+00:00', '--job-id', '7318', '--pool', 'default_pool', '--raw', '--subdir', 'DAGS_FOLDER/create_dag_with_python_operator.py', '--cfg-path', '/tmp/tmpgw978r5b', '--error-file', '/tmp/tmpg4zvd65l']
[2024-06-24 14:29:01,510] {standard_task_runner.py:77} INFO - Job 7318: Subtask greet
[2024-06-24 14:29:01,692] {logging_mixin.py:104} INFO - Running <TaskInstance: our_dag_with_python_operator_v07.greet 2023-06-12T00:00:00+00:00 [running]> on host 799b1e36e3f1
[2024-06-24 14:29:01,853] {taskinstance.py:1257} INFO - Exporting the following env vars:
AIRFLOW_CTX_DAG_OWNER=coder2j
AIRFLOW_CTX_DAG_ID=our_dag_with_python_operator_v07
AIRFLOW_CTX_TASK_ID=greet
AIRFLOW_CTX_EXECUTION_DATE=2023-06-12T00:00:00+00:00
AIRFLOW_CTX_DAG_RUN_ID=scheduled__2023-06-12T00:00:00+00:00
[2024-06-24 14:29:01,855] {logging_mixin.py:104} INFO - some dict:  {'a': 1, 'b': 2}
[2024-06-24 14:29:01,935] {logging_mixin.py:104} INFO - Hello World! My name is Jerry Fridman, and I am 19 years old!
[2024-06-24 14:29:01,940] {python.py:118} INFO - Done. Returned value was: None
[2024-06-24 14:29:01,990] {taskinstance.py:1166} INFO - Marking task as SUCCESS. dag_id=our_dag_with_python_operator_v07, task_id=greet, execution_date=20230612T000000, start_date=20240624T142901, end_date=20240624T142901
[2024-06-24 14:29:02,074] {taskinstance.py:1220} INFO - 0 downstream tasks scheduled from follow-on schedule check
[2024-06-24 14:29:02,121] {local_task_job.py:146} INFO - Task exited with return code 0
