[2024-06-24 12:53:58,719] {taskinstance.py:851} INFO - Dependencies all met for <TaskInstance: dag_with_taskflow_api_v02.get_age 2021-12-06T00:00:00+00:00 [queued]>
[2024-06-24 12:53:58,803] {taskinstance.py:851} INFO - Dependencies all met for <TaskInstance: dag_with_taskflow_api_v02.get_age 2021-12-06T00:00:00+00:00 [queued]>
[2024-06-24 12:53:58,824] {taskinstance.py:1042} INFO - 
--------------------------------------------------------------------------------
[2024-06-24 12:53:58,829] {taskinstance.py:1043} INFO - Starting attempt 1 of 6
[2024-06-24 12:53:58,834] {taskinstance.py:1044} INFO - 
--------------------------------------------------------------------------------
[2024-06-24 12:53:59,030] {taskinstance.py:1063} INFO - Executing <Task(_PythonDecoratedOperator): get_age> on 2021-12-06T00:00:00+00:00
[2024-06-24 12:53:59,167] {standard_task_runner.py:52} INFO - Started process 29105 to run task
[2024-06-24 12:53:59,161] {standard_task_runner.py:76} INFO - Running: ['airflow', 'tasks', 'run', 'dag_with_taskflow_api_v02', 'get_age', '2021-12-06T00:00:00+00:00', '--job-id', '895', '--pool', 'default_pool', '--raw', '--subdir', 'DAGS_FOLDER/dag_with_taskflow_api.py', '--cfg-path', '/tmp/tmpm2x2thv8', '--error-file', '/tmp/tmps227_ke1']
[2024-06-24 12:53:59,197] {standard_task_runner.py:77} INFO - Job 895: Subtask get_age
[2024-06-24 12:53:59,692] {logging_mixin.py:104} INFO - Running <TaskInstance: dag_with_taskflow_api_v02.get_age 2021-12-06T00:00:00+00:00 [running]> on host 799b1e36e3f1
[2024-06-24 12:54:00,128] {taskinstance.py:1257} INFO - Exporting the following env vars:
AIRFLOW_CTX_DAG_OWNER=coder2j
AIRFLOW_CTX_DAG_ID=dag_with_taskflow_api_v02
AIRFLOW_CTX_TASK_ID=get_age
AIRFLOW_CTX_EXECUTION_DATE=2021-12-06T00:00:00+00:00
AIRFLOW_CTX_DAG_RUN_ID=scheduled__2021-12-06T00:00:00+00:00
[2024-06-24 12:54:00,385] {taskinstance.py:1166} INFO - Marking task as SUCCESS. dag_id=dag_with_taskflow_api_v02, task_id=get_age, execution_date=20211206T000000, start_date=20240624T125358, end_date=20240624T125400
[2024-06-24 12:54:00,607] {taskinstance.py:1220} INFO - 0 downstream tasks scheduled from follow-on schedule check
[2024-06-24 12:54:00,642] {local_task_job.py:146} INFO - Task exited with return code 0
