[2024-07-12 11:11:19,841] {taskinstance.py:851} INFO - Dependencies all met for <TaskInstance: our_first_dag_v5.first_task 2024-07-05T00:00:00+00:00 [queued]>
[2024-07-12 11:11:19,896] {taskinstance.py:851} INFO - Dependencies all met for <TaskInstance: our_first_dag_v5.first_task 2024-07-05T00:00:00+00:00 [queued]>
[2024-07-12 11:11:19,898] {taskinstance.py:1042} INFO - 
--------------------------------------------------------------------------------
[2024-07-12 11:11:19,899] {taskinstance.py:1043} INFO - Starting attempt 1 of 6
[2024-07-12 11:11:19,900] {taskinstance.py:1044} INFO - 
--------------------------------------------------------------------------------
[2024-07-12 11:11:19,926] {taskinstance.py:1063} INFO - Executing <Task(BashOperator): first_task> on 2024-07-05T00:00:00+00:00
[2024-07-12 11:11:19,937] {standard_task_runner.py:52} INFO - Started process 184 to run task
[2024-07-12 11:11:19,959] {standard_task_runner.py:76} INFO - Running: ['airflow', 'tasks', 'run', 'our_first_dag_v5', 'first_task', '2024-07-05T00:00:00+00:00', '--job-id', '12314', '--pool', 'default_pool', '--raw', '--subdir', 'DAGS_FOLDER/our_first_dag.py', '--cfg-path', '/tmp/tmp0texg4dr', '--error-file', '/tmp/tmp9n31nu2t']
[2024-07-12 11:11:19,985] {standard_task_runner.py:77} INFO - Job 12314: Subtask first_task
[2024-07-12 11:11:21,013] {logging_mixin.py:104} INFO - Running <TaskInstance: our_first_dag_v5.first_task 2024-07-05T00:00:00+00:00 [running]> on host 799b1e36e3f1
[2024-07-12 11:11:21,430] {taskinstance.py:1257} INFO - Exporting the following env vars:
AIRFLOW_CTX_DAG_OWNER=coder2j
AIRFLOW_CTX_DAG_ID=our_first_dag_v5
AIRFLOW_CTX_TASK_ID=first_task
AIRFLOW_CTX_EXECUTION_DATE=2024-07-05T00:00:00+00:00
AIRFLOW_CTX_DAG_RUN_ID=scheduled__2024-07-05T00:00:00+00:00
[2024-07-12 11:11:21,446] {bash.py:135} INFO - Tmp dir root location: 
 /tmp
[2024-07-12 11:11:21,469] {bash.py:158} INFO - Running command: echo hello world, this is the first task!
[2024-07-12 11:11:21,544] {bash.py:169} INFO - Output:
[2024-07-12 11:11:21,554] {bash.py:173} INFO - hello world, this is the first task!
[2024-07-12 11:11:21,565] {bash.py:177} INFO - Command exited with return code 0
[2024-07-12 11:11:21,911] {taskinstance.py:1166} INFO - Marking task as SUCCESS. dag_id=our_first_dag_v5, task_id=first_task, execution_date=20240705T000000, start_date=20240712T111119, end_date=20240712T111121
[2024-07-12 11:11:22,765] {taskinstance.py:1220} INFO - 0 downstream tasks scheduled from follow-on schedule check
[2024-07-12 11:11:22,875] {local_task_job.py:146} INFO - Task exited with return code 0
