[2024-07-04 19:07:16,396] {taskinstance.py:851} INFO - Dependencies all met for <TaskInstance: dag_with_taskflow_api_v02.get_name 2024-07-02T00:00:00+00:00 [queued]>
[2024-07-04 19:07:16,489] {taskinstance.py:851} INFO - Dependencies all met for <TaskInstance: dag_with_taskflow_api_v02.get_name 2024-07-02T00:00:00+00:00 [queued]>
[2024-07-04 19:07:16,490] {taskinstance.py:1042} INFO - 
--------------------------------------------------------------------------------
[2024-07-04 19:07:16,509] {taskinstance.py:1043} INFO - Starting attempt 1 of 6
[2024-07-04 19:07:16,516] {taskinstance.py:1044} INFO - 
--------------------------------------------------------------------------------
[2024-07-04 19:07:16,668] {taskinstance.py:1063} INFO - Executing <Task(_PythonDecoratedOperator): get_name> on 2024-07-02T00:00:00+00:00
[2024-07-04 19:07:16,678] {standard_task_runner.py:52} INFO - Started process 414 to run task
[2024-07-04 19:07:16,691] {standard_task_runner.py:76} INFO - Running: ['airflow', 'tasks', 'run', 'dag_with_taskflow_api_v02', 'get_name', '2024-07-02T00:00:00+00:00', '--job-id', '12277', '--pool', 'default_pool', '--raw', '--subdir', 'DAGS_FOLDER/dag_with_taskflow_api.py', '--cfg-path', '/tmp/tmpxshks70i', '--error-file', '/tmp/tmpj1vob7me']
[2024-07-04 19:07:16,708] {standard_task_runner.py:77} INFO - Job 12277: Subtask get_name
[2024-07-04 19:07:16,989] {logging_mixin.py:104} INFO - Running <TaskInstance: dag_with_taskflow_api_v02.get_name 2024-07-02T00:00:00+00:00 [running]> on host 799b1e36e3f1
[2024-07-04 19:07:17,264] {taskinstance.py:1257} INFO - Exporting the following env vars:
AIRFLOW_CTX_DAG_OWNER=coder2j
AIRFLOW_CTX_DAG_ID=dag_with_taskflow_api_v02
AIRFLOW_CTX_TASK_ID=get_name
AIRFLOW_CTX_EXECUTION_DATE=2024-07-02T00:00:00+00:00
AIRFLOW_CTX_DAG_RUN_ID=scheduled__2024-07-02T00:00:00+00:00
[2024-07-04 19:07:17,531] {taskinstance.py:1166} INFO - Marking task as SUCCESS. dag_id=dag_with_taskflow_api_v02, task_id=get_name, execution_date=20240702T000000, start_date=20240704T190716, end_date=20240704T190717
[2024-07-04 19:07:17,839] {taskinstance.py:1220} INFO - 1 downstream tasks scheduled from follow-on schedule check
[2024-07-04 19:07:17,917] {local_task_job.py:146} INFO - Task exited with return code 0
