[2024-06-24 14:21:40,731] {taskinstance.py:851} INFO - Dependencies all met for <TaskInstance: dag_with_taskflow_api_v02.get_name 2022-08-23T00:00:00+00:00 [queued]>
[2024-06-24 14:21:40,756] {taskinstance.py:851} INFO - Dependencies all met for <TaskInstance: dag_with_taskflow_api_v02.get_name 2022-08-23T00:00:00+00:00 [queued]>
[2024-06-24 14:21:40,760] {taskinstance.py:1042} INFO - 
--------------------------------------------------------------------------------
[2024-06-24 14:21:40,761] {taskinstance.py:1043} INFO - Starting attempt 1 of 6
[2024-06-24 14:21:40,762] {taskinstance.py:1044} INFO - 
--------------------------------------------------------------------------------
[2024-06-24 14:21:40,826] {taskinstance.py:1063} INFO - Executing <Task(_PythonDecoratedOperator): get_name> on 2022-08-23T00:00:00+00:00
[2024-06-24 14:21:40,847] {standard_task_runner.py:52} INFO - Started process 5141 to run task
[2024-06-24 14:21:40,864] {standard_task_runner.py:76} INFO - Running: ['airflow', 'tasks', 'run', 'dag_with_taskflow_api_v02', 'get_name', '2022-08-23T00:00:00+00:00', '--job-id', '4149', '--pool', 'default_pool', '--raw', '--subdir', 'DAGS_FOLDER/dag_with_taskflow_api.py', '--cfg-path', '/tmp/tmphz47r7az', '--error-file', '/tmp/tmpp5ao9evt']
[2024-06-24 14:21:40,878] {standard_task_runner.py:77} INFO - Job 4149: Subtask get_name
[2024-06-24 14:21:41,147] {logging_mixin.py:104} INFO - Running <TaskInstance: dag_with_taskflow_api_v02.get_name 2022-08-23T00:00:00+00:00 [running]> on host 799b1e36e3f1
[2024-06-24 14:21:41,377] {taskinstance.py:1257} INFO - Exporting the following env vars:
AIRFLOW_CTX_DAG_OWNER=coder2j
AIRFLOW_CTX_DAG_ID=dag_with_taskflow_api_v02
AIRFLOW_CTX_TASK_ID=get_name
AIRFLOW_CTX_EXECUTION_DATE=2022-08-23T00:00:00+00:00
AIRFLOW_CTX_DAG_RUN_ID=scheduled__2022-08-23T00:00:00+00:00
[2024-06-24 14:21:41,611] {taskinstance.py:1166} INFO - Marking task as SUCCESS. dag_id=dag_with_taskflow_api_v02, task_id=get_name, execution_date=20220823T000000, start_date=20240624T142140, end_date=20240624T142141
[2024-06-24 14:21:41,750] {taskinstance.py:1220} INFO - 1 downstream tasks scheduled from follow-on schedule check
[2024-06-24 14:21:41,813] {local_task_job.py:146} INFO - Task exited with return code 0
