[2024-06-24 14:41:25,601] {taskinstance.py:851} INFO - Dependencies all met for <TaskInstance: our_first_dag_v5.thrid_task 2023-08-12T00:00:00+00:00 [queued]>
[2024-06-24 14:41:26,248] {taskinstance.py:851} INFO - Dependencies all met for <TaskInstance: our_first_dag_v5.thrid_task 2023-08-12T00:00:00+00:00 [queued]>
[2024-06-24 14:41:26,270] {taskinstance.py:1042} INFO - 
--------------------------------------------------------------------------------
[2024-06-24 14:41:26,272] {taskinstance.py:1043} INFO - Starting attempt 1 of 6
[2024-06-24 14:41:26,289] {taskinstance.py:1044} INFO - 
--------------------------------------------------------------------------------
[2024-06-24 14:41:26,449] {taskinstance.py:1063} INFO - Executing <Task(BashOperator): thrid_task> on 2023-08-12T00:00:00+00:00
[2024-06-24 14:41:26,486] {standard_task_runner.py:52} INFO - Started process 22666 to run task
[2024-06-24 14:41:26,539] {standard_task_runner.py:76} INFO - Running: ['airflow', 'tasks', 'run', 'our_first_dag_v5', 'thrid_task', '2023-08-12T00:00:00+00:00', '--job-id', '8800', '--pool', 'default_pool', '--raw', '--subdir', 'DAGS_FOLDER/our_first_dag.py', '--cfg-path', '/tmp/tmpf3rlagu3', '--error-file', '/tmp/tmpucxlk3j3']
[2024-06-24 14:41:26,758] {standard_task_runner.py:77} INFO - Job 8800: Subtask thrid_task
[2024-06-24 14:41:28,169] {logging_mixin.py:104} INFO - Running <TaskInstance: our_first_dag_v5.thrid_task 2023-08-12T00:00:00+00:00 [running]> on host 799b1e36e3f1
[2024-06-24 14:41:29,185] {taskinstance.py:1257} INFO - Exporting the following env vars:
AIRFLOW_CTX_DAG_OWNER=coder2j
AIRFLOW_CTX_DAG_ID=our_first_dag_v5
AIRFLOW_CTX_TASK_ID=thrid_task
AIRFLOW_CTX_EXECUTION_DATE=2023-08-12T00:00:00+00:00
AIRFLOW_CTX_DAG_RUN_ID=scheduled__2023-08-12T00:00:00+00:00
[2024-06-24 14:41:29,195] {bash.py:135} INFO - Tmp dir root location: 
 /tmp
[2024-06-24 14:41:29,208] {bash.py:158} INFO - Running command: echo hey, I am task3 and will be running after task1 at the same time as task2!
[2024-06-24 14:41:29,366] {bash.py:169} INFO - Output:
[2024-06-24 14:41:29,396] {bash.py:173} INFO - hey, I am task3 and will be running after task1 at the same time as task2!
[2024-06-24 14:41:29,421] {bash.py:177} INFO - Command exited with return code 0
[2024-06-24 14:41:31,385] {taskinstance.py:1166} INFO - Marking task as SUCCESS. dag_id=our_first_dag_v5, task_id=thrid_task, execution_date=20230812T000000, start_date=20240624T144125, end_date=20240624T144131
[2024-06-24 14:41:31,751] {taskinstance.py:1220} INFO - 0 downstream tasks scheduled from follow-on schedule check
[2024-06-24 14:41:31,822] {local_task_job.py:188} WARNING - State of this instance has been externally set to success. Terminating instance.
[2024-06-24 14:41:31,834] {process_utils.py:100} INFO - Sending Signals.SIGTERM to GPID 22666
[2024-06-24 14:41:31,874] {process_utils.py:66} INFO - Process psutil.Process(pid=22666, status='terminated', exitcode=0, started='14:41:26') (22666) terminated with exit code 0
