[2024-06-24 14:28:24,677] {taskinstance.py:851} INFO - Dependencies all met for <TaskInstance: our_dag_with_python_operator_v07.get_age 2023-05-19T00:00:00+00:00 [queued]>
[2024-06-24 14:28:24,718] {taskinstance.py:851} INFO - Dependencies all met for <TaskInstance: our_dag_with_python_operator_v07.get_age 2023-05-19T00:00:00+00:00 [queued]>
[2024-06-24 14:28:24,721] {taskinstance.py:1042} INFO - 
--------------------------------------------------------------------------------
[2024-06-24 14:28:24,723] {taskinstance.py:1043} INFO - Starting attempt 1 of 6
[2024-06-24 14:28:24,725] {taskinstance.py:1044} INFO - 
--------------------------------------------------------------------------------
[2024-06-24 14:28:24,882] {taskinstance.py:1063} INFO - Executing <Task(PythonOperator): get_age> on 2023-05-19T00:00:00+00:00
[2024-06-24 14:28:24,927] {standard_task_runner.py:52} INFO - Started process 15967 to run task
[2024-06-24 14:28:24,947] {standard_task_runner.py:76} INFO - Running: ['airflow', 'tasks', 'run', 'our_dag_with_python_operator_v07', 'get_age', '2023-05-19T00:00:00+00:00', '--job-id', '7040', '--pool', 'default_pool', '--raw', '--subdir', 'DAGS_FOLDER/create_dag_with_python_operator.py', '--cfg-path', '/tmp/tmpjnvt2p64', '--error-file', '/tmp/tmp51fys7a8']
[2024-06-24 14:28:24,978] {standard_task_runner.py:77} INFO - Job 7040: Subtask get_age
[2024-06-24 14:28:25,429] {logging_mixin.py:104} INFO - Running <TaskInstance: our_dag_with_python_operator_v07.get_age 2023-05-19T00:00:00+00:00 [running]> on host 799b1e36e3f1
[2024-06-24 14:28:25,646] {taskinstance.py:1257} INFO - Exporting the following env vars:
AIRFLOW_CTX_DAG_OWNER=coder2j
AIRFLOW_CTX_DAG_ID=our_dag_with_python_operator_v07
AIRFLOW_CTX_TASK_ID=get_age
AIRFLOW_CTX_EXECUTION_DATE=2023-05-19T00:00:00+00:00
AIRFLOW_CTX_DAG_RUN_ID=scheduled__2023-05-19T00:00:00+00:00
[2024-06-24 14:28:25,727] {python.py:118} INFO - Done. Returned value was: None
[2024-06-24 14:28:25,822] {taskinstance.py:1166} INFO - Marking task as SUCCESS. dag_id=our_dag_with_python_operator_v07, task_id=get_age, execution_date=20230519T000000, start_date=20240624T142824, end_date=20240624T142825
[2024-06-24 14:28:25,991] {taskinstance.py:1220} INFO - 1 downstream tasks scheduled from follow-on schedule check
[2024-06-24 14:28:26,061] {local_task_job.py:146} INFO - Task exited with return code 0
