[2024-06-24 12:53:20,693] {taskinstance.py:851} INFO - Dependencies all met for <TaskInstance: dag_with_cron_expression_v04.task1 2023-09-01T03:00:00+00:00 [queued]>
[2024-06-24 12:53:20,791] {taskinstance.py:851} INFO - Dependencies all met for <TaskInstance: dag_with_cron_expression_v04.task1 2023-09-01T03:00:00+00:00 [queued]>
[2024-06-24 12:53:20,795] {taskinstance.py:1042} INFO - 
--------------------------------------------------------------------------------
[2024-06-24 12:53:20,797] {taskinstance.py:1043} INFO - Starting attempt 1 of 6
[2024-06-24 12:53:20,801] {taskinstance.py:1044} INFO - 
--------------------------------------------------------------------------------
[2024-06-24 12:53:20,880] {taskinstance.py:1063} INFO - Executing <Task(BashOperator): task1> on 2023-09-01T03:00:00+00:00
[2024-06-24 12:53:20,906] {standard_task_runner.py:52} INFO - Started process 28490 to run task
[2024-06-24 12:53:20,938] {standard_task_runner.py:76} INFO - Running: ['airflow', 'tasks', 'run', 'dag_with_cron_expression_v04', 'task1', '2023-09-01T03:00:00+00:00', '--job-id', '756', '--pool', 'default_pool', '--raw', '--subdir', 'DAGS_FOLDER/dag_with_cron_expression.py', '--cfg-path', '/tmp/tmp3a9179mw', '--error-file', '/tmp/tmp396w8s75']
[2024-06-24 12:53:20,985] {standard_task_runner.py:77} INFO - Job 756: Subtask task1
[2024-06-24 12:53:21,254] {logging_mixin.py:104} INFO - Running <TaskInstance: dag_with_cron_expression_v04.task1 2023-09-01T03:00:00+00:00 [running]> on host 799b1e36e3f1
[2024-06-24 12:53:21,577] {taskinstance.py:1257} INFO - Exporting the following env vars:
AIRFLOW_CTX_DAG_OWNER=coder2j
AIRFLOW_CTX_DAG_ID=dag_with_cron_expression_v04
AIRFLOW_CTX_TASK_ID=task1
AIRFLOW_CTX_EXECUTION_DATE=2023-09-01T03:00:00+00:00
AIRFLOW_CTX_DAG_RUN_ID=scheduled__2023-09-01T03:00:00+00:00
[2024-06-24 12:53:21,582] {bash.py:135} INFO - Tmp dir root location: 
 /tmp
[2024-06-24 12:53:21,590] {bash.py:158} INFO - Running command: echo dag with cron expression!
[2024-06-24 12:53:21,619] {bash.py:169} INFO - Output:
[2024-06-24 12:53:21,627] {bash.py:173} INFO - dag with cron expression!
[2024-06-24 12:53:21,629] {bash.py:177} INFO - Command exited with return code 0
[2024-06-24 12:53:21,777] {taskinstance.py:1166} INFO - Marking task as SUCCESS. dag_id=dag_with_cron_expression_v04, task_id=task1, execution_date=20230901T030000, start_date=20240624T125320, end_date=20240624T125321
[2024-06-24 12:53:21,961] {taskinstance.py:1220} INFO - 0 downstream tasks scheduled from follow-on schedule check
[2024-06-24 12:53:22,011] {local_task_job.py:146} INFO - Task exited with return code 0
