[2024-06-24 14:39:46,472] {taskinstance.py:851} INFO - Dependencies all met for <TaskInstance: our_first_dag_v5.second_task 2023-08-09T00:00:00+00:00 [queued]>
[2024-06-24 14:39:46,851] {taskinstance.py:851} INFO - Dependencies all met for <TaskInstance: our_first_dag_v5.second_task 2023-08-09T00:00:00+00:00 [queued]>
[2024-06-24 14:39:46,873] {taskinstance.py:1042} INFO - 
--------------------------------------------------------------------------------
[2024-06-24 14:39:46,878] {taskinstance.py:1043} INFO - Starting attempt 1 of 6
[2024-06-24 14:39:46,908] {taskinstance.py:1044} INFO - 
--------------------------------------------------------------------------------
[2024-06-24 14:39:47,440] {taskinstance.py:1063} INFO - Executing <Task(BashOperator): second_task> on 2023-08-09T00:00:00+00:00
[2024-06-24 14:39:47,881] {standard_task_runner.py:52} INFO - Started process 22453 to run task
[2024-06-24 14:39:47,968] {standard_task_runner.py:76} INFO - Running: ['airflow', 'tasks', 'run', 'our_first_dag_v5', 'second_task', '2023-08-09T00:00:00+00:00', '--job-id', '8756', '--pool', 'default_pool', '--raw', '--subdir', 'DAGS_FOLDER/our_first_dag.py', '--cfg-path', '/tmp/tmpm6955lsr', '--error-file', '/tmp/tmp_3x1fv6a']
[2024-06-24 14:39:48,120] {standard_task_runner.py:77} INFO - Job 8756: Subtask second_task
[2024-06-24 14:39:50,449] {logging_mixin.py:104} INFO - Running <TaskInstance: our_first_dag_v5.second_task 2023-08-09T00:00:00+00:00 [running]> on host 799b1e36e3f1
[2024-06-24 14:39:51,512] {taskinstance.py:1257} INFO - Exporting the following env vars:
AIRFLOW_CTX_DAG_OWNER=coder2j
AIRFLOW_CTX_DAG_ID=our_first_dag_v5
AIRFLOW_CTX_TASK_ID=second_task
AIRFLOW_CTX_EXECUTION_DATE=2023-08-09T00:00:00+00:00
AIRFLOW_CTX_DAG_RUN_ID=scheduled__2023-08-09T00:00:00+00:00
[2024-06-24 14:39:51,521] {bash.py:135} INFO - Tmp dir root location: 
 /tmp
[2024-06-24 14:39:51,563] {bash.py:158} INFO - Running command: echo hey, I am task2 and will be running after task1!
[2024-06-24 14:39:51,853] {bash.py:169} INFO - Output:
[2024-06-24 14:39:51,870] {bash.py:173} INFO - hey, I am task2 and will be running after task1!
[2024-06-24 14:39:51,878] {bash.py:177} INFO - Command exited with return code 0
[2024-06-24 14:39:52,901] {taskinstance.py:1166} INFO - Marking task as SUCCESS. dag_id=our_first_dag_v5, task_id=second_task, execution_date=20230809T000000, start_date=20240624T143946, end_date=20240624T143952
[2024-06-24 14:39:53,559] {local_task_job.py:188} WARNING - State of this instance has been externally set to success. Terminating instance.
[2024-06-24 14:39:53,608] {process_utils.py:100} INFO - Sending Signals.SIGTERM to GPID 22453
[2024-06-24 14:39:56,704] {taskinstance.py:1239} ERROR - Received SIGTERM. Terminating subprocesses.
[2024-06-24 14:39:56,726] {bash.py:185} INFO - Sending SIGTERM signal to bash process group
[2024-06-24 14:41:07,424] {process_utils.py:66} INFO - Process psutil.Process(pid=22453, status='terminated', exitcode=1, started='14:39:46') (22453) terminated with exit code 1
