[2024-07-23 11:11:11,681] {taskinstance.py:851} INFO - Dependencies all met for <TaskInstance: our_dag_with_python_operator_v07.get_age 2024-07-16T00:00:00+00:00 [queued]>
[2024-07-23 11:11:11,865] {taskinstance.py:851} INFO - Dependencies all met for <TaskInstance: our_dag_with_python_operator_v07.get_age 2024-07-16T00:00:00+00:00 [queued]>
[2024-07-23 11:11:11,867] {taskinstance.py:1042} INFO - 
--------------------------------------------------------------------------------
[2024-07-23 11:11:11,868] {taskinstance.py:1043} INFO - Starting attempt 1 of 6
[2024-07-23 11:11:11,869] {taskinstance.py:1044} INFO - 
--------------------------------------------------------------------------------
[2024-07-23 11:11:11,929] {taskinstance.py:1063} INFO - Executing <Task(PythonOperator): get_age> on 2024-07-16T00:00:00+00:00
[2024-07-23 11:11:11,944] {standard_task_runner.py:52} INFO - Started process 186 to run task
[2024-07-23 11:11:11,982] {standard_task_runner.py:76} INFO - Running: ['airflow', 'tasks', 'run', 'our_dag_with_python_operator_v07', 'get_age', '2024-07-16T00:00:00+00:00', '--job-id', '12445', '--pool', 'default_pool', '--raw', '--subdir', 'DAGS_FOLDER/create_dag_with_python_operator.py', '--cfg-path', '/tmp/tmpal075hbw', '--error-file', '/tmp/tmpc7gc8fh5']
[2024-07-23 11:11:12,143] {standard_task_runner.py:77} INFO - Job 12445: Subtask get_age
[2024-07-23 11:11:13,136] {logging_mixin.py:104} INFO - Running <TaskInstance: our_dag_with_python_operator_v07.get_age 2024-07-16T00:00:00+00:00 [running]> on host 799b1e36e3f1
[2024-07-23 11:11:13,762] {taskinstance.py:1257} INFO - Exporting the following env vars:
AIRFLOW_CTX_DAG_OWNER=coder2j
AIRFLOW_CTX_DAG_ID=our_dag_with_python_operator_v07
AIRFLOW_CTX_TASK_ID=get_age
AIRFLOW_CTX_EXECUTION_DATE=2024-07-16T00:00:00+00:00
AIRFLOW_CTX_DAG_RUN_ID=scheduled__2024-07-16T00:00:00+00:00
[2024-07-23 11:11:13,949] {python.py:118} INFO - Done. Returned value was: None
[2024-07-23 11:11:14,142] {taskinstance.py:1166} INFO - Marking task as SUCCESS. dag_id=our_dag_with_python_operator_v07, task_id=get_age, execution_date=20240716T000000, start_date=20240723T111111, end_date=20240723T111114
[2024-07-23 11:11:16,217] {taskinstance.py:1220} INFO - 0 downstream tasks scheduled from follow-on schedule check
[2024-07-23 11:11:16,321] {local_task_job.py:146} INFO - Task exited with return code 0
