[2024-06-24 12:54:06,694] {taskinstance.py:851} INFO - Dependencies all met for <TaskInstance: our_dag_with_python_operator_v07.get_age 2021-11-24T00:00:00+00:00 [queued]>
[2024-06-24 12:54:06,790] {taskinstance.py:851} INFO - Dependencies all met for <TaskInstance: our_dag_with_python_operator_v07.get_age 2021-11-24T00:00:00+00:00 [queued]>
[2024-06-24 12:54:06,806] {taskinstance.py:1042} INFO - 
--------------------------------------------------------------------------------
[2024-06-24 12:54:06,808] {taskinstance.py:1043} INFO - Starting attempt 1 of 6
[2024-06-24 12:54:06,812] {taskinstance.py:1044} INFO - 
--------------------------------------------------------------------------------
[2024-06-24 12:54:07,001] {taskinstance.py:1063} INFO - Executing <Task(PythonOperator): get_age> on 2021-11-24T00:00:00+00:00
[2024-06-24 12:54:07,054] {standard_task_runner.py:76} INFO - Running: ['airflow', 'tasks', 'run', 'our_dag_with_python_operator_v07', 'get_age', '2021-11-24T00:00:00+00:00', '--job-id', '926', '--pool', 'default_pool', '--raw', '--subdir', 'DAGS_FOLDER/create_dag_with_python_operator.py', '--cfg-path', '/tmp/tmpz97xpmyz', '--error-file', '/tmp/tmpg7_g8ztt']
[2024-06-24 12:54:07,066] {standard_task_runner.py:77} INFO - Job 926: Subtask get_age
[2024-06-24 12:54:07,050] {standard_task_runner.py:52} INFO - Started process 29261 to run task
[2024-06-24 12:54:08,012] {logging_mixin.py:104} INFO - Running <TaskInstance: our_dag_with_python_operator_v07.get_age 2021-11-24T00:00:00+00:00 [running]> on host 799b1e36e3f1
[2024-06-24 12:54:09,671] {taskinstance.py:1257} INFO - Exporting the following env vars:
AIRFLOW_CTX_DAG_OWNER=coder2j
AIRFLOW_CTX_DAG_ID=our_dag_with_python_operator_v07
AIRFLOW_CTX_TASK_ID=get_age
AIRFLOW_CTX_EXECUTION_DATE=2021-11-24T00:00:00+00:00
AIRFLOW_CTX_DAG_RUN_ID=scheduled__2021-11-24T00:00:00+00:00
[2024-06-24 12:54:09,789] {python.py:118} INFO - Done. Returned value was: None
[2024-06-24 12:54:09,902] {taskinstance.py:1166} INFO - Marking task as SUCCESS. dag_id=our_dag_with_python_operator_v07, task_id=get_age, execution_date=20211124T000000, start_date=20240624T125406, end_date=20240624T125409
[2024-06-24 12:54:10,138] {taskinstance.py:1220} INFO - 1 downstream tasks scheduled from follow-on schedule check
[2024-06-24 12:54:10,209] {local_task_job.py:146} INFO - Task exited with return code 0
