[2024-06-24 14:22:11,350] {taskinstance.py:851} INFO - Dependencies all met for <TaskInstance: our_dag_with_python_operator_v07.get_age 2022-09-06T00:00:00+00:00 [queued]>
[2024-06-24 14:22:11,422] {taskinstance.py:851} INFO - Dependencies all met for <TaskInstance: our_dag_with_python_operator_v07.get_age 2022-09-06T00:00:00+00:00 [queued]>
[2024-06-24 14:22:11,424] {taskinstance.py:1042} INFO - 
--------------------------------------------------------------------------------
[2024-06-24 14:22:11,425] {taskinstance.py:1043} INFO - Starting attempt 1 of 6
[2024-06-24 14:22:11,427] {taskinstance.py:1044} INFO - 
--------------------------------------------------------------------------------
[2024-06-24 14:22:11,578] {taskinstance.py:1063} INFO - Executing <Task(PythonOperator): get_age> on 2022-09-06T00:00:00+00:00
[2024-06-24 14:22:11,630] {standard_task_runner.py:52} INFO - Started process 5951 to run task
[2024-06-24 14:22:11,649] {standard_task_runner.py:76} INFO - Running: ['airflow', 'tasks', 'run', 'our_dag_with_python_operator_v07', 'get_age', '2022-09-06T00:00:00+00:00', '--job-id', '4364', '--pool', 'default_pool', '--raw', '--subdir', 'DAGS_FOLDER/create_dag_with_python_operator.py', '--cfg-path', '/tmp/tmptp1pyv63', '--error-file', '/tmp/tmpbsc9e33r']
[2024-06-24 14:22:11,656] {standard_task_runner.py:77} INFO - Job 4364: Subtask get_age
[2024-06-24 14:22:11,841] {logging_mixin.py:104} INFO - Running <TaskInstance: our_dag_with_python_operator_v07.get_age 2022-09-06T00:00:00+00:00 [running]> on host 799b1e36e3f1
[2024-06-24 14:22:12,227] {taskinstance.py:1257} INFO - Exporting the following env vars:
AIRFLOW_CTX_DAG_OWNER=coder2j
AIRFLOW_CTX_DAG_ID=our_dag_with_python_operator_v07
AIRFLOW_CTX_TASK_ID=get_age
AIRFLOW_CTX_EXECUTION_DATE=2022-09-06T00:00:00+00:00
AIRFLOW_CTX_DAG_RUN_ID=scheduled__2022-09-06T00:00:00+00:00
[2024-06-24 14:22:12,361] {python.py:118} INFO - Done. Returned value was: None
[2024-06-24 14:22:12,455] {taskinstance.py:1166} INFO - Marking task as SUCCESS. dag_id=our_dag_with_python_operator_v07, task_id=get_age, execution_date=20220906T000000, start_date=20240624T142211, end_date=20240624T142212
[2024-06-24 14:22:12,687] {taskinstance.py:1220} INFO - 1 downstream tasks scheduled from follow-on schedule check
[2024-06-24 14:22:12,744] {local_task_job.py:146} INFO - Task exited with return code 0
