[2024-06-24 14:38:37,104] {taskinstance.py:851} INFO - Dependencies all met for <TaskInstance: dag_with_python_dependencies_v03.get_matplotlib 2023-07-10T00:00:00+00:00 [queued]>
[2024-06-24 14:38:37,617] {taskinstance.py:851} INFO - Dependencies all met for <TaskInstance: dag_with_python_dependencies_v03.get_matplotlib 2023-07-10T00:00:00+00:00 [queued]>
[2024-06-24 14:38:37,653] {taskinstance.py:1042} INFO - 
--------------------------------------------------------------------------------
[2024-06-24 14:38:37,676] {taskinstance.py:1043} INFO - Starting attempt 1 of 1
[2024-06-24 14:38:37,701] {taskinstance.py:1044} INFO - 
--------------------------------------------------------------------------------
[2024-06-24 14:38:37,990] {taskinstance.py:1063} INFO - Executing <Task(PythonOperator): get_matplotlib> on 2023-07-10T00:00:00+00:00
[2024-06-24 14:38:38,174] {standard_task_runner.py:52} INFO - Started process 21879 to run task
[2024-06-24 14:38:38,312] {standard_task_runner.py:76} INFO - Running: ['airflow', 'tasks', 'run', 'dag_with_python_dependencies_v03', 'get_matplotlib', '2023-07-10T00:00:00+00:00', '--job-id', '8627', '--pool', 'default_pool', '--raw', '--subdir', 'DAGS_FOLDER/dag_with_python_dependencies.py', '--cfg-path', '/tmp/tmpsd5_wsr6', '--error-file', '/tmp/tmp9wjfi_zj']
[2024-06-24 14:38:38,399] {standard_task_runner.py:77} INFO - Job 8627: Subtask get_matplotlib
[2024-06-24 14:38:39,760] {logging_mixin.py:104} INFO - Running <TaskInstance: dag_with_python_dependencies_v03.get_matplotlib 2023-07-10T00:00:00+00:00 [running]> on host 799b1e36e3f1
[2024-06-24 14:38:41,178] {taskinstance.py:1257} INFO - Exporting the following env vars:
AIRFLOW_CTX_DAG_OWNER=coder2j
AIRFLOW_CTX_DAG_ID=dag_with_python_dependencies_v03
AIRFLOW_CTX_TASK_ID=get_matplotlib
AIRFLOW_CTX_EXECUTION_DATE=2023-07-10T00:00:00+00:00
AIRFLOW_CTX_DAG_RUN_ID=scheduled__2023-07-10T00:00:00+00:00
[2024-06-24 14:38:43,164] {__init__.py:482} WARNING - Matplotlib created a temporary config/cache directory at /tmp/matplotlib-v17th4yh because the default path (/home/airflow/.config/matplotlib) is not a writable directory; it is highly recommended to set the MPLCONFIGDIR environment variable to a writable directory, in particular to speed up the import of Matplotlib and to better support multiprocessing.
[2024-06-24 14:38:43,494] {logging_mixin.py:104} INFO - matplotlib with version: 3.3.3
[2024-06-24 14:38:43,517] {python.py:118} INFO - Done. Returned value was: None
[2024-06-24 14:38:43,689] {taskinstance.py:1166} INFO - Marking task as SUCCESS. dag_id=dag_with_python_dependencies_v03, task_id=get_matplotlib, execution_date=20230710T000000, start_date=20240624T143837, end_date=20240624T143843
[2024-06-24 14:38:44,345] {local_task_job.py:188} WARNING - State of this instance has been externally set to success. Terminating instance.
[2024-06-24 14:38:44,434] {process_utils.py:100} INFO - Sending Signals.SIGTERM to GPID 21879
[2024-06-24 14:38:44,451] {taskinstance.py:1239} ERROR - Received SIGTERM. Terminating subprocesses.
[2024-06-24 14:38:44,578] {process_utils.py:66} INFO - Process psutil.Process(pid=21879, status='terminated', exitcode=1, started='14:38:37') (21879) terminated with exit code 1
