[2024-07-24 00:00:08,244] {taskinstance.py:851} INFO - Dependencies all met for <TaskInstance: our_first_dag_v5.first_task 2024-07-23T00:00:00+00:00 [queued]>
[2024-07-24 00:00:08,352] {taskinstance.py:851} INFO - Dependencies all met for <TaskInstance: our_first_dag_v5.first_task 2024-07-23T00:00:00+00:00 [queued]>
[2024-07-24 00:00:08,365] {taskinstance.py:1042} INFO - 
--------------------------------------------------------------------------------
[2024-07-24 00:00:08,369] {taskinstance.py:1043} INFO - Starting attempt 1 of 6
[2024-07-24 00:00:08,376] {taskinstance.py:1044} INFO - 
--------------------------------------------------------------------------------
[2024-07-24 00:00:08,596] {taskinstance.py:1063} INFO - Executing <Task(BashOperator): first_task> on 2024-07-23T00:00:00+00:00
[2024-07-24 00:00:08,768] {standard_task_runner.py:52} INFO - Started process 27859 to run task
[2024-07-24 00:00:08,829] {standard_task_runner.py:76} INFO - Running: ['airflow', 'tasks', 'run', 'our_first_dag_v5', 'first_task', '2024-07-23T00:00:00+00:00', '--job-id', '12533', '--pool', 'default_pool', '--raw', '--subdir', 'DAGS_FOLDER/our_first_dag.py', '--cfg-path', '/tmp/tmpaopgo7ia', '--error-file', '/tmp/tmppfhsepqg']
[2024-07-24 00:00:08,859] {standard_task_runner.py:77} INFO - Job 12533: Subtask first_task
[2024-07-24 00:00:09,466] {logging_mixin.py:104} INFO - Running <TaskInstance: our_first_dag_v5.first_task 2024-07-23T00:00:00+00:00 [running]> on host 799b1e36e3f1
[2024-07-24 00:00:10,341] {taskinstance.py:1257} INFO - Exporting the following env vars:
AIRFLOW_CTX_DAG_OWNER=coder2j
AIRFLOW_CTX_DAG_ID=our_first_dag_v5
AIRFLOW_CTX_TASK_ID=first_task
AIRFLOW_CTX_EXECUTION_DATE=2024-07-23T00:00:00+00:00
AIRFLOW_CTX_DAG_RUN_ID=scheduled__2024-07-23T00:00:00+00:00
[2024-07-24 00:00:10,347] {bash.py:135} INFO - Tmp dir root location: 
 /tmp
[2024-07-24 00:00:10,361] {bash.py:158} INFO - Running command: echo hello world, this is the first task!
[2024-07-24 00:00:10,447] {bash.py:169} INFO - Output:
[2024-07-24 00:00:10,460] {bash.py:173} INFO - hello world, this is the first task!
[2024-07-24 00:00:10,468] {bash.py:177} INFO - Command exited with return code 0
[2024-07-24 00:00:10,792] {taskinstance.py:1166} INFO - Marking task as SUCCESS. dag_id=our_first_dag_v5, task_id=first_task, execution_date=20240723T000000, start_date=20240724T000008, end_date=20240724T000010
[2024-07-24 00:00:11,803] {taskinstance.py:1220} INFO - 0 downstream tasks scheduled from follow-on schedule check
[2024-07-24 00:00:11,884] {local_task_job.py:146} INFO - Task exited with return code 0
