[2024-07-23 11:11:24,262] {taskinstance.py:851} INFO - Dependencies all met for <TaskInstance: our_dag_with_python_operator_v07.greet 2024-07-19T00:00:00+00:00 [queued]>
[2024-07-23 11:11:24,402] {taskinstance.py:851} INFO - Dependencies all met for <TaskInstance: our_dag_with_python_operator_v07.greet 2024-07-19T00:00:00+00:00 [queued]>
[2024-07-23 11:11:24,416] {taskinstance.py:1042} INFO - 
--------------------------------------------------------------------------------
[2024-07-23 11:11:24,448] {taskinstance.py:1043} INFO - Starting attempt 1 of 6
[2024-07-23 11:11:24,452] {taskinstance.py:1044} INFO - 
--------------------------------------------------------------------------------
[2024-07-23 11:11:24,605] {taskinstance.py:1063} INFO - Executing <Task(PythonOperator): greet> on 2024-07-19T00:00:00+00:00
[2024-07-23 11:11:24,616] {standard_task_runner.py:52} INFO - Started process 317 to run task
[2024-07-23 11:11:24,690] {standard_task_runner.py:76} INFO - Running: ['airflow', 'tasks', 'run', 'our_dag_with_python_operator_v07', 'greet', '2024-07-19T00:00:00+00:00', '--job-id', '12486', '--pool', 'default_pool', '--raw', '--subdir', 'DAGS_FOLDER/create_dag_with_python_operator.py', '--cfg-path', '/tmp/tmps0o9sqdd', '--error-file', '/tmp/tmprzl7sk2d']
[2024-07-23 11:11:24,715] {standard_task_runner.py:77} INFO - Job 12486: Subtask greet
[2024-07-23 11:11:25,304] {logging_mixin.py:104} INFO - Running <TaskInstance: our_dag_with_python_operator_v07.greet 2024-07-19T00:00:00+00:00 [running]> on host 799b1e36e3f1
[2024-07-23 11:11:25,892] {taskinstance.py:1257} INFO - Exporting the following env vars:
AIRFLOW_CTX_DAG_OWNER=coder2j
AIRFLOW_CTX_DAG_ID=our_dag_with_python_operator_v07
AIRFLOW_CTX_TASK_ID=greet
AIRFLOW_CTX_EXECUTION_DATE=2024-07-19T00:00:00+00:00
AIRFLOW_CTX_DAG_RUN_ID=scheduled__2024-07-19T00:00:00+00:00
[2024-07-23 11:11:25,895] {logging_mixin.py:104} INFO - some dict:  {'a': 1, 'b': 2}
[2024-07-23 11:11:26,123] {logging_mixin.py:104} INFO - Hello World! My name is Jerry Fridman, and I am 19 years old!
[2024-07-23 11:11:26,129] {python.py:118} INFO - Done. Returned value was: None
[2024-07-23 11:11:26,255] {taskinstance.py:1166} INFO - Marking task as SUCCESS. dag_id=our_dag_with_python_operator_v07, task_id=greet, execution_date=20240719T000000, start_date=20240723T111124, end_date=20240723T111126
[2024-07-23 11:11:26,778] {taskinstance.py:1220} INFO - 0 downstream tasks scheduled from follow-on schedule check
[2024-07-23 11:11:26,832] {local_task_job.py:146} INFO - Task exited with return code 0
