[2024-06-24 14:30:21,917] {taskinstance.py:851} INFO - Dependencies all met for <TaskInstance: dag_with_taskflow_api_v02.get_name 2023-07-22T00:00:00+00:00 [queued]>
[2024-06-24 14:30:22,029] {taskinstance.py:851} INFO - Dependencies all met for <TaskInstance: dag_with_taskflow_api_v02.get_name 2023-07-22T00:00:00+00:00 [queued]>
[2024-06-24 14:30:22,054] {taskinstance.py:1042} INFO - 
--------------------------------------------------------------------------------
[2024-06-24 14:30:22,064] {taskinstance.py:1043} INFO - Starting attempt 1 of 6
[2024-06-24 14:30:22,070] {taskinstance.py:1044} INFO - 
--------------------------------------------------------------------------------
[2024-06-24 14:30:22,140] {taskinstance.py:1063} INFO - Executing <Task(_PythonDecoratedOperator): get_name> on 2023-07-22T00:00:00+00:00
[2024-06-24 14:30:22,178] {standard_task_runner.py:52} INFO - Started process 19131 to run task
[2024-06-24 14:30:22,206] {standard_task_runner.py:76} INFO - Running: ['airflow', 'tasks', 'run', 'dag_with_taskflow_api_v02', 'get_name', '2023-07-22T00:00:00+00:00', '--job-id', '7896', '--pool', 'default_pool', '--raw', '--subdir', 'DAGS_FOLDER/dag_with_taskflow_api.py', '--cfg-path', '/tmp/tmpapat2m3i', '--error-file', '/tmp/tmpkqjt2y6b']
[2024-06-24 14:30:22,243] {standard_task_runner.py:77} INFO - Job 7896: Subtask get_name
[2024-06-24 14:30:22,613] {logging_mixin.py:104} INFO - Running <TaskInstance: dag_with_taskflow_api_v02.get_name 2023-07-22T00:00:00+00:00 [running]> on host 799b1e36e3f1
[2024-06-24 14:30:22,926] {taskinstance.py:1257} INFO - Exporting the following env vars:
AIRFLOW_CTX_DAG_OWNER=coder2j
AIRFLOW_CTX_DAG_ID=dag_with_taskflow_api_v02
AIRFLOW_CTX_TASK_ID=get_name
AIRFLOW_CTX_EXECUTION_DATE=2023-07-22T00:00:00+00:00
AIRFLOW_CTX_DAG_RUN_ID=scheduled__2023-07-22T00:00:00+00:00
[2024-06-24 14:30:23,203] {taskinstance.py:1166} INFO - Marking task as SUCCESS. dag_id=dag_with_taskflow_api_v02, task_id=get_name, execution_date=20230722T000000, start_date=20240624T143021, end_date=20240624T143023
[2024-06-24 14:30:23,330] {taskinstance.py:1220} INFO - 1 downstream tasks scheduled from follow-on schedule check
[2024-06-24 14:30:23,390] {local_task_job.py:146} INFO - Task exited with return code 0
