[2024-06-24 15:02:41,545] {taskinstance.py:851} INFO - Dependencies all met for <TaskInstance: dag_with_taskflow_api_v02.get_name 2024-03-03T00:00:00+00:00 [queued]>
[2024-06-24 15:02:41,599] {taskinstance.py:851} INFO - Dependencies all met for <TaskInstance: dag_with_taskflow_api_v02.get_name 2024-03-03T00:00:00+00:00 [queued]>
[2024-06-24 15:02:41,604] {taskinstance.py:1042} INFO - 
--------------------------------------------------------------------------------
[2024-06-24 15:02:41,605] {taskinstance.py:1043} INFO - Starting attempt 1 of 6
[2024-06-24 15:02:41,608] {taskinstance.py:1044} INFO - 
--------------------------------------------------------------------------------
[2024-06-24 15:02:41,692] {taskinstance.py:1063} INFO - Executing <Task(_PythonDecoratedOperator): get_name> on 2024-03-03T00:00:00+00:00
[2024-06-24 15:02:41,709] {standard_task_runner.py:52} INFO - Started process 29815 to run task
[2024-06-24 15:02:41,728] {standard_task_runner.py:76} INFO - Running: ['airflow', 'tasks', 'run', 'dag_with_taskflow_api_v02', 'get_name', '2024-03-03T00:00:00+00:00', '--job-id', '10498', '--pool', 'default_pool', '--raw', '--subdir', 'DAGS_FOLDER/dag_with_taskflow_api.py', '--cfg-path', '/tmp/tmpok6av5rm', '--error-file', '/tmp/tmpzs6y4688']
[2024-06-24 15:02:41,743] {standard_task_runner.py:77} INFO - Job 10498: Subtask get_name
[2024-06-24 15:02:41,993] {logging_mixin.py:104} INFO - Running <TaskInstance: dag_with_taskflow_api_v02.get_name 2024-03-03T00:00:00+00:00 [running]> on host 799b1e36e3f1
[2024-06-24 15:02:42,285] {taskinstance.py:1257} INFO - Exporting the following env vars:
AIRFLOW_CTX_DAG_OWNER=coder2j
AIRFLOW_CTX_DAG_ID=dag_with_taskflow_api_v02
AIRFLOW_CTX_TASK_ID=get_name
AIRFLOW_CTX_EXECUTION_DATE=2024-03-03T00:00:00+00:00
AIRFLOW_CTX_DAG_RUN_ID=scheduled__2024-03-03T00:00:00+00:00
[2024-06-24 15:02:42,796] {taskinstance.py:1166} INFO - Marking task as SUCCESS. dag_id=dag_with_taskflow_api_v02, task_id=get_name, execution_date=20240303T000000, start_date=20240624T150241, end_date=20240624T150242
[2024-06-24 15:02:42,951] {taskinstance.py:1220} INFO - 1 downstream tasks scheduled from follow-on schedule check
[2024-06-24 15:02:43,022] {local_task_job.py:146} INFO - Task exited with return code 0
