[2024-06-24 15:05:25,950] {taskinstance.py:851} INFO - Dependencies all met for <TaskInstance: dag_with_taskflow_api_v02.get_age 2024-06-02T00:00:00+00:00 [queued]>
[2024-06-24 15:05:26,008] {taskinstance.py:851} INFO - Dependencies all met for <TaskInstance: dag_with_taskflow_api_v02.get_age 2024-06-02T00:00:00+00:00 [queued]>
[2024-06-24 15:05:26,012] {taskinstance.py:1042} INFO - 
--------------------------------------------------------------------------------
[2024-06-24 15:05:26,015] {taskinstance.py:1043} INFO - Starting attempt 1 of 6
[2024-06-24 15:05:26,019] {taskinstance.py:1044} INFO - 
--------------------------------------------------------------------------------
[2024-06-24 15:05:26,073] {taskinstance.py:1063} INFO - Executing <Task(_PythonDecoratedOperator): get_age> on 2024-06-02T00:00:00+00:00
[2024-06-24 15:05:26,084] {standard_task_runner.py:52} INFO - Started process 33542 to run task
[2024-06-24 15:05:26,096] {standard_task_runner.py:76} INFO - Running: ['airflow', 'tasks', 'run', 'dag_with_taskflow_api_v02', 'get_age', '2024-06-02T00:00:00+00:00', '--job-id', '11482', '--pool', 'default_pool', '--raw', '--subdir', 'DAGS_FOLDER/dag_with_taskflow_api.py', '--cfg-path', '/tmp/tmpgguo0j9e', '--error-file', '/tmp/tmpid5o5krh']
[2024-06-24 15:05:26,110] {standard_task_runner.py:77} INFO - Job 11482: Subtask get_age
[2024-06-24 15:05:26,280] {logging_mixin.py:104} INFO - Running <TaskInstance: dag_with_taskflow_api_v02.get_age 2024-06-02T00:00:00+00:00 [running]> on host 799b1e36e3f1
[2024-06-24 15:05:26,413] {taskinstance.py:1257} INFO - Exporting the following env vars:
AIRFLOW_CTX_DAG_OWNER=coder2j
AIRFLOW_CTX_DAG_ID=dag_with_taskflow_api_v02
AIRFLOW_CTX_TASK_ID=get_age
AIRFLOW_CTX_EXECUTION_DATE=2024-06-02T00:00:00+00:00
AIRFLOW_CTX_DAG_RUN_ID=scheduled__2024-06-02T00:00:00+00:00
[2024-06-24 15:05:26,518] {taskinstance.py:1166} INFO - Marking task as SUCCESS. dag_id=dag_with_taskflow_api_v02, task_id=get_age, execution_date=20240602T000000, start_date=20240624T150525, end_date=20240624T150526
[2024-06-24 15:05:26,627] {taskinstance.py:1220} INFO - 0 downstream tasks scheduled from follow-on schedule check
[2024-06-24 15:05:26,659] {local_task_job.py:146} INFO - Task exited with return code 0
