[2024-06-24 14:43:23,078] {taskinstance.py:851} INFO - Dependencies all met for <TaskInstance: our_dag_with_python_operator_v07.get_name 2023-11-02T00:00:00+00:00 [queued]>
[2024-06-24 14:43:23,207] {taskinstance.py:851} INFO - Dependencies all met for <TaskInstance: our_dag_with_python_operator_v07.get_name 2023-11-02T00:00:00+00:00 [queued]>
[2024-06-24 14:43:23,215] {taskinstance.py:1042} INFO - 
--------------------------------------------------------------------------------
[2024-06-24 14:43:23,217] {taskinstance.py:1043} INFO - Starting attempt 1 of 6
[2024-06-24 14:43:23,218] {taskinstance.py:1044} INFO - 
--------------------------------------------------------------------------------
[2024-06-24 14:43:23,268] {taskinstance.py:1063} INFO - Executing <Task(PythonOperator): get_name> on 2023-11-02T00:00:00+00:00
[2024-06-24 14:43:23,280] {standard_task_runner.py:52} INFO - Started process 23310 to run task
[2024-06-24 14:43:23,395] {standard_task_runner.py:76} INFO - Running: ['airflow', 'tasks', 'run', 'our_dag_with_python_operator_v07', 'get_name', '2023-11-02T00:00:00+00:00', '--job-id', '8941', '--pool', 'default_pool', '--raw', '--subdir', 'DAGS_FOLDER/create_dag_with_python_operator.py', '--cfg-path', '/tmp/tmpdltct2pk', '--error-file', '/tmp/tmprs6_ruy3']
[2024-06-24 14:43:23,436] {standard_task_runner.py:77} INFO - Job 8941: Subtask get_name
[2024-06-24 14:43:23,857] {logging_mixin.py:104} INFO - Running <TaskInstance: our_dag_with_python_operator_v07.get_name 2023-11-02T00:00:00+00:00 [running]> on host 799b1e36e3f1
[2024-06-24 14:43:24,240] {taskinstance.py:1257} INFO - Exporting the following env vars:
AIRFLOW_CTX_DAG_OWNER=coder2j
AIRFLOW_CTX_DAG_ID=our_dag_with_python_operator_v07
AIRFLOW_CTX_TASK_ID=get_name
AIRFLOW_CTX_EXECUTION_DATE=2023-11-02T00:00:00+00:00
AIRFLOW_CTX_DAG_RUN_ID=scheduled__2023-11-02T00:00:00+00:00
[2024-06-24 14:43:24,414] {python.py:118} INFO - Done. Returned value was: None
[2024-06-24 14:43:24,458] {taskinstance.py:1166} INFO - Marking task as SUCCESS. dag_id=our_dag_with_python_operator_v07, task_id=get_name, execution_date=20231102T000000, start_date=20240624T144323, end_date=20240624T144324
[2024-06-24 14:43:24,986] {taskinstance.py:1220} INFO - 0 downstream tasks scheduled from follow-on schedule check
[2024-06-24 14:43:25,031] {local_task_job.py:146} INFO - Task exited with return code 0
