[2024-06-24 14:30:13,261] {taskinstance.py:851} INFO - Dependencies all met for <TaskInstance: our_dag_with_python_operator_v07.greet 2023-07-16T00:00:00+00:00 [queued]>
[2024-06-24 14:30:13,341] {taskinstance.py:851} INFO - Dependencies all met for <TaskInstance: our_dag_with_python_operator_v07.greet 2023-07-16T00:00:00+00:00 [queued]>
[2024-06-24 14:30:13,349] {taskinstance.py:1042} INFO - 
--------------------------------------------------------------------------------
[2024-06-24 14:30:13,350] {taskinstance.py:1043} INFO - Starting attempt 1 of 6
[2024-06-24 14:30:13,352] {taskinstance.py:1044} INFO - 
--------------------------------------------------------------------------------
[2024-06-24 14:30:13,396] {taskinstance.py:1063} INFO - Executing <Task(PythonOperator): greet> on 2023-07-16T00:00:00+00:00
[2024-06-24 14:30:13,403] {standard_task_runner.py:52} INFO - Started process 18872 to run task
[2024-06-24 14:30:13,412] {standard_task_runner.py:76} INFO - Running: ['airflow', 'tasks', 'run', 'our_dag_with_python_operator_v07', 'greet', '2023-07-16T00:00:00+00:00', '--job-id', '7833', '--pool', 'default_pool', '--raw', '--subdir', 'DAGS_FOLDER/create_dag_with_python_operator.py', '--cfg-path', '/tmp/tmppgp9fejf', '--error-file', '/tmp/tmpj354nqgs']
[2024-06-24 14:30:13,419] {standard_task_runner.py:77} INFO - Job 7833: Subtask greet
[2024-06-24 14:30:13,569] {logging_mixin.py:104} INFO - Running <TaskInstance: our_dag_with_python_operator_v07.greet 2023-07-16T00:00:00+00:00 [running]> on host 799b1e36e3f1
[2024-06-24 14:30:13,787] {taskinstance.py:1257} INFO - Exporting the following env vars:
AIRFLOW_CTX_DAG_OWNER=coder2j
AIRFLOW_CTX_DAG_ID=our_dag_with_python_operator_v07
AIRFLOW_CTX_TASK_ID=greet
AIRFLOW_CTX_EXECUTION_DATE=2023-07-16T00:00:00+00:00
AIRFLOW_CTX_DAG_RUN_ID=scheduled__2023-07-16T00:00:00+00:00
[2024-06-24 14:30:13,789] {logging_mixin.py:104} INFO - some dict:  {'a': 1, 'b': 2}
[2024-06-24 14:30:13,993] {logging_mixin.py:104} INFO - Hello World! My name is Jerry Fridman, and I am 19 years old!
[2024-06-24 14:30:14,002] {python.py:118} INFO - Done. Returned value was: None
[2024-06-24 14:30:14,060] {taskinstance.py:1166} INFO - Marking task as SUCCESS. dag_id=our_dag_with_python_operator_v07, task_id=greet, execution_date=20230716T000000, start_date=20240624T143013, end_date=20240624T143014
[2024-06-24 14:30:14,225] {taskinstance.py:1220} INFO - 0 downstream tasks scheduled from follow-on schedule check
[2024-06-24 14:30:14,255] {local_task_job.py:146} INFO - Task exited with return code 0
