[2024-06-24 15:02:21,993] {taskinstance.py:851} INFO - Dependencies all met for <TaskInstance: dag_with_taskflow_api_v02.greet 2024-02-13T00:00:00+00:00 [queued]>
[2024-06-24 15:02:22,024] {taskinstance.py:851} INFO - Dependencies all met for <TaskInstance: dag_with_taskflow_api_v02.greet 2024-02-13T00:00:00+00:00 [queued]>
[2024-06-24 15:02:22,029] {taskinstance.py:1042} INFO - 
--------------------------------------------------------------------------------
[2024-06-24 15:02:22,033] {taskinstance.py:1043} INFO - Starting attempt 1 of 6
[2024-06-24 15:02:22,034] {taskinstance.py:1044} INFO - 
--------------------------------------------------------------------------------
[2024-06-24 15:02:22,099] {taskinstance.py:1063} INFO - Executing <Task(_PythonDecoratedOperator): greet> on 2024-02-13T00:00:00+00:00
[2024-06-24 15:02:22,114] {standard_task_runner.py:52} INFO - Started process 29367 to run task
[2024-06-24 15:02:22,123] {standard_task_runner.py:76} INFO - Running: ['airflow', 'tasks', 'run', 'dag_with_taskflow_api_v02', 'greet', '2024-02-13T00:00:00+00:00', '--job-id', '10393', '--pool', 'default_pool', '--raw', '--subdir', 'DAGS_FOLDER/dag_with_taskflow_api.py', '--cfg-path', '/tmp/tmp8c6i4dsh', '--error-file', '/tmp/tmph1uy2nn1']
[2024-06-24 15:02:22,132] {standard_task_runner.py:77} INFO - Job 10393: Subtask greet
[2024-06-24 15:02:22,431] {logging_mixin.py:104} INFO - Running <TaskInstance: dag_with_taskflow_api_v02.greet 2024-02-13T00:00:00+00:00 [running]> on host 799b1e36e3f1
[2024-06-24 15:02:22,688] {taskinstance.py:1257} INFO - Exporting the following env vars:
AIRFLOW_CTX_DAG_OWNER=coder2j
AIRFLOW_CTX_DAG_ID=dag_with_taskflow_api_v02
AIRFLOW_CTX_TASK_ID=greet
AIRFLOW_CTX_EXECUTION_DATE=2024-02-13T00:00:00+00:00
AIRFLOW_CTX_DAG_RUN_ID=scheduled__2024-02-13T00:00:00+00:00
[2024-06-24 15:02:22,690] {logging_mixin.py:104} INFO - Hello World! My name is Jerry Fridman and I am 19 years old!
[2024-06-24 15:02:22,715] {taskinstance.py:1166} INFO - Marking task as SUCCESS. dag_id=dag_with_taskflow_api_v02, task_id=greet, execution_date=20240213T000000, start_date=20240624T150221, end_date=20240624T150222
[2024-06-24 15:02:22,773] {taskinstance.py:1220} INFO - 0 downstream tasks scheduled from follow-on schedule check
[2024-06-24 15:02:22,790] {local_task_job.py:146} INFO - Task exited with return code 0
