[2024-06-24 14:31:45,226] {taskinstance.py:851} INFO - Dependencies all met for <TaskInstance: our_first_dag_v5.first_task 2023-07-22T00:00:00+00:00 [queued]>
[2024-06-24 14:31:45,316] {taskinstance.py:851} INFO - Dependencies all met for <TaskInstance: our_first_dag_v5.first_task 2023-07-22T00:00:00+00:00 [queued]>
[2024-06-24 14:31:45,319] {taskinstance.py:1042} INFO - 
--------------------------------------------------------------------------------
[2024-06-24 14:31:45,321] {taskinstance.py:1043} INFO - Starting attempt 1 of 6
[2024-06-24 14:31:45,330] {taskinstance.py:1044} INFO - 
--------------------------------------------------------------------------------
[2024-06-24 14:31:45,422] {taskinstance.py:1063} INFO - Executing <Task(BashOperator): first_task> on 2023-07-22T00:00:00+00:00
[2024-06-24 14:31:45,441] {standard_task_runner.py:52} INFO - Started process 21361 to run task
[2024-06-24 14:31:45,472] {standard_task_runner.py:76} INFO - Running: ['airflow', 'tasks', 'run', 'our_first_dag_v5', 'first_task', '2023-07-22T00:00:00+00:00', '--job-id', '8505', '--pool', 'default_pool', '--raw', '--subdir', 'DAGS_FOLDER/our_first_dag.py', '--cfg-path', '/tmp/tmphk0hyr7z', '--error-file', '/tmp/tmpnz9xewcy']
[2024-06-24 14:31:45,480] {standard_task_runner.py:77} INFO - Job 8505: Subtask first_task
[2024-06-24 14:31:45,761] {logging_mixin.py:104} INFO - Running <TaskInstance: our_first_dag_v5.first_task 2023-07-22T00:00:00+00:00 [running]> on host 799b1e36e3f1
[2024-06-24 14:31:46,061] {taskinstance.py:1257} INFO - Exporting the following env vars:
AIRFLOW_CTX_DAG_OWNER=coder2j
AIRFLOW_CTX_DAG_ID=our_first_dag_v5
AIRFLOW_CTX_TASK_ID=first_task
AIRFLOW_CTX_EXECUTION_DATE=2023-07-22T00:00:00+00:00
AIRFLOW_CTX_DAG_RUN_ID=scheduled__2023-07-22T00:00:00+00:00
[2024-06-24 14:31:46,063] {bash.py:135} INFO - Tmp dir root location: 
 /tmp
[2024-06-24 14:31:46,068] {bash.py:158} INFO - Running command: echo hello world, this is the first task!
[2024-06-24 14:31:46,093] {bash.py:169} INFO - Output:
[2024-06-24 14:31:46,094] {bash.py:173} INFO - hello world, this is the first task!
[2024-06-24 14:31:46,095] {bash.py:177} INFO - Command exited with return code 0
[2024-06-24 14:31:46,215] {taskinstance.py:1166} INFO - Marking task as SUCCESS. dag_id=our_first_dag_v5, task_id=first_task, execution_date=20230722T000000, start_date=20240624T143145, end_date=20240624T143146
[2024-06-24 14:31:46,659] {taskinstance.py:1220} INFO - 0 downstream tasks scheduled from follow-on schedule check
[2024-06-24 14:31:46,712] {local_task_job.py:146} INFO - Task exited with return code 0
