[2024-06-24 14:23:51,541] {taskinstance.py:851} INFO - Dependencies all met for <TaskInstance: our_dag_with_python_operator_v07.get_name 2022-11-19T00:00:00+00:00 [queued]>
[2024-06-24 14:23:51,567] {taskinstance.py:851} INFO - Dependencies all met for <TaskInstance: our_dag_with_python_operator_v07.get_name 2022-11-19T00:00:00+00:00 [queued]>
[2024-06-24 14:23:51,570] {taskinstance.py:1042} INFO - 
--------------------------------------------------------------------------------
[2024-06-24 14:23:51,578] {taskinstance.py:1043} INFO - Starting attempt 1 of 6
[2024-06-24 14:23:51,586] {taskinstance.py:1044} INFO - 
--------------------------------------------------------------------------------
[2024-06-24 14:23:51,638] {taskinstance.py:1063} INFO - Executing <Task(PythonOperator): get_name> on 2022-11-19T00:00:00+00:00
[2024-06-24 14:23:51,666] {standard_task_runner.py:52} INFO - Started process 8628 to run task
[2024-06-24 14:23:51,684] {standard_task_runner.py:76} INFO - Running: ['airflow', 'tasks', 'run', 'our_dag_with_python_operator_v07', 'get_name', '2022-11-19T00:00:00+00:00', '--job-id', '5073', '--pool', 'default_pool', '--raw', '--subdir', 'DAGS_FOLDER/create_dag_with_python_operator.py', '--cfg-path', '/tmp/tmphmd3o5jd', '--error-file', '/tmp/tmpkjph1_en']
[2024-06-24 14:23:51,692] {standard_task_runner.py:77} INFO - Job 5073: Subtask get_name
[2024-06-24 14:23:51,973] {logging_mixin.py:104} INFO - Running <TaskInstance: our_dag_with_python_operator_v07.get_name 2022-11-19T00:00:00+00:00 [running]> on host 799b1e36e3f1
[2024-06-24 14:23:52,158] {taskinstance.py:1257} INFO - Exporting the following env vars:
AIRFLOW_CTX_DAG_OWNER=coder2j
AIRFLOW_CTX_DAG_ID=our_dag_with_python_operator_v07
AIRFLOW_CTX_TASK_ID=get_name
AIRFLOW_CTX_EXECUTION_DATE=2022-11-19T00:00:00+00:00
AIRFLOW_CTX_DAG_RUN_ID=scheduled__2022-11-19T00:00:00+00:00
[2024-06-24 14:23:52,237] {python.py:118} INFO - Done. Returned value was: None
[2024-06-24 14:23:52,269] {taskinstance.py:1166} INFO - Marking task as SUCCESS. dag_id=our_dag_with_python_operator_v07, task_id=get_name, execution_date=20221119T000000, start_date=20240624T142351, end_date=20240624T142352
[2024-06-24 14:23:52,360] {taskinstance.py:1220} INFO - 0 downstream tasks scheduled from follow-on schedule check
[2024-06-24 14:23:52,407] {local_task_job.py:146} INFO - Task exited with return code 0
