[2024-06-24 12:58:45,532] {taskinstance.py:851} INFO - Dependencies all met for <TaskInstance: our_dag_with_python_operator_v07.get_name 2022-02-24T00:00:00+00:00 [queued]>
[2024-06-24 12:58:45,647] {taskinstance.py:851} INFO - Dependencies all met for <TaskInstance: our_dag_with_python_operator_v07.get_name 2022-02-24T00:00:00+00:00 [queued]>
[2024-06-24 12:58:45,656] {taskinstance.py:1042} INFO - 
--------------------------------------------------------------------------------
[2024-06-24 12:58:45,659] {taskinstance.py:1043} INFO - Starting attempt 1 of 6
[2024-06-24 12:58:45,670] {taskinstance.py:1044} INFO - 
--------------------------------------------------------------------------------
[2024-06-24 12:58:45,752] {taskinstance.py:1063} INFO - Executing <Task(PythonOperator): get_name> on 2022-02-24T00:00:00+00:00
[2024-06-24 12:58:45,834] {standard_task_runner.py:52} INFO - Started process 33746 to run task
[2024-06-24 12:58:45,856] {standard_task_runner.py:76} INFO - Running: ['airflow', 'tasks', 'run', 'our_dag_with_python_operator_v07', 'get_name', '2022-02-24T00:00:00+00:00', '--job-id', '2019', '--pool', 'default_pool', '--raw', '--subdir', 'DAGS_FOLDER/create_dag_with_python_operator.py', '--cfg-path', '/tmp/tmpucys7uwy', '--error-file', '/tmp/tmp2rds79qd']
[2024-06-24 12:58:45,875] {standard_task_runner.py:77} INFO - Job 2019: Subtask get_name
[2024-06-24 12:58:46,250] {logging_mixin.py:104} INFO - Running <TaskInstance: our_dag_with_python_operator_v07.get_name 2022-02-24T00:00:00+00:00 [running]> on host 799b1e36e3f1
[2024-06-24 12:58:46,475] {taskinstance.py:1257} INFO - Exporting the following env vars:
AIRFLOW_CTX_DAG_OWNER=coder2j
AIRFLOW_CTX_DAG_ID=our_dag_with_python_operator_v07
AIRFLOW_CTX_TASK_ID=get_name
AIRFLOW_CTX_EXECUTION_DATE=2022-02-24T00:00:00+00:00
AIRFLOW_CTX_DAG_RUN_ID=scheduled__2022-02-24T00:00:00+00:00
[2024-06-24 12:58:46,595] {python.py:118} INFO - Done. Returned value was: None
[2024-06-24 12:58:46,636] {taskinstance.py:1166} INFO - Marking task as SUCCESS. dag_id=our_dag_with_python_operator_v07, task_id=get_name, execution_date=20220224T000000, start_date=20240624T125845, end_date=20240624T125846
[2024-06-24 12:58:46,948] {taskinstance.py:1220} INFO - 1 downstream tasks scheduled from follow-on schedule check
[2024-06-24 12:58:47,084] {local_task_job.py:146} INFO - Task exited with return code 0
