[2024-06-24 12:53:49,957] {taskinstance.py:851} INFO - Dependencies all met for <TaskInstance: our_dag_with_python_operator_v07.get_name 2021-11-20T00:00:00+00:00 [queued]>
[2024-06-24 12:53:50,219] {taskinstance.py:851} INFO - Dependencies all met for <TaskInstance: our_dag_with_python_operator_v07.get_name 2021-11-20T00:00:00+00:00 [queued]>
[2024-06-24 12:53:50,237] {taskinstance.py:1042} INFO - 
--------------------------------------------------------------------------------
[2024-06-24 12:53:50,287] {taskinstance.py:1043} INFO - Starting attempt 1 of 6
[2024-06-24 12:53:50,293] {taskinstance.py:1044} INFO - 
--------------------------------------------------------------------------------
[2024-06-24 12:53:50,501] {taskinstance.py:1063} INFO - Executing <Task(PythonOperator): get_name> on 2021-11-20T00:00:00+00:00
[2024-06-24 12:53:50,553] {standard_task_runner.py:52} INFO - Started process 28969 to run task
[2024-06-24 12:53:50,594] {standard_task_runner.py:76} INFO - Running: ['airflow', 'tasks', 'run', 'our_dag_with_python_operator_v07', 'get_name', '2021-11-20T00:00:00+00:00', '--job-id', '861', '--pool', 'default_pool', '--raw', '--subdir', 'DAGS_FOLDER/create_dag_with_python_operator.py', '--cfg-path', '/tmp/tmpqb3_bo_5', '--error-file', '/tmp/tmp12iqw6ii']
[2024-06-24 12:53:50,726] {standard_task_runner.py:77} INFO - Job 861: Subtask get_name
[2024-06-24 12:53:51,896] {logging_mixin.py:104} INFO - Running <TaskInstance: our_dag_with_python_operator_v07.get_name 2021-11-20T00:00:00+00:00 [running]> on host 799b1e36e3f1
[2024-06-24 12:53:52,439] {taskinstance.py:1257} INFO - Exporting the following env vars:
AIRFLOW_CTX_DAG_OWNER=coder2j
AIRFLOW_CTX_DAG_ID=our_dag_with_python_operator_v07
AIRFLOW_CTX_TASK_ID=get_name
AIRFLOW_CTX_EXECUTION_DATE=2021-11-20T00:00:00+00:00
AIRFLOW_CTX_DAG_RUN_ID=scheduled__2021-11-20T00:00:00+00:00
[2024-06-24 12:53:52,908] {python.py:118} INFO - Done. Returned value was: None
[2024-06-24 12:53:53,031] {taskinstance.py:1166} INFO - Marking task as SUCCESS. dag_id=our_dag_with_python_operator_v07, task_id=get_name, execution_date=20211120T000000, start_date=20240624T125349, end_date=20240624T125353
[2024-06-24 12:53:53,427] {taskinstance.py:1220} INFO - 0 downstream tasks scheduled from follow-on schedule check
[2024-06-24 12:53:53,543] {local_task_job.py:146} INFO - Task exited with return code 0
