[2024-06-24 15:03:22,789] {taskinstance.py:851} INFO - Dependencies all met for <TaskInstance: dag_with_python_dependencies_v03.get_sklearn 2023-12-20T00:00:00+00:00 [queued]>
[2024-06-24 15:03:22,827] {taskinstance.py:851} INFO - Dependencies all met for <TaskInstance: dag_with_python_dependencies_v03.get_sklearn 2023-12-20T00:00:00+00:00 [queued]>
[2024-06-24 15:03:22,828] {taskinstance.py:1042} INFO - 
--------------------------------------------------------------------------------
[2024-06-24 15:03:22,831] {taskinstance.py:1043} INFO - Starting attempt 1 of 1
[2024-06-24 15:03:22,835] {taskinstance.py:1044} INFO - 
--------------------------------------------------------------------------------
[2024-06-24 15:03:22,906] {taskinstance.py:1063} INFO - Executing <Task(PythonOperator): get_sklearn> on 2023-12-20T00:00:00+00:00
[2024-06-24 15:03:22,925] {standard_task_runner.py:52} INFO - Started process 30706 to run task
[2024-06-24 15:03:22,945] {standard_task_runner.py:76} INFO - Running: ['airflow', 'tasks', 'run', 'dag_with_python_dependencies_v03', 'get_sklearn', '2023-12-20T00:00:00+00:00', '--job-id', '10745', '--pool', 'default_pool', '--raw', '--subdir', 'DAGS_FOLDER/dag_with_python_dependencies.py', '--cfg-path', '/tmp/tmpw2it6m51', '--error-file', '/tmp/tmp52bd9bvr']
[2024-06-24 15:03:22,964] {standard_task_runner.py:77} INFO - Job 10745: Subtask get_sklearn
[2024-06-24 15:03:23,334] {logging_mixin.py:104} INFO - Running <TaskInstance: dag_with_python_dependencies_v03.get_sklearn 2023-12-20T00:00:00+00:00 [running]> on host 799b1e36e3f1
[2024-06-24 15:03:23,597] {taskinstance.py:1257} INFO - Exporting the following env vars:
AIRFLOW_CTX_DAG_OWNER=coder2j
AIRFLOW_CTX_DAG_ID=dag_with_python_dependencies_v03
AIRFLOW_CTX_TASK_ID=get_sklearn
AIRFLOW_CTX_EXECUTION_DATE=2023-12-20T00:00:00+00:00
AIRFLOW_CTX_DAG_RUN_ID=scheduled__2023-12-20T00:00:00+00:00
[2024-06-24 15:03:28,983] {logging_mixin.py:104} INFO - sklearn with version: 0.24.2
[2024-06-24 15:03:28,987] {python.py:118} INFO - Done. Returned value was: None
[2024-06-24 15:03:29,022] {taskinstance.py:1166} INFO - Marking task as SUCCESS. dag_id=dag_with_python_dependencies_v03, task_id=get_sklearn, execution_date=20231220T000000, start_date=20240624T150322, end_date=20240624T150329
[2024-06-24 15:03:29,449] {taskinstance.py:1220} INFO - 0 downstream tasks scheduled from follow-on schedule check
[2024-06-24 15:03:29,520] {local_task_job.py:146} INFO - Task exited with return code 0
