[2024-06-24 13:01:15,779] {taskinstance.py:851} INFO - Dependencies all met for <TaskInstance: our_first_dag_v5.second_task 2022-01-29T00:00:00+00:00 [queued]>
[2024-06-24 13:01:15,844] {taskinstance.py:851} INFO - Dependencies all met for <TaskInstance: our_first_dag_v5.second_task 2022-01-29T00:00:00+00:00 [queued]>
[2024-06-24 13:01:15,849] {taskinstance.py:1042} INFO - 
--------------------------------------------------------------------------------
[2024-06-24 13:01:15,852] {taskinstance.py:1043} INFO - Starting attempt 1 of 6
[2024-06-24 13:01:15,858] {taskinstance.py:1044} INFO - 
--------------------------------------------------------------------------------
[2024-06-24 13:01:16,005] {taskinstance.py:1063} INFO - Executing <Task(BashOperator): second_task> on 2022-01-29T00:00:00+00:00
[2024-06-24 13:01:16,044] {standard_task_runner.py:52} INFO - Started process 36116 to run task
[2024-06-24 13:01:16,137] {standard_task_runner.py:76} INFO - Running: ['airflow', 'tasks', 'run', 'our_first_dag_v5', 'second_task', '2022-01-29T00:00:00+00:00', '--job-id', '2611', '--pool', 'default_pool', '--raw', '--subdir', 'DAGS_FOLDER/our_first_dag.py', '--cfg-path', '/tmp/tmpve1xin3i', '--error-file', '/tmp/tmp934xcumk']
[2024-06-24 13:01:16,170] {standard_task_runner.py:77} INFO - Job 2611: Subtask second_task
[2024-06-24 13:01:16,823] {logging_mixin.py:104} INFO - Running <TaskInstance: our_first_dag_v5.second_task 2022-01-29T00:00:00+00:00 [running]> on host 799b1e36e3f1
[2024-06-24 13:01:17,335] {taskinstance.py:1257} INFO - Exporting the following env vars:
AIRFLOW_CTX_DAG_OWNER=coder2j
AIRFLOW_CTX_DAG_ID=our_first_dag_v5
AIRFLOW_CTX_TASK_ID=second_task
AIRFLOW_CTX_EXECUTION_DATE=2022-01-29T00:00:00+00:00
AIRFLOW_CTX_DAG_RUN_ID=scheduled__2022-01-29T00:00:00+00:00
[2024-06-24 13:01:17,342] {bash.py:135} INFO - Tmp dir root location: 
 /tmp
[2024-06-24 13:01:17,348] {bash.py:158} INFO - Running command: echo hey, I am task2 and will be running after task1!
[2024-06-24 13:01:17,427] {bash.py:169} INFO - Output:
[2024-06-24 13:01:17,435] {bash.py:173} INFO - hey, I am task2 and will be running after task1!
[2024-06-24 13:01:17,451] {bash.py:177} INFO - Command exited with return code 0
[2024-06-24 13:01:17,736] {taskinstance.py:1166} INFO - Marking task as SUCCESS. dag_id=our_first_dag_v5, task_id=second_task, execution_date=20220129T000000, start_date=20240624T130115, end_date=20240624T130117
[2024-06-24 13:01:18,069] {taskinstance.py:1220} INFO - 0 downstream tasks scheduled from follow-on schedule check
[2024-06-24 13:01:18,235] {local_task_job.py:146} INFO - Task exited with return code 0
