[2024-06-24 15:04:49,816] {taskinstance.py:851} INFO - Dependencies all met for <TaskInstance: our_first_dag_v5.first_task 2024-03-21T00:00:00+00:00 [queued]>
[2024-06-24 15:04:49,890] {taskinstance.py:851} INFO - Dependencies all met for <TaskInstance: our_first_dag_v5.first_task 2024-03-21T00:00:00+00:00 [queued]>
[2024-06-24 15:04:49,895] {taskinstance.py:1042} INFO - 
--------------------------------------------------------------------------------
[2024-06-24 15:04:49,900] {taskinstance.py:1043} INFO - Starting attempt 1 of 6
[2024-06-24 15:04:49,905] {taskinstance.py:1044} INFO - 
--------------------------------------------------------------------------------
[2024-06-24 15:04:49,998] {taskinstance.py:1063} INFO - Executing <Task(BashOperator): first_task> on 2024-03-21T00:00:00+00:00
[2024-06-24 15:04:50,018] {standard_task_runner.py:52} INFO - Started process 32685 to run task
[2024-06-24 15:04:50,028] {standard_task_runner.py:76} INFO - Running: ['airflow', 'tasks', 'run', 'our_first_dag_v5', 'first_task', '2024-03-21T00:00:00+00:00', '--job-id', '11242', '--pool', 'default_pool', '--raw', '--subdir', 'DAGS_FOLDER/our_first_dag.py', '--cfg-path', '/tmp/tmpbl_ya5sh', '--error-file', '/tmp/tmp9abgs6aa']
[2024-06-24 15:04:50,044] {standard_task_runner.py:77} INFO - Job 11242: Subtask first_task
[2024-06-24 15:04:50,274] {logging_mixin.py:104} INFO - Running <TaskInstance: our_first_dag_v5.first_task 2024-03-21T00:00:00+00:00 [running]> on host 799b1e36e3f1
[2024-06-24 15:04:50,585] {taskinstance.py:1257} INFO - Exporting the following env vars:
AIRFLOW_CTX_DAG_OWNER=coder2j
AIRFLOW_CTX_DAG_ID=our_first_dag_v5
AIRFLOW_CTX_TASK_ID=first_task
AIRFLOW_CTX_EXECUTION_DATE=2024-03-21T00:00:00+00:00
AIRFLOW_CTX_DAG_RUN_ID=scheduled__2024-03-21T00:00:00+00:00
[2024-06-24 15:04:50,610] {bash.py:135} INFO - Tmp dir root location: 
 /tmp
[2024-06-24 15:04:50,620] {bash.py:158} INFO - Running command: echo hello world, this is the first task!
[2024-06-24 15:04:50,660] {bash.py:169} INFO - Output:
[2024-06-24 15:04:50,663] {bash.py:173} INFO - hello world, this is the first task!
[2024-06-24 15:04:50,685] {bash.py:177} INFO - Command exited with return code 0
[2024-06-24 15:04:50,841] {taskinstance.py:1166} INFO - Marking task as SUCCESS. dag_id=our_first_dag_v5, task_id=first_task, execution_date=20240321T000000, start_date=20240624T150449, end_date=20240624T150450
[2024-06-24 15:04:50,925] {taskinstance.py:1220} INFO - 2 downstream tasks scheduled from follow-on schedule check
[2024-06-24 15:04:50,976] {local_task_job.py:146} INFO - Task exited with return code 0
