[2024-06-24 13:02:04,732] {taskinstance.py:851} INFO - Dependencies all met for <TaskInstance: dag_with_taskflow_api_v02.get_name 2022-05-12T00:00:00+00:00 [queued]>
[2024-06-24 13:02:04,861] {taskinstance.py:851} INFO - Dependencies all met for <TaskInstance: dag_with_taskflow_api_v02.get_name 2022-05-12T00:00:00+00:00 [queued]>
[2024-06-24 13:02:04,883] {taskinstance.py:1042} INFO - 
--------------------------------------------------------------------------------
[2024-06-24 13:02:04,884] {taskinstance.py:1043} INFO - Starting attempt 1 of 6
[2024-06-24 13:02:04,885] {taskinstance.py:1044} INFO - 
--------------------------------------------------------------------------------
[2024-06-24 13:02:05,093] {taskinstance.py:1063} INFO - Executing <Task(_PythonDecoratedOperator): get_name> on 2022-05-12T00:00:00+00:00
[2024-06-24 13:02:05,131] {standard_task_runner.py:52} INFO - Started process 36919 to run task
[2024-06-24 13:02:05,173] {standard_task_runner.py:76} INFO - Running: ['airflow', 'tasks', 'run', 'dag_with_taskflow_api_v02', 'get_name', '2022-05-12T00:00:00+00:00', '--job-id', '2798', '--pool', 'default_pool', '--raw', '--subdir', 'DAGS_FOLDER/dag_with_taskflow_api.py', '--cfg-path', '/tmp/tmp0gdj00zk', '--error-file', '/tmp/tmpsjgo558q']
[2024-06-24 13:02:05,212] {standard_task_runner.py:77} INFO - Job 2798: Subtask get_name
[2024-06-24 13:02:05,591] {logging_mixin.py:104} INFO - Running <TaskInstance: dag_with_taskflow_api_v02.get_name 2022-05-12T00:00:00+00:00 [running]> on host 799b1e36e3f1
[2024-06-24 13:02:05,807] {taskinstance.py:1257} INFO - Exporting the following env vars:
AIRFLOW_CTX_DAG_OWNER=coder2j
AIRFLOW_CTX_DAG_ID=dag_with_taskflow_api_v02
AIRFLOW_CTX_TASK_ID=get_name
AIRFLOW_CTX_EXECUTION_DATE=2022-05-12T00:00:00+00:00
AIRFLOW_CTX_DAG_RUN_ID=scheduled__2022-05-12T00:00:00+00:00
[2024-06-24 13:02:06,094] {taskinstance.py:1166} INFO - Marking task as SUCCESS. dag_id=dag_with_taskflow_api_v02, task_id=get_name, execution_date=20220512T000000, start_date=20240624T130204, end_date=20240624T130206
[2024-06-24 13:02:06,299] {taskinstance.py:1220} INFO - 1 downstream tasks scheduled from follow-on schedule check
[2024-06-24 13:02:06,364] {local_task_job.py:146} INFO - Task exited with return code 0
