[2024-06-24 14:46:24,462] {taskinstance.py:851} INFO - Dependencies all met for <TaskInstance: our_dag_with_python_operator_v07.get_name 2023-11-08T00:00:00+00:00 [queued]>
[2024-06-24 14:46:24,692] {taskinstance.py:851} INFO - Dependencies all met for <TaskInstance: our_dag_with_python_operator_v07.get_name 2023-11-08T00:00:00+00:00 [queued]>
[2024-06-24 14:46:24,692] {taskinstance.py:1042} INFO - 
--------------------------------------------------------------------------------
[2024-06-24 14:46:24,693] {taskinstance.py:1043} INFO - Starting attempt 1 of 6
[2024-06-24 14:46:24,694] {taskinstance.py:1044} INFO - 
--------------------------------------------------------------------------------
[2024-06-24 14:46:24,740] {taskinstance.py:1063} INFO - Executing <Task(PythonOperator): get_name> on 2023-11-08T00:00:00+00:00
[2024-06-24 14:46:24,747] {standard_task_runner.py:52} INFO - Started process 23708 to run task
[2024-06-24 14:46:24,756] {standard_task_runner.py:76} INFO - Running: ['airflow', 'tasks', 'run', 'our_dag_with_python_operator_v07', 'get_name', '2023-11-08T00:00:00+00:00', '--job-id', '9034', '--pool', 'default_pool', '--raw', '--subdir', 'DAGS_FOLDER/create_dag_with_python_operator.py', '--cfg-path', '/tmp/tmp7hb7q3an', '--error-file', '/tmp/tmpo6tf4hm4']
[2024-06-24 14:46:24,762] {standard_task_runner.py:77} INFO - Job 9034: Subtask get_name
[2024-06-24 14:46:25,052] {logging_mixin.py:104} INFO - Running <TaskInstance: our_dag_with_python_operator_v07.get_name 2023-11-08T00:00:00+00:00 [running]> on host 799b1e36e3f1
[2024-06-24 14:46:25,437] {taskinstance.py:1257} INFO - Exporting the following env vars:
AIRFLOW_CTX_DAG_OWNER=coder2j
AIRFLOW_CTX_DAG_ID=our_dag_with_python_operator_v07
AIRFLOW_CTX_TASK_ID=get_name
AIRFLOW_CTX_EXECUTION_DATE=2023-11-08T00:00:00+00:00
AIRFLOW_CTX_DAG_RUN_ID=scheduled__2023-11-08T00:00:00+00:00
[2024-06-24 14:46:25,574] {python.py:118} INFO - Done. Returned value was: None
[2024-06-24 14:46:25,637] {taskinstance.py:1166} INFO - Marking task as SUCCESS. dag_id=our_dag_with_python_operator_v07, task_id=get_name, execution_date=20231108T000000, start_date=20240624T144624, end_date=20240624T144625
[2024-06-24 14:46:25,956] {taskinstance.py:1220} INFO - 1 downstream tasks scheduled from follow-on schedule check
[2024-06-24 14:46:25,997] {local_task_job.py:146} INFO - Task exited with return code 0
