[2024-06-24 14:28:54,331] {taskinstance.py:851} INFO - Dependencies all met for <TaskInstance: dag_with_taskflow_api_v02.get_name 2023-06-09T00:00:00+00:00 [queued]>
[2024-06-24 14:28:54,355] {taskinstance.py:851} INFO - Dependencies all met for <TaskInstance: dag_with_taskflow_api_v02.get_name 2023-06-09T00:00:00+00:00 [queued]>
[2024-06-24 14:28:54,359] {taskinstance.py:1042} INFO - 
--------------------------------------------------------------------------------
[2024-06-24 14:28:54,361] {taskinstance.py:1043} INFO - Starting attempt 1 of 6
[2024-06-24 14:28:54,362] {taskinstance.py:1044} INFO - 
--------------------------------------------------------------------------------
[2024-06-24 14:28:54,410] {taskinstance.py:1063} INFO - Executing <Task(_PythonDecoratedOperator): get_name> on 2023-06-09T00:00:00+00:00
[2024-06-24 14:28:54,428] {standard_task_runner.py:52} INFO - Started process 16739 to run task
[2024-06-24 14:28:54,437] {standard_task_runner.py:76} INFO - Running: ['airflow', 'tasks', 'run', 'dag_with_taskflow_api_v02', 'get_name', '2023-06-09T00:00:00+00:00', '--job-id', '7266', '--pool', 'default_pool', '--raw', '--subdir', 'DAGS_FOLDER/dag_with_taskflow_api.py', '--cfg-path', '/tmp/tmpbnmf3ws7', '--error-file', '/tmp/tmpkcnmxi5y']
[2024-06-24 14:28:54,454] {standard_task_runner.py:77} INFO - Job 7266: Subtask get_name
[2024-06-24 14:28:54,715] {logging_mixin.py:104} INFO - Running <TaskInstance: dag_with_taskflow_api_v02.get_name 2023-06-09T00:00:00+00:00 [running]> on host 799b1e36e3f1
[2024-06-24 14:28:54,891] {taskinstance.py:1257} INFO - Exporting the following env vars:
AIRFLOW_CTX_DAG_OWNER=coder2j
AIRFLOW_CTX_DAG_ID=dag_with_taskflow_api_v02
AIRFLOW_CTX_TASK_ID=get_name
AIRFLOW_CTX_EXECUTION_DATE=2023-06-09T00:00:00+00:00
AIRFLOW_CTX_DAG_RUN_ID=scheduled__2023-06-09T00:00:00+00:00
[2024-06-24 14:28:55,253] {taskinstance.py:1166} INFO - Marking task as SUCCESS. dag_id=dag_with_taskflow_api_v02, task_id=get_name, execution_date=20230609T000000, start_date=20240624T142854, end_date=20240624T142855
[2024-06-24 14:28:55,533] {taskinstance.py:1220} INFO - 1 downstream tasks scheduled from follow-on schedule check
[2024-06-24 14:28:55,575] {local_task_job.py:146} INFO - Task exited with return code 0
