[2024-06-24 14:30:37,271] {taskinstance.py:851} INFO - Dependencies all met for <TaskInstance: our_first_dag_v5.thrid_task 2023-05-31T00:00:00+00:00 [queued]>
[2024-06-24 14:30:37,302] {taskinstance.py:851} INFO - Dependencies all met for <TaskInstance: our_first_dag_v5.thrid_task 2023-05-31T00:00:00+00:00 [queued]>
[2024-06-24 14:30:37,304] {taskinstance.py:1042} INFO - 
--------------------------------------------------------------------------------
[2024-06-24 14:30:37,304] {taskinstance.py:1043} INFO - Starting attempt 1 of 6
[2024-06-24 14:30:37,306] {taskinstance.py:1044} INFO - 
--------------------------------------------------------------------------------
[2024-06-24 14:30:37,340] {taskinstance.py:1063} INFO - Executing <Task(BashOperator): thrid_task> on 2023-05-31T00:00:00+00:00
[2024-06-24 14:30:37,349] {standard_task_runner.py:52} INFO - Started process 19519 to run task
[2024-06-24 14:30:37,357] {standard_task_runner.py:76} INFO - Running: ['airflow', 'tasks', 'run', 'our_first_dag_v5', 'thrid_task', '2023-05-31T00:00:00+00:00', '--job-id', '8009', '--pool', 'default_pool', '--raw', '--subdir', 'DAGS_FOLDER/our_first_dag.py', '--cfg-path', '/tmp/tmpan2u700m', '--error-file', '/tmp/tmpwu8_hwqc']
[2024-06-24 14:30:37,364] {standard_task_runner.py:77} INFO - Job 8009: Subtask thrid_task
[2024-06-24 14:30:37,548] {logging_mixin.py:104} INFO - Running <TaskInstance: our_first_dag_v5.thrid_task 2023-05-31T00:00:00+00:00 [running]> on host 799b1e36e3f1
[2024-06-24 14:30:37,775] {taskinstance.py:1257} INFO - Exporting the following env vars:
AIRFLOW_CTX_DAG_OWNER=coder2j
AIRFLOW_CTX_DAG_ID=our_first_dag_v5
AIRFLOW_CTX_TASK_ID=thrid_task
AIRFLOW_CTX_EXECUTION_DATE=2023-05-31T00:00:00+00:00
AIRFLOW_CTX_DAG_RUN_ID=scheduled__2023-05-31T00:00:00+00:00
[2024-06-24 14:30:37,783] {bash.py:135} INFO - Tmp dir root location: 
 /tmp
[2024-06-24 14:30:37,804] {bash.py:158} INFO - Running command: echo hey, I am task3 and will be running after task1 at the same time as task2!
[2024-06-24 14:30:37,840] {bash.py:169} INFO - Output:
[2024-06-24 14:30:37,848] {bash.py:173} INFO - hey, I am task3 and will be running after task1 at the same time as task2!
[2024-06-24 14:30:37,849] {bash.py:177} INFO - Command exited with return code 0
[2024-06-24 14:30:38,135] {taskinstance.py:1166} INFO - Marking task as SUCCESS. dag_id=our_first_dag_v5, task_id=thrid_task, execution_date=20230531T000000, start_date=20240624T143037, end_date=20240624T143038
[2024-06-24 14:30:38,284] {taskinstance.py:1220} INFO - 0 downstream tasks scheduled from follow-on schedule check
[2024-06-24 14:30:38,373] {local_task_job.py:146} INFO - Task exited with return code 0
