[2024-08-11 13:01:04,851] {taskinstance.py:851} INFO - Dependencies all met for <TaskInstance: our_dag_with_python_operator_v07.get_name 2024-08-09T00:00:00+00:00 [queued]>
[2024-08-11 13:01:05,614] {taskinstance.py:851} INFO - Dependencies all met for <TaskInstance: our_dag_with_python_operator_v07.get_name 2024-08-09T00:00:00+00:00 [queued]>
[2024-08-11 13:01:05,618] {taskinstance.py:1042} INFO - 
--------------------------------------------------------------------------------
[2024-08-11 13:01:05,619] {taskinstance.py:1043} INFO - Starting attempt 1 of 6
[2024-08-11 13:01:05,621] {taskinstance.py:1044} INFO - 
--------------------------------------------------------------------------------
[2024-08-11 13:01:05,803] {taskinstance.py:1063} INFO - Executing <Task(PythonOperator): get_name> on 2024-08-09T00:00:00+00:00
[2024-08-11 13:01:05,918] {standard_task_runner.py:52} INFO - Started process 201 to run task
[2024-08-11 13:01:05,978] {standard_task_runner.py:76} INFO - Running: ['airflow', 'tasks', 'run', 'our_dag_with_python_operator_v07', 'get_name', '2024-08-09T00:00:00+00:00', '--job-id', '12745', '--pool', 'default_pool', '--raw', '--subdir', 'DAGS_FOLDER/create_dag_with_python_operator.py', '--cfg-path', '/tmp/tmpdiqqlfvl', '--error-file', '/tmp/tmpajoj2wrp']
[2024-08-11 13:01:06,293] {standard_task_runner.py:77} INFO - Job 12745: Subtask get_name
[2024-08-11 13:01:07,818] {logging_mixin.py:104} INFO - Running <TaskInstance: our_dag_with_python_operator_v07.get_name 2024-08-09T00:00:00+00:00 [running]> on host 799b1e36e3f1
[2024-08-11 13:01:09,521] {taskinstance.py:1257} INFO - Exporting the following env vars:
AIRFLOW_CTX_DAG_OWNER=coder2j
AIRFLOW_CTX_DAG_ID=our_dag_with_python_operator_v07
AIRFLOW_CTX_TASK_ID=get_name
AIRFLOW_CTX_EXECUTION_DATE=2024-08-09T00:00:00+00:00
AIRFLOW_CTX_DAG_RUN_ID=scheduled__2024-08-09T00:00:00+00:00
[2024-08-11 13:01:10,089] {python.py:118} INFO - Done. Returned value was: None
[2024-08-11 13:01:10,143] {taskinstance.py:1166} INFO - Marking task as SUCCESS. dag_id=our_dag_with_python_operator_v07, task_id=get_name, execution_date=20240809T000000, start_date=20240811T130104, end_date=20240811T130110
[2024-08-11 13:01:11,343] {taskinstance.py:1220} INFO - 1 downstream tasks scheduled from follow-on schedule check
[2024-08-11 13:01:11,651] {local_task_job.py:146} INFO - Task exited with return code 0
