[2024-06-24 14:26:32,267] {taskinstance.py:851} INFO - Dependencies all met for <TaskInstance: our_first_dag_v5.thrid_task 2022-12-25T00:00:00+00:00 [queued]>
[2024-06-24 14:26:32,352] {taskinstance.py:851} INFO - Dependencies all met for <TaskInstance: our_first_dag_v5.thrid_task 2022-12-25T00:00:00+00:00 [queued]>
[2024-06-24 14:26:32,359] {taskinstance.py:1042} INFO - 
--------------------------------------------------------------------------------
[2024-06-24 14:26:32,363] {taskinstance.py:1043} INFO - Starting attempt 1 of 6
[2024-06-24 14:26:32,370] {taskinstance.py:1044} INFO - 
--------------------------------------------------------------------------------
[2024-06-24 14:26:32,438] {taskinstance.py:1063} INFO - Executing <Task(BashOperator): thrid_task> on 2022-12-25T00:00:00+00:00
[2024-06-24 14:26:32,451] {standard_task_runner.py:52} INFO - Started process 13019 to run task
[2024-06-24 14:26:32,469] {standard_task_runner.py:76} INFO - Running: ['airflow', 'tasks', 'run', 'our_first_dag_v5', 'thrid_task', '2022-12-25T00:00:00+00:00', '--job-id', '6249', '--pool', 'default_pool', '--raw', '--subdir', 'DAGS_FOLDER/our_first_dag.py', '--cfg-path', '/tmp/tmp1kg2t8de', '--error-file', '/tmp/tmpu3ziap1j']
[2024-06-24 14:26:32,497] {standard_task_runner.py:77} INFO - Job 6249: Subtask thrid_task
[2024-06-24 14:26:32,805] {logging_mixin.py:104} INFO - Running <TaskInstance: our_first_dag_v5.thrid_task 2022-12-25T00:00:00+00:00 [running]> on host 799b1e36e3f1
[2024-06-24 14:26:33,074] {taskinstance.py:1257} INFO - Exporting the following env vars:
AIRFLOW_CTX_DAG_OWNER=coder2j
AIRFLOW_CTX_DAG_ID=our_first_dag_v5
AIRFLOW_CTX_TASK_ID=thrid_task
AIRFLOW_CTX_EXECUTION_DATE=2022-12-25T00:00:00+00:00
AIRFLOW_CTX_DAG_RUN_ID=scheduled__2022-12-25T00:00:00+00:00
[2024-06-24 14:26:33,077] {bash.py:135} INFO - Tmp dir root location: 
 /tmp
[2024-06-24 14:26:33,095] {bash.py:158} INFO - Running command: echo hey, I am task3 and will be running after task1 at the same time as task2!
[2024-06-24 14:26:33,137] {bash.py:169} INFO - Output:
[2024-06-24 14:26:33,161] {bash.py:173} INFO - hey, I am task3 and will be running after task1 at the same time as task2!
[2024-06-24 14:26:33,171] {bash.py:177} INFO - Command exited with return code 0
[2024-06-24 14:26:33,321] {taskinstance.py:1166} INFO - Marking task as SUCCESS. dag_id=our_first_dag_v5, task_id=thrid_task, execution_date=20221225T000000, start_date=20240624T142632, end_date=20240624T142633
[2024-06-24 14:26:33,510] {taskinstance.py:1220} INFO - 0 downstream tasks scheduled from follow-on schedule check
[2024-06-24 14:26:33,572] {local_task_job.py:146} INFO - Task exited with return code 0
