[2024-06-24 14:29:44,943] {taskinstance.py:851} INFO - Dependencies all met for <TaskInstance: our_dag_with_python_operator_v07.get_name 2023-07-10T00:00:00+00:00 [queued]>
[2024-06-24 14:29:45,079] {taskinstance.py:851} INFO - Dependencies all met for <TaskInstance: our_dag_with_python_operator_v07.get_name 2023-07-10T00:00:00+00:00 [queued]>
[2024-06-24 14:29:45,081] {taskinstance.py:1042} INFO - 
--------------------------------------------------------------------------------
[2024-06-24 14:29:45,083] {taskinstance.py:1043} INFO - Starting attempt 1 of 6
[2024-06-24 14:29:45,084] {taskinstance.py:1044} INFO - 
--------------------------------------------------------------------------------
[2024-06-24 14:29:45,141] {taskinstance.py:1063} INFO - Executing <Task(PythonOperator): get_name> on 2023-07-10T00:00:00+00:00
[2024-06-24 14:29:45,150] {standard_task_runner.py:52} INFO - Started process 18127 to run task
[2024-06-24 14:29:45,182] {standard_task_runner.py:76} INFO - Running: ['airflow', 'tasks', 'run', 'our_dag_with_python_operator_v07', 'get_name', '2023-07-10T00:00:00+00:00', '--job-id', '7640', '--pool', 'default_pool', '--raw', '--subdir', 'DAGS_FOLDER/create_dag_with_python_operator.py', '--cfg-path', '/tmp/tmpru6uhlvh', '--error-file', '/tmp/tmpbpt1muex']
[2024-06-24 14:29:45,196] {standard_task_runner.py:77} INFO - Job 7640: Subtask get_name
[2024-06-24 14:29:45,406] {logging_mixin.py:104} INFO - Running <TaskInstance: our_dag_with_python_operator_v07.get_name 2023-07-10T00:00:00+00:00 [running]> on host 799b1e36e3f1
[2024-06-24 14:29:45,634] {taskinstance.py:1257} INFO - Exporting the following env vars:
AIRFLOW_CTX_DAG_OWNER=coder2j
AIRFLOW_CTX_DAG_ID=our_dag_with_python_operator_v07
AIRFLOW_CTX_TASK_ID=get_name
AIRFLOW_CTX_EXECUTION_DATE=2023-07-10T00:00:00+00:00
AIRFLOW_CTX_DAG_RUN_ID=scheduled__2023-07-10T00:00:00+00:00
[2024-06-24 14:29:45,781] {python.py:118} INFO - Done. Returned value was: None
[2024-06-24 14:29:45,814] {taskinstance.py:1166} INFO - Marking task as SUCCESS. dag_id=our_dag_with_python_operator_v07, task_id=get_name, execution_date=20230710T000000, start_date=20240624T142944, end_date=20240624T142945
[2024-06-24 14:29:45,946] {taskinstance.py:1220} INFO - 1 downstream tasks scheduled from follow-on schedule check
[2024-06-24 14:29:45,977] {local_task_job.py:146} INFO - Task exited with return code 0
