[2024-06-24 12:58:43,912] {taskinstance.py:851} INFO - Dependencies all met for <TaskInstance: dag_with_cron_expression_v04.task1 2024-04-02T03:00:00+00:00 [queued]>
[2024-06-24 12:58:44,117] {taskinstance.py:851} INFO - Dependencies all met for <TaskInstance: dag_with_cron_expression_v04.task1 2024-04-02T03:00:00+00:00 [queued]>
[2024-06-24 12:58:44,160] {taskinstance.py:1042} INFO - 
--------------------------------------------------------------------------------
[2024-06-24 12:58:44,183] {taskinstance.py:1043} INFO - Starting attempt 1 of 6
[2024-06-24 12:58:44,213] {taskinstance.py:1044} INFO - 
--------------------------------------------------------------------------------
[2024-06-24 12:58:44,330] {taskinstance.py:1063} INFO - Executing <Task(BashOperator): task1> on 2024-04-02T03:00:00+00:00
[2024-06-24 12:58:44,360] {standard_task_runner.py:52} INFO - Started process 33721 to run task
[2024-06-24 12:58:44,390] {standard_task_runner.py:76} INFO - Running: ['airflow', 'tasks', 'run', 'dag_with_cron_expression_v04', 'task1', '2024-04-02T03:00:00+00:00', '--job-id', '2009', '--pool', 'default_pool', '--raw', '--subdir', 'DAGS_FOLDER/dag_with_cron_expression.py', '--cfg-path', '/tmp/tmph1_ad0z7', '--error-file', '/tmp/tmpgeen25r1']
[2024-06-24 12:58:44,411] {standard_task_runner.py:77} INFO - Job 2009: Subtask task1
[2024-06-24 12:58:44,685] {logging_mixin.py:104} INFO - Running <TaskInstance: dag_with_cron_expression_v04.task1 2024-04-02T03:00:00+00:00 [running]> on host 799b1e36e3f1
[2024-06-24 12:58:45,029] {taskinstance.py:1257} INFO - Exporting the following env vars:
AIRFLOW_CTX_DAG_OWNER=coder2j
AIRFLOW_CTX_DAG_ID=dag_with_cron_expression_v04
AIRFLOW_CTX_TASK_ID=task1
AIRFLOW_CTX_EXECUTION_DATE=2024-04-02T03:00:00+00:00
AIRFLOW_CTX_DAG_RUN_ID=scheduled__2024-04-02T03:00:00+00:00
[2024-06-24 12:58:45,048] {bash.py:135} INFO - Tmp dir root location: 
 /tmp
[2024-06-24 12:58:45,085] {bash.py:158} INFO - Running command: echo dag with cron expression!
[2024-06-24 12:58:45,158] {bash.py:169} INFO - Output:
[2024-06-24 12:58:45,167] {bash.py:173} INFO - dag with cron expression!
[2024-06-24 12:58:45,177] {bash.py:177} INFO - Command exited with return code 0
[2024-06-24 12:58:45,337] {taskinstance.py:1166} INFO - Marking task as SUCCESS. dag_id=dag_with_cron_expression_v04, task_id=task1, execution_date=20240402T030000, start_date=20240624T125843, end_date=20240624T125845
[2024-06-24 12:58:45,575] {taskinstance.py:1220} INFO - 0 downstream tasks scheduled from follow-on schedule check
[2024-06-24 12:58:45,618] {local_task_job.py:146} INFO - Task exited with return code 0
