[2024-06-24 14:25:40,847] {taskinstance.py:851} INFO - Dependencies all met for <TaskInstance: dag_with_taskflow_api_v02.get_age 2023-01-30T00:00:00+00:00 [queued]>
[2024-06-24 14:25:40,911] {taskinstance.py:851} INFO - Dependencies all met for <TaskInstance: dag_with_taskflow_api_v02.get_age 2023-01-30T00:00:00+00:00 [queued]>
[2024-06-24 14:25:40,915] {taskinstance.py:1042} INFO - 
--------------------------------------------------------------------------------
[2024-06-24 14:25:40,916] {taskinstance.py:1043} INFO - Starting attempt 1 of 6
[2024-06-24 14:25:40,917] {taskinstance.py:1044} INFO - 
--------------------------------------------------------------------------------
[2024-06-24 14:25:41,002] {taskinstance.py:1063} INFO - Executing <Task(_PythonDecoratedOperator): get_age> on 2023-01-30T00:00:00+00:00
[2024-06-24 14:25:41,021] {standard_task_runner.py:52} INFO - Started process 11615 to run task
[2024-06-24 14:25:41,038] {standard_task_runner.py:76} INFO - Running: ['airflow', 'tasks', 'run', 'dag_with_taskflow_api_v02', 'get_age', '2023-01-30T00:00:00+00:00', '--job-id', '5886', '--pool', 'default_pool', '--raw', '--subdir', 'DAGS_FOLDER/dag_with_taskflow_api.py', '--cfg-path', '/tmp/tmpybj0e2m5', '--error-file', '/tmp/tmpb_373krr']
[2024-06-24 14:25:41,057] {standard_task_runner.py:77} INFO - Job 5886: Subtask get_age
[2024-06-24 14:25:41,398] {logging_mixin.py:104} INFO - Running <TaskInstance: dag_with_taskflow_api_v02.get_age 2023-01-30T00:00:00+00:00 [running]> on host 799b1e36e3f1
[2024-06-24 14:25:41,629] {taskinstance.py:1257} INFO - Exporting the following env vars:
AIRFLOW_CTX_DAG_OWNER=coder2j
AIRFLOW_CTX_DAG_ID=dag_with_taskflow_api_v02
AIRFLOW_CTX_TASK_ID=get_age
AIRFLOW_CTX_EXECUTION_DATE=2023-01-30T00:00:00+00:00
AIRFLOW_CTX_DAG_RUN_ID=scheduled__2023-01-30T00:00:00+00:00
[2024-06-24 14:25:41,731] {taskinstance.py:1166} INFO - Marking task as SUCCESS. dag_id=dag_with_taskflow_api_v02, task_id=get_age, execution_date=20230130T000000, start_date=20240624T142540, end_date=20240624T142541
[2024-06-24 14:25:41,965] {taskinstance.py:1220} INFO - 0 downstream tasks scheduled from follow-on schedule check
[2024-06-24 14:25:42,012] {local_task_job.py:146} INFO - Task exited with return code 0
