[2024-06-24 14:19:14,513] {taskinstance.py:851} INFO - Dependencies all met for <TaskInstance: our_dag_with_python_operator_v07.get_age 2022-05-24T00:00:00+00:00 [queued]>
[2024-06-24 14:19:14,585] {taskinstance.py:851} INFO - Dependencies all met for <TaskInstance: our_dag_with_python_operator_v07.get_age 2022-05-24T00:00:00+00:00 [queued]>
[2024-06-24 14:19:14,589] {taskinstance.py:1042} INFO - 
--------------------------------------------------------------------------------
[2024-06-24 14:19:14,590] {taskinstance.py:1043} INFO - Starting attempt 1 of 6
[2024-06-24 14:19:14,591] {taskinstance.py:1044} INFO - 
--------------------------------------------------------------------------------
[2024-06-24 14:19:14,713] {taskinstance.py:1063} INFO - Executing <Task(PythonOperator): get_age> on 2022-05-24T00:00:00+00:00
[2024-06-24 14:19:14,761] {standard_task_runner.py:76} INFO - Running: ['airflow', 'tasks', 'run', 'our_dag_with_python_operator_v07', 'get_age', '2022-05-24T00:00:00+00:00', '--job-id', '3333', '--pool', 'default_pool', '--raw', '--subdir', 'DAGS_FOLDER/create_dag_with_python_operator.py', '--cfg-path', '/tmp/tmp_obx3uq5', '--error-file', '/tmp/tmp15q9e9qe']
[2024-06-24 14:19:14,778] {standard_task_runner.py:77} INFO - Job 3333: Subtask get_age
[2024-06-24 14:19:14,777] {standard_task_runner.py:52} INFO - Started process 1960 to run task
[2024-06-24 14:19:14,936] {logging_mixin.py:104} INFO - Running <TaskInstance: our_dag_with_python_operator_v07.get_age 2022-05-24T00:00:00+00:00 [running]> on host 799b1e36e3f1
[2024-06-24 14:19:15,157] {taskinstance.py:1257} INFO - Exporting the following env vars:
AIRFLOW_CTX_DAG_OWNER=coder2j
AIRFLOW_CTX_DAG_ID=our_dag_with_python_operator_v07
AIRFLOW_CTX_TASK_ID=get_age
AIRFLOW_CTX_EXECUTION_DATE=2022-05-24T00:00:00+00:00
AIRFLOW_CTX_DAG_RUN_ID=scheduled__2022-05-24T00:00:00+00:00
[2024-06-24 14:19:15,199] {python.py:118} INFO - Done. Returned value was: None
[2024-06-24 14:19:15,255] {taskinstance.py:1166} INFO - Marking task as SUCCESS. dag_id=our_dag_with_python_operator_v07, task_id=get_age, execution_date=20220524T000000, start_date=20240624T141914, end_date=20240624T141915
[2024-06-24 14:19:15,482] {taskinstance.py:1220} INFO - 0 downstream tasks scheduled from follow-on schedule check
[2024-06-24 14:19:15,552] {local_task_job.py:146} INFO - Task exited with return code 0
