[2024-06-24 14:50:36,816] {taskinstance.py:851} INFO - Dependencies all met for <TaskInstance: our_first_dag_v5.first_task 2023-10-10T00:00:00+00:00 [queued]>
[2024-06-24 14:50:37,048] {taskinstance.py:851} INFO - Dependencies all met for <TaskInstance: our_first_dag_v5.first_task 2023-10-10T00:00:00+00:00 [queued]>
[2024-06-24 14:50:37,065] {taskinstance.py:1042} INFO - 
--------------------------------------------------------------------------------
[2024-06-24 14:50:37,076] {taskinstance.py:1043} INFO - Starting attempt 1 of 6
[2024-06-24 14:50:37,097] {taskinstance.py:1044} INFO - 
--------------------------------------------------------------------------------
[2024-06-24 14:50:37,417] {taskinstance.py:1063} INFO - Executing <Task(BashOperator): first_task> on 2023-10-10T00:00:00+00:00
[2024-06-24 14:50:37,467] {standard_task_runner.py:52} INFO - Started process 25225 to run task
[2024-06-24 14:50:37,571] {standard_task_runner.py:76} INFO - Running: ['airflow', 'tasks', 'run', 'our_first_dag_v5', 'first_task', '2023-10-10T00:00:00+00:00', '--job-id', '9380', '--pool', 'default_pool', '--raw', '--subdir', 'DAGS_FOLDER/our_first_dag.py', '--cfg-path', '/tmp/tmpt0hyr78_', '--error-file', '/tmp/tmpg_p7m6mt']
[2024-06-24 14:50:37,832] {standard_task_runner.py:77} INFO - Job 9380: Subtask first_task
[2024-06-24 14:50:38,824] {logging_mixin.py:104} INFO - Running <TaskInstance: our_first_dag_v5.first_task 2023-10-10T00:00:00+00:00 [running]> on host 799b1e36e3f1
[2024-06-24 14:50:40,353] {taskinstance.py:1257} INFO - Exporting the following env vars:
AIRFLOW_CTX_DAG_OWNER=coder2j
AIRFLOW_CTX_DAG_ID=our_first_dag_v5
AIRFLOW_CTX_TASK_ID=first_task
AIRFLOW_CTX_EXECUTION_DATE=2023-10-10T00:00:00+00:00
AIRFLOW_CTX_DAG_RUN_ID=scheduled__2023-10-10T00:00:00+00:00
[2024-06-24 14:50:40,367] {bash.py:135} INFO - Tmp dir root location: 
 /tmp
[2024-06-24 14:50:40,406] {bash.py:158} INFO - Running command: echo hello world, this is the first task!
[2024-06-24 14:50:40,561] {bash.py:169} INFO - Output:
[2024-06-24 14:50:40,581] {bash.py:173} INFO - hello world, this is the first task!
[2024-06-24 14:50:40,589] {bash.py:177} INFO - Command exited with return code 0
[2024-06-24 14:50:41,177] {taskinstance.py:1166} INFO - Marking task as SUCCESS. dag_id=our_first_dag_v5, task_id=first_task, execution_date=20231010T000000, start_date=20240624T145036, end_date=20240624T145041
[2024-06-24 14:50:42,827] {local_task_job.py:188} WARNING - State of this instance has been externally set to success. Terminating instance.
[2024-06-24 14:50:42,880] {process_utils.py:100} INFO - Sending Signals.SIGTERM to GPID 25225
[2024-06-24 14:50:42,885] {taskinstance.py:1239} ERROR - Received SIGTERM. Terminating subprocesses.
[2024-06-24 14:50:42,890] {bash.py:185} INFO - Sending SIGTERM signal to bash process group
[2024-06-24 14:50:42,966] {process_utils.py:66} INFO - Process psutil.Process(pid=25225, status='terminated', exitcode=1, started='14:50:37') (25225) terminated with exit code 1
