[2024-06-24 13:00:06,705] {taskinstance.py:851} INFO - Dependencies all met for <TaskInstance: our_dag_with_python_operator_v07.get_name 2022-03-20T00:00:00+00:00 [queued]>
[2024-06-24 13:00:06,812] {taskinstance.py:851} INFO - Dependencies all met for <TaskInstance: our_dag_with_python_operator_v07.get_name 2022-03-20T00:00:00+00:00 [queued]>
[2024-06-24 13:00:06,823] {taskinstance.py:1042} INFO - 
--------------------------------------------------------------------------------
[2024-06-24 13:00:06,831] {taskinstance.py:1043} INFO - Starting attempt 1 of 6
[2024-06-24 13:00:06,835] {taskinstance.py:1044} INFO - 
--------------------------------------------------------------------------------
[2024-06-24 13:00:06,900] {taskinstance.py:1063} INFO - Executing <Task(PythonOperator): get_name> on 2022-03-20T00:00:00+00:00
[2024-06-24 13:00:06,918] {standard_task_runner.py:52} INFO - Started process 35108 to run task
[2024-06-24 13:00:06,931] {standard_task_runner.py:76} INFO - Running: ['airflow', 'tasks', 'run', 'our_dag_with_python_operator_v07', 'get_name', '2022-03-20T00:00:00+00:00', '--job-id', '2360', '--pool', 'default_pool', '--raw', '--subdir', 'DAGS_FOLDER/create_dag_with_python_operator.py', '--cfg-path', '/tmp/tmpa1euklp2', '--error-file', '/tmp/tmp7ps2vxx3']
[2024-06-24 13:00:06,940] {standard_task_runner.py:77} INFO - Job 2360: Subtask get_name
[2024-06-24 13:00:07,224] {logging_mixin.py:104} INFO - Running <TaskInstance: our_dag_with_python_operator_v07.get_name 2022-03-20T00:00:00+00:00 [running]> on host 799b1e36e3f1
[2024-06-24 13:00:07,414] {taskinstance.py:1257} INFO - Exporting the following env vars:
AIRFLOW_CTX_DAG_OWNER=coder2j
AIRFLOW_CTX_DAG_ID=our_dag_with_python_operator_v07
AIRFLOW_CTX_TASK_ID=get_name
AIRFLOW_CTX_EXECUTION_DATE=2022-03-20T00:00:00+00:00
AIRFLOW_CTX_DAG_RUN_ID=scheduled__2022-03-20T00:00:00+00:00
[2024-06-24 13:00:07,554] {python.py:118} INFO - Done. Returned value was: None
[2024-06-24 13:00:07,587] {taskinstance.py:1166} INFO - Marking task as SUCCESS. dag_id=our_dag_with_python_operator_v07, task_id=get_name, execution_date=20220320T000000, start_date=20240624T130006, end_date=20240624T130007
[2024-06-24 13:00:07,719] {taskinstance.py:1220} INFO - 0 downstream tasks scheduled from follow-on schedule check
[2024-06-24 13:00:07,755] {local_task_job.py:146} INFO - Task exited with return code 0
