[2024-07-04 19:07:04,942] {taskinstance.py:851} INFO - Dependencies all met for <TaskInstance: dag_with_taskflow_api_v02.get_name 2024-06-26T00:00:00+00:00 [queued]>
[2024-07-04 19:07:05,009] {taskinstance.py:851} INFO - Dependencies all met for <TaskInstance: dag_with_taskflow_api_v02.get_name 2024-06-26T00:00:00+00:00 [queued]>
[2024-07-04 19:07:05,010] {taskinstance.py:1042} INFO - 
--------------------------------------------------------------------------------
[2024-07-04 19:07:05,014] {taskinstance.py:1043} INFO - Starting attempt 1 of 6
[2024-07-04 19:07:05,015] {taskinstance.py:1044} INFO - 
--------------------------------------------------------------------------------
[2024-07-04 19:07:05,055] {taskinstance.py:1063} INFO - Executing <Task(_PythonDecoratedOperator): get_name> on 2024-06-26T00:00:00+00:00
[2024-07-04 19:07:05,070] {standard_task_runner.py:52} INFO - Started process 193 to run task
[2024-07-04 19:07:05,091] {standard_task_runner.py:76} INFO - Running: ['airflow', 'tasks', 'run', 'dag_with_taskflow_api_v02', 'get_name', '2024-06-26T00:00:00+00:00', '--job-id', '12203', '--pool', 'default_pool', '--raw', '--subdir', 'DAGS_FOLDER/dag_with_taskflow_api.py', '--cfg-path', '/tmp/tmpx6unr51a', '--error-file', '/tmp/tmpnohq0tub']
[2024-07-04 19:07:05,131] {standard_task_runner.py:77} INFO - Job 12203: Subtask get_name
[2024-07-04 19:07:05,666] {logging_mixin.py:104} INFO - Running <TaskInstance: dag_with_taskflow_api_v02.get_name 2024-06-26T00:00:00+00:00 [running]> on host 799b1e36e3f1
[2024-07-04 19:07:06,105] {taskinstance.py:1257} INFO - Exporting the following env vars:
AIRFLOW_CTX_DAG_OWNER=coder2j
AIRFLOW_CTX_DAG_ID=dag_with_taskflow_api_v02
AIRFLOW_CTX_TASK_ID=get_name
AIRFLOW_CTX_EXECUTION_DATE=2024-06-26T00:00:00+00:00
AIRFLOW_CTX_DAG_RUN_ID=scheduled__2024-06-26T00:00:00+00:00
[2024-07-04 19:07:06,602] {taskinstance.py:1166} INFO - Marking task as SUCCESS. dag_id=dag_with_taskflow_api_v02, task_id=get_name, execution_date=20240626T000000, start_date=20240704T190704, end_date=20240704T190706
[2024-07-04 19:07:06,937] {taskinstance.py:1220} INFO - 1 downstream tasks scheduled from follow-on schedule check
[2024-07-04 19:07:07,037] {local_task_job.py:146} INFO - Task exited with return code 0
