[2024-06-24 13:00:58,826] {taskinstance.py:851} INFO - Dependencies all met for <TaskInstance: our_first_dag_v5.thrid_task 2022-01-21T00:00:00+00:00 [queued]>
[2024-06-24 13:00:58,927] {taskinstance.py:851} INFO - Dependencies all met for <TaskInstance: our_first_dag_v5.thrid_task 2022-01-21T00:00:00+00:00 [queued]>
[2024-06-24 13:00:59,040] {taskinstance.py:1042} INFO - 
--------------------------------------------------------------------------------
[2024-06-24 13:00:59,042] {taskinstance.py:1043} INFO - Starting attempt 1 of 6
[2024-06-24 13:00:59,043] {taskinstance.py:1044} INFO - 
--------------------------------------------------------------------------------
[2024-06-24 13:00:59,124] {taskinstance.py:1063} INFO - Executing <Task(BashOperator): thrid_task> on 2022-01-21T00:00:00+00:00
[2024-06-24 13:00:59,156] {standard_task_runner.py:52} INFO - Started process 35869 to run task
[2024-06-24 13:00:59,221] {standard_task_runner.py:76} INFO - Running: ['airflow', 'tasks', 'run', 'our_first_dag_v5', 'thrid_task', '2022-01-21T00:00:00+00:00', '--job-id', '2554', '--pool', 'default_pool', '--raw', '--subdir', 'DAGS_FOLDER/our_first_dag.py', '--cfg-path', '/tmp/tmpwjbf3tkf', '--error-file', '/tmp/tmp9nfw4511']
[2024-06-24 13:00:59,242] {standard_task_runner.py:77} INFO - Job 2554: Subtask thrid_task
[2024-06-24 13:00:59,810] {logging_mixin.py:104} INFO - Running <TaskInstance: our_first_dag_v5.thrid_task 2022-01-21T00:00:00+00:00 [running]> on host 799b1e36e3f1
[2024-06-24 13:01:00,214] {taskinstance.py:1257} INFO - Exporting the following env vars:
AIRFLOW_CTX_DAG_OWNER=coder2j
AIRFLOW_CTX_DAG_ID=our_first_dag_v5
AIRFLOW_CTX_TASK_ID=thrid_task
AIRFLOW_CTX_EXECUTION_DATE=2022-01-21T00:00:00+00:00
AIRFLOW_CTX_DAG_RUN_ID=scheduled__2022-01-21T00:00:00+00:00
[2024-06-24 13:01:00,222] {bash.py:135} INFO - Tmp dir root location: 
 /tmp
[2024-06-24 13:01:00,228] {bash.py:158} INFO - Running command: echo hey, I am task3 and will be running after task1 at the same time as task2!
[2024-06-24 13:01:00,305] {bash.py:169} INFO - Output:
[2024-06-24 13:01:00,310] {bash.py:173} INFO - hey, I am task3 and will be running after task1 at the same time as task2!
[2024-06-24 13:01:00,311] {bash.py:177} INFO - Command exited with return code 0
[2024-06-24 13:01:00,675] {taskinstance.py:1166} INFO - Marking task as SUCCESS. dag_id=our_first_dag_v5, task_id=thrid_task, execution_date=20220121T000000, start_date=20240624T130058, end_date=20240624T130100
[2024-06-24 13:01:00,958] {taskinstance.py:1220} INFO - 0 downstream tasks scheduled from follow-on schedule check
[2024-06-24 13:01:01,018] {local_task_job.py:146} INFO - Task exited with return code 0
