[2024-06-24 14:19:57,450] {taskinstance.py:851} INFO - Dependencies all met for <TaskInstance: our_dag_with_python_operator_v07.greet 2022-07-06T00:00:00+00:00 [queued]>
[2024-06-24 14:19:57,575] {taskinstance.py:851} INFO - Dependencies all met for <TaskInstance: our_dag_with_python_operator_v07.greet 2022-07-06T00:00:00+00:00 [queued]>
[2024-06-24 14:19:57,579] {taskinstance.py:1042} INFO - 
--------------------------------------------------------------------------------
[2024-06-24 14:19:57,581] {taskinstance.py:1043} INFO - Starting attempt 1 of 6
[2024-06-24 14:19:57,588] {taskinstance.py:1044} INFO - 
--------------------------------------------------------------------------------
[2024-06-24 14:19:57,669] {taskinstance.py:1063} INFO - Executing <Task(PythonOperator): greet> on 2022-07-06T00:00:00+00:00
[2024-06-24 14:19:57,697] {standard_task_runner.py:52} INFO - Started process 3139 to run task
[2024-06-24 14:19:57,711] {standard_task_runner.py:76} INFO - Running: ['airflow', 'tasks', 'run', 'our_dag_with_python_operator_v07', 'greet', '2022-07-06T00:00:00+00:00', '--job-id', '3629', '--pool', 'default_pool', '--raw', '--subdir', 'DAGS_FOLDER/create_dag_with_python_operator.py', '--cfg-path', '/tmp/tmpi8texqey', '--error-file', '/tmp/tmpe1k45vq2']
[2024-06-24 14:19:57,744] {standard_task_runner.py:77} INFO - Job 3629: Subtask greet
[2024-06-24 14:19:58,028] {logging_mixin.py:104} INFO - Running <TaskInstance: our_dag_with_python_operator_v07.greet 2022-07-06T00:00:00+00:00 [running]> on host 799b1e36e3f1
[2024-06-24 14:19:58,319] {taskinstance.py:1257} INFO - Exporting the following env vars:
AIRFLOW_CTX_DAG_OWNER=coder2j
AIRFLOW_CTX_DAG_ID=our_dag_with_python_operator_v07
AIRFLOW_CTX_TASK_ID=greet
AIRFLOW_CTX_EXECUTION_DATE=2022-07-06T00:00:00+00:00
AIRFLOW_CTX_DAG_RUN_ID=scheduled__2022-07-06T00:00:00+00:00
[2024-06-24 14:19:58,324] {logging_mixin.py:104} INFO - some dict:  {'a': 1, 'b': 2}
[2024-06-24 14:19:58,469] {logging_mixin.py:104} INFO - Hello World! My name is Jerry Fridman, and I am 19 years old!
[2024-06-24 14:19:58,470] {python.py:118} INFO - Done. Returned value was: None
[2024-06-24 14:19:58,505] {taskinstance.py:1166} INFO - Marking task as SUCCESS. dag_id=our_dag_with_python_operator_v07, task_id=greet, execution_date=20220706T000000, start_date=20240624T141957, end_date=20240624T141958
[2024-06-24 14:19:58,818] {taskinstance.py:1220} INFO - 0 downstream tasks scheduled from follow-on schedule check
[2024-06-24 14:19:58,866] {local_task_job.py:146} INFO - Task exited with return code 0
