[2024-06-24 12:59:35,851] {taskinstance.py:851} INFO - Dependencies all met for <TaskInstance: our_dag_with_python_operator_v07.greet 2022-03-07T00:00:00+00:00 [queued]>
[2024-06-24 12:59:35,938] {taskinstance.py:851} INFO - Dependencies all met for <TaskInstance: our_dag_with_python_operator_v07.greet 2022-03-07T00:00:00+00:00 [queued]>
[2024-06-24 12:59:35,942] {taskinstance.py:1042} INFO - 
--------------------------------------------------------------------------------
[2024-06-24 12:59:35,944] {taskinstance.py:1043} INFO - Starting attempt 1 of 6
[2024-06-24 12:59:35,946] {taskinstance.py:1044} INFO - 
--------------------------------------------------------------------------------
[2024-06-24 12:59:36,015] {taskinstance.py:1063} INFO - Executing <Task(PythonOperator): greet> on 2022-03-07T00:00:00+00:00
[2024-06-24 12:59:36,059] {standard_task_runner.py:52} INFO - Started process 34576 to run task
[2024-06-24 12:59:36,089] {standard_task_runner.py:76} INFO - Running: ['airflow', 'tasks', 'run', 'our_dag_with_python_operator_v07', 'greet', '2022-03-07T00:00:00+00:00', '--job-id', '2223', '--pool', 'default_pool', '--raw', '--subdir', 'DAGS_FOLDER/create_dag_with_python_operator.py', '--cfg-path', '/tmp/tmpdwbi4z3t', '--error-file', '/tmp/tmp37piw3vn']
[2024-06-24 12:59:36,126] {standard_task_runner.py:77} INFO - Job 2223: Subtask greet
[2024-06-24 12:59:36,457] {logging_mixin.py:104} INFO - Running <TaskInstance: our_dag_with_python_operator_v07.greet 2022-03-07T00:00:00+00:00 [running]> on host 799b1e36e3f1
[2024-06-24 12:59:36,833] {taskinstance.py:1257} INFO - Exporting the following env vars:
AIRFLOW_CTX_DAG_OWNER=coder2j
AIRFLOW_CTX_DAG_ID=our_dag_with_python_operator_v07
AIRFLOW_CTX_TASK_ID=greet
AIRFLOW_CTX_EXECUTION_DATE=2022-03-07T00:00:00+00:00
AIRFLOW_CTX_DAG_RUN_ID=scheduled__2022-03-07T00:00:00+00:00
[2024-06-24 12:59:36,837] {logging_mixin.py:104} INFO - some dict:  {'a': 1, 'b': 2}
[2024-06-24 12:59:37,055] {logging_mixin.py:104} INFO - Hello World! My name is Jerry Fridman, and I am 19 years old!
[2024-06-24 12:59:37,066] {python.py:118} INFO - Done. Returned value was: None
[2024-06-24 12:59:37,176] {taskinstance.py:1166} INFO - Marking task as SUCCESS. dag_id=our_dag_with_python_operator_v07, task_id=greet, execution_date=20220307T000000, start_date=20240624T125935, end_date=20240624T125937
[2024-06-24 12:59:37,340] {taskinstance.py:1220} INFO - 0 downstream tasks scheduled from follow-on schedule check
[2024-06-24 12:59:37,404] {local_task_job.py:146} INFO - Task exited with return code 0
