[2024-06-24 15:03:33,839] {taskinstance.py:851} INFO - Dependencies all met for <TaskInstance: our_first_dag_v5.first_task 2024-02-17T00:00:00+00:00 [queued]>
[2024-06-24 15:03:33,912] {taskinstance.py:851} INFO - Dependencies all met for <TaskInstance: our_first_dag_v5.first_task 2024-02-17T00:00:00+00:00 [queued]>
[2024-06-24 15:03:33,913] {taskinstance.py:1042} INFO - 
--------------------------------------------------------------------------------
[2024-06-24 15:03:33,915] {taskinstance.py:1043} INFO - Starting attempt 1 of 6
[2024-06-24 15:03:33,920] {taskinstance.py:1044} INFO - 
--------------------------------------------------------------------------------
[2024-06-24 15:03:33,969] {taskinstance.py:1063} INFO - Executing <Task(BashOperator): first_task> on 2024-02-17T00:00:00+00:00
[2024-06-24 15:03:33,975] {standard_task_runner.py:52} INFO - Started process 30936 to run task
[2024-06-24 15:03:33,990] {standard_task_runner.py:76} INFO - Running: ['airflow', 'tasks', 'run', 'our_first_dag_v5', 'first_task', '2024-02-17T00:00:00+00:00', '--job-id', '10804', '--pool', 'default_pool', '--raw', '--subdir', 'DAGS_FOLDER/our_first_dag.py', '--cfg-path', '/tmp/tmpz2k0u40x', '--error-file', '/tmp/tmp_wevy_33']
[2024-06-24 15:03:34,000] {standard_task_runner.py:77} INFO - Job 10804: Subtask first_task
[2024-06-24 15:03:34,150] {logging_mixin.py:104} INFO - Running <TaskInstance: our_first_dag_v5.first_task 2024-02-17T00:00:00+00:00 [running]> on host 799b1e36e3f1
[2024-06-24 15:03:34,326] {taskinstance.py:1257} INFO - Exporting the following env vars:
AIRFLOW_CTX_DAG_OWNER=coder2j
AIRFLOW_CTX_DAG_ID=our_first_dag_v5
AIRFLOW_CTX_TASK_ID=first_task
AIRFLOW_CTX_EXECUTION_DATE=2024-02-17T00:00:00+00:00
AIRFLOW_CTX_DAG_RUN_ID=scheduled__2024-02-17T00:00:00+00:00
[2024-06-24 15:03:34,328] {bash.py:135} INFO - Tmp dir root location: 
 /tmp
[2024-06-24 15:03:34,334] {bash.py:158} INFO - Running command: echo hello world, this is the first task!
[2024-06-24 15:03:34,383] {bash.py:169} INFO - Output:
[2024-06-24 15:03:34,387] {bash.py:173} INFO - hello world, this is the first task!
[2024-06-24 15:03:34,410] {bash.py:177} INFO - Command exited with return code 0
[2024-06-24 15:03:34,501] {taskinstance.py:1166} INFO - Marking task as SUCCESS. dag_id=our_first_dag_v5, task_id=first_task, execution_date=20240217T000000, start_date=20240624T150333, end_date=20240624T150334
[2024-06-24 15:03:34,728] {taskinstance.py:1220} INFO - 2 downstream tasks scheduled from follow-on schedule check
[2024-06-24 15:03:34,800] {local_task_job.py:146} INFO - Task exited with return code 0
