[2024-06-24 15:05:26,003] {taskinstance.py:851} INFO - Dependencies all met for <TaskInstance: our_dag_with_python_operator_v07.get_name 2024-06-01T00:00:00+00:00 [queued]>
[2024-06-24 15:05:26,044] {taskinstance.py:851} INFO - Dependencies all met for <TaskInstance: our_dag_with_python_operator_v07.get_name 2024-06-01T00:00:00+00:00 [queued]>
[2024-06-24 15:05:26,049] {taskinstance.py:1042} INFO - 
--------------------------------------------------------------------------------
[2024-06-24 15:05:26,051] {taskinstance.py:1043} INFO - Starting attempt 1 of 6
[2024-06-24 15:05:26,051] {taskinstance.py:1044} INFO - 
--------------------------------------------------------------------------------
[2024-06-24 15:05:26,081] {taskinstance.py:1063} INFO - Executing <Task(PythonOperator): get_name> on 2024-06-01T00:00:00+00:00
[2024-06-24 15:05:26,091] {standard_task_runner.py:52} INFO - Started process 33544 to run task
[2024-06-24 15:05:26,105] {standard_task_runner.py:76} INFO - Running: ['airflow', 'tasks', 'run', 'our_dag_with_python_operator_v07', 'get_name', '2024-06-01T00:00:00+00:00', '--job-id', '11483', '--pool', 'default_pool', '--raw', '--subdir', 'DAGS_FOLDER/create_dag_with_python_operator.py', '--cfg-path', '/tmp/tmpu6mf7g_f', '--error-file', '/tmp/tmpnowal0h3']
[2024-06-24 15:05:26,113] {standard_task_runner.py:77} INFO - Job 11483: Subtask get_name
[2024-06-24 15:05:26,249] {logging_mixin.py:104} INFO - Running <TaskInstance: our_dag_with_python_operator_v07.get_name 2024-06-01T00:00:00+00:00 [running]> on host 799b1e36e3f1
[2024-06-24 15:05:26,438] {taskinstance.py:1257} INFO - Exporting the following env vars:
AIRFLOW_CTX_DAG_OWNER=coder2j
AIRFLOW_CTX_DAG_ID=our_dag_with_python_operator_v07
AIRFLOW_CTX_TASK_ID=get_name
AIRFLOW_CTX_EXECUTION_DATE=2024-06-01T00:00:00+00:00
AIRFLOW_CTX_DAG_RUN_ID=scheduled__2024-06-01T00:00:00+00:00
[2024-06-24 15:05:26,554] {python.py:118} INFO - Done. Returned value was: None
[2024-06-24 15:05:26,580] {taskinstance.py:1166} INFO - Marking task as SUCCESS. dag_id=our_dag_with_python_operator_v07, task_id=get_name, execution_date=20240601T000000, start_date=20240624T150526, end_date=20240624T150526
[2024-06-24 15:05:26,675] {taskinstance.py:1220} INFO - 1 downstream tasks scheduled from follow-on schedule check
[2024-06-24 15:05:26,708] {local_task_job.py:146} INFO - Task exited with return code 0
