[2024-08-11 13:01:09,766] {taskinstance.py:851} INFO - Dependencies all met for <TaskInstance: dag_with_taskflow_api_v02.get_name 2024-08-10T00:00:00+00:00 [queued]>
[2024-08-11 13:01:10,291] {taskinstance.py:851} INFO - Dependencies all met for <TaskInstance: dag_with_taskflow_api_v02.get_name 2024-08-10T00:00:00+00:00 [queued]>
[2024-08-11 13:01:10,320] {taskinstance.py:1042} INFO - 
--------------------------------------------------------------------------------
[2024-08-11 13:01:10,381] {taskinstance.py:1043} INFO - Starting attempt 1 of 6
[2024-08-11 13:01:10,389] {taskinstance.py:1044} INFO - 
--------------------------------------------------------------------------------
[2024-08-11 13:01:10,512] {taskinstance.py:1063} INFO - Executing <Task(_PythonDecoratedOperator): get_name> on 2024-08-10T00:00:00+00:00
[2024-08-11 13:01:10,606] {standard_task_runner.py:52} INFO - Started process 218 to run task
[2024-08-11 13:01:10,746] {standard_task_runner.py:76} INFO - Running: ['airflow', 'tasks', 'run', 'dag_with_taskflow_api_v02', 'get_name', '2024-08-10T00:00:00+00:00', '--job-id', '12754', '--pool', 'default_pool', '--raw', '--subdir', 'DAGS_FOLDER/dag_with_taskflow_api.py', '--cfg-path', '/tmp/tmpclh89_vi', '--error-file', '/tmp/tmpsc4nt6sd']
[2024-08-11 13:01:10,820] {standard_task_runner.py:77} INFO - Job 12754: Subtask get_name
[2024-08-11 13:01:12,500] {logging_mixin.py:104} INFO - Running <TaskInstance: dag_with_taskflow_api_v02.get_name 2024-08-10T00:00:00+00:00 [running]> on host 799b1e36e3f1
[2024-08-11 13:01:13,645] {taskinstance.py:1257} INFO - Exporting the following env vars:
AIRFLOW_CTX_DAG_OWNER=coder2j
AIRFLOW_CTX_DAG_ID=dag_with_taskflow_api_v02
AIRFLOW_CTX_TASK_ID=get_name
AIRFLOW_CTX_EXECUTION_DATE=2024-08-10T00:00:00+00:00
AIRFLOW_CTX_DAG_RUN_ID=scheduled__2024-08-10T00:00:00+00:00
[2024-08-11 13:01:14,762] {taskinstance.py:1166} INFO - Marking task as SUCCESS. dag_id=dag_with_taskflow_api_v02, task_id=get_name, execution_date=20240810T000000, start_date=20240811T130109, end_date=20240811T130114
[2024-08-11 13:01:15,671] {taskinstance.py:1220} INFO - 0 downstream tasks scheduled from follow-on schedule check
[2024-08-11 13:01:15,977] {local_task_job.py:146} INFO - Task exited with return code 0
