[2024-06-24 12:55:56,939] {taskinstance.py:851} INFO - Dependencies all met for <TaskInstance: our_dag_with_python_operator_v07.get_age 2021-12-20T00:00:00+00:00 [queued]>
[2024-06-24 12:55:57,132] {taskinstance.py:851} INFO - Dependencies all met for <TaskInstance: our_dag_with_python_operator_v07.get_age 2021-12-20T00:00:00+00:00 [queued]>
[2024-06-24 12:55:57,133] {taskinstance.py:1042} INFO - 
--------------------------------------------------------------------------------
[2024-06-24 12:55:57,138] {taskinstance.py:1043} INFO - Starting attempt 1 of 6
[2024-06-24 12:55:57,139] {taskinstance.py:1044} INFO - 
--------------------------------------------------------------------------------
[2024-06-24 12:55:57,277] {taskinstance.py:1063} INFO - Executing <Task(PythonOperator): get_age> on 2021-12-20T00:00:00+00:00
[2024-06-24 12:55:57,345] {standard_task_runner.py:52} INFO - Started process 31125 to run task
[2024-06-24 12:55:57,404] {standard_task_runner.py:76} INFO - Running: ['airflow', 'tasks', 'run', 'our_dag_with_python_operator_v07', 'get_age', '2021-12-20T00:00:00+00:00', '--job-id', '1387', '--pool', 'default_pool', '--raw', '--subdir', 'DAGS_FOLDER/create_dag_with_python_operator.py', '--cfg-path', '/tmp/tmp7c9n7e48', '--error-file', '/tmp/tmpsi5q6_0n']
[2024-06-24 12:55:57,417] {standard_task_runner.py:77} INFO - Job 1387: Subtask get_age
[2024-06-24 12:55:58,075] {logging_mixin.py:104} INFO - Running <TaskInstance: our_dag_with_python_operator_v07.get_age 2021-12-20T00:00:00+00:00 [running]> on host 799b1e36e3f1
[2024-06-24 12:55:58,583] {taskinstance.py:1257} INFO - Exporting the following env vars:
AIRFLOW_CTX_DAG_OWNER=coder2j
AIRFLOW_CTX_DAG_ID=our_dag_with_python_operator_v07
AIRFLOW_CTX_TASK_ID=get_age
AIRFLOW_CTX_EXECUTION_DATE=2021-12-20T00:00:00+00:00
AIRFLOW_CTX_DAG_RUN_ID=scheduled__2021-12-20T00:00:00+00:00
[2024-06-24 12:55:58,753] {python.py:118} INFO - Done. Returned value was: None
[2024-06-24 12:55:58,825] {taskinstance.py:1166} INFO - Marking task as SUCCESS. dag_id=our_dag_with_python_operator_v07, task_id=get_age, execution_date=20211220T000000, start_date=20240624T125556, end_date=20240624T125558
[2024-06-24 12:55:59,090] {taskinstance.py:1220} INFO - 1 downstream tasks scheduled from follow-on schedule check
[2024-06-24 12:55:59,333] {local_task_job.py:146} INFO - Task exited with return code 0
