[2024-06-24 12:55:44,980] {taskinstance.py:851} INFO - Dependencies all met for <TaskInstance: our_dag_with_python_operator_v07.get_age 2021-12-31T00:00:00+00:00 [queued]>
[2024-06-24 12:55:45,191] {taskinstance.py:851} INFO - Dependencies all met for <TaskInstance: our_dag_with_python_operator_v07.get_age 2021-12-31T00:00:00+00:00 [queued]>
[2024-06-24 12:55:45,198] {taskinstance.py:1042} INFO - 
--------------------------------------------------------------------------------
[2024-06-24 12:55:45,203] {taskinstance.py:1043} INFO - Starting attempt 1 of 6
[2024-06-24 12:55:45,208] {taskinstance.py:1044} INFO - 
--------------------------------------------------------------------------------
[2024-06-24 12:55:45,321] {taskinstance.py:1063} INFO - Executing <Task(PythonOperator): get_age> on 2021-12-31T00:00:00+00:00
[2024-06-24 12:55:45,368] {standard_task_runner.py:52} INFO - Started process 30959 to run task
[2024-06-24 12:55:45,392] {standard_task_runner.py:76} INFO - Running: ['airflow', 'tasks', 'run', 'our_dag_with_python_operator_v07', 'get_age', '2021-12-31T00:00:00+00:00', '--job-id', '1350', '--pool', 'default_pool', '--raw', '--subdir', 'DAGS_FOLDER/create_dag_with_python_operator.py', '--cfg-path', '/tmp/tmpolz4ecc7', '--error-file', '/tmp/tmpo_sr9nnt']
[2024-06-24 12:55:45,411] {standard_task_runner.py:77} INFO - Job 1350: Subtask get_age
[2024-06-24 12:55:46,092] {logging_mixin.py:104} INFO - Running <TaskInstance: our_dag_with_python_operator_v07.get_age 2021-12-31T00:00:00+00:00 [running]> on host 799b1e36e3f1
[2024-06-24 12:55:46,589] {taskinstance.py:1257} INFO - Exporting the following env vars:
AIRFLOW_CTX_DAG_OWNER=coder2j
AIRFLOW_CTX_DAG_ID=our_dag_with_python_operator_v07
AIRFLOW_CTX_TASK_ID=get_age
AIRFLOW_CTX_EXECUTION_DATE=2021-12-31T00:00:00+00:00
AIRFLOW_CTX_DAG_RUN_ID=scheduled__2021-12-31T00:00:00+00:00
[2024-06-24 12:55:46,830] {python.py:118} INFO - Done. Returned value was: None
[2024-06-24 12:55:46,993] {taskinstance.py:1166} INFO - Marking task as SUCCESS. dag_id=our_dag_with_python_operator_v07, task_id=get_age, execution_date=20211231T000000, start_date=20240624T125544, end_date=20240624T125546
[2024-06-24 12:55:47,256] {taskinstance.py:1220} INFO - 1 downstream tasks scheduled from follow-on schedule check
[2024-06-24 12:55:47,326] {local_task_job.py:146} INFO - Task exited with return code 0
