[2024-06-24 12:59:49,246] {taskinstance.py:851} INFO - Dependencies all met for <TaskInstance: dag_with_taskflow_api_v02.greet 2022-03-26T00:00:00+00:00 [queued]>
[2024-06-24 12:59:49,409] {taskinstance.py:851} INFO - Dependencies all met for <TaskInstance: dag_with_taskflow_api_v02.greet 2022-03-26T00:00:00+00:00 [queued]>
[2024-06-24 12:59:49,421] {taskinstance.py:1042} INFO - 
--------------------------------------------------------------------------------
[2024-06-24 12:59:49,422] {taskinstance.py:1043} INFO - Starting attempt 1 of 6
[2024-06-24 12:59:49,423] {taskinstance.py:1044} INFO - 
--------------------------------------------------------------------------------
[2024-06-24 12:59:49,525] {taskinstance.py:1063} INFO - Executing <Task(_PythonDecoratedOperator): greet> on 2022-03-26T00:00:00+00:00
[2024-06-24 12:59:49,568] {standard_task_runner.py:52} INFO - Started process 34825 to run task
[2024-06-24 12:59:49,585] {standard_task_runner.py:76} INFO - Running: ['airflow', 'tasks', 'run', 'dag_with_taskflow_api_v02', 'greet', '2022-03-26T00:00:00+00:00', '--job-id', '2283', '--pool', 'default_pool', '--raw', '--subdir', 'DAGS_FOLDER/dag_with_taskflow_api.py', '--cfg-path', '/tmp/tmp3unppyzm', '--error-file', '/tmp/tmpyph9qcdu']
[2024-06-24 12:59:49,611] {standard_task_runner.py:77} INFO - Job 2283: Subtask greet
[2024-06-24 12:59:49,889] {logging_mixin.py:104} INFO - Running <TaskInstance: dag_with_taskflow_api_v02.greet 2022-03-26T00:00:00+00:00 [running]> on host 799b1e36e3f1
[2024-06-24 12:59:50,391] {taskinstance.py:1257} INFO - Exporting the following env vars:
AIRFLOW_CTX_DAG_OWNER=coder2j
AIRFLOW_CTX_DAG_ID=dag_with_taskflow_api_v02
AIRFLOW_CTX_TASK_ID=greet
AIRFLOW_CTX_EXECUTION_DATE=2022-03-26T00:00:00+00:00
AIRFLOW_CTX_DAG_RUN_ID=scheduled__2022-03-26T00:00:00+00:00
[2024-06-24 12:59:50,394] {logging_mixin.py:104} INFO - Hello World! My name is Jerry Fridman and I am 19 years old!
[2024-06-24 12:59:50,538] {taskinstance.py:1166} INFO - Marking task as SUCCESS. dag_id=dag_with_taskflow_api_v02, task_id=greet, execution_date=20220326T000000, start_date=20240624T125949, end_date=20240624T125950
[2024-06-24 12:59:50,770] {taskinstance.py:1220} INFO - 0 downstream tasks scheduled from follow-on schedule check
[2024-06-24 12:59:50,887] {local_task_job.py:146} INFO - Task exited with return code 0
