[2024-06-24 14:22:23,267] {taskinstance.py:851} INFO - Dependencies all met for <TaskInstance: dag_with_taskflow_api_v02.greet 2022-09-25T00:00:00+00:00 [queued]>
[2024-06-24 14:22:23,311] {taskinstance.py:851} INFO - Dependencies all met for <TaskInstance: dag_with_taskflow_api_v02.greet 2022-09-25T00:00:00+00:00 [queued]>
[2024-06-24 14:22:23,315] {taskinstance.py:1042} INFO - 
--------------------------------------------------------------------------------
[2024-06-24 14:22:23,316] {taskinstance.py:1043} INFO - Starting attempt 1 of 6
[2024-06-24 14:22:23,321] {taskinstance.py:1044} INFO - 
--------------------------------------------------------------------------------
[2024-06-24 14:22:23,357] {taskinstance.py:1063} INFO - Executing <Task(_PythonDecoratedOperator): greet> on 2022-09-25T00:00:00+00:00
[2024-06-24 14:22:23,376] {standard_task_runner.py:52} INFO - Started process 6261 to run task
[2024-06-24 14:22:23,397] {standard_task_runner.py:76} INFO - Running: ['airflow', 'tasks', 'run', 'dag_with_taskflow_api_v02', 'greet', '2022-09-25T00:00:00+00:00', '--job-id', '4433', '--pool', 'default_pool', '--raw', '--subdir', 'DAGS_FOLDER/dag_with_taskflow_api.py', '--cfg-path', '/tmp/tmp6m2ajjcy', '--error-file', '/tmp/tmpypwst7yy']
[2024-06-24 14:22:23,408] {standard_task_runner.py:77} INFO - Job 4433: Subtask greet
[2024-06-24 14:22:23,542] {logging_mixin.py:104} INFO - Running <TaskInstance: dag_with_taskflow_api_v02.greet 2022-09-25T00:00:00+00:00 [running]> on host 799b1e36e3f1
[2024-06-24 14:22:23,865] {taskinstance.py:1257} INFO - Exporting the following env vars:
AIRFLOW_CTX_DAG_OWNER=coder2j
AIRFLOW_CTX_DAG_ID=dag_with_taskflow_api_v02
AIRFLOW_CTX_TASK_ID=greet
AIRFLOW_CTX_EXECUTION_DATE=2022-09-25T00:00:00+00:00
AIRFLOW_CTX_DAG_RUN_ID=scheduled__2022-09-25T00:00:00+00:00
[2024-06-24 14:22:23,869] {logging_mixin.py:104} INFO - Hello World! My name is Jerry Fridman and I am 19 years old!
[2024-06-24 14:22:23,894] {taskinstance.py:1166} INFO - Marking task as SUCCESS. dag_id=dag_with_taskflow_api_v02, task_id=greet, execution_date=20220925T000000, start_date=20240624T142223, end_date=20240624T142223
[2024-06-24 14:22:24,023] {taskinstance.py:1220} INFO - 0 downstream tasks scheduled from follow-on schedule check
[2024-06-24 14:22:24,060] {local_task_job.py:146} INFO - Task exited with return code 0
