[2024-06-24 14:56:57,751] {taskinstance.py:851} INFO - Dependencies all met for <TaskInstance: our_dag_with_python_operator_v07.get_age 2024-01-25T00:00:00+00:00 [queued]>
[2024-06-24 14:56:57,929] {taskinstance.py:851} INFO - Dependencies all met for <TaskInstance: our_dag_with_python_operator_v07.get_age 2024-01-25T00:00:00+00:00 [queued]>
[2024-06-24 14:56:57,971] {taskinstance.py:1042} INFO - 
--------------------------------------------------------------------------------
[2024-06-24 14:56:58,001] {taskinstance.py:1043} INFO - Starting attempt 1 of 6
[2024-06-24 14:56:58,022] {taskinstance.py:1044} INFO - 
--------------------------------------------------------------------------------
[2024-06-24 14:56:58,234] {taskinstance.py:1063} INFO - Executing <Task(PythonOperator): get_age> on 2024-01-25T00:00:00+00:00
[2024-06-24 14:56:58,270] {standard_task_runner.py:52} INFO - Started process 27865 to run task
[2024-06-24 14:56:58,337] {standard_task_runner.py:76} INFO - Running: ['airflow', 'tasks', 'run', 'our_dag_with_python_operator_v07', 'get_age', '2024-01-25T00:00:00+00:00', '--job-id', '10007', '--pool', 'default_pool', '--raw', '--subdir', 'DAGS_FOLDER/create_dag_with_python_operator.py', '--cfg-path', '/tmp/tmpztosts6f', '--error-file', '/tmp/tmp3uzil4ze']
[2024-06-24 14:56:58,380] {standard_task_runner.py:77} INFO - Job 10007: Subtask get_age
[2024-06-24 14:56:59,323] {logging_mixin.py:104} INFO - Running <TaskInstance: our_dag_with_python_operator_v07.get_age 2024-01-25T00:00:00+00:00 [running]> on host 799b1e36e3f1
[2024-06-24 14:57:00,469] {taskinstance.py:1257} INFO - Exporting the following env vars:
AIRFLOW_CTX_DAG_OWNER=coder2j
AIRFLOW_CTX_DAG_ID=our_dag_with_python_operator_v07
AIRFLOW_CTX_TASK_ID=get_age
AIRFLOW_CTX_EXECUTION_DATE=2024-01-25T00:00:00+00:00
AIRFLOW_CTX_DAG_RUN_ID=scheduled__2024-01-25T00:00:00+00:00
[2024-06-24 14:57:00,703] {python.py:118} INFO - Done. Returned value was: None
[2024-06-24 14:57:00,848] {taskinstance.py:1166} INFO - Marking task as SUCCESS. dag_id=our_dag_with_python_operator_v07, task_id=get_age, execution_date=20240125T000000, start_date=20240624T145657, end_date=20240624T145700
[2024-06-24 14:57:03,803] {local_task_job.py:188} WARNING - State of this instance has been externally set to success. Terminating instance.
[2024-06-24 14:57:03,857] {process_utils.py:100} INFO - Sending Signals.SIGTERM to GPID 27865
[2024-06-24 14:57:04,541] {taskinstance.py:1239} ERROR - Received SIGTERM. Terminating subprocesses.
[2024-06-24 14:57:04,637] {process_utils.py:66} INFO - Process psutil.Process(pid=27865, status='terminated', exitcode=1, started='14:56:57') (27865) terminated with exit code 1
