[2024-06-24 15:03:55,952] {taskinstance.py:851} INFO - Dependencies all met for <TaskInstance: our_dag_with_python_operator_v07.get_name 2024-04-13T00:00:00+00:00 [queued]>
[2024-06-24 15:03:56,039] {taskinstance.py:851} INFO - Dependencies all met for <TaskInstance: our_dag_with_python_operator_v07.get_name 2024-04-13T00:00:00+00:00 [queued]>
[2024-06-24 15:03:56,052] {taskinstance.py:1042} INFO - 
--------------------------------------------------------------------------------
[2024-06-24 15:03:56,060] {taskinstance.py:1043} INFO - Starting attempt 1 of 6
[2024-06-24 15:03:56,081] {taskinstance.py:1044} INFO - 
--------------------------------------------------------------------------------
[2024-06-24 15:03:56,216] {taskinstance.py:1063} INFO - Executing <Task(PythonOperator): get_name> on 2024-04-13T00:00:00+00:00
[2024-06-24 15:03:56,266] {standard_task_runner.py:52} INFO - Started process 31450 to run task
[2024-06-24 15:03:56,289] {standard_task_runner.py:76} INFO - Running: ['airflow', 'tasks', 'run', 'our_dag_with_python_operator_v07', 'get_name', '2024-04-13T00:00:00+00:00', '--job-id', '10939', '--pool', 'default_pool', '--raw', '--subdir', 'DAGS_FOLDER/create_dag_with_python_operator.py', '--cfg-path', '/tmp/tmp0dbaj9bd', '--error-file', '/tmp/tmpbvx6fbza']
[2024-06-24 15:03:56,304] {standard_task_runner.py:77} INFO - Job 10939: Subtask get_name
[2024-06-24 15:03:56,523] {logging_mixin.py:104} INFO - Running <TaskInstance: our_dag_with_python_operator_v07.get_name 2024-04-13T00:00:00+00:00 [running]> on host 799b1e36e3f1
[2024-06-24 15:03:56,724] {taskinstance.py:1257} INFO - Exporting the following env vars:
AIRFLOW_CTX_DAG_OWNER=coder2j
AIRFLOW_CTX_DAG_ID=our_dag_with_python_operator_v07
AIRFLOW_CTX_TASK_ID=get_name
AIRFLOW_CTX_EXECUTION_DATE=2024-04-13T00:00:00+00:00
AIRFLOW_CTX_DAG_RUN_ID=scheduled__2024-04-13T00:00:00+00:00
[2024-06-24 15:03:56,887] {python.py:118} INFO - Done. Returned value was: None
[2024-06-24 15:03:56,914] {taskinstance.py:1166} INFO - Marking task as SUCCESS. dag_id=our_dag_with_python_operator_v07, task_id=get_name, execution_date=20240413T000000, start_date=20240624T150355, end_date=20240624T150356
[2024-06-24 15:03:57,051] {taskinstance.py:1220} INFO - 0 downstream tasks scheduled from follow-on schedule check
[2024-06-24 15:03:57,106] {local_task_job.py:146} INFO - Task exited with return code 0
