[2024-06-24 15:04:23,776] {taskinstance.py:851} INFO - Dependencies all met for <TaskInstance: dag_with_taskflow_api_v02.get_age 2024-04-30T00:00:00+00:00 [queued]>
[2024-06-24 15:04:23,798] {taskinstance.py:851} INFO - Dependencies all met for <TaskInstance: dag_with_taskflow_api_v02.get_age 2024-04-30T00:00:00+00:00 [queued]>
[2024-06-24 15:04:23,802] {taskinstance.py:1042} INFO - 
--------------------------------------------------------------------------------
[2024-06-24 15:04:23,804] {taskinstance.py:1043} INFO - Starting attempt 1 of 6
[2024-06-24 15:04:23,805] {taskinstance.py:1044} INFO - 
--------------------------------------------------------------------------------
[2024-06-24 15:04:23,838] {taskinstance.py:1063} INFO - Executing <Task(_PythonDecoratedOperator): get_age> on 2024-04-30T00:00:00+00:00
[2024-06-24 15:04:23,854] {standard_task_runner.py:52} INFO - Started process 32014 to run task
[2024-06-24 15:04:23,871] {standard_task_runner.py:76} INFO - Running: ['airflow', 'tasks', 'run', 'dag_with_taskflow_api_v02', 'get_age', '2024-04-30T00:00:00+00:00', '--job-id', '11090', '--pool', 'default_pool', '--raw', '--subdir', 'DAGS_FOLDER/dag_with_taskflow_api.py', '--cfg-path', '/tmp/tmpxlk3b5c4', '--error-file', '/tmp/tmpkf96ucnl']
[2024-06-24 15:04:23,880] {standard_task_runner.py:77} INFO - Job 11090: Subtask get_age
[2024-06-24 15:04:24,005] {logging_mixin.py:104} INFO - Running <TaskInstance: dag_with_taskflow_api_v02.get_age 2024-04-30T00:00:00+00:00 [running]> on host 799b1e36e3f1
[2024-06-24 15:04:24,320] {taskinstance.py:1257} INFO - Exporting the following env vars:
AIRFLOW_CTX_DAG_OWNER=coder2j
AIRFLOW_CTX_DAG_ID=dag_with_taskflow_api_v02
AIRFLOW_CTX_TASK_ID=get_age
AIRFLOW_CTX_EXECUTION_DATE=2024-04-30T00:00:00+00:00
AIRFLOW_CTX_DAG_RUN_ID=scheduled__2024-04-30T00:00:00+00:00
[2024-06-24 15:04:24,541] {taskinstance.py:1166} INFO - Marking task as SUCCESS. dag_id=dag_with_taskflow_api_v02, task_id=get_age, execution_date=20240430T000000, start_date=20240624T150423, end_date=20240624T150424
[2024-06-24 15:04:24,772] {taskinstance.py:1220} INFO - 1 downstream tasks scheduled from follow-on schedule check
[2024-06-24 15:04:24,804] {local_task_job.py:146} INFO - Task exited with return code 0
