[2024-06-24 14:27:47,815] {taskinstance.py:851} INFO - Dependencies all met for <TaskInstance: our_first_dag_v5.second_task 2023-02-12T00:00:00+00:00 [queued]>
[2024-06-24 14:27:47,946] {taskinstance.py:851} INFO - Dependencies all met for <TaskInstance: our_first_dag_v5.second_task 2023-02-12T00:00:00+00:00 [queued]>
[2024-06-24 14:27:47,952] {taskinstance.py:1042} INFO - 
--------------------------------------------------------------------------------
[2024-06-24 14:27:47,963] {taskinstance.py:1043} INFO - Starting attempt 1 of 6
[2024-06-24 14:27:47,963] {taskinstance.py:1044} INFO - 
--------------------------------------------------------------------------------
[2024-06-24 14:27:48,025] {taskinstance.py:1063} INFO - Executing <Task(BashOperator): second_task> on 2023-02-12T00:00:00+00:00
[2024-06-24 14:27:48,043] {standard_task_runner.py:52} INFO - Started process 15039 to run task
[2024-06-24 14:27:48,056] {standard_task_runner.py:76} INFO - Running: ['airflow', 'tasks', 'run', 'our_first_dag_v5', 'second_task', '2023-02-12T00:00:00+00:00', '--job-id', '6796', '--pool', 'default_pool', '--raw', '--subdir', 'DAGS_FOLDER/our_first_dag.py', '--cfg-path', '/tmp/tmpobtmval_', '--error-file', '/tmp/tmppzuyeymd']
[2024-06-24 14:27:48,066] {standard_task_runner.py:77} INFO - Job 6796: Subtask second_task
[2024-06-24 14:27:48,329] {logging_mixin.py:104} INFO - Running <TaskInstance: our_first_dag_v5.second_task 2023-02-12T00:00:00+00:00 [running]> on host 799b1e36e3f1
[2024-06-24 14:27:48,792] {taskinstance.py:1257} INFO - Exporting the following env vars:
AIRFLOW_CTX_DAG_OWNER=coder2j
AIRFLOW_CTX_DAG_ID=our_first_dag_v5
AIRFLOW_CTX_TASK_ID=second_task
AIRFLOW_CTX_EXECUTION_DATE=2023-02-12T00:00:00+00:00
AIRFLOW_CTX_DAG_RUN_ID=scheduled__2023-02-12T00:00:00+00:00
[2024-06-24 14:27:48,803] {bash.py:135} INFO - Tmp dir root location: 
 /tmp
[2024-06-24 14:27:48,805] {bash.py:158} INFO - Running command: echo hey, I am task2 and will be running after task1!
[2024-06-24 14:27:48,853] {bash.py:169} INFO - Output:
[2024-06-24 14:27:48,856] {bash.py:173} INFO - hey, I am task2 and will be running after task1!
[2024-06-24 14:27:48,859] {bash.py:177} INFO - Command exited with return code 0
[2024-06-24 14:27:49,050] {taskinstance.py:1166} INFO - Marking task as SUCCESS. dag_id=our_first_dag_v5, task_id=second_task, execution_date=20230212T000000, start_date=20240624T142747, end_date=20240624T142749
[2024-06-24 14:27:49,158] {taskinstance.py:1220} INFO - 0 downstream tasks scheduled from follow-on schedule check
[2024-06-24 14:27:49,210] {local_task_job.py:146} INFO - Task exited with return code 0
