[2024-06-24 15:07:12,146] {taskinstance.py:851} INFO - Dependencies all met for <TaskInstance: dag_with_python_dependencies_v03.get_sklearn 2024-06-04T00:00:00+00:00 [queued]>
[2024-06-24 15:07:12,226] {taskinstance.py:851} INFO - Dependencies all met for <TaskInstance: dag_with_python_dependencies_v03.get_sklearn 2024-06-04T00:00:00+00:00 [queued]>
[2024-06-24 15:07:12,228] {taskinstance.py:1042} INFO - 
--------------------------------------------------------------------------------
[2024-06-24 15:07:12,229] {taskinstance.py:1043} INFO - Starting attempt 1 of 1
[2024-06-24 15:07:12,230] {taskinstance.py:1044} INFO - 
--------------------------------------------------------------------------------
[2024-06-24 15:07:12,290] {taskinstance.py:1063} INFO - Executing <Task(PythonOperator): get_sklearn> on 2024-06-04T00:00:00+00:00
[2024-06-24 15:07:12,302] {standard_task_runner.py:52} INFO - Started process 36593 to run task
[2024-06-24 15:07:12,306] {standard_task_runner.py:76} INFO - Running: ['airflow', 'tasks', 'run', 'dag_with_python_dependencies_v03', 'get_sklearn', '2024-06-04T00:00:00+00:00', '--job-id', '12074', '--pool', 'default_pool', '--raw', '--subdir', 'DAGS_FOLDER/dag_with_python_dependencies.py', '--cfg-path', '/tmp/tmptzy9p0p8', '--error-file', '/tmp/tmps461wztx']
[2024-06-24 15:07:12,346] {standard_task_runner.py:77} INFO - Job 12074: Subtask get_sklearn
[2024-06-24 15:07:12,571] {logging_mixin.py:104} INFO - Running <TaskInstance: dag_with_python_dependencies_v03.get_sklearn 2024-06-04T00:00:00+00:00 [running]> on host 799b1e36e3f1
[2024-06-24 15:07:12,678] {taskinstance.py:1257} INFO - Exporting the following env vars:
AIRFLOW_CTX_DAG_OWNER=coder2j
AIRFLOW_CTX_DAG_ID=dag_with_python_dependencies_v03
AIRFLOW_CTX_TASK_ID=get_sklearn
AIRFLOW_CTX_EXECUTION_DATE=2024-06-04T00:00:00+00:00
AIRFLOW_CTX_DAG_RUN_ID=scheduled__2024-06-04T00:00:00+00:00
[2024-06-24 15:07:14,459] {logging_mixin.py:104} INFO - sklearn with version: 0.24.2
[2024-06-24 15:07:14,460] {python.py:118} INFO - Done. Returned value was: None
[2024-06-24 15:07:14,483] {taskinstance.py:1166} INFO - Marking task as SUCCESS. dag_id=dag_with_python_dependencies_v03, task_id=get_sklearn, execution_date=20240604T000000, start_date=20240624T150712, end_date=20240624T150714
[2024-06-24 15:07:14,545] {taskinstance.py:1220} INFO - 1 downstream tasks scheduled from follow-on schedule check
[2024-06-24 15:07:14,651] {local_task_job.py:146} INFO - Task exited with return code 0
