[2024-06-24 15:04:43,608] {taskinstance.py:851} INFO - Dependencies all met for <TaskInstance: dag_with_taskflow_api_v02.get_name 2024-05-14T00:00:00+00:00 [queued]>
[2024-06-24 15:04:43,714] {taskinstance.py:851} INFO - Dependencies all met for <TaskInstance: dag_with_taskflow_api_v02.get_name 2024-05-14T00:00:00+00:00 [queued]>
[2024-06-24 15:04:43,718] {taskinstance.py:1042} INFO - 
--------------------------------------------------------------------------------
[2024-06-24 15:04:43,728] {taskinstance.py:1043} INFO - Starting attempt 1 of 6
[2024-06-24 15:04:43,754] {taskinstance.py:1044} INFO - 
--------------------------------------------------------------------------------
[2024-06-24 15:04:43,821] {taskinstance.py:1063} INFO - Executing <Task(_PythonDecoratedOperator): get_name> on 2024-05-14T00:00:00+00:00
[2024-06-24 15:04:43,827] {standard_task_runner.py:52} INFO - Started process 32537 to run task
[2024-06-24 15:04:43,835] {standard_task_runner.py:76} INFO - Running: ['airflow', 'tasks', 'run', 'dag_with_taskflow_api_v02', 'get_name', '2024-05-14T00:00:00+00:00', '--job-id', '11209', '--pool', 'default_pool', '--raw', '--subdir', 'DAGS_FOLDER/dag_with_taskflow_api.py', '--cfg-path', '/tmp/tmpk5vj5z9f', '--error-file', '/tmp/tmpjt5z5kms']
[2024-06-24 15:04:43,843] {standard_task_runner.py:77} INFO - Job 11209: Subtask get_name
[2024-06-24 15:04:44,121] {logging_mixin.py:104} INFO - Running <TaskInstance: dag_with_taskflow_api_v02.get_name 2024-05-14T00:00:00+00:00 [running]> on host 799b1e36e3f1
[2024-06-24 15:04:44,353] {taskinstance.py:1257} INFO - Exporting the following env vars:
AIRFLOW_CTX_DAG_OWNER=coder2j
AIRFLOW_CTX_DAG_ID=dag_with_taskflow_api_v02
AIRFLOW_CTX_TASK_ID=get_name
AIRFLOW_CTX_EXECUTION_DATE=2024-05-14T00:00:00+00:00
AIRFLOW_CTX_DAG_RUN_ID=scheduled__2024-05-14T00:00:00+00:00
[2024-06-24 15:04:44,687] {taskinstance.py:1166} INFO - Marking task as SUCCESS. dag_id=dag_with_taskflow_api_v02, task_id=get_name, execution_date=20240514T000000, start_date=20240624T150443, end_date=20240624T150444
[2024-06-24 15:04:44,865] {taskinstance.py:1220} INFO - 1 downstream tasks scheduled from follow-on schedule check
[2024-06-24 15:04:44,902] {local_task_job.py:146} INFO - Task exited with return code 0
