[2024-06-24 14:19:26,521] {taskinstance.py:851} INFO - Dependencies all met for <TaskInstance: our_first_dag_v5.second_task 2022-03-31T00:00:00+00:00 [queued]>
[2024-06-24 14:19:26,613] {taskinstance.py:851} INFO - Dependencies all met for <TaskInstance: our_first_dag_v5.second_task 2022-03-31T00:00:00+00:00 [queued]>
[2024-06-24 14:19:26,629] {taskinstance.py:1042} INFO - 
--------------------------------------------------------------------------------
[2024-06-24 14:19:26,630] {taskinstance.py:1043} INFO - Starting attempt 1 of 6
[2024-06-24 14:19:26,631] {taskinstance.py:1044} INFO - 
--------------------------------------------------------------------------------
[2024-06-24 14:19:26,765] {taskinstance.py:1063} INFO - Executing <Task(BashOperator): second_task> on 2022-03-31T00:00:00+00:00
[2024-06-24 14:19:26,774] {standard_task_runner.py:52} INFO - Started process 2291 to run task
[2024-06-24 14:19:26,806] {standard_task_runner.py:76} INFO - Running: ['airflow', 'tasks', 'run', 'our_first_dag_v5', 'second_task', '2022-03-31T00:00:00+00:00', '--job-id', '3407', '--pool', 'default_pool', '--raw', '--subdir', 'DAGS_FOLDER/our_first_dag.py', '--cfg-path', '/tmp/tmpmdx8wgp3', '--error-file', '/tmp/tmpr2q7lsj5']
[2024-06-24 14:19:26,830] {standard_task_runner.py:77} INFO - Job 3407: Subtask second_task
[2024-06-24 14:19:27,076] {logging_mixin.py:104} INFO - Running <TaskInstance: our_first_dag_v5.second_task 2022-03-31T00:00:00+00:00 [running]> on host 799b1e36e3f1
[2024-06-24 14:19:27,450] {taskinstance.py:1257} INFO - Exporting the following env vars:
AIRFLOW_CTX_DAG_OWNER=coder2j
AIRFLOW_CTX_DAG_ID=our_first_dag_v5
AIRFLOW_CTX_TASK_ID=second_task
AIRFLOW_CTX_EXECUTION_DATE=2022-03-31T00:00:00+00:00
AIRFLOW_CTX_DAG_RUN_ID=scheduled__2022-03-31T00:00:00+00:00
[2024-06-24 14:19:27,454] {bash.py:135} INFO - Tmp dir root location: 
 /tmp
[2024-06-24 14:19:27,474] {bash.py:158} INFO - Running command: echo hey, I am task2 and will be running after task1!
[2024-06-24 14:19:27,560] {bash.py:169} INFO - Output:
[2024-06-24 14:19:27,593] {bash.py:173} INFO - hey, I am task2 and will be running after task1!
[2024-06-24 14:19:27,603] {bash.py:177} INFO - Command exited with return code 0
[2024-06-24 14:19:27,794] {taskinstance.py:1166} INFO - Marking task as SUCCESS. dag_id=our_first_dag_v5, task_id=second_task, execution_date=20220331T000000, start_date=20240624T141926, end_date=20240624T141927
[2024-06-24 14:19:27,997] {taskinstance.py:1220} INFO - 0 downstream tasks scheduled from follow-on schedule check
[2024-06-24 14:19:28,054] {local_task_job.py:146} INFO - Task exited with return code 0
