[2024-06-24 12:50:16,689] {taskinstance.py:851} INFO - Dependencies all met for <TaskInstance: dag_with_cron_expression_v04.task1 2022-04-29T03:00:00+00:00 [queued]>
[2024-06-24 12:50:16,708] {taskinstance.py:851} INFO - Dependencies all met for <TaskInstance: dag_with_cron_expression_v04.task1 2022-04-29T03:00:00+00:00 [queued]>
[2024-06-24 12:50:16,709] {taskinstance.py:1042} INFO - 
--------------------------------------------------------------------------------
[2024-06-24 12:50:16,710] {taskinstance.py:1043} INFO - Starting attempt 1 of 6
[2024-06-24 12:50:16,711] {taskinstance.py:1044} INFO - 
--------------------------------------------------------------------------------
[2024-06-24 12:50:16,737] {taskinstance.py:1063} INFO - Executing <Task(BashOperator): task1> on 2022-04-29T03:00:00+00:00
[2024-06-24 12:50:16,744] {standard_task_runner.py:52} INFO - Started process 26044 to run task
[2024-06-24 12:50:16,750] {standard_task_runner.py:76} INFO - Running: ['airflow', 'tasks', 'run', 'dag_with_cron_expression_v04', 'task1', '2022-04-29T03:00:00+00:00', '--job-id', '192', '--pool', 'default_pool', '--raw', '--subdir', 'DAGS_FOLDER/dag_with_cron_expression.py', '--cfg-path', '/tmp/tmp1mm6sd9s', '--error-file', '/tmp/tmpvhhxxj0o']
[2024-06-24 12:50:16,757] {standard_task_runner.py:77} INFO - Job 192: Subtask task1
[2024-06-24 12:50:16,841] {logging_mixin.py:104} INFO - Running <TaskInstance: dag_with_cron_expression_v04.task1 2022-04-29T03:00:00+00:00 [running]> on host 799b1e36e3f1
[2024-06-24 12:50:16,910] {taskinstance.py:1257} INFO - Exporting the following env vars:
AIRFLOW_CTX_DAG_OWNER=coder2j
AIRFLOW_CTX_DAG_ID=dag_with_cron_expression_v04
AIRFLOW_CTX_TASK_ID=task1
AIRFLOW_CTX_EXECUTION_DATE=2022-04-29T03:00:00+00:00
AIRFLOW_CTX_DAG_RUN_ID=scheduled__2022-04-29T03:00:00+00:00
[2024-06-24 12:50:16,911] {bash.py:135} INFO - Tmp dir root location: 
 /tmp
[2024-06-24 12:50:16,913] {bash.py:158} INFO - Running command: echo dag with cron expression!
[2024-06-24 12:50:16,923] {bash.py:169} INFO - Output:
[2024-06-24 12:50:16,924] {bash.py:173} INFO - dag with cron expression!
[2024-06-24 12:50:16,926] {bash.py:177} INFO - Command exited with return code 0
[2024-06-24 12:50:16,968] {taskinstance.py:1166} INFO - Marking task as SUCCESS. dag_id=dag_with_cron_expression_v04, task_id=task1, execution_date=20220429T030000, start_date=20240624T125016, end_date=20240624T125016
[2024-06-24 12:50:17,009] {taskinstance.py:1220} INFO - 0 downstream tasks scheduled from follow-on schedule check
[2024-06-24 12:50:17,053] {local_task_job.py:146} INFO - Task exited with return code 0
