[2024-06-24 14:42:45,185] {taskinstance.py:851} INFO - Dependencies all met for <TaskInstance: our_first_dag_v5.thrid_task 2023-08-20T00:00:00+00:00 [queued]>
[2024-06-24 14:42:45,349] {taskinstance.py:851} INFO - Dependencies all met for <TaskInstance: our_first_dag_v5.thrid_task 2023-08-20T00:00:00+00:00 [queued]>
[2024-06-24 14:42:45,360] {taskinstance.py:1042} INFO - 
--------------------------------------------------------------------------------
[2024-06-24 14:42:45,366] {taskinstance.py:1043} INFO - Starting attempt 1 of 6
[2024-06-24 14:42:45,380] {taskinstance.py:1044} INFO - 
--------------------------------------------------------------------------------
[2024-06-24 14:42:45,862] {taskinstance.py:1063} INFO - Executing <Task(BashOperator): thrid_task> on 2023-08-20T00:00:00+00:00
[2024-06-24 14:42:45,930] {standard_task_runner.py:52} INFO - Started process 23046 to run task
[2024-06-24 14:42:45,978] {standard_task_runner.py:76} INFO - Running: ['airflow', 'tasks', 'run', 'our_first_dag_v5', 'thrid_task', '2023-08-20T00:00:00+00:00', '--job-id', '8881', '--pool', 'default_pool', '--raw', '--subdir', 'DAGS_FOLDER/our_first_dag.py', '--cfg-path', '/tmp/tmp5ngdqgq7', '--error-file', '/tmp/tmpdrm3gh2_']
[2024-06-24 14:42:46,027] {standard_task_runner.py:77} INFO - Job 8881: Subtask thrid_task
[2024-06-24 14:42:47,375] {logging_mixin.py:104} INFO - Running <TaskInstance: our_first_dag_v5.thrid_task 2023-08-20T00:00:00+00:00 [running]> on host 799b1e36e3f1
[2024-06-24 14:42:48,415] {taskinstance.py:1257} INFO - Exporting the following env vars:
AIRFLOW_CTX_DAG_OWNER=coder2j
AIRFLOW_CTX_DAG_ID=our_first_dag_v5
AIRFLOW_CTX_TASK_ID=thrid_task
AIRFLOW_CTX_EXECUTION_DATE=2023-08-20T00:00:00+00:00
AIRFLOW_CTX_DAG_RUN_ID=scheduled__2023-08-20T00:00:00+00:00
[2024-06-24 14:42:48,449] {bash.py:135} INFO - Tmp dir root location: 
 /tmp
[2024-06-24 14:42:48,467] {bash.py:158} INFO - Running command: echo hey, I am task3 and will be running after task1 at the same time as task2!
[2024-06-24 14:42:48,639] {bash.py:169} INFO - Output:
[2024-06-24 14:42:48,659] {bash.py:173} INFO - hey, I am task3 and will be running after task1 at the same time as task2!
[2024-06-24 14:42:48,691] {bash.py:177} INFO - Command exited with return code 0
[2024-06-24 14:42:49,317] {taskinstance.py:1166} INFO - Marking task as SUCCESS. dag_id=our_first_dag_v5, task_id=thrid_task, execution_date=20230820T000000, start_date=20240624T144245, end_date=20240624T144249
[2024-06-24 14:42:51,423] {local_task_job.py:188} WARNING - State of this instance has been externally set to success. Terminating instance.
[2024-06-24 14:42:51,476] {process_utils.py:100} INFO - Sending Signals.SIGTERM to GPID 23046
[2024-06-24 14:42:51,613] {taskinstance.py:1239} ERROR - Received SIGTERM. Terminating subprocesses.
[2024-06-24 14:42:51,661] {bash.py:185} INFO - Sending SIGTERM signal to bash process group
[2024-06-24 14:42:51,859] {process_utils.py:66} INFO - Process psutil.Process(pid=23046, status='terminated', exitcode=1, started='14:42:45') (23046) terminated with exit code 1
