[2024-06-24 15:06:47,037] {taskinstance.py:851} INFO - Dependencies all met for <TaskInstance: dag_with_python_dependencies_v03.get_sklearn 2024-04-23T00:00:00+00:00 [queued]>
[2024-06-24 15:06:47,075] {taskinstance.py:851} INFO - Dependencies all met for <TaskInstance: dag_with_python_dependencies_v03.get_sklearn 2024-04-23T00:00:00+00:00 [queued]>
[2024-06-24 15:06:47,079] {taskinstance.py:1042} INFO - 
--------------------------------------------------------------------------------
[2024-06-24 15:06:47,080] {taskinstance.py:1043} INFO - Starting attempt 1 of 1
[2024-06-24 15:06:47,081] {taskinstance.py:1044} INFO - 
--------------------------------------------------------------------------------
[2024-06-24 15:06:47,126] {taskinstance.py:1063} INFO - Executing <Task(PythonOperator): get_sklearn> on 2024-04-23T00:00:00+00:00
[2024-06-24 15:06:47,142] {standard_task_runner.py:52} INFO - Started process 35846 to run task
[2024-06-24 15:06:47,162] {standard_task_runner.py:76} INFO - Running: ['airflow', 'tasks', 'run', 'dag_with_python_dependencies_v03', 'get_sklearn', '2024-04-23T00:00:00+00:00', '--job-id', '11981', '--pool', 'default_pool', '--raw', '--subdir', 'DAGS_FOLDER/dag_with_python_dependencies.py', '--cfg-path', '/tmp/tmpqiynaj_5', '--error-file', '/tmp/tmpizti_zn7']
[2024-06-24 15:06:47,168] {standard_task_runner.py:77} INFO - Job 11981: Subtask get_sklearn
[2024-06-24 15:06:47,279] {logging_mixin.py:104} INFO - Running <TaskInstance: dag_with_python_dependencies_v03.get_sklearn 2024-04-23T00:00:00+00:00 [running]> on host 799b1e36e3f1
[2024-06-24 15:06:47,371] {taskinstance.py:1257} INFO - Exporting the following env vars:
AIRFLOW_CTX_DAG_OWNER=coder2j
AIRFLOW_CTX_DAG_ID=dag_with_python_dependencies_v03
AIRFLOW_CTX_TASK_ID=get_sklearn
AIRFLOW_CTX_EXECUTION_DATE=2024-04-23T00:00:00+00:00
AIRFLOW_CTX_DAG_RUN_ID=scheduled__2024-04-23T00:00:00+00:00
[2024-06-24 15:06:49,363] {logging_mixin.py:104} INFO - sklearn with version: 0.24.2
[2024-06-24 15:06:49,370] {python.py:118} INFO - Done. Returned value was: None
[2024-06-24 15:06:49,419] {taskinstance.py:1166} INFO - Marking task as SUCCESS. dag_id=dag_with_python_dependencies_v03, task_id=get_sklearn, execution_date=20240423T000000, start_date=20240624T150647, end_date=20240624T150649
[2024-06-24 15:06:49,544] {taskinstance.py:1220} INFO - 1 downstream tasks scheduled from follow-on schedule check
[2024-06-24 15:06:49,624] {local_task_job.py:146} INFO - Task exited with return code 0
