[2024-06-24 12:52:55,470] {taskinstance.py:851} INFO - Dependencies all met for <TaskInstance: dag_with_taskflow_api_v02.get_age 2021-11-22T00:00:00+00:00 [queued]>
[2024-06-24 12:52:55,633] {taskinstance.py:851} INFO - Dependencies all met for <TaskInstance: dag_with_taskflow_api_v02.get_age 2021-11-22T00:00:00+00:00 [queued]>
[2024-06-24 12:52:55,639] {taskinstance.py:1042} INFO - 
--------------------------------------------------------------------------------
[2024-06-24 12:52:55,641] {taskinstance.py:1043} INFO - Starting attempt 1 of 6
[2024-06-24 12:52:55,644] {taskinstance.py:1044} INFO - 
--------------------------------------------------------------------------------
[2024-06-24 12:52:55,733] {taskinstance.py:1063} INFO - Executing <Task(_PythonDecoratedOperator): get_age> on 2021-11-22T00:00:00+00:00
[2024-06-24 12:52:55,763] {standard_task_runner.py:52} INFO - Started process 28142 to run task
[2024-06-24 12:52:55,798] {standard_task_runner.py:76} INFO - Running: ['airflow', 'tasks', 'run', 'dag_with_taskflow_api_v02', 'get_age', '2021-11-22T00:00:00+00:00', '--job-id', '658', '--pool', 'default_pool', '--raw', '--subdir', 'DAGS_FOLDER/dag_with_taskflow_api.py', '--cfg-path', '/tmp/tmp6v2ad1pq', '--error-file', '/tmp/tmppbyifys1']
[2024-06-24 12:52:55,898] {standard_task_runner.py:77} INFO - Job 658: Subtask get_age
[2024-06-24 12:52:56,916] {logging_mixin.py:104} INFO - Running <TaskInstance: dag_with_taskflow_api_v02.get_age 2021-11-22T00:00:00+00:00 [running]> on host 799b1e36e3f1
[2024-06-24 12:52:57,386] {taskinstance.py:1257} INFO - Exporting the following env vars:
AIRFLOW_CTX_DAG_OWNER=coder2j
AIRFLOW_CTX_DAG_ID=dag_with_taskflow_api_v02
AIRFLOW_CTX_TASK_ID=get_age
AIRFLOW_CTX_EXECUTION_DATE=2021-11-22T00:00:00+00:00
AIRFLOW_CTX_DAG_RUN_ID=scheduled__2021-11-22T00:00:00+00:00
[2024-06-24 12:52:57,671] {taskinstance.py:1166} INFO - Marking task as SUCCESS. dag_id=dag_with_taskflow_api_v02, task_id=get_age, execution_date=20211122T000000, start_date=20240624T125255, end_date=20240624T125257
[2024-06-24 12:52:57,951] {taskinstance.py:1220} INFO - 0 downstream tasks scheduled from follow-on schedule check
[2024-06-24 12:52:58,006] {local_task_job.py:146} INFO - Task exited with return code 0
