[2024-06-24 14:55:22,536] {taskinstance.py:851} INFO - Dependencies all met for <TaskInstance: our_dag_with_python_operator_v07.greet 2024-01-10T00:00:00+00:00 [queued]>
[2024-06-24 14:55:22,815] {taskinstance.py:851} INFO - Dependencies all met for <TaskInstance: our_dag_with_python_operator_v07.greet 2024-01-10T00:00:00+00:00 [queued]>
[2024-06-24 14:55:22,832] {taskinstance.py:1042} INFO - 
--------------------------------------------------------------------------------
[2024-06-24 14:55:22,836] {taskinstance.py:1043} INFO - Starting attempt 1 of 6
[2024-06-24 14:55:22,841] {taskinstance.py:1044} INFO - 
--------------------------------------------------------------------------------
[2024-06-24 14:55:23,049] {taskinstance.py:1063} INFO - Executing <Task(PythonOperator): greet> on 2024-01-10T00:00:00+00:00
[2024-06-24 14:55:23,103] {standard_task_runner.py:52} INFO - Started process 27142 to run task
[2024-06-24 14:55:23,160] {standard_task_runner.py:76} INFO - Running: ['airflow', 'tasks', 'run', 'our_dag_with_python_operator_v07', 'greet', '2024-01-10T00:00:00+00:00', '--job-id', '9823', '--pool', 'default_pool', '--raw', '--subdir', 'DAGS_FOLDER/create_dag_with_python_operator.py', '--cfg-path', '/tmp/tmpai47gdfb', '--error-file', '/tmp/tmp4ivxuzez']
[2024-06-24 14:55:23,257] {standard_task_runner.py:77} INFO - Job 9823: Subtask greet
[2024-06-24 14:55:24,117] {logging_mixin.py:104} INFO - Running <TaskInstance: our_dag_with_python_operator_v07.greet 2024-01-10T00:00:00+00:00 [running]> on host 799b1e36e3f1
[2024-06-24 14:55:25,793] {taskinstance.py:1257} INFO - Exporting the following env vars:
AIRFLOW_CTX_DAG_OWNER=coder2j
AIRFLOW_CTX_DAG_ID=our_dag_with_python_operator_v07
AIRFLOW_CTX_TASK_ID=greet
AIRFLOW_CTX_EXECUTION_DATE=2024-01-10T00:00:00+00:00
AIRFLOW_CTX_DAG_RUN_ID=scheduled__2024-01-10T00:00:00+00:00
[2024-06-24 14:55:25,827] {logging_mixin.py:104} INFO - some dict:  {'a': 1, 'b': 2}
[2024-06-24 14:55:26,205] {logging_mixin.py:104} INFO - Hello World! My name is Jerry Fridman, and I am 19 years old!
[2024-06-24 14:55:26,211] {python.py:118} INFO - Done. Returned value was: None
[2024-06-24 14:55:26,277] {taskinstance.py:1166} INFO - Marking task as SUCCESS. dag_id=our_dag_with_python_operator_v07, task_id=greet, execution_date=20240110T000000, start_date=20240624T145522, end_date=20240624T145526
[2024-06-24 14:55:27,065] {taskinstance.py:1220} INFO - 0 downstream tasks scheduled from follow-on schedule check
[2024-06-24 14:55:27,124] {local_task_job.py:146} INFO - Task exited with return code 0
