[2024-06-24 14:27:55,412] {taskinstance.py:851} INFO - Dependencies all met for <TaskInstance: our_first_dag_v5.first_task 2023-02-27T00:00:00+00:00 [queued]>
[2024-06-24 14:27:55,463] {taskinstance.py:851} INFO - Dependencies all met for <TaskInstance: our_first_dag_v5.first_task 2023-02-27T00:00:00+00:00 [queued]>
[2024-06-24 14:27:55,470] {taskinstance.py:1042} INFO - 
--------------------------------------------------------------------------------
[2024-06-24 14:27:55,474] {taskinstance.py:1043} INFO - Starting attempt 1 of 6
[2024-06-24 14:27:55,478] {taskinstance.py:1044} INFO - 
--------------------------------------------------------------------------------
[2024-06-24 14:27:55,600] {taskinstance.py:1063} INFO - Executing <Task(BashOperator): first_task> on 2023-02-27T00:00:00+00:00
[2024-06-24 14:27:55,648] {standard_task_runner.py:52} INFO - Started process 15222 to run task
[2024-06-24 14:27:55,646] {standard_task_runner.py:76} INFO - Running: ['airflow', 'tasks', 'run', 'our_first_dag_v5', 'first_task', '2023-02-27T00:00:00+00:00', '--job-id', '6848', '--pool', 'default_pool', '--raw', '--subdir', 'DAGS_FOLDER/our_first_dag.py', '--cfg-path', '/tmp/tmp_b3qt70y', '--error-file', '/tmp/tmp4t157cp2']
[2024-06-24 14:27:55,655] {standard_task_runner.py:77} INFO - Job 6848: Subtask first_task
[2024-06-24 14:27:55,816] {logging_mixin.py:104} INFO - Running <TaskInstance: our_first_dag_v5.first_task 2023-02-27T00:00:00+00:00 [running]> on host 799b1e36e3f1
[2024-06-24 14:27:55,970] {taskinstance.py:1257} INFO - Exporting the following env vars:
AIRFLOW_CTX_DAG_OWNER=coder2j
AIRFLOW_CTX_DAG_ID=our_first_dag_v5
AIRFLOW_CTX_TASK_ID=first_task
AIRFLOW_CTX_EXECUTION_DATE=2023-02-27T00:00:00+00:00
AIRFLOW_CTX_DAG_RUN_ID=scheduled__2023-02-27T00:00:00+00:00
[2024-06-24 14:27:55,973] {bash.py:135} INFO - Tmp dir root location: 
 /tmp
[2024-06-24 14:27:55,976] {bash.py:158} INFO - Running command: echo hello world, this is the first task!
[2024-06-24 14:27:55,992] {bash.py:169} INFO - Output:
[2024-06-24 14:27:56,008] {bash.py:173} INFO - hello world, this is the first task!
[2024-06-24 14:27:56,014] {bash.py:177} INFO - Command exited with return code 0
[2024-06-24 14:27:56,122] {taskinstance.py:1166} INFO - Marking task as SUCCESS. dag_id=our_first_dag_v5, task_id=first_task, execution_date=20230227T000000, start_date=20240624T142755, end_date=20240624T142756
[2024-06-24 14:27:56,198] {taskinstance.py:1220} INFO - 2 downstream tasks scheduled from follow-on schedule check
[2024-06-24 14:27:56,239] {local_task_job.py:146} INFO - Task exited with return code 0
