[2024-06-24 14:21:07,431] {taskinstance.py:851} INFO - Dependencies all met for <TaskInstance: our_dag_with_python_operator_v07.get_age 2022-08-07T00:00:00+00:00 [queued]>
[2024-06-24 14:21:07,521] {taskinstance.py:851} INFO - Dependencies all met for <TaskInstance: our_dag_with_python_operator_v07.get_age 2022-08-07T00:00:00+00:00 [queued]>
[2024-06-24 14:21:07,543] {taskinstance.py:1042} INFO - 
--------------------------------------------------------------------------------
[2024-06-24 14:21:07,546] {taskinstance.py:1043} INFO - Starting attempt 1 of 6
[2024-06-24 14:21:07,559] {taskinstance.py:1044} INFO - 
--------------------------------------------------------------------------------
[2024-06-24 14:21:07,682] {taskinstance.py:1063} INFO - Executing <Task(PythonOperator): get_age> on 2022-08-07T00:00:00+00:00
[2024-06-24 14:21:07,736] {standard_task_runner.py:52} INFO - Started process 4354 to run task
[2024-06-24 14:21:07,871] {standard_task_runner.py:76} INFO - Running: ['airflow', 'tasks', 'run', 'our_dag_with_python_operator_v07', 'get_age', '2022-08-07T00:00:00+00:00', '--job-id', '3942', '--pool', 'default_pool', '--raw', '--subdir', 'DAGS_FOLDER/create_dag_with_python_operator.py', '--cfg-path', '/tmp/tmpvu5i3x07', '--error-file', '/tmp/tmpl_nn8t8y']
[2024-06-24 14:21:07,880] {standard_task_runner.py:77} INFO - Job 3942: Subtask get_age
[2024-06-24 14:21:08,369] {logging_mixin.py:104} INFO - Running <TaskInstance: our_dag_with_python_operator_v07.get_age 2022-08-07T00:00:00+00:00 [running]> on host 799b1e36e3f1
[2024-06-24 14:21:09,098] {taskinstance.py:1257} INFO - Exporting the following env vars:
AIRFLOW_CTX_DAG_OWNER=coder2j
AIRFLOW_CTX_DAG_ID=our_dag_with_python_operator_v07
AIRFLOW_CTX_TASK_ID=get_age
AIRFLOW_CTX_EXECUTION_DATE=2022-08-07T00:00:00+00:00
AIRFLOW_CTX_DAG_RUN_ID=scheduled__2022-08-07T00:00:00+00:00
[2024-06-24 14:21:09,531] {python.py:118} INFO - Done. Returned value was: None
[2024-06-24 14:21:09,678] {taskinstance.py:1166} INFO - Marking task as SUCCESS. dag_id=our_dag_with_python_operator_v07, task_id=get_age, execution_date=20220807T000000, start_date=20240624T142107, end_date=20240624T142109
[2024-06-24 14:21:10,531] {taskinstance.py:1220} INFO - 0 downstream tasks scheduled from follow-on schedule check
[2024-06-24 14:21:10,595] {local_task_job.py:146} INFO - Task exited with return code 0
