[2024-06-24 14:27:49,063] {taskinstance.py:851} INFO - Dependencies all met for <TaskInstance: our_first_dag_v5.first_task 2023-02-17T00:00:00+00:00 [queued]>
[2024-06-24 14:27:49,097] {taskinstance.py:851} INFO - Dependencies all met for <TaskInstance: our_first_dag_v5.first_task 2023-02-17T00:00:00+00:00 [queued]>
[2024-06-24 14:27:49,114] {taskinstance.py:1042} INFO - 
--------------------------------------------------------------------------------
[2024-06-24 14:27:49,115] {taskinstance.py:1043} INFO - Starting attempt 1 of 6
[2024-06-24 14:27:49,116] {taskinstance.py:1044} INFO - 
--------------------------------------------------------------------------------
[2024-06-24 14:27:49,166] {taskinstance.py:1063} INFO - Executing <Task(BashOperator): first_task> on 2023-02-17T00:00:00+00:00
[2024-06-24 14:27:49,180] {standard_task_runner.py:52} INFO - Started process 15054 to run task
[2024-06-24 14:27:49,210] {standard_task_runner.py:76} INFO - Running: ['airflow', 'tasks', 'run', 'our_first_dag_v5', 'first_task', '2023-02-17T00:00:00+00:00', '--job-id', '6803', '--pool', 'default_pool', '--raw', '--subdir', 'DAGS_FOLDER/our_first_dag.py', '--cfg-path', '/tmp/tmp1o1eqnpn', '--error-file', '/tmp/tmpb8bktesc']
[2024-06-24 14:27:49,222] {standard_task_runner.py:77} INFO - Job 6803: Subtask first_task
[2024-06-24 14:27:49,518] {logging_mixin.py:104} INFO - Running <TaskInstance: our_first_dag_v5.first_task 2023-02-17T00:00:00+00:00 [running]> on host 799b1e36e3f1
[2024-06-24 14:27:49,849] {taskinstance.py:1257} INFO - Exporting the following env vars:
AIRFLOW_CTX_DAG_OWNER=coder2j
AIRFLOW_CTX_DAG_ID=our_first_dag_v5
AIRFLOW_CTX_TASK_ID=first_task
AIRFLOW_CTX_EXECUTION_DATE=2023-02-17T00:00:00+00:00
AIRFLOW_CTX_DAG_RUN_ID=scheduled__2023-02-17T00:00:00+00:00
[2024-06-24 14:27:49,851] {bash.py:135} INFO - Tmp dir root location: 
 /tmp
[2024-06-24 14:27:49,853] {bash.py:158} INFO - Running command: echo hello world, this is the first task!
[2024-06-24 14:27:49,876] {bash.py:169} INFO - Output:
[2024-06-24 14:27:49,903] {bash.py:173} INFO - hello world, this is the first task!
[2024-06-24 14:27:49,914] {bash.py:177} INFO - Command exited with return code 0
[2024-06-24 14:27:50,200] {taskinstance.py:1166} INFO - Marking task as SUCCESS. dag_id=our_first_dag_v5, task_id=first_task, execution_date=20230217T000000, start_date=20240624T142749, end_date=20240624T142750
[2024-06-24 14:27:50,517] {taskinstance.py:1220} INFO - 2 downstream tasks scheduled from follow-on schedule check
[2024-06-24 14:27:50,600] {local_task_job.py:146} INFO - Task exited with return code 0
