[2024-06-24 15:02:52,624] {taskinstance.py:851} INFO - Dependencies all met for <TaskInstance: our_first_dag_v5.first_task 2024-01-15T00:00:00+00:00 [queued]>
[2024-06-24 15:02:52,653] {taskinstance.py:851} INFO - Dependencies all met for <TaskInstance: our_first_dag_v5.first_task 2024-01-15T00:00:00+00:00 [queued]>
[2024-06-24 15:02:52,657] {taskinstance.py:1042} INFO - 
--------------------------------------------------------------------------------
[2024-06-24 15:02:52,658] {taskinstance.py:1043} INFO - Starting attempt 1 of 6
[2024-06-24 15:02:52,660] {taskinstance.py:1044} INFO - 
--------------------------------------------------------------------------------
[2024-06-24 15:02:52,694] {taskinstance.py:1063} INFO - Executing <Task(BashOperator): first_task> on 2024-01-15T00:00:00+00:00
[2024-06-24 15:02:52,700] {standard_task_runner.py:52} INFO - Started process 30038 to run task
[2024-06-24 15:02:52,709] {standard_task_runner.py:76} INFO - Running: ['airflow', 'tasks', 'run', 'our_first_dag_v5', 'first_task', '2024-01-15T00:00:00+00:00', '--job-id', '10568', '--pool', 'default_pool', '--raw', '--subdir', 'DAGS_FOLDER/our_first_dag.py', '--cfg-path', '/tmp/tmpwvu55dbz', '--error-file', '/tmp/tmp1uq5ui9_']
[2024-06-24 15:02:52,718] {standard_task_runner.py:77} INFO - Job 10568: Subtask first_task
[2024-06-24 15:02:52,994] {logging_mixin.py:104} INFO - Running <TaskInstance: our_first_dag_v5.first_task 2024-01-15T00:00:00+00:00 [running]> on host 799b1e36e3f1
[2024-06-24 15:02:53,285] {taskinstance.py:1257} INFO - Exporting the following env vars:
AIRFLOW_CTX_DAG_OWNER=coder2j
AIRFLOW_CTX_DAG_ID=our_first_dag_v5
AIRFLOW_CTX_TASK_ID=first_task
AIRFLOW_CTX_EXECUTION_DATE=2024-01-15T00:00:00+00:00
AIRFLOW_CTX_DAG_RUN_ID=scheduled__2024-01-15T00:00:00+00:00
[2024-06-24 15:02:53,286] {bash.py:135} INFO - Tmp dir root location: 
 /tmp
[2024-06-24 15:02:53,292] {bash.py:158} INFO - Running command: echo hello world, this is the first task!
[2024-06-24 15:02:53,337] {bash.py:169} INFO - Output:
[2024-06-24 15:02:53,338] {bash.py:173} INFO - hello world, this is the first task!
[2024-06-24 15:02:53,339] {bash.py:177} INFO - Command exited with return code 0
[2024-06-24 15:02:53,469] {taskinstance.py:1166} INFO - Marking task as SUCCESS. dag_id=our_first_dag_v5, task_id=first_task, execution_date=20240115T000000, start_date=20240624T150252, end_date=20240624T150253
[2024-06-24 15:02:53,556] {taskinstance.py:1220} INFO - 2 downstream tasks scheduled from follow-on schedule check
[2024-06-24 15:02:53,623] {local_task_job.py:146} INFO - Task exited with return code 0
