[2024-06-24 12:54:39,643] {taskinstance.py:851} INFO - Dependencies all met for <TaskInstance: dag_with_cron_expression_v04.task1 2023-11-17T03:00:00+00:00 [queued]>
[2024-06-24 12:54:39,995] {taskinstance.py:851} INFO - Dependencies all met for <TaskInstance: dag_with_cron_expression_v04.task1 2023-11-17T03:00:00+00:00 [queued]>
[2024-06-24 12:54:40,009] {taskinstance.py:1042} INFO - 
--------------------------------------------------------------------------------
[2024-06-24 12:54:40,013] {taskinstance.py:1043} INFO - Starting attempt 1 of 6
[2024-06-24 12:54:40,021] {taskinstance.py:1044} INFO - 
--------------------------------------------------------------------------------
[2024-06-24 12:54:40,168] {taskinstance.py:1063} INFO - Executing <Task(BashOperator): task1> on 2023-11-17T03:00:00+00:00
[2024-06-24 12:54:40,184] {standard_task_runner.py:52} INFO - Started process 29804 to run task
[2024-06-24 12:54:40,210] {standard_task_runner.py:76} INFO - Running: ['airflow', 'tasks', 'run', 'dag_with_cron_expression_v04', 'task1', '2023-11-17T03:00:00+00:00', '--job-id', '1070', '--pool', 'default_pool', '--raw', '--subdir', 'DAGS_FOLDER/dag_with_cron_expression.py', '--cfg-path', '/tmp/tmp9kyr2vag', '--error-file', '/tmp/tmpmzfbgbmm']
[2024-06-24 12:54:40,238] {standard_task_runner.py:77} INFO - Job 1070: Subtask task1
[2024-06-24 12:54:40,648] {logging_mixin.py:104} INFO - Running <TaskInstance: dag_with_cron_expression_v04.task1 2023-11-17T03:00:00+00:00 [running]> on host 799b1e36e3f1
[2024-06-24 12:54:41,016] {taskinstance.py:1257} INFO - Exporting the following env vars:
AIRFLOW_CTX_DAG_OWNER=coder2j
AIRFLOW_CTX_DAG_ID=dag_with_cron_expression_v04
AIRFLOW_CTX_TASK_ID=task1
AIRFLOW_CTX_EXECUTION_DATE=2023-11-17T03:00:00+00:00
AIRFLOW_CTX_DAG_RUN_ID=scheduled__2023-11-17T03:00:00+00:00
[2024-06-24 12:54:41,018] {bash.py:135} INFO - Tmp dir root location: 
 /tmp
[2024-06-24 12:54:41,028] {bash.py:158} INFO - Running command: echo dag with cron expression!
[2024-06-24 12:54:41,091] {bash.py:169} INFO - Output:
[2024-06-24 12:54:41,099] {bash.py:173} INFO - dag with cron expression!
[2024-06-24 12:54:41,100] {bash.py:177} INFO - Command exited with return code 0
[2024-06-24 12:54:41,234] {taskinstance.py:1166} INFO - Marking task as SUCCESS. dag_id=dag_with_cron_expression_v04, task_id=task1, execution_date=20231117T030000, start_date=20240624T125439, end_date=20240624T125441
[2024-06-24 12:54:41,380] {taskinstance.py:1220} INFO - 0 downstream tasks scheduled from follow-on schedule check
[2024-06-24 12:54:41,428] {local_task_job.py:146} INFO - Task exited with return code 0
