[2024-06-24 15:04:02,257] {taskinstance.py:851} INFO - Dependencies all met for <TaskInstance: our_dag_with_python_operator_v07.get_name 2024-04-17T00:00:00+00:00 [queued]>
[2024-06-24 15:04:02,328] {taskinstance.py:851} INFO - Dependencies all met for <TaskInstance: our_dag_with_python_operator_v07.get_name 2024-04-17T00:00:00+00:00 [queued]>
[2024-06-24 15:04:02,332] {taskinstance.py:1042} INFO - 
--------------------------------------------------------------------------------
[2024-06-24 15:04:02,337] {taskinstance.py:1043} INFO - Starting attempt 1 of 6
[2024-06-24 15:04:02,343] {taskinstance.py:1044} INFO - 
--------------------------------------------------------------------------------
[2024-06-24 15:04:02,509] {taskinstance.py:1063} INFO - Executing <Task(PythonOperator): get_name> on 2024-04-17T00:00:00+00:00
[2024-06-24 15:04:02,538] {standard_task_runner.py:52} INFO - Started process 31600 to run task
[2024-06-24 15:04:02,613] {standard_task_runner.py:76} INFO - Running: ['airflow', 'tasks', 'run', 'our_dag_with_python_operator_v07', 'get_name', '2024-04-17T00:00:00+00:00', '--job-id', '10977', '--pool', 'default_pool', '--raw', '--subdir', 'DAGS_FOLDER/create_dag_with_python_operator.py', '--cfg-path', '/tmp/tmp593off16', '--error-file', '/tmp/tmplxwf51ce']
[2024-06-24 15:04:02,647] {standard_task_runner.py:77} INFO - Job 10977: Subtask get_name
[2024-06-24 15:04:02,830] {logging_mixin.py:104} INFO - Running <TaskInstance: our_dag_with_python_operator_v07.get_name 2024-04-17T00:00:00+00:00 [running]> on host 799b1e36e3f1
[2024-06-24 15:04:02,976] {taskinstance.py:1257} INFO - Exporting the following env vars:
AIRFLOW_CTX_DAG_OWNER=coder2j
AIRFLOW_CTX_DAG_ID=our_dag_with_python_operator_v07
AIRFLOW_CTX_TASK_ID=get_name
AIRFLOW_CTX_EXECUTION_DATE=2024-04-17T00:00:00+00:00
AIRFLOW_CTX_DAG_RUN_ID=scheduled__2024-04-17T00:00:00+00:00
[2024-06-24 15:04:03,088] {python.py:118} INFO - Done. Returned value was: None
[2024-06-24 15:04:03,110] {taskinstance.py:1166} INFO - Marking task as SUCCESS. dag_id=our_dag_with_python_operator_v07, task_id=get_name, execution_date=20240417T000000, start_date=20240624T150402, end_date=20240624T150403
[2024-06-24 15:04:03,194] {taskinstance.py:1220} INFO - 1 downstream tasks scheduled from follow-on schedule check
[2024-06-24 15:04:03,259] {local_task_job.py:146} INFO - Task exited with return code 0
