[2024-06-24 14:26:05,978] {taskinstance.py:851} INFO - Dependencies all met for <TaskInstance: our_first_dag_v5.first_task 2022-11-26T00:00:00+00:00 [queued]>
[2024-06-24 14:26:06,123] {taskinstance.py:851} INFO - Dependencies all met for <TaskInstance: our_first_dag_v5.first_task 2022-11-26T00:00:00+00:00 [queued]>
[2024-06-24 14:26:06,152] {taskinstance.py:1042} INFO - 
--------------------------------------------------------------------------------
[2024-06-24 14:26:06,192] {taskinstance.py:1043} INFO - Starting attempt 1 of 6
[2024-06-24 14:26:06,214] {taskinstance.py:1044} INFO - 
--------------------------------------------------------------------------------
[2024-06-24 14:26:06,344] {taskinstance.py:1063} INFO - Executing <Task(BashOperator): first_task> on 2022-11-26T00:00:00+00:00
[2024-06-24 14:26:06,381] {standard_task_runner.py:52} INFO - Started process 12319 to run task
[2024-06-24 14:26:06,454] {standard_task_runner.py:76} INFO - Running: ['airflow', 'tasks', 'run', 'our_first_dag_v5', 'first_task', '2022-11-26T00:00:00+00:00', '--job-id', '6059', '--pool', 'default_pool', '--raw', '--subdir', 'DAGS_FOLDER/our_first_dag.py', '--cfg-path', '/tmp/tmpacfti917', '--error-file', '/tmp/tmp1g726hbh']
[2024-06-24 14:26:06,492] {standard_task_runner.py:77} INFO - Job 6059: Subtask first_task
[2024-06-24 14:26:06,693] {logging_mixin.py:104} INFO - Running <TaskInstance: our_first_dag_v5.first_task 2022-11-26T00:00:00+00:00 [running]> on host 799b1e36e3f1
[2024-06-24 14:26:07,211] {taskinstance.py:1257} INFO - Exporting the following env vars:
AIRFLOW_CTX_DAG_OWNER=coder2j
AIRFLOW_CTX_DAG_ID=our_first_dag_v5
AIRFLOW_CTX_TASK_ID=first_task
AIRFLOW_CTX_EXECUTION_DATE=2022-11-26T00:00:00+00:00
AIRFLOW_CTX_DAG_RUN_ID=scheduled__2022-11-26T00:00:00+00:00
[2024-06-24 14:26:07,259] {bash.py:135} INFO - Tmp dir root location: 
 /tmp
[2024-06-24 14:26:07,279] {bash.py:158} INFO - Running command: echo hello world, this is the first task!
[2024-06-24 14:26:07,339] {bash.py:169} INFO - Output:
[2024-06-24 14:26:07,342] {bash.py:173} INFO - hello world, this is the first task!
[2024-06-24 14:26:07,343] {bash.py:177} INFO - Command exited with return code 0
[2024-06-24 14:26:07,540] {taskinstance.py:1166} INFO - Marking task as SUCCESS. dag_id=our_first_dag_v5, task_id=first_task, execution_date=20221126T000000, start_date=20240624T142605, end_date=20240624T142607
[2024-06-24 14:26:07,813] {taskinstance.py:1220} INFO - 2 downstream tasks scheduled from follow-on schedule check
[2024-06-24 14:26:07,884] {local_task_job.py:146} INFO - Task exited with return code 0
