[2024-06-24 14:23:39,668] {taskinstance.py:851} INFO - Dependencies all met for <TaskInstance: our_dag_with_python_operator_v07.greet 2022-11-03T00:00:00+00:00 [queued]>
[2024-06-24 14:23:39,689] {taskinstance.py:851} INFO - Dependencies all met for <TaskInstance: our_dag_with_python_operator_v07.greet 2022-11-03T00:00:00+00:00 [queued]>
[2024-06-24 14:23:39,694] {taskinstance.py:1042} INFO - 
--------------------------------------------------------------------------------
[2024-06-24 14:23:39,696] {taskinstance.py:1043} INFO - Starting attempt 1 of 6
[2024-06-24 14:23:39,697] {taskinstance.py:1044} INFO - 
--------------------------------------------------------------------------------
[2024-06-24 14:23:39,728] {taskinstance.py:1063} INFO - Executing <Task(PythonOperator): greet> on 2022-11-03T00:00:00+00:00
[2024-06-24 14:23:39,744] {standard_task_runner.py:52} INFO - Started process 8268 to run task
[2024-06-24 14:23:39,757] {standard_task_runner.py:76} INFO - Running: ['airflow', 'tasks', 'run', 'our_dag_with_python_operator_v07', 'greet', '2022-11-03T00:00:00+00:00', '--job-id', '4994', '--pool', 'default_pool', '--raw', '--subdir', 'DAGS_FOLDER/create_dag_with_python_operator.py', '--cfg-path', '/tmp/tmpt6cvriok', '--error-file', '/tmp/tmp6g5tp7tu']
[2024-06-24 14:23:39,764] {standard_task_runner.py:77} INFO - Job 4994: Subtask greet
[2024-06-24 14:23:40,241] {logging_mixin.py:104} INFO - Running <TaskInstance: our_dag_with_python_operator_v07.greet 2022-11-03T00:00:00+00:00 [running]> on host 799b1e36e3f1
[2024-06-24 14:23:40,392] {taskinstance.py:1257} INFO - Exporting the following env vars:
AIRFLOW_CTX_DAG_OWNER=coder2j
AIRFLOW_CTX_DAG_ID=our_dag_with_python_operator_v07
AIRFLOW_CTX_TASK_ID=greet
AIRFLOW_CTX_EXECUTION_DATE=2022-11-03T00:00:00+00:00
AIRFLOW_CTX_DAG_RUN_ID=scheduled__2022-11-03T00:00:00+00:00
[2024-06-24 14:23:40,402] {logging_mixin.py:104} INFO - some dict:  {'a': 1, 'b': 2}
[2024-06-24 14:23:40,526] {logging_mixin.py:104} INFO - Hello World! My name is Jerry Fridman, and I am 19 years old!
[2024-06-24 14:23:40,529] {python.py:118} INFO - Done. Returned value was: None
[2024-06-24 14:23:40,556] {taskinstance.py:1166} INFO - Marking task as SUCCESS. dag_id=our_dag_with_python_operator_v07, task_id=greet, execution_date=20221103T000000, start_date=20240624T142339, end_date=20240624T142340
[2024-06-24 14:23:40,632] {taskinstance.py:1220} INFO - 0 downstream tasks scheduled from follow-on schedule check
[2024-06-24 14:23:40,657] {local_task_job.py:146} INFO - Task exited with return code 0
