[2024-06-24 12:56:06,785] {taskinstance.py:851} INFO - Dependencies all met for <TaskInstance: dag_with_taskflow_api_v02.greet 2022-01-08T00:00:00+00:00 [queued]>
[2024-06-24 12:56:06,843] {taskinstance.py:851} INFO - Dependencies all met for <TaskInstance: dag_with_taskflow_api_v02.greet 2022-01-08T00:00:00+00:00 [queued]>
[2024-06-24 12:56:06,849] {taskinstance.py:1042} INFO - 
--------------------------------------------------------------------------------
[2024-06-24 12:56:06,850] {taskinstance.py:1043} INFO - Starting attempt 1 of 6
[2024-06-24 12:56:06,858] {taskinstance.py:1044} INFO - 
--------------------------------------------------------------------------------
[2024-06-24 12:56:07,076] {taskinstance.py:1063} INFO - Executing <Task(_PythonDecoratedOperator): greet> on 2022-01-08T00:00:00+00:00
[2024-06-24 12:56:07,152] {standard_task_runner.py:52} INFO - Started process 31267 to run task
[2024-06-24 12:56:07,174] {standard_task_runner.py:76} INFO - Running: ['airflow', 'tasks', 'run', 'dag_with_taskflow_api_v02', 'greet', '2022-01-08T00:00:00+00:00', '--job-id', '1424', '--pool', 'default_pool', '--raw', '--subdir', 'DAGS_FOLDER/dag_with_taskflow_api.py', '--cfg-path', '/tmp/tmp57c0i6pl', '--error-file', '/tmp/tmpem3jxr3j']
[2024-06-24 12:56:07,196] {standard_task_runner.py:77} INFO - Job 1424: Subtask greet
[2024-06-24 12:56:07,699] {logging_mixin.py:104} INFO - Running <TaskInstance: dag_with_taskflow_api_v02.greet 2022-01-08T00:00:00+00:00 [running]> on host 799b1e36e3f1
[2024-06-24 12:56:08,661] {taskinstance.py:1257} INFO - Exporting the following env vars:
AIRFLOW_CTX_DAG_OWNER=coder2j
AIRFLOW_CTX_DAG_ID=dag_with_taskflow_api_v02
AIRFLOW_CTX_TASK_ID=greet
AIRFLOW_CTX_EXECUTION_DATE=2022-01-08T00:00:00+00:00
AIRFLOW_CTX_DAG_RUN_ID=scheduled__2022-01-08T00:00:00+00:00
[2024-06-24 12:56:08,673] {logging_mixin.py:104} INFO - Hello World! My name is Jerry Fridman and I am 19 years old!
[2024-06-24 12:56:08,867] {taskinstance.py:1166} INFO - Marking task as SUCCESS. dag_id=dag_with_taskflow_api_v02, task_id=greet, execution_date=20220108T000000, start_date=20240624T125606, end_date=20240624T125608
[2024-06-24 12:56:09,158] {taskinstance.py:1220} INFO - 0 downstream tasks scheduled from follow-on schedule check
[2024-06-24 12:56:09,251] {local_task_job.py:146} INFO - Task exited with return code 0
