[2024-06-24 14:55:48,420] {taskinstance.py:851} INFO - Dependencies all met for <TaskInstance: our_first_dag_v5.first_task 2023-11-29T00:00:00+00:00 [queued]>
[2024-06-24 14:55:48,441] {taskinstance.py:851} INFO - Dependencies all met for <TaskInstance: our_first_dag_v5.first_task 2023-11-29T00:00:00+00:00 [queued]>
[2024-06-24 14:55:48,447] {taskinstance.py:1042} INFO - 
--------------------------------------------------------------------------------
[2024-06-24 14:55:48,448] {taskinstance.py:1043} INFO - Starting attempt 1 of 6
[2024-06-24 14:55:48,449] {taskinstance.py:1044} INFO - 
--------------------------------------------------------------------------------
[2024-06-24 14:55:48,482] {taskinstance.py:1063} INFO - Executing <Task(BashOperator): first_task> on 2023-11-29T00:00:00+00:00
[2024-06-24 14:55:48,489] {standard_task_runner.py:52} INFO - Started process 27672 to run task
[2024-06-24 14:55:48,498] {standard_task_runner.py:76} INFO - Running: ['airflow', 'tasks', 'run', 'our_first_dag_v5', 'first_task', '2023-11-29T00:00:00+00:00', '--job-id', '9968', '--pool', 'default_pool', '--raw', '--subdir', 'DAGS_FOLDER/our_first_dag.py', '--cfg-path', '/tmp/tmp1192ryjm', '--error-file', '/tmp/tmpnycb38le']
[2024-06-24 14:55:48,504] {standard_task_runner.py:77} INFO - Job 9968: Subtask first_task
[2024-06-24 14:55:48,845] {logging_mixin.py:104} INFO - Running <TaskInstance: our_first_dag_v5.first_task 2023-11-29T00:00:00+00:00 [running]> on host 799b1e36e3f1
[2024-06-24 14:55:49,159] {taskinstance.py:1257} INFO - Exporting the following env vars:
AIRFLOW_CTX_DAG_OWNER=coder2j
AIRFLOW_CTX_DAG_ID=our_first_dag_v5
AIRFLOW_CTX_TASK_ID=first_task
AIRFLOW_CTX_EXECUTION_DATE=2023-11-29T00:00:00+00:00
AIRFLOW_CTX_DAG_RUN_ID=scheduled__2023-11-29T00:00:00+00:00
[2024-06-24 14:55:49,160] {bash.py:135} INFO - Tmp dir root location: 
 /tmp
[2024-06-24 14:55:49,169] {bash.py:158} INFO - Running command: echo hello world, this is the first task!
[2024-06-24 14:55:49,197] {bash.py:169} INFO - Output:
[2024-06-24 14:55:49,203] {bash.py:173} INFO - hello world, this is the first task!
[2024-06-24 14:55:49,204] {bash.py:177} INFO - Command exited with return code 0
[2024-06-24 14:55:49,308] {taskinstance.py:1166} INFO - Marking task as SUCCESS. dag_id=our_first_dag_v5, task_id=first_task, execution_date=20231129T000000, start_date=20240624T145548, end_date=20240624T145549
[2024-06-24 14:55:49,394] {taskinstance.py:1220} INFO - 2 downstream tasks scheduled from follow-on schedule check
[2024-06-24 14:55:49,425] {local_task_job.py:146} INFO - Task exited with return code 0
