[2024-06-24 14:54:35,055] {taskinstance.py:851} INFO - Dependencies all met for <TaskInstance: our_first_dag_v5.second_task 2023-11-14T00:00:00+00:00 [queued]>
[2024-06-24 14:54:35,191] {taskinstance.py:851} INFO - Dependencies all met for <TaskInstance: our_first_dag_v5.second_task 2023-11-14T00:00:00+00:00 [queued]>
[2024-06-24 14:54:35,196] {taskinstance.py:1042} INFO - 
--------------------------------------------------------------------------------
[2024-06-24 14:54:35,206] {taskinstance.py:1043} INFO - Starting attempt 1 of 6
[2024-06-24 14:54:35,215] {taskinstance.py:1044} INFO - 
--------------------------------------------------------------------------------
[2024-06-24 14:54:35,310] {taskinstance.py:1063} INFO - Executing <Task(BashOperator): second_task> on 2023-11-14T00:00:00+00:00
[2024-06-24 14:54:35,322] {standard_task_runner.py:52} INFO - Started process 26863 to run task
[2024-06-24 14:54:35,335] {standard_task_runner.py:76} INFO - Running: ['airflow', 'tasks', 'run', 'our_first_dag_v5', 'second_task', '2023-11-14T00:00:00+00:00', '--job-id', '9773', '--pool', 'default_pool', '--raw', '--subdir', 'DAGS_FOLDER/our_first_dag.py', '--cfg-path', '/tmp/tmpq_vp6gu8', '--error-file', '/tmp/tmp00flvl4f']
[2024-06-24 14:54:35,349] {standard_task_runner.py:77} INFO - Job 9773: Subtask second_task
[2024-06-24 14:54:35,649] {logging_mixin.py:104} INFO - Running <TaskInstance: our_first_dag_v5.second_task 2023-11-14T00:00:00+00:00 [running]> on host 799b1e36e3f1
[2024-06-24 14:54:35,909] {taskinstance.py:1257} INFO - Exporting the following env vars:
AIRFLOW_CTX_DAG_OWNER=coder2j
AIRFLOW_CTX_DAG_ID=our_first_dag_v5
AIRFLOW_CTX_TASK_ID=second_task
AIRFLOW_CTX_EXECUTION_DATE=2023-11-14T00:00:00+00:00
AIRFLOW_CTX_DAG_RUN_ID=scheduled__2023-11-14T00:00:00+00:00
[2024-06-24 14:54:35,910] {bash.py:135} INFO - Tmp dir root location: 
 /tmp
[2024-06-24 14:54:35,915] {bash.py:158} INFO - Running command: echo hey, I am task2 and will be running after task1!
[2024-06-24 14:54:35,933] {bash.py:169} INFO - Output:
[2024-06-24 14:54:35,937] {bash.py:173} INFO - hey, I am task2 and will be running after task1!
[2024-06-24 14:54:35,940] {bash.py:177} INFO - Command exited with return code 0
[2024-06-24 14:54:36,126] {taskinstance.py:1166} INFO - Marking task as SUCCESS. dag_id=our_first_dag_v5, task_id=second_task, execution_date=20231114T000000, start_date=20240624T145435, end_date=20240624T145436
[2024-06-24 14:54:36,187] {taskinstance.py:1220} INFO - 0 downstream tasks scheduled from follow-on schedule check
[2024-06-24 14:54:36,236] {local_task_job.py:146} INFO - Task exited with return code 0
