[2024-06-24 15:03:06,524] {taskinstance.py:851} INFO - Dependencies all met for <TaskInstance: our_dag_with_python_operator_v07.get_name 2024-03-21T00:00:00+00:00 [queued]>
[2024-06-24 15:03:06,610] {taskinstance.py:851} INFO - Dependencies all met for <TaskInstance: our_dag_with_python_operator_v07.get_name 2024-03-21T00:00:00+00:00 [queued]>
[2024-06-24 15:03:06,614] {taskinstance.py:1042} INFO - 
--------------------------------------------------------------------------------
[2024-06-24 15:03:06,618] {taskinstance.py:1043} INFO - Starting attempt 1 of 6
[2024-06-24 15:03:06,622] {taskinstance.py:1044} INFO - 
--------------------------------------------------------------------------------
[2024-06-24 15:03:06,665] {taskinstance.py:1063} INFO - Executing <Task(PythonOperator): get_name> on 2024-03-21T00:00:00+00:00
[2024-06-24 15:03:06,687] {standard_task_runner.py:52} INFO - Started process 30369 to run task
[2024-06-24 15:03:06,695] {standard_task_runner.py:76} INFO - Running: ['airflow', 'tasks', 'run', 'our_dag_with_python_operator_v07', 'get_name', '2024-03-21T00:00:00+00:00', '--job-id', '10649', '--pool', 'default_pool', '--raw', '--subdir', 'DAGS_FOLDER/create_dag_with_python_operator.py', '--cfg-path', '/tmp/tmpu96dq2te', '--error-file', '/tmp/tmp1bvhyecx']
[2024-06-24 15:03:06,704] {standard_task_runner.py:77} INFO - Job 10649: Subtask get_name
[2024-06-24 15:03:07,105] {logging_mixin.py:104} INFO - Running <TaskInstance: our_dag_with_python_operator_v07.get_name 2024-03-21T00:00:00+00:00 [running]> on host 799b1e36e3f1
[2024-06-24 15:03:07,419] {taskinstance.py:1257} INFO - Exporting the following env vars:
AIRFLOW_CTX_DAG_OWNER=coder2j
AIRFLOW_CTX_DAG_ID=our_dag_with_python_operator_v07
AIRFLOW_CTX_TASK_ID=get_name
AIRFLOW_CTX_EXECUTION_DATE=2024-03-21T00:00:00+00:00
AIRFLOW_CTX_DAG_RUN_ID=scheduled__2024-03-21T00:00:00+00:00
[2024-06-24 15:03:07,697] {python.py:118} INFO - Done. Returned value was: None
[2024-06-24 15:03:07,859] {taskinstance.py:1166} INFO - Marking task as SUCCESS. dag_id=our_dag_with_python_operator_v07, task_id=get_name, execution_date=20240321T000000, start_date=20240624T150306, end_date=20240624T150307
[2024-06-24 15:03:08,155] {taskinstance.py:1220} INFO - 1 downstream tasks scheduled from follow-on schedule check
[2024-06-24 15:03:08,187] {local_task_job.py:146} INFO - Task exited with return code 0
