[2024-06-24 12:53:10,555] {taskinstance.py:851} INFO - Dependencies all met for <TaskInstance: our_dag_with_python_operator_v07.get_name 2021-11-05T00:00:00+00:00 [queued]>
[2024-06-24 12:53:10,645] {taskinstance.py:851} INFO - Dependencies all met for <TaskInstance: our_dag_with_python_operator_v07.get_name 2021-11-05T00:00:00+00:00 [queued]>
[2024-06-24 12:53:10,686] {taskinstance.py:1042} INFO - 
--------------------------------------------------------------------------------
[2024-06-24 12:53:10,725] {taskinstance.py:1043} INFO - Starting attempt 1 of 6
[2024-06-24 12:53:10,768] {taskinstance.py:1044} INFO - 
--------------------------------------------------------------------------------
[2024-06-24 12:53:10,883] {taskinstance.py:1063} INFO - Executing <Task(PythonOperator): get_name> on 2021-11-05T00:00:00+00:00
[2024-06-24 12:53:10,938] {standard_task_runner.py:52} INFO - Started process 28359 to run task
[2024-06-24 12:53:10,986] {standard_task_runner.py:76} INFO - Running: ['airflow', 'tasks', 'run', 'our_dag_with_python_operator_v07', 'get_name', '2021-11-05T00:00:00+00:00', '--job-id', '718', '--pool', 'default_pool', '--raw', '--subdir', 'DAGS_FOLDER/create_dag_with_python_operator.py', '--cfg-path', '/tmp/tmpm110h8xe', '--error-file', '/tmp/tmpdli9t8la']
[2024-06-24 12:53:11,020] {standard_task_runner.py:77} INFO - Job 718: Subtask get_name
[2024-06-24 12:53:11,391] {logging_mixin.py:104} INFO - Running <TaskInstance: our_dag_with_python_operator_v07.get_name 2021-11-05T00:00:00+00:00 [running]> on host 799b1e36e3f1
[2024-06-24 12:53:11,826] {taskinstance.py:1257} INFO - Exporting the following env vars:
AIRFLOW_CTX_DAG_OWNER=coder2j
AIRFLOW_CTX_DAG_ID=our_dag_with_python_operator_v07
AIRFLOW_CTX_TASK_ID=get_name
AIRFLOW_CTX_EXECUTION_DATE=2021-11-05T00:00:00+00:00
AIRFLOW_CTX_DAG_RUN_ID=scheduled__2021-11-05T00:00:00+00:00
[2024-06-24 12:53:12,061] {python.py:118} INFO - Done. Returned value was: None
[2024-06-24 12:53:12,187] {taskinstance.py:1166} INFO - Marking task as SUCCESS. dag_id=our_dag_with_python_operator_v07, task_id=get_name, execution_date=20211105T000000, start_date=20240624T125310, end_date=20240624T125312
[2024-06-24 12:53:12,415] {taskinstance.py:1220} INFO - 1 downstream tasks scheduled from follow-on schedule check
[2024-06-24 12:53:12,466] {local_task_job.py:146} INFO - Task exited with return code 0
