[2024-06-24 14:21:39,732] {taskinstance.py:851} INFO - Dependencies all met for <TaskInstance: dag_with_taskflow_api_v02.get_age 2022-08-22T00:00:00+00:00 [queued]>
[2024-06-24 14:21:39,785] {taskinstance.py:851} INFO - Dependencies all met for <TaskInstance: dag_with_taskflow_api_v02.get_age 2022-08-22T00:00:00+00:00 [queued]>
[2024-06-24 14:21:39,796] {taskinstance.py:1042} INFO - 
--------------------------------------------------------------------------------
[2024-06-24 14:21:39,797] {taskinstance.py:1043} INFO - Starting attempt 1 of 6
[2024-06-24 14:21:39,801] {taskinstance.py:1044} INFO - 
--------------------------------------------------------------------------------
[2024-06-24 14:21:39,931] {taskinstance.py:1063} INFO - Executing <Task(_PythonDecoratedOperator): get_age> on 2022-08-22T00:00:00+00:00
[2024-06-24 14:21:39,940] {standard_task_runner.py:52} INFO - Started process 5118 to run task
[2024-06-24 14:21:39,961] {standard_task_runner.py:76} INFO - Running: ['airflow', 'tasks', 'run', 'dag_with_taskflow_api_v02', 'get_age', '2022-08-22T00:00:00+00:00', '--job-id', '4143', '--pool', 'default_pool', '--raw', '--subdir', 'DAGS_FOLDER/dag_with_taskflow_api.py', '--cfg-path', '/tmp/tmpboqg28rq', '--error-file', '/tmp/tmp80626zy_']
[2024-06-24 14:21:39,976] {standard_task_runner.py:77} INFO - Job 4143: Subtask get_age
[2024-06-24 14:21:40,248] {logging_mixin.py:104} INFO - Running <TaskInstance: dag_with_taskflow_api_v02.get_age 2022-08-22T00:00:00+00:00 [running]> on host 799b1e36e3f1
[2024-06-24 14:21:40,423] {taskinstance.py:1257} INFO - Exporting the following env vars:
AIRFLOW_CTX_DAG_OWNER=coder2j
AIRFLOW_CTX_DAG_ID=dag_with_taskflow_api_v02
AIRFLOW_CTX_TASK_ID=get_age
AIRFLOW_CTX_EXECUTION_DATE=2022-08-22T00:00:00+00:00
AIRFLOW_CTX_DAG_RUN_ID=scheduled__2022-08-22T00:00:00+00:00
[2024-06-24 14:21:40,556] {taskinstance.py:1166} INFO - Marking task as SUCCESS. dag_id=dag_with_taskflow_api_v02, task_id=get_age, execution_date=20220822T000000, start_date=20240624T142139, end_date=20240624T142140
[2024-06-24 14:21:40,688] {taskinstance.py:1220} INFO - 1 downstream tasks scheduled from follow-on schedule check
[2024-06-24 14:21:40,747] {local_task_job.py:146} INFO - Task exited with return code 0
