[2024-06-24 14:57:04,060] {taskinstance.py:851} INFO - Dependencies all met for <TaskInstance: our_dag_with_python_operator_v07.get_name 2024-01-26T00:00:00+00:00 [queued]>
[2024-06-24 14:57:04,136] {taskinstance.py:851} INFO - Dependencies all met for <TaskInstance: our_dag_with_python_operator_v07.get_name 2024-01-26T00:00:00+00:00 [queued]>
[2024-06-24 14:57:04,151] {taskinstance.py:1042} INFO - 
--------------------------------------------------------------------------------
[2024-06-24 14:57:04,169] {taskinstance.py:1043} INFO - Starting attempt 1 of 6
[2024-06-24 14:57:04,173] {taskinstance.py:1044} INFO - 
--------------------------------------------------------------------------------
[2024-06-24 14:57:04,284] {taskinstance.py:1063} INFO - Executing <Task(PythonOperator): get_name> on 2024-01-26T00:00:00+00:00
[2024-06-24 14:57:04,326] {standard_task_runner.py:52} INFO - Started process 27921 to run task
[2024-06-24 14:57:04,356] {standard_task_runner.py:76} INFO - Running: ['airflow', 'tasks', 'run', 'our_dag_with_python_operator_v07', 'get_name', '2024-01-26T00:00:00+00:00', '--job-id', '10013', '--pool', 'default_pool', '--raw', '--subdir', 'DAGS_FOLDER/create_dag_with_python_operator.py', '--cfg-path', '/tmp/tmpj20o3yzu', '--error-file', '/tmp/tmpss7f5783']
[2024-06-24 14:57:04,392] {standard_task_runner.py:77} INFO - Job 10013: Subtask get_name
[2024-06-24 14:57:05,224] {logging_mixin.py:104} INFO - Running <TaskInstance: our_dag_with_python_operator_v07.get_name 2024-01-26T00:00:00+00:00 [running]> on host 799b1e36e3f1
[2024-06-24 14:57:05,885] {taskinstance.py:1257} INFO - Exporting the following env vars:
AIRFLOW_CTX_DAG_OWNER=coder2j
AIRFLOW_CTX_DAG_ID=our_dag_with_python_operator_v07
AIRFLOW_CTX_TASK_ID=get_name
AIRFLOW_CTX_EXECUTION_DATE=2024-01-26T00:00:00+00:00
AIRFLOW_CTX_DAG_RUN_ID=scheduled__2024-01-26T00:00:00+00:00
[2024-06-24 14:57:06,165] {python.py:118} INFO - Done. Returned value was: None
[2024-06-24 14:57:06,376] {taskinstance.py:1166} INFO - Marking task as SUCCESS. dag_id=our_dag_with_python_operator_v07, task_id=get_name, execution_date=20240126T000000, start_date=20240624T145704, end_date=20240624T145706
[2024-06-24 14:57:09,370] {taskinstance.py:1220} INFO - 0 downstream tasks scheduled from follow-on schedule check
[2024-06-24 14:57:09,582] {local_task_job.py:146} INFO - Task exited with return code 0
