[2024-06-24 14:25:41,554] {taskinstance.py:851} INFO - Dependencies all met for <TaskInstance: dag_with_taskflow_api_v02.get_age 2023-01-31T00:00:00+00:00 [queued]>
[2024-06-24 14:25:41,640] {taskinstance.py:851} INFO - Dependencies all met for <TaskInstance: dag_with_taskflow_api_v02.get_age 2023-01-31T00:00:00+00:00 [queued]>
[2024-06-24 14:25:41,642] {taskinstance.py:1042} INFO - 
--------------------------------------------------------------------------------
[2024-06-24 14:25:41,653] {taskinstance.py:1043} INFO - Starting attempt 1 of 6
[2024-06-24 14:25:41,659] {taskinstance.py:1044} INFO - 
--------------------------------------------------------------------------------
[2024-06-24 14:25:41,734] {taskinstance.py:1063} INFO - Executing <Task(_PythonDecoratedOperator): get_age> on 2023-01-31T00:00:00+00:00
[2024-06-24 14:25:41,740] {standard_task_runner.py:52} INFO - Started process 11626 to run task
[2024-06-24 14:25:41,752] {standard_task_runner.py:76} INFO - Running: ['airflow', 'tasks', 'run', 'dag_with_taskflow_api_v02', 'get_age', '2023-01-31T00:00:00+00:00', '--job-id', '5892', '--pool', 'default_pool', '--raw', '--subdir', 'DAGS_FOLDER/dag_with_taskflow_api.py', '--cfg-path', '/tmp/tmpdxgwjw5j', '--error-file', '/tmp/tmp7t5l4co2']
[2024-06-24 14:25:41,759] {standard_task_runner.py:77} INFO - Job 5892: Subtask get_age
[2024-06-24 14:25:42,136] {logging_mixin.py:104} INFO - Running <TaskInstance: dag_with_taskflow_api_v02.get_age 2023-01-31T00:00:00+00:00 [running]> on host 799b1e36e3f1
[2024-06-24 14:25:42,417] {taskinstance.py:1257} INFO - Exporting the following env vars:
AIRFLOW_CTX_DAG_OWNER=coder2j
AIRFLOW_CTX_DAG_ID=dag_with_taskflow_api_v02
AIRFLOW_CTX_TASK_ID=get_age
AIRFLOW_CTX_EXECUTION_DATE=2023-01-31T00:00:00+00:00
AIRFLOW_CTX_DAG_RUN_ID=scheduled__2023-01-31T00:00:00+00:00
[2024-06-24 14:25:42,516] {taskinstance.py:1166} INFO - Marking task as SUCCESS. dag_id=dag_with_taskflow_api_v02, task_id=get_age, execution_date=20230131T000000, start_date=20240624T142541, end_date=20240624T142542
[2024-06-24 14:25:42,621] {taskinstance.py:1220} INFO - 0 downstream tasks scheduled from follow-on schedule check
[2024-06-24 14:25:42,659] {local_task_job.py:146} INFO - Task exited with return code 0
