[2024-06-24 14:31:10,613] {taskinstance.py:851} INFO - Dependencies all met for <TaskInstance: our_first_dag_v5.first_task 2023-07-02T00:00:00+00:00 [queued]>
[2024-06-24 14:31:10,723] {taskinstance.py:851} INFO - Dependencies all met for <TaskInstance: our_first_dag_v5.first_task 2023-07-02T00:00:00+00:00 [queued]>
[2024-06-24 14:31:10,729] {taskinstance.py:1042} INFO - 
--------------------------------------------------------------------------------
[2024-06-24 14:31:10,730] {taskinstance.py:1043} INFO - Starting attempt 1 of 6
[2024-06-24 14:31:10,735] {taskinstance.py:1044} INFO - 
--------------------------------------------------------------------------------
[2024-06-24 14:31:10,805] {taskinstance.py:1063} INFO - Executing <Task(BashOperator): first_task> on 2023-07-02T00:00:00+00:00
[2024-06-24 14:31:10,815] {standard_task_runner.py:52} INFO - Started process 20434 to run task
[2024-06-24 14:31:10,827] {standard_task_runner.py:76} INFO - Running: ['airflow', 'tasks', 'run', 'our_first_dag_v5', 'first_task', '2023-07-02T00:00:00+00:00', '--job-id', '8260', '--pool', 'default_pool', '--raw', '--subdir', 'DAGS_FOLDER/our_first_dag.py', '--cfg-path', '/tmp/tmp569y6y3p', '--error-file', '/tmp/tmpc3fyx8tk']
[2024-06-24 14:31:10,848] {standard_task_runner.py:77} INFO - Job 8260: Subtask first_task
[2024-06-24 14:31:11,085] {logging_mixin.py:104} INFO - Running <TaskInstance: our_first_dag_v5.first_task 2023-07-02T00:00:00+00:00 [running]> on host 799b1e36e3f1
[2024-06-24 14:31:11,337] {taskinstance.py:1257} INFO - Exporting the following env vars:
AIRFLOW_CTX_DAG_OWNER=coder2j
AIRFLOW_CTX_DAG_ID=our_first_dag_v5
AIRFLOW_CTX_TASK_ID=first_task
AIRFLOW_CTX_EXECUTION_DATE=2023-07-02T00:00:00+00:00
AIRFLOW_CTX_DAG_RUN_ID=scheduled__2023-07-02T00:00:00+00:00
[2024-06-24 14:31:11,342] {bash.py:135} INFO - Tmp dir root location: 
 /tmp
[2024-06-24 14:31:11,348] {bash.py:158} INFO - Running command: echo hello world, this is the first task!
[2024-06-24 14:31:11,402] {bash.py:169} INFO - Output:
[2024-06-24 14:31:11,404] {bash.py:173} INFO - hello world, this is the first task!
[2024-06-24 14:31:11,412] {bash.py:177} INFO - Command exited with return code 0
[2024-06-24 14:31:11,583] {taskinstance.py:1166} INFO - Marking task as SUCCESS. dag_id=our_first_dag_v5, task_id=first_task, execution_date=20230702T000000, start_date=20240624T143110, end_date=20240624T143111
[2024-06-24 14:31:11,818] {taskinstance.py:1220} INFO - 2 downstream tasks scheduled from follow-on schedule check
[2024-06-24 14:31:11,905] {local_task_job.py:146} INFO - Task exited with return code 0
