[2024-06-24 13:01:50,130] {taskinstance.py:851} INFO - Dependencies all met for <TaskInstance: dag_with_taskflow_api_v02.get_age 2022-04-28T00:00:00+00:00 [queued]>
[2024-06-24 13:01:50,199] {taskinstance.py:851} INFO - Dependencies all met for <TaskInstance: dag_with_taskflow_api_v02.get_age 2022-04-28T00:00:00+00:00 [queued]>
[2024-06-24 13:01:50,203] {taskinstance.py:1042} INFO - 
--------------------------------------------------------------------------------
[2024-06-24 13:01:50,207] {taskinstance.py:1043} INFO - Starting attempt 1 of 6
[2024-06-24 13:01:50,219] {taskinstance.py:1044} INFO - 
--------------------------------------------------------------------------------
[2024-06-24 13:01:50,384] {taskinstance.py:1063} INFO - Executing <Task(_PythonDecoratedOperator): get_age> on 2022-04-28T00:00:00+00:00
[2024-06-24 13:01:50,417] {standard_task_runner.py:52} INFO - Started process 36674 to run task
[2024-06-24 13:01:50,485] {standard_task_runner.py:76} INFO - Running: ['airflow', 'tasks', 'run', 'dag_with_taskflow_api_v02', 'get_age', '2022-04-28T00:00:00+00:00', '--job-id', '2744', '--pool', 'default_pool', '--raw', '--subdir', 'DAGS_FOLDER/dag_with_taskflow_api.py', '--cfg-path', '/tmp/tmpw8ismdzd', '--error-file', '/tmp/tmpry8tc7ea']
[2024-06-24 13:01:50,552] {standard_task_runner.py:77} INFO - Job 2744: Subtask get_age
[2024-06-24 13:01:51,195] {logging_mixin.py:104} INFO - Running <TaskInstance: dag_with_taskflow_api_v02.get_age 2022-04-28T00:00:00+00:00 [running]> on host 799b1e36e3f1
[2024-06-24 13:01:51,774] {taskinstance.py:1257} INFO - Exporting the following env vars:
AIRFLOW_CTX_DAG_OWNER=coder2j
AIRFLOW_CTX_DAG_ID=dag_with_taskflow_api_v02
AIRFLOW_CTX_TASK_ID=get_age
AIRFLOW_CTX_EXECUTION_DATE=2022-04-28T00:00:00+00:00
AIRFLOW_CTX_DAG_RUN_ID=scheduled__2022-04-28T00:00:00+00:00
[2024-06-24 13:01:52,182] {taskinstance.py:1166} INFO - Marking task as SUCCESS. dag_id=dag_with_taskflow_api_v02, task_id=get_age, execution_date=20220428T000000, start_date=20240624T130150, end_date=20240624T130152
[2024-06-24 13:01:52,445] {taskinstance.py:1220} INFO - 0 downstream tasks scheduled from follow-on schedule check
[2024-06-24 13:01:52,491] {local_task_job.py:146} INFO - Task exited with return code 0
