[2024-06-24 12:54:45,860] {taskinstance.py:851} INFO - Dependencies all met for <TaskInstance: dag_with_taskflow_api_v02.get_name 2021-12-21T00:00:00+00:00 [queued]>
[2024-06-24 12:54:45,912] {taskinstance.py:851} INFO - Dependencies all met for <TaskInstance: dag_with_taskflow_api_v02.get_name 2021-12-21T00:00:00+00:00 [queued]>
[2024-06-24 12:54:45,919] {taskinstance.py:1042} INFO - 
--------------------------------------------------------------------------------
[2024-06-24 12:54:45,922] {taskinstance.py:1043} INFO - Starting attempt 1 of 6
[2024-06-24 12:54:45,923] {taskinstance.py:1044} INFO - 
--------------------------------------------------------------------------------
[2024-06-24 12:54:46,039] {taskinstance.py:1063} INFO - Executing <Task(_PythonDecoratedOperator): get_name> on 2021-12-21T00:00:00+00:00
[2024-06-24 12:54:46,080] {standard_task_runner.py:52} INFO - Started process 29905 to run task
[2024-06-24 12:54:46,097] {standard_task_runner.py:76} INFO - Running: ['airflow', 'tasks', 'run', 'dag_with_taskflow_api_v02', 'get_name', '2021-12-21T00:00:00+00:00', '--job-id', '1090', '--pool', 'default_pool', '--raw', '--subdir', 'DAGS_FOLDER/dag_with_taskflow_api.py', '--cfg-path', '/tmp/tmp2oh8xsuk', '--error-file', '/tmp/tmprg5c3p69']
[2024-06-24 12:54:46,230] {standard_task_runner.py:77} INFO - Job 1090: Subtask get_name
[2024-06-24 12:54:46,575] {logging_mixin.py:104} INFO - Running <TaskInstance: dag_with_taskflow_api_v02.get_name 2021-12-21T00:00:00+00:00 [running]> on host 799b1e36e3f1
[2024-06-24 12:54:46,927] {taskinstance.py:1257} INFO - Exporting the following env vars:
AIRFLOW_CTX_DAG_OWNER=coder2j
AIRFLOW_CTX_DAG_ID=dag_with_taskflow_api_v02
AIRFLOW_CTX_TASK_ID=get_name
AIRFLOW_CTX_EXECUTION_DATE=2021-12-21T00:00:00+00:00
AIRFLOW_CTX_DAG_RUN_ID=scheduled__2021-12-21T00:00:00+00:00
[2024-06-24 12:54:47,410] {taskinstance.py:1166} INFO - Marking task as SUCCESS. dag_id=dag_with_taskflow_api_v02, task_id=get_name, execution_date=20211221T000000, start_date=20240624T125445, end_date=20240624T125447
[2024-06-24 12:54:47,635] {taskinstance.py:1220} INFO - 1 downstream tasks scheduled from follow-on schedule check
[2024-06-24 12:54:47,695] {local_task_job.py:146} INFO - Task exited with return code 0
