[2024-06-24 14:29:33,672] {taskinstance.py:851} INFO - Dependencies all met for <TaskInstance: our_first_dag_v5.second_task 2023-04-17T00:00:00+00:00 [queued]>
[2024-06-24 14:29:33,714] {taskinstance.py:851} INFO - Dependencies all met for <TaskInstance: our_first_dag_v5.second_task 2023-04-17T00:00:00+00:00 [queued]>
[2024-06-24 14:29:33,716] {taskinstance.py:1042} INFO - 
--------------------------------------------------------------------------------
[2024-06-24 14:29:33,719] {taskinstance.py:1043} INFO - Starting attempt 1 of 6
[2024-06-24 14:29:33,719] {taskinstance.py:1044} INFO - 
--------------------------------------------------------------------------------
[2024-06-24 14:29:33,752] {taskinstance.py:1063} INFO - Executing <Task(BashOperator): second_task> on 2023-04-17T00:00:00+00:00
[2024-06-24 14:29:33,761] {standard_task_runner.py:52} INFO - Started process 17763 to run task
[2024-06-24 14:29:33,780] {standard_task_runner.py:76} INFO - Running: ['airflow', 'tasks', 'run', 'our_first_dag_v5', 'second_task', '2023-04-17T00:00:00+00:00', '--job-id', '7562', '--pool', 'default_pool', '--raw', '--subdir', 'DAGS_FOLDER/our_first_dag.py', '--cfg-path', '/tmp/tmpbtb0w675', '--error-file', '/tmp/tmpkq0g6apj']
[2024-06-24 14:29:33,793] {standard_task_runner.py:77} INFO - Job 7562: Subtask second_task
[2024-06-24 14:29:33,968] {logging_mixin.py:104} INFO - Running <TaskInstance: our_first_dag_v5.second_task 2023-04-17T00:00:00+00:00 [running]> on host 799b1e36e3f1
[2024-06-24 14:29:34,141] {taskinstance.py:1257} INFO - Exporting the following env vars:
AIRFLOW_CTX_DAG_OWNER=coder2j
AIRFLOW_CTX_DAG_ID=our_first_dag_v5
AIRFLOW_CTX_TASK_ID=second_task
AIRFLOW_CTX_EXECUTION_DATE=2023-04-17T00:00:00+00:00
AIRFLOW_CTX_DAG_RUN_ID=scheduled__2023-04-17T00:00:00+00:00
[2024-06-24 14:29:34,147] {bash.py:135} INFO - Tmp dir root location: 
 /tmp
[2024-06-24 14:29:34,149] {bash.py:158} INFO - Running command: echo hey, I am task2 and will be running after task1!
[2024-06-24 14:29:34,164] {bash.py:169} INFO - Output:
[2024-06-24 14:29:34,167] {bash.py:173} INFO - hey, I am task2 and will be running after task1!
[2024-06-24 14:29:34,170] {bash.py:177} INFO - Command exited with return code 0
[2024-06-24 14:29:34,237] {taskinstance.py:1166} INFO - Marking task as SUCCESS. dag_id=our_first_dag_v5, task_id=second_task, execution_date=20230417T000000, start_date=20240624T142933, end_date=20240624T142934
[2024-06-24 14:29:34,328] {taskinstance.py:1220} INFO - 0 downstream tasks scheduled from follow-on schedule check
[2024-06-24 14:29:34,348] {local_task_job.py:146} INFO - Task exited with return code 0
