[2024-06-24 15:04:34,225] {taskinstance.py:851} INFO - Dependencies all met for <TaskInstance: dag_with_python_dependencies_v03.get_sklearn 2024-01-19T00:00:00+00:00 [queued]>
[2024-06-24 15:04:34,269] {taskinstance.py:851} INFO - Dependencies all met for <TaskInstance: dag_with_python_dependencies_v03.get_sklearn 2024-01-19T00:00:00+00:00 [queued]>
[2024-06-24 15:04:34,279] {taskinstance.py:1042} INFO - 
--------------------------------------------------------------------------------
[2024-06-24 15:04:34,279] {taskinstance.py:1043} INFO - Starting attempt 1 of 1
[2024-06-24 15:04:34,280] {taskinstance.py:1044} INFO - 
--------------------------------------------------------------------------------
[2024-06-24 15:04:34,331] {taskinstance.py:1063} INFO - Executing <Task(PythonOperator): get_sklearn> on 2024-01-19T00:00:00+00:00
[2024-06-24 15:04:34,338] {standard_task_runner.py:52} INFO - Started process 32282 to run task
[2024-06-24 15:04:34,407] {standard_task_runner.py:76} INFO - Running: ['airflow', 'tasks', 'run', 'dag_with_python_dependencies_v03', 'get_sklearn', '2024-01-19T00:00:00+00:00', '--job-id', '11152', '--pool', 'default_pool', '--raw', '--subdir', 'DAGS_FOLDER/dag_with_python_dependencies.py', '--cfg-path', '/tmp/tmpstdowghr', '--error-file', '/tmp/tmpu39y_nw6']
[2024-06-24 15:04:34,456] {standard_task_runner.py:77} INFO - Job 11152: Subtask get_sklearn
[2024-06-24 15:04:34,758] {logging_mixin.py:104} INFO - Running <TaskInstance: dag_with_python_dependencies_v03.get_sklearn 2024-01-19T00:00:00+00:00 [running]> on host 799b1e36e3f1
[2024-06-24 15:04:34,993] {taskinstance.py:1257} INFO - Exporting the following env vars:
AIRFLOW_CTX_DAG_OWNER=coder2j
AIRFLOW_CTX_DAG_ID=dag_with_python_dependencies_v03
AIRFLOW_CTX_TASK_ID=get_sklearn
AIRFLOW_CTX_EXECUTION_DATE=2024-01-19T00:00:00+00:00
AIRFLOW_CTX_DAG_RUN_ID=scheduled__2024-01-19T00:00:00+00:00
[2024-06-24 15:04:39,251] {logging_mixin.py:104} INFO - sklearn with version: 0.24.2
[2024-06-24 15:04:39,253] {python.py:118} INFO - Done. Returned value was: None
[2024-06-24 15:04:39,307] {taskinstance.py:1166} INFO - Marking task as SUCCESS. dag_id=dag_with_python_dependencies_v03, task_id=get_sklearn, execution_date=20240119T000000, start_date=20240624T150434, end_date=20240624T150439
[2024-06-24 15:04:39,400] {taskinstance.py:1220} INFO - 1 downstream tasks scheduled from follow-on schedule check
[2024-06-24 15:04:39,465] {local_task_job.py:188} WARNING - State of this instance has been externally set to success. Terminating instance.
[2024-06-24 15:04:39,482] {process_utils.py:100} INFO - Sending Signals.SIGTERM to GPID 32282
[2024-06-24 15:04:39,506] {process_utils.py:66} INFO - Process psutil.Process(pid=32282, status='terminated', exitcode=0, started='15:04:33') (32282) terminated with exit code 0
