[2024-06-24 12:54:35,377] {taskinstance.py:851} INFO - Dependencies all met for <TaskInstance: dag_with_python_dependencies_v03.get_sklearn 2021-12-01T00:00:00+00:00 [queued]>
[2024-06-24 12:54:35,442] {taskinstance.py:851} INFO - Dependencies all met for <TaskInstance: dag_with_python_dependencies_v03.get_sklearn 2021-12-01T00:00:00+00:00 [queued]>
[2024-06-24 12:54:35,449] {taskinstance.py:1042} INFO - 
--------------------------------------------------------------------------------
[2024-06-24 12:54:35,450] {taskinstance.py:1043} INFO - Starting attempt 1 of 1
[2024-06-24 12:54:35,455] {taskinstance.py:1044} INFO - 
--------------------------------------------------------------------------------
[2024-06-24 12:54:35,543] {taskinstance.py:1063} INFO - Executing <Task(PythonOperator): get_sklearn> on 2021-12-01T00:00:00+00:00
[2024-06-24 12:54:35,569] {standard_task_runner.py:52} INFO - Started process 29718 to run task
[2024-06-24 12:54:35,598] {standard_task_runner.py:76} INFO - Running: ['airflow', 'tasks', 'run', 'dag_with_python_dependencies_v03', 'get_sklearn', '2021-12-01T00:00:00+00:00', '--job-id', '1050', '--pool', 'default_pool', '--raw', '--subdir', 'DAGS_FOLDER/dag_with_python_dependencies.py', '--cfg-path', '/tmp/tmpizdbwmr0', '--error-file', '/tmp/tmp4dn8q7sn']
[2024-06-24 12:54:35,617] {standard_task_runner.py:77} INFO - Job 1050: Subtask get_sklearn
[2024-06-24 12:54:36,086] {logging_mixin.py:104} INFO - Running <TaskInstance: dag_with_python_dependencies_v03.get_sklearn 2021-12-01T00:00:00+00:00 [running]> on host 799b1e36e3f1
[2024-06-24 12:54:36,502] {taskinstance.py:1257} INFO - Exporting the following env vars:
AIRFLOW_CTX_DAG_OWNER=coder2j
AIRFLOW_CTX_DAG_ID=dag_with_python_dependencies_v03
AIRFLOW_CTX_TASK_ID=get_sklearn
AIRFLOW_CTX_EXECUTION_DATE=2021-12-01T00:00:00+00:00
AIRFLOW_CTX_DAG_RUN_ID=scheduled__2021-12-01T00:00:00+00:00
[2024-06-24 12:54:41,467] {logging_mixin.py:104} INFO - sklearn with version: 0.24.2
[2024-06-24 12:54:41,469] {python.py:118} INFO - Done. Returned value was: None
[2024-06-24 12:54:41,555] {taskinstance.py:1166} INFO - Marking task as SUCCESS. dag_id=dag_with_python_dependencies_v03, task_id=get_sklearn, execution_date=20211201T000000, start_date=20240624T125435, end_date=20240624T125441
[2024-06-24 12:54:41,814] {taskinstance.py:1220} INFO - 1 downstream tasks scheduled from follow-on schedule check
[2024-06-24 12:54:42,001] {local_task_job.py:146} INFO - Task exited with return code 0
