[2024-06-24 15:05:04,839] {taskinstance.py:851} INFO - Dependencies all met for <TaskInstance: our_dag_with_python_operator_v07.greet 2024-05-22T00:00:00+00:00 [queued]>
[2024-06-24 15:05:04,902] {taskinstance.py:851} INFO - Dependencies all met for <TaskInstance: our_dag_with_python_operator_v07.greet 2024-05-22T00:00:00+00:00 [queued]>
[2024-06-24 15:05:04,910] {taskinstance.py:1042} INFO - 
--------------------------------------------------------------------------------
[2024-06-24 15:05:04,921] {taskinstance.py:1043} INFO - Starting attempt 1 of 6
[2024-06-24 15:05:04,927] {taskinstance.py:1044} INFO - 
--------------------------------------------------------------------------------
[2024-06-24 15:05:05,038] {taskinstance.py:1063} INFO - Executing <Task(PythonOperator): greet> on 2024-05-22T00:00:00+00:00
[2024-06-24 15:05:05,051] {standard_task_runner.py:52} INFO - Started process 33004 to run task
[2024-06-24 15:05:05,069] {standard_task_runner.py:76} INFO - Running: ['airflow', 'tasks', 'run', 'our_dag_with_python_operator_v07', 'greet', '2024-05-22T00:00:00+00:00', '--job-id', '11337', '--pool', 'default_pool', '--raw', '--subdir', 'DAGS_FOLDER/create_dag_with_python_operator.py', '--cfg-path', '/tmp/tmpmyi424m0', '--error-file', '/tmp/tmpum6cer4y']
[2024-06-24 15:05:05,104] {standard_task_runner.py:77} INFO - Job 11337: Subtask greet
[2024-06-24 15:05:05,286] {logging_mixin.py:104} INFO - Running <TaskInstance: our_dag_with_python_operator_v07.greet 2024-05-22T00:00:00+00:00 [running]> on host 799b1e36e3f1
[2024-06-24 15:05:05,474] {taskinstance.py:1257} INFO - Exporting the following env vars:
AIRFLOW_CTX_DAG_OWNER=coder2j
AIRFLOW_CTX_DAG_ID=our_dag_with_python_operator_v07
AIRFLOW_CTX_TASK_ID=greet
AIRFLOW_CTX_EXECUTION_DATE=2024-05-22T00:00:00+00:00
AIRFLOW_CTX_DAG_RUN_ID=scheduled__2024-05-22T00:00:00+00:00
[2024-06-24 15:05:05,480] {logging_mixin.py:104} INFO - some dict:  {'a': 1, 'b': 2}
[2024-06-24 15:05:05,553] {logging_mixin.py:104} INFO - Hello World! My name is Jerry Fridman, and I am 19 years old!
[2024-06-24 15:05:05,555] {python.py:118} INFO - Done. Returned value was: None
[2024-06-24 15:05:05,597] {taskinstance.py:1166} INFO - Marking task as SUCCESS. dag_id=our_dag_with_python_operator_v07, task_id=greet, execution_date=20240522T000000, start_date=20240624T150504, end_date=20240624T150505
[2024-06-24 15:05:05,703] {taskinstance.py:1220} INFO - 0 downstream tasks scheduled from follow-on schedule check
[2024-06-24 15:05:05,770] {local_task_job.py:146} INFO - Task exited with return code 0
