[2024-06-24 15:03:08,685] {taskinstance.py:851} INFO - Dependencies all met for <TaskInstance: dag_with_taskflow_api_v02.greet 2024-03-19T00:00:00+00:00 [queued]>
[2024-06-24 15:03:08,727] {taskinstance.py:851} INFO - Dependencies all met for <TaskInstance: dag_with_taskflow_api_v02.greet 2024-03-19T00:00:00+00:00 [queued]>
[2024-06-24 15:03:08,735] {taskinstance.py:1042} INFO - 
--------------------------------------------------------------------------------
[2024-06-24 15:03:08,740] {taskinstance.py:1043} INFO - Starting attempt 1 of 6
[2024-06-24 15:03:08,741] {taskinstance.py:1044} INFO - 
--------------------------------------------------------------------------------
[2024-06-24 15:03:08,808] {taskinstance.py:1063} INFO - Executing <Task(_PythonDecoratedOperator): greet> on 2024-03-19T00:00:00+00:00
[2024-06-24 15:03:08,822] {standard_task_runner.py:52} INFO - Started process 30416 to run task
[2024-06-24 15:03:08,838] {standard_task_runner.py:76} INFO - Running: ['airflow', 'tasks', 'run', 'dag_with_taskflow_api_v02', 'greet', '2024-03-19T00:00:00+00:00', '--job-id', '10668', '--pool', 'default_pool', '--raw', '--subdir', 'DAGS_FOLDER/dag_with_taskflow_api.py', '--cfg-path', '/tmp/tmpj9me1tau', '--error-file', '/tmp/tmp5ilgoube']
[2024-06-24 15:03:08,872] {standard_task_runner.py:77} INFO - Job 10668: Subtask greet
[2024-06-24 15:03:09,343] {logging_mixin.py:104} INFO - Running <TaskInstance: dag_with_taskflow_api_v02.greet 2024-03-19T00:00:00+00:00 [running]> on host 799b1e36e3f1
[2024-06-24 15:03:09,924] {taskinstance.py:1257} INFO - Exporting the following env vars:
AIRFLOW_CTX_DAG_OWNER=coder2j
AIRFLOW_CTX_DAG_ID=dag_with_taskflow_api_v02
AIRFLOW_CTX_TASK_ID=greet
AIRFLOW_CTX_EXECUTION_DATE=2024-03-19T00:00:00+00:00
AIRFLOW_CTX_DAG_RUN_ID=scheduled__2024-03-19T00:00:00+00:00
[2024-06-24 15:03:09,935] {logging_mixin.py:104} INFO - Hello World! My name is Jerry Fridman and I am 19 years old!
[2024-06-24 15:03:09,992] {taskinstance.py:1166} INFO - Marking task as SUCCESS. dag_id=dag_with_taskflow_api_v02, task_id=greet, execution_date=20240319T000000, start_date=20240624T150308, end_date=20240624T150309
[2024-06-24 15:03:10,136] {taskinstance.py:1220} INFO - 0 downstream tasks scheduled from follow-on schedule check
[2024-06-24 15:03:10,185] {local_task_job.py:146} INFO - Task exited with return code 0
