[2024-06-24 14:52:05,658] {taskinstance.py:851} INFO - Dependencies all met for <TaskInstance: our_dag_with_python_operator_v07.get_age 2023-12-29T00:00:00+00:00 [queued]>
[2024-06-24 14:52:05,725] {taskinstance.py:851} INFO - Dependencies all met for <TaskInstance: our_dag_with_python_operator_v07.get_age 2023-12-29T00:00:00+00:00 [queued]>
[2024-06-24 14:52:05,733] {taskinstance.py:1042} INFO - 
--------------------------------------------------------------------------------
[2024-06-24 14:52:05,735] {taskinstance.py:1043} INFO - Starting attempt 1 of 6
[2024-06-24 14:52:05,736] {taskinstance.py:1044} INFO - 
--------------------------------------------------------------------------------
[2024-06-24 14:52:05,824] {taskinstance.py:1063} INFO - Executing <Task(PythonOperator): get_age> on 2023-12-29T00:00:00+00:00
[2024-06-24 14:52:05,859] {standard_task_runner.py:52} INFO - Started process 26170 to run task
[2024-06-24 14:52:05,873] {standard_task_runner.py:76} INFO - Running: ['airflow', 'tasks', 'run', 'our_dag_with_python_operator_v07', 'get_age', '2023-12-29T00:00:00+00:00', '--job-id', '9605', '--pool', 'default_pool', '--raw', '--subdir', 'DAGS_FOLDER/create_dag_with_python_operator.py', '--cfg-path', '/tmp/tmp7rni3b26', '--error-file', '/tmp/tmpt9gwi66l']
[2024-06-24 14:52:05,894] {standard_task_runner.py:77} INFO - Job 9605: Subtask get_age
[2024-06-24 14:52:06,100] {logging_mixin.py:104} INFO - Running <TaskInstance: our_dag_with_python_operator_v07.get_age 2023-12-29T00:00:00+00:00 [running]> on host 799b1e36e3f1
[2024-06-24 14:52:06,455] {taskinstance.py:1257} INFO - Exporting the following env vars:
AIRFLOW_CTX_DAG_OWNER=coder2j
AIRFLOW_CTX_DAG_ID=our_dag_with_python_operator_v07
AIRFLOW_CTX_TASK_ID=get_age
AIRFLOW_CTX_EXECUTION_DATE=2023-12-29T00:00:00+00:00
AIRFLOW_CTX_DAG_RUN_ID=scheduled__2023-12-29T00:00:00+00:00
[2024-06-24 14:52:06,541] {python.py:118} INFO - Done. Returned value was: None
[2024-06-24 14:52:06,613] {taskinstance.py:1166} INFO - Marking task as SUCCESS. dag_id=our_dag_with_python_operator_v07, task_id=get_age, execution_date=20231229T000000, start_date=20240624T145205, end_date=20240624T145206
[2024-06-24 14:52:06,840] {taskinstance.py:1220} INFO - 0 downstream tasks scheduled from follow-on schedule check
[2024-06-24 14:52:06,930] {local_task_job.py:146} INFO - Task exited with return code 0
