[2024-06-24 14:50:44,470] {taskinstance.py:851} INFO - Dependencies all met for <TaskInstance: dag_with_taskflow_api_v02.greet 2023-12-02T00:00:00+00:00 [queued]>
[2024-06-24 14:50:44,505] {taskinstance.py:851} INFO - Dependencies all met for <TaskInstance: dag_with_taskflow_api_v02.greet 2023-12-02T00:00:00+00:00 [queued]>
[2024-06-24 14:50:44,506] {taskinstance.py:1042} INFO - 
--------------------------------------------------------------------------------
[2024-06-24 14:50:44,508] {taskinstance.py:1043} INFO - Starting attempt 1 of 6
[2024-06-24 14:50:44,512] {taskinstance.py:1044} INFO - 
--------------------------------------------------------------------------------
[2024-06-24 14:50:44,544] {taskinstance.py:1063} INFO - Executing <Task(_PythonDecoratedOperator): greet> on 2023-12-02T00:00:00+00:00
[2024-06-24 14:50:44,554] {standard_task_runner.py:52} INFO - Started process 25279 to run task
[2024-06-24 14:50:44,563] {standard_task_runner.py:76} INFO - Running: ['airflow', 'tasks', 'run', 'dag_with_taskflow_api_v02', 'greet', '2023-12-02T00:00:00+00:00', '--job-id', '9395', '--pool', 'default_pool', '--raw', '--subdir', 'DAGS_FOLDER/dag_with_taskflow_api.py', '--cfg-path', '/tmp/tmpb25nb_oy', '--error-file', '/tmp/tmpurv5e8ja']
[2024-06-24 14:50:44,585] {standard_task_runner.py:77} INFO - Job 9395: Subtask greet
[2024-06-24 14:50:44,750] {logging_mixin.py:104} INFO - Running <TaskInstance: dag_with_taskflow_api_v02.greet 2023-12-02T00:00:00+00:00 [running]> on host 799b1e36e3f1
[2024-06-24 14:50:45,044] {taskinstance.py:1257} INFO - Exporting the following env vars:
AIRFLOW_CTX_DAG_OWNER=coder2j
AIRFLOW_CTX_DAG_ID=dag_with_taskflow_api_v02
AIRFLOW_CTX_TASK_ID=greet
AIRFLOW_CTX_EXECUTION_DATE=2023-12-02T00:00:00+00:00
AIRFLOW_CTX_DAG_RUN_ID=scheduled__2023-12-02T00:00:00+00:00
[2024-06-24 14:50:45,056] {logging_mixin.py:104} INFO - Hello World! My name is Jerry Fridman and I am 19 years old!
[2024-06-24 14:50:45,120] {taskinstance.py:1166} INFO - Marking task as SUCCESS. dag_id=dag_with_taskflow_api_v02, task_id=greet, execution_date=20231202T000000, start_date=20240624T145044, end_date=20240624T145045
[2024-06-24 14:50:45,228] {taskinstance.py:1220} INFO - 0 downstream tasks scheduled from follow-on schedule check
[2024-06-24 14:50:45,249] {local_task_job.py:146} INFO - Task exited with return code 0
