[2024-06-24 14:27:21,600] {taskinstance.py:851} INFO - Dependencies all met for <TaskInstance: our_first_dag_v5.first_task 2023-01-29T00:00:00+00:00 [queued]>
[2024-06-24 14:27:21,691] {taskinstance.py:851} INFO - Dependencies all met for <TaskInstance: our_first_dag_v5.first_task 2023-01-29T00:00:00+00:00 [queued]>
[2024-06-24 14:27:21,696] {taskinstance.py:1042} INFO - 
--------------------------------------------------------------------------------
[2024-06-24 14:27:21,698] {taskinstance.py:1043} INFO - Starting attempt 1 of 6
[2024-06-24 14:27:21,704] {taskinstance.py:1044} INFO - 
--------------------------------------------------------------------------------
[2024-06-24 14:27:21,804] {taskinstance.py:1063} INFO - Executing <Task(BashOperator): first_task> on 2023-01-29T00:00:00+00:00
[2024-06-24 14:27:21,811] {standard_task_runner.py:52} INFO - Started process 14300 to run task
[2024-06-24 14:27:21,827] {standard_task_runner.py:76} INFO - Running: ['airflow', 'tasks', 'run', 'our_first_dag_v5', 'first_task', '2023-01-29T00:00:00+00:00', '--job-id', '6608', '--pool', 'default_pool', '--raw', '--subdir', 'DAGS_FOLDER/our_first_dag.py', '--cfg-path', '/tmp/tmpbchcik0z', '--error-file', '/tmp/tmp5_ftcskx']
[2024-06-24 14:27:21,845] {standard_task_runner.py:77} INFO - Job 6608: Subtask first_task
[2024-06-24 14:27:22,147] {logging_mixin.py:104} INFO - Running <TaskInstance: our_first_dag_v5.first_task 2023-01-29T00:00:00+00:00 [running]> on host 799b1e36e3f1
[2024-06-24 14:27:22,274] {taskinstance.py:1257} INFO - Exporting the following env vars:
AIRFLOW_CTX_DAG_OWNER=coder2j
AIRFLOW_CTX_DAG_ID=our_first_dag_v5
AIRFLOW_CTX_TASK_ID=first_task
AIRFLOW_CTX_EXECUTION_DATE=2023-01-29T00:00:00+00:00
AIRFLOW_CTX_DAG_RUN_ID=scheduled__2023-01-29T00:00:00+00:00
[2024-06-24 14:27:22,277] {bash.py:135} INFO - Tmp dir root location: 
 /tmp
[2024-06-24 14:27:22,278] {bash.py:158} INFO - Running command: echo hello world, this is the first task!
[2024-06-24 14:27:22,310] {bash.py:169} INFO - Output:
[2024-06-24 14:27:22,318] {bash.py:173} INFO - hello world, this is the first task!
[2024-06-24 14:27:22,326] {bash.py:177} INFO - Command exited with return code 0
[2024-06-24 14:27:22,476] {taskinstance.py:1166} INFO - Marking task as SUCCESS. dag_id=our_first_dag_v5, task_id=first_task, execution_date=20230129T000000, start_date=20240624T142721, end_date=20240624T142722
[2024-06-24 14:27:22,623] {taskinstance.py:1220} INFO - 2 downstream tasks scheduled from follow-on schedule check
[2024-06-24 14:27:22,681] {local_task_job.py:146} INFO - Task exited with return code 0
