[2024-06-24 15:04:32,333] {taskinstance.py:851} INFO - Dependencies all met for <TaskInstance: dag_with_taskflow_api_v02.get_name 2024-05-04T00:00:00+00:00 [queued]>
[2024-06-24 15:04:32,360] {taskinstance.py:851} INFO - Dependencies all met for <TaskInstance: dag_with_taskflow_api_v02.get_name 2024-05-04T00:00:00+00:00 [queued]>
[2024-06-24 15:04:32,374] {taskinstance.py:1042} INFO - 
--------------------------------------------------------------------------------
[2024-06-24 15:04:32,383] {taskinstance.py:1043} INFO - Starting attempt 1 of 6
[2024-06-24 15:04:32,385] {taskinstance.py:1044} INFO - 
--------------------------------------------------------------------------------
[2024-06-24 15:04:32,456] {taskinstance.py:1063} INFO - Executing <Task(_PythonDecoratedOperator): get_name> on 2024-05-04T00:00:00+00:00
[2024-06-24 15:04:32,464] {standard_task_runner.py:52} INFO - Started process 32242 to run task
[2024-06-24 15:04:32,490] {standard_task_runner.py:76} INFO - Running: ['airflow', 'tasks', 'run', 'dag_with_taskflow_api_v02', 'get_name', '2024-05-04T00:00:00+00:00', '--job-id', '11143', '--pool', 'default_pool', '--raw', '--subdir', 'DAGS_FOLDER/dag_with_taskflow_api.py', '--cfg-path', '/tmp/tmpm5_gpb7e', '--error-file', '/tmp/tmpu8bfjgj_']
[2024-06-24 15:04:32,509] {standard_task_runner.py:77} INFO - Job 11143: Subtask get_name
[2024-06-24 15:04:32,878] {logging_mixin.py:104} INFO - Running <TaskInstance: dag_with_taskflow_api_v02.get_name 2024-05-04T00:00:00+00:00 [running]> on host 799b1e36e3f1
[2024-06-24 15:04:33,131] {taskinstance.py:1257} INFO - Exporting the following env vars:
AIRFLOW_CTX_DAG_OWNER=coder2j
AIRFLOW_CTX_DAG_ID=dag_with_taskflow_api_v02
AIRFLOW_CTX_TASK_ID=get_name
AIRFLOW_CTX_EXECUTION_DATE=2024-05-04T00:00:00+00:00
AIRFLOW_CTX_DAG_RUN_ID=scheduled__2024-05-04T00:00:00+00:00
[2024-06-24 15:04:33,483] {taskinstance.py:1166} INFO - Marking task as SUCCESS. dag_id=dag_with_taskflow_api_v02, task_id=get_name, execution_date=20240504T000000, start_date=20240624T150432, end_date=20240624T150433
[2024-06-24 15:04:33,791] {taskinstance.py:1220} INFO - 0 downstream tasks scheduled from follow-on schedule check
[2024-06-24 15:04:33,843] {local_task_job.py:146} INFO - Task exited with return code 0
