[2024-08-22 15:45:04,575] {scheduler_job.py:182} INFO - Started process (PID=3640) to work on /opt/airflow/dags/currency_rates_dag.py
[2024-08-22 15:45:04,578] {scheduler_job.py:629} INFO - Processing file /opt/airflow/dags/currency_rates_dag.py for tasks to queue
[2024-08-22 15:45:04,581] {logging_mixin.py:104} INFO - [2024-08-22 15:45:04,580] {dagbag.py:448} INFO - Filling up the DagBag from /opt/airflow/dags/currency_rates_dag.py
[2024-08-22 15:45:04,615] {scheduler_job.py:639} INFO - DAG(s) dict_keys(['charts_of_account_DAG_2min']) retrieved from /opt/airflow/dags/currency_rates_dag.py
[2024-08-22 15:45:04,640] {logging_mixin.py:104} INFO - [2024-08-22 15:45:04,640] {dag.py:1818} INFO - Sync 1 DAGs
[2024-08-22 15:45:04,674] {logging_mixin.py:104} INFO - [2024-08-22 15:45:04,674] {dag.py:2273} INFO - Setting next_dagrun for charts_of_account_DAG_2min to 2024-08-22T16:00:00+00:00
[2024-08-22 15:45:04,690] {scheduler_job.py:190} INFO - Processing /opt/airflow/dags/currency_rates_dag.py took 0.123 seconds
[2024-08-22 15:45:14,883] {scheduler_job.py:182} INFO - Started process (PID=3732) to work on /opt/airflow/dags/currency_rates_dag.py
[2024-08-22 15:45:14,888] {scheduler_job.py:629} INFO - Processing file /opt/airflow/dags/currency_rates_dag.py for tasks to queue
[2024-08-22 15:45:14,891] {logging_mixin.py:104} INFO - [2024-08-22 15:45:14,890] {dagbag.py:448} INFO - Filling up the DagBag from /opt/airflow/dags/currency_rates_dag.py
[2024-08-22 15:45:14,922] {scheduler_job.py:639} INFO - DAG(s) dict_keys(['charts_of_account_DAG_2min']) retrieved from /opt/airflow/dags/currency_rates_dag.py
[2024-08-22 15:45:14,952] {logging_mixin.py:104} INFO - [2024-08-22 15:45:14,952] {dag.py:1818} INFO - Sync 1 DAGs
[2024-08-22 15:45:14,989] {logging_mixin.py:104} INFO - [2024-08-22 15:45:14,989] {dag.py:2273} INFO - Setting next_dagrun for charts_of_account_DAG_2min to 2024-08-22T16:00:00+00:00
[2024-08-22 15:45:15,005] {scheduler_job.py:190} INFO - Processing /opt/airflow/dags/currency_rates_dag.py took 0.129 seconds
[2024-08-22 15:45:25,483] {scheduler_job.py:182} INFO - Started process (PID=3827) to work on /opt/airflow/dags/currency_rates_dag.py
[2024-08-22 15:45:25,487] {scheduler_job.py:629} INFO - Processing file /opt/airflow/dags/currency_rates_dag.py for tasks to queue
[2024-08-22 15:45:25,489] {logging_mixin.py:104} INFO - [2024-08-22 15:45:25,488] {dagbag.py:448} INFO - Filling up the DagBag from /opt/airflow/dags/currency_rates_dag.py
[2024-08-22 15:45:25,525] {scheduler_job.py:639} INFO - DAG(s) dict_keys(['charts_of_account_DAG_2min']) retrieved from /opt/airflow/dags/currency_rates_dag.py
[2024-08-22 15:45:25,570] {logging_mixin.py:104} INFO - [2024-08-22 15:45:25,570] {dag.py:1818} INFO - Sync 1 DAGs
[2024-08-22 15:45:25,618] {logging_mixin.py:104} INFO - [2024-08-22 15:45:25,618] {dag.py:2273} INFO - Setting next_dagrun for charts_of_account_DAG_2min to 2024-08-22T16:00:00+00:00
[2024-08-22 15:45:25,634] {scheduler_job.py:190} INFO - Processing /opt/airflow/dags/currency_rates_dag.py took 0.159 seconds
[2024-08-22 15:45:35,744] {scheduler_job.py:182} INFO - Started process (PID=3917) to work on /opt/airflow/dags/currency_rates_dag.py
[2024-08-22 15:45:35,747] {scheduler_job.py:629} INFO - Processing file /opt/airflow/dags/currency_rates_dag.py for tasks to queue
[2024-08-22 15:45:35,749] {logging_mixin.py:104} INFO - [2024-08-22 15:45:35,749] {dagbag.py:448} INFO - Filling up the DagBag from /opt/airflow/dags/currency_rates_dag.py
[2024-08-22 15:45:35,776] {scheduler_job.py:639} INFO - DAG(s) dict_keys(['charts_of_account_DAG_2min']) retrieved from /opt/airflow/dags/currency_rates_dag.py
[2024-08-22 15:45:35,820] {logging_mixin.py:104} INFO - [2024-08-22 15:45:35,820] {dag.py:1818} INFO - Sync 1 DAGs
[2024-08-22 15:45:35,856] {logging_mixin.py:104} INFO - [2024-08-22 15:45:35,856] {dag.py:2273} INFO - Setting next_dagrun for charts_of_account_DAG_2min to 2024-08-22T16:00:00+00:00
[2024-08-22 15:45:35,900] {scheduler_job.py:190} INFO - Processing /opt/airflow/dags/currency_rates_dag.py took 0.163 seconds
[2024-08-22 15:45:46,045] {scheduler_job.py:182} INFO - Started process (PID=4007) to work on /opt/airflow/dags/currency_rates_dag.py
[2024-08-22 15:45:46,048] {scheduler_job.py:629} INFO - Processing file /opt/airflow/dags/currency_rates_dag.py for tasks to queue
[2024-08-22 15:45:46,049] {logging_mixin.py:104} INFO - [2024-08-22 15:45:46,049] {dagbag.py:448} INFO - Filling up the DagBag from /opt/airflow/dags/currency_rates_dag.py
[2024-08-22 15:45:46,071] {scheduler_job.py:639} INFO - DAG(s) dict_keys(['charts_of_account_DAG_2min']) retrieved from /opt/airflow/dags/currency_rates_dag.py
[2024-08-22 15:45:46,107] {logging_mixin.py:104} INFO - [2024-08-22 15:45:46,107] {dag.py:1818} INFO - Sync 1 DAGs
[2024-08-22 15:45:46,144] {logging_mixin.py:104} INFO - [2024-08-22 15:45:46,144] {dag.py:2273} INFO - Setting next_dagrun for charts_of_account_DAG_2min to 2024-08-22T16:00:00+00:00
[2024-08-22 15:45:46,159] {scheduler_job.py:190} INFO - Processing /opt/airflow/dags/currency_rates_dag.py took 0.118 seconds
[2024-08-22 15:45:56,951] {scheduler_job.py:182} INFO - Started process (PID=4094) to work on /opt/airflow/dags/currency_rates_dag.py
[2024-08-22 15:45:56,954] {scheduler_job.py:629} INFO - Processing file /opt/airflow/dags/currency_rates_dag.py for tasks to queue
[2024-08-22 15:45:56,956] {logging_mixin.py:104} INFO - [2024-08-22 15:45:56,956] {dagbag.py:448} INFO - Filling up the DagBag from /opt/airflow/dags/currency_rates_dag.py
[2024-08-22 15:45:56,982] {scheduler_job.py:639} INFO - DAG(s) dict_keys(['charts_of_account_DAG_2min']) retrieved from /opt/airflow/dags/currency_rates_dag.py
[2024-08-22 15:45:57,009] {logging_mixin.py:104} INFO - [2024-08-22 15:45:57,009] {dag.py:1818} INFO - Sync 1 DAGs
[2024-08-22 15:45:57,039] {logging_mixin.py:104} INFO - [2024-08-22 15:45:57,039] {dag.py:2273} INFO - Setting next_dagrun for charts_of_account_DAG_2min to 2024-08-22T16:00:00+00:00
[2024-08-22 15:45:57,054] {scheduler_job.py:190} INFO - Processing /opt/airflow/dags/currency_rates_dag.py took 0.111 seconds
[2024-08-22 15:46:07,777] {scheduler_job.py:182} INFO - Started process (PID=4186) to work on /opt/airflow/dags/currency_rates_dag.py
[2024-08-22 15:46:07,779] {scheduler_job.py:629} INFO - Processing file /opt/airflow/dags/currency_rates_dag.py for tasks to queue
[2024-08-22 15:46:07,781] {logging_mixin.py:104} INFO - [2024-08-22 15:46:07,781] {dagbag.py:448} INFO - Filling up the DagBag from /opt/airflow/dags/currency_rates_dag.py
[2024-08-22 15:46:07,798] {scheduler_job.py:639} INFO - DAG(s) dict_keys(['charts_of_account_DAG_2min']) retrieved from /opt/airflow/dags/currency_rates_dag.py
[2024-08-22 15:46:07,826] {logging_mixin.py:104} INFO - [2024-08-22 15:46:07,825] {dag.py:1818} INFO - Sync 1 DAGs
[2024-08-22 15:46:07,890] {logging_mixin.py:104} INFO - [2024-08-22 15:46:07,890] {dag.py:2273} INFO - Setting next_dagrun for charts_of_account_DAG_2min to 2024-08-22T16:00:00+00:00
[2024-08-22 15:46:07,903] {scheduler_job.py:190} INFO - Processing /opt/airflow/dags/currency_rates_dag.py took 0.130 seconds
[2024-08-22 15:46:18,503] {scheduler_job.py:182} INFO - Started process (PID=4276) to work on /opt/airflow/dags/currency_rates_dag.py
[2024-08-22 15:46:18,506] {scheduler_job.py:629} INFO - Processing file /opt/airflow/dags/currency_rates_dag.py for tasks to queue
[2024-08-22 15:46:18,508] {logging_mixin.py:104} INFO - [2024-08-22 15:46:18,508] {dagbag.py:448} INFO - Filling up the DagBag from /opt/airflow/dags/currency_rates_dag.py
[2024-08-22 15:46:18,531] {scheduler_job.py:639} INFO - DAG(s) dict_keys(['charts_of_account_DAG_2min']) retrieved from /opt/airflow/dags/currency_rates_dag.py
[2024-08-22 15:46:18,557] {logging_mixin.py:104} INFO - [2024-08-22 15:46:18,557] {dag.py:1818} INFO - Sync 1 DAGs
[2024-08-22 15:46:18,585] {logging_mixin.py:104} INFO - [2024-08-22 15:46:18,585] {dag.py:2273} INFO - Setting next_dagrun for charts_of_account_DAG_2min to 2024-08-22T16:00:00+00:00
[2024-08-22 15:46:18,598] {scheduler_job.py:190} INFO - Processing /opt/airflow/dags/currency_rates_dag.py took 0.099 seconds
[2024-08-22 15:46:29,357] {scheduler_job.py:182} INFO - Started process (PID=4366) to work on /opt/airflow/dags/currency_rates_dag.py
[2024-08-22 15:46:29,360] {scheduler_job.py:629} INFO - Processing file /opt/airflow/dags/currency_rates_dag.py for tasks to queue
[2024-08-22 15:46:29,361] {logging_mixin.py:104} INFO - [2024-08-22 15:46:29,361] {dagbag.py:448} INFO - Filling up the DagBag from /opt/airflow/dags/currency_rates_dag.py
[2024-08-22 15:46:29,380] {scheduler_job.py:639} INFO - DAG(s) dict_keys(['charts_of_account_DAG_2min']) retrieved from /opt/airflow/dags/currency_rates_dag.py
[2024-08-22 15:46:29,402] {logging_mixin.py:104} INFO - [2024-08-22 15:46:29,402] {dag.py:1818} INFO - Sync 1 DAGs
[2024-08-22 15:46:29,427] {logging_mixin.py:104} INFO - [2024-08-22 15:46:29,427] {dag.py:2273} INFO - Setting next_dagrun for charts_of_account_DAG_2min to 2024-08-22T16:00:00+00:00
[2024-08-22 15:46:29,440] {scheduler_job.py:190} INFO - Processing /opt/airflow/dags/currency_rates_dag.py took 0.088 seconds
[2024-08-22 15:46:40,084] {scheduler_job.py:182} INFO - Started process (PID=4456) to work on /opt/airflow/dags/currency_rates_dag.py
[2024-08-22 15:46:40,087] {scheduler_job.py:629} INFO - Processing file /opt/airflow/dags/currency_rates_dag.py for tasks to queue
[2024-08-22 15:46:40,090] {logging_mixin.py:104} INFO - [2024-08-22 15:46:40,089] {dagbag.py:448} INFO - Filling up the DagBag from /opt/airflow/dags/currency_rates_dag.py
[2024-08-22 15:46:40,122] {scheduler_job.py:639} INFO - DAG(s) dict_keys(['charts_of_account_DAG_2min']) retrieved from /opt/airflow/dags/currency_rates_dag.py
[2024-08-22 15:46:40,168] {logging_mixin.py:104} INFO - [2024-08-22 15:46:40,168] {dag.py:1818} INFO - Sync 1 DAGs
[2024-08-22 15:46:40,325] {logging_mixin.py:104} INFO - [2024-08-22 15:46:40,325] {dag.py:2273} INFO - Setting next_dagrun for charts_of_account_DAG_2min to 2024-08-22T16:00:00+00:00
[2024-08-22 15:46:40,353] {scheduler_job.py:190} INFO - Processing /opt/airflow/dags/currency_rates_dag.py took 0.275 seconds
[2024-08-22 15:46:50,419] {scheduler_job.py:182} INFO - Started process (PID=4544) to work on /opt/airflow/dags/currency_rates_dag.py
[2024-08-22 15:46:50,422] {scheduler_job.py:629} INFO - Processing file /opt/airflow/dags/currency_rates_dag.py for tasks to queue
[2024-08-22 15:46:50,424] {logging_mixin.py:104} INFO - [2024-08-22 15:46:50,424] {dagbag.py:448} INFO - Filling up the DagBag from /opt/airflow/dags/currency_rates_dag.py
[2024-08-22 15:46:50,446] {scheduler_job.py:639} INFO - DAG(s) dict_keys(['charts_of_account_DAG_2min']) retrieved from /opt/airflow/dags/currency_rates_dag.py
[2024-08-22 15:46:50,471] {logging_mixin.py:104} INFO - [2024-08-22 15:46:50,471] {dag.py:1818} INFO - Sync 1 DAGs
[2024-08-22 15:46:50,503] {logging_mixin.py:104} INFO - [2024-08-22 15:46:50,503] {dag.py:2273} INFO - Setting next_dagrun for charts_of_account_DAG_2min to 2024-08-22T16:00:00+00:00
[2024-08-22 15:46:50,515] {scheduler_job.py:190} INFO - Processing /opt/airflow/dags/currency_rates_dag.py took 0.102 seconds
[2024-08-22 15:47:01,412] {scheduler_job.py:182} INFO - Started process (PID=4636) to work on /opt/airflow/dags/currency_rates_dag.py
[2024-08-22 15:47:01,416] {scheduler_job.py:629} INFO - Processing file /opt/airflow/dags/currency_rates_dag.py for tasks to queue
[2024-08-22 15:47:01,418] {logging_mixin.py:104} INFO - [2024-08-22 15:47:01,418] {dagbag.py:448} INFO - Filling up the DagBag from /opt/airflow/dags/currency_rates_dag.py
[2024-08-22 15:47:01,441] {scheduler_job.py:639} INFO - DAG(s) dict_keys(['charts_of_account_DAG_2min']) retrieved from /opt/airflow/dags/currency_rates_dag.py
[2024-08-22 15:47:01,473] {logging_mixin.py:104} INFO - [2024-08-22 15:47:01,473] {dag.py:1818} INFO - Sync 1 DAGs
[2024-08-22 15:47:01,541] {logging_mixin.py:104} INFO - [2024-08-22 15:47:01,541] {dag.py:2273} INFO - Setting next_dagrun for charts_of_account_DAG_2min to 2024-08-22T16:00:00+00:00
[2024-08-22 15:47:01,556] {scheduler_job.py:190} INFO - Processing /opt/airflow/dags/currency_rates_dag.py took 0.149 seconds
[2024-08-22 15:47:12,306] {scheduler_job.py:182} INFO - Started process (PID=4726) to work on /opt/airflow/dags/currency_rates_dag.py
[2024-08-22 15:47:12,310] {scheduler_job.py:629} INFO - Processing file /opt/airflow/dags/currency_rates_dag.py for tasks to queue
[2024-08-22 15:47:12,311] {logging_mixin.py:104} INFO - [2024-08-22 15:47:12,311] {dagbag.py:448} INFO - Filling up the DagBag from /opt/airflow/dags/currency_rates_dag.py
[2024-08-22 15:47:12,337] {scheduler_job.py:639} INFO - DAG(s) dict_keys(['charts_of_account_DAG_2min']) retrieved from /opt/airflow/dags/currency_rates_dag.py
[2024-08-22 15:47:12,378] {logging_mixin.py:104} INFO - [2024-08-22 15:47:12,378] {dag.py:1818} INFO - Sync 1 DAGs
[2024-08-22 15:47:12,407] {logging_mixin.py:104} INFO - [2024-08-22 15:47:12,407] {dag.py:2273} INFO - Setting next_dagrun for charts_of_account_DAG_2min to 2024-08-22T16:00:00+00:00
[2024-08-22 15:47:12,421] {scheduler_job.py:190} INFO - Processing /opt/airflow/dags/currency_rates_dag.py took 0.121 seconds
[2024-08-22 15:47:23,335] {scheduler_job.py:182} INFO - Started process (PID=4816) to work on /opt/airflow/dags/currency_rates_dag.py
[2024-08-22 15:47:23,341] {scheduler_job.py:629} INFO - Processing file /opt/airflow/dags/currency_rates_dag.py for tasks to queue
[2024-08-22 15:47:23,345] {logging_mixin.py:104} INFO - [2024-08-22 15:47:23,344] {dagbag.py:448} INFO - Filling up the DagBag from /opt/airflow/dags/currency_rates_dag.py
[2024-08-22 15:47:23,442] {scheduler_job.py:639} INFO - DAG(s) dict_keys(['charts_of_account_DAG_2min']) retrieved from /opt/airflow/dags/currency_rates_dag.py
[2024-08-22 15:47:23,507] {logging_mixin.py:104} INFO - [2024-08-22 15:47:23,507] {dag.py:1818} INFO - Sync 1 DAGs
[2024-08-22 15:47:23,546] {logging_mixin.py:104} INFO - [2024-08-22 15:47:23,546] {dag.py:2273} INFO - Setting next_dagrun for charts_of_account_DAG_2min to 2024-08-22T16:00:00+00:00
[2024-08-22 15:47:23,565] {scheduler_job.py:190} INFO - Processing /opt/airflow/dags/currency_rates_dag.py took 0.240 seconds
[2024-08-22 15:47:33,871] {scheduler_job.py:182} INFO - Started process (PID=4904) to work on /opt/airflow/dags/currency_rates_dag.py
[2024-08-22 15:47:33,873] {scheduler_job.py:629} INFO - Processing file /opt/airflow/dags/currency_rates_dag.py for tasks to queue
[2024-08-22 15:47:33,874] {logging_mixin.py:104} INFO - [2024-08-22 15:47:33,874] {dagbag.py:448} INFO - Filling up the DagBag from /opt/airflow/dags/currency_rates_dag.py
[2024-08-22 15:47:33,899] {scheduler_job.py:639} INFO - DAG(s) dict_keys(['charts_of_account_DAG_2min']) retrieved from /opt/airflow/dags/currency_rates_dag.py
[2024-08-22 15:47:33,923] {logging_mixin.py:104} INFO - [2024-08-22 15:47:33,923] {dag.py:1818} INFO - Sync 1 DAGs
[2024-08-22 15:47:33,955] {logging_mixin.py:104} INFO - [2024-08-22 15:47:33,955] {dag.py:2273} INFO - Setting next_dagrun for charts_of_account_DAG_2min to 2024-08-22T16:00:00+00:00
[2024-08-22 15:47:33,967] {scheduler_job.py:190} INFO - Processing /opt/airflow/dags/currency_rates_dag.py took 0.102 seconds
[2024-08-22 15:47:44,862] {scheduler_job.py:182} INFO - Started process (PID=4996) to work on /opt/airflow/dags/currency_rates_dag.py
[2024-08-22 15:47:44,864] {scheduler_job.py:629} INFO - Processing file /opt/airflow/dags/currency_rates_dag.py for tasks to queue
[2024-08-22 15:47:44,866] {logging_mixin.py:104} INFO - [2024-08-22 15:47:44,866] {dagbag.py:448} INFO - Filling up the DagBag from /opt/airflow/dags/currency_rates_dag.py
[2024-08-22 15:47:44,886] {scheduler_job.py:639} INFO - DAG(s) dict_keys(['charts_of_account_DAG_2min']) retrieved from /opt/airflow/dags/currency_rates_dag.py
[2024-08-22 15:47:44,926] {logging_mixin.py:104} INFO - [2024-08-22 15:47:44,926] {dag.py:1818} INFO - Sync 1 DAGs
[2024-08-22 15:47:44,992] {logging_mixin.py:104} INFO - [2024-08-22 15:47:44,992] {dag.py:2273} INFO - Setting next_dagrun for charts_of_account_DAG_2min to 2024-08-22T16:00:00+00:00
[2024-08-22 15:47:45,011] {scheduler_job.py:190} INFO - Processing /opt/airflow/dags/currency_rates_dag.py took 0.155 seconds
[2024-08-22 15:47:55,749] {scheduler_job.py:182} INFO - Started process (PID=5087) to work on /opt/airflow/dags/currency_rates_dag.py
[2024-08-22 15:47:55,755] {scheduler_job.py:629} INFO - Processing file /opt/airflow/dags/currency_rates_dag.py for tasks to queue
[2024-08-22 15:47:55,757] {logging_mixin.py:104} INFO - [2024-08-22 15:47:55,757] {dagbag.py:448} INFO - Filling up the DagBag from /opt/airflow/dags/currency_rates_dag.py
[2024-08-22 15:47:55,797] {scheduler_job.py:639} INFO - DAG(s) dict_keys(['charts_of_account_DAG_2min']) retrieved from /opt/airflow/dags/currency_rates_dag.py
[2024-08-22 15:47:55,838] {logging_mixin.py:104} INFO - [2024-08-22 15:47:55,838] {dag.py:1818} INFO - Sync 1 DAGs
[2024-08-22 15:47:55,889] {logging_mixin.py:104} INFO - [2024-08-22 15:47:55,889] {dag.py:2273} INFO - Setting next_dagrun for charts_of_account_DAG_2min to 2024-08-22T16:00:00+00:00
[2024-08-22 15:47:55,907] {scheduler_job.py:190} INFO - Processing /opt/airflow/dags/currency_rates_dag.py took 0.166 seconds
[2024-08-22 15:48:06,634] {scheduler_job.py:182} INFO - Started process (PID=5178) to work on /opt/airflow/dags/currency_rates_dag.py
[2024-08-22 15:48:06,636] {scheduler_job.py:629} INFO - Processing file /opt/airflow/dags/currency_rates_dag.py for tasks to queue
[2024-08-22 15:48:06,637] {logging_mixin.py:104} INFO - [2024-08-22 15:48:06,637] {dagbag.py:448} INFO - Filling up the DagBag from /opt/airflow/dags/currency_rates_dag.py
[2024-08-22 15:48:06,658] {scheduler_job.py:639} INFO - DAG(s) dict_keys(['charts_of_account_DAG_2min']) retrieved from /opt/airflow/dags/currency_rates_dag.py
[2024-08-22 15:48:06,685] {logging_mixin.py:104} INFO - [2024-08-22 15:48:06,685] {dag.py:1818} INFO - Sync 1 DAGs
[2024-08-22 15:48:06,762] {logging_mixin.py:104} INFO - [2024-08-22 15:48:06,762] {dag.py:2273} INFO - Setting next_dagrun for charts_of_account_DAG_2min to 2024-08-22T16:00:00+00:00
[2024-08-22 15:48:06,790] {scheduler_job.py:190} INFO - Processing /opt/airflow/dags/currency_rates_dag.py took 0.162 seconds
[2024-08-22 15:48:17,613] {scheduler_job.py:182} INFO - Started process (PID=5268) to work on /opt/airflow/dags/currency_rates_dag.py
[2024-08-22 15:48:17,616] {scheduler_job.py:629} INFO - Processing file /opt/airflow/dags/currency_rates_dag.py for tasks to queue
[2024-08-22 15:48:17,618] {logging_mixin.py:104} INFO - [2024-08-22 15:48:17,617] {dagbag.py:448} INFO - Filling up the DagBag from /opt/airflow/dags/currency_rates_dag.py
[2024-08-22 15:48:17,637] {scheduler_job.py:639} INFO - DAG(s) dict_keys(['charts_of_account_DAG_2min']) retrieved from /opt/airflow/dags/currency_rates_dag.py
[2024-08-22 15:48:17,669] {logging_mixin.py:104} INFO - [2024-08-22 15:48:17,669] {dag.py:1818} INFO - Sync 1 DAGs
[2024-08-22 15:48:17,699] {logging_mixin.py:104} INFO - [2024-08-22 15:48:17,699] {dag.py:2273} INFO - Setting next_dagrun for charts_of_account_DAG_2min to 2024-08-22T16:00:00+00:00
[2024-08-22 15:48:17,711] {scheduler_job.py:190} INFO - Processing /opt/airflow/dags/currency_rates_dag.py took 0.103 seconds
[2024-08-22 15:48:28,430] {scheduler_job.py:182} INFO - Started process (PID=5358) to work on /opt/airflow/dags/currency_rates_dag.py
[2024-08-22 15:48:28,435] {scheduler_job.py:629} INFO - Processing file /opt/airflow/dags/currency_rates_dag.py for tasks to queue
[2024-08-22 15:48:28,468] {logging_mixin.py:104} INFO - [2024-08-22 15:48:28,468] {dagbag.py:448} INFO - Filling up the DagBag from /opt/airflow/dags/currency_rates_dag.py
[2024-08-22 15:48:28,492] {scheduler_job.py:639} INFO - DAG(s) dict_keys(['charts_of_account_DAG_2min']) retrieved from /opt/airflow/dags/currency_rates_dag.py
[2024-08-22 15:48:28,516] {logging_mixin.py:104} INFO - [2024-08-22 15:48:28,515] {dag.py:1818} INFO - Sync 1 DAGs
[2024-08-22 15:48:28,584] {logging_mixin.py:104} INFO - [2024-08-22 15:48:28,583] {dag.py:2273} INFO - Setting next_dagrun for charts_of_account_DAG_2min to 2024-08-22T16:00:00+00:00
[2024-08-22 15:48:28,599] {scheduler_job.py:190} INFO - Processing /opt/airflow/dags/currency_rates_dag.py took 0.174 seconds
[2024-08-22 15:48:39,501] {scheduler_job.py:182} INFO - Started process (PID=5448) to work on /opt/airflow/dags/currency_rates_dag.py
[2024-08-22 15:48:39,504] {scheduler_job.py:629} INFO - Processing file /opt/airflow/dags/currency_rates_dag.py for tasks to queue
[2024-08-22 15:48:39,507] {logging_mixin.py:104} INFO - [2024-08-22 15:48:39,506] {dagbag.py:448} INFO - Filling up the DagBag from /opt/airflow/dags/currency_rates_dag.py
[2024-08-22 15:48:39,529] {scheduler_job.py:639} INFO - DAG(s) dict_keys(['charts_of_account_DAG_2min']) retrieved from /opt/airflow/dags/currency_rates_dag.py
[2024-08-22 15:48:39,562] {logging_mixin.py:104} INFO - [2024-08-22 15:48:39,562] {dag.py:1818} INFO - Sync 1 DAGs
[2024-08-22 15:48:39,633] {logging_mixin.py:104} INFO - [2024-08-22 15:48:39,633] {dag.py:2273} INFO - Setting next_dagrun for charts_of_account_DAG_2min to 2024-08-22T16:00:00+00:00
[2024-08-22 15:48:39,647] {scheduler_job.py:190} INFO - Processing /opt/airflow/dags/currency_rates_dag.py took 0.152 seconds
[2024-08-22 15:49:48,060] {scheduler_job.py:182} INFO - Started process (PID=194) to work on /opt/airflow/dags/currency_rates_dag.py
[2024-08-22 15:49:48,063] {scheduler_job.py:629} INFO - Processing file /opt/airflow/dags/currency_rates_dag.py for tasks to queue
[2024-08-22 15:49:48,066] {logging_mixin.py:104} INFO - [2024-08-22 15:49:48,066] {dagbag.py:448} INFO - Filling up the DagBag from /opt/airflow/dags/currency_rates_dag.py
[2024-08-22 15:49:48,101] {scheduler_job.py:639} INFO - DAG(s) dict_keys(['charts_of_account_DAG_2min']) retrieved from /opt/airflow/dags/currency_rates_dag.py
[2024-08-22 15:49:48,136] {logging_mixin.py:104} INFO - [2024-08-22 15:49:48,136] {dag.py:1818} INFO - Sync 1 DAGs
[2024-08-22 15:49:48,204] {logging_mixin.py:104} INFO - [2024-08-22 15:49:48,203] {dag.py:2273} INFO - Setting next_dagrun for charts_of_account_DAG_2min to 2024-08-22T16:00:00+00:00
[2024-08-22 15:49:48,225] {scheduler_job.py:190} INFO - Processing /opt/airflow/dags/currency_rates_dag.py took 0.173 seconds
[2024-08-22 15:49:59,292] {scheduler_job.py:182} INFO - Started process (PID=289) to work on /opt/airflow/dags/currency_rates_dag.py
[2024-08-22 15:49:59,294] {scheduler_job.py:629} INFO - Processing file /opt/airflow/dags/currency_rates_dag.py for tasks to queue
[2024-08-22 15:49:59,295] {logging_mixin.py:104} INFO - [2024-08-22 15:49:59,295] {dagbag.py:448} INFO - Filling up the DagBag from /opt/airflow/dags/currency_rates_dag.py
[2024-08-22 15:49:59,322] {scheduler_job.py:639} INFO - DAG(s) dict_keys(['charts_of_account_DAG_2min']) retrieved from /opt/airflow/dags/currency_rates_dag.py
[2024-08-22 15:49:59,353] {logging_mixin.py:104} INFO - [2024-08-22 15:49:59,353] {dag.py:1818} INFO - Sync 1 DAGs
[2024-08-22 15:49:59,385] {logging_mixin.py:104} INFO - [2024-08-22 15:49:59,385] {dag.py:2273} INFO - Setting next_dagrun for charts_of_account_DAG_2min to 2024-08-22T16:00:00+00:00
[2024-08-22 15:49:59,399] {scheduler_job.py:190} INFO - Processing /opt/airflow/dags/currency_rates_dag.py took 0.113 seconds
[2024-08-22 15:50:10,197] {scheduler_job.py:182} INFO - Started process (PID=376) to work on /opt/airflow/dags/currency_rates_dag.py
[2024-08-22 15:50:10,199] {scheduler_job.py:629} INFO - Processing file /opt/airflow/dags/currency_rates_dag.py for tasks to queue
[2024-08-22 15:50:10,200] {logging_mixin.py:104} INFO - [2024-08-22 15:50:10,200] {dagbag.py:448} INFO - Filling up the DagBag from /opt/airflow/dags/currency_rates_dag.py
[2024-08-22 15:50:10,225] {scheduler_job.py:639} INFO - DAG(s) dict_keys(['charts_of_account_DAG_2min']) retrieved from /opt/airflow/dags/currency_rates_dag.py
[2024-08-22 15:50:10,252] {logging_mixin.py:104} INFO - [2024-08-22 15:50:10,252] {dag.py:1818} INFO - Sync 1 DAGs
[2024-08-22 15:50:10,284] {logging_mixin.py:104} INFO - [2024-08-22 15:50:10,283] {dag.py:2273} INFO - Setting next_dagrun for charts_of_account_DAG_2min to 2024-08-22T16:00:00+00:00
[2024-08-22 15:50:10,297] {scheduler_job.py:190} INFO - Processing /opt/airflow/dags/currency_rates_dag.py took 0.105 seconds
[2024-08-22 15:50:21,079] {scheduler_job.py:182} INFO - Started process (PID=461) to work on /opt/airflow/dags/currency_rates_dag.py
[2024-08-22 15:50:21,081] {scheduler_job.py:629} INFO - Processing file /opt/airflow/dags/currency_rates_dag.py for tasks to queue
[2024-08-22 15:50:21,083] {logging_mixin.py:104} INFO - [2024-08-22 15:50:21,083] {dagbag.py:448} INFO - Filling up the DagBag from /opt/airflow/dags/currency_rates_dag.py
[2024-08-22 15:50:21,109] {scheduler_job.py:639} INFO - DAG(s) dict_keys(['charts_of_account_DAG_2min']) retrieved from /opt/airflow/dags/currency_rates_dag.py
[2024-08-22 15:50:21,138] {logging_mixin.py:104} INFO - [2024-08-22 15:50:21,138] {dag.py:1818} INFO - Sync 1 DAGs
[2024-08-22 15:50:21,174] {logging_mixin.py:104} INFO - [2024-08-22 15:50:21,174] {dag.py:2273} INFO - Setting next_dagrun for charts_of_account_DAG_2min to 2024-08-22T16:00:00+00:00
[2024-08-22 15:50:21,187] {scheduler_job.py:190} INFO - Processing /opt/airflow/dags/currency_rates_dag.py took 0.113 seconds
[2024-08-22 15:50:32,005] {scheduler_job.py:182} INFO - Started process (PID=546) to work on /opt/airflow/dags/currency_rates_dag.py
[2024-08-22 15:50:32,007] {scheduler_job.py:629} INFO - Processing file /opt/airflow/dags/currency_rates_dag.py for tasks to queue
[2024-08-22 15:50:32,008] {logging_mixin.py:104} INFO - [2024-08-22 15:50:32,008] {dagbag.py:448} INFO - Filling up the DagBag from /opt/airflow/dags/currency_rates_dag.py
[2024-08-22 15:50:32,035] {scheduler_job.py:639} INFO - DAG(s) dict_keys(['charts_of_account_DAG_2min']) retrieved from /opt/airflow/dags/currency_rates_dag.py
[2024-08-22 15:50:32,063] {logging_mixin.py:104} INFO - [2024-08-22 15:50:32,063] {dag.py:1818} INFO - Sync 1 DAGs
[2024-08-22 15:50:32,097] {logging_mixin.py:104} INFO - [2024-08-22 15:50:32,097] {dag.py:2273} INFO - Setting next_dagrun for charts_of_account_DAG_2min to 2024-08-22T16:00:00+00:00
[2024-08-22 15:50:32,110] {scheduler_job.py:190} INFO - Processing /opt/airflow/dags/currency_rates_dag.py took 0.111 seconds
[2024-08-22 15:50:42,892] {scheduler_job.py:182} INFO - Started process (PID=631) to work on /opt/airflow/dags/currency_rates_dag.py
[2024-08-22 15:50:42,894] {scheduler_job.py:629} INFO - Processing file /opt/airflow/dags/currency_rates_dag.py for tasks to queue
[2024-08-22 15:50:42,896] {logging_mixin.py:104} INFO - [2024-08-22 15:50:42,896] {dagbag.py:448} INFO - Filling up the DagBag from /opt/airflow/dags/currency_rates_dag.py
[2024-08-22 15:50:42,925] {scheduler_job.py:639} INFO - DAG(s) dict_keys(['charts_of_account_DAG_2min']) retrieved from /opt/airflow/dags/currency_rates_dag.py
[2024-08-22 15:50:42,963] {logging_mixin.py:104} INFO - [2024-08-22 15:50:42,963] {dag.py:1818} INFO - Sync 1 DAGs
[2024-08-22 15:50:43,010] {logging_mixin.py:104} INFO - [2024-08-22 15:50:43,010] {dag.py:2273} INFO - Setting next_dagrun for charts_of_account_DAG_2min to 2024-08-22T16:00:00+00:00
[2024-08-22 15:50:43,031] {scheduler_job.py:190} INFO - Processing /opt/airflow/dags/currency_rates_dag.py took 0.145 seconds
[2024-08-22 15:50:54,226] {scheduler_job.py:182} INFO - Started process (PID=716) to work on /opt/airflow/dags/currency_rates_dag.py
[2024-08-22 15:50:54,230] {scheduler_job.py:629} INFO - Processing file /opt/airflow/dags/currency_rates_dag.py for tasks to queue
[2024-08-22 15:50:54,234] {logging_mixin.py:104} INFO - [2024-08-22 15:50:54,233] {dagbag.py:448} INFO - Filling up the DagBag from /opt/airflow/dags/currency_rates_dag.py
[2024-08-22 15:50:54,286] {scheduler_job.py:639} INFO - DAG(s) dict_keys(['charts_of_account_DAG_2min']) retrieved from /opt/airflow/dags/currency_rates_dag.py
[2024-08-22 15:50:54,333] {logging_mixin.py:104} INFO - [2024-08-22 15:50:54,333] {dag.py:1818} INFO - Sync 1 DAGs
[2024-08-22 15:50:54,398] {logging_mixin.py:104} INFO - [2024-08-22 15:50:54,398] {dag.py:2273} INFO - Setting next_dagrun for charts_of_account_DAG_2min to 2024-08-22T16:00:00+00:00
[2024-08-22 15:50:54,420] {scheduler_job.py:190} INFO - Processing /opt/airflow/dags/currency_rates_dag.py took 0.202 seconds
[2024-08-22 15:51:05,281] {scheduler_job.py:182} INFO - Started process (PID=801) to work on /opt/airflow/dags/currency_rates_dag.py
[2024-08-22 15:51:05,288] {scheduler_job.py:629} INFO - Processing file /opt/airflow/dags/currency_rates_dag.py for tasks to queue
[2024-08-22 15:51:05,291] {logging_mixin.py:104} INFO - [2024-08-22 15:51:05,290] {dagbag.py:448} INFO - Filling up the DagBag from /opt/airflow/dags/currency_rates_dag.py
[2024-08-22 15:51:05,368] {scheduler_job.py:639} INFO - DAG(s) dict_keys(['charts_of_account_DAG_2min']) retrieved from /opt/airflow/dags/currency_rates_dag.py
[2024-08-22 15:51:05,488] {logging_mixin.py:104} INFO - [2024-08-22 15:51:05,488] {dag.py:1818} INFO - Sync 1 DAGs
[2024-08-22 15:51:05,589] {logging_mixin.py:104} INFO - [2024-08-22 15:51:05,589] {dag.py:2273} INFO - Setting next_dagrun for charts_of_account_DAG_2min to 2024-08-22T16:00:00+00:00
[2024-08-22 15:51:05,611] {scheduler_job.py:190} INFO - Processing /opt/airflow/dags/currency_rates_dag.py took 0.340 seconds
[2024-08-22 15:51:15,928] {scheduler_job.py:182} INFO - Started process (PID=888) to work on /opt/airflow/dags/currency_rates_dag.py
[2024-08-22 15:51:15,931] {scheduler_job.py:629} INFO - Processing file /opt/airflow/dags/currency_rates_dag.py for tasks to queue
[2024-08-22 15:51:15,933] {logging_mixin.py:104} INFO - [2024-08-22 15:51:15,932] {dagbag.py:448} INFO - Filling up the DagBag from /opt/airflow/dags/currency_rates_dag.py
[2024-08-22 15:51:15,977] {scheduler_job.py:639} INFO - DAG(s) dict_keys(['charts_of_account_DAG_2min']) retrieved from /opt/airflow/dags/currency_rates_dag.py
[2024-08-22 15:51:16,012] {logging_mixin.py:104} INFO - [2024-08-22 15:51:16,012] {dag.py:1818} INFO - Sync 1 DAGs
[2024-08-22 15:51:16,053] {logging_mixin.py:104} INFO - [2024-08-22 15:51:16,053] {dag.py:2273} INFO - Setting next_dagrun for charts_of_account_DAG_2min to 2024-08-22T16:00:00+00:00
[2024-08-22 15:51:16,067] {scheduler_job.py:190} INFO - Processing /opt/airflow/dags/currency_rates_dag.py took 0.145 seconds
[2024-08-22 15:51:26,218] {scheduler_job.py:182} INFO - Started process (PID=973) to work on /opt/airflow/dags/currency_rates_dag.py
[2024-08-22 15:51:26,220] {scheduler_job.py:629} INFO - Processing file /opt/airflow/dags/currency_rates_dag.py for tasks to queue
[2024-08-22 15:51:26,222] {logging_mixin.py:104} INFO - [2024-08-22 15:51:26,221] {dagbag.py:448} INFO - Filling up the DagBag from /opt/airflow/dags/currency_rates_dag.py
[2024-08-22 15:51:26,251] {scheduler_job.py:639} INFO - DAG(s) dict_keys(['charts_of_account_DAG_2min']) retrieved from /opt/airflow/dags/currency_rates_dag.py
[2024-08-22 15:51:26,274] {logging_mixin.py:104} INFO - [2024-08-22 15:51:26,274] {dag.py:1818} INFO - Sync 1 DAGs
[2024-08-22 15:51:26,306] {logging_mixin.py:104} INFO - [2024-08-22 15:51:26,306] {dag.py:2273} INFO - Setting next_dagrun for charts_of_account_DAG_2min to 2024-08-22T16:00:00+00:00
[2024-08-22 15:51:26,318] {scheduler_job.py:190} INFO - Processing /opt/airflow/dags/currency_rates_dag.py took 0.105 seconds
[2024-08-22 15:51:37,013] {scheduler_job.py:182} INFO - Started process (PID=1055) to work on /opt/airflow/dags/currency_rates_dag.py
[2024-08-22 15:51:37,016] {scheduler_job.py:629} INFO - Processing file /opt/airflow/dags/currency_rates_dag.py for tasks to queue
[2024-08-22 15:51:37,017] {logging_mixin.py:104} INFO - [2024-08-22 15:51:37,017] {dagbag.py:448} INFO - Filling up the DagBag from /opt/airflow/dags/currency_rates_dag.py
[2024-08-22 15:51:37,043] {scheduler_job.py:639} INFO - DAG(s) dict_keys(['charts_of_account_DAG_2min']) retrieved from /opt/airflow/dags/currency_rates_dag.py
[2024-08-22 15:51:37,063] {logging_mixin.py:104} INFO - [2024-08-22 15:51:37,063] {dag.py:1818} INFO - Sync 1 DAGs
[2024-08-22 15:51:37,092] {logging_mixin.py:104} INFO - [2024-08-22 15:51:37,092] {dag.py:2273} INFO - Setting next_dagrun for charts_of_account_DAG_2min to 2024-08-22T16:00:00+00:00
[2024-08-22 15:51:37,104] {scheduler_job.py:190} INFO - Processing /opt/airflow/dags/currency_rates_dag.py took 0.095 seconds
[2024-08-22 15:51:47,848] {scheduler_job.py:182} INFO - Started process (PID=1141) to work on /opt/airflow/dags/currency_rates_dag.py
[2024-08-22 15:51:47,865] {scheduler_job.py:629} INFO - Processing file /opt/airflow/dags/currency_rates_dag.py for tasks to queue
[2024-08-22 15:51:47,867] {logging_mixin.py:104} INFO - [2024-08-22 15:51:47,867] {dagbag.py:448} INFO - Filling up the DagBag from /opt/airflow/dags/currency_rates_dag.py
[2024-08-22 15:51:47,912] {scheduler_job.py:639} INFO - DAG(s) dict_keys(['charts_of_account_DAG_2min']) retrieved from /opt/airflow/dags/currency_rates_dag.py
[2024-08-22 15:51:47,938] {logging_mixin.py:104} INFO - [2024-08-22 15:51:47,938] {dag.py:1818} INFO - Sync 1 DAGs
[2024-08-22 15:51:47,979] {logging_mixin.py:104} INFO - [2024-08-22 15:51:47,979] {dag.py:2273} INFO - Setting next_dagrun for charts_of_account_DAG_2min to 2024-08-22T16:00:00+00:00
[2024-08-22 15:51:47,994] {scheduler_job.py:190} INFO - Processing /opt/airflow/dags/currency_rates_dag.py took 0.151 seconds
[2024-08-22 15:51:58,776] {scheduler_job.py:182} INFO - Started process (PID=1225) to work on /opt/airflow/dags/currency_rates_dag.py
[2024-08-22 15:51:58,779] {scheduler_job.py:629} INFO - Processing file /opt/airflow/dags/currency_rates_dag.py for tasks to queue
[2024-08-22 15:51:58,780] {logging_mixin.py:104} INFO - [2024-08-22 15:51:58,780] {dagbag.py:448} INFO - Filling up the DagBag from /opt/airflow/dags/currency_rates_dag.py
[2024-08-22 15:51:58,814] {scheduler_job.py:639} INFO - DAG(s) dict_keys(['charts_of_account_DAG_2min']) retrieved from /opt/airflow/dags/currency_rates_dag.py
[2024-08-22 15:51:58,868] {logging_mixin.py:104} INFO - [2024-08-22 15:51:58,868] {dag.py:1818} INFO - Sync 1 DAGs
[2024-08-22 15:51:58,919] {logging_mixin.py:104} INFO - [2024-08-22 15:51:58,919] {dag.py:2273} INFO - Setting next_dagrun for charts_of_account_DAG_2min to 2024-08-22T16:00:00+00:00
[2024-08-22 15:51:58,945] {scheduler_job.py:190} INFO - Processing /opt/airflow/dags/currency_rates_dag.py took 0.175 seconds
[2024-08-22 15:52:09,815] {scheduler_job.py:182} INFO - Started process (PID=1312) to work on /opt/airflow/dags/currency_rates_dag.py
[2024-08-22 15:52:09,818] {scheduler_job.py:629} INFO - Processing file /opt/airflow/dags/currency_rates_dag.py for tasks to queue
[2024-08-22 15:52:09,819] {logging_mixin.py:104} INFO - [2024-08-22 15:52:09,819] {dagbag.py:448} INFO - Filling up the DagBag from /opt/airflow/dags/currency_rates_dag.py
[2024-08-22 15:52:09,857] {scheduler_job.py:639} INFO - DAG(s) dict_keys(['CURRENCY_RATES_T24_ERP']) retrieved from /opt/airflow/dags/currency_rates_dag.py
[2024-08-22 15:52:09,893] {logging_mixin.py:104} INFO - [2024-08-22 15:52:09,893] {dag.py:1818} INFO - Sync 1 DAGs
[2024-08-22 15:52:09,909] {logging_mixin.py:104} INFO - [2024-08-22 15:52:09,909] {dag.py:1837} INFO - Creating ORM DAG for CURRENCY_RATES_T24_ERP
[2024-08-22 15:52:09,935] {logging_mixin.py:104} INFO - [2024-08-22 15:52:09,935] {dag.py:2273} INFO - Setting next_dagrun for CURRENCY_RATES_T24_ERP to 2024-08-22T14:00:00+00:00
[2024-08-22 15:52:09,958] {scheduler_job.py:190} INFO - Processing /opt/airflow/dags/currency_rates_dag.py took 0.149 seconds
[2024-08-22 15:52:20,688] {scheduler_job.py:182} INFO - Started process (PID=1398) to work on /opt/airflow/dags/currency_rates_dag.py
[2024-08-22 15:52:20,691] {scheduler_job.py:629} INFO - Processing file /opt/airflow/dags/currency_rates_dag.py for tasks to queue
[2024-08-22 15:52:20,693] {logging_mixin.py:104} INFO - [2024-08-22 15:52:20,692] {dagbag.py:448} INFO - Filling up the DagBag from /opt/airflow/dags/currency_rates_dag.py
[2024-08-22 15:52:20,734] {scheduler_job.py:639} INFO - DAG(s) dict_keys(['CURRENCY_RATES_T24_ERP']) retrieved from /opt/airflow/dags/currency_rates_dag.py
[2024-08-22 15:52:20,768] {logging_mixin.py:104} INFO - [2024-08-22 15:52:20,768] {dag.py:1818} INFO - Sync 1 DAGs
[2024-08-22 15:52:20,829] {logging_mixin.py:104} INFO - [2024-08-22 15:52:20,828] {dag.py:2273} INFO - Setting next_dagrun for CURRENCY_RATES_T24_ERP to 2024-08-22T14:00:00+00:00
[2024-08-22 15:52:20,847] {scheduler_job.py:190} INFO - Processing /opt/airflow/dags/currency_rates_dag.py took 0.166 seconds
[2024-08-22 15:52:31,607] {scheduler_job.py:182} INFO - Started process (PID=1482) to work on /opt/airflow/dags/currency_rates_dag.py
[2024-08-22 15:52:31,611] {scheduler_job.py:629} INFO - Processing file /opt/airflow/dags/currency_rates_dag.py for tasks to queue
[2024-08-22 15:52:31,613] {logging_mixin.py:104} INFO - [2024-08-22 15:52:31,613] {dagbag.py:448} INFO - Filling up the DagBag from /opt/airflow/dags/currency_rates_dag.py
[2024-08-22 15:52:31,643] {scheduler_job.py:639} INFO - DAG(s) dict_keys(['CURRENCY_RATES_T24_ERP']) retrieved from /opt/airflow/dags/currency_rates_dag.py
[2024-08-22 15:52:31,666] {logging_mixin.py:104} INFO - [2024-08-22 15:52:31,666] {dag.py:1818} INFO - Sync 1 DAGs
[2024-08-22 15:52:31,708] {logging_mixin.py:104} INFO - [2024-08-22 15:52:31,708] {dag.py:2273} INFO - Setting next_dagrun for CURRENCY_RATES_T24_ERP to 2024-08-22T14:00:00+00:00
[2024-08-22 15:52:31,719] {scheduler_job.py:190} INFO - Processing /opt/airflow/dags/currency_rates_dag.py took 0.116 seconds
[2024-08-22 15:52:42,485] {scheduler_job.py:182} INFO - Started process (PID=1567) to work on /opt/airflow/dags/currency_rates_dag.py
[2024-08-22 15:52:42,486] {scheduler_job.py:629} INFO - Processing file /opt/airflow/dags/currency_rates_dag.py for tasks to queue
[2024-08-22 15:52:42,488] {logging_mixin.py:104} INFO - [2024-08-22 15:52:42,488] {dagbag.py:448} INFO - Filling up the DagBag from /opt/airflow/dags/currency_rates_dag.py
[2024-08-22 15:52:42,526] {scheduler_job.py:639} INFO - DAG(s) dict_keys(['CURRENCY_RATES_T24_ERP']) retrieved from /opt/airflow/dags/currency_rates_dag.py
[2024-08-22 15:52:42,578] {logging_mixin.py:104} INFO - [2024-08-22 15:52:42,578] {dag.py:1818} INFO - Sync 1 DAGs
[2024-08-22 15:52:42,642] {logging_mixin.py:104} INFO - [2024-08-22 15:52:42,642] {dag.py:2273} INFO - Setting next_dagrun for CURRENCY_RATES_T24_ERP to 2024-08-22T14:00:00+00:00
[2024-08-22 15:52:42,663] {scheduler_job.py:190} INFO - Processing /opt/airflow/dags/currency_rates_dag.py took 0.184 seconds
[2024-08-22 15:52:52,992] {scheduler_job.py:182} INFO - Started process (PID=1650) to work on /opt/airflow/dags/currency_rates_dag.py
[2024-08-22 15:52:52,995] {scheduler_job.py:629} INFO - Processing file /opt/airflow/dags/currency_rates_dag.py for tasks to queue
[2024-08-22 15:52:52,996] {logging_mixin.py:104} INFO - [2024-08-22 15:52:52,996] {dagbag.py:448} INFO - Filling up the DagBag from /opt/airflow/dags/currency_rates_dag.py
[2024-08-22 15:52:53,036] {scheduler_job.py:639} INFO - DAG(s) dict_keys(['CURRENCY_RATES_T24_ERP']) retrieved from /opt/airflow/dags/currency_rates_dag.py
[2024-08-22 15:52:53,071] {logging_mixin.py:104} INFO - [2024-08-22 15:52:53,071] {dag.py:1818} INFO - Sync 1 DAGs
[2024-08-22 15:52:53,141] {logging_mixin.py:104} INFO - [2024-08-22 15:52:53,141] {dag.py:2273} INFO - Setting next_dagrun for CURRENCY_RATES_T24_ERP to 2024-08-22T14:00:00+00:00
[2024-08-22 15:52:53,193] {scheduler_job.py:190} INFO - Processing /opt/airflow/dags/currency_rates_dag.py took 0.206 seconds
[2024-08-22 15:53:03,261] {scheduler_job.py:182} INFO - Started process (PID=1735) to work on /opt/airflow/dags/currency_rates_dag.py
[2024-08-22 15:53:03,263] {scheduler_job.py:629} INFO - Processing file /opt/airflow/dags/currency_rates_dag.py for tasks to queue
[2024-08-22 15:53:03,265] {logging_mixin.py:104} INFO - [2024-08-22 15:53:03,265] {dagbag.py:448} INFO - Filling up the DagBag from /opt/airflow/dags/currency_rates_dag.py
[2024-08-22 15:53:03,292] {scheduler_job.py:639} INFO - DAG(s) dict_keys(['CURRENCY_RATES_T24_ERP']) retrieved from /opt/airflow/dags/currency_rates_dag.py
[2024-08-22 15:53:03,324] {logging_mixin.py:104} INFO - [2024-08-22 15:53:03,324] {dag.py:1818} INFO - Sync 1 DAGs
[2024-08-22 15:53:03,360] {logging_mixin.py:104} INFO - [2024-08-22 15:53:03,360] {dag.py:2273} INFO - Setting next_dagrun for CURRENCY_RATES_T24_ERP to 2024-08-22T14:00:00+00:00
[2024-08-22 15:53:03,371] {scheduler_job.py:190} INFO - Processing /opt/airflow/dags/currency_rates_dag.py took 0.114 seconds
[2024-08-22 15:53:14,302] {scheduler_job.py:182} INFO - Started process (PID=1825) to work on /opt/airflow/dags/currency_rates_dag.py
[2024-08-22 15:53:14,305] {scheduler_job.py:629} INFO - Processing file /opt/airflow/dags/currency_rates_dag.py for tasks to queue
[2024-08-22 15:53:14,307] {logging_mixin.py:104} INFO - [2024-08-22 15:53:14,307] {dagbag.py:448} INFO - Filling up the DagBag from /opt/airflow/dags/currency_rates_dag.py
[2024-08-22 15:53:14,339] {scheduler_job.py:639} INFO - DAG(s) dict_keys(['CURRENCY_RATES_T24_ERP']) retrieved from /opt/airflow/dags/currency_rates_dag.py
[2024-08-22 15:53:14,373] {logging_mixin.py:104} INFO - [2024-08-22 15:53:14,373] {dag.py:1818} INFO - Sync 1 DAGs
[2024-08-22 15:53:14,408] {logging_mixin.py:104} INFO - [2024-08-22 15:53:14,408] {dag.py:2273} INFO - Setting next_dagrun for CURRENCY_RATES_T24_ERP to 2024-08-22T14:00:00+00:00
[2024-08-22 15:53:14,419] {scheduler_job.py:190} INFO - Processing /opt/airflow/dags/currency_rates_dag.py took 0.123 seconds
[2024-08-22 15:53:25,210] {scheduler_job.py:182} INFO - Started process (PID=1910) to work on /opt/airflow/dags/currency_rates_dag.py
[2024-08-22 15:53:25,212] {scheduler_job.py:629} INFO - Processing file /opt/airflow/dags/currency_rates_dag.py for tasks to queue
[2024-08-22 15:53:25,214] {logging_mixin.py:104} INFO - [2024-08-22 15:53:25,214] {dagbag.py:448} INFO - Filling up the DagBag from /opt/airflow/dags/currency_rates_dag.py
[2024-08-22 15:53:25,242] {scheduler_job.py:639} INFO - DAG(s) dict_keys(['CURRENCY_RATES_T24_ERP']) retrieved from /opt/airflow/dags/currency_rates_dag.py
[2024-08-22 15:53:25,276] {logging_mixin.py:104} INFO - [2024-08-22 15:53:25,276] {dag.py:1818} INFO - Sync 1 DAGs
[2024-08-22 15:53:25,315] {logging_mixin.py:104} INFO - [2024-08-22 15:53:25,314] {dag.py:2273} INFO - Setting next_dagrun for CURRENCY_RATES_T24_ERP to 2024-08-22T14:00:00+00:00
[2024-08-22 15:53:25,326] {scheduler_job.py:190} INFO - Processing /opt/airflow/dags/currency_rates_dag.py took 0.121 seconds
[2024-08-22 15:53:36,154] {scheduler_job.py:182} INFO - Started process (PID=1993) to work on /opt/airflow/dags/currency_rates_dag.py
[2024-08-22 15:53:36,156] {scheduler_job.py:629} INFO - Processing file /opt/airflow/dags/currency_rates_dag.py for tasks to queue
[2024-08-22 15:53:36,158] {logging_mixin.py:104} INFO - [2024-08-22 15:53:36,157] {dagbag.py:448} INFO - Filling up the DagBag from /opt/airflow/dags/currency_rates_dag.py
[2024-08-22 15:53:36,190] {scheduler_job.py:639} INFO - DAG(s) dict_keys(['CURRENCY_RATES_T24_ERP']) retrieved from /opt/airflow/dags/currency_rates_dag.py
[2024-08-22 15:53:36,229] {logging_mixin.py:104} INFO - [2024-08-22 15:53:36,229] {dag.py:1818} INFO - Sync 1 DAGs
[2024-08-22 15:53:36,275] {logging_mixin.py:104} INFO - [2024-08-22 15:53:36,275] {dag.py:2273} INFO - Setting next_dagrun for CURRENCY_RATES_T24_ERP to 2024-08-22T14:00:00+00:00
[2024-08-22 15:53:36,288] {scheduler_job.py:190} INFO - Processing /opt/airflow/dags/currency_rates_dag.py took 0.140 seconds
[2024-08-22 15:53:46,529] {scheduler_job.py:182} INFO - Started process (PID=2080) to work on /opt/airflow/dags/currency_rates_dag.py
[2024-08-22 15:53:46,532] {scheduler_job.py:629} INFO - Processing file /opt/airflow/dags/currency_rates_dag.py for tasks to queue
[2024-08-22 15:53:46,535] {logging_mixin.py:104} INFO - [2024-08-22 15:53:46,535] {dagbag.py:448} INFO - Filling up the DagBag from /opt/airflow/dags/currency_rates_dag.py
[2024-08-22 15:53:46,585] {scheduler_job.py:639} INFO - DAG(s) dict_keys(['CURRENCY_RATES_T24_ERP']) retrieved from /opt/airflow/dags/currency_rates_dag.py
[2024-08-22 15:53:46,661] {logging_mixin.py:104} INFO - [2024-08-22 15:53:46,661] {dag.py:1818} INFO - Sync 1 DAGs
[2024-08-22 15:53:46,737] {logging_mixin.py:104} INFO - [2024-08-22 15:53:46,736] {dag.py:2273} INFO - Setting next_dagrun for CURRENCY_RATES_T24_ERP to 2024-08-22T14:00:00+00:00
[2024-08-22 15:53:46,762] {scheduler_job.py:190} INFO - Processing /opt/airflow/dags/currency_rates_dag.py took 0.239 seconds
[2024-08-22 15:53:57,060] {scheduler_job.py:182} INFO - Started process (PID=2175) to work on /opt/airflow/dags/currency_rates_dag.py
[2024-08-22 15:53:57,065] {scheduler_job.py:629} INFO - Processing file /opt/airflow/dags/currency_rates_dag.py for tasks to queue
[2024-08-22 15:53:57,068] {logging_mixin.py:104} INFO - [2024-08-22 15:53:57,067] {dagbag.py:448} INFO - Filling up the DagBag from /opt/airflow/dags/currency_rates_dag.py
[2024-08-22 15:53:57,128] {scheduler_job.py:639} INFO - DAG(s) dict_keys(['CURRENCY_RATES_T24_ERP']) retrieved from /opt/airflow/dags/currency_rates_dag.py
[2024-08-22 15:53:57,205] {logging_mixin.py:104} INFO - [2024-08-22 15:53:57,205] {dag.py:1818} INFO - Sync 1 DAGs
[2024-08-22 15:53:57,265] {logging_mixin.py:104} INFO - [2024-08-22 15:53:57,265] {dag.py:2273} INFO - Setting next_dagrun for CURRENCY_RATES_T24_ERP to 2024-08-22T14:00:00+00:00
[2024-08-22 15:53:57,289] {scheduler_job.py:190} INFO - Processing /opt/airflow/dags/currency_rates_dag.py took 0.246 seconds
[2024-08-22 15:54:08,186] {scheduler_job.py:182} INFO - Started process (PID=2282) to work on /opt/airflow/dags/currency_rates_dag.py
[2024-08-22 15:54:08,188] {scheduler_job.py:629} INFO - Processing file /opt/airflow/dags/currency_rates_dag.py for tasks to queue
[2024-08-22 15:54:08,190] {logging_mixin.py:104} INFO - [2024-08-22 15:54:08,190] {dagbag.py:448} INFO - Filling up the DagBag from /opt/airflow/dags/currency_rates_dag.py
[2024-08-22 15:54:08,219] {scheduler_job.py:639} INFO - DAG(s) dict_keys(['CURRENCY_RATES_T24_ERP']) retrieved from /opt/airflow/dags/currency_rates_dag.py
[2024-08-22 15:54:08,250] {logging_mixin.py:104} INFO - [2024-08-22 15:54:08,250] {dag.py:1818} INFO - Sync 1 DAGs
[2024-08-22 15:54:08,280] {logging_mixin.py:104} INFO - [2024-08-22 15:54:08,280] {dag.py:2273} INFO - Setting next_dagrun for CURRENCY_RATES_T24_ERP to 2024-08-22T15:00:00+00:00
[2024-08-22 15:54:08,291] {scheduler_job.py:190} INFO - Processing /opt/airflow/dags/currency_rates_dag.py took 0.111 seconds
[2024-08-22 15:54:19,113] {scheduler_job.py:182} INFO - Started process (PID=2369) to work on /opt/airflow/dags/currency_rates_dag.py
[2024-08-22 15:54:19,115] {scheduler_job.py:629} INFO - Processing file /opt/airflow/dags/currency_rates_dag.py for tasks to queue
[2024-08-22 15:54:19,118] {logging_mixin.py:104} INFO - [2024-08-22 15:54:19,118] {dagbag.py:448} INFO - Filling up the DagBag from /opt/airflow/dags/currency_rates_dag.py
[2024-08-22 15:54:19,149] {scheduler_job.py:639} INFO - DAG(s) dict_keys(['CURRENCY_RATES_T24_ERP']) retrieved from /opt/airflow/dags/currency_rates_dag.py
[2024-08-22 15:54:19,186] {logging_mixin.py:104} INFO - [2024-08-22 15:54:19,185] {dag.py:1818} INFO - Sync 1 DAGs
[2024-08-22 15:54:19,217] {logging_mixin.py:104} INFO - [2024-08-22 15:54:19,217] {dag.py:2273} INFO - Setting next_dagrun for CURRENCY_RATES_T24_ERP to 2024-08-22T15:00:00+00:00
[2024-08-22 15:54:19,229] {scheduler_job.py:190} INFO - Processing /opt/airflow/dags/currency_rates_dag.py took 0.122 seconds
[2024-08-22 15:54:40,272] {scheduler_job.py:182} INFO - Started process (PID=2435) to work on /opt/airflow/dags/currency_rates_dag.py
[2024-08-22 15:54:40,274] {scheduler_job.py:629} INFO - Processing file /opt/airflow/dags/currency_rates_dag.py for tasks to queue
[2024-08-22 15:54:40,276] {logging_mixin.py:104} INFO - [2024-08-22 15:54:40,275] {dagbag.py:448} INFO - Filling up the DagBag from /opt/airflow/dags/currency_rates_dag.py
[2024-08-22 15:54:40,301] {scheduler_job.py:639} INFO - DAG(s) dict_keys(['CURRENCY_RATES_T24_ERP']) retrieved from /opt/airflow/dags/currency_rates_dag.py
[2024-08-22 15:54:40,333] {logging_mixin.py:104} INFO - [2024-08-22 15:54:40,333] {dag.py:1818} INFO - Sync 1 DAGs
[2024-08-22 15:54:40,365] {logging_mixin.py:104} INFO - [2024-08-22 15:54:40,365] {dag.py:2273} INFO - Setting next_dagrun for CURRENCY_RATES_T24_ERP to 2024-08-22T15:00:00+00:00
[2024-08-22 15:54:40,382] {scheduler_job.py:190} INFO - Processing /opt/airflow/dags/currency_rates_dag.py took 0.115 seconds
[2024-08-22 15:54:51,073] {scheduler_job.py:182} INFO - Started process (PID=2520) to work on /opt/airflow/dags/currency_rates_dag.py
[2024-08-22 15:54:51,076] {scheduler_job.py:629} INFO - Processing file /opt/airflow/dags/currency_rates_dag.py for tasks to queue
[2024-08-22 15:54:51,078] {logging_mixin.py:104} INFO - [2024-08-22 15:54:51,078] {dagbag.py:448} INFO - Filling up the DagBag from /opt/airflow/dags/currency_rates_dag.py
[2024-08-22 15:54:51,106] {scheduler_job.py:639} INFO - DAG(s) dict_keys(['CURRENCY_RATES_T24_ERP']) retrieved from /opt/airflow/dags/currency_rates_dag.py
[2024-08-22 15:54:51,144] {logging_mixin.py:104} INFO - [2024-08-22 15:54:51,144] {dag.py:1818} INFO - Sync 1 DAGs
[2024-08-22 15:54:51,175] {logging_mixin.py:104} INFO - [2024-08-22 15:54:51,175] {dag.py:2273} INFO - Setting next_dagrun for CURRENCY_RATES_T24_ERP to 2024-08-22T15:00:00+00:00
[2024-08-22 15:54:51,187] {scheduler_job.py:190} INFO - Processing /opt/airflow/dags/currency_rates_dag.py took 0.121 seconds
[2024-08-22 15:55:01,895] {scheduler_job.py:182} INFO - Started process (PID=2605) to work on /opt/airflow/dags/currency_rates_dag.py
[2024-08-22 15:55:01,897] {scheduler_job.py:629} INFO - Processing file /opt/airflow/dags/currency_rates_dag.py for tasks to queue
[2024-08-22 15:55:01,898] {logging_mixin.py:104} INFO - [2024-08-22 15:55:01,898] {dagbag.py:448} INFO - Filling up the DagBag from /opt/airflow/dags/currency_rates_dag.py
[2024-08-22 15:55:01,923] {scheduler_job.py:639} INFO - DAG(s) dict_keys(['CURRENCY_RATES_T24_ERP']) retrieved from /opt/airflow/dags/currency_rates_dag.py
[2024-08-22 15:55:01,957] {logging_mixin.py:104} INFO - [2024-08-22 15:55:01,957] {dag.py:1818} INFO - Sync 1 DAGs
[2024-08-22 15:55:01,989] {logging_mixin.py:104} INFO - [2024-08-22 15:55:01,989] {dag.py:2273} INFO - Setting next_dagrun for CURRENCY_RATES_T24_ERP to 2024-08-22T15:00:00+00:00
[2024-08-22 15:55:01,999] {scheduler_job.py:190} INFO - Processing /opt/airflow/dags/currency_rates_dag.py took 0.110 seconds
[2024-08-22 15:55:12,683] {scheduler_job.py:182} INFO - Started process (PID=2690) to work on /opt/airflow/dags/currency_rates_dag.py
[2024-08-22 15:55:12,686] {scheduler_job.py:629} INFO - Processing file /opt/airflow/dags/currency_rates_dag.py for tasks to queue
[2024-08-22 15:55:12,688] {logging_mixin.py:104} INFO - [2024-08-22 15:55:12,687] {dagbag.py:448} INFO - Filling up the DagBag from /opt/airflow/dags/currency_rates_dag.py
[2024-08-22 15:55:12,713] {scheduler_job.py:639} INFO - DAG(s) dict_keys(['CURRENCY_RATES_T24_ERP']) retrieved from /opt/airflow/dags/currency_rates_dag.py
[2024-08-22 15:55:12,742] {logging_mixin.py:104} INFO - [2024-08-22 15:55:12,742] {dag.py:1818} INFO - Sync 1 DAGs
[2024-08-22 15:55:12,771] {logging_mixin.py:104} INFO - [2024-08-22 15:55:12,771] {dag.py:2273} INFO - Setting next_dagrun for CURRENCY_RATES_T24_ERP to 2024-08-22T15:00:00+00:00
[2024-08-22 15:55:12,782] {scheduler_job.py:190} INFO - Processing /opt/airflow/dags/currency_rates_dag.py took 0.104 seconds
[2024-08-22 15:55:23,686] {scheduler_job.py:182} INFO - Started process (PID=2775) to work on /opt/airflow/dags/currency_rates_dag.py
[2024-08-22 15:55:23,689] {scheduler_job.py:629} INFO - Processing file /opt/airflow/dags/currency_rates_dag.py for tasks to queue
[2024-08-22 15:55:23,691] {logging_mixin.py:104} INFO - [2024-08-22 15:55:23,691] {dagbag.py:448} INFO - Filling up the DagBag from /opt/airflow/dags/currency_rates_dag.py
[2024-08-22 15:55:23,718] {scheduler_job.py:639} INFO - DAG(s) dict_keys(['CURRENCY_RATES_T24_ERP']) retrieved from /opt/airflow/dags/currency_rates_dag.py
[2024-08-22 15:55:23,755] {logging_mixin.py:104} INFO - [2024-08-22 15:55:23,755] {dag.py:1818} INFO - Sync 1 DAGs
[2024-08-22 15:55:23,795] {logging_mixin.py:104} INFO - [2024-08-22 15:55:23,795] {dag.py:2273} INFO - Setting next_dagrun for CURRENCY_RATES_T24_ERP to 2024-08-22T15:00:00+00:00
[2024-08-22 15:55:23,809] {scheduler_job.py:190} INFO - Processing /opt/airflow/dags/currency_rates_dag.py took 0.128 seconds
[2024-08-22 15:55:34,663] {scheduler_job.py:182} INFO - Started process (PID=2860) to work on /opt/airflow/dags/currency_rates_dag.py
[2024-08-22 15:55:34,665] {scheduler_job.py:629} INFO - Processing file /opt/airflow/dags/currency_rates_dag.py for tasks to queue
[2024-08-22 15:55:34,666] {logging_mixin.py:104} INFO - [2024-08-22 15:55:34,666] {dagbag.py:448} INFO - Filling up the DagBag from /opt/airflow/dags/currency_rates_dag.py
[2024-08-22 15:55:34,700] {scheduler_job.py:639} INFO - DAG(s) dict_keys(['CURRENCY_RATES_T24_ERP']) retrieved from /opt/airflow/dags/currency_rates_dag.py
[2024-08-22 15:55:34,737] {logging_mixin.py:104} INFO - [2024-08-22 15:55:34,737] {dag.py:1818} INFO - Sync 1 DAGs
[2024-08-22 15:55:34,769] {logging_mixin.py:104} INFO - [2024-08-22 15:55:34,769] {dag.py:2273} INFO - Setting next_dagrun for CURRENCY_RATES_T24_ERP to 2024-08-22T15:00:00+00:00
[2024-08-22 15:55:34,784] {scheduler_job.py:190} INFO - Processing /opt/airflow/dags/currency_rates_dag.py took 0.127 seconds
[2024-08-22 15:55:45,681] {scheduler_job.py:182} INFO - Started process (PID=2945) to work on /opt/airflow/dags/currency_rates_dag.py
[2024-08-22 15:55:45,684] {scheduler_job.py:629} INFO - Processing file /opt/airflow/dags/currency_rates_dag.py for tasks to queue
[2024-08-22 15:55:45,687] {logging_mixin.py:104} INFO - [2024-08-22 15:55:45,687] {dagbag.py:448} INFO - Filling up the DagBag from /opt/airflow/dags/currency_rates_dag.py
[2024-08-22 15:55:45,732] {scheduler_job.py:639} INFO - DAG(s) dict_keys(['CURRENCY_RATES_T24_ERP']) retrieved from /opt/airflow/dags/currency_rates_dag.py
[2024-08-22 15:55:45,786] {logging_mixin.py:104} INFO - [2024-08-22 15:55:45,785] {dag.py:1818} INFO - Sync 1 DAGs
[2024-08-22 15:55:45,826] {logging_mixin.py:104} INFO - [2024-08-22 15:55:45,826] {dag.py:2273} INFO - Setting next_dagrun for CURRENCY_RATES_T24_ERP to 2024-08-22T15:00:00+00:00
[2024-08-22 15:55:45,842] {scheduler_job.py:190} INFO - Processing /opt/airflow/dags/currency_rates_dag.py took 0.171 seconds
[2024-08-22 15:55:56,972] {scheduler_job.py:182} INFO - Started process (PID=3040) to work on /opt/airflow/dags/currency_rates_dag.py
[2024-08-22 15:55:56,975] {scheduler_job.py:629} INFO - Processing file /opt/airflow/dags/currency_rates_dag.py for tasks to queue
[2024-08-22 15:55:56,976] {logging_mixin.py:104} INFO - [2024-08-22 15:55:56,976] {dagbag.py:448} INFO - Filling up the DagBag from /opt/airflow/dags/currency_rates_dag.py
[2024-08-22 15:55:57,007] {scheduler_job.py:639} INFO - DAG(s) dict_keys(['CURRENCY_RATES_T24_ERP']) retrieved from /opt/airflow/dags/currency_rates_dag.py
[2024-08-22 15:55:57,039] {logging_mixin.py:104} INFO - [2024-08-22 15:55:57,039] {dag.py:1818} INFO - Sync 1 DAGs
[2024-08-22 15:55:57,071] {logging_mixin.py:104} INFO - [2024-08-22 15:55:57,071] {dag.py:2273} INFO - Setting next_dagrun for CURRENCY_RATES_T24_ERP to 2024-08-22T15:00:00+00:00
[2024-08-22 15:55:57,081] {scheduler_job.py:190} INFO - Processing /opt/airflow/dags/currency_rates_dag.py took 0.114 seconds
[2024-08-22 15:56:07,857] {scheduler_job.py:182} INFO - Started process (PID=3125) to work on /opt/airflow/dags/currency_rates_dag.py
[2024-08-22 15:56:07,859] {scheduler_job.py:629} INFO - Processing file /opt/airflow/dags/currency_rates_dag.py for tasks to queue
[2024-08-22 15:56:07,861] {logging_mixin.py:104} INFO - [2024-08-22 15:56:07,861] {dagbag.py:448} INFO - Filling up the DagBag from /opt/airflow/dags/currency_rates_dag.py
[2024-08-22 15:56:07,886] {scheduler_job.py:639} INFO - DAG(s) dict_keys(['CURRENCY_RATES_T24_ERP']) retrieved from /opt/airflow/dags/currency_rates_dag.py
[2024-08-22 15:56:07,915] {logging_mixin.py:104} INFO - [2024-08-22 15:56:07,915] {dag.py:1818} INFO - Sync 1 DAGs
[2024-08-22 15:56:07,947] {logging_mixin.py:104} INFO - [2024-08-22 15:56:07,947] {dag.py:2273} INFO - Setting next_dagrun for CURRENCY_RATES_T24_ERP to 2024-08-22T15:00:00+00:00
[2024-08-22 15:56:07,959] {scheduler_job.py:190} INFO - Processing /opt/airflow/dags/currency_rates_dag.py took 0.107 seconds
[2024-08-22 15:56:18,725] {scheduler_job.py:182} INFO - Started process (PID=3210) to work on /opt/airflow/dags/currency_rates_dag.py
[2024-08-22 15:56:18,727] {scheduler_job.py:629} INFO - Processing file /opt/airflow/dags/currency_rates_dag.py for tasks to queue
[2024-08-22 15:56:18,729] {logging_mixin.py:104} INFO - [2024-08-22 15:56:18,729] {dagbag.py:448} INFO - Filling up the DagBag from /opt/airflow/dags/currency_rates_dag.py
[2024-08-22 15:56:18,754] {scheduler_job.py:639} INFO - DAG(s) dict_keys(['CURRENCY_RATES_T24_ERP']) retrieved from /opt/airflow/dags/currency_rates_dag.py
[2024-08-22 15:56:18,789] {logging_mixin.py:104} INFO - [2024-08-22 15:56:18,788] {dag.py:1818} INFO - Sync 1 DAGs
[2024-08-22 15:56:18,821] {logging_mixin.py:104} INFO - [2024-08-22 15:56:18,821] {dag.py:2273} INFO - Setting next_dagrun for CURRENCY_RATES_T24_ERP to 2024-08-22T15:00:00+00:00
[2024-08-22 15:56:18,832] {scheduler_job.py:190} INFO - Processing /opt/airflow/dags/currency_rates_dag.py took 0.111 seconds
[2024-08-22 15:56:29,641] {scheduler_job.py:182} INFO - Started process (PID=3295) to work on /opt/airflow/dags/currency_rates_dag.py
[2024-08-22 15:56:29,644] {scheduler_job.py:629} INFO - Processing file /opt/airflow/dags/currency_rates_dag.py for tasks to queue
[2024-08-22 15:56:29,645] {logging_mixin.py:104} INFO - [2024-08-22 15:56:29,645] {dagbag.py:448} INFO - Filling up the DagBag from /opt/airflow/dags/currency_rates_dag.py
[2024-08-22 15:56:29,672] {scheduler_job.py:639} INFO - DAG(s) dict_keys(['CURRENCY_RATES_T24_ERP']) retrieved from /opt/airflow/dags/currency_rates_dag.py
[2024-08-22 15:56:29,704] {logging_mixin.py:104} INFO - [2024-08-22 15:56:29,704] {dag.py:1818} INFO - Sync 1 DAGs
[2024-08-22 15:56:29,736] {logging_mixin.py:104} INFO - [2024-08-22 15:56:29,736] {dag.py:2273} INFO - Setting next_dagrun for CURRENCY_RATES_T24_ERP to 2024-08-22T15:00:00+00:00
[2024-08-22 15:56:29,748] {scheduler_job.py:190} INFO - Processing /opt/airflow/dags/currency_rates_dag.py took 0.112 seconds
[2024-08-22 15:56:40,607] {scheduler_job.py:182} INFO - Started process (PID=3380) to work on /opt/airflow/dags/currency_rates_dag.py
[2024-08-22 15:56:40,611] {scheduler_job.py:629} INFO - Processing file /opt/airflow/dags/currency_rates_dag.py for tasks to queue
[2024-08-22 15:56:40,613] {logging_mixin.py:104} INFO - [2024-08-22 15:56:40,613] {dagbag.py:448} INFO - Filling up the DagBag from /opt/airflow/dags/currency_rates_dag.py
[2024-08-22 15:56:40,644] {scheduler_job.py:639} INFO - DAG(s) dict_keys(['CURRENCY_RATES_T24_ERP']) retrieved from /opt/airflow/dags/currency_rates_dag.py
[2024-08-22 15:56:40,679] {logging_mixin.py:104} INFO - [2024-08-22 15:56:40,679] {dag.py:1818} INFO - Sync 1 DAGs
[2024-08-22 15:56:40,716] {logging_mixin.py:104} INFO - [2024-08-22 15:56:40,716] {dag.py:2273} INFO - Setting next_dagrun for CURRENCY_RATES_T24_ERP to 2024-08-22T15:00:00+00:00
[2024-08-22 15:56:40,728] {scheduler_job.py:190} INFO - Processing /opt/airflow/dags/currency_rates_dag.py took 0.126 seconds
[2024-08-22 15:56:51,679] {scheduler_job.py:182} INFO - Started process (PID=3465) to work on /opt/airflow/dags/currency_rates_dag.py
[2024-08-22 15:56:51,688] {scheduler_job.py:629} INFO - Processing file /opt/airflow/dags/currency_rates_dag.py for tasks to queue
[2024-08-22 15:56:51,691] {logging_mixin.py:104} INFO - [2024-08-22 15:56:51,690] {dagbag.py:448} INFO - Filling up the DagBag from /opt/airflow/dags/currency_rates_dag.py
[2024-08-22 15:56:51,759] {scheduler_job.py:639} INFO - DAG(s) dict_keys(['CURRENCY_RATES_T24_ERP']) retrieved from /opt/airflow/dags/currency_rates_dag.py
[2024-08-22 15:56:51,839] {logging_mixin.py:104} INFO - [2024-08-22 15:56:51,838] {dag.py:1818} INFO - Sync 1 DAGs
[2024-08-22 15:56:51,893] {logging_mixin.py:104} INFO - [2024-08-22 15:56:51,892] {dag.py:2273} INFO - Setting next_dagrun for CURRENCY_RATES_T24_ERP to 2024-08-22T15:00:00+00:00
[2024-08-22 15:56:51,911] {scheduler_job.py:190} INFO - Processing /opt/airflow/dags/currency_rates_dag.py took 0.252 seconds
[2024-08-22 15:57:02,773] {scheduler_job.py:182} INFO - Started process (PID=3552) to work on /opt/airflow/dags/currency_rates_dag.py
[2024-08-22 15:57:02,775] {scheduler_job.py:629} INFO - Processing file /opt/airflow/dags/currency_rates_dag.py for tasks to queue
[2024-08-22 15:57:02,777] {logging_mixin.py:104} INFO - [2024-08-22 15:57:02,777] {dagbag.py:448} INFO - Filling up the DagBag from /opt/airflow/dags/currency_rates_dag.py
[2024-08-22 15:57:02,801] {scheduler_job.py:639} INFO - DAG(s) dict_keys(['CURRENCY_RATES_T24_ERP']) retrieved from /opt/airflow/dags/currency_rates_dag.py
[2024-08-22 15:57:02,832] {logging_mixin.py:104} INFO - [2024-08-22 15:57:02,831] {dag.py:1818} INFO - Sync 1 DAGs
[2024-08-22 15:57:02,861] {logging_mixin.py:104} INFO - [2024-08-22 15:57:02,861] {dag.py:2273} INFO - Setting next_dagrun for CURRENCY_RATES_T24_ERP to 2024-08-22T15:00:00+00:00
[2024-08-22 15:57:02,872] {scheduler_job.py:190} INFO - Processing /opt/airflow/dags/currency_rates_dag.py took 0.104 seconds
[2024-08-22 15:57:13,666] {scheduler_job.py:182} INFO - Started process (PID=3637) to work on /opt/airflow/dags/currency_rates_dag.py
[2024-08-22 15:57:13,669] {scheduler_job.py:629} INFO - Processing file /opt/airflow/dags/currency_rates_dag.py for tasks to queue
[2024-08-22 15:57:13,670] {logging_mixin.py:104} INFO - [2024-08-22 15:57:13,670] {dagbag.py:448} INFO - Filling up the DagBag from /opt/airflow/dags/currency_rates_dag.py
[2024-08-22 15:57:13,693] {scheduler_job.py:639} INFO - DAG(s) dict_keys(['CURRENCY_RATES_T24_ERP']) retrieved from /opt/airflow/dags/currency_rates_dag.py
[2024-08-22 15:57:13,722] {logging_mixin.py:104} INFO - [2024-08-22 15:57:13,722] {dag.py:1818} INFO - Sync 1 DAGs
[2024-08-22 15:57:13,750] {logging_mixin.py:104} INFO - [2024-08-22 15:57:13,750] {dag.py:2273} INFO - Setting next_dagrun for CURRENCY_RATES_T24_ERP to 2024-08-22T15:00:00+00:00
[2024-08-22 15:57:13,760] {scheduler_job.py:190} INFO - Processing /opt/airflow/dags/currency_rates_dag.py took 0.098 seconds
[2024-08-22 15:57:24,462] {scheduler_job.py:182} INFO - Started process (PID=3722) to work on /opt/airflow/dags/currency_rates_dag.py
[2024-08-22 15:57:24,464] {scheduler_job.py:629} INFO - Processing file /opt/airflow/dags/currency_rates_dag.py for tasks to queue
[2024-08-22 15:57:24,466] {logging_mixin.py:104} INFO - [2024-08-22 15:57:24,466] {dagbag.py:448} INFO - Filling up the DagBag from /opt/airflow/dags/currency_rates_dag.py
[2024-08-22 15:57:24,493] {scheduler_job.py:639} INFO - DAG(s) dict_keys(['CURRENCY_RATES_T24_ERP']) retrieved from /opt/airflow/dags/currency_rates_dag.py
[2024-08-22 15:57:24,527] {logging_mixin.py:104} INFO - [2024-08-22 15:57:24,526] {dag.py:1818} INFO - Sync 1 DAGs
[2024-08-22 15:57:24,559] {logging_mixin.py:104} INFO - [2024-08-22 15:57:24,559] {dag.py:2273} INFO - Setting next_dagrun for CURRENCY_RATES_T24_ERP to 2024-08-22T15:00:00+00:00
[2024-08-22 15:57:24,571] {scheduler_job.py:190} INFO - Processing /opt/airflow/dags/currency_rates_dag.py took 0.114 seconds
[2024-08-22 15:57:35,547] {scheduler_job.py:182} INFO - Started process (PID=3807) to work on /opt/airflow/dags/currency_rates_dag.py
[2024-08-22 15:57:35,552] {scheduler_job.py:629} INFO - Processing file /opt/airflow/dags/currency_rates_dag.py for tasks to queue
[2024-08-22 15:57:35,556] {logging_mixin.py:104} INFO - [2024-08-22 15:57:35,556] {dagbag.py:448} INFO - Filling up the DagBag from /opt/airflow/dags/currency_rates_dag.py
[2024-08-22 15:57:35,602] {scheduler_job.py:639} INFO - DAG(s) dict_keys(['CURRENCY_RATES_T24_ERP']) retrieved from /opt/airflow/dags/currency_rates_dag.py
[2024-08-22 15:57:35,674] {logging_mixin.py:104} INFO - [2024-08-22 15:57:35,674] {dag.py:1818} INFO - Sync 1 DAGs
[2024-08-22 15:57:35,738] {logging_mixin.py:104} INFO - [2024-08-22 15:57:35,738] {dag.py:2273} INFO - Setting next_dagrun for CURRENCY_RATES_T24_ERP to 2024-08-22T15:00:00+00:00
[2024-08-22 15:57:35,760] {scheduler_job.py:190} INFO - Processing /opt/airflow/dags/currency_rates_dag.py took 0.227 seconds
[2024-08-22 15:57:45,840] {scheduler_job.py:182} INFO - Started process (PID=3892) to work on /opt/airflow/dags/currency_rates_dag.py
[2024-08-22 15:57:45,842] {scheduler_job.py:629} INFO - Processing file /opt/airflow/dags/currency_rates_dag.py for tasks to queue
[2024-08-22 15:57:45,846] {logging_mixin.py:104} INFO - [2024-08-22 15:57:45,846] {dagbag.py:448} INFO - Filling up the DagBag from /opt/airflow/dags/currency_rates_dag.py
[2024-08-22 15:57:45,872] {scheduler_job.py:639} INFO - DAG(s) dict_keys(['CURRENCY_RATES_T24_ERP']) retrieved from /opt/airflow/dags/currency_rates_dag.py
[2024-08-22 15:57:45,901] {logging_mixin.py:104} INFO - [2024-08-22 15:57:45,901] {dag.py:1818} INFO - Sync 1 DAGs
[2024-08-22 15:57:45,928] {logging_mixin.py:104} INFO - [2024-08-22 15:57:45,928] {dag.py:2273} INFO - Setting next_dagrun for CURRENCY_RATES_T24_ERP to 2024-08-22T15:00:00+00:00
[2024-08-22 15:57:45,939] {scheduler_job.py:190} INFO - Processing /opt/airflow/dags/currency_rates_dag.py took 0.106 seconds
[2024-08-22 15:57:56,822] {scheduler_job.py:182} INFO - Started process (PID=3977) to work on /opt/airflow/dags/currency_rates_dag.py
[2024-08-22 15:57:56,825] {scheduler_job.py:629} INFO - Processing file /opt/airflow/dags/currency_rates_dag.py for tasks to queue
[2024-08-22 15:57:56,827] {logging_mixin.py:104} INFO - [2024-08-22 15:57:56,826] {dagbag.py:448} INFO - Filling up the DagBag from /opt/airflow/dags/currency_rates_dag.py
[2024-08-22 15:57:56,851] {scheduler_job.py:639} INFO - DAG(s) dict_keys(['CURRENCY_RATES_T24_ERP']) retrieved from /opt/airflow/dags/currency_rates_dag.py
[2024-08-22 15:57:56,883] {logging_mixin.py:104} INFO - [2024-08-22 15:57:56,883] {dag.py:1818} INFO - Sync 1 DAGs
[2024-08-22 15:57:56,918] {logging_mixin.py:104} INFO - [2024-08-22 15:57:56,917] {dag.py:2273} INFO - Setting next_dagrun for CURRENCY_RATES_T24_ERP to 2024-08-22T15:00:00+00:00
[2024-08-22 15:57:56,929] {scheduler_job.py:190} INFO - Processing /opt/airflow/dags/currency_rates_dag.py took 0.112 seconds
[2024-08-22 15:58:07,091] {scheduler_job.py:182} INFO - Started process (PID=4052) to work on /opt/airflow/dags/currency_rates_dag.py
[2024-08-22 15:58:07,093] {scheduler_job.py:629} INFO - Processing file /opt/airflow/dags/currency_rates_dag.py for tasks to queue
[2024-08-22 15:58:07,095] {logging_mixin.py:104} INFO - [2024-08-22 15:58:07,094] {dagbag.py:448} INFO - Filling up the DagBag from /opt/airflow/dags/currency_rates_dag.py
[2024-08-22 15:58:07,121] {scheduler_job.py:639} INFO - DAG(s) dict_keys(['CURRENCY_RATES_T24_ERP']) retrieved from /opt/airflow/dags/currency_rates_dag.py
[2024-08-22 15:58:07,157] {logging_mixin.py:104} INFO - [2024-08-22 15:58:07,157] {dag.py:1818} INFO - Sync 1 DAGs
[2024-08-22 15:58:07,196] {logging_mixin.py:104} INFO - [2024-08-22 15:58:07,196] {dag.py:2273} INFO - Setting next_dagrun for CURRENCY_RATES_T24_ERP to 2024-08-22T15:00:00+00:00
[2024-08-22 15:58:07,208] {scheduler_job.py:190} INFO - Processing /opt/airflow/dags/currency_rates_dag.py took 0.122 seconds
[2024-08-22 15:58:18,077] {scheduler_job.py:182} INFO - Started process (PID=4147) to work on /opt/airflow/dags/currency_rates_dag.py
[2024-08-22 15:58:18,079] {scheduler_job.py:629} INFO - Processing file /opt/airflow/dags/currency_rates_dag.py for tasks to queue
[2024-08-22 15:58:18,081] {logging_mixin.py:104} INFO - [2024-08-22 15:58:18,080] {dagbag.py:448} INFO - Filling up the DagBag from /opt/airflow/dags/currency_rates_dag.py
[2024-08-22 15:58:18,106] {scheduler_job.py:639} INFO - DAG(s) dict_keys(['CURRENCY_RATES_T24_ERP']) retrieved from /opt/airflow/dags/currency_rates_dag.py
[2024-08-22 15:58:18,143] {logging_mixin.py:104} INFO - [2024-08-22 15:58:18,142] {dag.py:1818} INFO - Sync 1 DAGs
[2024-08-22 15:58:18,175] {logging_mixin.py:104} INFO - [2024-08-22 15:58:18,175] {dag.py:2273} INFO - Setting next_dagrun for CURRENCY_RATES_T24_ERP to 2024-08-22T15:00:00+00:00
[2024-08-22 15:58:18,190] {scheduler_job.py:190} INFO - Processing /opt/airflow/dags/currency_rates_dag.py took 0.119 seconds
[2024-08-22 15:58:29,141] {scheduler_job.py:182} INFO - Started process (PID=4230) to work on /opt/airflow/dags/currency_rates_dag.py
[2024-08-22 15:58:29,143] {scheduler_job.py:629} INFO - Processing file /opt/airflow/dags/currency_rates_dag.py for tasks to queue
[2024-08-22 15:58:29,145] {logging_mixin.py:104} INFO - [2024-08-22 15:58:29,144] {dagbag.py:448} INFO - Filling up the DagBag from /opt/airflow/dags/currency_rates_dag.py
[2024-08-22 15:58:29,174] {scheduler_job.py:639} INFO - DAG(s) dict_keys(['CURRENCY_RATES_T24_ERP']) retrieved from /opt/airflow/dags/currency_rates_dag.py
[2024-08-22 15:58:29,221] {logging_mixin.py:104} INFO - [2024-08-22 15:58:29,221] {dag.py:1818} INFO - Sync 1 DAGs
[2024-08-22 15:58:29,257] {logging_mixin.py:104} INFO - [2024-08-22 15:58:29,257] {dag.py:2273} INFO - Setting next_dagrun for CURRENCY_RATES_T24_ERP to 2024-08-22T15:00:00+00:00
[2024-08-22 15:58:29,270] {scheduler_job.py:190} INFO - Processing /opt/airflow/dags/currency_rates_dag.py took 0.135 seconds
[2024-08-22 15:58:40,189] {scheduler_job.py:182} INFO - Started process (PID=4317) to work on /opt/airflow/dags/currency_rates_dag.py
[2024-08-22 15:58:40,193] {scheduler_job.py:629} INFO - Processing file /opt/airflow/dags/currency_rates_dag.py for tasks to queue
[2024-08-22 15:58:40,196] {logging_mixin.py:104} INFO - [2024-08-22 15:58:40,196] {dagbag.py:448} INFO - Filling up the DagBag from /opt/airflow/dags/currency_rates_dag.py
[2024-08-22 15:58:40,238] {scheduler_job.py:639} INFO - DAG(s) dict_keys(['CURRENCY_RATES_T24_ERP']) retrieved from /opt/airflow/dags/currency_rates_dag.py
[2024-08-22 15:58:40,284] {logging_mixin.py:104} INFO - [2024-08-22 15:58:40,284] {dag.py:1818} INFO - Sync 1 DAGs
[2024-08-22 15:58:40,330] {logging_mixin.py:104} INFO - [2024-08-22 15:58:40,330] {dag.py:2273} INFO - Setting next_dagrun for CURRENCY_RATES_T24_ERP to 2024-08-22T15:00:00+00:00
[2024-08-22 15:58:40,346] {scheduler_job.py:190} INFO - Processing /opt/airflow/dags/currency_rates_dag.py took 0.167 seconds
[2024-08-22 15:58:50,629] {scheduler_job.py:182} INFO - Started process (PID=4402) to work on /opt/airflow/dags/currency_rates_dag.py
[2024-08-22 15:58:50,632] {scheduler_job.py:629} INFO - Processing file /opt/airflow/dags/currency_rates_dag.py for tasks to queue
[2024-08-22 15:58:50,636] {logging_mixin.py:104} INFO - [2024-08-22 15:58:50,636] {dagbag.py:448} INFO - Filling up the DagBag from /opt/airflow/dags/currency_rates_dag.py
[2024-08-22 15:58:50,702] {scheduler_job.py:639} INFO - DAG(s) dict_keys(['CURRENCY_RATES_T24_ERP']) retrieved from /opt/airflow/dags/currency_rates_dag.py
[2024-08-22 15:58:50,759] {logging_mixin.py:104} INFO - [2024-08-22 15:58:50,759] {dag.py:1818} INFO - Sync 1 DAGs
[2024-08-22 15:58:50,802] {logging_mixin.py:104} INFO - [2024-08-22 15:58:50,802] {dag.py:2273} INFO - Setting next_dagrun for CURRENCY_RATES_T24_ERP to 2024-08-22T15:00:00+00:00
[2024-08-22 15:58:50,826] {scheduler_job.py:190} INFO - Processing /opt/airflow/dags/currency_rates_dag.py took 0.209 seconds
[2024-08-22 15:59:00,880] {scheduler_job.py:182} INFO - Started process (PID=4482) to work on /opt/airflow/dags/currency_rates_dag.py
[2024-08-22 15:59:00,885] {scheduler_job.py:629} INFO - Processing file /opt/airflow/dags/currency_rates_dag.py for tasks to queue
[2024-08-22 15:59:00,891] {logging_mixin.py:104} INFO - [2024-08-22 15:59:00,891] {dagbag.py:448} INFO - Filling up the DagBag from /opt/airflow/dags/currency_rates_dag.py
[2024-08-22 15:59:00,938] {scheduler_job.py:639} INFO - DAG(s) dict_keys(['CURRENCY_RATES_T24_ERP']) retrieved from /opt/airflow/dags/currency_rates_dag.py
[2024-08-22 15:59:00,998] {logging_mixin.py:104} INFO - [2024-08-22 15:59:00,998] {dag.py:1818} INFO - Sync 1 DAGs
[2024-08-22 15:59:01,048] {logging_mixin.py:104} INFO - [2024-08-22 15:59:01,048] {dag.py:2273} INFO - Setting next_dagrun for CURRENCY_RATES_T24_ERP to 2024-08-22T15:00:00+00:00
[2024-08-22 15:59:01,069] {scheduler_job.py:190} INFO - Processing /opt/airflow/dags/currency_rates_dag.py took 0.199 seconds
[2024-08-22 15:59:12,023] {scheduler_job.py:182} INFO - Started process (PID=4569) to work on /opt/airflow/dags/currency_rates_dag.py
[2024-08-22 15:59:12,025] {scheduler_job.py:629} INFO - Processing file /opt/airflow/dags/currency_rates_dag.py for tasks to queue
[2024-08-22 15:59:12,027] {logging_mixin.py:104} INFO - [2024-08-22 15:59:12,026] {dagbag.py:448} INFO - Filling up the DagBag from /opt/airflow/dags/currency_rates_dag.py
[2024-08-22 15:59:12,052] {scheduler_job.py:639} INFO - DAG(s) dict_keys(['CURRENCY_RATES_T24_ERP']) retrieved from /opt/airflow/dags/currency_rates_dag.py
[2024-08-22 15:59:12,082] {logging_mixin.py:104} INFO - [2024-08-22 15:59:12,082] {dag.py:1818} INFO - Sync 1 DAGs
[2024-08-22 15:59:12,111] {logging_mixin.py:104} INFO - [2024-08-22 15:59:12,111] {dag.py:2273} INFO - Setting next_dagrun for CURRENCY_RATES_T24_ERP to 2024-08-22T15:00:00+00:00
[2024-08-22 15:59:12,122] {scheduler_job.py:190} INFO - Processing /opt/airflow/dags/currency_rates_dag.py took 0.104 seconds
[2024-08-22 15:59:43,472] {scheduler_job.py:182} INFO - Started process (PID=4665) to work on /opt/airflow/dags/currency_rates_dag.py
[2024-08-22 15:59:43,483] {scheduler_job.py:629} INFO - Processing file /opt/airflow/dags/currency_rates_dag.py for tasks to queue
[2024-08-22 15:59:43,488] {logging_mixin.py:104} INFO - [2024-08-22 15:59:43,487] {dagbag.py:448} INFO - Filling up the DagBag from /opt/airflow/dags/currency_rates_dag.py
[2024-08-22 15:59:43,536] {scheduler_job.py:639} INFO - DAG(s) dict_keys(['CURRENCY_RATES_T24_ERP']) retrieved from /opt/airflow/dags/currency_rates_dag.py
[2024-08-22 15:59:43,592] {logging_mixin.py:104} INFO - [2024-08-22 15:59:43,592] {dag.py:1818} INFO - Sync 1 DAGs
[2024-08-22 15:59:43,635] {logging_mixin.py:104} INFO - [2024-08-22 15:59:43,634] {dag.py:2273} INFO - Setting next_dagrun for CURRENCY_RATES_T24_ERP to 2024-08-22T15:00:00+00:00
[2024-08-22 15:59:43,647] {scheduler_job.py:190} INFO - Processing /opt/airflow/dags/currency_rates_dag.py took 0.187 seconds
[2024-08-22 15:59:53,799] {scheduler_job.py:182} INFO - Started process (PID=4755) to work on /opt/airflow/dags/currency_rates_dag.py
[2024-08-22 15:59:53,801] {scheduler_job.py:629} INFO - Processing file /opt/airflow/dags/currency_rates_dag.py for tasks to queue
[2024-08-22 15:59:53,803] {logging_mixin.py:104} INFO - [2024-08-22 15:59:53,803] {dagbag.py:448} INFO - Filling up the DagBag from /opt/airflow/dags/currency_rates_dag.py
[2024-08-22 15:59:53,839] {scheduler_job.py:639} INFO - DAG(s) dict_keys(['CURRENCY_RATES_T24_ERP']) retrieved from /opt/airflow/dags/currency_rates_dag.py
[2024-08-22 15:59:53,878] {logging_mixin.py:104} INFO - [2024-08-22 15:59:53,878] {dag.py:1818} INFO - Sync 1 DAGs
[2024-08-22 15:59:53,914] {logging_mixin.py:104} INFO - [2024-08-22 15:59:53,913] {dag.py:2273} INFO - Setting next_dagrun for CURRENCY_RATES_T24_ERP to 2024-08-22T15:00:00+00:00
[2024-08-22 15:59:53,928] {scheduler_job.py:190} INFO - Processing /opt/airflow/dags/currency_rates_dag.py took 0.134 seconds
[2024-08-22 16:00:05,193] {scheduler_job.py:182} INFO - Started process (PID=4847) to work on /opt/airflow/dags/currency_rates_dag.py
[2024-08-22 16:00:05,198] {scheduler_job.py:629} INFO - Processing file /opt/airflow/dags/currency_rates_dag.py for tasks to queue
[2024-08-22 16:00:05,200] {logging_mixin.py:104} INFO - [2024-08-22 16:00:05,200] {dagbag.py:448} INFO - Filling up the DagBag from /opt/airflow/dags/currency_rates_dag.py
[2024-08-22 16:00:05,275] {scheduler_job.py:639} INFO - DAG(s) dict_keys(['CURRENCY_RATES_T24_ERP']) retrieved from /opt/airflow/dags/currency_rates_dag.py
[2024-08-22 16:00:05,354] {logging_mixin.py:104} INFO - [2024-08-22 16:00:05,354] {dag.py:1818} INFO - Sync 1 DAGs
[2024-08-22 16:00:05,410] {logging_mixin.py:104} INFO - [2024-08-22 16:00:05,410] {dag.py:2273} INFO - Setting next_dagrun for CURRENCY_RATES_T24_ERP to 2024-08-22T15:00:00+00:00
[2024-08-22 16:00:05,427] {scheduler_job.py:190} INFO - Processing /opt/airflow/dags/currency_rates_dag.py took 0.242 seconds
[2024-08-22 16:00:15,470] {scheduler_job.py:182} INFO - Started process (PID=4937) to work on /opt/airflow/dags/currency_rates_dag.py
[2024-08-22 16:00:15,472] {scheduler_job.py:629} INFO - Processing file /opt/airflow/dags/currency_rates_dag.py for tasks to queue
[2024-08-22 16:00:15,474] {logging_mixin.py:104} INFO - [2024-08-22 16:00:15,474] {dagbag.py:448} INFO - Filling up the DagBag from /opt/airflow/dags/currency_rates_dag.py
[2024-08-22 16:00:15,514] {scheduler_job.py:639} INFO - DAG(s) dict_keys(['CURRENCY_RATES_T24_ERP']) retrieved from /opt/airflow/dags/currency_rates_dag.py
[2024-08-22 16:00:15,567] {logging_mixin.py:104} INFO - [2024-08-22 16:00:15,567] {dag.py:1818} INFO - Sync 1 DAGs
[2024-08-22 16:00:15,615] {logging_mixin.py:104} INFO - [2024-08-22 16:00:15,615] {dag.py:2273} INFO - Setting next_dagrun for CURRENCY_RATES_T24_ERP to 2024-08-22T15:00:00+00:00
[2024-08-22 16:00:15,633] {scheduler_job.py:190} INFO - Processing /opt/airflow/dags/currency_rates_dag.py took 0.169 seconds
[2024-08-22 16:00:25,824] {scheduler_job.py:182} INFO - Started process (PID=5027) to work on /opt/airflow/dags/currency_rates_dag.py
[2024-08-22 16:00:25,829] {scheduler_job.py:629} INFO - Processing file /opt/airflow/dags/currency_rates_dag.py for tasks to queue
[2024-08-22 16:00:25,831] {logging_mixin.py:104} INFO - [2024-08-22 16:00:25,830] {dagbag.py:448} INFO - Filling up the DagBag from /opt/airflow/dags/currency_rates_dag.py
[2024-08-22 16:00:25,877] {scheduler_job.py:639} INFO - DAG(s) dict_keys(['CURRENCY_RATES_T24_ERP']) retrieved from /opt/airflow/dags/currency_rates_dag.py
[2024-08-22 16:00:25,929] {logging_mixin.py:104} INFO - [2024-08-22 16:00:25,929] {dag.py:1818} INFO - Sync 1 DAGs
[2024-08-22 16:00:25,976] {logging_mixin.py:104} INFO - [2024-08-22 16:00:25,976] {dag.py:2273} INFO - Setting next_dagrun for CURRENCY_RATES_T24_ERP to 2024-08-22T15:00:00+00:00
[2024-08-22 16:00:25,988] {scheduler_job.py:190} INFO - Processing /opt/airflow/dags/currency_rates_dag.py took 0.174 seconds
[2024-08-22 16:00:36,030] {scheduler_job.py:182} INFO - Started process (PID=5117) to work on /opt/airflow/dags/currency_rates_dag.py
[2024-08-22 16:00:36,033] {scheduler_job.py:629} INFO - Processing file /opt/airflow/dags/currency_rates_dag.py for tasks to queue
[2024-08-22 16:00:36,034] {logging_mixin.py:104} INFO - [2024-08-22 16:00:36,034] {dagbag.py:448} INFO - Filling up the DagBag from /opt/airflow/dags/currency_rates_dag.py
[2024-08-22 16:00:36,064] {scheduler_job.py:639} INFO - DAG(s) dict_keys(['CURRENCY_RATES_T24_ERP']) retrieved from /opt/airflow/dags/currency_rates_dag.py
[2024-08-22 16:00:36,099] {logging_mixin.py:104} INFO - [2024-08-22 16:00:36,099] {dag.py:1818} INFO - Sync 1 DAGs
[2024-08-22 16:00:36,135] {logging_mixin.py:104} INFO - [2024-08-22 16:00:36,135] {dag.py:2273} INFO - Setting next_dagrun for CURRENCY_RATES_T24_ERP to 2024-08-22T15:00:00+00:00
[2024-08-22 16:00:36,146] {scheduler_job.py:190} INFO - Processing /opt/airflow/dags/currency_rates_dag.py took 0.124 seconds
[2024-08-22 16:02:28,385] {scheduler_job.py:182} INFO - Started process (PID=210) to work on /opt/airflow/dags/currency_rates_dag.py
[2024-08-22 16:02:28,391] {scheduler_job.py:629} INFO - Processing file /opt/airflow/dags/currency_rates_dag.py for tasks to queue
[2024-08-22 16:02:28,393] {logging_mixin.py:104} INFO - [2024-08-22 16:02:28,393] {dagbag.py:448} INFO - Filling up the DagBag from /opt/airflow/dags/currency_rates_dag.py
[2024-08-22 16:02:28,431] {scheduler_job.py:639} INFO - DAG(s) dict_keys(['CURRENCY_RATES_T24_ERP']) retrieved from /opt/airflow/dags/currency_rates_dag.py
[2024-08-22 16:02:28,490] {logging_mixin.py:104} INFO - [2024-08-22 16:02:28,489] {dag.py:1818} INFO - Sync 1 DAGs
[2024-08-22 16:02:28,555] {logging_mixin.py:104} INFO - [2024-08-22 16:02:28,555] {dag.py:2273} INFO - Setting next_dagrun for CURRENCY_RATES_T24_ERP to 2024-08-22T15:00:00+00:00
[2024-08-22 16:02:28,573] {scheduler_job.py:190} INFO - Processing /opt/airflow/dags/currency_rates_dag.py took 0.196 seconds
[2024-08-22 16:02:38,641] {scheduler_job.py:182} INFO - Started process (PID=300) to work on /opt/airflow/dags/currency_rates_dag.py
[2024-08-22 16:02:38,643] {scheduler_job.py:629} INFO - Processing file /opt/airflow/dags/currency_rates_dag.py for tasks to queue
[2024-08-22 16:02:38,644] {logging_mixin.py:104} INFO - [2024-08-22 16:02:38,644] {dagbag.py:448} INFO - Filling up the DagBag from /opt/airflow/dags/currency_rates_dag.py
[2024-08-22 16:02:38,667] {scheduler_job.py:639} INFO - DAG(s) dict_keys(['CURRENCY_RATES_T24_ERP']) retrieved from /opt/airflow/dags/currency_rates_dag.py
[2024-08-22 16:02:38,700] {logging_mixin.py:104} INFO - [2024-08-22 16:02:38,700] {dag.py:1818} INFO - Sync 1 DAGs
[2024-08-22 16:02:38,731] {logging_mixin.py:104} INFO - [2024-08-22 16:02:38,731] {dag.py:2273} INFO - Setting next_dagrun for CURRENCY_RATES_T24_ERP to 2024-08-22T15:00:00+00:00
[2024-08-22 16:02:38,742] {scheduler_job.py:190} INFO - Processing /opt/airflow/dags/currency_rates_dag.py took 0.105 seconds
[2024-08-22 16:02:49,978] {scheduler_job.py:182} INFO - Started process (PID=395) to work on /opt/airflow/dags/currency_rates_dag.py
[2024-08-22 16:02:49,982] {scheduler_job.py:629} INFO - Processing file /opt/airflow/dags/currency_rates_dag.py for tasks to queue
[2024-08-22 16:02:49,985] {logging_mixin.py:104} INFO - [2024-08-22 16:02:49,984] {dagbag.py:448} INFO - Filling up the DagBag from /opt/airflow/dags/currency_rates_dag.py
[2024-08-22 16:02:50,048] {scheduler_job.py:639} INFO - DAG(s) dict_keys(['CURRENCY_RATES_T24_ERP']) retrieved from /opt/airflow/dags/currency_rates_dag.py
[2024-08-22 16:02:50,191] {logging_mixin.py:104} INFO - [2024-08-22 16:02:50,191] {dag.py:1818} INFO - Sync 1 DAGs
[2024-08-22 16:02:50,335] {logging_mixin.py:104} INFO - [2024-08-22 16:02:50,335] {dag.py:2273} INFO - Setting next_dagrun for CURRENCY_RATES_T24_ERP to 2024-08-22T15:00:00+00:00
[2024-08-22 16:02:50,374] {scheduler_job.py:190} INFO - Processing /opt/airflow/dags/currency_rates_dag.py took 0.404 seconds
[2024-08-22 16:03:01,547] {scheduler_job.py:182} INFO - Started process (PID=515) to work on /opt/airflow/dags/currency_rates_dag.py
[2024-08-22 16:03:01,549] {scheduler_job.py:629} INFO - Processing file /opt/airflow/dags/currency_rates_dag.py for tasks to queue
[2024-08-22 16:03:01,550] {logging_mixin.py:104} INFO - [2024-08-22 16:03:01,550] {dagbag.py:448} INFO - Filling up the DagBag from /opt/airflow/dags/currency_rates_dag.py
[2024-08-22 16:03:01,577] {scheduler_job.py:639} INFO - DAG(s) dict_keys(['CURRENCY_RATES_T24_ERP']) retrieved from /opt/airflow/dags/currency_rates_dag.py
[2024-08-22 16:03:01,610] {logging_mixin.py:104} INFO - [2024-08-22 16:03:01,610] {dag.py:1818} INFO - Sync 1 DAGs
[2024-08-22 16:03:01,645] {logging_mixin.py:104} INFO - [2024-08-22 16:03:01,645] {dag.py:2273} INFO - Setting next_dagrun for CURRENCY_RATES_T24_ERP to 2024-08-22T15:00:00+00:00
[2024-08-22 16:03:01,656] {scheduler_job.py:190} INFO - Processing /opt/airflow/dags/currency_rates_dag.py took 0.114 seconds
[2024-08-22 16:03:11,702] {scheduler_job.py:182} INFO - Started process (PID=607) to work on /opt/airflow/dags/currency_rates_dag.py
[2024-08-22 16:03:11,704] {scheduler_job.py:629} INFO - Processing file /opt/airflow/dags/currency_rates_dag.py for tasks to queue
[2024-08-22 16:03:11,706] {logging_mixin.py:104} INFO - [2024-08-22 16:03:11,706] {dagbag.py:448} INFO - Filling up the DagBag from /opt/airflow/dags/currency_rates_dag.py
[2024-08-22 16:03:11,731] {scheduler_job.py:639} INFO - DAG(s) dict_keys(['CURRENCY_RATES_T24_ERP']) retrieved from /opt/airflow/dags/currency_rates_dag.py
[2024-08-22 16:03:11,762] {logging_mixin.py:104} INFO - [2024-08-22 16:03:11,762] {dag.py:1818} INFO - Sync 1 DAGs
[2024-08-22 16:03:11,802] {logging_mixin.py:104} INFO - [2024-08-22 16:03:11,801] {dag.py:2273} INFO - Setting next_dagrun for CURRENCY_RATES_T24_ERP to 2024-08-22T15:00:00+00:00
[2024-08-22 16:03:11,817] {scheduler_job.py:190} INFO - Processing /opt/airflow/dags/currency_rates_dag.py took 0.119 seconds
[2024-08-22 16:03:21,936] {scheduler_job.py:182} INFO - Started process (PID=695) to work on /opt/airflow/dags/currency_rates_dag.py
[2024-08-22 16:03:21,938] {scheduler_job.py:629} INFO - Processing file /opt/airflow/dags/currency_rates_dag.py for tasks to queue
[2024-08-22 16:03:21,940] {logging_mixin.py:104} INFO - [2024-08-22 16:03:21,940] {dagbag.py:448} INFO - Filling up the DagBag from /opt/airflow/dags/currency_rates_dag.py
[2024-08-22 16:03:21,965] {scheduler_job.py:639} INFO - DAG(s) dict_keys(['CURRENCY_RATES_T24_ERP']) retrieved from /opt/airflow/dags/currency_rates_dag.py
[2024-08-22 16:03:21,999] {logging_mixin.py:104} INFO - [2024-08-22 16:03:21,999] {dag.py:1818} INFO - Sync 1 DAGs
[2024-08-22 16:03:22,030] {logging_mixin.py:104} INFO - [2024-08-22 16:03:22,030] {dag.py:2273} INFO - Setting next_dagrun for CURRENCY_RATES_T24_ERP to 2024-08-22T15:00:00+00:00
[2024-08-22 16:03:22,040] {scheduler_job.py:190} INFO - Processing /opt/airflow/dags/currency_rates_dag.py took 0.109 seconds
[2024-08-22 16:03:32,512] {scheduler_job.py:182} INFO - Started process (PID=785) to work on /opt/airflow/dags/currency_rates_dag.py
[2024-08-22 16:03:32,516] {scheduler_job.py:629} INFO - Processing file /opt/airflow/dags/currency_rates_dag.py for tasks to queue
[2024-08-22 16:03:32,519] {logging_mixin.py:104} INFO - [2024-08-22 16:03:32,518] {dagbag.py:448} INFO - Filling up the DagBag from /opt/airflow/dags/currency_rates_dag.py
[2024-08-22 16:03:32,573] {scheduler_job.py:639} INFO - DAG(s) dict_keys(['CURRENCY_RATES_T24_ERP']) retrieved from /opt/airflow/dags/currency_rates_dag.py
[2024-08-22 16:03:32,683] {logging_mixin.py:104} INFO - [2024-08-22 16:03:32,683] {dag.py:1818} INFO - Sync 1 DAGs
[2024-08-22 16:03:32,745] {logging_mixin.py:104} INFO - [2024-08-22 16:03:32,745] {dag.py:2273} INFO - Setting next_dagrun for CURRENCY_RATES_T24_ERP to 2024-08-22T15:00:00+00:00
[2024-08-22 16:03:32,772] {scheduler_job.py:190} INFO - Processing /opt/airflow/dags/currency_rates_dag.py took 0.268 seconds
[2024-08-22 16:03:43,843] {scheduler_job.py:182} INFO - Started process (PID=882) to work on /opt/airflow/dags/currency_rates_dag.py
[2024-08-22 16:03:43,845] {scheduler_job.py:629} INFO - Processing file /opt/airflow/dags/currency_rates_dag.py for tasks to queue
[2024-08-22 16:03:43,846] {logging_mixin.py:104} INFO - [2024-08-22 16:03:43,846] {dagbag.py:448} INFO - Filling up the DagBag from /opt/airflow/dags/currency_rates_dag.py
[2024-08-22 16:03:43,883] {scheduler_job.py:639} INFO - DAG(s) dict_keys(['CURRENCY_RATES_T24_ERP']) retrieved from /opt/airflow/dags/currency_rates_dag.py
[2024-08-22 16:03:43,930] {logging_mixin.py:104} INFO - [2024-08-22 16:03:43,930] {dag.py:1818} INFO - Sync 1 DAGs
[2024-08-22 16:03:43,967] {logging_mixin.py:104} INFO - [2024-08-22 16:03:43,967] {dag.py:2273} INFO - Setting next_dagrun for CURRENCY_RATES_T24_ERP to 2024-08-22T15:00:00+00:00
[2024-08-22 16:03:43,979] {scheduler_job.py:190} INFO - Processing /opt/airflow/dags/currency_rates_dag.py took 0.142 seconds
[2024-08-22 16:03:54,094] {scheduler_job.py:182} INFO - Started process (PID=971) to work on /opt/airflow/dags/currency_rates_dag.py
[2024-08-22 16:03:54,097] {scheduler_job.py:629} INFO - Processing file /opt/airflow/dags/currency_rates_dag.py for tasks to queue
[2024-08-22 16:03:54,100] {logging_mixin.py:104} INFO - [2024-08-22 16:03:54,100] {dagbag.py:448} INFO - Filling up the DagBag from /opt/airflow/dags/currency_rates_dag.py
[2024-08-22 16:03:54,138] {scheduler_job.py:639} INFO - DAG(s) dict_keys(['CURRENCY_RATES_T24_ERP']) retrieved from /opt/airflow/dags/currency_rates_dag.py
[2024-08-22 16:03:54,175] {logging_mixin.py:104} INFO - [2024-08-22 16:03:54,175] {dag.py:1818} INFO - Sync 1 DAGs
[2024-08-22 16:03:54,209] {logging_mixin.py:104} INFO - [2024-08-22 16:03:54,209] {dag.py:2273} INFO - Setting next_dagrun for CURRENCY_RATES_T24_ERP to 2024-08-22T15:00:00+00:00
[2024-08-22 16:03:54,220] {scheduler_job.py:190} INFO - Processing /opt/airflow/dags/currency_rates_dag.py took 0.132 seconds
[2024-08-22 16:04:04,798] {scheduler_job.py:182} INFO - Started process (PID=1060) to work on /opt/airflow/dags/currency_rates_dag.py
[2024-08-22 16:04:04,800] {scheduler_job.py:629} INFO - Processing file /opt/airflow/dags/currency_rates_dag.py for tasks to queue
[2024-08-22 16:04:04,802] {logging_mixin.py:104} INFO - [2024-08-22 16:04:04,801] {dagbag.py:448} INFO - Filling up the DagBag from /opt/airflow/dags/currency_rates_dag.py
[2024-08-22 16:04:04,829] {scheduler_job.py:639} INFO - DAG(s) dict_keys(['CURRENCY_RATES_T24_ERP']) retrieved from /opt/airflow/dags/currency_rates_dag.py
[2024-08-22 16:04:04,864] {logging_mixin.py:104} INFO - [2024-08-22 16:04:04,864] {dag.py:1818} INFO - Sync 1 DAGs
[2024-08-22 16:04:04,914] {logging_mixin.py:104} INFO - [2024-08-22 16:04:04,914] {dag.py:2273} INFO - Setting next_dagrun for CURRENCY_RATES_T24_ERP to 2024-08-22T15:00:00+00:00
[2024-08-22 16:04:04,929] {scheduler_job.py:190} INFO - Processing /opt/airflow/dags/currency_rates_dag.py took 0.136 seconds
[2024-08-22 16:04:15,856] {scheduler_job.py:182} INFO - Started process (PID=1152) to work on /opt/airflow/dags/currency_rates_dag.py
[2024-08-22 16:04:15,860] {scheduler_job.py:629} INFO - Processing file /opt/airflow/dags/currency_rates_dag.py for tasks to queue
[2024-08-22 16:04:15,862] {logging_mixin.py:104} INFO - [2024-08-22 16:04:15,862] {dagbag.py:448} INFO - Filling up the DagBag from /opt/airflow/dags/currency_rates_dag.py
[2024-08-22 16:04:15,974] {scheduler_job.py:639} INFO - DAG(s) dict_keys(['CURRENCY_RATES_T24_ERP']) retrieved from /opt/airflow/dags/currency_rates_dag.py
[2024-08-22 16:04:16,007] {logging_mixin.py:104} INFO - [2024-08-22 16:04:16,007] {dag.py:1818} INFO - Sync 1 DAGs
[2024-08-22 16:04:16,046] {logging_mixin.py:104} INFO - [2024-08-22 16:04:16,045] {dag.py:2273} INFO - Setting next_dagrun for CURRENCY_RATES_T24_ERP to 2024-08-22T15:00:00+00:00
[2024-08-22 16:04:16,057] {scheduler_job.py:190} INFO - Processing /opt/airflow/dags/currency_rates_dag.py took 0.209 seconds
[2024-08-22 16:04:26,106] {scheduler_job.py:182} INFO - Started process (PID=1242) to work on /opt/airflow/dags/currency_rates_dag.py
[2024-08-22 16:04:26,109] {scheduler_job.py:629} INFO - Processing file /opt/airflow/dags/currency_rates_dag.py for tasks to queue
[2024-08-22 16:04:26,111] {logging_mixin.py:104} INFO - [2024-08-22 16:04:26,110] {dagbag.py:448} INFO - Filling up the DagBag from /opt/airflow/dags/currency_rates_dag.py
[2024-08-22 16:04:26,143] {scheduler_job.py:639} INFO - DAG(s) dict_keys(['CURRENCY_RATES_T24_ERP']) retrieved from /opt/airflow/dags/currency_rates_dag.py
[2024-08-22 16:04:26,173] {logging_mixin.py:104} INFO - [2024-08-22 16:04:26,173] {dag.py:1818} INFO - Sync 1 DAGs
[2024-08-22 16:04:26,208] {logging_mixin.py:104} INFO - [2024-08-22 16:04:26,208] {dag.py:2273} INFO - Setting next_dagrun for CURRENCY_RATES_T24_ERP to 2024-08-22T15:00:00+00:00
[2024-08-22 16:04:26,219] {scheduler_job.py:190} INFO - Processing /opt/airflow/dags/currency_rates_dag.py took 0.117 seconds
[2024-08-22 16:04:37,082] {scheduler_job.py:182} INFO - Started process (PID=1332) to work on /opt/airflow/dags/currency_rates_dag.py
[2024-08-22 16:04:37,085] {scheduler_job.py:629} INFO - Processing file /opt/airflow/dags/currency_rates_dag.py for tasks to queue
[2024-08-22 16:04:37,086] {logging_mixin.py:104} INFO - [2024-08-22 16:04:37,086] {dagbag.py:448} INFO - Filling up the DagBag from /opt/airflow/dags/currency_rates_dag.py
[2024-08-22 16:04:37,114] {scheduler_job.py:639} INFO - DAG(s) dict_keys(['CURRENCY_RATES_T24_ERP']) retrieved from /opt/airflow/dags/currency_rates_dag.py
[2024-08-22 16:04:37,146] {logging_mixin.py:104} INFO - [2024-08-22 16:04:37,146] {dag.py:1818} INFO - Sync 1 DAGs
[2024-08-22 16:04:37,184] {logging_mixin.py:104} INFO - [2024-08-22 16:04:37,184] {dag.py:2273} INFO - Setting next_dagrun for CURRENCY_RATES_T24_ERP to 2024-08-22T15:00:00+00:00
[2024-08-22 16:04:37,196] {scheduler_job.py:190} INFO - Processing /opt/airflow/dags/currency_rates_dag.py took 0.120 seconds
[2024-08-22 16:04:48,161] {scheduler_job.py:182} INFO - Started process (PID=1422) to work on /opt/airflow/dags/currency_rates_dag.py
[2024-08-22 16:04:48,164] {scheduler_job.py:629} INFO - Processing file /opt/airflow/dags/currency_rates_dag.py for tasks to queue
[2024-08-22 16:04:48,165] {logging_mixin.py:104} INFO - [2024-08-22 16:04:48,165] {dagbag.py:448} INFO - Filling up the DagBag from /opt/airflow/dags/currency_rates_dag.py
[2024-08-22 16:04:48,203] {scheduler_job.py:639} INFO - DAG(s) dict_keys(['CURRENCY_RATES_T24_ERP']) retrieved from /opt/airflow/dags/currency_rates_dag.py
[2024-08-22 16:04:48,246] {logging_mixin.py:104} INFO - [2024-08-22 16:04:48,246] {dag.py:1818} INFO - Sync 1 DAGs
[2024-08-22 16:04:48,294] {logging_mixin.py:104} INFO - [2024-08-22 16:04:48,293] {dag.py:2273} INFO - Setting next_dagrun for CURRENCY_RATES_T24_ERP to 2024-08-22T15:00:00+00:00
[2024-08-22 16:04:48,306] {scheduler_job.py:190} INFO - Processing /opt/airflow/dags/currency_rates_dag.py took 0.149 seconds
[2024-08-22 16:04:59,184] {scheduler_job.py:182} INFO - Started process (PID=1512) to work on /opt/airflow/dags/currency_rates_dag.py
[2024-08-22 16:04:59,186] {scheduler_job.py:629} INFO - Processing file /opt/airflow/dags/currency_rates_dag.py for tasks to queue
[2024-08-22 16:04:59,187] {logging_mixin.py:104} INFO - [2024-08-22 16:04:59,187] {dagbag.py:448} INFO - Filling up the DagBag from /opt/airflow/dags/currency_rates_dag.py
[2024-08-22 16:04:59,220] {scheduler_job.py:639} INFO - DAG(s) dict_keys(['CURRENCY_RATES_T24_ERP']) retrieved from /opt/airflow/dags/currency_rates_dag.py
[2024-08-22 16:04:59,258] {logging_mixin.py:104} INFO - [2024-08-22 16:04:59,258] {dag.py:1818} INFO - Sync 1 DAGs
[2024-08-22 16:04:59,299] {logging_mixin.py:104} INFO - [2024-08-22 16:04:59,299] {dag.py:2273} INFO - Setting next_dagrun for CURRENCY_RATES_T24_ERP to 2024-08-22T15:00:00+00:00
[2024-08-22 16:04:59,313] {scheduler_job.py:190} INFO - Processing /opt/airflow/dags/currency_rates_dag.py took 0.136 seconds
[2024-08-22 16:05:09,493] {scheduler_job.py:182} INFO - Started process (PID=1602) to work on /opt/airflow/dags/currency_rates_dag.py
[2024-08-22 16:05:09,495] {scheduler_job.py:629} INFO - Processing file /opt/airflow/dags/currency_rates_dag.py for tasks to queue
[2024-08-22 16:05:09,497] {logging_mixin.py:104} INFO - [2024-08-22 16:05:09,496] {dagbag.py:448} INFO - Filling up the DagBag from /opt/airflow/dags/currency_rates_dag.py
[2024-08-22 16:05:09,526] {scheduler_job.py:639} INFO - DAG(s) dict_keys(['CURRENCY_RATES_T24_ERP']) retrieved from /opt/airflow/dags/currency_rates_dag.py
[2024-08-22 16:05:09,563] {logging_mixin.py:104} INFO - [2024-08-22 16:05:09,563] {dag.py:1818} INFO - Sync 1 DAGs
[2024-08-22 16:05:09,600] {logging_mixin.py:104} INFO - [2024-08-22 16:05:09,600] {dag.py:2273} INFO - Setting next_dagrun for CURRENCY_RATES_T24_ERP to 2024-08-22T15:00:00+00:00
[2024-08-22 16:05:09,611] {scheduler_job.py:190} INFO - Processing /opt/airflow/dags/currency_rates_dag.py took 0.123 seconds
[2024-08-22 16:05:19,698] {scheduler_job.py:182} INFO - Started process (PID=1692) to work on /opt/airflow/dags/currency_rates_dag.py
[2024-08-22 16:05:19,701] {scheduler_job.py:629} INFO - Processing file /opt/airflow/dags/currency_rates_dag.py for tasks to queue
[2024-08-22 16:05:19,702] {logging_mixin.py:104} INFO - [2024-08-22 16:05:19,702] {dagbag.py:448} INFO - Filling up the DagBag from /opt/airflow/dags/currency_rates_dag.py
[2024-08-22 16:05:19,731] {scheduler_job.py:639} INFO - DAG(s) dict_keys(['CURRENCY_RATES_T24_ERP']) retrieved from /opt/airflow/dags/currency_rates_dag.py
[2024-08-22 16:05:19,760] {logging_mixin.py:104} INFO - [2024-08-22 16:05:19,760] {dag.py:1818} INFO - Sync 1 DAGs
[2024-08-22 16:05:19,791] {logging_mixin.py:104} INFO - [2024-08-22 16:05:19,791] {dag.py:2273} INFO - Setting next_dagrun for CURRENCY_RATES_T24_ERP to 2024-08-22T15:00:00+00:00
[2024-08-22 16:05:19,802] {scheduler_job.py:190} INFO - Processing /opt/airflow/dags/currency_rates_dag.py took 0.108 seconds
