[2024-06-24 12:51:57,646] {taskinstance.py:851} INFO - Dependencies all met for <TaskInstance: dag_with_taskflow_api_v02.get_name 2021-10-31T00:00:00+00:00 [queued]>
[2024-06-24 12:51:57,741] {taskinstance.py:851} INFO - Dependencies all met for <TaskInstance: dag_with_taskflow_api_v02.get_name 2021-10-31T00:00:00+00:00 [queued]>
[2024-06-24 12:51:57,743] {taskinstance.py:1042} INFO - 
--------------------------------------------------------------------------------
[2024-06-24 12:51:57,749] {taskinstance.py:1043} INFO - Starting attempt 1 of 6
[2024-06-24 12:51:57,753] {taskinstance.py:1044} INFO - 
--------------------------------------------------------------------------------
[2024-06-24 12:51:57,908] {taskinstance.py:1063} INFO - Executing <Task(_PythonDecoratedOperator): get_name> on 2021-10-31T00:00:00+00:00
[2024-06-24 12:51:58,026] {standard_task_runner.py:52} INFO - Started process 27320 to run task
[2024-06-24 12:51:58,212] {standard_task_runner.py:76} INFO - Running: ['airflow', 'tasks', 'run', 'dag_with_taskflow_api_v02', 'get_name', '2021-10-31T00:00:00+00:00', '--job-id', '470', '--pool', 'default_pool', '--raw', '--subdir', 'DAGS_FOLDER/dag_with_taskflow_api.py', '--cfg-path', '/tmp/tmpvrnn7y77', '--error-file', '/tmp/tmpw3iy0z2r']
[2024-06-24 12:51:58,308] {standard_task_runner.py:77} INFO - Job 470: Subtask get_name
[2024-06-24 12:51:59,711] {logging_mixin.py:104} INFO - Running <TaskInstance: dag_with_taskflow_api_v02.get_name 2021-10-31T00:00:00+00:00 [running]> on host 799b1e36e3f1
[2024-06-24 12:52:00,836] {taskinstance.py:1257} INFO - Exporting the following env vars:
AIRFLOW_CTX_DAG_OWNER=coder2j
AIRFLOW_CTX_DAG_ID=dag_with_taskflow_api_v02
AIRFLOW_CTX_TASK_ID=get_name
AIRFLOW_CTX_EXECUTION_DATE=2021-10-31T00:00:00+00:00
AIRFLOW_CTX_DAG_RUN_ID=scheduled__2021-10-31T00:00:00+00:00
[2024-06-24 12:52:01,920] {taskinstance.py:1166} INFO - Marking task as SUCCESS. dag_id=dag_with_taskflow_api_v02, task_id=get_name, execution_date=20211031T000000, start_date=20240624T125157, end_date=20240624T125201
[2024-06-24 12:52:02,698] {taskinstance.py:1220} INFO - 0 downstream tasks scheduled from follow-on schedule check
[2024-06-24 12:52:02,896] {local_task_job.py:146} INFO - Task exited with return code 0
