[2024-06-24 14:55:06,525] {taskinstance.py:851} INFO - Dependencies all met for <TaskInstance: dag_with_python_dependencies_v03.get_sklearn 2023-10-08T00:00:00+00:00 [queued]>
[2024-06-24 14:55:06,646] {taskinstance.py:851} INFO - Dependencies all met for <TaskInstance: dag_with_python_dependencies_v03.get_sklearn 2023-10-08T00:00:00+00:00 [queued]>
[2024-06-24 14:55:06,659] {taskinstance.py:1042} INFO - 
--------------------------------------------------------------------------------
[2024-06-24 14:55:06,668] {taskinstance.py:1043} INFO - Starting attempt 1 of 1
[2024-06-24 14:55:06,675] {taskinstance.py:1044} INFO - 
--------------------------------------------------------------------------------
[2024-06-24 14:55:06,839] {taskinstance.py:1063} INFO - Executing <Task(PythonOperator): get_sklearn> on 2023-10-08T00:00:00+00:00
[2024-06-24 14:55:06,893] {standard_task_runner.py:52} INFO - Started process 26975 to run task
[2024-06-24 14:55:06,915] {standard_task_runner.py:76} INFO - Running: ['airflow', 'tasks', 'run', 'dag_with_python_dependencies_v03', 'get_sklearn', '2023-10-08T00:00:00+00:00', '--job-id', '9794', '--pool', 'default_pool', '--raw', '--subdir', 'DAGS_FOLDER/dag_with_python_dependencies.py', '--cfg-path', '/tmp/tmp9p4848xm', '--error-file', '/tmp/tmp8v8pycup']
[2024-06-24 14:55:06,946] {standard_task_runner.py:77} INFO - Job 9794: Subtask get_sklearn
[2024-06-24 14:55:08,204] {logging_mixin.py:104} INFO - Running <TaskInstance: dag_with_python_dependencies_v03.get_sklearn 2023-10-08T00:00:00+00:00 [running]> on host 799b1e36e3f1
[2024-06-24 14:55:10,305] {taskinstance.py:1257} INFO - Exporting the following env vars:
AIRFLOW_CTX_DAG_OWNER=coder2j
AIRFLOW_CTX_DAG_ID=dag_with_python_dependencies_v03
AIRFLOW_CTX_TASK_ID=get_sklearn
AIRFLOW_CTX_EXECUTION_DATE=2023-10-08T00:00:00+00:00
AIRFLOW_CTX_DAG_RUN_ID=scheduled__2023-10-08T00:00:00+00:00
[2024-06-24 14:55:23,940] {logging_mixin.py:104} INFO - sklearn with version: 0.24.2
[2024-06-24 14:55:23,955] {python.py:118} INFO - Done. Returned value was: None
[2024-06-24 14:55:24,338] {taskinstance.py:1166} INFO - Marking task as SUCCESS. dag_id=dag_with_python_dependencies_v03, task_id=get_sklearn, execution_date=20231008T000000, start_date=20240624T145506, end_date=20240624T145524
[2024-06-24 14:55:27,135] {taskinstance.py:1220} INFO - 0 downstream tasks scheduled from follow-on schedule check
[2024-06-24 14:55:27,328] {local_task_job.py:146} INFO - Task exited with return code 0
