[2024-06-24 12:54:55,568] {taskinstance.py:851} INFO - Dependencies all met for <TaskInstance: our_dag_with_python_operator_v07.get_name 2021-12-04T00:00:00+00:00 [queued]>
[2024-06-24 12:54:55,625] {taskinstance.py:851} INFO - Dependencies all met for <TaskInstance: our_dag_with_python_operator_v07.get_name 2021-12-04T00:00:00+00:00 [queued]>
[2024-06-24 12:54:55,631] {taskinstance.py:1042} INFO - 
--------------------------------------------------------------------------------
[2024-06-24 12:54:55,638] {taskinstance.py:1043} INFO - Starting attempt 1 of 6
[2024-06-24 12:54:55,640] {taskinstance.py:1044} INFO - 
--------------------------------------------------------------------------------
[2024-06-24 12:54:55,729] {taskinstance.py:1063} INFO - Executing <Task(PythonOperator): get_name> on 2021-12-04T00:00:00+00:00
[2024-06-24 12:54:55,749] {standard_task_runner.py:52} INFO - Started process 30067 to run task
[2024-06-24 12:54:55,773] {standard_task_runner.py:76} INFO - Running: ['airflow', 'tasks', 'run', 'our_dag_with_python_operator_v07', 'get_name', '2021-12-04T00:00:00+00:00', '--job-id', '1140', '--pool', 'default_pool', '--raw', '--subdir', 'DAGS_FOLDER/create_dag_with_python_operator.py', '--cfg-path', '/tmp/tmpw9dkqjxe', '--error-file', '/tmp/tmpyp65082r']
[2024-06-24 12:54:55,797] {standard_task_runner.py:77} INFO - Job 1140: Subtask get_name
[2024-06-24 12:54:56,232] {logging_mixin.py:104} INFO - Running <TaskInstance: our_dag_with_python_operator_v07.get_name 2021-12-04T00:00:00+00:00 [running]> on host 799b1e36e3f1
[2024-06-24 12:54:56,608] {taskinstance.py:1257} INFO - Exporting the following env vars:
AIRFLOW_CTX_DAG_OWNER=coder2j
AIRFLOW_CTX_DAG_ID=our_dag_with_python_operator_v07
AIRFLOW_CTX_TASK_ID=get_name
AIRFLOW_CTX_EXECUTION_DATE=2021-12-04T00:00:00+00:00
AIRFLOW_CTX_DAG_RUN_ID=scheduled__2021-12-04T00:00:00+00:00
[2024-06-24 12:54:56,852] {python.py:118} INFO - Done. Returned value was: None
[2024-06-24 12:54:56,936] {taskinstance.py:1166} INFO - Marking task as SUCCESS. dag_id=our_dag_with_python_operator_v07, task_id=get_name, execution_date=20211204T000000, start_date=20240624T125455, end_date=20240624T125456
[2024-06-24 12:54:57,325] {taskinstance.py:1220} INFO - 1 downstream tasks scheduled from follow-on schedule check
[2024-06-24 12:54:57,362] {local_task_job.py:146} INFO - Task exited with return code 0
